============================================
 TDnet auto run: 20260507
 Start: 2026-05-07 23:00:01
============================================

$ C:\Users\onok\AppData\Local\Python\pythoncore-3.14-64\python.exe -u ①_tdnetアクセスしてダウンロードする処理（月日付別フォルダ保存）.py --target 20260507 --save-root G:\マイドライブ\TDnet_Downloads
🎯 対象指定: 20260507（mode=day, from=20260507, to=20260507）
📁 保存ルート: G:\マイドライブ\TDnet_Downloads

============================================================
📅 日付: 20260507 を処理します
   ...Page 001 を確認中
   ✅ 保存: 485A_2000_G-パワーエックス_モンテネグロの国営電力会社EPCGと蓄電システムに関する戦略的協力についての覚書締結に関するお知らせ.pdf
   ✅ 保存: 9878_1930_セキド_特別損失の計上及び2026年3月期通期業績予想値と実績値の差異に関するお知らせ.pdf
   ✅ 保存: 9878_1930_セキド_株主優待制度の一部変更に関するお知らせ.pdf
   ✅ 保存: 9878_1930_セキド_2026年3月期決算短信〔日本基準〕(非連結).pdf
   ✅ 保存: 9878_1930_セキド_継続企業の前提に関する事項の注記に関するお知らせ.pdf
   ✅ 保存: 8012_1903_長瀬産_2026年3月期 決算説明資料.pdf
   ✅ 保存: 8012_1903_長瀬産_中期経営計画 Walk the Talk 2028 策定に関するお知らせ.pdf
   ✅ 保存: 6877_1830_OBARA-G_業績予想の修正に関するお知らせ.pdf
   ✅ 保存: 1447_1800_G-SAAFHD_株主による臨時株主総会に係る株主提案に対する当社取締役会の反対意見に関するお知らせ.pdf
   ✅ 保存: 3681_1800_ブイキューブ_2025年12月期計算書類及びその附属明細書並びに連結計算書類に対する監査意見不表明に関するお知らせ.pdf
   ✅ 保存: 9238_1800_G-バリューC_特別調査委員会の調査報告書の受領に関するお知らせ.pdf
   ✅ 保存: 3856_1750_Abalance_(開示事項の経過)米国向け太陽光パネルの輸出に関する一部貨物の取扱いについて.pdf
   ✅ 保存: 1898_1730_世紀東急_2026年3月期 決算短信〔日本基準〕(連結).pdf
   ✅ 保存: 1898_1730_世紀東急_剰余金の配当に関するお知らせ.pdf
   ✅ 保存: 9424_1730_日本通信_取締役候補者および監査役候補者に関するお知らせ.pdf
   ✅ 保存: 9424_1730_日本通信_「ビジョン2030」の策定に関するお知らせ.pdf
   ✅ 保存: 9424_1730_日本通信_個別業績および連結業績の前期実績との差異に関するお知らせ.pdf
   ✅ 保存: 9424_1730_日本通信_2026年3月期 決算短信〔日本基準〕(連結).pdf
   ✅ 保存: 9424_1730_日本通信_特別損失の計上に関するお知らせ.pdf
   ✅ 保存: 8562_1705_福島銀_債権の取立不能又は取立遅延のおそれに関するお知らせ.pdf
   ✅ 保存: 306A_1700_F-テクロ_(訂正)「臨時株主総会開催場所及び付議議案の決定に関するお知らせ」の一部訂正について.pdf
   ✅ 保存: 3402_1700_東レ_当社子会社(水道機工株式会社)の個別業績の前期実績値との差異に関するお知らせ.pdf
   ✅ 保存: 3608_1700_TSI HD_自己株式の取得状況および取得終了ならびに自己株式の消却に関するお知らせ.pdf
   ✅ 保存: 3921_1700_ネオジャパン_その他の関係会社の異動に関するお知らせ.pdf
   ✅ 保存: 3930_1700_G-はてな_特別調査委員会設置に関するお知らせ.pdf
   ✅ 保存: 4293_1700_セプテーニHD_主要株主の異動に関するお知らせ.pdf
   ✅ 保存: 6200_1700_インソース_2026 年9月期 通期連結業績予想の修正に関するお知らせ.pdf
   ✅ 保存: 6200_1700_インソース_2026年9月期第2四半期(中間期)決算短信〔日本基準〕(連結).pdf
   ✅ 保存: 6200_1700_インソース_株式会社インソース 26年9月期第2四半期(中間期) 連結業績説明資料.pdf
   ✅ 保存: 7255_1650_桜井製作_自己株式の取得状況に関するお知らせ.pdf
   ✅ 保存: 3121_1630_マーチャント_自己株式立会外買付取引(ToSTNeT-3)による自己株式の買付けに関するお知らせ.pdf
   ✅ 保存: 3984_1630_ユーザーローカル_当社の従業員に対する譲渡制限付株式としての自己株式処分に関するお知らせ.pdf
   ✅ 保存: 6403_1630_水道機工_株式併合並びに単元株式数の定めの廃止及び定款の一部変更に関する臨時株主総会招集のお知らせ.pdf
   ✅ 保存: 6403_1630_水道機工_2026 年3 月期通期連結業績予想数値と実績値との差異の発生(経常利益の増加)、営業外収益及び特別損失発生に関するお知らせ.pdf
   ✅ 保存: 6403_1630_水道機工_自己株式の消却に関するお知らせ.pdf
   ✅ 保存: 6403_1630_水道機工_2026年3月期 決算短信〔日本基準〕(連結).pdf
   ✅ 保存: 6573_1630_G-CRAVIA_株式会社ノリコンガンJapanとの独占的販売代理店契約(総販売代理店契約)の締結に関するお知らせ.pdf
   ✅ 保存: 7138_1630_G-TORICO_ターゲットバイイング戦略(Cash Secured Put)開始のお知らせ.pdf
   ✅ 保存: 9425_1630_ReYuuJapan_Super Micro Computer, Inc.との業務提携に関する覚書(MOU)締結のお知らせ.pdf
   ✅ 保存: 7917_1616_ZACROS_自己株式の取得状況に関するお知らせ.pdf
   ✅ 保存: 2185_1600_シイエム・シイ_名古屋証券取引所プレミア市場への市場区分変更承認に関するお知らせ.pdf
   ✅ 保存: 2185_1600_シイエム・シイ_2026年9月期 第2四半期(中間期)業績予想の修正に関するお知らせ.pdf
   ✅ 保存: 2326_1600_デジアーツ_2026年3月期 決算短信〔日本基準〕(連結).pdf
   ✅ 保存: 2326_1600_デジアーツ_中期経営計画における2027年3月期計画の見直しに関するお知らせ.pdf
   ✅ 保存: 2335_1600_キューブシステム_剰余金の配当の再決議(増配)に関するお知らせ.pdf
   ✅ 保存: 2335_1600_キューブシステム_2026年3月期 決算短信[日本基準](連結).pdf
   ✅ 保存: 2335_1600_キューブシステム_2026年3月期 決算補足説明資料.pdf
   ✅ 保存: 3175_1600_APHD_2026年3月期通期連結業績予想の修正(上方修正)に関するお知らせ.pdf
   ✅ 保存: 3326_1600_ランシステム_2026年3月期 決算短信〔日本基準〕(連結).pdf
   ✅ 保存: 3566_1600_G-ユニネク_2026年12月期4月度 月次業績速報.pdf
   ✅ 保存: 3808_1600_オーケーウェブ_投資家向けオンライン説明会開催のお知らせ.pdf
   ✅ 保存: 3914_1600_G-JIG-SAW_2026年12月期 第1四半期決算短信〔日本基準〕(連結).pdf
   ✅ 保存: 4746_1600_東計電算_株式の立会外分売に関するお知らせ.pdf
   ✅ 保存: 5076_1600_インフロニアHD_当社子会社(前田建設工業株式会社)に関する一部報道について.pdf
   ✅ 保存: 6034_1600_G-MRT_自己株式の取得状況に関するお知らせ.pdf
   ✅ 保存: 6081_1600_G-アライドアーキ_第三者割当による行使価額修正条項付第22回新株予約権及び行使価額修正条項付第23回新株予約権の払込完了に関するお知らせ.pdf
   ✅ 保存: 6342_1600_太平製作所_配当予想の修正(増配)に関するお知らせ.pdf
   ✅ 保存: 7372_1600_G-デコルテHD_財務上の特約が付された金銭消費貸借契約の締結に関するお知らせ.pdf
   ✅ 保存: 7678_1600_あさくま_2027年1月期4月度売上高前年対比等のお知らせ.pdf
   ✅ 保存: 7999_1600_MUTOH-HD_代表取締役の異動(内定)に関するお知らせ.pdf
   ✅ 保存: 7999_1600_MUTOH-HD_商号の変更及び定款の一部変更に関するお知らせ.pdf
   ✅ 保存: 7999_1600_MUTOH-HD_2026年3月期 決算短信〔日本基準〕(連結).pdf
   ✅ 保存: 8739_1600_スパークス_2026年3月期 決算短信〔日本基準〕(連結).pdf
   ✅ 保存: 8739_1600_スパークス_特別利益(投資有価証券売却益)の計上に関するお知らせ.pdf
   ✅ 保存: 8739_1600_スパークス_2026年3月期本決算説明資料.pdf
   ✅ 保存: 8964_1600_R-フロンティア_資金の借入及び返済に関するお知らせ.pdf
   ✅ 保存: 9376_1600_ユーラシア_業績予想の修正に関するお知らせ.pdf
   ✅ 保存: 9742_1600_アイネス_2026年3月期 決算短信〔日本基準〕(連結).pdf
   ✅ 保存: 9768_1600_いであ_2026年12月期 第1四半期決算短信〔日本基準〕(連結).pdf
   ✅ 保存: 9791_1600_ビケンテクノ_業績予想の修正に関するお知らせ.pdf
   ✅ 保存: 6549_1550_ディーエムソリュ_2026年3月期通期連結業績予想の修正に関するお知らせ.pdf
   ✅ 保存: 6402_1540_兼松エンジニア_配当予想の修正に関するお知らせ.pdf
   ✅ 保存: 7435_1540_ナ・デックス_自己株式の取得状況に関するお知らせ.pdf
   ✅ 保存: 7575_1540_日本ライフライン_2026年3月期決算短信〔日本基準〕(連結).pdf
   ✅ 保存: 7609_1540_ダイトロン_2026年12月期 第1四半期決算短信〔日本基準〕(連結).pdf
   ✅ 保存: 7609_1540_ダイトロン_2026年12月期 第2四半期累計期間及び通期連結業績予想の修正に関するお知らせ.pdf
   ✅ 保存: 6644_1535_大崎電_自己株式の取得状況に関するお知らせ.pdf
   ✅ 保存: 7112_1535_G-キューブ_[2026年12月期]2026年4月度 直営店月次売上速報.pdf
   ✅ 保存: 1436_1531_G-グリーンエナジー_業績予想の修正(上方修正)に関するお知らせ.pdf
   ✅ 保存: 1444_1530_G-ニッソウ_(開示事項の経過)株式会社第一技研の株式の取得(子会社化)完了に関するお知らせ.pdf
   ✅ 保存: 1711_1530_SDSHD_第三者割当による第10回新株予約権(行使価額修正選択権付)の発行に係る払込完了に関するお知らせ.pdf
   ✅ 保存: 1911_1530_住友林_2026年12月期第1四半期決算短信〔日本基準〕(連結).pdf
   ✅ 保存: 1911_1530_住友林_財務上の特約が付された金銭消費貸借契約の締結に関するお知らせ.pdf
   ✅ 保存: 215A_1530_G-タイミー_自己株式の取得状況に関するお知らせ.pdf
   ✅ 保存: 2226_1530_湖池屋_役員の異動に関するお知らせ.pdf
   ✅ 保存: 2579_1530_コカ・コーラBJH_自己株式の取得状況に関するお知らせ.pdf
   ✅ 保存: 2669_1530_カネ美食品_2026年4月度の売上高のお知らせ.pdf
   ✅ 保存: 2670_1530_ABCマート_2027年2月期 4月度概況について [国内].pdf
   ✅ 保存: 2685_1530_アンドエスティHD_月次売上高前年比に関するお知らせ.pdf
   ✅ 保存: 2778_1530_パレモ・HD_自己株式の取得状況に関するお知らせ.pdf
   ✅ 保存: 2782_1530_セリア_2026年4月度の月次売上高前年比及び店舗数.pdf
   ✅ 保存: 2788_1530_アップル_社外取締役の逝去及び退任に関するお知らせ.pdf
   ✅ 保存: 2789_1530_カルラ_(第55期) 2026年4月の売上推移速報に関するお知らせ.pdf
   ✅ 保存: 278A_1530_G-テラドローン_第10期定時株主総会の「継続会」の開催日時等に関するお知らせ.pdf
   ✅ 保存: 2802_1530_味の素_2026年3月期 決算短信〔IFRS〕(連結).pdf
   ✅ 保存: 2802_1530_味の素_自己株式の取得状況に関するお知らせ.pdf
   ✅ 保存: 2924_1530_イフジ産業_2026年3月期決算短信〔日本基準〕(連結).pdf
   ✅ 保存: 2972_1530_R-サンケイRE_極度ローン基本契約(アンコミットメントベース)の締結に関するお知らせ.pdf
   ...Page 002 を確認中
   ✅ 保存: 3064_1530_MRO_2026年12月期 第1四半期決算説明資料.pdf
   ✅ 保存: 3064_1530_MRO_2026年12月期第1四半期決算短信〔日本基準〕(連結).pdf
   ✅ 保存: 3178_1530_チムニー_通期業績予想の修正に関するお知らせ.pdf
   ✅ 保存: 340A_1530_G-ジグザグ_(開示事項の経過)海外子会社設立及び連結業績予想の公表について.pdf
   ✅ 保存: 3415_1530_トウキョウベース_【2027年1月期】2026年4月度月次売上速報.pdf
   ✅ 保存: 3496_1530_アズーム_(訂正)「2026年9月期第2四半期 決算説明資料」の一部訂正について.pdf
   ✅ 保存: 3549_1530_クスリのアオキHD_2026年4月度 月次営業速報に関するお知らせ.pdf
   ✅ 保存: 3549_1530_クスリのアオキHD_自己株式の取得状況に関するお知らせ.pdf
   ✅ 保存: 3549_1530_クスリのアオキHD_株主優待制度の拡充(長期保有特典の新設)に関するお知らせ.pdf
   ✅ 保存: 3668_1530_コロプラ_2026年9月期 第2四半期決算説明会資料.pdf
   ✅ 保存: 3668_1530_コロプラ_2026年9月期 第2四半期(中間期)決算短信〔日本基準〕(連結).pdf
   ✅ 保存: 3836_1530_アバントグループ_自己株式の取得状況及び取得終了並びに自己株式の消却に関するお知らせ.pdf
   ✅ 保存: 3984_1530_ユーザーローカル_2026年6月期 第3四半期決算短信〔日本基準〕(非連結).pdf
   ✅ 保存: 3984_1530_ユーザーローカル_自己株式の消却に関するお知らせ.pdf
   ✅ 保存: 3984_1530_ユーザーローカル_期末配当予想の修正(増配)及び株主優待制度の導入に関するお知らせ.pdf
   ✅ 保存: 4045_1530_東亜合_自己株式の取得状況に関するお知らせ.pdf
   ✅ 保存: 4055_1530_G-ティアンドエスG_自己株式の取得状況に関するお知らせ.pdf
   ✅ 保存: 4151_1530_協和キリン_2026年12月期 第1四半期決算短信〔IFRS〕(連結).pdf
   ✅ 保存: 4151_1530_協和キリン_決算短信 補足資料 -2026年12月期 第1四半期-.pdf
   ✅ 保存: 4475_1530_G-HENNGE_2026年9月期第2四半期 決算説明資料.pdf
   ✅ 保存: 4475_1530_G-HENNGE_2026年9月期 第2四半期(中間期)決算短信〔日本基準〕(連結).pdf
   ✅ 保存: 4475_1530_G-HENNGE_剰余金の配当(中間配当)に関するお知らせ.pdf
   ✅ 保存: 4496_1530_G-コマースワン_自己株式の取得状況に関するお知らせ.pdf
   ✅ 保存: 4578_1530_大塚HD_特定子会社の異動に関するお知らせ.pdf
   ✅ 保存: 4582_1530_G-シンバイオ製薬_2026年12月期 第1四半期決算短信〔日本基準〕(連結).pdf
   ✅ 保存: 4746_1530_東計電算_令和8年12月期 第1四半期決算短信〔日本基準〕(連結).pdf
   ✅ 保存: 4826_1530_CIJ_自己株式の取得状況に関するお知らせ.pdf
   ✅ 保存: 4901_1530_富士フイルム_自己株式の取得状況および取得終了ならびに自己株式の消却に関するお知らせ.pdf
   ✅ 保存: 5108_1530_ブリヂス_自己株式の取得状況に関するお知らせ.pdf
   ✅ 保存: 5187_1530_クリエート_2026年12月期 第1四半期 決算説明資料.pdf
   ✅ 保存: 5187_1530_クリエート_2026年12月期 第1四半期決算短信[日本基準](連結).pdf
   ✅ 保存: 5214_1530_日電硝_自己株式の取得状況に関するお知らせ.pdf
   ✅ 保存: 5707_1530_東邦鉛_第三者割当により発行された行使価額修正条項付第1回新株予約権の月間行使状況に関するお知らせ.pdf
   ✅ 保存: 5821_1530_平河ヒューテ_特別損失(減損損失)の計上および通期連結業績予想の修正に関するお知らせ.pdf
   ✅ 保存: 5955_1530_ワイズHD_2026年3月期決算短信〔日本基準〕(連結).pdf
   ✅ 保存: 6090_1530_HMT_自己株式の取得状況に関するお知らせ.pdf
   ✅ 保存: 6298_1530_ワイエイシイHD_自己株式の取得状況に関するお知らせ.pdf
   ✅ 保存: 6316_1530_丸山製_自己株式の取得状況に関するお知らせ.pdf
   ✅ 保存: 6380_1530_オリチエン工業_第1回新株予約権の月間権利行使状況に関するお知らせ.pdf
   ✅ 保存: 6465_1530_ホシザキ_自己株式の取得状況に関するお知らせ.pdf
   ✅ 保存: 6465_1530_ホシザキ_取締役の逝去および退任に関するお知らせ.pdf
   ✅ 保存: 6549_1530_ディーエムソリュ_配当予想の修正(増配)に関するお知らせ.pdf
   ✅ 保存: 6571_1530_キュービーネットHD_国内店舗売上高前年比(2026年4月)についてのお知らせ.pdf
   ✅ 保存: 6809_1530_TOA_2026年3月期 決算短信〔日本基準〕(連結).pdf
   ✅ 保存: 6809_1530_TOA_期末配当予想の修正(増配)に関するお知らせ.pdf
   ✅ 保存: 6809_1530_TOA_中期経営基本計画の策定に関するお知らせ.pdf
   ✅ 保存: 6841_1530_横河電_2026年3月期 決算短信〔日本基準〕(連結).pdf
   ✅ 保存: 6841_1530_横河電_2026年3月期 決算説明会資料.pdf
   ✅ 保存: 6841_1530_横河電_自己株式取得に係る事項の決定に関するお知らせ.pdf
   ✅ 保存: 6853_1530_共和電_2026年12月期第1四半期決算短信〔日本基準〕(連結).pdf
   ✅ 保存: 6857_1530_アドバンテス_自己株式の取得状況に関するお知らせ.pdf
   ✅ 保存: 6857_1530_アドバンテス_パフォーマンス・シェア・ユニット制度に基づく自己株式の処分の払込完了に関するお知らせ.pdf
   ✅ 保存: 6925_1530_ウシオ電_自己株式の取得状況および取得終了に関するお知らせ.pdf
   ✅ 保存: 7047_1530_G-ポート_投資家Q&A(2026年4月).pdf
   ✅ 保存: 7134_1530_アップガレージG_2027年3月期 4月度月次売上状況(速報)等について.pdf
   ✅ 保存: 7161_1530_じもとHD_2026年3月期連結業績予想の修正に関するお知らせ.pdf
   ✅ 保存: 7320_1530_G-Solvvy_自己株式の取得状況に関するお知らせ (会社法第165条第2項の規定による定款の定めに基づく自己株式の取得).pdf
   ✅ 保存: 7370_1530_G-Enjin_自己株式の取得状況に関するお知らせ.pdf
   ✅ 保存: 7480_1530_スズデン_2026年3月期決算短信〔日本基準〕(連結).pdf
   ✅ 保存: 7480_1530_スズデン_配当予想の修正に関するお知らせ.pdf
   ✅ 保存: 7480_1530_スズデン_2027年3月期4月度売上高推移速報についてのお知らせ(個別).pdf
   ✅ 保存: 7554_1530_幸楽苑_2027年3月期4月度売上推移速報に関するお知らせ.pdf
   ✅ 保存: 7606_1530_Uアローズ_2026年4月度月次売上概況(速報).pdf
   ✅ 保存: 7625_1530_Gダイニング_月次売上速報(2026年4月度).pdf
   ✅ 保存: 7640_1530_トップカルチャ_2026年10月期4月度月次売上動向.pdf
   ✅ 保存: 7679_1530_薬王堂HD_2026年4月度 月次速報に関するお知らせ.pdf
   ✅ 保存: 7744_1530_ノーリツ鋼機_自己株式の取得状況に関するお知らせ.pdf
   ✅ 保存: 7898_1530_ウッドワン_取締役および執行役員の異動ならびに取締役委嘱業務変更に関するお知らせ.pdf
   ✅ 保存: 7898_1530_ウッドワン_特別損失(事業再編損)の計上および業績予想の修正に関するお知らせ.pdf
   ✅ 保存: 7957_1530_フジコピアン_(開示事項の経過) 特別利益(投資有価証券売却益)の計上見込みに関するお知らせ.pdf
   ✅ 保存: 7972_1530_イトーキ_2026年12月期 第1四半期決算短信〔日本基準〕(連結).pdf
   ✅ 保存: 7972_1530_イトーキ_2026年12月期第1四半期 決算補足説明資料.pdf
   ✅ 保存: 8005_1530_スクロール_2026年3月期 決算短信〔日本基準〕(連結).pdf
   ✅ 保存: 8005_1530_スクロール_株主還元に関する基本方針の変更及び2027年3月期配当予想並びに株主優待制度廃止に関するお知らせ.pdf
   ✅ 保存: 8005_1530_スクロール_2026年3月期 決算説明会資料.pdf
   ✅ 保存: 8012_1530_長瀬産_2026年3月期 決算短信〔日本基準〕(連結).pdf
   ✅ 保存: 8018_1530_三共生興_自己株式の取得状況に関するお知らせ(会社法165条第2項の規定による定款の定めに基づく自己株式の取得).pdf
   ✅ 保存: 8105_1530_BitcoinJPN_第三者割当により発行された行使価額修正条項付第1回新株予約権の月間行使状況に関するお知らせ.pdf
   ✅ 保存: 8729_1530_ソニーFG_自己株式の取得状況に関するお知らせ.pdf
   ✅ 保存: 8742_1530_小林洋行_2026年3月期 業績速報値に関するお知らせ.pdf
   ✅ 保存: 8908_1530_毎日コムネット_自己株式の取得状況及び取得終了に関するお知らせ.pdf
   ✅ 保存: 9166_1530_G-GENDA_(訂正)「自己株式の取得枠設定に関するお知らせ(会社法第165条第2項の規定による定款の定めに基づく自己株式の取得)」の一部訂正について.pdf
   ✅ 保存: 9278_1530_ブックオフGHD_2026年4月 月次の売上状況について.pdf
   ✅ 保存: 9301_1530_三菱倉_自己株式の取得状況に関するお知らせ.pdf
   ✅ 保存: 9325_1530_ファイズHD_2026年3月期決算短信[日本基準](連結).pdf
   ✅ 保存: 9367_1530_大東港運_業績予想の修正に関するお知らせ.pdf
   ✅ 保存: 9686_1530_東洋テック_連結子会社からの配当金受領に関するお知らせ.pdf
   ✅ 保存: 9842_1530_アークランズ_売上高前年同月比推移に関するお知らせ.pdf
   ✅ 保存: 9876_1530_コックス_2027年2月期 4月度 月次売上高前年比速報のお知らせ.pdf
   ✅ 保存: 9955_1530_ヨンキュウ_2026年3月期 決算短信〔日本基準〕(連結).pdf
   ✅ 保存: 9955_1530_ヨンキュウ_取締役の異動に関するお知らせ.pdf
   ✅ 保存: 9980_1530_MRK HLD_自己株式の取得状況に関するお知らせ.pdf
   ✅ 保存: 9990_1530_サックスバーHD_(株)東京デリカの月次売上情報等のお知らせ.pdf
   ✅ 保存: 3905_1505_G-データセクション_固定資産(NVIDIA製B300を搭載したGPUサーバー)の取得に関するお知らせ.pdf
   ✅ 保存: 1515_1500_日鉄鉱_自己株式の取得状況に関するお知らせ.pdf
   ✅ 保存: 1803_1500_清水建_代表取締役の異動(辞任)に関するお知らせ.pdf
   ✅ 保存: 1926_1500_ライト工_自己株式の取得状況に関するお知らせ.pdf
   ✅ 保存: 1967_1500_ヤマト_剰余金の配当に関するお知らせ.pdf
   ✅ 保存: 1967_1500_ヤマト_2026年3月期決算短信〔日本基準〕(連結).pdf
   ...Page 003 を確認中
   ✅ 保存: 1967_1500_ヤマト_2026年3月期 決算補足説明資料.pdf
   ✅ 保存: 2003_1500_日東富士_剰余金の配当に関するお知らせ.pdf
   ✅ 保存: 2003_1500_日東富士_2026年3月期決算短信〔日本基準〕(連結).pdf
   ✅ 保存: 203A_1500_P-シュンビン_非連結決算への移行及び2026年3月期個別業績予想、特別損失計上に関するお知らせ.pdf
   ✅ 保存: 3106_1500_クラボウ_自己株式の取得状況に関するお知らせ.pdf
   ✅ 保存: 6395_1500_タダノ_2026年12月期 第1四半期決算短信〔日本基準〕(連結).pdf
   ✅ 保存: 6395_1500_タダノ_2026年第1四半期(1-3月)決算説明資料.pdf
   ✅ 保存: 7276_1500_小糸製_自己株式の取得状況に関するお知らせ.pdf
   ✅ 保存: 7711_1500_助川電気_2026年9月期第2四半期(中間期)決算短信〔日本基準〕(非連結).pdf
   ✅ 保存: 7711_1500_助川電気_通期業績予想の修正及び剰余金の配当(中間配当)並びに期末配当予想の修正に関するお知らせ.pdf
   ✅ 保存: 8747_1500_豊トラスティ証券_2026年3月期連結及び個別業績見通しに関するお知らせ.pdf
   ✅ 保存: 9353_1500_桜島埠頭_業績予想及び配当予想の修正に関するお知らせ.pdf
   ✅ 保存: 9353_1500_桜島埠頭_親会社等の決算に関するお知らせ.pdf
   ✅ 保存: 2489_1430_ADWAYS_2026年12月期 第1四半期決算短信〔日本基準〕(連結).pdf
   ✅ 保存: 2489_1430_ADWAYS_2026年12月期 第1四半期決算説明会資料.pdf
   ✅ 保存: 5261_1430_リソル_2026年3月期 決算短信〔日本基準〕(連結).pdf
   ✅ 保存: 5261_1430_リソル_役員の異動に関するお知らせ.pdf
   ✅ 保存: 7120_1430_SHINKO_2026年3月期 決算短信〔日本基準〕(非連結).pdf
   ✅ 保存: 7120_1430_SHINKO_2026年3月期決算説明資料.pdf
   ✅ 保存: 7120_1430_SHINKO_剰余金の配当(増配)に関するお知らせ.pdf
   ✅ 保存: 8200_1430_リンガーハット_2026年4月度 月次情報.pdf
   ✅ 保存: 9997_1420_ベルーナ_業績予想の修正(上方修正)及び配当予想の修正(増配)に関するお知らせ.pdf
   ✅ 保存: 8002_1415_丸紅_主要株主及び主要株主である筆頭株主の異動に関するお知らせ.pdf
   ✅ 保存: 2053_1400_中部飼料_2026年3月期 決算短信〔日本基準〕(連結).pdf
   ✅ 保存: 2053_1400_中部飼料_2026年3月期 決算説明資料.pdf
   ✅ 保存: 2053_1400_中部飼料_剰余金の配当に関するお知らせ.pdf
   ✅ 保存: 3058_1400_三洋堂HD_2027年3月期4月度の月次売上高前年比及び店舗数について.pdf
   ✅ 保存: 3861_1400_王子HD_自己株式の取得状況に関するお知らせ.pdf
   ✅ 保存: 9701_1400_東京会館_2026年3月期決算短信〔日本基準〕(非連結).pdf
   ✅ 保存: 9701_1400_東京会館_中期経営計画(2026~2028 年度)策定に関するお知らせ.pdf
   ✅ 保存: 9709_1400_NCS&A_自己株式の取得状況に関するお知らせ.pdf
   ✅ 保存: 8053_1345_住友商_主要株主である筆頭株主の異動に関するお知らせ.pdf
   ✅ 保存: 4326_1330_インテージHD_2026年6月期第3四半期決算短信〔日本基準〕(連結).pdf
   ✅ 保存: 4326_1330_インテージHD_2026年6月期第3四半期決算の補足資料.pdf
   ✅ 保存: 5445_1330_東京鉄_2026年3月期決算短信〔日本基準〕(連結).pdf
   ✅ 保存: 5445_1330_東京鉄_株主還元方針に関するお知らせ.pdf
   ✅ 保存: 5445_1330_東京鉄_自己株式取得に係る事項の決定に関するお知らせ (会社法第165条第2項の規定による定款の定めに基づく自己株式の取得).pdf
   ✅ 保存: 5445_1330_東京鉄_役員人事に関するお知らせ.pdf
   ✅ 保存: 5695_1330_パウダテック_監査役の逝去及び補欠監査役の監査役就任に関するお知らせ.pdf
   ✅ 保存: 6194_1330_アトラエ_大株主の当社株式譲渡に関するお知らせ.pdf
   ✅ 保存: 9033_1330_広電鉄_連結業績予想の修正に関するお知らせ.pdf
   ✅ 保存: 1723_1300_日本電技_資本政策の基本方針の変更に関するお知らせ.pdf
   ✅ 保存: 1723_1300_日本電技_剰余金の配当(増配)に関するお知らせ.pdf
   ✅ 保存: 1723_1300_日本電技_2026年3月期 決算短信〔日本基準〕(連結).pdf
   ✅ 保存: 3333_1300_あさひ_2026年4月度 月次営業速報に関するお知らせ.pdf
   ✅ 保存: 5019_1300_出光興産_自己株式の取得状況に関するお知らせ.pdf
   ✅ 保存: 9081_1300_神奈中交_(訂正)「神奈中グループ中期経営計画(2024年度~2026年度)の進捗について」の一部訂正について.pdf
   ✅ 保存: 1326_1240_E-ワールド_SPDRゴールド・シェアに関する日々の開示事項.pdf
   ✅ 保存: 3133_1230_G-海帆_(訂正)「第三者割当により発行された第9回新株予約権(行使価額修正条項付)の 月間行使状況に関するお知らせ」の一部訂正について.pdf
   ✅ 保存: 4966_1230_上村工業_自己株式の取得状況に関するお知らせ.pdf
   ✅ 保存: 5482_1230_愛知鋼_2026年3月期 決算説明会資料.pdf
   ✅ 保存: 6592_1230_マブチモーター_自己株式の取得状況に関するお知らせ.pdf
   ✅ 保存: 4012_1200_アクシス_2026年12月期第1四半期決算短信〔日本基準〕(非連結).pdf
   ✅ 保存: 4012_1200_アクシス_2026年12月期第1四半期決算補足説明資料.pdf
   ✅ 保存: 428A_1200_サイプレスHD_2026年8月期4月度売上速報についてのお知らせ.pdf
   ✅ 保存: 6230_1200_SANEI_2026年3月期 決算短信〔日本基準〕(連結).pdf
   ✅ 保存: 8742_1200_小林洋行_2026年4月の月間売買実績(速報値)に関するお知らせ.pdf
   ✅ 保存: 9101_1200_郵船_自己株式の取得状況及び取得の終了並びに自己株式の消却に関するお知らせ.pdf
   ✅ 保存: 4058_1130_G-トヨクモ_自己株式の取得状況に関するお知らせ.pdf
   ✅ 保存: 4680_1130_ラウンドワン_連結子会社による米国証券取引所への株式上場に向けた登録届出書ドラフトのコンフィデンシャル・サブミッションに関するお知らせ.pdf
   ✅ 保存: 6302_1130_住友重_自己株式取得の取得状況に関するお知らせ(会社法第165条第2項の規定による定款の定めに基づく自己株式の取得).pdf
   ✅ 保存: 8255_1130_アクシアル_2026年3月期 決算短信〔日本基準〕(連結).pdf
   ✅ 保存: 8255_1130_アクシアル_2026年3月期 決算説明資料.pdf
   ✅ 保存: 8255_1130_アクシアル_配当政策の変更(累進配当の導入)に関するお知らせ.pdf
   ✅ 保存: 8255_1130_アクシアル_長期保有株主優待制度の新設に関するお知らせ.pdf
   ✅ 保存: 8255_1130_アクシアル_役員の異動に関するお知らせ.pdf
   ✅ 保存: 8255_1130_アクシアル_4月度月次業績推移(前年比).pdf
   ✅ 保存: 8891_1130_AMGHD_業績予想の修正に関するお知らせ.pdf
   ✅ 保存: 7636_1100_ハンズマン_2026年4月度 売上高の状況(2025年7月1日~2026年4月30日).pdf
   ✅ 保存: 9039_1100_サカイ引越_2026年4月度月次売上高(速報)に関するお知らせ.pdf
   ✅ 保存: 2185_1030_シイエム・シイ_自己株式の取得状況に関するお知らせ.pdf
   ✅ 保存: 8219_1030_青山商_2026年4月 月次売上高前年比(速報)に関するお知らせ.pdf
   ✅ 保存: 9417_1030_スマートバリュー_自己株式取得状況および取得終了に関するお知らせ.pdf
   ✅ 保存: 2540_1015_養命酒_(訂正)「株式併合並びに単元株式数の定めの廃止及び定款の一部変更に関する臨時株主総会開催のお知らせ」の一部訂正について.pdf
   ✅ 保存: 2344_1000_平安レイ_当社株式の上場廃止のお知らせ.pdf
   ✅ 保存: 2488_1000_JTP_自己株式の取得状況に関するお知らせ.pdf
   ✅ 保存: 3317_1000_フライングG_2027年3月期4月度 月次業績のお知らせ.pdf
   ✅ 保存: 6858_1000_小野測器_自己株式の取得状況に関するお知らせ.pdf
   ✅ 保存: 8167_1000_リテールパートナーズ_自己株式の取得状況に関するお知らせ.pdf
   ✅ 保存: 9936_1000_王将フード_2026年4月 月次売上高(速報版).pdf
   ✅ 保存: 3719_0900_AIストーム_第三者割当により発行された行使価額修正条項付第10回新株予約権の月間行使状況に関するお知らせ.pdf
   ✅ 保存: 8362_0900_福井銀_合併完了のお知らせ.pdf
   ✅ 保存: 2160_0850_G-GNI_(開示事項の経過)Gyre Therapeutics, Inc.によるCullgen Inc.の完全子会社化完了に関するお知らせ.pdf
   ✅ 保存: 2160_0850_G-GNI_代表執行役の異動(追加選定)および子会社役員の人事異動に関するお知らせ.pdf
   ✅ 保存: 3083_0850_スターシーズ_定款一部変更に関するお知らせ.pdf
   ✅ 保存: 3083_0850_スターシーズ_代表取締役の異動(追加)に関するお知らせ.pdf
   ✅ 保存: 7173_0850_東京きらぼしFG_一部報道について.pdf
   ✅ 保存: 3397_0830_トリドールHD_(開示事項の経過)英国子会社における事業再構築(再建手続きの申し立て) の進捗に関するお知らせ.pdf
   ✅ 保存: 3397_0830_トリドールHD_(開示事項の経過)英国子会社のアドミニストレーション(Administration)における資産譲渡契約締結に関するお知らせ.pdf
   ✅ 保存: 4262_0830_G-ニフティライフ_2026年3月期 通期決算短信〔日本基準〕(連結).pdf
   ✅ 保存: 4262_0830_G-ニフティライフ_2026年3月期 通期決算説明資料.pdf
   ✅ 保存: 4262_0830_G-ニフティライフ_剰余金配当に関するお知らせ.pdf
   ✅ 保存: 4579_0830_G-ラクオリア創薬_国際学会DDW 2026における胃酸分泌抑制剤tegoprazanの第III相臨床試験データ発表に関するお知らせ.pdf
   ...Page 004 を確認中
   ✅ 保存: 4881_0830_G-ファンペップ_アレルギーワクチンの第1相臨床試験における最終観察日終了のお知らせ.pdf
   ✅ 保存: 7419_0830_ノジマ_2026年3月期決算短信〔日本基準〕(連結).pdf
   ✅ 保存: 7419_0830_ノジマ_剰余金の配当(増配)に関するお知らせ.pdf
   ✅ 保存: 561A_0800_P-マークスライフ_東京証券取引所TOKYO PRO Marketへの上場のお知らせ.pdf
   ✅ 保存: 561A_0800_P-マークスライフ_流動性プロバイダー指定のお知らせ.pdf
   ✅ 保存: 561A_0800_P-マークスライフ_東京証券取引所TOKYO PRO Market上場に伴う当社決算情報等のお知らせ.pdf
   ✅ 保存: 561A_0800_P-マークスライフ_監査法人の交代に関するお知らせ.pdf
   ...Page 005 を確認中
   📝 一覧CSV保存: TDnet_Sorted_20260507.csv
   📝 一覧CSV保存（ルート）: TDnet_Sorted_20260507.csv
   📊 日別統計: page_access=5, pdf_success=297, excluded=10

============================================================
✅ ①完了（範囲取得）
   期間: 20260507 ～ 20260507 （mode=day）
   一覧ページアクセス合計: 5
   PDFダウンロード成功合計: 297
   除外件数合計: 10
   保存ルート: G:\マイドライブ\TDnet_Downloads

$ C:\Users\onok\AppData\Local\Python\pythoncore-3.14-64\python.exe -u ②a②bは２つフリーワード検索.py analyze --target 20260507 --save-root G:\マイドライブ\TDnet_Downloads --keywords 価格交渉 増産 価格改定 価格転嫁 値上 想定以上 上方修正 下方修正 想定以下 未達 大幅 計画を上 計画を下 計画以 需要回復 需要の回復 需要が増 需要が低 悪化 グローバルニッチトップ トップシェア シェア拡大 レアアース
ルート: G:\マイドライブ\TDnet_Downloads
対象指定: 20260507 mode= day from= 20260507 to= 20260507
対象フォルダ数: 1
検索キーワード: ['価格交渉', '増産', '価格改定', '価格転嫁', '値上', '想定以上', '上方修正', '下方修正', '想定以下', '未達', '大幅', '計画を上', '計画を下', '計画以', '需要回復', '需要の回復', '需要が増', '需要が低', '悪化', 'グローバルニッチトップ', 'トップシェア', 'シェア拡大', 'レアアース']
総PDF数（推定）: 297
[1/1] 日付フォルダ 20260507 を処理中... (このフォルダ内PDF数: 297)
  進捗: 50/297 件のPDFを解析済み
  進捗: 100/297 件のPDFを解析済み
  進捗: 150/297 件のPDFを解析済み
  進捗: 200/297 件のPDFを解析済み
  進捗: 250/297 件のPDFを解析済み
  進捗: 297/297 件のPDFを解析済み
  → 日付フォルダ 20260507 のヒットPDF数: 63

✅ ②A 完了（解析専用・キーワード別ページ列）
解析PDF数: 297
ヒットPDF数: 63
出力CSV: Analysis_Hits_free_word_20260507.csv
保存先: G:\マイドライブ\TDnet_Downloads

$ C:\Users\onok\AppData\Local\Python\pythoncore-3.14-64\python.exe -u ②a②bは２つフリーワード検索.py distribute --target 20260507 --save-root G:\マイドライブ\TDnet_Downloads --no-stop-on-empty-meta

✅ ②B 完了（配布用CSV作成・キーワード別ページ列）
出力: PDF_Search_Result_Distribution_free_word_20260507_sh.csv
キーワード列: ['価格交渉', '増産', '価格改定', '価格転嫁', '値上', '想定以上', '上方修正', '下方修正', '想定以下', '未達', '大幅', '計画を上', '計画を下', '計画以', '需要回復', '需要の回復', '需要が増', '需要が低', '悪化', 'グローバルニッチトップ', 'トップシェア', 'シェア拡大', 'レアアース']
突合除外件数: 0
空欄アラート件数: 0

============================================
 Done: 2026-05-07 23:05:56
============================================
