============================================
 TDnet auto run: 20260622
 Start: 2026-06-22 23:00:01
============================================

$ C:\Users\onok\AppData\Local\Python\pythoncore-3.14-64\python.exe -u ①_tdnetアクセスしてダウンロードする処理（月日付別フォルダ保存）.py --target 20260622 --save-root G:\マイドライブ\TDnet_Downloads
🎯 対象指定: 20260622（mode=day, from=20260622, to=20260622）
📁 保存ルート: G:\マイドライブ\TDnet_Downloads

============================================================
📅 日付: 20260622 を処理します
   ...Page 001 を確認中
   ✅ 保存: 1485_1900_MXS J積極投資_「MAXIS JAPAN 設備・人材積極投資企業200上場投信」の基準価額と市場価格の重要な乖離に関するお知らせ.pdf
   ✅ 保存: 2031_1830_ハンセンブル_2026年3月期 保証者の連結普通株式等Tier1比率・連結Tier1比率・連結総自己資本規制比率について.pdf
   ✅ 保存: 2032_1830_ハンセンベア_2026年3月期 保証者の連結普通株式等Tier1比率・連結Tier1比率・連結総自己資本規制比率について.pdf
   ✅ 保存: 2033_1830_KOSPIブル_2026年3月期 保証者の連結普通株式等Tier1比率・連結Tier1比率・連結総自己資本規制比率について.pdf
   ✅ 保存: 2034_1830_KOSPIベア_2026年3月期 保証者の連結普通株式等Tier1比率・連結Tier1比率・連結総自己資本規制比率について.pdf
   ✅ 保存: 2036_1830_金先物ダブルブル_2026年3月期 保証者の連結普通株式等Tier1比率・連結Tier1比率・連結総自己資本規制比率について.pdf
   ✅ 保存: 2037_1830_金先物ベア_2026年3月期 保証者の連結普通株式等Tier1比率・連結Tier1比率・連結総自己資本規制比率について.pdf
   ✅ 保存: 2038_1830_ドバイ原油先物ブル_2026年3月期 保証者の連結普通株式等Tier1比率・連結Tier1比率・連結総自己資本規制比率について.pdf
   ✅ 保存: 2039_1830_ドバイ原油先物ベア_2026年3月期 保証者の連結普通株式等Tier1比率・連結Tier1比率・連結総自己資本規制比率について.pdf
   ✅ 保存: 2040_1830_NYダウブルETN_2026年3月期 保証者の連結普通株式等Tier1比率・連結Tier1比率・連結総自己資本規制比率について.pdf
   ✅ 保存: 2041_1830_NYダウベアETN_2026年3月期 保証者の連結普通株式等Tier1比率・連結Tier1比率・連結総自己資本規制比率について.pdf
   ✅ 保存: 2042_1830_グロース250ETN_2026年3月期 保証者の連結普通株式等Tier1比率・連結Tier1比率・連結総自己資本規制比率について.pdf
   ✅ 保存: 2043_1830_アセアン50ETN_2026年3月期 保証者の連結普通株式等Tier1比率・連結Tier1比率・連結総自己資本規制比率について.pdf
   ✅ 保存: 2044_1830_米国配当貴族ETN_2026年3月期 保証者の連結普通株式等Tier1比率・連結Tier1比率・連結総自己資本規制比率について.pdf
   ✅ 保存: 2045_1830_シンガポールリート_2026年3月期 保証者の連結普通株式等Tier1比率・連結Tier1比率・連結総自己資本規制比率について.pdf
   ✅ 保存: 2046_1830_インドブルETN_2026年3月期 保証者の連結普通株式等Tier1比率・連結Tier1比率・連結総自己資本規制比率について.pdf
   ✅ 保存: 2047_1830_インドベアETN_2026年3月期 保証者の連結普通株式等Tier1比率・連結Tier1比率・連結総自己資本規制比率について.pdf
   ✅ 保存: 2048_1830_高配株$ヘッジETN_2026年3月期 保証者の連結普通株式等Tier1比率・連結Tier1比率・連結総自己資本規制比率について.pdf
   ✅ 保存: 2050_1830_ニッチトップ中小型_2026年3月期 保証者の連結普通株式等Tier1比率・連結Tier1比率・連結総自己資本規制比率について.pdf
   ✅ 保存: 2065_1830_日本株配当貴族ETN_2026年3月期 保証者の連結普通株式等Tier1比率・連結Tier1比率・連結総自己資本規制比率について.pdf
   ✅ 保存: 2066_1830_東証リートETN_2026年3月期 保証者の連結普通株式等Tier1比率・連結Tier1比率・連結総自己資本規制比率について.pdf
   ✅ 保存: 2067_1830_野村AI70ETN_2026年3月期 保証者の連結普通株式等Tier1比率・連結Tier1比率・連結総自己資本規制比率について.pdf
   ✅ 保存: 2068_1830_高ベータ30ETN_2026年3月期 保証者の連結普通株式等Tier1比率・連結Tier1比率・連結総自己資本規制比率について.pdf
   ✅ 保存: 2069_1830_低ベータ50ETN_2026年3月期 保証者の連結普通株式等Tier1比率・連結Tier1比率・連結総自己資本規制比率について.pdf
   ✅ 保存: 409A_1830_オリオンビール_譲渡制限付株式報酬としての自己株式の処分に関するお知らせ.pdf
   ✅ 保存: 5103_1830_昭和HD_代表取締役の異動に関するお知らせ.pdf
   ✅ 保存: 6513_1810_オリジン_「内部統制システムの基本方針」の一部改定に関するお知らせ.pdf
   ✅ 保存: 6134_1800_FUJI_社外取締役辞任のお知らせ及び 第80期定時株主総会付議事案の一部撤回に関するお知らせ.pdf
   ✅ 保存: 6625_1745_JALCO HD_第15回定時株主総会における議決権行使結果に関するお知らせ.pdf
   ✅ 保存: 6625_1745_JALCO HD_支配株主等に関する事項について.pdf
   ✅ 保存: 6772_1730_コスモス電_定款一部変更に関するお知らせ.pdf
   ✅ 保存: 8750_1730_第一ライフグループ_株式報酬制度に関する新株式発行について.pdf
   ✅ 保存: 2388_1700_G-ウェッジHD_代表取締役社長の異動に関するお知らせ.pdf
   ✅ 保存: 2795_1700_プリメックス_支配株主等に関する事項について.pdf
   ✅ 保存: 2795_1700_プリメックス_公益財団法人財務会計基準機構への加入状況及び加入に関する考え方等に関するお知らせ.pdf
   ✅ 保存: 2916_1700_仙波糖化_支配株主等に関する事項について.pdf
   ✅ 保存: 2971_1700_R-エスコンジャパン_資産運用会社における取締役の異動に関するお知らせ.pdf
   ✅ 保存: 4199_1700_G-ワンプラ_代表取締役の異動および新経営体制への移行に関するお知らせ.pdf
   ✅ 保存: 4583_1700_G-カイオム_ヒト化DLK-1抗体・FGFR4阻害剤併用に関する日本における特許査定についてのお知らせ.pdf
   ✅ 保存: 4720_1700_城南進研_連結子会社からの配当金受領に関するお知らせ.pdf
   ✅ 保存: 6039_1700_G-日本動物高度医療_事業計画及び成長可能性に関する事項.pdf
   ✅ 保存: 7699_1700_G-OPS_事業計画及び成長可能性に関する説明資料.pdf
   ✅ 保存: 9876_1700_コックス_第19回新株予約権(株式報酬型ストックオプション)の発行価額確定について.pdf
   ✅ 保存: 3559_1630_ピーバンドットコム_中期経営計画(2027年3月期~2029年3月期)に関するお知らせ.pdf
   ✅ 保存: 3840_1630_PATH_(開示事項の経過)株式会社RUTILEAとの業務委託契約締結(実務開始)に関するお知らせ.pdf
   ✅ 保存: 4069_1630_G-BlueMeme_有価証券報告書の提出期限延長申請の検討に関するお知らせ.pdf
   ✅ 保存: 6369_1630_トーヨーカネツ_自己株式取得に係る事項の決定に関するお知らせ.pdf
   ✅ 保存: 6544_1630_JESHD_取締役人事及び統括執行役員、執行役員に関するお知らせ.pdf
   ✅ 保存: 6544_1630_JESHD_自己株式取得に係る事項の決定に関するお知らせ.pdf
   ✅ 保存: 6544_1630_JESHD_譲渡制限付株式報酬としての自己株式の処分に関するお知らせ.pdf
   ✅ 保存: 7259_1630_アイシン_譲渡制限付株式報酬としての自己株式の処分の払込完了に関するお知らせ.pdf
   ✅ 保存: 8894_1630_REVOLUTION_販売用不動産の取得のための資金の借入の取り止めに関するお知らせ.pdf
   ✅ 保存: 4875_1615_メディシノバ_定款の一部変更に関するお知らせ.pdf
   ✅ 保存: 6062_1610_チャームケア_人事異動に関するお知らせ.pdf
   ✅ 保存: 3775_1600_ガイアックス_自己株式の取得に係る事項の決定に関するお知らせ.pdf
   ✅ 保存: 3775_1600_ガイアックス_子会社の異動を伴う株式取得(連結子会社化)に関するお知らせ.pdf
   ✅ 保存: 3775_1600_ガイアックス_株主優待制度の廃止に関するお知らせ.pdf
   ✅ 保存: 4188_1600_三菱ケミカルグループ_(訂正)「2026 年3月期決算短信[IFRS](連結)」及び「2026 年3月期 決算説明」の一部訂正 について.pdf
   ✅ 保存: 4381_1600_G-ビープラッツ_上場維持基準(純資産基準)への適合に向けた計画(改善期間入り)について.pdf
   ✅ 保存: 4381_1600_G-ビープラッツ_新経営体制に関するお知らせ.pdf
   ✅ 保存: 4381_1600_G-ビープラッツ_譲渡制限付株式報酬としての新株式の発行に関するお知らせ.pdf
   ✅ 保存: 4381_1600_G-ビープラッツ_支配株主等に関する事項について.pdf
   ✅ 保存: 4615_1600_神東塗料_支配株主等に関する事項について.pdf
   ✅ 保存: 6035_1600_IRJapan HD_支配株主等に関する事項について.pdf
   ✅ 保存: 6533_1600_オーケストラHD_2026 年 12 月期 期末配当予想の修正および株主優待制度の今後の実施に関するお知らせ.pdf
   ✅ 保存: 6750_1600_エレコム_連結子会社間の吸収合併及び連結子会社の商号変更に関するお知らせ.pdf
   ✅ 保存: 7131_1600_のむら産業_東和グラビヤ印刷株式会社の株式の取得(子会社化)に関するお知らせ.pdf
   ✅ 保存: 7777_1600_G-3Dマトリックス_当社株式等の大規模買付等に関する対応方針について.pdf
   ✅ 保存: 7777_1600_G-3Dマトリックス_ストック・オプション(新株予約権)の発行に関するお知らせ.pdf
   ✅ 保存: 7822_1600_永大産業_固定資産の譲渡及び特別利益(固定資産売却益)の計上に関するお知らせ.pdf
   ✅ 保存: 7832_1600_バンダイナムコ_株式報酬としての自己株式の処分に関するお知らせ.pdf
   ✅ 保存: 8601_1600_大和証G_第89回定時株主総会の議決権行使結果に関するお知らせ.pdf
   ✅ 保存: 9413_1600_テレ東HD_第16回定時株主総会における議決権行使結果について.pdf
   ✅ 保存: 9413_1600_テレ東HD_当社の「その他の関係会社」に関する事項について.pdf
   ✅ 保存: 9723_1600_京都ホテル_支配株主等に関する事項について.pdf
   ✅ 保存: 9723_1600_京都ホテル_親会社等の決算に関するお知らせ.pdf
   ✅ 保存: 7220_1550_武蔵精密_支配株主等に関する事項について.pdf
   ✅ 保存: 7902_1545_ソノコム_支配株主等に関する事項について.pdf
   ✅ 保存: 1787_1540_ナカボーテック_投資単位の引下げに関する考え方及び方針等について.pdf
   ✅ 保存: 3769_1531_GMOPG_2026年満期ユーロ円建転換社債型新株予約権付社債の償還に関するお知らせ.pdf
   ✅ 保存: 2121_1530_MIXI_特定子会社の異動に関するお知らせ.pdf
   ✅ 保存: 2452_1530_P-CMIND_支配株主等に関する事項について.pdf
   ✅ 保存: 2488_1530_JTP_第39回定時株主総会終了のお知らせ.pdf
   ✅ 保存: 2488_1530_JTP_役員人事に関するお知らせ.pdf
   ✅ 保存: 2488_1530_JTP_譲渡制限付株式報酬としての自己株式の処分に関するお知らせ.pdf
   ✅ 保存: 2613_1530_Jオイル_(開示事項の経過)海外子会社の異動を伴う株式の譲渡(売却)に関するお知らせ.pdf
   ✅ 保存: 2686_1530_ジーフット_当社株式の上場廃止のお知らせ.pdf
   ✅ 保存: 2760_1530_東エレデバ_支配株主等に関する事項について.pdf
   ✅ 保存: 2994_1530_P-アンサーHD_株式会社ダイナリィの株式取得(子会社化)に関するお知らせ.pdf
   ✅ 保存: 3076_1530_あいHD_代表取締役の異動に関するお知らせ.pdf
   ✅ 保存: 3113_1530_UNIVA・Oak_株式会社ユニヴァ・ペイキャストの株式取得(子会社化)に関するお知らせ.pdf
   ✅ 保存: 3148_1530_クリエイトSDH_当社及び連結子会社の代表取締役の異動に関するお知らせ.pdf
   ✅ 保存: 3280_1530_エストラスト_譲渡制限付株式報酬としての自己株式の処分に関するお知らせ.pdf
   ✅ 保存: 3346_1530_ヒロタグループHD_支配株主等に関する事項について.pdf
   ✅ 保存: 3346_1530_ヒロタグループHD_非上場の親会社等の決算に関するお知らせ.pdf
   ✅ 保存: 3632_1530_グリーHD_子会社における会社分割(吸収分割)及び子会社(孫会社)の異動(株式譲渡及び持分譲渡)に関するお知らせ.pdf
   ✅ 保存: 3652_1530_G-DMP_事業計画及び成長可能性に関する事項.pdf
   ✅ 保存: 3793_1530_G-ドリコム_支配株主等に関する事項について.pdf
   ✅ 保存: 3793_1530_G-ドリコム_事業計画及び成長可能性に関する説明資料.pdf
   ✅ 保存: 3796_1530_いい生活_2026年5月度 月次概況(速報)に関するお知らせ.pdf
   ...Page 002 を確認中
   ✅ 保存: 3796_1530_いい生活_資本コストや株価を意識した経営の実現に向けた対応について(アップデート).pdf
   ✅ 保存: 3917_1530_G-アイリッジ_(数値データ訂正)「2026年3月期 決算短信〔日本基準〕(連結)」の一部訂正について.pdf
   ✅ 保存: 3917_1530_G-アイリッジ_(訂正)「2026年3月期 通期決算説明資料(事業計画及び成長可能性に関する事項)」の一部訂正に関するお知らせ.pdf
   ✅ 保存: 4259_1530_G-エクサウィザーズ_株式会社エクサフォワード九州(子会社)の設立に関するお知らせ.pdf
   ✅ 保存: 4307_1530_NRI_支配株主等に関する事項について.pdf
   ✅ 保存: 4308_1530_G-Jストリーム_事業計画及び成長可能性に関する事項.pdf
   ✅ 保存: 4568_1530_第一三共_譲渡制限付株式報酬としての自己株式の処分に関するお知らせ.pdf
   ✅ 保存: 4598_1530_G-DELTA-P_事業計画及び成長可能性に関する事項の開示.pdf
   ✅ 保存: 4888_1530_G-ステラファーマ_株式及び新株予約権発行プログラム設定契約に基づく第2回第三者割当による新株式及び新株予約権の払込完了のお知らせ.pdf
   ✅ 保存: 4937_1530_G-Waqoo_2026年9月期 第2四半期決算にかかる機関投資家等との対話について.pdf
   ✅ 保存: 5033_1530_G-ヌーラボ_中期経営計画(事業計画及び成長可能性に関する事項).pdf
   ✅ 保存: 5138_1530_G-Rebase_事業計画及び成長可能性に関する事項.pdf
   ✅ 保存: 555A_1530_P-北王GROUP_(訂正・数値データ訂正)「2026年10月期中間決算短信〔日本基準〕(連結)」の一部訂正について.pdf
   ✅ 保存: 5631_1530_日製鋼所_譲渡制限付株式報酬としての新株式の発行に関するお知らせ.pdf
   ✅ 保存: 5981_1530_東製綱_(訂正・数値データ訂正)2026年3月期 決算短信〔日本基準〕(連結)の一部訂正について.pdf
   ✅ 保存: 6045_1530_G-レントラックス_2027年3月期5月度の月次売上高等のお知らせ.pdf
   ✅ 保存: 6245_1530_ヒラノテクシード_(訂正・数値データ訂正) 「2026 年3 月期 決算短信〔日本基準〕(連結)」の一部訂正について.pdf
   ✅ 保存: 6455_1530_モリタHD_中期経営計画「Morita Growth 2030」の策定に関するお知らせ.pdf
   ✅ 保存: 6597_1530_G-HPCシステムズ_(開示事項の経過)特別当座貸越契約の締結に関するお知らせ.pdf
   ✅ 保存: 6656_1530_INSPEC_取締役候補者の選任に関するお知らせ.pdf
   ✅ 保存: 6656_1530_INSPEC_第18回ストック・オプション(新株予約権)の付与に関するお知らせ.pdf
   ✅ 保存: 6727_1530_ワコム_自己株式の取得状況および取得終了に関するお知らせ.pdf
   ✅ 保存: 6923_1530_スタンレー電_当社の常務執行役員、執行役員、従業員及び当社国内子会社の取締役に対する譲渡制限付株式としての自己株式の処分に関するお知らせ.pdf
   ✅ 保存: 6999_1530_KOA_執行役員の選任に関するお知らせ.pdf
   ✅ 保存: 6999_1530_KOA_譲渡制限付株式報酬としての自己株式の処分に関するお知らせ.pdf
   ✅ 保存: 7049_1530_G-識学_連結子会社の異動(株式譲渡)に関するお知らせ.pdf
   ✅ 保存: 7138_1530_G-TORICO_(訂正)「2026 年3月期 決算短信〔日本基準〕(連結)」の一部訂正について.pdf
   ✅ 保存: 7318_1530_G-セレンディップ_株式投資契約締結および子会社の異動に関するお知らせ.pdf
   ✅ 保存: 7318_1530_G-セレンディップ_株式投資契約締結および子会社の異動に関する補足資料.pdf
   ✅ 保存: 7409_1530_G-AeroEdge_資金の借入に関するお知らせ.pdf
   ✅ 保存: 7500_1530_西川計測_取締役候補者に関するお知らせ.pdf
   ✅ 保存: 7545_1530_西松屋チェ_2027年2月期売上高前年比速報(6月度).pdf
   ✅ 保存: 7683_1530_ダブルエー_2027年1月期 第1四半期決算に関する質疑応答集.pdf
   ✅ 保存: 7795_1530_KYORITSU_「事業計画」に関するお知らせ.pdf
   ✅ 保存: 7795_1530_KYORITSU_2026年3月期決算補足資料.pdf
   ✅ 保存: 7795_1530_KYORITSU_資本コストや株価を意識した経営の実現に向けた対応の改定に関するお知らせ.pdf
   ✅ 保存: 7921_1530_TAKARA&CO_組織改正および人事異動に関するお知らせ.pdf
   ✅ 保存: 7966_1530_リンテック_支配株主等に関する事項について.pdf
   ✅ 保存: 8267_1530_イオン_第24回新株予約権(株式報酬型ストックオプション)の発行内容確定について.pdf
   ✅ 保存: 8725_1530_MS&AD_三井住友海上による国内無担保普通社債の発行について.pdf
   ✅ 保存: 8967_1530_R-ニホンロジ_資産運用会社における人事異動に関するお知らせ.pdf
   ✅ 保存: 8985_1530_R-JHR_資金の借入れ(グリーンローンによる借換え)に関するお知らせ.pdf
   ✅ 保存: 8986_1530_R-大和証券リビング_国内不動産の取得(グランカーサ葛西)に関するお知らせ.pdf
   ✅ 保存: 9257_1530_G-YCP_剰余金の配当(中間配当)の基準日に関するお知らせ.pdf
   ✅ 保存: 9478_1530_SE H&I_自己株式の取得結果及び取得終了に関するお知らせ.pdf
   ✅ 保存: 9478_1530_SE H&I_事後交付型株式報酬制度に基づく自己株式の処分に関するお知らせ.pdf
   ✅ 保存: 9519_1530_レノバ_2026年5月売電量のお知らせ.pdf
   ✅ 保存: 9726_1530_KNTCT_支配株主等に関する事項について.pdf
   ✅ 保存: 9767_1530_日建工学_主要株主および主要株主である筆頭株主の異動に関するお知らせ.pdf
   ✅ 保存: 9896_1530_JKHD_第三者割当による自己株式処分の払込完了に関するお知らせ.pdf
   ✅ 保存: 1966_1500_高田工業所_支配株主等に関する事項について.pdf
   ✅ 保存: 1966_1500_高田工業所_非上場の親会社等の決算に関するお知らせ.pdf
   ✅ 保存: 255A_1500_ジーエルテクノHD_2026年3月期 決算に関する主な質疑応答について.pdf
   ✅ 保存: 3132_1500_マクニカHD_報告セグメントの変更に関するお知らせ.pdf
   ✅ 保存: 3766_1500_システムズD_中期経営計画(2027年3月期~2029年3月期)策定のお知らせ.pdf
   ✅ 保存: 4091_1500_日本酸素HD_支配株主等に関する事項について.pdf
   ✅ 保存: 4437_1500_G-GDH_支配株主等に関する事項ついて.pdf
   ✅ 保存: 7004_1500_カナデビア_(訂正・数値データ訂正)「2026年3月期 決算短信〔日本基準〕(連結)」の一部訂正について.pdf
   ✅ 保存: 7183_1500_あんしん保証_支配株主等に関する事項について.pdf
   ✅ 保存: 8370_1500_紀陽銀行_連結子会社間の合併に関するお知らせ.pdf
   ✅ 保存: 9658_1500_ビジ太田昭和_(訂正・数値データ訂正)「2026年3月期 決算短信〔IFRS〕(連結)」の一部訂正について.pdf
   ✅ 保存: 2780_1400_コメ兵HD_ブランド・ファッション事業の2027年3月期5月度月次に関するお知らせ.pdf
   ✅ 保存: 4220_1400_リケンテクノス_執行役員の人事異動に関するお知らせ.pdf
   ✅ 保存: 6302_1400_住友重_希望退職者優遇制度等の実施結果に関するお知らせ.pdf
   ✅ 保存: 6396_1400_宇野沢鉄_親会社等の決算内容に関するお知らせ.pdf
   ✅ 保存: 6396_1400_宇野沢鉄_支配株主等に関する事項.pdf
   ✅ 保存: 7259_1400_アイシン_支配株主等に関する事項について.pdf
   ✅ 保存: 9428_1400_クロップス_支配株主等に関する事項について.pdf
   ✅ 保存: 3777_1330_G-環境フレンドリー_第23回新株予約権の一部行使及び資本金等の増加に関するお知らせ.pdf
   ✅ 保存: 9273_1330_コーア商事HD_連結子会社からの配当金受領に関するお知らせ.pdf
   ✅ 保存: 1972_1300_三晃金_資本コストや株価を意識した経営の実現に向けた対応.pdf
   ✅ 保存: 2802_1300_味の素_マレーシア味の素社に対する完全子会社化に向けた提案に関するお知らせ.pdf
   ✅ 保存: 3333_1300_あさひ_2027年2月期 第1四半期 決算短信〔日本基準〕(非連結).pdf
   ✅ 保存: 3333_1300_あさひ_2027年2月期 第1四半期 決算説明資料.pdf
   ✅ 保存: 3437_1300_特殊電極_支配株主等に関する事項について.pdf
   ✅ 保存: 4337_1300_ぴあ_役員人事に関するお知らせ.pdf
   ✅ 保存: 5938_1300_LIXIL_譲渡制限付株式報酬としての新株式発行に関するお知らせ.pdf
   ✅ 保存: 6579_1300_G-ログリー_事業計画及び成長可能性に関する事項.pdf
   ✅ 保存: 7057_1300_エヌ・シー・エヌ_取締役及び執行役員の選任に関するお知らせ.pdf
   ✅ 保存: 9115_1300_明海グループ_支配株主等に関する事項について.pdf
   ✅ 保存: 9904_1300_ベリテ_支配株主等に関する事項について.pdf
   ✅ 保存: 7943_1230_ニチハ_(訂正・数値データ訂正)「2026年3月期 決算短信〔日本基準〕(連結)」の一部訂正について.pdf
   ✅ 保存: 3915_1200_テラスカイ_ブリッジインターナショナルグループ株式会社の株式取得完了のお知らせ.pdf
   ✅ 保存: 4169_1200_G-エネチェンジ_事業計画及び成長可能性に関する事項.pdf
   ✅ 保存: 4169_1200_G-エネチェンジ_自己株式取得に係る事項の決定に関するお知らせ.pdf
   ✅ 保存: 4712_1200_KeyH_(経過開示)株主優待“ライブチケット抽選”企画に関するご案内(ご提供コンテンツの情報更新).pdf
   ✅ 保存: 7039_1200_G-ブリッジグループ_第三者割当による自己株式の処分の払込完了に関するお知らせ.pdf
   ✅ 保存: 9244_1200_G-デジタリフト_株主優待制度の変更(拡充)に関するお知らせ.pdf
   ✅ 保存: 1326_1150_E-ワールド_SPDRゴールド・シェアに関する日々の開示事項.pdf
   ✅ 保存: 1967_1130_ヤマト_当社取締役会の実効性に関する評価結果の概要について.pdf
   ✅ 保存: 2489_1130_ADWAYS_系統用蓄電池事業への参入に関するお知らせ.pdf
   ✅ 保存: 352A_1130_G-LOIVE_定款の一部変更に関するお知らせ.pdf
   ✅ 保存: 3591_1130_ワコールHD_中期経営計画 2029 策定に関するお知らせ.pdf
   ✅ 保存: 6561_1130_G-HANATOUR_月次業績速報 2026年5月.pdf
   ✅ 保存: 6561_1130_G-HANATOUR_よくある質問と回答(2026年12月期1Q決算).pdf
   ✅ 保存: 7480_1130_スズデン_(訂正・数値データ訂正)「2026年3月期決算短信〔日本基準〕(連結)」添付資料の一部訂正について.pdf
   ...Page 003 を確認中
   ✅ 保存: 2089_1100_NZAM DAXH_2026年11月期 中間決算短信(2025年11月16日~2026年5月15日).pdf
   ✅ 保存: 2090_1100_NZAM 米710H_2026年5月期 決算短信(2025年11月16日~2026年5月15日).pdf
   ✅ 保存: 2091_1100_NZAM 独710H_2026年5月期 決算短信(2025年11月16日~2026年5月15日).pdf
   ✅ 保存: 2092_1100_NZAM 仏710H_2026年5月期 決算短信(2025年11月16日~2026年5月15日).pdf
   ✅ 保存: 4371_1100_G-CCT_主要株主である筆頭株主の異動に関するお知らせ.pdf
   ✅ 保存: 4414_1100_G-フレクト_支配株主等に関する事項について.pdf
   ✅ 保存: 4882_1100_G-ペルセウス_(訂正・数値データ訂正)「2026年3月期決算短信〔日本基準〕(非連結)」の一部訂正について.pdf
   ✅ 保存: 7600_1100_MDM_支配株主等に関する事項について.pdf
   ✅ 保存: 8912_1100_エリアクエスト_連結子会社からの配当金受領に関するお知らせ.pdf
   ✅ 保存: 587A_1050_E-インベスコQQQ_インベスコQQQトラスト シリーズ1 に関する日々の開示事項.pdf
   ✅ 保存: 4665_1030_ダスキン_第64回定時株主総会における議決権行使の結果に関するお知らせ.pdf
   ✅ 保存: 587A_1030_インベスコQQQ_インベスコQQQトラスト シリーズ1 分配金確定のお知らせ.pdf
   ✅ 保存: 6877_0930_OBARA-G_主要株主の異動に関するお知らせ.pdf
   ✅ 保存: 6652_0900_IDEC_(訂正)譲渡制限付株式報酬としての自己株式の処分に関するお知らせの一部訂正について.pdf
   ✅ 保存: 4088_0859_エア・ウォーター_責任調査委員会の設置に関するお知らせ.pdf
   ✅ 保存: 4088_0859_エア・ウォーター_特別調査委員会による追加調査報告書受領および今後の対応に関するお知らせ.pdf
   ✅ 保存: 4626_0845_太陽HD_取締役の担当業務に関するお知らせ.pdf
   ✅ 保存: 4626_0845_太陽HD_取締役会議長の選定に関するお知らせ.pdf
   ✅ 保存: 4626_0845_太陽HD_人事異動に関するお知らせ.pdf
   ✅ 保存: 4626_0845_太陽HD_支配株主等に関する事項について.pdf
   ✅ 保存: 7157_0845_ライフネット生命_支配株主等に関する事項及びその他の関係会社の異動のお知らせ.pdf
   ✅ 保存: 9729_0830_トーカイ_QLCプロデュース株式会社の株式の取得(子会社化)に関するお知らせ.pdf
   ...Page 004 を確認中
   📝 一覧CSV保存: TDnet_Sorted_20260622.csv
   📝 一覧CSV保存（ルート）: TDnet_Sorted_20260622.csv
   📊 日別統計: page_access=4, pdf_success=218, excluded=25

============================================================
✅ ①完了（範囲取得）
   期間: 20260622 ～ 20260622 （mode=day）
   一覧ページアクセス合計: 4
   PDFダウンロード成功合計: 218
   除外件数合計: 25
   保存ルート: G:\マイドライブ\TDnet_Downloads

$ C:\Users\onok\AppData\Local\Python\pythoncore-3.14-64\python.exe -u ②a②bは２つフリーワード検索.py analyze --target 20260622 --save-root G:\マイドライブ\TDnet_Downloads --keywords 価格交渉 増産 価格改定 価格転嫁 値上 想定以上 上方修正 下方修正 想定以下 未達 大幅 計画を上 計画を下 計画以 需要回復 需要の回復 需要が増 需要が低 悪化 グローバルニッチトップ トップシェア シェア拡大 レアアース
ルート: G:\マイドライブ\TDnet_Downloads
対象指定: 20260622 mode= day from= 20260622 to= 20260622
対象フォルダ数: 1
検索キーワード: ['価格交渉', '増産', '価格改定', '価格転嫁', '値上', '想定以上', '上方修正', '下方修正', '想定以下', '未達', '大幅', '計画を上', '計画を下', '計画以', '需要回復', '需要の回復', '需要が増', '需要が低', '悪化', 'グローバルニッチトップ', 'トップシェア', 'シェア拡大', 'レアアース']
総PDF数（推定）: 218
[1/1] 日付フォルダ 20260622 を処理中... (このフォルダ内PDF数: 218)
  進捗: 50/218 件のPDFを解析済み
  進捗: 100/218 件のPDFを解析済み
  進捗: 150/218 件のPDFを解析済み
  進捗: 200/218 件のPDFを解析済み
  進捗: 218/218 件のPDFを解析済み
  → 日付フォルダ 20260622 のヒットPDF数: 28

✅ ②A 完了（解析専用・キーワード別ページ列）
解析PDF数: 218
ヒットPDF数: 28
出力CSV: Analysis_Hits_free_word_20260622.csv
保存先: G:\マイドライブ\TDnet_Downloads

$ C:\Users\onok\AppData\Local\Python\pythoncore-3.14-64\python.exe -u ②a②bは２つフリーワード検索.py distribute --target 20260622 --save-root G:\マイドライブ\TDnet_Downloads --no-stop-on-empty-meta

✅ ②B 完了（配布用CSV作成・キーワード別ページ列）
出力: PDF_Search_Result_Distribution_free_word_20260622_sh.csv
キーワード列: ['価格交渉', '増産', '価格改定', '価格転嫁', '値上', '想定以上', '上方修正', '下方修正', '想定以下', '未達', '大幅', '計画を上', '計画を下', '計画以', '需要回復', '需要の回復', '需要が増', '需要が低', '悪化', 'グローバルニッチトップ', 'トップシェア', 'シェア拡大', 'レアアース']
突合除外件数: 0
空欄アラート件数: 0

============================================
 Done: 2026-06-22 23:04:47
============================================
