🎯 対象指定: 20260416（mode=day, from=20260416, to=20260416）
📁 保存ルート: G:\マイドライブ\TDnet_Downloads

============================================================
📅 日付: 20260416 を処理します
   ...Page 001 を確認中
   ✅ 保存: 4722_1930_フューチャー_当社取締役(監査等委員であるものを除く)及び従業員、並びに、当社子会社の取締役に対する譲渡制限付株式としての自己株式処分に関するお知らせ.pdf
   ✅ 保存: 2523_1920_MXSトピ除く金融_「MAXISトピックス(除く金融)上場投信」の 基準価額と市場価格の重要な乖離に関するお知らせ.pdf
   ✅ 保存: 8366_1910_滋賀銀_一部報道について.pdf
   ✅ 保存: 8714_1910_池田泉州_一部報道について.pdf
   ✅ 保存: 3627_1800_テクミラ_2026年2月期 決算説明会資料.pdf
   ✅ 保存: 3726_1800_フォーシーズHD_(開示事項の経過)太陽光発電事業の土地並びに権利の売買契約締結に関するお知らせ.pdf
   ✅ 保存: 4477_1800_G-BASE_Port株式会社の株式の取得(子会社化)に関するお知らせ.pdf
   ✅ 保存: 3093_1730_トレファク_2026年2月期 通期決算 質疑応答集 (2026_4_16更新).pdf
   ✅ 保存: 8570_1730_イオンFS_剰余金の配当に関するお知らせ.pdf
   ✅ 保存: 8570_1730_イオンFS_第19回株式報酬型ストックオプションとしての新株予約権の発行(割当)について.pdf
   ✅ 保存: 7229_1720_ユタカ技研_自己株式消却に関するお知らせ.pdf
   ✅ 保存: 7229_1720_ユタカ技研_株式併合、単元株式数の定めの廃止及び定款の一部変更に関するお知らせ.pdf
   ✅ 保存: 3760_1715_ケイブ_(訂正・数値データ訂正)「2026年5月期 第3四半期決算短信〔日本基準〕(連結)」の一部訂正について.pdf
   ✅ 保存: 4124_1710_大阪油化工業_その他の関係会社の異動に関するお知らせ.pdf
   ✅ 保存: 1780_1700_ヤマウラ_子会社設立に関するお知らせ.pdf
   ✅ 保存: 3997_1700_トレードワークス_自己株式の取得及び自己株式立会外買付取引(ToSTNeT-3)による 自己株式の買付けに関するお知らせ.pdf
   ✅ 保存: 429A_1700_テクセンド_当社株式の貸借銘柄選定に関するお知らせ.pdf
   ✅ 保存: 4564_1700_G-OTS_第三者割当による第38回新株予約権(行使価額修正条項付)の大量行使に関するお知らせ.pdf
   ✅ 保存: 5026_1700_G-トリプルアイズ_トリプルアイズ 2026年8月期第2四半期決算説明会 書き起こし公開のお知らせ.pdf
   ✅ 保存: 6226_1700_守谷輸送機工業_(訂正)取締役人事に関するお知らせ.pdf
   ✅ 保存: 7578_1700_ニチリョク_新株予約権の取得・消却、第三者割当による新株式、新株予約権付社債及び新株予約権の発行、業務資本提携に関する契約の締結並びに親会社の異動に関するお知.pdf
   ✅ 保存: 7578_1700_ニチリョク_「第三者割当による新株式の発行及び第3回新株予約権(行使価額修正条項付)の発行」に関する資金使途の変更に関するお知らせ.pdf
   ✅ 保存: 8136_1700_サンリオ_役員人事に関するお知らせ.pdf
   ✅ 保存: 8136_1700_サンリオ_当社常務取締役の不適切な報酬受給の疑いについて.pdf
   ✅ 保存: 9222_1700_P-manaby_公認会計士等の異動に関するお知らせ.pdf
   ✅ 保存: 542A_1645_G-ビタブリッドJ_第三者割当増資の結果に関するお知らせ.pdf
   ✅ 保存: 2291_1630_福留ハム_役員人事及び執行役員人事について.pdf
   ✅ 保存: 7363_1630_G-ベビーカレンダー_再発防止策及び内部統制改善計画に関するお知らせ.pdf
   ✅ 保存: 2146_1600_UTグループ_自己株式の取得状況及び取得終了に関するお知らせ.pdf
   ✅ 保存: 3086_1600_Jフロント_(訂正)「2026年3月度 J.フロントリテイリング 連結売上収益報告(IFRS)」の一部訂正について.pdf
   ✅ 保存: 323A_1600_G-フライヤー_2026年2月期通期決算に関する質疑応答(要旨).pdf
   ✅ 保存: 3823_1600_WHY HOW DO_株式の取得(子会社化及び孫会社化)、簡易株式交換による完全子会社(孫会社)化及び新たな事業の開始に関するお知らせ.pdf
   ✅ 保存: 3823_1600_WHY HOW DO_子会社の異動を伴う株式の取得(子会社化)及び新たな事業の開始に関するお知らせ.pdf
   ✅ 保存: 3848_1600_データアプリ_中期経営計画における財務方針の変更および2026年3月期 剰余金の配当に関するお知らせ.pdf
   ✅ 保存: 4572_1600_G-カルナバイオ_従業員に対する譲渡制限付株式としての新株式発行に関するお知らせ.pdf
   ✅ 保存: 4598_1600_G-DELTA-P_DFP-10917単剤及びVEN併用の米国FDAとの協議準備に関するお知らせ.pdf
   ✅ 保存: 477A_1600_G-スタートライン_新規出店及び固定資産の取得(建物附属設備)並びに固定資産の賃借に関するお知らせ.pdf
   ✅ 保存: 5343_1600_ニッコー_新任取締役候補者の選任に関するお知らせ.pdf
   ✅ 保存: 6648_1600_かわでん_指名・報酬委員会の設置に関するお知らせ.pdf
   ✅ 保存: 6890_1600_フェローテック_(開示事項の訂正)2028年満期ユーロ円建転換社債型新株予約権付社債の130%コールオプション条項による繰上償還の権利発生と行使に関するお知らせ.pdf
   ✅ 保存: 7359_1600_G-東京通信G_報告セグメントの変更に関するお知らせ.pdf
   ✅ 保存: 7377_1600_DNホールディングス_子会社における取締役候補者の選任に関するお知らせ.pdf
   ✅ 保存: 7462_1600_CAPITA_販売用不動産の譲渡に関するお知らせ.pdf
   ✅ 保存: 8113_1600_ユニチャーム_譲渡制限付株式報酬としての自己株式の処分の払込完了に関するお知らせ.pdf
   ✅ 保存: 8699_1600_HSHD_ハーン銀行からの配当金受領の一時的な制限に関するお知らせ.pdf
   ✅ 保存: 8783_1600_abc_フィジカルAIロボット事業への参画に関するお知らせ.pdf
   ✅ 保存: 9601_1600_松竹_(訂正)2026年2月期第4四半期決算説明資料の一部訂正ついて.pdf
   ✅ 保存: 8984_1545_R-ハウスリート_2026年2月期 決算短信(REIT).pdf
   ✅ 保存: 8984_1545_R-ハウスリート_2026年2月期(第40期)決算説明資料.pdf
   ✅ 保存: 8984_1545_R-ハウスリート_資金の借入れ及び借入金の返済に関するお知らせ.pdf
   ✅ 保存: 2685_1540_アンドエスティHD_定款一部変更に関するお知らせ.pdf
   ✅ 保存: 2685_1540_アンドエスティHD_取締役に対する業績連動型株式報酬制度の継続に関するお知らせ.pdf
   ✅ 保存: 2685_1540_アンドエスティHD_補欠の監査等委員である取締役候補者の追加選任に関するお知らせ.pdf
   ✅ 保存: 9753_1540_IXナレッジ_株式会社スタイルの株式取得(子会社化)に関する株式譲渡契約締結のお知らせ.pdf
   ✅ 保存: 9753_1540_IXナレッジ_役員人事に関するお知らせ.pdf
   ✅ 保存: 1429_1530_日本アクア_譲渡制限付株式報酬としての自己株式の処分に関するお知らせ.pdf
   ✅ 保存: 1444_1530_G-ニッソウ_株式会社第一技研の株式の取得(子会社化)に関するお知らせ.pdf
   ✅ 保存: 219A_1530_G-ハートシード_事後交付型リストリクテッド・ストック・ユニット(RSU)の付与に関するお知らせ.pdf
   ✅ 保存: 2334_1530_G-イオレ_JAICデータダイナミクス株式会社が発行する社債の引受けに関するお知らせ.pdf
   ✅ 保存: 2438_1530_G-アスカネット_代表取締役の担当変更及び主要人事に関するお知らせ.pdf
   ✅ 保存: 2462_1530_ライク_当社の主要人事異動に関するお知らせ.pdf
   ✅ 保存: 2669_1530_カネ美食品_役員人事(担当変更)に関するお知らせ.pdf
   ✅ 保存: 2789_1530_カルラ_代表取締役の異動及び役員人事に関するお知らせ.pdf
   ✅ 保存: 2986_1530_G-LAHD_譲渡制限付株式報酬としての新株式の発行に関するお知らせ.pdf
   ✅ 保存: 3226_1530_R-三井不アコモ_2026年2月期 決算短信(REIT).pdf
   ✅ 保存: 3226_1530_R-三井不アコモ_第40期決算説明資料.pdf
   ✅ 保存: 3287_1530_R-星野_国内不動産の譲渡に関するお知らせ(ソルヴィータホテル那覇).pdf
   ✅ 保存: 3287_1530_R-星野_コミットメントラインの契約期間延長に関するお知らせ.pdf
   ✅ 保存: 3287_1530_R-星野_資金の借入れ(グリーンローン他による借換え)及び金利スワップ取引に関するお知らせ.pdf
   ✅ 保存: 3295_1530_R-ヒューリックRE_2026年2月期 決算短信(REIT).pdf
   ✅ 保存: 3382_1530_7&iHD_資本準備金の減少及び定款一部変更に関するお知らせ.pdf
   ✅ 保存: 3382_1530_7&iHD_当社の新たな役員報酬制度の策定と役員報酬方針の改定について.pdf
   ✅ 保存: 3391_1530_ツルハHD_資本準備金の額の減少に関するお知らせ.pdf
   ✅ 保存: 3391_1530_ツルハHD_当社の新任取締役候補者の選任に関するお知らせ.pdf
   ✅ 保存: 3391_1530_ツルハHD_定款一部変更に関するお知らせ.pdf
   ✅ 保存: 339A_1530_G-プログレス_2026年2月期 決算説明会 質疑応答要旨.pdf
   ✅ 保存: 3481_1530_R-三菱地所物流_2026年2月期 決算短信(REIT).pdf
   ✅ 保存: 3481_1530_R-三菱地所物流_資産運用会社における組織変更に関するお知らせ.pdf
   ✅ 保存: 3983_1530_オロ_2026年12月期月次情報のお知らせ(3月度).pdf
   ✅ 保存: 3983_1530_オロ_自己株式の消却に関するお知らせ.pdf
   ✅ 保存: 4097_1530_高圧ガス_役員の異動に関するお知らせ.pdf
   ✅ 保存: 4377_1530_G-ワンキャリア_譲渡制限付株式報酬としての新株式発行に関するお知らせ.pdf
   ✅ 保存: 4450_1530_G-PSOL_株式会社アゼストの株式取得(子会社化)および特定子会社の異動に関するお知らせ.pdf
   ✅ 保存: 4450_1530_G-PSOL_株主優待制度の変更及び拡充に関するお知らせ.pdf
   ✅ 保存: 4591_1530_G-リボミック_SK Plasmaとの共同研究契約締結に関するお知らせ.pdf
   ✅ 保存: 4888_1530_G-ステラファーマ_株式及び新株予約権発行プログラム設定契約に基づく第1回第三者割当による新株式及び新株予約権の払込完了のお知らせ.pdf
   ✅ 保存: 5025_1530_G-マーキュリー_定款一部変更及び取締役候補者の選任に関するお知らせ.pdf
   ✅ 保存: 5257_1530_ノバシステム_譲渡制限付株式報酬としての自己株式処分に関するお知らせ.pdf
   ✅ 保存: 5351_1530_品川リフラ_減損損失の計上及び連結業績予想の修正に関するお知らせ.pdf
   ✅ 保存: 5580_1530_G-プロディライト_当社主要KPI(2026年3月度)に関するお知らせ.pdf
   ✅ 保存: 6140_1530_旭ダイヤ_連結業績予想の修正および特別損失(固定資産の減損損失)の計上に関するお知らせ.pdf
   ✅ 保存: 6140_1530_旭ダイヤ_退職給付費用の減少(利益増加効果)に関するお知らせ.pdf
   ✅ 保存: 6140_1530_旭ダイヤ_個別決算 特別損失に関するお知らせ.pdf
   ✅ 保存: 6465_1530_ホシザキ_譲渡制限付株式報酬としての自己株式の処分に関するお知らせ.pdf
   ✅ 保存: 6538_1530_ディスラプターズ_社員持株会設立に関するお知らせ.pdf
   ✅ 保存: 6838_1530_多摩川HD_第三者割当により発行された第16回新株予約権(行使価額修正選択権付)の大量行使に関するお知らせ.pdf
   ✅ 保存: 7353_1530_G-KIYO_譲渡制限付株式報酬としての新株式の発行の払込完了に関するお知らせ.pdf
   ✅ 保存: 7698_1530_アイスコ_決算発表および決算説明動画配信のお知らせ.pdf
   ✅ 保存: 7823_1530_アートネイチャー_2026年3月期3月度単体月次売上状況(速報).pdf
   ✅ 保存: 7826_1530_フルヤ金属_非上場の親会社等の決算に関するお知らせ.pdf
   ...Page 002 を確認中
   ✅ 保存: 7832_1530_バンダイナムコ_自己株式の消却に関するお知らせ(会社法第178条の規定に基づく自己株式の消却).pdf
   ✅ 保存: 7885_1530_タカノ_取締役の委嘱業務の変更に関するお知らせ.pdf
   ✅ 保存: 7957_1530_フジコピアン_特別利益(投資有価証券売却益)の計上見込みに関するお知らせ.pdf
   ✅ 保存: 8918_1530_ランド_役員の異動に関するお知らせ.pdf
   ✅ 保存: 9163_1530_G-ナレルグループ_2026年3月度 KPIのお知らせ.pdf
   ✅ 保存: 9166_1530_G-GENDA_第3回無担保社債発行に関するお知らせ.pdf
   ✅ 保存: 9168_1530_G-ライズ_定款一部変更に関するお知らせ.pdf
   ✅ 保存: 9722_1530_藤田観_譲渡制限付株式報酬としての自己株式処分に関するお知らせ.pdf
   ✅ 保存: 9885_1530_シャルレ_連結子会社からの配当金受領に関するお知らせ.pdf
   ✅ 保存: 1878_1500_大東建_(訂正)公開買付届出書の訂正届出書提出に伴う「株式会社THEグローバル社(証券コード3271)に対する公開買付けの開始に関するお知らせ」及び開始公告の訂正.pdf
   ✅ 保存: 3068_1500_WDI_通期連結業績予想の修正、営業外収益(連結・個別)の計上及び特別損失(連結・個別)の計上に関するお知らせ.pdf
   ✅ 保存: 4168_1500_G-ヤプリ_譲渡制限付株式としての自己株式の処分に関するお知らせ.pdf
   ✅ 保存: 5101_1500_浜ゴム_連結子会社における固定資産の譲渡に関するお知らせ.pdf
   ✅ 保存: 514A_1500_P-孫の手_資金の借入に関するお知らせ.pdf
   ✅ 保存: 6143_1500_ソディック_自己株式の取得状況及び取得終了に関するお知らせ.pdf
   ✅ 保存: 6226_1500_守谷輸送機工業_取締役人事に関するお知らせ.pdf
   ✅ 保存: 6325_1500_タカキタ_業績予想の修正に関するお知らせ.pdf
   ✅ 保存: 6395_1500_タダノ_譲渡制限付株式報酬としての自己株式の処分に関するお知らせ.pdf
   ✅ 保存: 6395_1500_タダノ_役員人事に関するお知らせ.pdf
   ✅ 保存: 6424_1500_高見サイ_富士通フロンテック株式会社のエアラインプリンタ事業の承継(吸収分割)に関する簡易吸収分割契約締結のお知らせ.pdf
   ✅ 保存: 9115_1500_明海グループ_固定資産の取得に関するお知らせ.pdf
   ✅ 保存: 9322_1500_川西倉庫_子会社の異動を伴う株式取得及び特定子会社の異動に関するお知らせ.pdf
   ✅ 保存: 7966_1430_リンテック_譲渡制限付株式報酬としての自己株式の処分に関するお知らせ.pdf
   ✅ 保存: 5982_1415_マルゼン_(訂正・数値データ訂正)「2026年2月期決算短信[日本基準](連結)」の一部訂正について.pdf
   ✅ 保存: 7544_1400_スリーエフ_剰余金の配当に関するお知らせ.pdf
   ✅ 保存: 8051_1400_山善_役員の異動に関するお知らせ.pdf
   ✅ 保存: 5244_1315_G-jig.jp_本店の増築に関するお知らせ.pdf
   ✅ 保存: 2245_1300_独債7-10ヘッジ有_NEXT FUNDS ブルームバーグ・ドイツ国債(7-10年)インデックス(為替ヘッジあり)連動型上場投信 決算短信.pdf
   ✅ 保存: 2246_1300_仏債7-10ヘッジ有_NEXT FUNDS ブルームバーグ・フランス国債(7-10年)インデックス(為替ヘッジあり)連動型上場投信 決算短信.pdf
   ✅ 保存: 2510_1300_NF国内債券_NEXT FUNDS 国内債券・NOMURA-BPI総合連動型上場投信 決算短信.pdf
   ✅ 保存: 2511_1300_NF外債ヘッジ無_NEXT FUNDS 外国債券・FTSE世界国債インデックス(除く日本・為替ヘッジなし)連動型上場投信 決算短信.pdf
   ✅ 保存: 2512_1300_NF外債ヘッジ有_NEXT FUNDS 外国債券・FTSE世界国債インデックス(除く日本・為替ヘッジあり)連動型上場投信 決算短信.pdf
   ✅ 保存: 2513_1300_NF外株ヘッジ無_NEXT FUNDS 外国株式・MSCI-KOKUSAI指数(為替ヘッジなし)連動型上場投信 決算短信.pdf
   ✅ 保存: 2514_1300_NF外株ヘッジ有_NEXT FUNDS 外国株式・MSCI-KOKUSAI指数(為替ヘッジあり)連動型上場投信 決算短信.pdf
   ✅ 保存: 2515_1300_NF外REITヘ無_NEXT FUNDS 外国REIT・S&P先進国REIT指数(除く日本・為替ヘッジなし)連動型上場投信 決算短信.pdf
   ✅ 保存: 2519_1300_NF新興国債券ヘ無_NEXT FUNDS 新興国債券・J.P.モルガン・エマージング・マーケット・ボンド・インデックス・プラス(為替ヘッジなし)連動型上場投信 決算短信.pdf
   ✅ 保存: 2520_1300_NF新興国株式ヘ無_NEXT FUNDS 新興国株式・MSCIエマージング・マーケット・インデックス(為替ヘッジなし)連動型上場投信 決算短信.pdf
   ✅ 保存: 2554_1300_NF米社債ヘ有_NEXT FUNDS ブルームバーグ米国投資適格社債(1-10年)インデックス(為替ヘッジあり)連動型上場投信 決算短信.pdf
   ✅ 保存: 2647_1300_米債7-10ヘッジ無_NEXT FUNDS ブルームバーグ米国国債(7-10年)インデックス(為替ヘッジなし)連動型上場投信 決算短信.pdf
   ✅ 保存: 2648_1300_米債7-10ヘッジ有_NEXT FUNDS ブルームバーグ米国国債(7-10年)インデックス(為替ヘッジあり)連動型上場投信 決算短信.pdf
   ✅ 保存: 364A_1300_S&P500配当貴族_NEXT FUNDS S&P 500 配当貴族指数連動型上場投信 決算短信.pdf
   ✅ 保存: 3905_1300_G-データセクション_第22回新株予約権(有償ストックオプション)の全部取得及び消却に関するお知らせ.pdf
   ✅ 保存: 3905_1300_G-データセクション_業績予想の修正に関するお知らせ.pdf
   ✅ 保存: 5527_1300_G-propetec_住宅設備の供給条件調整等の報道に係る当社グループへの影響について.pdf
   ✅ 保存: 9241_1300_G-FLN_当社執行役員・従業員に対する譲渡制限付株式報としての新株式発行に関するお知らせ.pdf
   ✅ 保存: 2179_1200_成学社_非上場の親会社等の決算情報に関するお知らせ.pdf
   ✅ 保存: 2588_1200_プレミアムウォーター_中東情勢が当社の事業及び業績に与える影響について.pdf
   ✅ 保存: 4011_1200_G-ヘッドウォーター_当社取締役等に対する譲渡制限付株式としての新株式発行に関するお知らせ.pdf
   ✅ 保存: 4012_1200_アクシス_執行役員の異動に関するお知らせ.pdf
   ✅ 保存: 6696_1200_G-トラースOP_事業計画及び成長可能性に関する事項.pdf
   ✅ 保存: 1326_1140_E-ワールド_SPDRゴールド・シェアに関する日々の開示事項.pdf
   ✅ 保存: 3153_1130_八洲電機_自己株式の取得及び自己株式立会外買付取引(ToSTNeT-3)による自己株式の取得結果に関するお知らせ.pdf
   ✅ 保存: 7811_1100_中本パックス_2026年2月期 決算説明会資料.pdf
   ✅ 保存: 7811_1100_中本パックス_中期経営計画2027の策定に関するお知らせ.pdf
   ✅ 保存: 8783_1015_abc_当社訴訟の解決(控訴の取下げ)及び完結に関するお知らせ.pdf
   ✅ 保存: 6858_1000_小野測器_取締役および執行役員に対する譲渡制限付株式としての自己株式処分の払込完了に関するお知らせ.pdf
   ✅ 保存: 9941_1000_太洋物産_2026年9月期 3月度 月次業績(売上高)速報.pdf
   ✅ 保存: 7138_0900_G-TORICO_イーサリアム(ETH)の追加取得に関するお知らせ.pdf
   ✅ 保存: 4728_0850_トーセ_2026年8月期 第2四半期(中間期)決算説明資料.pdf
   ✅ 保存: 3397_0830_トリドールHD_英国子会社における事業再構築(再建手続きの申し立て)に関するお知らせ.pdf
   ✅ 保存: 6521_0830_G-オキサイド_2026年2月期 通期 決算説明会の質疑応答(要旨)について.pdf
   ✅ 保存: 9984_0800_ソフトバンクグループ_外貨建シニア社債の発行に関するお知らせ.pdf
   ...Page 003 を確認中
   📝 一覧CSV保存: TDnet_Sorted_20260416.csv
   📝 一覧CSV保存（ルート）: TDnet_Sorted_20260416.csv
   📊 日別統計: page_access=3, pdf_success=162, excluded=15

============================================================
✅ ①完了（範囲取得）
   期間: 20260416 ～ 20260416 （mode=day）
   一覧ページアクセス合計: 3
   PDFダウンロード成功合計: 162
   除外件数合計: 15
   保存ルート: G:\マイドライブ\TDnet_Downloads
ルート: G:\マイドライブ\TDnet_Downloads
対象指定: 20260416 mode= day from= 20260416 to= 20260416
対象フォルダ数: 1
検索キーワード: ['価格交渉', '増産', '価格改定', '価格転嫁', '値上', '想定以上', '上方修正', '下方修正', '想定以下', '未達', '大幅', '計画を上', '計画を下', '計画以', '需要回復', '需要の回復', '需要が増', '需要が低', '悪化', 'グローバルニッチトップ', 'トップシェア', 'シェア拡大', 'レアアース']
総PDF数（推定）: 162
[1/1] 日付フォルダ 20260416 を処理中... (このフォルダ内PDF数: 162)
  進捗: 50/162 件のPDFを解析済み
  進捗: 100/162 件のPDFを解析済み
  進捗: 150/162 件のPDFを解析済み
  進捗: 162/162 件のPDFを解析済み
  → 日付フォルダ 20260416 のヒットPDF数: 18

✅ ②A 完了（解析専用・キーワード別ページ列）
解析PDF数: 162
ヒットPDF数: 18
出力CSV: Analysis_Hits_free_word_20260416.csv
保存先: G:\マイドライブ\TDnet_Downloads

✅ ②B 完了（配布用CSV作成・キーワード別ページ列）
出力: PDF_Search_Result_Distribution_free_word_20260416_sh.csv
キーワード列: ['価格交渉', '増産', '価格改定', '価格転嫁', '値上', '想定以上', '上方修正', '下方修正', '想定以下', '未達', '大幅', '計画を上', '計画を下', '計画以', '需要回復', '需要の回復', '需要が増', '需要が低', '悪化', 'グローバルニッチトップ', 'トップシェア', 'シェア拡大', 'レアアース']
突合除外件数: 0
空欄アラート件数: 0
