============================================
 TDnet auto run: 20260707
 Start: 2026-07-07 23:00:01
============================================

$ C:\Users\onok\AppData\Local\Python\pythoncore-3.14-64\python.exe -u ①_tdnetアクセスしてダウンロードする処理（月日付別フォルダ保存）.py --target 20260707 --save-root G:\マイドライブ\TDnet_Downloads
🎯 対象指定: 20260707（mode=day, from=20260707, to=20260707）
📁 保存ルート: G:\マイドライブ\TDnet_Downloads

============================================================
📅 日付: 20260707 を処理します
   ...Page 001 を確認中
   ✅ 保存: 2523_1845_MXSトピ除く金融_「MAXISトピックス(除く金融)上場投信」の基準価額と市場価格の重要な乖離に関するお知らせ.pdf
   ✅ 保存: 2371_1840_カカクコム_Kamgras 1株式会社による株式会社カカクコム(証券コード_2371)の株券等に対する公開買付けに係る公開買付期間の延長に関するお知らせ.pdf
   ✅ 保存: 6361_1800_荏原製_(開示事項の経過)当社連結子会社に対する訴訟の判決(上告審)に関するお知らせ.pdf
   ✅ 保存: 6586_1800_マキタ_(変更)「譲渡制限付株式報酬としての自己株式の処分に関するお知らせ」の一部変更に関するお知らせ.pdf
   ✅ 保存: 2928_1745_A-RIZAP G_自己株式の取得状況に関するお知らせ.pdf
   ✅ 保存: 4586_1730_G-メドレック_第三者割当により発行された第35回新株予約権(行使価額修正条項付)の大量行使に関するお知らせ.pdf
   ✅ 保存: 7462_1730_CAPITA_(訂正)支配株主等に関する事項について.pdf
   ✅ 保存: 7886_1730_ヤマトモビMfg_一時会計監査人の選任に関するお知らせ.pdf
   ✅ 保存: 8697_1730_JPX_自己株式の取得状況及び取得終了に関するお知らせ.pdf
   ✅ 保存: 6875_1720_メガチップス_自己株式の取得状況及び取得終了に関するお知らせ.pdf
   ✅ 保存: 3800_1710_ユニリタ_譲渡制限付株式報酬としての自己株式の処分に関するお知らせ.pdf
   ✅ 保存: 4735_1700_京進_2027年2月期 第1四半期決算短信〔日本基準〕(連結).pdf
   ✅ 保存: 4735_1700_京進_2027年2月期第1四半期決算説明資料.pdf
   ✅ 保存: 9439_1645_MHグループ_第三者割当による新株式発行に係る払込の一部完了のお知らせ.pdf
   ✅ 保存: 3445_1630_RSTECH_(訂正)「当社連結子会社「有研半導体硅材料株式会社」による 「安徽晶隆半導体科技有限公司」の株式取得(子会社化)に関するお知らせ」の 一部訂正について.pdf
   ✅ 保存: 3538_1630_ウイルプラスHD_(訂正)「当社子会社による事業譲受に関するお知らせ」の一部訂正について.pdf
   ✅ 保存: 4679_1630_田谷_(訂正)「事業譲受に関するお知らせ」の一部訂正について.pdf
   ✅ 保存: 6493_1630_NITTAN_譲渡制限付株式報酬としての自己株式の処分に関するお知らせ.pdf
   ✅ 保存: 6577_1630_G-ベストワンドット_2030年中期経営計画(事業計画及び成長可能性に関する事項).pdf
   ✅ 保存: 8537_1630_大光銀_債権の取立不能又は取立遅延のおそれに関するお知らせ.pdf
   ✅ 保存: 9651_1630_日プロ_自己株式立会外買付取引(ToSTNeT-3)による自己株式の買付けに関するお知らせ(会社法第459条第1項の規定による定款の定めに基づく自己株式の取得).pdf
   ✅ 保存: 9651_1630_日プロ_2027年5月期の配当予想に関するお知らせ.pdf
   ✅ 保存: 9651_1630_日プロ_2026年5月期 決算短信〔日本基準〕(連結).pdf
   ✅ 保存: 5463_1615_丸一鋼管_当社取締役等に対する譲渡制限付株式としての自己株式処分に関するお知らせ.pdf
   ✅ 保存: 2296_1600_伊藤ハム米久HD_譲渡制限付株式報酬としての自己株式の処分の払込完了に関するお知らせ.pdf
   ✅ 保存: 2459_1600_アウン_商品評価損戻入益、商品評価損及び営業外費用の計上並びに業績予想の修正に関するお知らせ.pdf
   ✅ 保存: 245A_1600_G-INGS_2026年8月期6月度 直営店売上高速報、店舗数推移について.pdf
   ✅ 保存: 2721_1600_JHD_臨時株主総会のための基準日設定に関するお知らせ.pdf
   ✅ 保存: 281A_1600_G-インフォメティス_第三者割当によるインフォメティス株式会社 第10回新株予約権(行使価額修正条項付)の発行に関するお知らせ.pdf
   ✅ 保存: 281A_1600_G-インフォメティス_第三者割当による第10回新株予約権(行使価額修正条項付)発行に関する補足説明資料.pdf
   ✅ 保存: 281A_1600_G-インフォメティス_2026年12月期第1四半期決算短信〔日本基準〕(連結)(公認会計士等による期中レビューの完了及び開示事項の変更).pdf
   ✅ 保存: 3547_1600_ユニシアHD_月次速報(2026年6月度).pdf
   ✅ 保存: 6469_1600_放電精密_2027年2月期第2四半期(中間期)及び通期連結業績予想の修正に関するお知らせ.pdf
   ✅ 保存: 6469_1600_放電精密_2027年2月期 第1四半期決算短信〔日本基準〕(連結).pdf
   ✅ 保存: 6800_1600_ヨコオ_譲渡制限付株式報酬としての自己株式の処分に関するお知らせ.pdf
   ✅ 保存: 7610_1600_テイツー_2026年6月の月次売上概況のお知らせ.pdf
   ✅ 保存: 7674_1600_G-NATTYHD_月次報告(2026年6月度).pdf
   ✅ 保存: 8105_1600_BitcoinJPN_(訂正)「第三者割当により発行された行使価額修正条項付第1回新株予約権の行使完了及び月間行使状況に関するお知らせ」の一部訂正のお知らせ.pdf
   ✅ 保存: 8739_1600_スパークス_2026年6月度(速報値)月末運用資産残高のお知らせ.pdf
   ✅ 保存: 278A_1545_G-テラドローン_第18回新株予約権(行使価額修正条項付)の大量行使に関するお知らせ.pdf
   ✅ 保存: 3174_1540_ハピネス&D_月次売上高前年比等(速報)に関するお知らせ.pdf
   ✅ 保存: 138A_1530_G-光フードサービス_2026年11月期6月度 売上速報についてのお知らせ.pdf
   ✅ 保存: 1447_1530_G-SAAFHD_臨時株主総会招集のための基準日設定に関するお知らせ.pdf
   ✅ 保存: 1944_1530_きんでん_株式会社弘電社(証券コード_1948)の株券に対する公開買付けの結果及び関連会社の異動に関するお知らせ.pdf
   ✅ 保存: 1948_1530_弘電社_株式会社きんでんによる当社株式に対する公開買付けの結果並びに主要株主及びその他の関係会社の異動に関するお知らせ.pdf
   ✅ 保存: 2408_1530_KG情報_2026年12月期第2四半期(中間期)決算短信〔日本基準〕(連結).pdf
   ✅ 保存: 2408_1530_KG情報_2026年12月期第2四半期(中間期)決算説明資料.pdf
   ✅ 保存: 2408_1530_KG情報_2026年12月期第2四半期(中間期)連結業績予想と実績値との差異及び通期業績予想の修正に関するお知らせ.pdf
   ✅ 保存: 2488_1530_JTP_譲渡制限付株式報酬としての自己株式の処分の払込完了に関するお知らせ.pdf
   ✅ 保存: 2726_1530_パルグループHD_2027年2月期 第1四半期決算短信〔日本基準〕(連結).pdf
   ✅ 保存: 2734_1530_サーラ_2026年11月期 第2四半期(中間期)決算短信〔日本基準〕(連結).pdf
   ✅ 保存: 2734_1530_サーラ_第2四半期(中間期)連結業績予想数値と実績数値との差異及び通期連結業績予想の修正並びに配当予想の修正(増配)に関するお知らせ.pdf
   ✅ 保存: 2734_1530_サーラ_リフォームを核としたストック住宅ビジネス拡大に向けた事業再編に伴う当社連結子会社間の吸収合併に関するお知らせ.pdf
   ✅ 保存: 2734_1530_サーラ_2026年11月期 第2四半期(中間期)連結決算発表参考資料.pdf
   ✅ 保存: 2734_1530_サーラ_営業外収益(デリバティブ評価益)の計上に関するお知らせ.pdf
   ✅ 保存: 2792_1530_ハニーズHLD_2026年5月期 決算短信〔日本基準〕(連結).pdf
   ✅ 保存: 2918_1530_わらべや_2027年2月期 第1四半期決算短信〔日本基準〕(連結).pdf
   ✅ 保存: 2918_1530_わらべや_2027年2月期 第1四半期決算補足資料.pdf
   ✅ 保存: 3093_1530_トレファク_譲渡制限付株式報酬としての自己株式の処分の払込完了に関するお知らせ.pdf
   ✅ 保存: 3193_1530_エターナルホスピG_月次報告(2026年6月度).pdf
   ✅ 保存: 3221_1530_ヨシックスHD_自己株式の取得状況に関するお知らせ (会社法第165条第2項の規定による定款の定めに基づく自己株式の取得).pdf
   ✅ 保存: 3280_1530_エストラスト_譲渡制限付株式報酬としての自己株式の処分の払込完了に関するお知らせ.pdf
   ✅ 保存: 3396_1530_フェリシモ_2027年2月期 第1四半期決算短信〔日本基準〕(連結).pdf
   ✅ 保存: 3608_1530_TSI HD_月次売上情報(前年比)のお知らせ.pdf
   ✅ 保存: 3690_1530_イルグルム_2026年6月の月次売上高(速報)に関するお知らせ.pdf
   ✅ 保存: 401A_1530_R-霞ヶ関ホテル_ホテル運営実績に関するお知らせ(2026年5月度).pdf
   ✅ 保存: 4596_1530_G-窪田製薬HD_第三者割当により発行された第38回新株予約権の行使完了に関するお知らせ.pdf
   ✅ 保存: 4933_1530_Ine_課徴金に係る審判手続き開始決定に対する答弁書の提出に関するお知らせ.pdf
   ✅ 保存: 5121_1530_藤コンポ_自己株式の取得状況に関するお知らせ.pdf
   ✅ 保存: 5243_1530_G-note_2026年11月期第2四半期(中間期)決算短信〔日本基準〕(連結).pdf
   ✅ 保存: 5243_1530_G-note_通期連結業績予想の修正(上方修正)に関するお知らせ.pdf
   ✅ 保存: 5243_1530_G-note_2026年11月期第2四半期 決算説明資料.pdf
   ✅ 保存: 5631_1530_日製鋼所_中期経営計画「JGP2028」アップデートの策定に関するお知らせ.pdf
   ✅ 保存: 5707_1530_東邦鉛_(訂正)「A種優先株式の普通株式への一部転換のお知らせ」の一部訂正について.pdf
   ✅ 保存: 6339_1530_新東工_譲渡制限付株式報酬としての自己株式の処分に関するお知らせ.pdf
   ✅ 保存: 6841_1530_横河電_自己株式取得状況に関するお知らせ.pdf
   ✅ 保存: 6849_1530_日本光電_譲渡制限付株式報酬としての自己株式の処分に関するお知らせ.pdf
   ✅ 保存: 6850_1530_チノー_自己株式の取得状況に関するお知らせ.pdf
   ✅ 保存: 7067_1530_G-ブランディング_自己株式の取得状況に関するお知らせ.pdf
   ✅ 保存: 7119_1530_G-ハルメクHD_募集新株予約権(有償ストック・オプション)の発行内容確定に関するお知らせ.pdf
   ✅ 保存: 7127_1530_一家ホールディングス_(株)一家ダイニングプロジェクト 飲食事業部 月次報告(2026年6月度).pdf
   ✅ 保存: 7150_1530_島根銀行_債権の取立不能又は取立遅延のおそれに関するお知らせ.pdf
   ✅ 保存: 7322_1530_33FG_当社子会社における債権の取立不能又は取立遅延のおそれに関するお知らせ.pdf
   ✅ 保存: 7417_1530_南陽_自己株式の取得状況に関するお知らせ.pdf
   ✅ 保存: 8416_1530_高知銀行_債権の取立不能または取立遅延のおそれに関するお知らせ.pdf
   ✅ 保存: 8953_1530_R-都市ファンド_国内不動産信託受益権の取得予定日の変更に関するお知らせ【(仮称)鎌倉市御成町プロジェクト】.pdf
   ✅ 保存: 9285_1530_I-東京インフラF_保有資産に係る月次発電量実績及び出力制御の実施状況に関するお知らせ(2026年6月).pdf
   ✅ 保存: 9740_1530_CSP_配当予想の修正(60周年記念配当 増配)に関するお知らせ.pdf
   ✅ 保存: 9740_1530_CSP_2027年2月期 第1四半期決算短信〔日本基準〕(連結).pdf
   ✅ 保存: 9740_1530_CSP_役員の異動に関するお知らせ.pdf
   ✅ 保存: 9882_1530_イエローハット_自己株式の取得状況に関するお知らせ.pdf
   ✅ 保存: 7619_1520_田中商事_連結範囲の変更(非連結子会社の連結子会社化)に関するお知らせ.pdf
   ...Page 002 を確認中
   ✅ 保存: 2659_1500_サンエー_2027年2月期第1四半期決算短信〔日本基準〕(連結).pdf
   ✅ 保存: 3066_1500_JBイレブン_2027年3月期 6月度 店舗月次売上・店舗数のお知らせ.pdf
   ✅ 保存: 6848_1500_東亜ディーケーケー_譲渡制限付株式報酬としての自己株式処分に関するお知らせ.pdf
   ✅ 保存: 8043_1430_スターゼン_新拠点「東扇島センター」稼働開始に関するお知らせ.pdf
   ✅ 保存: 8558_1430_東和銀_債権の取立不能又は取立遅延のおそれに関するお知らせ.pdf
   ✅ 保存: 2998_1400_G-クリアル_当社主要KPI(2026年6月度)に関するお知らせ.pdf
   ✅ 保存: 6981_1400_村田製_自己株式の取得状況に関するお知らせ.pdf
   ✅ 保存: 5248_1340_G-テクノロジーズ_系統用蓄電池事業における蓄電所4件の系統連系完了に関するお知らせ.pdf
   ✅ 保存: 9973_1340_KOZOHD_2026年12月期 6月度月次前年比データ(速報値)についてのお知らせ.pdf
   ✅ 保存: 7063_1330_G-Birdman_再生可能エネルギー事業における株主投資家向け補足説明資料.pdf
   ✅ 保存: 4102_1300_丸尾カルシウム_譲渡制限付株式報酬としての自己株式の処分に関するお知らせ.pdf
   ✅ 保存: 4735_1300_京進_DX戦略推進プラットフォーム「Kyoshin Digital Academy」の開設に関するお知らせ.pdf
   ✅ 保存: 5268_1300_旭コンクリ_譲渡制限付株式報酬としての自己株式処分に関するお知らせ.pdf
   ✅ 保存: 587A_1230_E-インベスコQQQ_インベスコQQQトラスト シリーズ1 に関する日々の開示事項.pdf
   ✅ 保存: 6073_1230_アサンテ_2027年3月期 6月度月次売上高のお知らせ.pdf
   ✅ 保存: 1326_1220_E-ワールド_SPDRゴールド・シェアに関する日々の開示事項.pdf
   ✅ 保存: 2437_1130_シンワワイズ_第95回オークションの落札結果に関するお知らせ.pdf
   ✅ 保存: 9832_1130_オートバックス_2027年3月期 6月度 月次売上概況(速報)についてのお知らせ.pdf
   ✅ 保存: 7857_1115_セキ_当社連結子会社に対する入札参加資格停止措置に関するお知らせ.pdf
   ✅ 保存: 2734_1100_サーラ_自己株式の取得状況に関するお知らせ(経過報告).pdf
   ✅ 保存: 3663_1100_セルシス_配当予想の修正(創立35周年記念配当 増配)に関するお知らせ.pdf
   ✅ 保存: 3663_1100_セルシス_2026年6月度月次事業進捗レポートのお知らせ.pdf
   ✅ 保存: 4008_1100_住友精化_(訂正)「譲渡制限付株式報酬としての新株式の発行に関するお知らせ」の一部訂正について.pdf
   ✅ 保存: 8766_1100_東京海上_自己株式の取得状況に関するお知らせ(2026年5月20日開催の取締役会決議分).pdf
   ✅ 保存: 8766_1100_東京海上_自己株式の取得状況に関するお知らせ(2026年3月23日開催の取締役会決議分).pdf
   ✅ 保存: 9532_1100_大瓦斯_自己株式の取得状況に関するお知らせ.pdf
   ✅ 保存: 8219_1030_青山商_2026年6月 月次売上高前年比(速報)に関するお知らせ.pdf
   ✅ 保存: 8306_1000_三菱UFJ_2026年3月期 決算短信(連結)_米国会計基準_.pdf
   ✅ 保存: 2288_0910_丸大食_自己株式の取得状況及び取得終了に関するお知らせ.pdf
   ✅ 保存: 3445_0855_RSTECH_当社連結子会社「有研半導体硅材料株式会社」による 「安徽晶隆半導体科技有限公司」の株式取得(子会社化)に関するお知らせ.pdf
   ...Page 003 を確認中
   📝 一覧CSV保存: TDnet_Sorted_20260707.csv
   📝 一覧CSV保存（ルート）: TDnet_Sorted_20260707.csv
   📊 日別統計: page_access=3, pdf_success=122, excluded=17

============================================================
✅ ①完了（範囲取得）
   期間: 20260707 ～ 20260707 （mode=day）
   一覧ページアクセス合計: 3
   PDFダウンロード成功合計: 122
   除外件数合計: 17
   保存ルート: G:\マイドライブ\TDnet_Downloads

$ C:\Users\onok\AppData\Local\Python\pythoncore-3.14-64\python.exe -u ②a②bは２つフリーワード検索.py analyze --target 20260707 --save-root G:\マイドライブ\TDnet_Downloads --keywords 価格交渉 増産 価格改定 価格転嫁 値上 想定以上 上方修正 下方修正 想定以下 未達 大幅 計画を上 計画を下 計画以 需要回復 需要の回復 需要が増 需要が低 悪化 グローバルニッチトップ トップシェア シェア拡大 レアアース
ルート: G:\マイドライブ\TDnet_Downloads
対象指定: 20260707 mode= day from= 20260707 to= 20260707
対象フォルダ数: 1
検索キーワード: ['価格交渉', '増産', '価格改定', '価格転嫁', '値上', '想定以上', '上方修正', '下方修正', '想定以下', '未達', '大幅', '計画を上', '計画を下', '計画以', '需要回復', '需要の回復', '需要が増', '需要が低', '悪化', 'グローバルニッチトップ', 'トップシェア', 'シェア拡大', 'レアアース']
総PDF数（推定）: 122
[1/1] 日付フォルダ 20260707 を処理中... (このフォルダ内PDF数: 122)
  進捗: 50/122 件のPDFを解析済み
  進捗: 100/122 件のPDFを解析済み
  進捗: 122/122 件のPDFを解析済み
  → 日付フォルダ 20260707 のヒットPDF数: 18

✅ ②A 完了（解析専用・キーワード別ページ列）
解析PDF数: 122
ヒットPDF数: 18
出力CSV: Analysis_Hits_free_word_20260707.csv
保存先: G:\マイドライブ\TDnet_Downloads

$ C:\Users\onok\AppData\Local\Python\pythoncore-3.14-64\python.exe -u ②a②bは２つフリーワード検索.py distribute --target 20260707 --save-root G:\マイドライブ\TDnet_Downloads --no-stop-on-empty-meta

✅ ②B 完了（配布用CSV作成・キーワード別ページ列）
出力: PDF_Search_Result_Distribution_free_word_20260707_sh.csv
キーワード列: ['価格交渉', '増産', '価格改定', '価格転嫁', '値上', '想定以上', '上方修正', '下方修正', '想定以下', '未達', '大幅', '計画を上', '計画を下', '計画以', '需要回復', '需要の回復', '需要が増', '需要が低', '悪化', 'グローバルニッチトップ', 'トップシェア', 'シェア拡大', 'レアアース']
突合除外件数: 0
空欄アラート件数: 0

============================================
 Done: 2026-07-07 23:02:34
============================================
