🎯 対象指定: 20260406（mode=day, from=20260406, to=20260406）
📁 保存ルート: G:\マイドライブ\TDnet_Downloads

============================================================
📅 日付: 20260406 を処理します
   ...Page 001 を確認中
   ✅ 保存: 7463_1800_アドヴァングループ_2026年3月期 決算短信[日本基準](連結).pdf
   ✅ 保存: 7463_1800_アドヴァングループ_2026年3月期通期業績予想と実績との差異に関するお知らせ.pdf
   ✅ 保存: 7463_1800_アドヴァングループ_剰余金の配当(特別配当)に関するお知らせ.pdf
   ✅ 保存: 5842_1745_G-インテグラル_3号ファンドシリーズからのキャリードインタレストの追加受領に係るお知らせ.pdf
   ✅ 保存: 6573_1715_G-CRAVIA_第3回無担保普通社債の期限前償還(繰上償還)に関するお知らせ.pdf
   ✅ 保存: 4534_1700_持田薬_売出価格等の決定に関するお知らせ.pdf
   ✅ 保存: 8035_1700_東エレク_代表取締役の異動に関するお知らせ.pdf
   ✅ 保存: 8303_1700_SBI新生銀行_役員人事.pdf
   ✅ 保存: 8951_1700_R-ビルF_資金の借入に関するお知らせ.pdf
   ✅ 保存: 9869_1700_加藤産業_取締役の辞任及び役員人事に関するお知らせ.pdf
   ✅ 保存: 1878_1635_大東建_株式会社THE グローバル社(証券コード3271)に対する公開買付けの開始に関するお知らせ.pdf
   ✅ 保存: 3271_1635_グロバル社_大東建託株式会社による当社株式に対する公開買付けに関する賛同の意見表明及び応募の推奨のお知らせ.pdf
   ✅ 保存: 3271_1635_グロバル社_2026年6月期期末配当予想の修正(無配)に関するお知らせ.pdf
   ✅ 保存: 3856_1630_Abalance_米国国際貿易委員会における当社グループ子会社に関する調査開始(申立て)について.pdf
   ✅ 保存: 7527_1630_システムソフト_第三者割当による新株式の発行、第6回新株予約権の取得・消却及び特別利益の計上並びに主要株主の異動に関するお知らせ.pdf
   ✅ 保存: 7527_1630_システムソフト_子会社の清算及びそれに伴う特別損失見込みに関するお知らせ.pdf
   ✅ 保存: 8439_1630_東京センチュリー_減損損失の計上に関するお知らせ.pdf
   ✅ 保存: 6278_1610_ユニオンツール_自己株式の処分及び株式売出しに関するお知らせ.pdf
   ✅ 保存: 2459_1600_アウン_営業外収益の計上に関するお知らせ.pdf
   ✅ 保存: 3046_1600_JINSHD_2026年3月度(2026年8月期)月次売上状況(速報)等について.pdf
   ✅ 保存: 3103_1600_ユニチカ_子会社の解散に関するお知らせ.pdf
   ✅ 保存: 3260_1600_エスポア_系統用蓄電所の完成案件売却に関するお知らせ.pdf
   ✅ 保存: 3823_1600_WHY HOW DO_第12回新株予約権の譲渡の承認に関するお知らせ.pdf
   ✅ 保存: 391A_1600_山忠_業績予想の上方修正及び配当予想の修正(上場記念配当)に関するお知らせ.pdf
   ✅ 保存: 5341_1600_ASAHI EITO_第三者割当により発行された第12回新株予約権(行使価額修正条項付)の大量行使に関するお知らせ.pdf
   ✅ 保存: 6078_1600_バリューHR_自己株式の取得状況および取得終了に関するお知らせ.pdf
   ✅ 保存: 6146_1600_ディスコ_2026年3月期 第4四半期 個別売上高および出荷額の速報値に関するお知らせ.pdf
   ✅ 保存: 7217_1600_テイン_自己株式の取得結果および取得終了に関するお知らせ.pdf
   ✅ 保存: 7217_1600_テイン_非上場の親会社等の決算に関するお知らせ.pdf
   ✅ 保存: 7259_1600_アイシン_自己株式の取得状況に関するお知らせ.pdf
   ✅ 保存: 7345_1600_G-アイパートナーズ_主要株主である筆頭株主の異動に関するお知らせ.pdf
   ✅ 保存: 7678_1600_あさくま_2027年1月期3月度売上高前年対比等のお知らせ.pdf
   ✅ 保存: 8473_1600_SBI_(開示事項の経過)特定子会社の異動(株式譲渡)の完了に関するお知らせ.pdf
   ✅ 保存: 9248_1600_人・夢・技術G_(訂正)「主要株主の異動に関するお知らせ」の一部訂正について.pdf
   ✅ 保存: 4082_1550_稀元素_当社に関するインターネット掲示板での情報について.pdf
   ✅ 保存: 6625_1545_JALCO HD_(訂正)「(開示事項の経過)連結子会社における収益不動産の取得完了及び追加取得に関するお知らせ」の一部訂正について.pdf
   ✅ 保存: 6625_1545_JALCO HD_連結子会社における収益不動産の取得及び既存収益不動産の追加取得に関するお知らせ.pdf
   ✅ 保存: 2735_1540_ワッツ_2026年8月期3月度 月次売上高対前年同月比及び店舗数推移に関するお知らせ.pdf
   ✅ 保存: 3075_1540_銚子丸_食中毒事故発生に関するお詫びとお知らせ.pdf
   ✅ 保存: 1736_1530_オーテック_有限会社ケー・ティー・エスの株式取得(子会社化)完了に関するお知らせ.pdf
   ✅ 保存: 2408_1530_KG情報_2026年12月期第1四半期決算短信〔日本基準〕(連結).pdf
   ✅ 保存: 262A_1530_インターメスティック_2026年3月度(2026年12月期)国内月次売上速報.pdf
   ✅ 保存: 2669_1530_カネ美食品_2026年3月度の売上高のお知らせ.pdf
   ✅ 保存: 2685_1530_アンドエスティHD_2026年2月期 決算短信〔日本基準〕(連結).pdf
   ✅ 保存: 2685_1530_アンドエスティHD_2026年2月期 決算説明会資料.pdf
   ✅ 保存: 2685_1530_アンドエスティHD_減損損失の計上に関するお知らせ.pdf
   ✅ 保存: 2685_1530_アンドエスティHD_月次売上高前年比に関するお知らせ.pdf
   ✅ 保存: 2685_1530_アンドエスティHD_個別業績の前期実績値との差異に関するお知らせ.pdf
   ✅ 保存: 2702_1530_マクドナルド_月次IRニュース.pdf
   ✅ 保存: 2782_1530_セリア_2026年3月度の月次売上高前年比及び店舗数.pdf
   ✅ 保存: 2789_1530_カルラ_2026年2月期 決算短信〔日本基準〕(連結).pdf
   ✅ 保存: 2789_1530_カルラ_(第55期) 2026年3月の売上推移速報に関するお知らせ.pdf
   ✅ 保存: 3070_1530_G-ジェリービーンズ_(訂正・数値データ訂正)「2026年1月期_決算短信[日本基準](連結)」の一部訂正に関するお知らせ.pdf
   ✅ 保存: 3070_1530_G-ジェリービーンズ_(訂正)「2026年1月期_決算資料」の一部訂正について.pdf
   ✅ 保存: 3148_1530_クリエイトSDH_2026年5月期 第3四半期決算短信〔日本基準〕(連結).pdf
   ✅ 保存: 3186_1530_ネクステージ_2026年11月期 第1四半期決算短信〔日本基準〕(連結).pdf
   ✅ 保存: 3205_1530_ダイドー_中東情勢の緊迫化に伴う当社グループ事業への影響に関するお知らせ.pdf
   ✅ 保存: 3287_1530_R-星野_ポートフォリオ運営実績に関するお知らせ(2026年2月度).pdf
   ✅ 保存: 3353_1530_メディ一光G_2026年2月期 決算短信〔日本基準〕(連結).pdf
   ✅ 保存: 3455_1530_R-HCM_資産運用会社における取締役の変更予定に関するお知らせ.pdf
   ✅ 保存: 3491_1530_G-GA TECH_エスピーシー証券株式会社の株式取得に関するお知らせ.pdf
   ✅ 保存: 3491_1530_G-GA TECH_エスピーシー証券株式会社の株式取得に関する補足説明資料.pdf
   ✅ 保存: 3608_1530_TSI HD_(訂正)「販売製品の自主回収等に関するお知らせ」の一部訂正について.pdf
   ✅ 保存: 3773_1530_G-AMI_株式会社featの株式の取得(子会社化)に関するお知らせ.pdf
   ✅ 保存: 3834_1530_朝日ネット_2026年3月末「ASAHIネット」インターネット接続契約数の状況.pdf
   ✅ 保存: 4074_1530_G-ラキール_中期経営計画「LaKeel 2030」の策定に関するお知らせ.pdf
   ✅ 保存: 4074_1530_G-ラキール_中期経営計画「LaKeel 2030」(資料).pdf
   ✅ 保存: 4260_1530_G-ハイブリッドテク_自己株式の取得状況に関するお知らせ.pdf
   ✅ 保存: 4343_1530_イオンファン_業績予想の修正に関するお知らせ.pdf
   ✅ 保存: 4512_1530_わかもと_投資有価証券売却益(特別利益)の計上に関するお知らせ.pdf
   ✅ 保存: 4689_1530_LINEヤフー_代表取締役の異動ならびに取締役候補者および補欠の監査等委員である取締役候補者の選任に関するお知らせ.pdf
   ✅ 保存: 4732_1530_USS_2026年3月期第4四半期USSグループ中古車オークション実績(速報).pdf
   ✅ 保存: 4760_1530_アルファ_第2四半期(中間期)業績予想及び配当予想の修正に関するお知らせ.pdf
   ✅ 保存: 4825_1530_WNIウェザー_2026年5月期 第3四半期決算短信〔日本基準〕(連結).pdf
   ✅ 保存: 4825_1530_WNIウェザー_2026年5月期 第3四半期 決算説明資料.pdf
   ✅ 保存: 4825_1530_WNIウェザー_配当予想の修正(40周年記念配当)に関するお知らせ.pdf
   ✅ 保存: 5532_1530_G-リアルゲイト_固定資産の取得に関するお知らせ.pdf
   ✅ 保存: 5706_1530_三井金属_完全子会社の吸収合併(簡易合併・略式合併)に関するお知らせ.pdf
   ✅ 保存: 7047_1530_G-ポート_ポート群馬伊勢崎第二蓄電所の需給調整市場での取引開始のお知らせ.pdf
   ✅ 保存: 7134_1530_アップガレージG_2026年3月期 3月度月次売上状況(速報)等について.pdf
   ✅ 保存: 7378_1530_G-アシロ_自己株式の取得状況に関するお知らせ.pdf
   ✅ 保存: 7630_1530_壱番屋_2026年2月期 決算短信〔日本基準〕(連結).pdf
   ✅ 保存: 7630_1530_壱番屋_中期経営計画の見直しに関するお知らせ.pdf
   ✅ 保存: 7679_1530_薬王堂HD_2026年2月期 決算短信〔日本基準〕(連結).pdf
   ✅ 保存: 7679_1530_薬王堂HD_2026年3月度 月次速報に関するお知らせ.pdf
   ✅ 保存: 7683_1530_ダブルエー_2026年1月期決算に関する質疑応答集.pdf
   ✅ 保存: 7901_1530_マツモト_株主優待の実施に関するお知らせ.pdf
   ✅ 保存: 7922_1530_三光産業_臨時株主総会招集のための基準日設定に関するお知らせ.pdf
   ✅ 保存: 8398_1530_筑邦銀_債権の取立不能又は取立遅延のおそれに関するお知らせ.pdf
   ✅ 保存: 8975_1530_R-いちごオフィス_ポートフォリオ稼働率速報値(2026年3月末時点)のお知らせ.pdf
   ✅ 保存: 9160_1530_オンザページ_連結業績予想の公表に関するお知らせ.pdf
   ✅ 保存: 9160_1530_オンザページ_経営戦略説明会資料.pdf
   ✅ 保存: 9278_1530_ブックオフGHD_2026年3月 月次の売上状況について.pdf
   ✅ 保存: 9558_1530_G-ジャパニアス_2026年11月期第1四半期決算短信〔日本基準〕(非連結).pdf
   ✅ 保存: 9558_1530_G-ジャパニアス_2026年11月期第1四半期決算説明資料.pdf
   ✅ 保存: 9876_1530_コックス_2027年2月期 3月度 月次売上高前年比速報のお知らせ.pdf
   ✅ 保存: 136A_1500_P-三興商事_臨時株主総会決議省略および付議議案の決定に関するお知らせ.pdf
   ...Page 002 を確認中
   ✅ 保存: 1452_1500_P-横浜ライト工業_通期連結業績予想の修正に関するお知らせ.pdf
   ✅ 保存: 2461_1500_ファンコミ_自社株式の取得状況に関するお知らせ.pdf
   ✅ 保存: 5867_1500_G-エスネット_子会社の異動及び新たな事業の開始に関するお知らせ.pdf
   ✅ 保存: 6177_1500_G-AppBank_新たな執行役員(副社長)の選任及び新経営体制に関するお知らせ.pdf
   ✅ 保存: 6474_1500_不二越_2026年11月期 第1四半期決算短信〔日本基準〕(連結).pdf
   ✅ 保存: 7494_1500_コナカ_固定資産の譲渡及び特別利益の計上に関するお知らせ.pdf
   ✅ 保存: 8119_1500_三栄コーポ_特定譲渡制限付株式報酬としての自己株式の処分の払込み完了に関するお知らせ.pdf
   ✅ 保存: 8203_1500_MrMaxHD_2026年3月度 MrMax月次の売上状況について.pdf
   ✅ 保存: 9639_1500_三協フロンテ_親会社等の決算に関するお知らせ.pdf
   ✅ 保存: 9729_1500_トーカイ_業績予想の修正に関するお知らせ.pdf
   ✅ 保存: 7621_1445_うかい_設備投資(「アトリエうかい」の第2工房建設)に関する続報(詳細なお知らせ).pdf
   ✅ 保存: 8200_1430_リンガーハット_2026年3月度 月次情報.pdf
   ✅ 保存: 8923_1430_トーセイ_2026年11月期 第1四半期決算短信〔IFRS〕(連結).pdf
   ✅ 保存: 3058_1400_三洋堂HD_2026年3月期3月度の月次売上高前年比及び店舗数について.pdf
   ✅ 保存: 4735_1300_京進_2026年2月期通期連結業績予想の修正及び特別損失の計上のお知らせ.pdf
   ✅ 保存: 8217_1300_オークワ_2026年2月期決算短信〔日本基準〕(連結).pdf
   ✅ 保存: 8217_1300_オークワ_中期経営計画の目標数値取り下げに関するお知らせ.pdf
   ✅ 保存: 9904_1300_ベリテ_2026年3月度 前年比速報.pdf
   ✅ 保存: 3777_1230_G-環境フレンドリー_第21回新株予約権の一部行使に関するお知らせならびに資本金の増加に関するお知らせ.pdf
   ✅ 保存: 3777_1230_G-環境フレンドリー_主要株主である筆頭株主の異動に関するお知らせ.pdf
   ✅ 保存: 4177_1200_G-i-plug_2026年3月度 主要KPI(速報)の推移に関するお知らせ.pdf
   ✅ 保存: 428A_1200_サイプレスHD_2026年8月期3月度売上速報についてのお知らせ.pdf
   ✅ 保存: 8914_1200_エリアリンク_2026年3月度 月次実績.pdf
   ✅ 保存: 9245_1200_G-リベロ_よくある質問と回答(2026年2月・追加).pdf
   ✅ 保存: 7836_1145_アビックス_子会社設立に関するお知らせ.pdf
   ✅ 保存: 2722_1130_IKホールディングス_2026年3月度連結月次情報のお知らせ.pdf
   ✅ 保存: 1326_1120_E-ワールド_SPDRゴールド・シェアに関する日々の開示事項.pdf
   ✅ 保存: 3101_1100_東洋紡_「2030中期経営計画(2026~2030年度)」策定について.pdf
   ✅ 保存: 3450_1100_P-サトウ産業_2026年2月期 決算短信〔日本基準〕(非連結).pdf
   ✅ 保存: 3450_1100_P-サトウ産業_通期業績予想と実績の差異に関するお知らせ.pdf
   ✅ 保存: 5233_1100_太平洋セメ_(訂正)「26中期経営計画の振り返りと今後の方針」公表資料の一部訂正に関するお知らせ.pdf
   ✅ 保存: 7938_1100_リーガル_取締役会の実効性評価結果の概要について.pdf
   ✅ 保存: 2585_1030_ライフドリンクC_主要株主及び主要株主である筆頭株主の異動に関するお知らせ.pdf
   ✅ 保存: 2926_1030_篠崎屋_2026年9月期 3月度月次店舗売上のお知らせ.pdf
   ✅ 保存: 3317_1030_フライングG_2026年3月期3月度 月次業績のお知らせ.pdf
   ✅ 保存: 4272_1030_日化薬_自己株式の取得状況および取得終了に関するお知らせ.pdf
   ✅ 保存: 8255_1030_アクシアル_3月度月次業績推移(前年比).pdf
   ✅ 保存: 3346_1015_ヒロタグループHD_当社に対する訴訟の提起に関するお知らせ.pdf
   ✅ 保存: 7049_1000_G-識学_2027年2月期プラットフォームサービス月次売上高(3月度)のお知らせ.pdf
   ✅ 保存: 8560_1000_宮崎太銀_自己株式の取得状況に関するお知らせ.pdf
   ✅ 保存: 278A_0855_G-テラドローン_第10期定時株主総会の「継続会」の開催方針に関するお知らせ.pdf
   ✅ 保存: 278A_0855_G-テラドローン_公認会計士等の異動に関するお知らせ.pdf
   ✅ 保存: 7532_0830_パンパシフィックHD_(株)パン・パシフィック・インターナショナルホールディングス(PPIH)と(株)Olympicグループの株式交換契約締結及びPPIHの子会社異動のお知らせ.pdf
   ✅ 保存: 8289_0830_OlympicG_(株)パン・パシフィック・インターナショナルホールディングス(PPIH)と(株)Olympicグループの株式交換契約締結及びPPIHの子会社異動のお知らせ.pdf
   ✅ 保存: 8289_0830_OlympicG_2026年2月期の期末配当予想の修正(無配)に関するお知らせ.pdf
   ✅ 保存: 8289_0830_OlympicG_2026年2月期通期連結業績予想の修正に関するお知らせ.pdf
   ✅ 保存: 3612_0800_ワールド_(訂正・数値データ訂正)「2026年2月期 決算短信〔IFRS〕(連結)」の一部訂正について.pdf
   ✅ 保存: 548A_0800_システムエグゼ_東京証券取引所スタンダード市場への上場に伴う当社決算情報等のお知らせ.pdf
   ...Page 003 を確認中
   📝 一覧CSV保存: TDnet_Sorted_20260406.csv
   📝 一覧CSV保存（ルート）: TDnet_Sorted_20260406.csv
   📊 日別統計: page_access=3, pdf_success=145, excluded=20

============================================================
✅ ①完了（範囲取得）
   期間: 20260406 ～ 20260406 （mode=day）
   一覧ページアクセス合計: 3
   PDFダウンロード成功合計: 145
   除外件数合計: 20
   保存ルート: G:\マイドライブ\TDnet_Downloads
ルート: G:\マイドライブ\TDnet_Downloads
対象指定: 20260406 mode= day from= 20260406 to= 20260406
対象フォルダ数: 1
検索キーワード: ['価格交渉', '増産', '価格改定', '価格転嫁', '値上', '想定以上', '上方修正', '下方修正', '想定以下', '未達', '大幅', '計画を上', '計画を下', '計画以', '需要回復', '需要の回復', '需要が増', '需要が低', '悪化', 'グローバルニッチトップ', 'トップシェア', 'シェア拡大', 'レアアース']
総PDF数（推定）: 145
[1/1] 日付フォルダ 20260406 を処理中... (このフォルダ内PDF数: 145)
  進捗: 50/145 件のPDFを解析済み
  進捗: 100/145 件のPDFを解析済み
  進捗: 145/145 件のPDFを解析済み
  → 日付フォルダ 20260406 のヒットPDF数: 31

✅ ②A 完了（解析専用・キーワード別ページ列）
解析PDF数: 145
ヒットPDF数: 31
出力CSV: Analysis_Hits_free_word_20260406.csv
保存先: G:\マイドライブ\TDnet_Downloads

✅ ②B 完了（配布用CSV作成・キーワード別ページ列）
出力: PDF_Search_Result_Distribution_free_word_20260406_sh.csv
キーワード列: ['価格交渉', '増産', '価格改定', '価格転嫁', '値上', '想定以上', '上方修正', '下方修正', '想定以下', '未達', '大幅', '計画を上', '計画を下', '計画以', '需要回復', '需要の回復', '需要が増', '需要が低', '悪化', 'グローバルニッチトップ', 'トップシェア', 'シェア拡大', 'レアアース']
突合除外件数: 0
空欄アラート件数: 0
