============================================
 TDnet auto run: 20260706
 Start: 2026-07-06 23:00:01
============================================

$ C:\Users\onok\AppData\Local\Python\pythoncore-3.14-64\python.exe -u ①_tdnetアクセスしてダウンロードする処理（月日付別フォルダ保存）.py --target 20260706 --save-root G:\マイドライブ\TDnet_Downloads
🎯 対象指定: 20260706（mode=day, from=20260706, to=20260706）
📁 保存ルート: G:\マイドライブ\TDnet_Downloads

============================================================
📅 日付: 20260706 を処理します
   ...Page 001 を確認中
   ✅ 保存: 4331_1830_T&Gニーズ_(再訂正・数値データ訂正)「2025年12年期 決算短信〔日本基準〕(連結)」の一部訂正について.pdf
   ✅ 保存: 7678_1830_あさくま_2027年1月期6月度売上高前年対比等のお知らせ.pdf
   ✅ 保存: 5214_1820_日電硝_複合材事業の構造改革に伴う米国連結子会社(孫会社)シェルビー工場の生産活動停止及びレキシントン工場の譲渡に関するお知らせ.pdf
   ✅ 保存: 3287_1815_R-星野_ポートフォリオ運営実績に関するお知らせ(2026年5月度).pdf
   ✅ 保存: 4935_1800_リベルタ_第7回新株予約権(行使価額修正条項付)の大量行使に関するお知らせ.pdf
   ✅ 保存: 4883_1710_G-モダリス_第三者割当により発行された第19回新株予約権(行使価額修正条項付)の大量行使に関するお知らせ.pdf
   ✅ 保存: 5246_1700_G-ELEMENTS_経済産業省およびNEDOの公募「データエコシステムの構築等に関する研究開発(GENIAC)」に採択に関する発表.pdf
   ✅ 保存: 8897_1700_ミラースHD_株式報酬型ストックオプション(B種新株予約権)の発行に関するお知らせ.pdf
   ✅ 保存: 9235_1700_G-売れるネットG_定款の一部変更に関するお知らせ.pdf
   ✅ 保存: 9327_1700_イー・ロジット_新役員体制に関するお知らせ.pdf
   ✅ 保存: 3538_1630_ウイルプラスHD_当社子会社による事業譲受に関するお知らせ.pdf
   ✅ 保存: 8154_1630_加賀電子_(再訂正)「譲渡制限付株式報酬としての自己株式の処分に関するお知らせ」一部訂正の件.pdf
   ✅ 保存: 8783_1630_abc_暗号資産ディーリング事業の撤退に関するお知らせ.pdf
   ✅ 保存: 8783_1630_abc_第19回新株予約権の一部取得及び消却に関するお知らせ.pdf
   ✅ 保存: 8783_1630_abc_第三者割当による第1回無担保社債(私募債)及び第20回新株予約権(行使価額修正条項付)の発行及び第19回新株予約権の一部取得及び消却に関するお知らせ.pdf
   ✅ 保存: 8952_1630_R-ジャパン_資産運用会社における取締役等の異動に関するお知らせ.pdf
   ✅ 保存: 9713_1630_ロイヤルホテル_役員の異動に関するお知らせ.pdf
   ✅ 保存: 9849_1630_共同紙_雇用調整助成金支給決定取消及び返還通知書受領並びに返還額の確定に関するお知らせ.pdf
   ✅ 保存: 9972_1630_アルテック_2026年11月期 第2四半期(中間期)決算短信〔日本基準〕(連結).pdf
   ✅ 保存: 1992_1600_神田通機_当社及び当社の子会社の従業員に対する譲渡制限付株式報酬としての自己株式の処分に関するお知らせ.pdf
   ✅ 保存: 1992_1600_神田通機_譲渡制限付株式報酬としての自己株式の処分に関するお知らせ.pdf
   ✅ 保存: 2300_1600_きょくと_2027年2月期第1四半期決算短信〔日本基準〕(非連結).pdf
   ✅ 保存: 2300_1600_きょくと_貸倒引当金繰入額(営業外費用)の計上に関するお知らせ.pdf
   ✅ 保存: 2300_1600_きょくと_特別利益の計上に関するお知らせ.pdf
   ✅ 保存: 2338_1600_クオンタムS_完全子会社における業務協力及び資金支援契約の締結並びに無利息借入れに関するお知らせ.pdf
   ✅ 保存: 3189_1600_ANAP_臨時株主総会招集のための基準日設定及び臨時株主総会開催に関するお知らせ.pdf
   ✅ 保存: 3750_1600_ADRバイオメディカ_男性腹圧性尿失禁治療用医療機器「セルーション セルセラピーキット SUI」保険適用手続きの進捗に関するお知らせ.pdf
   ✅ 保存: 4004_1600_レゾナックHD_クラサスケミカル(石油化学事業)のパーシャル・スピンオフに関するアップデートのお知らせ.pdf
   ✅ 保存: 4004_1600_レゾナックHD_2028年満期ユーロ円建転換社債型新株予約権付社債の転換価額の調整に関するお知らせ.pdf
   ✅ 保存: 4387_1600_G-ZUU_(訂正)「当社連結子会社によるファンド(特定子会社)の設立に関するお知らせ」の一部訂正 について.pdf
   ✅ 保存: 484A_1600_P-ニューズドテック_定款一部変更に関するお知らせ.pdf
   ✅ 保存: 5982_1600_マルゼン_譲渡制限付株式報酬としての自己株式処分の払込完了に関するお知らせ.pdf
   ✅ 保存: 6146_1600_ディスコ_2027年3月期 第1四半期 個別売上高および出荷額の速報値に関するお知らせ.pdf
   ✅ 保存: 7259_1600_アイシン_自己株式の取得状況に関するお知らせ.pdf
   ✅ 保存: 7674_1600_G-NATTYHD_第三者割当による行使価額修正条項付第3回及び第4回新株予約権(停止指定条項付)の発行に係る払込完了に関するお知らせ.pdf
   ✅ 保存: 7984_1600_コクヨ_自己株式の取得状況に関するお知らせ.pdf
   ✅ 保存: 9237_1600_G-笑美面_連結子会社によるリースによる固定資産の賃貸借に関するお知らせ.pdf
   ✅ 保存: 9425_1600_ReYuuJapan_新株予約権付社債発行プログラム設定契約に基づく第三者割当による第2回無担保転換社債型新株予約権付社債の発行に係る払込完了に関するお知らせ.pdf
   ✅ 保存: 137A_1530_G-Cocolive_自己株式の取得状況に関するお知らせ.pdf
   ✅ 保存: 149A_1530_G-シンカ_第三者割当による新株式の発行に係る払込完了に関するお知らせ.pdf
   ✅ 保存: 1882_1530_東亜道_譲渡制限付株式報酬としての自己株式の処分に関するお知らせ.pdf
   ✅ 保存: 1882_1530_東亜道_従業員持株会向け譲渡制限付株式インセンティブとしての自己株式の処分に関するお知らせ.pdf
   ✅ 保存: 2334_1530_G-イオレ_シンエネルギー開発株式会社との業務提携に関する基本合意書締結のお知らせ.pdf
   ✅ 保存: 2501_1530_サッポロビール_カールスバーグ社との戦略的資本業務提携に関するお知らせ.pdf
   ✅ 保存: 262A_1530_インターメスティック_2026年6月度(2026年12月期)国内月次売上速報.pdf
   ✅ 保存: 2669_1530_カネ美食品_2026年6月度の売上高のお知らせ.pdf
   ✅ 保存: 2702_1530_マクドナルド_月次IRニュース.pdf
   ✅ 保存: 2735_1530_ワッツ_2026年8月期6月度 月次売上高対前年同月比及び店舗数推移に関するお知らせ.pdf
   ✅ 保存: 2782_1530_セリア_2026年6月度の月次売上高前年比及び店舗数.pdf
   ✅ 保存: 2789_1530_カルラ_2027年2月期 第1四半期決算短信〔日本基準〕(連結).pdf
   ✅ 保存: 2789_1530_カルラ_特別損失の計上に関するお知らせ.pdf
   ✅ 保存: 2789_1530_カルラ_(第55期) 2026年6月の売上推移速報に関するお知らせ.pdf
   ✅ 保存: 278A_1530_G-テラドローン_第三者割当による第18回新株予約権乃至第22回新株予約権及び第23回新株予約権乃至第27回新株予約権の発行に係る払込完了に関するお知らせ.pdf
   ✅ 保存: 3160_1530_大光_特別損失の計上及び業績予想の修正に関するお知らせ.pdf
   ✅ 保存: 3186_1530_ネクステージ_2026年11月期 第2四半期(中間期)決算短信〔日本基準〕(連結).pdf
   ✅ 保存: 3186_1530_ネクステージ_第2四半期(中間期)業績予想と実績の差異及び通期業績予想の修正に関するお知らせ.pdf
   ✅ 保存: 3222_1530_U.S.M.H_2027年2月期 第1四半期決算短信〔日本基準〕(連結).pdf
   ✅ 保存: 3321_1530_ミタチ_個別業績の前期実績との差異に関するお知らせ.pdf
   ✅ 保存: 3321_1530_ミタチ_2026年5月期 決算短信〔日本基準〕(連結).pdf
   ✅ 保存: 3321_1530_ミタチ_2026年5月期 決算説明.pdf
   ✅ 保存: 3433_1530_トーカロ_(取消)「主要株主の異動に関するお知らせ」の取消しに関するお知らせ.pdf
   ✅ 保存: 3664_1530_G-WIZE_第三者割当により発行された第39回新株予約権(行使価額修正条項付)の大量行使に関するお知らせ.pdf
   ✅ 保存: 3950_1530_ザ・パック_自己株式の取得状況に関するお知らせ.pdf
   ✅ 保存: 3983_1530_オロ_自己株式の取得状況に関するお知らせ.pdf
   ✅ 保存: 4318_1530_クイック_自己株式の取得状況に関するお知らせ(2026年6月度).pdf
   ✅ 保存: 4591_1530_G-リボミック_富士フイルム富山化学株式会社とのDDSアプタマーを応用したLNPのCDMOサービスに関する業務提携契約締結のお知らせ.pdf
   ✅ 保存: 471A_1530_NSグループ_株式会社アルファーの株式の取得(子会社化)に関するお知らせ.pdf
   ✅ 保存: 4732_1530_USS_2027年3月期第1四半期USSグループ中古車オークション実績(速報).pdf
   ✅ 保存: 485A_1530_G-パワーエックス_財務上の特約が付された金銭消費貸借契約の締結について.pdf
   ✅ 保存: 6093_1530_ミトラG_2027年2月期 第1四半期決算短信〔日本基準〕(連結).pdf
   ✅ 保存: 6093_1530_ミトラG_2027年2月期第1四半期 決算説明資料.pdf
   ✅ 保存: 6197_1530_ソラスト_株式併合並びに単元株式数の定めの廃止及び定款の一部変更の承認決議に関するお知らせ.pdf
   ✅ 保存: 6448_1530_ブラザー_自己株式の取得状況に関するお知らせ.pdf
   ✅ 保存: 6532_1530_ベイカレント_自己株式の取得状況に関するお知らせ.pdf
   ✅ 保存: 6544_1530_JESHD_自己株式の取得状況及び取得終了に関するお知らせ.pdf
   ✅ 保存: 6971_1530_京セラ_自己株式の取得状況に関するお知らせ.pdf
   ✅ 保存: 7038_1530_フロンティアM_譲渡制限付株式報酬としての新株発行の割当完了に関するお知らせ.pdf
   ✅ 保存: 7134_1530_アップガレージG_2027年3月期 6月度月次売上状況(速報)等について.pdf
   ✅ 保存: 7679_1530_薬王堂HD_2027年2月期 第1四半期決算短信〔日本基準〕(連結).pdf
   ✅ 保存: 7679_1530_薬王堂HD_2026年6月度 月次速報に関するお知らせ.pdf
   ✅ 保存: 7752_1530_リコー_自己株式の取得状況に関するお知らせ.pdf
   ✅ 保存: 8316_1530_三井住友_(開示事項の変更)株式分割により増加する株式数の変更に関するお知らせ.pdf
   ✅ 保存: 8729_1530_ソニーFG_米国子会社(特定子会社)設立に関するお知らせ.pdf
   ✅ 保存: 8818_1530_京阪神ビ_譲渡制限付株式報酬としての自己株式の処分の払込完了に関するお知らせ.pdf
   ✅ 保存: 8975_1530_R-いちごオフィス_ポートフォリオ稼働率速報値(2026年6月末時点)のお知らせ.pdf
   ✅ 保存: 9029_1530_ヒガシHD_譲渡制限付株式報酬としての自己株式の処分の払込完了に関するお知らせ.pdf
   ✅ 保存: 9278_1530_ブックオフGHD_2026年6月 月次の売上状況について.pdf
   ✅ 保存: 9433_1530_KDDI_自己株式の取得状況に関するお知らせ.pdf
   ✅ 保存: 9558_1530_G-ジャパニアス_2026年11月期第2四半期(中間期)決算短信〔日本基準〕(非連結).pdf
   ✅ 保存: 9558_1530_G-ジャパニアス_2026年11月期第2四半期決算説明会資料.pdf
   ✅ 保存: 9558_1530_G-ジャパニアス_剰余金の配当(中間配当)に関するお知らせ.pdf
   ✅ 保存: 9558_1530_G-ジャパニアス_自己株式取得に係る事項の決定に関するお知らせ(会社法第165条第2項の規定による定款の定めに基づく自己株式の取得).pdf
   ✅ 保存: 9842_1530_アークランズ_売上高前年同月比推移に関するお知らせ.pdf
   ✅ 保存: 9876_1530_コックス_2027年2月期 6月度 月次売上高前年比速報のお知らせ.pdf
   ✅ 保存: 490A_1500_P-センス・トラスト_販売用不動産の売却に関するお知らせ.pdf
   ✅ 保存: 8203_1500_MrMaxHD_2026年6月度 MrMax月次の売上状況について.pdf
   ✅ 保存: 3181_1430_買取王国_2026年6月 月次売上概況.pdf
   ✅ 保存: 8200_1430_リンガーハット_2026年6月度 月次情報.pdf
   ✅ 保存: 8923_1430_トーセイ_2026年11月期 第2四半期(中間期)決算短信〔IFRS〕(連結).pdf
   ...Page 002 を確認中
   ✅ 保存: 2687_1400_CVSベイ_2027年2月期月次業績(速報)に関するお知らせ.pdf
   ✅ 保存: 3058_1400_三洋堂HD_2027年3月期6月度の月次売上高前年比及び店舗数について.pdf
   ✅ 保存: 5333_1400_NGK_譲渡制限付株式報酬としての自己株式の処分に関するお知らせ.pdf
   ✅ 保存: 9889_1400_JBCC HD_譲渡制限付株式としての自己株式の処分に関するお知らせ.pdf
   ✅ 保存: 2722_1330_IKホールディングス_2026年6月度連結月次情報のお知らせ.pdf
   ✅ 保存: 9305_1320_ヤマタネ_譲渡制限付株式報酬としての自己株式の処分の払込完了及び一部失権に関するお知らせ.pdf
   ✅ 保存: 543A_1300_ARCHION_株式の売出し及びその他の関係会社の異動に関するお知らせ.pdf
   ✅ 保存: 8818_1300_京阪神ビ_固定資産の譲渡方針の決定に関するお知らせ.pdf
   ✅ 保存: 9900_1300_サガミHD_株式分割、株式分割に伴う定款の一部変更、 期末配当予想の修正及び株主優待制度の一部変更に関するお知らせ.pdf
   ✅ 保存: 9904_1300_ベリテ_2026年6月度 前年比速報.pdf
   ✅ 保存: 4591_1230_G-リボミック_軟骨無形成症治療薬(umedaptanib pegol)に対する令和8年度希少疾病用医薬品等試験研究助成金交付決定のお知らせ.pdf
   ✅ 保存: 7095_1230_MacbeeP_代表取締役の異動内定に関するお知らせ.pdf
   ✅ 保存: 3719_1200_AIストーム_Aurora Mobile株式会社との業務提携のに関するお知らせ.pdf
   ✅ 保存: 428A_1200_サイプレスHD_2026年8月期6月度売上速報についてのお知らせ.pdf
   ✅ 保存: 8914_1200_エリアリンク_2026年6月度 月次実績.pdf
   ✅ 保存: 587A_1155_E-インベスコQQQ_インベスコQQQトラスト シリーズ1 に関する日々の開示事項.pdf
   ✅ 保存: 1326_1150_E-ワールド_SPDRゴールド・シェアに関する日々の開示事項.pdf
   ✅ 保存: 9934_1130_因幡電産_従業員持株会向け譲渡制限付株式インセンティブとしての自己株式の処分の払込完了に関するお知らせ.pdf
   ✅ 保存: 3317_1030_フライングG_2027年3月期6月度 月次業績のお知らせ.pdf
   ✅ 保存: 4272_1030_日化薬_自己株式の取得状況に関するお知らせ.pdf
   ✅ 保存: 8255_1030_アクシアル_6月度月次業績推移(前年比).pdf
   ✅ 保存: 2926_1000_篠崎屋_2026年9月期 6月度月次店舗売上のお知らせ.pdf
   ✅ 保存: 7049_1000_G-識学_2027年2月期プラットフォームサービス月次売上高(6月度)のお知らせ.pdf
   ✅ 保存: 6890_0855_フェローテック_2028年満期ユーロ円建転換社債型新株予約権付社債の転換価額の調整に伴う追加株式付与(自己株式処分)に関するお知らせ.pdf
   ✅ 保存: 6890_0855_フェローテック_2028年満期ユーロ円建転換社債型新株予約権付社債の月間行使状況に関するお知らせ.pdf
   ✅ 保存: 186A_0800_G-アストロスケール_当社取締役に対する事後交付型株式報酬制度の導入に関するお知らせ.pdf
   ✅ 保存: 186A_0800_G-アストロスケール_資本金及び資本準備金の額の減少並びに剰余金の処分に関するお知らせ.pdf
   ✅ 保存: 186A_0800_G-アストロスケール_(訂正・数値データ訂正)「2026年4月期 決算短信〔IFRS〕(連結)」の一部訂正に関するお知らせ.pdf
   ...Page 003 を確認中
   📝 一覧CSV保存: TDnet_Sorted_20260706.csv
   📝 一覧CSV保存（ルート）: TDnet_Sorted_20260706.csv
   📊 日別統計: page_access=3, pdf_success=127, excluded=43

============================================================
✅ ①完了（範囲取得）
   期間: 20260706 ～ 20260706 （mode=day）
   一覧ページアクセス合計: 3
   PDFダウンロード成功合計: 127
   除外件数合計: 43
   保存ルート: G:\マイドライブ\TDnet_Downloads

$ C:\Users\onok\AppData\Local\Python\pythoncore-3.14-64\python.exe -u ②a②bは２つフリーワード検索.py analyze --target 20260706 --save-root G:\マイドライブ\TDnet_Downloads --keywords 価格交渉 増産 価格改定 価格転嫁 値上 想定以上 上方修正 下方修正 想定以下 未達 大幅 計画を上 計画を下 計画以 需要回復 需要の回復 需要が増 需要が低 悪化 グローバルニッチトップ トップシェア シェア拡大 レアアース
ルート: G:\マイドライブ\TDnet_Downloads
対象指定: 20260706 mode= day from= 20260706 to= 20260706
対象フォルダ数: 1
検索キーワード: ['価格交渉', '増産', '価格改定', '価格転嫁', '値上', '想定以上', '上方修正', '下方修正', '想定以下', '未達', '大幅', '計画を上', '計画を下', '計画以', '需要回復', '需要の回復', '需要が増', '需要が低', '悪化', 'グローバルニッチトップ', 'トップシェア', 'シェア拡大', 'レアアース']
総PDF数（推定）: 127
[1/1] 日付フォルダ 20260706 を処理中... (このフォルダ内PDF数: 127)
  進捗: 50/127 件のPDFを解析済み
  進捗: 100/127 件のPDFを解析済み
  進捗: 127/127 件のPDFを解析済み
  → 日付フォルダ 20260706 のヒットPDF数: 14

✅ ②A 完了（解析専用・キーワード別ページ列）
解析PDF数: 127
ヒットPDF数: 14
出力CSV: Analysis_Hits_free_word_20260706.csv
保存先: G:\マイドライブ\TDnet_Downloads

$ C:\Users\onok\AppData\Local\Python\pythoncore-3.14-64\python.exe -u ②a②bは２つフリーワード検索.py distribute --target 20260706 --save-root G:\マイドライブ\TDnet_Downloads --no-stop-on-empty-meta

✅ ②B 完了（配布用CSV作成・キーワード別ページ列）
出力: PDF_Search_Result_Distribution_free_word_20260706_sh.csv
キーワード列: ['価格交渉', '増産', '価格改定', '価格転嫁', '値上', '想定以上', '上方修正', '下方修正', '想定以下', '未達', '大幅', '計画を上', '計画を下', '計画以', '需要回復', '需要の回復', '需要が増', '需要が低', '悪化', 'グローバルニッチトップ', 'トップシェア', 'シェア拡大', 'レアアース']
突合除外件数: 0
空欄アラート件数: 0

============================================
 Done: 2026-07-06 23:02:34
============================================
