🎯 対象指定: 20260407（mode=day, from=20260407, to=20260407）
📁 保存ルート: G:\マイドライブ\TDnet_Downloads

============================================================
📅 日付: 20260407 を処理します
   ...Page 001 を確認中
   ...Page 002 を確認中
   ...Page 003 を確認中
   📝 一覧CSV保存: TDnet_Sorted_20260407.csv
   📝 一覧CSV保存（ルート）: TDnet_Sorted_20260407.csv
   📊 日別統計: page_access=3, pdf_success=0, excluded=19

============================================================
✅ ①完了（範囲取得）
   期間: 20260407 ～ 20260407 （mode=day）
   一覧ページアクセス合計: 3
   PDFダウンロード成功合計: 0
   除外件数合計: 19
   保存ルート: G:\マイドライブ\TDnet_Downloads
ルート: G:\マイドライブ\TDnet_Downloads
対象指定: 20260407 mode= day from= 20260407 to= 20260407
対象フォルダ数: 1
検索キーワード: ['価格交渉', '増産', '価格改定', '価格転嫁', '値上', '想定以上', '上方修正', '下方修正', '想定以下', '未達', '大幅', '計画を上', '計画を下', '計画以', '需要回復', '需要の回復', '需要が増', '需要が低', '悪化', 'グローバルニッチトップ', 'トップシェア', 'シェア拡大', 'レアアース']
総PDF数（推定）: 125
[1/1] 日付フォルダ 20260407 を処理中... (このフォルダ内PDF数: 125)
  進捗: 50/125 件のPDFを解析済み
  進捗: 100/125 件のPDFを解析済み
  進捗: 125/125 件のPDFを解析済み
  → 日付フォルダ 20260407 のヒットPDF数: 15
🗂 既存ファイルをアーカイブへ退避: Analysis_Hits_free_word_20260407_20260407-231227.csv

✅ ②A 完了（解析専用・キーワード別ページ列）
解析PDF数: 125
ヒットPDF数: 15
出力CSV: Analysis_Hits_free_word_20260407.csv
保存先: G:\マイドライブ\TDnet_Downloads
🗂 既存ファイルをアーカイブへ退避: PDF_Search_Result_Distribution_free_word_20260407_sh_20260407-231228.csv

✅ ②B 完了（配布用CSV作成・キーワード別ページ列）
出力: PDF_Search_Result_Distribution_free_word_20260407_sh.csv
キーワード列: ['価格交渉', '増産', '価格改定', '価格転嫁', '値上', '想定以上', '上方修正', '下方修正', '想定以下', '未達', '大幅', '計画を上', '計画を下', '計画以', '需要回復', '需要の回復', '需要が増', '需要が低', '悪化', 'グローバルニッチトップ', 'トップシェア', 'シェア拡大', 'レアアース']
突合除外件数: 0
空欄アラート件数: 0
🎯 対象指定: 20260407（mode=day, from=20260407, to=20260407）
📁 保存ルート: G:\マイドライブ\TDnet_Downloads

============================================================
📅 日付: 20260407 を処理します
   ...Page 001 を確認中
   ...Page 002 を確認中
   ...Page 003 を確認中
   📝 一覧CSV保存: TDnet_Sorted_20260407.csv
   📝 一覧CSV保存（ルート）: TDnet_Sorted_20260407.csv
   📊 日別統計: page_access=3, pdf_success=0, excluded=19

============================================================
✅ ①完了（範囲取得）
   期間: 20260407 ～ 20260407 （mode=day）
   一覧ページアクセス合計: 3
   PDFダウンロード成功合計: 0
   除外件数合計: 19
   保存ルート: G:\マイドライブ\TDnet_Downloads
ルート: G:\マイドライブ\TDnet_Downloads
対象指定: 20260407 mode= day from= 20260407 to= 20260407
対象フォルダ数: 1
検索キーワード: ['価格交渉', '増産', '価格改定', '価格転嫁', '値上', '想定以上', '上方修正', '下方修正', '想定以下', '未達', '大幅', '計画を上', '計画を下', '計画以', '需要回復', '需要の回復', '需要が増', '需要が低', '悪化', 'グローバルニッチトップ', 'トップシェア', 'シェア拡大', 'レアアース']
総PDF数（推定）: 125
[1/1] 日付フォルダ 20260407 を処理中... (このフォルダ内PDF数: 125)
  進捗: 50/125 件のPDFを解析済み
  進捗: 100/125 件のPDFを解析済み
  進捗: 125/125 件のPDFを解析済み
  → 日付フォルダ 20260407 のヒットPDF数: 15
🗂 既存ファイルをアーカイブへ退避: Analysis_Hits_free_word_20260407_20260407-231303.csv

✅ ②A 完了（解析専用・キーワード別ページ列）
解析PDF数: 125
ヒットPDF数: 15
出力CSV: Analysis_Hits_free_word_20260407.csv
保存先: G:\マイドライブ\TDnet_Downloads
🗂 既存ファイルをアーカイブへ退避: PDF_Search_Result_Distribution_free_word_20260407_sh_20260407-231304.csv

✅ ②B 完了（配布用CSV作成・キーワード別ページ列）
出力: PDF_Search_Result_Distribution_free_word_20260407_sh.csv
キーワード列: ['価格交渉', '増産', '価格改定', '価格転嫁', '値上', '想定以上', '上方修正', '下方修正', '想定以下', '未達', '大幅', '計画を上', '計画を下', '計画以', '需要回復', '需要の回復', '需要が増', '需要が低', '悪化', 'グローバルニッチトップ', 'トップシェア', 'シェア拡大', 'レアアース']
突合除外件数: 0
空欄アラート件数: 0
🎯 対象指定: 20260407（mode=day, from=20260407, to=20260407）
📁 保存ルート: G:\マイドライブ\TDnet_Downloads

============================================================
📅 日付: 20260407 を処理します
   ...Page 001 を確認中
   ...Page 002 を確認中
   ...Page 003 を確認中
   📝 一覧CSV保存: TDnet_Sorted_20260407.csv
   📝 一覧CSV保存（ルート）: TDnet_Sorted_20260407.csv
   📊 日別統計: page_access=3, pdf_success=0, excluded=19

============================================================
✅ ①完了（範囲取得）
   期間: 20260407 ～ 20260407 （mode=day）
   一覧ページアクセス合計: 3
   PDFダウンロード成功合計: 0
   除外件数合計: 19
   保存ルート: G:\マイドライブ\TDnet_Downloads
ルート: G:\マイドライブ\TDnet_Downloads
対象指定: 20260407 mode= day from= 20260407 to= 20260407
対象フォルダ数: 1
検索キーワード: ['価格交渉', '増産', '価格改定', '価格転嫁', '値上', '想定以上', '上方修正', '下方修正', '想定以下', '未達', '大幅', '計画を上', '計画を下', '計画以', '需要回復', '需要の回復', '需要が増', '需要が低', '悪化', 'グローバルニッチトップ', 'トップシェア', 'シェア拡大', 'レアアース']
総PDF数（推定）: 125
[1/1] 日付フォルダ 20260407 を処理中... (このフォルダ内PDF数: 125)
  進捗: 50/125 件のPDFを解析済み
  進捗: 100/125 件のPDFを解析済み
  進捗: 125/125 件のPDFを解析済み
  → 日付フォルダ 20260407 のヒットPDF数: 15
🗂 既存ファイルをアーカイブへ退避: Analysis_Hits_free_word_20260407_20260407-231342.csv

✅ ②A 完了（解析専用・キーワード別ページ列）
解析PDF数: 125
ヒットPDF数: 15
出力CSV: Analysis_Hits_free_word_20260407.csv
保存先: G:\マイドライブ\TDnet_Downloads
🗂 既存ファイルをアーカイブへ退避: PDF_Search_Result_Distribution_free_word_20260407_sh_20260407-231343.csv

✅ ②B 完了（配布用CSV作成・キーワード別ページ列）
出力: PDF_Search_Result_Distribution_free_word_20260407_sh.csv
キーワード列: ['価格交渉', '増産', '価格改定', '価格転嫁', '値上', '想定以上', '上方修正', '下方修正', '想定以下', '未達', '大幅', '計画を上', '計画を下', '計画以', '需要回復', '需要の回復', '需要が増', '需要が低', '悪化', 'グローバルニッチトップ', 'トップシェア', 'シェア拡大', 'レアアース']
突合除外件数: 0
空欄アラート件数: 0
🎯 対象指定: 20260407（mode=day, from=20260407, to=20260407）
📁 保存ルート: G:\マイドライブ\TDnet_Downloads

============================================================
📅 日付: 20260407 を処理します
   ...Page 001 を確認中
   ...Page 002 を確認中
   ...Page 003 を確認中
   📝 一覧CSV保存: TDnet_Sorted_20260407.csv
   📝 一覧CSV保存（ルート）: TDnet_Sorted_20260407.csv
   📊 日別統計: page_access=3, pdf_success=0, excluded=19

============================================================
✅ ①完了（範囲取得）
   期間: 20260407 ～ 20260407 （mode=day）
   一覧ページアクセス合計: 3
   PDFダウンロード成功合計: 0
   除外件数合計: 19
   保存ルート: G:\マイドライブ\TDnet_Downloads
'hon' is not recognized as an internal or external command,
operable program or batch file.
ルート: G:\マイドライブ\TDnet_Downloads
対象指定: 20260407 mode= day from= 20260407 to= 20260407
対象フォルダ数: 1
検索キーワード: ['価格交渉', '増産', '価格改定', '価格転嫁', '値上', '想定以上', '上方修正', '下方修正', '想定以下', '未達', '大幅', '計画を上', '計画を下', '計画以', '需要回復', '需要の回復', '需要が増', '需要が低', '悪化', 'グローバルニッチトップ', 'トップシェア', 'シェア拡大', 'レアアース']
総PDF数（推定）: 125
[1/1] 日付フォルダ 20260407 を処理中... (このフォルダ内PDF数: 125)
  進捗: 50/125 件のPDFを解析済み
  進捗: 100/125 件のPDFを解析済み
  進捗: 125/125 件のPDFを解析済み
  → 日付フォルダ 20260407 のヒットPDF数: 15
🗂 既存ファイルをアーカイブへ退避: Analysis_Hits_free_word_20260407_20260407-231408.csv

✅ ②A 完了（解析専用・キーワード別ページ列）
解析PDF数: 125
ヒットPDF数: 15
出力CSV: Analysis_Hits_free_word_20260407.csv
保存先: G:\マイドライブ\TDnet_Downloads
🗂 既存ファイルをアーカイブへ退避: PDF_Search_Result_Distribution_free_word_20260407_sh_20260407-231409.csv

✅ ②B 完了（配布用CSV作成・キーワード別ページ列）
出力: PDF_Search_Result_Distribution_free_word_20260407_sh.csv
キーワード列: ['価格交渉', '増産', '価格改定', '価格転嫁', '値上', '想定以上', '上方修正', '下方修正', '想定以下', '未達', '大幅', '計画を上', '計画を下', '計画以', '需要回復', '需要の回復', '需要が増', '需要が低', '悪化', 'グローバルニッチトップ', 'トップシェア', 'シェア拡大', 'レアアース']
突合除外件数: 0
空欄アラート件数: 0
