🎯 対象指定: 20260420（mode=day, from=20260420, to=20260420）
📁 保存ルート: G:\マイドライブ\TDnet_Downloads

============================================================
📅 日付: 20260420 を処理します
   ...Page 001 を確認中
   ✅ 保存: 2337_1905_いちご_当社役員人事のお知らせ.pdf
   ✅ 保存: 2338_1815_クオンタムS_連結子会社による資金の借入の返済の完了に関するお知らせ.pdf
   ✅ 保存: 4784_1801_GMOインターネット_発行価格及び売出価格等の決定に関するお知らせ.pdf
   ✅ 保存: 9449_1801_GMO_連結子会社株式の売出しに伴う売出価格等の決定及び個別業績における特別利益の発生に関するお知らせ.pdf
   ✅ 保存: 2160_1800_G-GNI_がん関連肺合併症への適応拡大に向けたピルフェニドンの第1例目の被験者登録完了のお知らせ.pdf
   ✅ 保存: 6890_1800_フェローテック_再生ウエーハ事業での新会社設立と設備投資(新工場建設)の実施、及び再生ウエーハ事業子会社(CRSM)子会社から持分法適用会社への異動に関するお知らせ.pdf
   ✅ 保存: 3260_1745_エスポア_(再延期)2026年2月期 決算発表の延期に関するお知らせ.pdf
   ✅ 保存: 1515_1730_日鉄鉱_米国における特定子会社の異動に関するお知らせ.pdf
   ✅ 保存: 1515_1730_日鉄鉱_アメリカ合衆国アリゾナ州Oracle Ridge銅探鉱プロジェクトへの参入契約締結に関するお知らせ.pdf
   ✅ 保存: 4506_1730_住友ファーマ_発行価格および売出価格等の決定に関するお知らせ.pdf
   ✅ 保存: 7595_1730_アルゴグラフ_取締役候補者選任に関するお知らせ.pdf
   ✅ 保存: 8143_1730_ラピーヌ_2026年2月期 決算短信[日本基準](連結).pdf
   ✅ 保存: 9941_1730_太洋物産_臨時株主総会招集のための基準日設定に関するお知らせ.pdf
   ✅ 保存: 2769_1715_ヴィレッジV_(訂正)「業務資本提携並びに第三者割当による第 7 回新株予約権及び 第1回無担保転換社債型新株予約権付社債の発行」の一部訂正について.pdf
   ✅ 保存: 3196_1715_ホットランドHD_発行価格及び売出価格等の決定に関するお知らせ.pdf
   ✅ 保存: 5856_1710_エルアイイーエイチ_元代表取締役に対する損害賠償請求訴訟の判決に関するお知らせ.pdf
   ✅ 保存: 1540_1700_純金信託_第16期(2025年1月21日~2026年1月20日)信託財産状況報告書.pdf
   ✅ 保存: 1541_1700_純プラ信_第16期(2025年1月21日~2026年1月20日)信託財産状況報告書.pdf
   ✅ 保存: 1542_1700_純銀信託_第16期(2025年1月21日~2026年1月20日)信託財産状況報告書.pdf
   ✅ 保存: 1543_1700_純パラ信_第16期(2025年1月21日~2026年1月20日)信託財産状況報告書.pdf
   ✅ 保存: 199A_1700_P-メディエア_株式名簿管理人変更に関するお知らせ.pdf
   ✅ 保存: 2375_1700_ギグワークス_(訂正)「譲渡制限付株式報酬としての自己株式の処分の払込完了に関するお知らせ」の一部訂正について.pdf
   ✅ 保存: 265A_1700_G-エイチエムコム_(開示事項の経過)一時会計監査人の選任に関するお知らせ.pdf
   ✅ 保存: 265A_1700_G-エイチエムコム_【補足説明資料】一時会計監査人の選任について.pdf
   ✅ 保存: 3024_1700_クリエイト_連結子会社の吸収合併(簡易合併・略式合併)に関するお知らせ.pdf
   ✅ 保存: 3024_1700_クリエイト_取締役(監査等委員である取締役を除く。)及び監査等委員である取締役候補者の選任に関するお知らせ.pdf
   ✅ 保存: 7603_1700_ジーイエット_(訂正・数値データ訂正)「2026年2月期 決算短信〔日本基準〕(非連結)」の一部訂正について.pdf
   ✅ 保存: 8958_1700_R-グロバル_第三者割当による新投資口発行における発行口数の確定に関するお知らせ.pdf
   ✅ 保存: 9435_1700_光通信_簡易株式交換による株式会社ICコーポレーションの完全子会社化に関する株式交換契約締結のお知らせ.pdf
   ✅ 保存: 9993_1700_ヤマザワ_2026年2月期 決算短信〔日本基準〕(連結).pdf
   ✅ 保存: 9993_1700_ヤマザワ_2026年2月期 決算参考資料.pdf
   ✅ 保存: 9993_1700_ヤマザワ_特別利益の計上及び連結業績予想と実績の差異に関するお知らせ.pdf
   ✅ 保存: 9388_1645_Q-パパネッツ_株式の立会外分売実施に関するお知らせ.pdf
   ✅ 保存: 1711_1630_SDSHD_第三者割当による第10回新株予約権(行使価額修正選択権付)の発行に関するお知らせ.pdf
   ✅ 保存: 1711_1630_SDSHD_エスクリプトエナジー株式会社との業務提携契約締結に関するお知らせ~デジタル資産およびAIデータセンター分野における成長機会の創出~.pdf
   ✅ 保存: 190A_1630_G-Chordia_第三者割当により発行された第9回新株予約権(行使価額修正条項付)の大量行使に関するお知らせ.pdf
   ✅ 保存: 3189_1630_ANAP_当社グループによるビットコイン購入に関するお知らせ.pdf
   ✅ 保存: 3269_1630_R-ADR_資金の借入れ、借入金の返済及び期限前弁済に関するお知らせ.pdf
   ✅ 保存: 3387_1630_クリレスHD_剰余金の配当(期末配当)に関するお知らせ.pdf
   ✅ 保存: 3807_1630_G-フィスコ_東京証券取引所への「改善状況報告書」の提出に関するお知らせ.pdf
   ✅ 保存: 5572_1630_G-リッジアイ_臨時株主総会招集のための基準日設定に関するお知らせ.pdf
   ✅ 保存: 5721_1630_エスクリプトエナジー_株式会社SDSホールディングスへのアドバイザリー投資および同社との業務提携契約締結のお知らせ.pdf
   ✅ 保存: 6157_1630_日進工具_業績予想の修正に関するお知らせ.pdf
   ✅ 保存: 9401_1630_TBSHD_外国人等の議決権割合に関するお知らせ.pdf
   ✅ 保存: 9948_1630_アークス_当社株式の大規模買付行為に関する対応方針(買収への対応方針)における 独立委員会委員候補者変更に関するお知らせ.pdf
   ✅ 保存: 3121_1605_マーチャント_第三者割当による新株式及び第18回新株予約権の発行、主要株主の異動に関するお知らせ.pdf
   ✅ 保存: 3121_1605_マーチャント_臨時株主総会招集のための基準日設定の取消しに関するお知らせ.pdf
   ✅ 保存: 1447_1600_G-SAAFHD_特別調査委員会の調査報告書(中間報告)受領に関するお知らせ.pdf
   ✅ 保存: 2338_1600_クオンタムS_税制適格ストックオプション(新株予約権)に関するお知らせ.pdf
   ✅ 保存: 3105_1600_日清紡HD_譲渡制限付株式報酬としての新株式発行に関するお知らせ.pdf
   ✅ 保存: 3492_1600_R-MIRARTH_2026年2月期 決算短信(REIT).pdf
   ✅ 保存: 3492_1600_R-MIRARTH_2026年2月期 決算説明会資料.pdf
   ✅ 保存: 371A_1600_P-デージーネット_監査役の辞任及び監査役候補者の選任に関するお知らせ.pdf
   ✅ 保存: 371A_1600_P-デージーネット_臨時株主総会招集のための基準日設定及び臨時株主総会開催並びに付議議案の決定に関するお知らせ.pdf
   ✅ 保存: 3933_1600_チエル_通期業績予想の修正に関するお知らせ.pdf
   ✅ 保存: 4045_1600_東亜合_取締役等に対する譲渡制限付株式報酬としての自己株式の処分に関するお知らせ.pdf
   ✅ 保存: 4046_1600_大阪ソーダ_従業員持株会向け譲渡制限付株式インセンティブとしての自己株式の処分に関するお知らせ.pdf
   ✅ 保存: 4429_1600_G-リックソフト_会計監査人の異動に関するお知らせ.pdf
   ✅ 保存: 5244_1600_G-jig.jp_株式会社バチェラーデートの株式の取得(完全子会社化)に関するお知らせ.pdf
   ✅ 保存: 6572_1600_オープンG_剰余金の配当に関するお知らせ.pdf
   ✅ 保存: 7287_1600_日本精機_東洋電装株式会社の株式取得(子会社化)についての株式譲渡契約締結に関するお知らせ.pdf
   ✅ 保存: 7679_1600_薬王堂HD_定款の一部変更に関するお知らせ.pdf
   ✅ 保存: 7871_1600_フクビ化学工業_連結子会社における財務上の特約が付されたシンジケートローン契約の締結に関するお知らせ.pdf
   ✅ 保存: 8309_1600_三井住友トラストG_(訂正)「2026年3月期 第3四半期 決算説明資料」の一部訂正について.pdf
   ✅ 保存: 8699_1600_HSHD_ハーン銀行の2026年12月期第1四半期の業績に関するお知らせ.pdf
   ✅ 保存: 8739_1600_スパークス_役員人事に関するお知らせ.pdf
   ✅ 保存: 8961_1600_R-森トラスト_資金の借入れに関するお知らせ.pdf
   ✅ 保存: 9326_1600_G-関通HD_譲渡制限付株式報酬制度改定に関するお知らせ.pdf
   ✅ 保存: 9326_1600_G-関通HD_定款の一部変更及び剰余金の配当に関するお知らせ.pdf
   ✅ 保存: 9326_1600_G-関通HD_役員の異動に関するお知らせ.pdf
   ✅ 保存: 9418_1600_U-NEXT_当社子会社による新日本信用保証株式会社の株式取得に関するお知らせ.pdf
   ✅ 保存: 3733_1545_ソフトウェアS_2026年10月期 3月度月次売上高等に関するお知らせ.pdf
   ✅ 保存: 7357_1540_ジオコード_株主優待発送日の決定に関するお知らせ.pdf
   ✅ 保存: 8938_1540_G-グロームHD_連結子会社における暗号資産(ビットコイン)取得方針の決定に関するお知らせ.pdf
   ✅ 保存: 3788_1531_GMOGSHD_株式会社ストラテジットの株式取得(子会社化)に関するお知らせ.pdf
   ✅ 保存: 5250_1531_GMOプライム_2026年12月期 第1四半期決算説明会質疑応答集.pdf
   ✅ 保存: 1716_1530_第一カッター_連結子会社の吸収合併(簡易合併・略式合併)に関するお知らせ.pdf
   ✅ 保存: 2375_1530_ギグワークス_譲渡制限付株式報酬としての自己株式の処分の払込完了に関するお知らせ.pdf
   ✅ 保存: 2999_1530_ホームポジション_2026年8月期 第2四半期決算説明会資料.pdf
   ✅ 保存: 2999_1530_ホームポジション_2026年8月期 第2四半期決算説明会質疑応答.pdf
   ✅ 保存: 3038_1530_神戸物産_当社連結子会社による柏露酒造株式会社の株式取得(孫会社化)に関するお知らせ.pdf
   ✅ 保存: 3038_1530_神戸物産_2026年3月度 月次IRニュース.pdf
   ✅ 保存: 3075_1530_銚子丸_新任取締役候補者の選任に関するお知らせ.pdf
   ✅ 保存: 3079_1530_DVx_2026年3月期(累計)業績予想の修正に関するお知らせ.pdf
   ✅ 保存: 3353_1530_メディ一光G_(訂正・数値データ訂正) 「2026年2月期 決算短信[日本基準](連結)」の訂正について.pdf
   ✅ 保存: 3475_1530_グッドコムアセット_(開示事項の一部変更)マンション開発用地(東京都大田区南雪谷)取得に関するお知らせ.pdf
   ✅ 保存: 3562_1530_No.1_取締役候補者選任に関するお知らせ.pdf
   ✅ 保存: 3635_1530_コーエーテクモ_業績予想の修正に関するお知らせ.pdf
   ✅ 保存: 3659_1530_ネクソン_特定子会社(孫会社)の異動に関するお知らせ.pdf
   ✅ 保存: 366A_1530_G-ウェルネスC_ストック・オプション(新株予約権)の発行内容確定に関するお知らせ.pdf
   ✅ 保存: 3915_1530_テラスカイ_役員人事に関するお知らせ.pdf
   ✅ 保存: 3996_1530_サインポスト_2026年2月期 決算説明資料.pdf
   ...Page 002 を確認中
   ✅ 保存: 3996_1530_サインポスト_2027年2月期-2029年2月期 中期取り組み方針.pdf
   ✅ 保存: 4270_1530_G-BeeX_剰余金の配当に関するお知らせ.pdf
   ✅ 保存: 4382_1530_HEROZ_AKMコンサルティング株式会社の株式の取得に関するお知らせ.pdf
   ✅ 保存: 4382_1530_HEROZ_AKMコンサルティング株式会社の子会社化に関する補足資料.pdf
   ✅ 保存: 4382_1530_HEROZ_当社子会社株式に関する株式譲渡契約の締結について.pdf
   ✅ 保存: 4498_1530_G-サイバートラスト_主要株主、主要株主である筆頭株主及び親会社の異動に関するお知らせ (2026年4月1日付).pdf
   ✅ 保存: 4565_1530_ネクセラファーマ_アッヴィ社との神経疾患を対象とした創薬提携において10百万米ドルのマイルストンを受領.pdf
   ✅ 保存: 4587_1530_ペプチドリーム_創薬共同研究パートナーによる第1相臨床試験開始のお知らせ.pdf
   ✅ 保存: 4922_1530_コーセーHD_自己株式の取得状況および取得終了に関するお知らせ.pdf
   ✅ 保存: 5076_1530_インフロニアHD_取締役候補者の選任に関するお知らせ.pdf
   ✅ 保存: 5186_1530_ニッタ_社外取締役選任候補者の辞退及び新任取締役候補者に関するお知らせ.pdf
   ✅ 保存: 5186_1530_ニッタ_当社株式の大規模買付行為に関わる対応方針(買収防衛策)に基づく独立委員会委員の一部交代に関するお知らせ.pdf
   ✅ 保存: 6037_1530_楽待_自己株式の取得状況及び取得終了に関するお知らせ.pdf
   ✅ 保存: 6045_1530_G-レントラックス_2026年3月期3月度の月次売上高等のお知らせ(連結範囲の変更等に関する補足を含む).pdf
   ✅ 保存: 6183_1530_ベル24HD_剰余金の配当に関するお知らせ.pdf
   ✅ 保存: 6183_1530_ベル24HD_取締役・補欠監査役候補者の選任に関するお知らせ.pdf
   ✅ 保存: 6183_1530_ベル24HD_役員向け業績連動型株式報酬制度の継続および一部改定に関するお知らせ.pdf
   ✅ 保存: 6573_1530_G-CRAVIA_(開示事項の経過)ARTBOX日本展開本格始動 第1号店出店に向けた玉光堂との卸売契約締結のお知らせ.pdf
   ✅ 保存: 6769_1530_ザイン_譲渡制限付株式報酬としての自己株式の処分に関するお知らせ.pdf
   ✅ 保存: 6787_1530_メイコー_役員の異動に関するお知らせ.pdf
   ✅ 保存: 6838_1530_多摩川HD_第三者割当により発行された第16回新株予約権(行使価額修正選択権付)の大量行使に関するお知らせ.pdf
   ✅ 保存: 6995_1530_東海理電_2026年3月期決算発表の延期に関するお知らせ.pdf
   ✅ 保存: 7094_1530_G-NexTone_2026年4月1日現在における著作権管理楽曲数及び取扱原盤数のお知らせ.pdf
   ✅ 保存: 7183_1530_あんしん保証_業績予想の修正に関するお知らせ.pdf
   ✅ 保存: 7615_1530_京都きもの友禅HD_第6回新株予約権の取得及び消却の完了に関するお知らせ.pdf
   ✅ 保存: 7685_1530_G-BUYSELL_譲渡制限付株式報酬としての新株式発行の払込完了に関するお知らせ.pdf
   ✅ 保存: 7739_1530_キヤノン電子_当社株式の上場廃止に関するお知らせ.pdf
   ✅ 保存: 7815_1530_東京ボード工業_2026年2月期連結業績予想と実績値との差異に関するお知らせ.pdf
   ✅ 保存: 7815_1530_東京ボード工業_2026年2月期決算短信〔日本基準〕(連結).pdf
   ✅ 保存: 7815_1530_東京ボード工業_剰余金の配当(無配)に関するお知らせ.pdf
   ✅ 保存: 7975_1530_リヒトラブ_剰余金の配当に関するお知らせ.pdf
   ✅ 保存: 7975_1530_リヒトラブ_定款の一部変更に関するお知らせ.pdf
   ✅ 保存: 8560_1530_宮崎太銀_業績予想の修正に関するお知らせ.pdf
   ✅ 保存: 8560_1530_宮崎太銀_役員の異動に関するお知らせ.pdf
   ✅ 保存: 8572_1530_アコム_通期業績予想および配当予想の修正(増配)に関するお知らせ.pdf
   ✅ 保存: 8708_1530_アイザワ証G_2026年3月期 連結決算速報値に関するお知らせ.pdf
   ✅ 保存: 8737_1530_あかつき本社_住宅設備の供給条件調整等の報道に係る当社業績への影響について.pdf
   ✅ 保存: 8967_1530_R-ニホンロジ_資産運用会社における運用ガイドラインの変更に関するお知らせ.pdf
   ✅ 保存: 2461_1500_ファンコミ_確定期間型譲渡制限付株式報酬としての自己株式の処分の割当完了に関するお知らせ.pdf
   ✅ 保存: 3810_1500_サイバーステップHD_(訂正・数値データ訂正)2026年5月期 第3四半期決算短信〔日本基準〕(連結)の一部訂正について.pdf
   ✅ 保存: 5531_1500_P-中山不動産_販売用不動産取得のお知らせ.pdf
   ✅ 保存: 8163_1500_SRSHD_人事異動に関するお知らせ.pdf
   ✅ 保存: 9543_1500_静岡ガス_譲渡制限付株式報酬としての自己株式の処分の払込完了に関するお知らせ.pdf
   ✅ 保存: 3461_1400_パルマ_事業KPI 2026年9月期 3月度月次情報.pdf
   ✅ 保存: 8860_1400_フジ住宅_業績予想の修正に関するお知らせ.pdf
   ✅ 保存: 6085_1345_G-アーキテクツSJ_取締役の辞任及び主要部署の人事異動に関するお知らせ.pdf
   ✅ 保存: 8746_1330_unbanked_株主提案権行使に関する書面の受領に関するお知らせ.pdf
   ✅ 保存: 2117_1300_ウェルネオシュガー_取締役の異動および執行役員の退任に関するお知らせ.pdf
   ✅ 保存: 293A_1300_P-BABY JOB_2026年2月期 決算補足説明資料.pdf
   ✅ 保存: 4028_1300_石原産_連結子会社 富士チタン工業株式会社神戸工場における火災発生に関するお知らせ.pdf
   ✅ 保存: 6994_1300_指月電_取締役候補者の選任に関するお知らせ.pdf
   ✅ 保存: 7013_1300_IHI_固定資産の譲渡および譲渡益の計上に関するお知らせ.pdf
   ✅ 保存: 7524_1300_マルシェ_株式会社サンライズサービスとの業務提携契約締結に関するお知らせ.pdf
   ✅ 保存: 3776_1230_BBタワー_譲渡制限付株式報酬としての新株式の払込完了に関するお知らせ.pdf
   ✅ 保存: 4238_1230_ミライアル_布谷舶用計器工業株式会社の株式の取得(子会社化)に関するお知らせ.pdf
   ✅ 保存: 5869_1220_早稲田学習研究会_譲渡制限付株式報酬としての自己株式の処分に関するお知らせ.pdf
   ✅ 保存: 3557_1200_G-U&C_株主優待制度の一部変更に関する主なご質問および回答.pdf
   ✅ 保存: 5831_1200_しずおかFG_第2次中期経営計画策定のお知らせ.pdf
   ✅ 保存: 1326_1155_E-ワールド_SPDRゴールド・シェアに関する日々の開示事項.pdf
   ✅ 保存: 3121_1130_マーチャント_株式会社ウェルディッシュ株式取得にかかる株式売買取引の解除のお知らせ.pdf
   ✅ 保存: 6561_1130_G-HANATOUR_月次業績速報 2026年3月.pdf
   ✅ 保存: 8897_1130_ミラースHD_自己株式の取得結果及び取得終了に関するお知らせ(会社法第165条第2項の規定による定款の定めに基づく自己株式の取得).pdf
   ✅ 保存: 2780_1100_コメ兵HD_ブランド・ファッション事業の2026年3月期3月度月次に関するお知らせ.pdf
   ✅ 保存: 6059_1030_ウチヤマHD_サイバーセキュリティインシデントに関するお知らせ【第3報】.pdf
   ✅ 保存: 6224_1000_G-JRC_2026年2月期 通期決算説明会における質疑応答(要旨).pdf
   ✅ 保存: 7879_1000_ノダ_自己株式立会外買付取引(ToSTNeT-3)による自己株式の取得結果及び取得終了に関するお知らせ.pdf
   ✅ 保存: 402A_0830_G-アクセルスペース_(訂正)「2026年5月期 第3四半期 決算補足説明資料」の一部訂正及び資料の追加に関するお知らせ.pdf
   ✅ 保存: 7043_0830_G-アルー_取締役及び執行役員に対する譲渡制限付株式としての新株式発行に関するお知らせ.pdf
   ✅ 保存: 557A_0800_P-フェリエスト_東京証券取引所TOKYO PRO Marketへの上場に伴う当社決算情報等のお知らせ.pdf
   ✅ 保存: 557A_0800_P-フェリエスト_流動性プロバイダーの指定のお知らせ.pdf
   ✅ 保存: 557A_0800_P-フェリエスト_東京証券取引所TOKYO PRO Marketへの上場のお知らせ.pdf
   ...Page 003 を確認中
   📝 一覧CSV保存: TDnet_Sorted_20260420.csv
   📝 一覧CSV保存（ルート）: TDnet_Sorted_20260420.csv
   📊 日別統計: page_access=3, pdf_success=163, excluded=17

============================================================
✅ ①完了（範囲取得）
   期間: 20260420 ～ 20260420 （mode=day）
   一覧ページアクセス合計: 3
   PDFダウンロード成功合計: 163
   除外件数合計: 17
   保存ルート: G:\マイドライブ\TDnet_Downloads
ルート: G:\マイドライブ\TDnet_Downloads
対象指定: 20260420 mode= day from= 20260420 to= 20260420
対象フォルダ数: 1
検索キーワード: ['価格交渉', '増産', '価格改定', '価格転嫁', '値上', '想定以上', '上方修正', '下方修正', '想定以下', '未達', '大幅', '計画を上', '計画を下', '計画以', '需要回復', '需要の回復', '需要が増', '需要が低', '悪化', 'グローバルニッチトップ', 'トップシェア', 'シェア拡大', 'レアアース']
総PDF数（推定）: 163
[1/1] 日付フォルダ 20260420 を処理中... (このフォルダ内PDF数: 163)
  進捗: 50/163 件のPDFを解析済み
  進捗: 100/163 件のPDFを解析済み
  進捗: 150/163 件のPDFを解析済み
  進捗: 163/163 件のPDFを解析済み
  → 日付フォルダ 20260420 のヒットPDF数: 22

✅ ②A 完了（解析専用・キーワード別ページ列）
解析PDF数: 163
ヒットPDF数: 22
出力CSV: Analysis_Hits_free_word_20260420.csv
保存先: G:\マイドライブ\TDnet_Downloads

✅ ②B 完了（配布用CSV作成・キーワード別ページ列）
出力: PDF_Search_Result_Distribution_free_word_20260420_sh.csv
キーワード列: ['価格交渉', '増産', '価格改定', '価格転嫁', '値上', '想定以上', '上方修正', '下方修正', '想定以下', '未達', '大幅', '計画を上', '計画を下', '計画以', '需要回復', '需要の回復', '需要が増', '需要が低', '悪化', 'グローバルニッチトップ', 'トップシェア', 'シェア拡大', 'レアアース']
突合除外件数: 0
空欄アラート件数: 0
