============================================
 TDnet auto run: 20260616
 Start: 2026-06-16 23:00:02
============================================

$ C:\Users\onok\AppData\Local\Python\pythoncore-3.14-64\python.exe -u ①_tdnetアクセスしてダウンロードする処理（月日付別フォルダ保存）.py --target 20260616 --save-root G:\マイドライブ\TDnet_Downloads
🎯 対象指定: 20260616（mode=day, from=20260616, to=20260616）
📁 保存ルート: G:\マイドライブ\TDnet_Downloads

============================================================
📅 日付: 20260616 を処理します
   ...Page 001 を確認中
   ✅ 保存: 6493_1849_NITTAN_(開示事項の経過)持分法適用関連会社の異動(連結子会社化)の完了に関するお知らせ.pdf
   ✅ 保存: 4088_1815_エア・ウォーター_臨時株主総会招集のための基準日設定に関するお知らせ.pdf
   ✅ 保存: 9265_1800_ヤマシタヘルスケア_取締役会の実効性に関する評価結果の概要について.pdf
   ✅ 保存: 6594_1745_ニデック_第53期(2026年3月期)有価証券報告書の提出期限延長に係る承認申請の検討に関するお知らせ.pdf
   ✅ 保存: 7256_1745_河西工_主要株主の異動に関するお知らせ.pdf
   ✅ 保存: 7745_1740_A&DホロンHD_経済産業省による当社連結子会社への聴聞の通知について.pdf
   ✅ 保存: 1447_1730_G-SAAFHD_(開示事項の経過)株主による臨時株主総会招集請求に対する 当社の意見に関するお知らせ.pdf
   ✅ 保存: 2698_1730_キャンドゥ_役員等の異動に関するお知らせ.pdf
   ✅ 保存: 4446_1730_Link-Uグループ_連結子会社の異動(株式譲渡)に関するお知らせ.pdf
   ✅ 保存: 6465_1730_ホシザキ_企業価値向上に向けた戦略的提携について(ジャパン・アクティベーション・キャピタル株式会社との戦略的提携及び第三者割当による自己株式の処分).pdf
   ✅ 保存: 6465_1730_ホシザキ_自己株式取得に係る事項の決定に関するお知らせ.pdf
   ✅ 保存: 9401_1730_TBSHD_自己株式立会外買付取引(ToSTNeT-3)による自己株式の買付けに関するお知らせ.pdf
   ✅ 保存: 9934_1730_因幡電産_2026年3月期 決算説明会資料(書き起こし).pdf
   ✅ 保存: 1447_1700_G-SAAFHD_資金使途変更に関するお知らせ.pdf
   ✅ 保存: 185A_1700_P-リサイクルテック_TOKYO PRO Market への上場目的の開示について.pdf
   ✅ 保存: 2109_1700_DM三井製糖_資本コストや株価を意識した経営の実現に向けた対応について(アップデート).pdf
   ✅ 保存: 275A_1700_ハンワホームズ_資金の借入に関するお知らせ.pdf
   ✅ 保存: 2927_1700_AFC-HD_連結子会社株式会社さいか屋の第三者割当により発行された第1回新株予約権(行使価額修正条項付)の行使完了及び月間行使状況に関するお知らせ.pdf
   ✅ 保存: 402A_1700_G-アクセルスペース_Kongsberg Satellite Services AS(KSAT)と衛星通信用地上局アンテナ利用契約について合意.pdf
   ✅ 保存: 402A_1700_G-アクセルスペース_本社及び開発拠点の移転に関するお知らせ.pdf
   ✅ 保存: 4326_1700_インテージHD_役員・執行役員の委嘱事項の変更および組織変更ならびに人事異動に関するお知らせ.pdf
   ✅ 保存: 4326_1700_インテージHD_報告セグメントの変更に関するお知らせ.pdf
   ✅ 保存: 6376_1700_日機装_本社移転に関するお知らせ.pdf
   ✅ 保存: 8198_1700_MV東海_第31回 新株予約権(株式報酬型ストックオプション)の発行価額確定について.pdf
   ✅ 保存: 8254_1700_さいか屋_第三者割当により発行された第1回新株予約権(行使価額修正条項付)の行使完了及び月間行使状況に関するお知らせ.pdf
   ✅ 保存: 2753_1635_あみやき_取締役の再任・退任、監査役の再任及び新任執行役員に関するお知らせ.pdf
   ✅ 保存: 2872_1630_セイヒョー_譲渡制限付株式報酬としての自己株式の処分に関するお知らせ.pdf
   ✅ 保存: 3096_1630_オーシャン_自己株式の取得及び自己株式立会外買付取引(ToSTNeT-3)による自己株式の買付けに関するお知らせ.pdf
   ✅ 保存: 4920_1630_日本色材_譲渡制限付株式報酬としての自己株式処分に関するお知らせ.pdf
   ✅ 保存: 5137_1630_G-スマートドライブ_自己株式取得に係る事項の決定に関するお知らせ.pdf
   ✅ 保存: 2410_1600_キャリアDC_配当予想の修正(増配)に関するお知らせ.pdf
   ✅ 保存: 2883_1600_大冷_資本コストや株価を意識した経営の実現に向けた対応について.pdf
   ✅ 保存: 2989_1600_R-東海道リート_資金の借入れに関するお知らせ.pdf
   ✅ 保存: 3077_1600_ホリイフード_自己株式の取得結果及び取得終了に関するお知らせ.pdf
   ✅ 保存: 3202_1600_ダイトウボウ_資本コストや株価を意識した経営の実現に向けた対応の進捗について.pdf
   ✅ 保存: 370A_1600_P-リバイブル_(開示事項の経過)販売用不動産の売却及び借入金の期限前返済に関するお知らせ.pdf
   ✅ 保存: 370A_1600_P-リバイブル_(開示事項の経過)借入金の期限前返済に関するお知らせ.pdf
   ✅ 保存: 372A_1600_レント_代表取締役の異動(追加選定)及び役員人事に関するお知らせ.pdf
   ✅ 保存: 3979_1600_G-うるる_2026年5月 月次IRレポート (NJSS月次情報含む).pdf
   ✅ 保存: 4495_1600_G-アイキューブド_配当予想の修正(上場5周年記念配当)に関するお知らせ.pdf
   ✅ 保存: 4720_1600_城南進研_連結子会社からの配当金受領に関するお知らせ.pdf
   ✅ 保存: 4918_1600_アイビー_中東情勢の緊迫化による影響(続報)のお知らせ.pdf
   ✅ 保存: 5892_1600_G-yutori_支配株主等に関する事項について.pdf
   ✅ 保存: 5892_1600_G-yutori_事業計画及び成長可能性に関する事項.pdf
   ✅ 保存: 7036_1600_G-イーエムネットJ_東京証券取引所への「改善報告書」の提出に関するお知らせ.pdf
   ✅ 保存: 7079_1600_G-WDBココ_支配株主等に関する事項について.pdf
   ✅ 保存: 7150_1600_島根銀行_支配株主等に関する事項について.pdf
   ✅ 保存: 8395_1600_佐賀銀_自己株式の取得に係る事項の決定に関するお知らせ.pdf
   ✅ 保存: 9272_1600_G-ブティックス_自己株式取得に係る事項の決定(取得枠の拡大)に関するお知らせ.pdf
   ✅ 保存: 9326_1600_G-関通HD_譲渡制限付株式報酬としての自己株式処分に関するお知らせ.pdf
   ✅ 保存: 9344_1600_G-アクシスC_役員体制に関するお知らせ.pdf
   ✅ 保存: 4599_1545_G-ステムリム_再生誘導医薬レダセムチド(HMGB1断片ペプチド)の脂肪肝及び非アルコール性脂肪肝炎を適応症とした特許登録(ロシア)のお知らせ.pdf
   ✅ 保存: 278A_1540_G-テラドローン_(訂正)第三者割当による第18回新株予約権乃至第22回新株予約権(行使価額修正条項付)及び第23回新株予約権乃至第27回新株予約権の発行に関するお知らせ.pdf
   ✅ 保存: 7014_1540_名村造船_執行役員に対する譲渡制限付株式報酬制度の導入に関するお知らせ.pdf
   ✅ 保存: 8798_1540_アドバンスクリエイト_2026年5月度 当社の業績概要について.pdf
   ✅ 保存: 6645_1535_オムロン_当社子会社(オムロンヘルスケア株式会社)による株式会社松屋アールアンドディ株券等(証券コード_7317)に対する公開買付けの結果に関するお知らせ.pdf
   ✅ 保存: 7317_1535_G-松屋R&D_オムロンヘルスケア株式会社による当社株券等に対する公開買付けの結果並びに親会社、主要株主である筆頭株主及び主要株主の異動に関するお知らせ.pdf
   ✅ 保存: 1436_1531_G-グリーンエナジー_剰余金の配当及び定款の一部変更の定時株主総会付議に関するお知らせ.pdf
   ✅ 保存: 7177_1531_GMOFHD_株主優待実施のお知らせ.pdf
   ✅ 保存: 2157_1530_コシダカHD_特定子会社の解散及び清算に関するお知らせ.pdf
   ✅ 保存: 2432_1530_ディーエヌエー_当社持分法適用関連会社(GO株式会社)の東京証券取引所への株式上場及び当社所有の同社株式の一部売出しに伴う持分法投資利益の計上に関するお知らせ.pdf
   ✅ 保存: 3092_1530_ZOZO_自己株式取得に係る事項の決定及び自己株式の消却に関するお知らせ.pdf
   ✅ 保存: 3097_1530_物語コーポ_(訂正)「子会社増資(特定子会社化)に関するお知らせ」の一部訂正について.pdf
   ✅ 保存: 3204_1530_トーア紡_投資有価証券売却益(特別利益)の計上に関するお知らせ.pdf
   ✅ 保存: 3204_1530_トーア紡_自己株式の取得状況および取得終了に関するお知らせ.pdf
   ✅ 保存: 3544_1530_サツドラHD_内部調査委員会の調査報告書受領に関するお知らせ.pdf
   ✅ 保存: 3802_1530_エコミック_中期経営計画(2027年3月期~2031年3月期)策定のお知らせ.pdf
   ✅ 保存: 393A_1530_P-RitaX_東京証券取引所 TOKYO PRO Market への上場目的の開示について.pdf
   ✅ 保存: 3997_1530_トレードワークス_自己株式の取得状況及び取得終了に関するお知らせ.pdf
   ✅ 保存: 4021_1530_日産化_(訂正・数値データ訂正)「2026年3月期 決算短信〔日本基準〕(連結)」の一部訂正について.pdf
   ✅ 保存: 4264_1530_G-セキュア_株式会社テスコムジャパンの株式の取得(子会社化)に関するお知らせ.pdf
   ✅ 保存: 4265_1530_G-IGS_報告セグメント変更に関するお知らせ.pdf
   ✅ 保存: 4494_1530_バリオセキュア_自己株式の消却に関するお知らせ.pdf
   ✅ 保存: 5036_1530_日本ビジネスシステム_財務上の特約が付された金銭消費貸借契約の締結に関するお知らせ.pdf
   ✅ 保存: 5075_1530_アップコン_譲渡制限付株式報酬としての新株式の発行の払込完了に関するお知らせ.pdf
   ✅ 保存: 5903_1530_SHINPO_ヤマタケ総業株式会社による当社株券等に対する公開買付けの結果及び親会社の異動に関するお知らせ.pdf
   ✅ 保存: 5906_1530_エムケー精工_譲渡制限付株式報酬としての自己株式の処分に関するお知らせ.pdf
   ✅ 保存: 5939_1530_大谷工業_投資単位の引下げに関する考え方および方針について.pdf
   ✅ 保存: 6047_1530_Gunosy_ストック・オプション(新株予約権)の発行に関するお知らせ.pdf
   ✅ 保存: 6254_1530_野村マイクロ_(訂正・数値データ訂正)2026年3月期 決算短信〔日本基準〕(連結)の一部訂正について.pdf
   ✅ 保存: 6835_1530_アライドHD_自己株式取得に係る事項の決定に関するお知らせ.pdf
   ✅ 保存: 6960_1530_フクダ電子_代表取締役会長の異動(辞任)に関するお知らせ.pdf
   ✅ 保存: 6960_1530_フクダ電子_第79回定時株主総会付議議案の一部撤回及び修正に関するお知らせ.pdf
   ✅ 保存: 7282_1530_豊田合_(訂正)「定款の一部変更に関するお知らせ」の一部訂正のお知らせ.pdf
   ✅ 保存: 7740_1530_タムロン_長期ビジョンの定量目標刷新および 次期中期経営計画『 Value Up29 』骨子の策定に関するお知らせ.pdf
   ✅ 保存: 7740_1530_タムロン_配当予想の修正(増配)および株主還元方針の変更に関するお知らせ.pdf
   ✅ 保存: 7794_1530_G-イーディーピー_第三者割当による新株式及び第18回新株予約権(行使価額修正条項付)の発行に係る払込完了に関するお知らせ.pdf
   ✅ 保存: 8163_1530_SRSHD_株主優待制度の変更(拡充)に関するお知らせ.pdf
   ✅ 保存: 8572_1530_アコム_支配株主等に関する事項について.pdf
   ✅ 保存: 9007_1530_小田急_(訂正・数値データ訂正)「2026年3月期 決算短信〔日本基準〕(連結)」の一部訂正に関するお知らせ.pdf
   ✅ 保存: 9007_1530_小田急_(訂正)「2026年3月期 決算説明資料」の一部訂正に関するお知らせ.pdf
   ✅ 保存: 9163_1530_G-ナレルグループ_2026年5月度 KPIのお知らせ.pdf
   ✅ 保存: 9733_1530_ナガセ_支配株主等に関する事項について.pdf
   ✅ 保存: 9733_1530_ナガセ_公益財団法人 財務会計基準機構への加入状況について.pdf
   ✅ 保存: 9733_1530_ナガセ_非上場の親会社等の決算に関するお知らせ.pdf
   ✅ 保存: 9824_1530_泉州電業_(取消)「主要株主の異動に関するお知らせ」の取消しに関するお知らせ.pdf
   ✅ 保存: 1967_1500_ヤマト_譲渡制限付株式報酬としての自己株式の処分に関するお知らせ.pdf
   ✅ 保存: 2148_1500_ITM_2026年3月期 決算説明会 書き起こし.pdf
   ✅ 保存: 3191_1500_ジョイフル本田_(訂正)「役員人事に関するお知らせ」の一部訂正に関するお知らせ.pdf
   ✅ 保存: 4444_1500_G-インフォネット_2026年3月期通期決算に関する質疑応答集2.pdf
   ...Page 002 を確認中
   ✅ 保存: 4678_1500_秀英_支配株主等に関する事項について.pdf
   ✅ 保存: 5482_1500_愛知鋼_譲渡制限付株式報酬としての自己株式の処分に関するお知らせ.pdf
   ✅ 保存: 6143_1500_ソディック_中期経営計画「Grow Forward 2029」.pdf
   ✅ 保存: 6190_1500_G-PXB_支配株主等に関する事項について.pdf
   ✅ 保存: 6190_1500_G-PXB_非上場の親会社等の決算に関するお知らせ.pdf
   ✅ 保存: 7183_1500_あんしん保証_資金の借入に関するお知らせ.pdf
   ✅ 保存: 7283_1500_愛三工_譲渡制限付株式報酬としての自己株式の処分に関するお知らせ.pdf
   ✅ 保存: 4238_1430_ミライアル_譲渡制限付株式報酬としての自己株式の処分の払込完了に関するお知らせ.pdf
   ✅ 保存: 7567_1430_栄電子_公益財団法人財務会計基準機構への加入状況及び加入に関する考え方等に関するお知らせ.pdf
   ✅ 保存: 7567_1430_栄電子_支配株主等に関する事項について.pdf
   ✅ 保存: 1850_1400_南海辰村建設_支配株主等に関する事項について.pdf
   ✅ 保存: 2163_1400_アルトナー_株式分割及び定款の一部変更並びに配当予想の修正に関するお知らせ.pdf
   ✅ 保存: 2998_1400_G-クリアル_当社CREAL事業における不動産クラウドファンディングの案件パイプラインの進捗について.pdf
   ✅ 保存: 3719_1400_AIストーム_株式会社Maaapとの業務提携に関するお知らせ.pdf
   ✅ 保存: 8285_1400_三谷産業_取締役の担当業務変更に関するお知らせ.pdf
   ✅ 保存: 9380_1400_東海運_支配株主等に関する事項について.pdf
   ✅ 保存: 2425_1330_ケアサービス_中期経営計画 Care2030.pdf
   ✅ 保存: 8887_1330_シーラHD_株主優待の継続実施に関するお知らせ.pdf
   ✅ 保存: 8887_1330_シーラHD_土地区画整理事業に伴う補償金受取に関するお知らせ.pdf
   ✅ 保存: 3371_1230_ソフトクリエHD_株式会社ソフトクリエイトホールディングス(証券コード3371)に対する公開買付に準ずる行為として政令で定める買集め行為に関するお知らせ.pdf
   ✅ 保存: 587A_1230_E-インベスコQQQ_インベスコQQQトラスト シリーズ1 に関する日々の開示事項.pdf
   ✅ 保存: 1326_1210_E-ワールド_SPDRゴールド・シェアに関する日々の開示事項.pdf
   ✅ 保存: 6702_1200_富士通_第126回定時株主総会付議議案の一部撤回についてのお知らせ.pdf
   ✅ 保存: 8304_1200_あおぞら_2026年3月期の自己資本比率(確定値)の開示について.pdf
   ✅ 保存: 7726_1145_黒田精工_2026年3月期決算並びに新中期経営計画説明会資料.pdf
   ✅ 保存: 331A_1130_メディックス_自己株式立会外買付取引(ToSTNeT-3)による自己株式の取得結果及び取得終了に関するお知らせ.pdf
   ✅ 保存: 5834_1130_G-SBIリーシング_販売用航空機譲渡のお知らせ.pdf
   ✅ 保存: 7979_1100_松風_支配株主等に関する事項について.pdf
   ✅ 保存: 4888_1000_G-ステラファーマ_当社製品の新製造委託先への生産移管に向けた技術移管及び製造所変更の進捗について.pdf
   ✅ 保存: 5241_1000_日本オーエー研究所_自己株式立会外買付取引(N-NET3)による自己株式の取得結果及び取得終了に関するお知らせ.pdf
   ✅ 保存: 9257_0940_G-YCP_当社子会社による立会外終値取引(ToSTNeT-2)を通じた当社JDRの取得結果に関するお知らせ.pdf
   ✅ 保存: 4839_0920_WOWOW_第三者割当による新株式の発行に関するお知らせ.pdf
   ✅ 保存: 4839_0920_WOWOW_WOWOWによる準備会社の設立及びNTTドコモのエンターテインメント映像コンテンツ配信事業「Lemino」の吸収分割による合弁会社化を伴う資本業務提携について.pdf
   ✅ 保存: 3778_0850_さくらインターネット_特別利益及び特別損失の計上に関するお知らせ.pdf
   ✅ 保存: 4583_0850_G-カイオム_第23回新株予約権(行使価額修正条項付)の大量行使に関するお知らせ.pdf
   ✅ 保存: 581A_0800_G-GO_東京証券取引所グロース市場への上場に伴う当社決算情報等のお知らせ.pdf
   ✅ 保存: 581A_0800_G-GO_その他の関係会社、主要株主及び主要株主である筆頭株主の異動に関するお知らせ.pdf
   ✅ 保存: 581A_0800_G-GO_事業計画及び成長可能性に関する事項.pdf
   ...Page 003 を確認中
   📝 一覧CSV保存: TDnet_Sorted_20260616.csv
   📝 一覧CSV保存（ルート）: TDnet_Sorted_20260616.csv
   📊 日別統計: page_access=3, pdf_success=138, excluded=10

============================================================
✅ ①完了（範囲取得）
   期間: 20260616 ～ 20260616 （mode=day）
   一覧ページアクセス合計: 3
   PDFダウンロード成功合計: 138
   除外件数合計: 10
   保存ルート: G:\マイドライブ\TDnet_Downloads

$ C:\Users\onok\AppData\Local\Python\pythoncore-3.14-64\python.exe -u ②a②bは２つフリーワード検索.py analyze --target 20260616 --save-root G:\マイドライブ\TDnet_Downloads --keywords 価格交渉 増産 価格改定 価格転嫁 値上 想定以上 上方修正 下方修正 想定以下 未達 大幅 計画を上 計画を下 計画以 需要回復 需要の回復 需要が増 需要が低 悪化 グローバルニッチトップ トップシェア シェア拡大 レアアース
ルート: G:\マイドライブ\TDnet_Downloads
対象指定: 20260616 mode= day from= 20260616 to= 20260616
対象フォルダ数: 1
検索キーワード: ['価格交渉', '増産', '価格改定', '価格転嫁', '値上', '想定以上', '上方修正', '下方修正', '想定以下', '未達', '大幅', '計画を上', '計画を下', '計画以', '需要回復', '需要の回復', '需要が増', '需要が低', '悪化', 'グローバルニッチトップ', 'トップシェア', 'シェア拡大', 'レアアース']
総PDF数（推定）: 138
[1/1] 日付フォルダ 20260616 を処理中... (このフォルダ内PDF数: 138)
  進捗: 50/138 件のPDFを解析済み
  進捗: 100/138 件のPDFを解析済み
  進捗: 138/138 件のPDFを解析済み
  → 日付フォルダ 20260616 のヒットPDF数: 14

✅ ②A 完了（解析専用・キーワード別ページ列）
解析PDF数: 138
ヒットPDF数: 14
出力CSV: Analysis_Hits_free_word_20260616.csv
保存先: G:\マイドライブ\TDnet_Downloads

$ C:\Users\onok\AppData\Local\Python\pythoncore-3.14-64\python.exe -u ②a②bは２つフリーワード検索.py distribute --target 20260616 --save-root G:\マイドライブ\TDnet_Downloads --no-stop-on-empty-meta

✅ ②B 完了（配布用CSV作成・キーワード別ページ列）
出力: PDF_Search_Result_Distribution_free_word_20260616_sh.csv
キーワード列: ['価格交渉', '増産', '価格改定', '価格転嫁', '値上', '想定以上', '上方修正', '下方修正', '想定以下', '未達', '大幅', '計画を上', '計画を下', '計画以', '需要回復', '需要の回復', '需要が増', '需要が低', '悪化', 'グローバルニッチトップ', 'トップシェア', 'シェア拡大', 'レアアース']
突合除外件数: 0
空欄アラート件数: 0

============================================
 Done: 2026-06-16 23:02:50
============================================
