============================================
 TDnet auto run: 20260715
 Start: 2026-07-15 23:00:01
============================================

$ C:\Users\onok\AppData\Local\Python\pythoncore-3.14-64\python.exe -u ①_tdnetアクセスしてダウンロードする処理（月日付別フォルダ保存）.py --target 20260715 --save-root G:\マイドライブ\TDnet_Downloads
🎯 対象指定: 20260715（mode=day, from=20260715, to=20260715）
📁 保存ルート: G:\マイドライブ\TDnet_Downloads

============================================================
📅 日付: 20260715 を処理します
   ...Page 001 を確認中
   ✅ 保存: 4875_2100_メディシノバ_米国国立衛生研究所からの資金提供によるMN-166(イブジラスト)の筋萎縮性側索硬化症(ALS)を対象とする臨床治験の進捗に関するお知らせ.pdf
   ✅ 保存: 153A_2000_G-カウリス_従業員に対する譲渡制限付株式付与制度の導入に関するお知らせ.pdf
   ✅ 保存: 7063_1900_G-Birdman_(開示事項の経過)株式会社マーベリックの株式取得(子会社化)の日程の一部見直しに関するお知らせ.pdf
   ✅ 保存: 7063_1900_G-Birdman_株式会社グローバルクラウドエステートとの個別契約締結による資金調達に関するお知らせ.pdf
   ✅ 保存: 8254_1850_さいか屋_固定資産受贈益発生のお知らせ.pdf
   ✅ 保存: 8254_1850_さいか屋_固定資産の取得に関するお知らせ.pdf
   ✅ 保存: 197A_1830_タウンズ_中期経営計画の更新に関するお知らせ.pdf
   ✅ 保存: 1445_1800_P-ひかりHD_当社及び、当社連結子会社(輝龍株式会社)の借入に関するお知らせ.pdf
   ✅ 保存: 4892_1800_G-サイフューズ_令和8年度ソーシャルインパクトプロジェクトへの事業採択に関するお知らせ.pdf
   ✅ 保存: 6044_1800_三機サービス_株式会社三機サービスとシンメンテホールディングス株式会社との経営統合契約及び株式交換契約の締結等に関するお知らせ.pdf
   ✅ 保存: 6044_1800_三機サービス_補足資料 株式会社三機サービスとシンメンテホールディングス株式会社との経営統合契約及び株式交換契約の締結等に関するお知らせ.pdf
   ✅ 保存: 6044_1800_三機サービス_株主優待制度の廃止に関するお知らせ.pdf
   ✅ 保存: 6044_1800_三機サービス_経営統合に伴う株式の取扱い等に関するご案内.pdf
   ✅ 保存: 6044_1800_三機サービス_2026年5月期決算短信〔日本基準〕(連結).pdf
   ✅ 保存: 6044_1800_三機サービス_2026年5月期通期決算説明資料.pdf
   ✅ 保存: 6044_1800_三機サービス_代表取締役の異動及び取締役候補者並びに監査役候補者選任に関するお知らせ.pdf
   ✅ 保存: 6086_1800_G-シンメンテHD_株式会社三機サービスとシンメンテホールディングス株式会社との経営統合契約及び株式交換契約の締結等に関するお知らせ.pdf
   ✅ 保存: 6086_1800_G-シンメンテHD_2027年2月期 第1四半期決算短信〔日本基準〕(連結).pdf
   ✅ 保存: 9212_1800_G-GEI_中長期ビジョン策定に関するお知らせ.pdf
   ✅ 保存: 4586_1745_G-メドレック_第三者割当により発行された第35回新株予約権(行使価額修正条項付)の大量行使に関するお知らせ.pdf
   ✅ 保存: 7458_1740_第一興商_株式報酬型ストック・オプションの発行内容の確定に関するお知らせ.pdf
   ✅ 保存: 3401_1730_帝人_譲渡制限付株式報酬及び業績連動型株式報酬としての自己株式の処分の払込完了に関するお知らせ.pdf
   ✅ 保存: 4071_1730_プラスアルファ_(訂正)ラクスとの資本業務提携に関する覚書の締結、当社株式の売出し並びに主要株主、主要株主である筆頭株主及びその他の関係会社の異動予定の一部訂正.pdf
   ✅ 保存: 6070_1730_キャリアリンク_株式報酬型ストックオプション(新株予約権)の発行内容確定に関するお知らせ.pdf
   ✅ 保存: 7438_1730_コンドーテック_譲渡制限付株式報酬としての自己株式処分の払込完了に関するお知らせ.pdf
   ✅ 保存: 7723_1730_愛知時_譲渡制限付株式報酬としての自己株式処分の払込完了に関するお知らせ.pdf
   ✅ 保存: 3557_1715_G-U&C_2027年2月期 第1四半期決算短信[日本基準](非連結).pdf
   ✅ 保存: 3557_1715_G-U&C_東京証券取引所スタンダード市場への市場区分変更申請に向けた準備に関するお知らせ.pdf
   ✅ 保存: 4167_1715_G-ココペリ_ストック・オプション(新株予約権)の行使価額等確定のお知らせ.pdf
   ✅ 保存: 6085_1715_G-アーキテクツSJ_2027年2月期 第1四半期決算短信〔日本基準〕(連結).pdf
   ✅ 保存: 164A_1700_P-アップルパーク_TOKYO PRO Marketへの上場目的の開示について.pdf
   ✅ 保存: 1799_1700_第一建設_取締役及び執行役員に対する譲渡制限付株式報酬としての自己株式の処分の払込完了に関するお知らせ.pdf
   ✅ 保存: 317A_1700_P-SMSDTech_自己株式の取得及び自己株式立会外買付取引(ToSTNeT-3)による自己株式の買付けに関するお知らせ.pdf
   ✅ 保存: 317A_1700_P-SMSDTech_2026年5月期 決算短信〔日本基準〕(連結).pdf
   ✅ 保存: 3306_1700_日製麻_譲渡制限付株式報酬としての新株式発行に関するお知らせ.pdf
   ✅ 保存: 3600_1700_フジックス_連結子会社の固定資産の譲渡に関するお知らせ.pdf
   ✅ 保存: 4577_1700_ダイト_2026年5月期 決算説明資料.pdf
   ✅ 保存: 4920_1700_日本色材_譲渡制限付株式報酬としての自己株式処分の割当完了に関するお知らせ.pdf
   ✅ 保存: 4932_1700_アルマード_(開示事項の変更)「当社の従業員に対する譲渡制限付株式報酬としての自己株式の処分」に関する契約内容の一部変更のお知らせ.pdf
   ✅ 保存: 5572_1700_G-リッジアイ_(開示事項の経過)連結子会社の異動(株式譲渡)に関する臨時株主総会の承認可決についてのお知らせ.pdf
   ✅ 保存: 5893_1700_P-RAVIPA_2026年11月期 中間決算短信〔日本基準〕(連結).pdf
   ✅ 保存: 5893_1700_P-RAVIPA_剰余金の配当(中間配当)に関するお知らせ.pdf
   ✅ 保存: 5893_1700_P-RAVIPA_新規子会社設立のお知らせ.pdf
   ✅ 保存: 5906_1700_エムケー精工_譲渡制限付株式報酬としての自己株式の処分の払込完了に関するお知らせ.pdf
   ✅ 保存: 6325_1700_タカキタ_株式報酬型ストックオプション(新株予約権)発行内容確定のお知らせ.pdf
   ✅ 保存: 7345_1700_G-アイパートナーズ_重要な経営指標の推移に関するお知らせ.pdf
   ✅ 保存: 8029_1700_ルックHD_主要株主の異動に関するお知らせ.pdf
   ✅ 保存: 9357_1700_名港海_譲渡制限付株式報酬としての自己株式の処分の払込完了に関するお知らせ.pdf
   ✅ 保存: 9644_1700_タナベコンサルG_譲渡制限付株式報酬としての自己株式の処分に関するお知らせ.pdf
   ✅ 保存: 3202_1655_ダイトウボウ_ストックオプション(新株予約権)の発行に関するお知らせ.pdf
   ✅ 保存: 9241_1640_G-FLN_2026年8月期 第3四半期決算短信〔日本基準〕(連結).pdf
   ✅ 保存: 9241_1640_G-FLN_2026年8月期第3四半期決算説明会資料.pdf
   ✅ 保存: 3189_1630_ANAP_2026年8月期第3四半期決算短信〔日本基準〕(連結).pdf
   ✅ 保存: 3189_1630_ANAP_特別損失(事業再編損)の計上に関するお知らせ.pdf
   ✅ 保存: 3189_1630_ANAP_法人税等調整額(損)の計上に関するお知らせ.pdf
   ✅ 保存: 3189_1630_ANAP_営業外費用(暗号資産評価損)の計上に関するお知らせ.pdf
   ✅ 保存: 3547_1630_ユニシアHD_2026年11月期第2四半期(中間期)決算短信〔日本基準〕(連結).pdf
   ✅ 保存: 3547_1630_ユニシアHD_2026年11月期第2四半期(累計)の連結業績予想と実績との差異及び2026年11月期の連結業績予想の修正に関するお知らせ.pdf
   ✅ 保存: 372A_1630_レント_社員持株会を通じた株式付与としての自己株式の処分に関するお知らせ.pdf
   ✅ 保存: 414A_1630_G-オーバーラップ_通期業績予想の修正に関するお知らせ.pdf
   ✅ 保存: 414A_1630_G-オーバーラップ_2026年8月期 第3四半期決算短信〔IFRS〕(連結).pdf
   ✅ 保存: 414A_1630_G-オーバーラップ_2026年8月期 第3四半期決算説明資料.pdf
   ✅ 保存: 5598_1630_P-Yottavia_自己株式の取得及び自己株式立会外買付取引(ToSTNeT-3)による自己株式の買付けに関するお知らせ.pdf
   ✅ 保存: 7035_1630_anfac_2026年8月期 第3四半期決算説明資料.pdf
   ✅ 保存: 8595_1630_ジャフコ グループ_(訂正)「譲渡制限付株式報酬としての自己株式の処分に関するお知らせ」の一部訂正について.pdf
   ✅ 保存: 9145_1630_ビーイングHD_当社グループ月次連結営業収益に関するお知らせ(2026年6月度 速報版).pdf
   ✅ 保存: 1418_1600_インターライフ_2027年2月期 第1四半期決算短信〔日本基準〕(連結).pdf
   ✅ 保存: 1418_1600_インターライフ_株式給付信託(BBT)への追加拠出に伴う自己株式の処分に関するお知らせ.pdf
   ✅ 保存: 150A_1600_G-JSH_第11期連結業績予想修正と中期事業計画開示に関するお知らせ.pdf
   ✅ 保存: 150A_1600_G-JSH_第11期連結業績予想修正と中期事業計画開示に関する説明資料(事業計画及び成長可能性に関する事項).pdf
   ✅ 保存: 157A_1600_G-Gモンスター_第三者割当により発行される第7回新株予約権、第8回新株予約権及び第9回新株予約権の発行並びに行使許可条項付第三者割当契約の締結に関するお知らせ.pdf
   ✅ 保存: 157A_1600_G-Gモンスター_監査等委員会設置会社への移行に関するお知らせ.pdf
   ✅ 保存: 2164_1600_地域新聞社_MTM Capital株式会社による当社に対する買収提案に関する予告書について.pdf
   ✅ 保存: 244A_1600_G-グロースエクスパ_2026年8月期第3四半期決算短信〔日本基準〕(連結).pdf
   ✅ 保存: 244A_1600_G-グロースエクスパ_2026年8月期連結業績予想の修正に関するお知らせ.pdf
   ...Page 002 を確認中
   ✅ 保存: 244A_1600_G-グロースエクスパ_2026年8月期第3四半期 決算説明資料.pdf
   ✅ 保存: 245A_1600_G-INGS_2026年8月期 第3四半期 決算短信〔日本基準〕(非連結).pdf
   ✅ 保存: 245A_1600_G-INGS_2026年8月期 第3四半期 決算説明資料.pdf
   ✅ 保存: 249A_1600_P-ヒューマンA_TOKYO PRO Market 及び Fukuoka PRO Market への上場目的の開示に関するお知らせ.pdf
   ✅ 保存: 2798_1600_Y’s_特別利益(負ののれん発生益)の計上並びに2027年2月期第2四半期(中間期)及び通期連結業績予想の修正に関するお知らせ.pdf
   ✅ 保存: 2798_1600_Y’s_2027年2月期 第1四半期決算短信〔日本基準〕(連結).pdf
   ✅ 保存: 280A_1600_G-TMH_2026年11月期 第2四半期(中間期)連結決算補足資料.pdf
   ✅ 保存: 280A_1600_G-TMH_2026年11月期 第2四半期(中間期)決算短信〔日本基準〕(連結).pdf
   ✅ 保存: 280A_1600_G-TMH_2026年11月期第2四半期(中間期)業績予想と実績値の差異および通期業績予想の修正に関するお知らせ.pdf
   ✅ 保存: 2884_1600_ヨシムラ・F・HD_2027年2月期 第1四半期決算短信〔日本基準〕(連結).pdf
   ✅ 保存: 2884_1600_ヨシムラ・F・HD_2027年2月期 第1四半期決算説明資料.pdf
   ✅ 保存: 2933_1600_紀文食品_取締役等の委嘱内容の変更に関するお知らせ.pdf
   ✅ 保存: 3103_1600_ユニチカ_(開示事項の経過)子会社の清算結了に関するお知らせ.pdf
   ✅ 保存: 3266_1600_ファンドクリG_2026年11月期 第2四半期(中間期)決算短信〔日本基準〕(連結).pdf
   ✅ 保存: 3641_1600_パピレス_セガサミーホールディングス株式会社との資本業務提携の解消に関するお知らせ.pdf
   ✅ 保存: 3641_1600_パピレス_連結子会社の解散及び清算に関するお知らせ.pdf
   ✅ 保存: 3641_1600_パピレス_自己株式取得に係る事項の決定に関するお知らせ.pdf
   ✅ 保存: 3648_1600_AGS_役員に対する譲渡制限付株式報酬としての自己株式の処分に関するお知らせ.pdf
   ✅ 保存: 3667_1600_enish_第三者割当により発行された第22回新株予約権(行使価額修正条項付)の大量行使に関するお知らせ.pdf
   ✅ 保存: 373A_1600_G-リップス_2026年8月期 第3四半期決算説明資料.pdf
   ✅ 保存: 373A_1600_G-リップス_2026年8月期 第3四半期決算短信〔日本基準〕(非連結).pdf
   ✅ 保存: 374A_1600_P-樋口総合研究所_2026年5月期 決算短信〔日本基準〕(非連結).pdf
   ✅ 保存: 3810_1600_サイバーステップHD_(再訂正・数値データ再訂正)2026年5月期 第3四半期決算短信〔日本基準〕(連結)の一部訂正について.pdf
   ✅ 保存: 3810_1600_サイバーステップHD_2026年5月期 決算短信〔日本基準〕(連結).pdf
   ✅ 保存: 3810_1600_サイバーステップHD_営業外収益、特別利益、特別損失の計上及び連結業績の前期実績との差異並びに剰余金の配当(無配)に関するお知らせ.pdf
   ✅ 保存: 4016_1600_MITHD_2026年11月期第2四半期(中間期)決算補足説明資料.pdf
   ✅ 保存: 4016_1600_MITHD_2026年11月期第2四半期(中間期)決算短信〔日本基準〕(連結).pdf
   ✅ 保存: 4197_1600_アスマーク_剰余金の配当(中間配当)に関するお知らせ.pdf
   ✅ 保存: 4197_1600_アスマーク_2026年11月期第2四半期決算説明資料.pdf
   ✅ 保存: 4197_1600_アスマーク_2026年11月期第2四半期(中間期)決算短信〔日本基準〕(連結).pdf
   ✅ 保存: 422A_1600_P-tane-C_連結業績予想と実績値との差異に関するお知らせ.pdf
   ✅ 保存: 422A_1600_P-tane-C_2026年5月期 決算短信〔日本基準〕(連結).pdf
   ✅ 保存: 430A_1600_P-ネクストハンズ_資金の借入に関するお知らせ.pdf
   ✅ 保存: 4368_1600_扶桑化学_譲渡制限付株式報酬としての自己株式の処分に関するお知らせ.pdf
   ✅ 保存: 4413_1600_ボードルア_2027年2月期第1四半期 決算短信〔IFRS〕(連結).pdf
   ✅ 保存: 4413_1600_ボードルア_2027年2月期第1四半期 決算補足説明資料.pdf
   ✅ 保存: 4461_1600_第一工業_譲渡制限付株式報酬としての自己株式の処分の払込完了に関するお知らせ.pdf
   ✅ 保存: 458A_1600_P-プラン・ドゥ_2026年11月期 中間決算短信〔日本基準〕(非連結).pdf
   ✅ 保存: 458A_1600_P-プラン・ドゥ_臨時株主総会招集のための基準日設定及び臨時株主総会の開催並びに付議議案の決定に関するお知らせ.pdf
   ✅ 保存: 4666_1600_パーク24_2026年10月期 速報数値 6月度.pdf
   ✅ 保存: 4725_1600_CACHD_財務上の特約が付された金銭消費貸借契約の締結に関するお知らせ.pdf
   ✅ 保存: 4884_1600_G-クリングル_資本金及び資本準備金の額の減少並びに剰余金の処分に関するお知らせ.pdf
   ✅ 保存: 4884_1600_G-クリングル_声帯瘢痕治療薬の日本における独占的販売について丸石製薬株式会社と基本合意書を締結.pdf
   ✅ 保存: 507A_1600_P-デジタルナレッジ_2026年11月期 中間決算短信〔日本基準〕(連結).pdf
   ✅ 保存: 5341_1600_ASAHI EITO_2026年11月期 第2四半期(中間期)決算短信〔日本基準〕(連結).pdf
   ✅ 保存: 5341_1600_ASAHI EITO_第2四半期(中間期)連結業績予想と実績の差異及び通期連結業績予想の修正に関するお知らせ.pdf
   ✅ 保存: 5845_1600_全保連_譲渡制限付株式報酬としての自己株式の処分完了に関するお知らせ.pdf
   ✅ 保存: 589A_1600_G-ネイス_2026年8月期 第3四半期決算短信〔日本基準〕(非連結).pdf
   ✅ 保存: 589A_1600_G-ネイス_2026年8月期 第3四半期決算補足説明資料.pdf
   ✅ 保存: 6237_1600_イワキポンプ_従業員持株会向け譲渡制限株式インセンティブとしての自己株式の処分に関するお知らせ.pdf
   ✅ 保存: 6237_1600_イワキポンプ_譲渡制限付株式報酬としての自己株式の処分に関するお知らせ.pdf
   ✅ 保存: 6324_1600_ハーモニック_譲渡制限付株式報酬としての自己株式の処分に関するお知らせ.pdf
   ✅ 保存: 6495_1600_宮入バル_第三者割当による行使価額修正条項付株式会社宮入バルブ製作所第3回新株予約権(停止要請条項付)の発行に関するお知らせ.pdf
   ✅ 保存: 6505_1600_東洋電_2026年5月期 決算短信〔日本基準〕(連結).pdf
   ✅ 保存: 6505_1600_東洋電_2026年5月期 通期連結業績予想と実績との差異および剰余金の配当に関するお知らせ.pdf
   ✅ 保存: 6505_1600_東洋電_中期経営計画の策定に関するお知らせ.pdf
   ✅ 保存: 6505_1600_東洋電_配当方針の変更に関するお知らせ.pdf
   ✅ 保存: 6505_1600_東洋電_取締役、監査役および補欠監査役の候補者選任に関するお知らせ.pdf
   ✅ 保存: 6505_1600_東洋電_執行役員の異動に関するお知らせ.pdf
   ✅ 保存: 6505_1600_東洋電_当社株式等の大規模買付行為に関する対応策(買収への対応方針)の継続について.pdf
   ✅ 保存: 6505_1600_東洋電_第三者割当による自己株式の処分及びその他の関係会社の異動に関するお知らせ.pdf
   ✅ 保存: 6555_1600_MSコンサル_(訂正)「2027年2月期第1四半期決算説明資料」の一部訂正に関するお知らせ.pdf
   ✅ 保存: 6572_1600_オープンG_2027年2月期 第1四半期決算短信〔日本基準〕(連結).pdf
   ✅ 保存: 6572_1600_オープンG_2027年2月期 第1四半期決算説明資料.pdf
   ✅ 保存: 6932_1600_遠藤照明_譲渡制限付株式報酬としての自己株式の処分に関するお知らせ.pdf
   ✅ 保存: 7035_1600_anfac_2026年8月期 第3四半期決算短信〔日本基準〕(連結).pdf
   ✅ 保存: 7074_1600_G-247HD_2026年11月期 第2四半期(中間期)決算短信[日本基準](連結).pdf
   ✅ 保存: 7074_1600_G-247HD_2026年11月期 第2四半期(中間期)決算補足説明資料.pdf
   ✅ 保存: 7074_1600_G-247HD_連結子会社による固定資産の取得に関するお知らせ.pdf
   ✅ 保存: 7074_1600_G-247HD_特別損失(連結子会社による減損損失)の計上に関するお知らせ.pdf
   ✅ 保存: 7093_1600_G-アディッシュ_連結子会社の異動を伴う株式の譲渡に関するお知らせ.pdf
   ✅ 保存: 7578_1600_ニチリョク_取締役会長の逝去及び退任に関するお知らせ(訃報).pdf
   ✅ 保存: 7610_1600_テイツー_2027年2月期第1四半期決算短信〔日本基準〕(連結).pdf
   ✅ 保存: 7610_1600_テイツー_2027年2月期第1四半期決算説明会資料.pdf
   ✅ 保存: 7677_1600_ヤシマキザイ_譲渡制限付株式報酬としての自己株式の処分に関するお知らせ.pdf
   ✅ 保存: 7719_1600_東京衡機_2027年2月期 第1四半期決算短信〔日本基準〕(連結).pdf
   ✅ 保存: 7879_1600_ノダ_2026年11月期 第2四半期(中間期)決算短信〔日本基準〕(連結).pdf
   ✅ 保存: 8237_1600_松屋_2026年6月売上報告.pdf
   ✅ 保存: 8783_1600_abc_2026年8月期第3四半期決算短信〔日本基準〕(連結).pdf
   ✅ 保存: 8783_1600_abc_Web3.0事業における新構想「WOWOOエコシステム」の公表に関するお知らせ.pdf
   ✅ 保存: 8783_1600_abc_特別利益(暗号資産受贈益)及び営業外費用(暗号資産評価損)の計上に関するお知らせ.pdf
   ✅ 保存: 8783_1600_abc_2026年8月期 連結業績予想の修正に関するお知らせ.pdf
   ✅ 保存: 8783_1600_abc_(開示事項の中止)ReYuu Japan株式会社とのビットコインを活用した「ハイブリッドトレジャリー戦略」に関する基本合意終了のお知らせ.pdf
   ✅ 保存: 9020_1600_JR東_東洋電機製造株式会社(証券コード6505)の買集め行為に該当する株式の取得に関するお知らせ.pdf
   ✅ 保存: 9037_1600_ハマキョウ_従業員持株会に対する第三者割当による自己株式処分の払込完了及び一部失権に関するお知らせ.pdf
   ✅ 保存: 9237_1600_G-笑美面_連結子会社によるリースによる固定資産の賃貸借に関するお知らせ.pdf
   ✅ 保存: 9252_1600_G-ラストワンマイル_2026年8月期第3四半期決算短信〔IFRS〕(連結).pdf
   ✅ 保存: 9252_1600_G-ラストワンマイル_2026年8月期第3四半期決算説明資料.pdf
   ✅ 保存: 9252_1600_G-ラストワンマイル_自己株式取得に係る事項の決定に関するお知らせ.pdf
   ✅ 保存: 9252_1600_G-ラストワンマイル_貸倒引当金繰入額の計上に関するお知らせ.pdf
   ✅ 保存: 9286_1600_I-エネクスインフラ_2026年5月期(第13期)の金銭の分配等に関するお知らせ.pdf
   ✅ 保存: 9286_1600_I-エネクスインフラ_2026年11月期(第14期)の運用状況の予想の修正に関するお知らせ.pdf
   ✅ 保存: 9286_1600_I-エネクスインフラ_2026年5月期 決算短信(インフラファンド).pdf
   ✅ 保存: 9286_1600_I-エネクスインフラ_2026年5月期 決算説明資料.pdf
   ✅ 保存: 9425_1600_ReYuuJapan_abc株式会社とのビットコインを活用したトレジャリー戦略に関する業務提携に向けた基本合意終了のお知らせ.pdf
   ✅ 保存: 9517_1600_イーレックス_2027年3月期 新事業計画説明資料.pdf
   ✅ 保存: 9799_1600_旭情報_譲渡制限付株式報酬としての自己株式の処分の払込完了に関するお知らせ.pdf
   ✅ 保存: 9895_1600_コンセック_譲渡制限付株式報酬としての自己株式の処分の払込完了に関するお知らせ.pdf
   ✅ 保存: 9979_1600_大庄_2026年6月の月次売上状況について.pdf
   ✅ 保存: 9979_1600_大庄_2026年8月期 第3四半期決算短信〔日本基準〕(連結).pdf
   ...Page 003 を確認中
   ✅ 保存: 3686_1545_DLE_特別利益の計上に関するお知らせ.pdf
   ✅ 保存: 3733_1545_ソフトウェアS_2026年10月期 6月度月次売上高等に関するお知らせ.pdf
   ✅ 保存: 5258_1545_G-TMN_第7回新株予約権(有償ストック・オプション)の発行に関するお知らせ.pdf
   ✅ 保存: 5258_1545_G-TMN_譲渡制限付株式報酬としての自己株式の処分に関するお知らせ.pdf
   ✅ 保存: 6552_1545_GameWith_2026年5月期 決算説明資料.pdf
   ✅ 保存: 7434_1545_オータケ_従業員持株会を通じた株式付与としての自己株式の処分の払込完了および一部失権に関するお知らせ.pdf
   ✅ 保存: 3174_1540_ハピネス&D_2026年8月期 第3四半期決算短信〔日本基準〕(連結).pdf
   ✅ 保存: 3174_1540_ハピネス&D_特別利益(違約金収入)の計上に関するお知らせ.pdf
   ✅ 保存: 4972_1540_綜研化学_譲渡制限付株式報酬としての新株式発行に関するお知らせ.pdf
   ✅ 保存: 7357_1540_ジオコード_2027年2月期 第1四半期決算短信〔日本基準〕(連結).pdf
   ✅ 保存: 7357_1540_ジオコード_2027年2月期 第1四半期決算補足説明資料.pdf
   ✅ 保存: 8254_1535_さいか屋_2026年8月期 第3四半期決算短信[日本基準](連結).pdf
   ✅ 保存: 1833_1530_奥村組_譲渡制限付株式報酬としての自己株式の処分に関するお知らせ.pdf
   ✅ 保存: 190A_1530_G-Chordia_2026年8月期 第3四半期決算短信〔日本基準〕(非連結).pdf
   ✅ 保存: 198A_1530_G-ポストプライム_2026年5月期決算説明資料.pdf
   ✅ 保存: 198A_1530_G-ポストプライム_特別損失(事業構造改善費用)、及び法人税等調整額の計上に関するお知らせ.pdf
   ✅ 保存: 198A_1530_G-ポストプライム_2026年5月期決算短信〔日本基準〕(連結).pdf
   ✅ 保存: 205A_1530_G-ロゴスHD_剰余金の配当及び次期配当予想に関するお知らせ.pdf
   ✅ 保存: 205A_1530_G-ロゴスHD_2026年5月期 決算短信〔日本基準〕(連結).pdf
   ✅ 保存: 205A_1530_G-ロゴスHD_2026年5月期 決算説明資料.pdf
   ✅ 保存: 2164_1530_地域新聞社_2026年8月期第3四半期決算短信〔日本基準〕(非連結).pdf
   ✅ 保存: 2168_1530_パソナグループ_2026年5月期 決算短信[日本基準](連結).pdf
   ✅ 保存: 2337_1530_いちご_2027年2月期 第1四半期決算短信〔日本基準〕(連結).pdf
   ✅ 保存: 2337_1530_いちご_2027年2月期 第1四半期 決算説明資料.pdf
   ✅ 保存: 2404_1530_鉄人化HD_2026年8月期第3四半期決算短信〔日本基準〕(連結).pdf
   ✅ 保存: 2404_1530_鉄人化HD_株主優待制度の一部変更に関するお知らせ.pdf
   ✅ 保存: 2437_1530_シンワワイズ_棚卸資産評価損(売上原価)の計上、特別損失の計上及び2026年5月期通期連結業績予想と実績値との差異並びに剰余金の配当(無配)に関するお知らせ.pdf
   ✅ 保存: 2437_1530_シンワワイズ_2026年5月期 決算短信〔日本基準〕(連結).pdf
   ✅ 保存: 2437_1530_シンワワイズ_2026年5月期決算説明資料.pdf
   ✅ 保存: 2437_1530_シンワワイズ_中期経営Vision FY2027-2029.pdf
   ✅ 保存: 2449_1530_プラップJ_2026年8月期第3四半期決算短信〔日本基準〕(連結).pdf
   ✅ 保存: 2484_1530_出前館_2026年8月期 第3四半期決算短信〔日本基準〕(連結).pdf
   ✅ 保存: 2484_1530_出前館_業績予想の修正に関するお知らせ.pdf
   ✅ 保存: 248A_1530_G-キッズスター_代表取締役の異動(追加選任)に関するお知らせ.pdf
   ✅ 保存: 2722_1530_IKホールディングス_(訂正)「2026年5月期通期決算説明資料」の一部訂正について.pdf
   ✅ 保存: 277A_1530_グロービング_2026年5月期 決算短信〔日本基準〕(連結).pdf
   ✅ 保存: 277A_1530_グロービング_剰余金の配当に関するお知らせ.pdf
   ✅ 保存: 277A_1530_グロービング_国際財務報告基準(IFRS)の任意適用に関するお知らせ.pdf
   ✅ 保存: 277A_1530_グロービング_持株会社体制への移行に伴う会社分割(吸収分割)による子会社設立並びに商号変更及び定款変更(商号・事業目的の変更)に関するお知らせ.pdf
   ✅ 保存: 277A_1530_グロービング_2026年5月期 決算説明会資料.pdf
   ✅ 保存: 278A_1530_G-テラドローン_第19回新株予約権(行使価額修正条項付)の大量行使に関するお知らせ.pdf
   ✅ 保存: 2927_1530_AFC-HD_2026年8月期 第3四半期決算短信〔日本基準〕(連結).pdf
   ✅ 保存: 2930_1530_北の達人_2027年2月期 第1四半期決算短信〔日本基準〕(連結).pdf
   ✅ 保存: 2930_1530_北の達人_2027年2月期 第1四半期決算補足説明資料.pdf
   ✅ 保存: 2934_1530_G-Jフロンティア_2026年5月期 決算短信[日本基準](連結).pdf
   ✅ 保存: 2934_1530_G-Jフロンティア_2026年5月期通期決算 2027年5月期通期計画について.pdf
   ✅ 保存: 2934_1530_G-Jフロンティア_個別業績の前期実績値との差異及び特別損失の計上に関するお知らせ.pdf
   ✅ 保存: 2936_1530_G-ベースフード_2027年2月期 第1四半期決算短信〔日本基準〕 (非連結).pdf
   ✅ 保存: 2936_1530_G-ベースフード_2027年度2月期 第1四半期決算説明資料.pdf
   ✅ 保存: 3021_1530_PCNET_2026年5月期 決算短信〔日本基準〕(連結).pdf
   ✅ 保存: 3021_1530_PCNET_2026年5月期 決算説明資料.pdf
   ✅ 保存: 3021_1530_PCNET_2026年5月期の剰余金の配当及び2027年5月期の配当予想(記念配当を含む)に関するお知らせ.pdf
   ✅ 保存: 3021_1530_PCNET_役員選任に関するお知らせ.pdf
   ✅ 保存: 3086_1530_Jフロント_2026年6月度 J.フロントリテイリング 連結売上収益報告(IFRS).pdf
   ✅ 保存: 3133_1530_G-海帆_簡易株式交換によるスペーム株式会社の完全子会社化に関するお知らせ.pdf
   ✅ 保存: 3133_1530_G-海帆_飲食事業における運営店舗の事業譲渡及び特別利益の発生に関するお知らせ.pdf
   ✅ 保存: 325A_1530_G-TENTIAL_2026年8月期 第3四半期決算短信〔日本基準〕(非連結).pdf
   ✅ 保存: 325A_1530_G-TENTIAL_2026年8月期 第3四半期決算説明資料.pdf
   ✅ 保存: 3281_1530_R-GLP_資金の借入れに関するお知らせ.pdf
   ✅ 保存: 3281_1530_R-GLP_国内不動産信託受益権の取得に関するお知らせ.pdf
   ✅ 保存: 3281_1530_R-GLP_2026年7月15日公表の以下のプレスリリースに関する補足説明資料.pdf
   ✅ 保存: 3281_1530_R-GLP_2027 年2 月期の運用状況及び分配金の予想の修正について.pdf
   ✅ 保存: 3281_1530_R-GLP_優先交渉権の取得に関するお知らせ.pdf
   ✅ 保存: 339A_1530_G-プログレス_2027年2月期 第1四半期 決算説明会 プレゼンテーションスクリプト.pdf
   ✅ 保存: 340A_1530_G-ジグザグ_2026年5月期第4四半期決算説明動画文字おこし.pdf
   ✅ 保存: 3440_1530_日創グループ_2026年8月期 第3四半期決算短信〔日本基準〕(連結).pdf
   ✅ 保存: 3440_1530_日創グループ_2026年8月期 第3四半期決算説明会資料.pdf
   ✅ 保存: 3440_1530_日創グループ_2026年8月期通期連結業績予想の修正に関するお知らせ.pdf
   ✅ 保存: 3449_1530_テクノフレックス_業績予想の修正に関するお知らせ.pdf
   ✅ 保存: 3449_1530_テクノフレックス_剰余金の配当(中間配当)に関するお知らせ.pdf
   ✅ 保存: 3479_1530_G-TKP_2027年2月期 第1四半期決算短信〔日本基準〕(連結).pdf
   ✅ 保存: 3479_1530_G-TKP_2027年2月期第1四半期決算説明会資料.pdf
   ✅ 保存: 3543_1530_コメダ_2027年2月期 第1四半期決算短信〔IFRS〕(連結).pdf
   ✅ 保存: 3543_1530_コメダ_役員及び従業員に対する譲渡制限付株式としての自己株式の処分の払込完了に関するお知らせ.pdf
   ✅ 保存: 3548_1530_バロック_2027年2月期 第1四半期決算短信〔日本基準〕(連結).pdf
   ✅ 保存: 3548_1530_バロック_2027年2月期 第1四半期決算補足説明資料.pdf
   ✅ 保存: 3548_1530_バロック_2027年2月期 第1四半期Databook.pdf
   ✅ 保存: 3548_1530_バロック_閉店に関するお知らせ.pdf
   ✅ 保存: 3558_1530_G-ジェイドグループ_2027年2月期 第1四半期決算短信〔日本基準〕(連結).pdf
   ✅ 保存: 3558_1530_G-ジェイドグループ_2027年2月期 第1四半期決算説明会資料.pdf
   ✅ 保存: 3645_1530_G-メディカルネット_2026年5月期 決算短信〔日本基準〕(連結).pdf
   ✅ 保存: 3645_1530_G-メディカルネット_2026年5月期決算説明資料.pdf
   ✅ 保存: 3645_1530_G-メディカルネット_2026年5月期の連結業績予想値と実績値との差異及び個別業績の前期実績値との差異、並びに営業外収益(為替差益)の計上に関するお知らせ.pdf
   ✅ 保存: 367A_1530_プリモGHD_2026年8月期第3四半期決算短信〔IFRS〕(連結).pdf
   ✅ 保存: 367A_1530_プリモGHD_2026年8月期第3四半期決算説明資料.pdf
   ✅ 保存: 367A_1530_プリモGHD_株主優待制度の変更及び拡充に関するお知らせ.pdf
   ✅ 保存: 367A_1530_プリモGHD_連結子会社からの剰余金の配当受領に関するお知らせ.pdf
   ✅ 保存: 3697_1530_SHIFT_2026年8月期 第3四半期決算短信〔日本基準〕(連結).pdf
   ✅ 保存: 3697_1530_SHIFT_2026年8月期 第3四半期決算説明資料.pdf
   ✅ 保存: 3697_1530_SHIFT_資本配分方針の変更及び期末配当予想の修正(配当開始)に関するお知らせ.pdf
   ✅ 保存: 3697_1530_SHIFT_(開示事項の経過)Airitech株式会社の吸収分割に関するお知らせ.pdf
   ✅ 保存: 3697_1530_SHIFT_業績予想の修正、営業外費用及び特別損失の計上に関するお知らせ.pdf
   ✅ 保存: 369A_1530_G-エータイ_2026年8月期第3四半期決算短信〔日本基準〕(非連結).pdf
   ✅ 保存: 369A_1530_G-エータイ_2026年8月期第3四半期 決算説明資料.pdf
   ✅ 保存: 369A_1530_G-エータイ_当社主要KPIに関するお知らせ(2026年6月実績).pdf
   ✅ 保存: 372A_1530_レント_2026年5月期 決算短信〔日本基準〕(連結).pdf
   ✅ 保存: 372A_1530_レント_剰余金の配当(増配)及び中間配当実施に関するお知らせ.pdf
   ✅ 保存: 372A_1530_レント_投資単位の引下げに関する考え方及び方針等について.pdf
   ✅ 保存: 372A_1530_レント_2026年5月期 決算説明資料.pdf
   ✅ 保存: 3791_1530_IGポート_2026年5月期 決算短信〔日本基準〕(連結).pdf
   ...Page 004 を確認中
   ✅ 保存: 3791_1530_IGポート_連結業績予想値と実績値の差異及び配当予想の修正に関するお知らせ.pdf
   ✅ 保存: 3791_1530_IGポート_配当政策の変更(DOE 導入)に関するお知らせ.pdf
   ✅ 保存: 3791_1530_IGポート_中期経営計画のローリングに関するお知らせ.pdf
   ✅ 保存: 3791_1530_IGポート_自己株式の取得に関するお知らせ.pdf
   ✅ 保存: 3826_1530_SI_2027年2月期 第1四半期決算短信〔日本基準〕(連結).pdf
   ✅ 保存: 3844_1530_コムチュア_譲渡制限付株式報酬としての自己株式の処分に関するお知らせ.pdf
   ✅ 保存: 3915_1530_テラスカイ_2027年2月期 第1四半期決算短信〔日本基準〕(連結).pdf
   ✅ 保存: 3915_1530_テラスカイ_2027年2月期 第1四半期 決算説明資料.pdf
   ✅ 保存: 3935_1530_エディア_2027年2月期 第1四半期決算短信〔日本基準〕(連結).pdf
   ✅ 保存: 3935_1530_エディア_2027年2月期 第1四半期決算説明資料.pdf
   ✅ 保存: 3935_1530_エディア_執行役員人事に関するお知らせ.pdf
   ✅ 保存: 4014_1530_G-カラダノート_株主優待制度(シェア型デジタルギフト)の拡充に関するお知らせ.pdf
   ✅ 保存: 4017_1530_G-クリーマ_2027年2月期 第1四半期決算短信〔日本基準〕(連結).pdf
   ✅ 保存: 4017_1530_G-クリーマ_2027年2月期 第1四半期決算説明資料.pdf
   ✅ 保存: 401A_1530_R-霞ヶ関ホテル_資金の借入れ及び借入金の期限前弁済に関するお知らせ.pdf
   ✅ 保存: 418A_1530_ウリドキ_2026年11月期第2四半期決算短信〔日本基準〕(非連結).pdf
   ✅ 保存: 418A_1530_ウリドキ_2026年11月期第2四半期決算説明資料及び決算説明動画公開のお知らせ.pdf
   ✅ 保存: 418A_1530_ウリドキ_2026年11月期第2四半期決算説明資料(スマホ用要約版).pdf
   ✅ 保存: 418A_1530_ウリドキ_2026年11月期第2四半期決算説明資料.pdf
   ✅ 保存: 418A_1530_ウリドキ_業績予想の修正に関するお知らせ.pdf
   ✅ 保存: 4264_1530_G-セキュア_譲渡制限付株式報酬としての新株式発行に関するお知らせ.pdf
   ✅ 保存: 4270_1530_G-BeeX_2027年2月期 第1四半期決算短信〔日本基準〕(連結).pdf
   ✅ 保存: 4270_1530_G-BeeX_2027年2月期 第1四半期決算説明資料.pdf
   ✅ 保存: 428A_1530_サイプレスHD_従業員持株会の設立に関するお知らせ.pdf
   ✅ 保存: 4343_1530_イオンファン_2027年2月期 6月度の売上概況.pdf
   ✅ 保存: 4397_1530_G-チームスピリット_2026年8月期 第3四半期決算短信〔日本基準〕(連結).pdf
   ✅ 保存: 4397_1530_G-チームスピリット_2026年8月期 第3四半期決算説明資料.pdf
   ✅ 保存: 4398_1530_BBSec_事業所統合に伴う本社移転に関するお知らせ.pdf
   ✅ 保存: 4412_1530_G-サイエンスアーツ_通期業績予想の修正に関するお知らせ.pdf
   ✅ 保存: 4412_1530_G-サイエンスアーツ_2026年8月期 第3四半期決算短信〔日本基準〕(非連結).pdf
   ✅ 保存: 4412_1530_G-サイエンスアーツ_2026年8月期 第3四半期決算説明資料.pdf
   ✅ 保存: 4433_1530_ヒトコムHD_2026年8月期 第3四半期決算短信〔日本基準〕(連結).pdf
   ✅ 保存: 4433_1530_ヒトコムHD_2026年8月期 通期連結業績予想の修正に関するお知らせ.pdf
   ✅ 保存: 4434_1530_サーバーワークス_2027年2月期 第1四半期決算短信〔日本基準〕(連結).pdf
   ✅ 保存: 4434_1530_サーバーワークス_2027年2月期 第1四半期決算説明資料.pdf
   ✅ 保存: 4490_1530_G-ビザスク_2027年2月期 第1四半期決算説明資料.pdf
   ✅ 保存: 4490_1530_G-ビザスク_特別損失の計上に関するお知らせ(毎四半期計上のソフトウエア開発コスト等の減損損失).pdf
   ✅ 保存: 4490_1530_G-ビザスク_2027年2月期 第1四半期決算短信〔日本基準〕(連結).pdf
   ✅ 保存: 469A_1530_G-フィットクルー_2026年11月期第2四半期(中間期)決算短信〔日本基準〕(非連結).pdf
   ✅ 保存: 469A_1530_G-フィットクルー_VALX株式会社との事業譲受及び資本業務提携に係る基本合意のお知らせ.pdf
   ✅ 保存: 469A_1530_G-フィットクルー_2026年11月期第2四半期決算説明資料.pdf
   ✅ 保存: 4800_1530_オリコン_メディア株式会社による当社株式に対する公開買付けの結果並びに主要株主及びその他の関係会社の異動に関するお知らせ.pdf
   ✅ 保存: 5013_1530_ユシロ_取締役の異動に関するお知らせ.pdf
   ✅ 保存: 5025_1530_G-マーキュリー_2027年2月期 第1四半期決算説明資料.pdf
   ✅ 保存: 5025_1530_G-マーキュリー_2027年2月期第1四半期決算短信〔日本基準〕(非連結).pdf
   ✅ 保存: 5026_1530_G-トリプルアイズ_2026年8月期第3四半期決算短信〔IFRS〕(連結).pdf
   ✅ 保存: 5026_1530_G-トリプルアイズ_2026年8月期第3四半期決算説明資料.pdf
   ✅ 保存: 5026_1530_G-トリプルアイズ_当社連結子会社の全株式譲渡の方針決定に関するお知らせ.pdf
   ✅ 保存: 5026_1530_G-トリプルアイズ_通期業績予想の取り下げに関するお知らせ.pdf
   ✅ 保存: 5026_1530_G-トリプルアイズ_当社連結子会社の元筆頭株主に対する損害賠償等請求訴訟の提起に関するお知らせ.pdf
   ✅ 保存: 5033_1530_G-ヌーラボ_本社移転に関するお知らせ.pdf
   ✅ 保存: 5033_1530_G-ヌーラボ_譲渡制限付株式報酬としての自己株式処分に関するお知らせ.pdf
   ✅ 保存: 5103_1530_昭和HD_当社株式の監理銘柄(審査中)の指定に関するお知らせ.pdf
   ✅ 保存: 523A_1530_G-セイワHD_2026年5月期 決算短信〔IFRS〕(連結).pdf
   ✅ 保存: 523A_1530_G-セイワHD_2026年5月期 決算説明資料.pdf
   ✅ 保存: 523A_1530_G-セイワHD_2026年5月期決算 IR関連Q&Aに関するお知らせ.pdf
   ✅ 保存: 556A_1530_G-犬猫生活_2027年4月期 月次売上高及び自社EC定期会員数の対前年同月比に関するお知らせ.pdf
   ✅ 保存: 5574_1530_G-ABEJA_2026年8月期 第3四半期決算短信〔日本基準〕(非連結).pdf
   ✅ 保存: 5574_1530_G-ABEJA_繰延税金資産の計上及び通期業績予想の修正に関するお知らせ.pdf
   ✅ 保存: 5574_1530_G-ABEJA_株式会社 MONO BRAIN の株式取得及び吸収合併(簡易吸収合併)に関するお知らせ.pdf
   ✅ 保存: 5574_1530_G-ABEJA_2026年8月期 第3四半期 決算説明資料.pdf
   ✅ 保存: 5581_1530_P-カイテクノロジー_2026年8月期第3四半期決算短信〔日本基準〕(連結).pdf
   ✅ 保存: 5581_1530_P-カイテクノロジー_法人税等調整額(損)の計上に関するお知らせ.pdf
   ✅ 保存: 5840_1530_P-日本総険_2026年11月期 中間決算短信〔日本基準〕(連結).pdf
   ✅ 保存: 6047_1530_Gunosy_2026年5月期 決算説明資料.pdf
   ✅ 保存: 6047_1530_Gunosy_2026年5月期 決算短信〔日本基準〕(連結).pdf
   ✅ 保存: 6047_1530_Gunosy_KDDI株式会社との業務提携解消のお知らせ.pdf
   ✅ 保存: 6047_1530_Gunosy_特別損失の計上及び2026年5月期通期連結業績予想と実績値との差異に関するお知らせ.pdf
   ✅ 保存: 6047_1530_Gunosy_剰余金の配当に関するお知らせ.pdf
   ✅ 保存: 6047_1530_Gunosy_資本準備金の額の減少に関するお知らせ.pdf
   ✅ 保存: 6047_1530_Gunosy_取締役候補者及び監査役候補者選任に関するお知らせ.pdf
   ✅ 保存: 6047_1530_Gunosy_定款一部変更に関するお知らせ.pdf
   ✅ 保存: 6058_1530_ベクトル_2027年2月期 第1四半期決算短信〔日本基準〕(連結).pdf
   ✅ 保存: 6058_1530_ベクトル_2027年2月期 第1四半期決算説明資料.pdf
   ✅ 保存: 6058_1530_ベクトル_2027年2月期第2四半期(中間期)連結業績予想の修正に関するお知らせ.pdf
   ✅ 保存: 6076_1530_アメイズ_令和8年11月期 第2四半期(中間期)決算短信〔日本基準〕(非連結).pdf
   ✅ 保存: 6076_1530_アメイズ_第2四半期(中間期)累計期間の業績予想と実績との差異に関するお知らせ.pdf
   ✅ 保存: 6082_1530_ライドオンEXHD_譲渡制限付株式報酬としての新株式の発行に関するお知らせ.pdf
   ✅ 保存: 6182_1530_G-メタリアル_2027年2月期 第1四半期業績説明資料(2026年3月~2026年5月).pdf
   ✅ 保存: 6182_1530_G-メタリアル_2027年2月期 第1四半期決算短信〔日本基準〕(連結).pdf
   ✅ 保存: 6199_1530_セラク_2026年8月期 第3四半期決算短信〔日本基準〕(連結).pdf
   ✅ 保存: 6199_1530_セラク_2026年8月期第3四半期 株式会社セラク決算説明資料.pdf
   ✅ 保存: 6199_1530_セラク_新株予約権(税制適格ストックオプション)の発行に関するお知らせ.pdf
   ✅ 保存: 6224_1530_G-JRC_2027年2月期第1四半期決算短信〔日本基準〕(連結).pdf
   ✅ 保存: 6224_1530_G-JRC_2027年2月期 第1四半期 決算説明資料.pdf
   ✅ 保存: 6254_1530_野村マイクロ_ストックオプション(新株予約権)発行に関するお知らせ.pdf
   ✅ 保存: 6412_1530_平和_当社連結子会社による株式会社市原京急カントリークラブの株式取得(孫会社化)に関するお知らせ.pdf
   ✅ 保存: 6522_1530_G-アスタリスク_2026年8月期 第3四半期決算短信〔日本基準〕(連結).pdf
   ✅ 保存: 6522_1530_G-アスタリスク_2026年8月期 第3四半期決算説明資料.pdf
   ✅ 保存: 6532_1530_ベイカレント_2027年2月期 第1四半期決算短信〔IFRS〕(連結).pdf
   ✅ 保存: 6532_1530_ベイカレント_2027年2月期 第1四半期決算補足資料.pdf
   ✅ 保存: 6543_1530_日宣_2027年2月期 第1四半期決算短信〔日本基準〕(連結).pdf
   ✅ 保存: 6552_1530_GameWith_2026年5月期 決算短信〔日本基準〕(連結).pdf
   ✅ 保存: 6552_1530_GameWith_通期業績予想と実績値の差異に関するお知らせ.pdf
   ✅ 保存: 6558_1530_G-クックビズ_臨時株主総会開催日及び付議議案の決定に関するお知らせ.pdf
   ✅ 保存: 6558_1530_G-クックビズ_資本金及び資本準備金の額の減少並びに剰余金の処分に関するお知らせ.pdf
   ✅ 保存: 6558_1530_G-クックビズ_2026年11月期 第2四半期(中間期)決算短信〔日本基準〕(連結).pdf
   ✅ 保存: 6558_1530_G-クックビズ_2026年11月期 第2四半期 決算説明資料.pdf
   ✅ 保存: 6627_1530_テラプローブ_2026年12月期6月度の月次連結売上高(速報)に関するお知らせ.pdf
   ✅ 保存: 6809_1530_TOA_譲渡制限付株式報酬としての自己株式の処分に関するお知らせ.pdf
   ...Page 005 を確認中
   ✅ 保存: 6866_1530_日置電_2026年12月期 第2四半期(中間期)決算短信〔日本基準〕(連結).pdf
   ✅ 保存: 6890_1530_フェローテック_資本コストや株価を意識した経営の実現に向けたに取り組みついて.pdf
   ✅ 保存: 6890_1530_フェローテック_リストリクテッド・ストック・ユニット(RSU)としての自己株式処分に関するお知らせ.pdf
   ✅ 保存: 7138_1530_G-TORICO_イーサリアム(ETH)のプットオプション売取引状況に関するお知らせ.pdf
   ✅ 保存: 7139_1530_P-東京高圧_剰余金の配当に関するお知らせ.pdf
   ✅ 保存: 7139_1530_P-東京高圧_通期業績予想と実績値との差異に関するお知らせ.pdf
   ✅ 保存: 7139_1530_P-東京高圧_2026年5月期 決算短信〔日本基準〕(連結).pdf
   ✅ 保存: 7157_1530_ライフネット生命_譲渡制限付株式報酬としての新株式の発行に関するお知らせ.pdf
   ✅ 保存: 7351_1530_G-グッドパッチ_2026年8月期第3四半期決算短信〔日本基準〕(連結).pdf
   ✅ 保存: 7351_1530_G-グッドパッチ_2026年8月期 第3四半期決算説明資料.pdf
   ✅ 保存: 7352_1530_G-TWOSTONE_2026年8月期 第3四半期決算短信〔日本基準〕(連結).pdf
   ✅ 保存: 7352_1530_G-TWOSTONE_2026年8月期 第3四半期決算説明資料.pdf
   ✅ 保存: 7352_1530_G-TWOSTONE_連結子会社である株式会社M&A承継機構における株式上場準備開始に関するお知らせ.pdf
   ✅ 保存: 7360_1530_G-オンデック_2026年11月期 第2四半期決算説明資料.pdf
   ✅ 保存: 7360_1530_G-オンデック_2026年11月期 第2四半期(中間期)決算短信〔日本基準〕(連結).pdf
   ✅ 保存: 7367_1530_セルム_自己株式の取得状況および取得終了に関するお知らせ.pdf
   ✅ 保存: 7388_1530_FPパートナー_通期業績予想の修正及び期末配当予想の据え置きに関するお知らせ.pdf
   ✅ 保存: 7388_1530_FPパートナー_株主優待における対象条件変更(継続保有要件の追加)に関するお知らせ.pdf
   ✅ 保存: 7388_1530_FPパートナー_株式会社FPパートナー(証券コード7388)に対する公開買付けに準ずる行為として政令で定める買集め行為に関するお知らせ.pdf
   ✅ 保存: 7388_1530_FPパートナー_2026年11月期第2四半期(中間期)決算短信〔日本基準〕(非連結).pdf
   ✅ 保存: 7388_1530_FPパートナー_2026年11月期 第2四半期決算説明資料.pdf
   ✅ 保存: 7515_1530_マルヨシセンター_2027年2月期 第1四半期決算短信〔日本基準〕(連結).pdf
   ✅ 保存: 7581_1530_サイゼリヤ_2026年8月期 第3四半期決算短信[日本基準](連結).pdf
   ✅ 保存: 7581_1530_サイゼリヤ_配当予想の修正(増配)に関するお知らせ.pdf
   ✅ 保存: 7649_1530_スギHD_スギホールディングス株式会社 2026年6月度 月次速報に関するお知らせ.pdf
   ✅ 保存: 7730_1530_マニー_2026年8月期第3四半期決算短信〔日本基準〕(連結).pdf
   ✅ 保存: 7730_1530_マニー_通期業績予想の上方修正に関するお知らせ.pdf
   ✅ 保存: 7807_1530_幸和製作所_2027年2月期 第1四半期決算短信〔日本基準〕(連結).pdf
   ✅ 保存: 7808_1530_CSランバー_剰余金の配当及び剰余金の処分に関するお知らせ.pdf
   ✅ 保存: 7808_1530_CSランバー_取締役候補者の選任に関するお知らせ.pdf
   ✅ 保存: 7808_1530_CSランバー_公認会計士等の異動に関するお知らせ.pdf
   ✅ 保存: 7808_1530_CSランバー_(延期)2026年5月期 決算発表の延期に関するお知らせ.pdf
   ✅ 保存: 7818_1530_トランザクション_2026年8月期第3四半期決算短信〔日本基準〕(連結).pdf
   ✅ 保存: 7818_1530_トランザクション_2026年8月期 第3四半期決算短信補足説明資料.pdf
   ✅ 保存: 7823_1530_アートネイチャー_2027年3月期6月度単体月次売上状況(速報).pdf
   ✅ 保存: 7951_1530_ヤマハ_当社及び当社子会社に対する損害賠償請求訴訟の終了に関するお知らせ.pdf
   ✅ 保存: 7997_1530_くろがね工作所_2026年11月期 第2四半期(中間期)決算短信〔日本基準〕(連結).pdf
   ✅ 保存: 7997_1530_くろがね工作所_2026年11月期 第2四半期(中間期)業績予想と実績の差異及び通期業績予想の修正に関するお知らせ.pdf
   ✅ 保存: 8233_1530_高島屋_2026年6月度 高島屋営業報告.pdf
   ✅ 保存: 8242_1530_H2Oリテイル_取締役等に対する譲渡制限付株式としての自己株式処分の払込完了に関するお知らせ.pdf
   ✅ 保存: 8283_1530_PALTAC_株式会社メディパルホールディングスによる当社株式に対する株式売渡請求を行うことの決定、当該株式売渡請求に係る承認及び当社株式の上場廃止に関するお知らせ.pdf
   ✅ 保存: 8283_1530_PALTAC_(開示事項の経過)臨時株主総会の不開催及び基準日の取消しに関するお知らせ.pdf
   ✅ 保存: 8848_1530_レオパレス21_株主代表訴訟の控訴に関するお知らせ.pdf
   ✅ 保存: 8887_1530_シーラHD_自己株式取得に係る事項の決定に関するお知らせ.pdf
   ✅ 保存: 8887_1530_シーラHD_株主優待制度の基準日および引換期日ならびに利用期日の変更に関するお知らせ.pdf
   ✅ 保存: 8887_1530_シーラHD_2027年5月期配当予想に関するお知らせ.pdf
   ✅ 保存: 8887_1530_シーラHD_2026年5月期 決算短信〔日本基準〕(連結).pdf
   ✅ 保存: 8887_1530_シーラHD_2026年5月期通期決算説明資料.pdf
   ✅ 保存: 8960_1530_R-ユナイテド_2026年5月期 決算短信(REIT).pdf
   ✅ 保存: 8960_1530_R-ユナイテド_2026年5月期(第45期)決算説明資料.pdf
   ✅ 保存: 8960_1530_R-ユナイテド_資産運用会社における資産運用ガイドラインの改定に関するお知らせ.pdf
   ✅ 保存: 9238_1530_G-バリューC_2027年2月期 第1四半期決算短信〔日本基準〕(非連結).pdf
   ✅ 保存: 9238_1530_G-バリューC_第三者割当による新株式の発行に関するお知らせ.pdf
   ✅ 保存: 9238_1530_G-バリューC_「新サービス『Influencer Performance Marketing』 開始及び株式会社IMK Linciaとの業務提携推進に関するお知らせ」.pdf
   ✅ 保存: 9238_1530_G-バリューC_株式会社IMK Linciaとの業務提携推進に関する補足説明資料.pdf
   ✅ 保存: 9250_1530_G-GRCS_2026年11月期 第2四半期決算説明資料.pdf
   ✅ 保存: 9250_1530_G-GRCS_2026年11月期 第2四半期(中間期)決算短信〔日本基準〕(連結).pdf
   ✅ 保存: 9250_1530_G-GRCS_上場維持基準(純資産基準)への適合に向けた計画に基づく進捗状況について.pdf
   ✅ 保存: 9279_1530_ギフトHD_株主優待制度の変更(拡充)に関するお知らせ.pdf
   ✅ 保存: 9279_1530_ギフトHD_株式分割、定款の一部変更、配当予想の修正に関するお知らせ.pdf
   ✅ 保存: 9334_1530_P-アイビスHD_株式分割及び株式分割に伴う定款一部変更に関するお知らせ.pdf
   ✅ 保存: 9334_1530_P-アイビスHD_剰余金の配当(初配)に関するお知らせ.pdf
   ✅ 保存: 9336_1530_大栄環境_譲渡制限付株式報酬としての自己株式の処分の払込完了に関するお知らせ.pdf
   ✅ 保存: 9367_1530_大東港運_監査等委員である取締役(社外取締役)の逝去及び補欠の監査等委員である取締役就任に関するお知らせ.pdf
   ✅ 保存: 9388_1530_Q-パパネッツ_2027年2月期 第1四半期決算短信[日本基準](非連結).pdf
   ✅ 保存: 9388_1530_Q-パパネッツ_株式分割及び株式分割に伴う定款の一部変更並びに配当予想の修正(増配)に関するお知らせ.pdf
   ✅ 保存: 9388_1530_Q-パパネッツ_自己株式の取得及び自己株式立会外買付取引による自己株式の買付けに関するお知らせ.pdf
   ✅ 保存: 9388_1530_Q-パパネッツ_東京証券取引所新規上場申請及び福岡証券取引所本則市場へ市場変更申請のお知らせ.pdf
   ✅ 保存: 9517_1530_イーレックス_2027年3月期通期連結業績予想の修正および2027年3月期第1四半期連結業績見込みに関するお知らせ.pdf
   ✅ 保存: 9602_1530_東宝_2027年2月期 第1四半期決算短信〔日本基準〕(連結).pdf
   ✅ 保存: 9602_1530_東宝_政策保有株式の縮減方針の策定に関するお知らせ.pdf
   ✅ 保存: 9602_1530_東宝_2027年2月期 第1四半期決算説明資料.pdf
   ✅ 保存: 9682_1530_DTS_譲渡制限付株式報酬としての自己株式処分の払込完了に関するお知らせ.pdf
   ✅ 保存: 9890_1530_マキヤ_第三者割当による自己株式処分の払込完了、並びに主要株主である筆頭株主及びその他の関係会社の異動に関するお知らせ.pdf
   ✅ 保存: 9978_1530_文教堂HD_2026年8月期 第3四半期決算短信〔日本基準〕(連結).pdf
   ✅ 保存: 9997_1530_ベルーナ_6月度 月次売上高前年同月比(速報値)に関するお知らせ.pdf
   ✅ 保存: 1887_1525_日本国土開発_2026年5月期通期連結業績予想と実績値との差異(上方修正)及び剰余金の配当(増配)、特別利益及び特別損失の計上に関するお知らせ.pdf
   ✅ 保存: 1887_1525_日本国土開発_2026年5月期決算短信〔日本基準〕(連結).pdf
   ✅ 保存: 7810_1504_クロスフォー_株主優待品決定に関するお知らせ.pdf
   ✅ 保存: 2461_1500_ファンコミ_2026年12月期6月度 月次業績速報のお知らせ.pdf
   ✅ 保存: 267A_1500_P-トワライズ_配当予想の修正(増配)に関するお知らせ.pdf
   ✅ 保存: 3195_1500_ジェネパ_2026年6月度月次売上高前年同月比についてのお知らせ.pdf
   ✅ 保存: 3201_1500_ニッケ_2026年11月期 第2四半期(中間期)決算短信〔日本基準〕(連結).pdf
   ✅ 保存: 3201_1500_ニッケ_2026年11月期 第2四半期決算説明資料.pdf
   ✅ 保存: 3372_1500_関門海_資金の借入に関するお知らせ.pdf
   ✅ 保存: 3774_1500_IIJ_在籍条件型譲渡制限付株式報酬としての自己株式の処分の払込完了に関するお知らせ.pdf
   ✅ 保存: 5037_1500_P-フィットワークス_2026年11月期 中間決算短信〔日本基準〕(連結).pdf
   ✅ 保存: 5037_1500_P-フィットワークス_TOKYO PRO Marketの上場目的の開示について.pdf
   ✅ 保存: 5074_1500_テスホールディングス_子会社による財務上の特約が付された金銭消費貸借契約の締結に関するお知らせ.pdf
   ✅ 保存: 519A_1500_G-ベーシック_臨時株主総会の開催及び資本金の額の減少(減資)に関するお知らせ.pdf
   ✅ 保存: 6150_1500_タケダ機械_2026年5月期 決算短信〔日本基準〕(連結).pdf
   ✅ 保存: 6516_1500_山洋電気_譲渡制限付株式報酬としての自己株式処分に関するお知らせ.pdf
   ✅ 保存: 6703_1500_OKI_「セカンドキャリア支援制度特別措置」の実施に関するお知らせ.pdf
   ✅ 保存: 7670_1500_オーウエル_譲渡制限付株式報酬としての自己株式の処分に関するお知らせ.pdf
   ✅ 保存: 8167_1500_リテールパートナーズ_2027年2月期 第1四半期決算短信[日本基準](連結).pdf
   ✅ 保存: 9034_1500_南総通運_譲渡制限株式報酬としての自己株式の処分に関するお知らせ.pdf
   ✅ 保存: 9778_1500_昴_2027年2月期 第1四半期決算短信〔日本基準〕(非連結).pdf
   ✅ 保存: 3181_1430_買取王国_譲渡制限付株式報酬としての新株式の発行の払込完了及び一部失権に関するお知らせ.pdf
   ✅ 保存: 3940_1430_ノムラシステム_2026年12月期第2四半期(中間期)業績予想の修正に関するお知らせ.pdf
   ✅ 保存: 2998_1400_G-クリアル_資金の借入に関するお知らせ.pdf
   ...Page 006 を確認中
   ✅ 保存: 3077_1400_ホリイフード_2026年11月期 月次売上速報(6月度)のお知らせ.pdf
   ✅ 保存: 3077_1400_ホリイフード_2026年11月期通期連結業績予想の修正(上方修正)に関するお知らせ.pdf
   ✅ 保存: 3077_1400_ホリイフード_2026年11月期 第2四半期(中間期)決算短信〔日本基準〕(連結).pdf
   ✅ 保存: 5078_1400_セレコーポレーション_2027年2月期 第1四半期決算短信〔日本基準〕(連結).pdf
   ✅ 保存: 5817_1400_JMACS_2027年2月期 第1四半期決算短信〔日本基準〕(非連結).pdf
   ✅ 保存: 8129_1400_東邦HD_譲渡制限付株式報酬としての自己株式の処分に関するお知らせ.pdf
   ✅ 保存: 6167_1330_冨士ダイス_譲渡制限付株式報酬としての自己株式の処分に関するお知らせ.pdf
   ✅ 保存: 1430_1300_ファーストコーポ_2026年5月期 決算短信〔日本基準〕(連結).pdf
   ✅ 保存: 1430_1300_ファーストコーポ_2026年5月期 決算説明資料.pdf
   ✅ 保存: 1430_1300_ファーストコーポ_剰余金の配当(増配)に関するお知らせ.pdf
   ✅ 保存: 1430_1300_ファーストコーポ_第15回定時株主総会開催日程及び付議議案決定並びに取締役候補者の選任に関するお知らせ.pdf
   ✅ 保存: 3649_1300_ファインデックス_製品別導入実績速報に関するお知らせ.pdf
   ✅ 保存: 4439_1300_東名_2026年8月期 第3四半期決算短信〔日本基準〕(連結).pdf
   ✅ 保存: 4439_1300_東名_2026年8月期 第3四半期決算補足説明資料.pdf
   ✅ 保存: 3374_1230_内外テック_株式会社OMTの株式取得(完全子会社化)に関するお知らせ.pdf
   ✅ 保存: 7065_1230_ユーピーアール_2026年8月期 第3四半期決算短信〔日本基準〕(連結).pdf
   ✅ 保存: 7065_1230_ユーピーアール_2026年8月期 第3四半期決算補足説明資料.pdf
   ✅ 保存: 7065_1230_ユーピーアール_2026年8月期通期連結業績予想の修正及び配当予想の修正(増配)に関するお知らせ.pdf
   ✅ 保存: 5869_1220_早稲田学習研究会_2026年5月期 決算短信〔日本基準〕(非連結).pdf
   ✅ 保存: 587A_1210_E-インベスコQQQ_インベスコQQQトラスト シリーズ1 に関する日々の開示事項.pdf
   ✅ 保存: 229A_1200_P-アスミHD_2026年11月期 中間決算短信〔日本基準〕(連結).pdf
   ✅ 保存: 265A_1200_G-エイチエムコム_2026年12月期第2四半期(中間期)業績予想の修正に関するお知らせ.pdf
   ✅ 保存: 278A_1200_G-テラドローン_防衛装備庁の「迎撃ドローン早期取得プログラム」への採択のお知らせ.pdf
   ✅ 保存: 8614_1200_東洋証_2027年3月期第1四半期連結決算速報値に関するお知らせ.pdf
   ✅ 保存: 8746_1200_unbanked_第三者特別調査委員会の設置について.pdf
   ✅ 保存: 9381_1200_エーアイテイー_2027年2月期 第1四半期決算短信〔日本基準〕(連結).pdf
   ✅ 保存: 1326_1140_E-ワールド_SPDRゴールド・シェアに関する日々の開示事項.pdf
   ✅ 保存: 2971_1130_R-エスコンジャパン_資金の借入れ(借換え)に関するお知らせ.pdf
   ✅ 保存: 3561_1130_力の源HD_役員向け株式給付信託の終了ならびに自己株式の消却方針に関するお知らせ.pdf
   ✅ 保存: 3913_1130_GreenBee_備前市穂浪高圧第2蓄電所の需給調整市場での取引を開始.pdf
   ✅ 保存: 4058_1130_G-トヨクモ_2026年6月度 月次売上速報に関するお知らせ.pdf
   ✅ 保存: 485A_1130_G-パワーエックス_大口受注に関するお知らせ.pdf
   ✅ 保存: 6417_1130_SANKYO_当社子会社による事業譲受に関するお知らせ.pdf
   ✅ 保存: 7944_1130_ローランド_当社および当社子会社に対する訴訟の終結に関するお知らせ.pdf
   ✅ 保存: 8706_1130_極東証券_2027年3月期 第1四半期連結業績速報値に関するお知らせ.pdf
   ✅ 保存: 2984_1100_ヤマイチ_譲渡制限付株式報酬としての新株式発行の払込完了に関するお知らせ.pdf
   ✅ 保存: 485A_1100_G-パワーエックス_パワーエックスとハイレゾ、GPUデータセンター 併設蓄電システムの活用に向けた協業検討開始に関するお知らせ.pdf
   ✅ 保存: 5482_1100_愛知鋼_譲渡制限付株式報酬としての自己株式の処分の払込完了に関するお知らせ.pdf
   ✅ 保存: 6142_1100_富士精工_自己株式立会外買付取引(N-NET3)による自己株式の取得結果及び自己株式取得終了に関するお知らせ.pdf
   ✅ 保存: 7874_1100_レック_自己株式の取得状況に関するお知らせ.pdf
   ✅ 保存: 2993_1030_長栄_譲渡制限付株式報酬としての自己株式の処分の払込完了に関するお知らせ.pdf
   ✅ 保存: 1407_1000_ウエストHD_2026年8月期 第3四半期決算短信〔日本基準〕(連結).pdf
   ✅ 保存: 2872_1000_セイヒョー_譲渡制限付株式報酬としての自己株式の処分の払込完了に関するお知らせ.pdf
   ✅ 保存: 3608_1000_TSI HD_2027年2月期 第1四半期決算説明会資料.pdf
   ✅ 保存: 6091_1000_ウエスコHD_自己株式立会外買付取引(ToSTNeT-3)による自己株式の取得結果および自己株式の取得終了ならびに自己株式の消却に関するお知らせ.pdf
   ✅ 保存: 6625_1000_JALCO HD_第三者割当による第1回無担保転換社債型新株予約権付社債の発行に係る払込完了に関するお知らせ.pdf
   ✅ 保存: 7059_1000_コプロHD_2026年6月度 在籍技術者数、稼働技術者数・稼働率の月次開示に関するお知らせ.pdf
   ✅ 保存: 7140_1000_G-ペットゴー_第三者割当による新株式発行の払込完了に関するお知らせ.pdf
   ✅ 保存: 8058_1000_三菱商事_特定子会社の異動(子会社の特定子会社化)に関するお知らせ.pdf
   ✅ 保存: 543A_0930_ARCHION_株式の売出しに係る仮条件等の決定に関するお知らせ.pdf
   ✅ 保存: 7898_0930_ウッドワン_(開示事項の経過)海外連結子会社の事業再編に関するお知らせ.pdf
   ✅ 保存: 9313_0930_丸八倉_自己株式立会外買付取引(ToSTNeT-3)による自己株式の取得結果及び取得終了に関するお知らせ.pdf
   ✅ 保存: 4552_0830_JCRファーマ_デュシェンヌ型筋ジストロフィー治療薬givinostatの国内開発計画に関するお知らせ.pdf
   ✅ 保存: 9348_0830_G-ispace_当社米国子会社とドレイパーによるNASA CP-12の契約に関するお知らせ.pdf
   ✅ 保存: 597A_0800_P-and US_東京証券取引所 TOKYO PRO Market 及び福岡証券取引所 Fukuoka PRO Market への上場のお知らせ.pdf
   ✅ 保存: 597A_0800_P-and US_流動性プロバイダー指定のお知らせ.pdf
   ✅ 保存: 597A_0800_P-and US_東京証券取引所 TOKYO PRO Market 及び 福岡証券取引所 Fukuoka PRO Market 上場に伴う当社決算情報等のお知らせ.pdf
   ✅ 保存: 597A_0800_P-and US_TOKYO PRO Market 上場目的の開示に関するお知らせ.pdf
   ✅ 保存: 598A_0800_G-チャットプラス_東京証券取引所グロース市場への上場に伴う当社決算情報等のお知らせ.pdf
   ✅ 保存: 598A_0800_G-チャットプラス_事業計画及び成長可能性に関する説明資料.pdf
   ...Page 007 を確認中
   📝 一覧CSV保存: TDnet_Sorted_20260715.csv
   📝 一覧CSV保存（ルート）: TDnet_Sorted_20260715.csv
   📊 日別統計: page_access=7, pdf_success=535, excluded=37

============================================================
✅ ①完了（範囲取得）
   期間: 20260715 ～ 20260715 （mode=day）
   一覧ページアクセス合計: 7
   PDFダウンロード成功合計: 535
   除外件数合計: 37
   保存ルート: G:\マイドライブ\TDnet_Downloads

$ C:\Users\onok\AppData\Local\Python\pythoncore-3.14-64\python.exe -u ②a②bは２つフリーワード検索.py analyze --target 20260715 --save-root G:\マイドライブ\TDnet_Downloads --keywords 価格交渉 増産 価格改定 価格転嫁 値上 想定以上 上方修正 下方修正 想定以下 未達 大幅 計画を上 計画を下 計画以 需要回復 需要の回復 需要が増 需要が低 悪化 グローバルニッチトップ トップシェア シェア拡大 レアアース
ルート: G:\マイドライブ\TDnet_Downloads
対象指定: 20260715 mode= day from= 20260715 to= 20260715
対象フォルダ数: 1
検索キーワード: ['価格交渉', '増産', '価格改定', '価格転嫁', '値上', '想定以上', '上方修正', '下方修正', '想定以下', '未達', '大幅', '計画を上', '計画を下', '計画以', '需要回復', '需要の回復', '需要が増', '需要が低', '悪化', 'グローバルニッチトップ', 'トップシェア', 'シェア拡大', 'レアアース']
総PDF数（推定）: 535
[1/1] 日付フォルダ 20260715 を処理中... (このフォルダ内PDF数: 535)
  進捗: 50/535 件のPDFを解析済み
  進捗: 100/535 件のPDFを解析済み
  進捗: 150/535 件のPDFを解析済み
  進捗: 200/535 件のPDFを解析済み
  進捗: 250/535 件のPDFを解析済み
  進捗: 300/535 件のPDFを解析済み
  進捗: 350/535 件のPDFを解析済み
  進捗: 400/535 件のPDFを解析済み
  進捗: 450/535 件のPDFを解析済み
  進捗: 500/535 件のPDFを解析済み
  進捗: 535/535 件のPDFを解析済み
  → 日付フォルダ 20260715 のヒットPDF数: 162

✅ ②A 完了（解析専用・キーワード別ページ列）
解析PDF数: 535
ヒットPDF数: 162
出力CSV: Analysis_Hits_free_word_20260715.csv
保存先: G:\マイドライブ\TDnet_Downloads

$ C:\Users\onok\AppData\Local\Python\pythoncore-3.14-64\python.exe -u ②a②bは２つフリーワード検索.py distribute --target 20260715 --save-root G:\マイドライブ\TDnet_Downloads --no-stop-on-empty-meta

✅ ②B 完了（配布用CSV作成・キーワード別ページ列）
出力: PDF_Search_Result_Distribution_free_word_20260715_sh.csv
キーワード列: ['価格交渉', '増産', '価格改定', '価格転嫁', '値上', '想定以上', '上方修正', '下方修正', '想定以下', '未達', '大幅', '計画を上', '計画を下', '計画以', '需要回復', '需要の回復', '需要が増', '需要が低', '悪化', 'グローバルニッチトップ', 'トップシェア', 'シェア拡大', 'レアアース']
突合除外件数: 0
空欄アラート件数: 0

============================================
 Done: 2026-07-15 23:14:06
============================================
