🎯 対象指定: 20260414（mode=day, from=20260414, to=20260414）
📁 保存ルート: G:\マイドライブ\TDnet_Downloads

============================================================
📅 日付: 20260414 を処理します
   ...Page 001 を確認中
   ✅ 保存: 469A_2125_G-フィットクルー_業績予想の修正に関するお知らせ.pdf
   ✅ 保存: 2901_2050_ウェルディッシュ_2026年8月期半期報告書提出遅延及び当社株式の監理銘柄(確認中)指定の見込みに関するお知らせ.pdf
   ✅ 保存: 3050_2030_DCM_(訂正)「剰余金の配当(増配)に関するお知らせ」の一部訂正について.pdf
   ✅ 保存: 2901_1957_ウェルディッシュ_2026年8月期第2四半期(中間期)決算短信〔日本基準〕(連結).pdf
   ✅ 保存: 2901_1957_ウェルディッシュ_特別利益計上のお知らせ.pdf
   ✅ 保存: 3823_1915_WHY HOW DO_第22期(2026年4月期)半期報告書の提出に関するお知らせ.pdf
   ✅ 保存: 3823_1910_WHY HOW DO_債権譲渡及び営業外費用の計上に関するお知らせ.pdf
   ✅ 保存: 469A_1910_G-フィットクルー_2026年11月期第1四半期決算短信補足説明資料.pdf
   ✅ 保存: 3823_1900_WHY HOW DO_営業外費用、特別損失及び法人税等調整額の計上に関するお知らせ.pdf
   ✅ 保存: 3823_1900_WHY HOW DO_業績予想の修正(取り下げ)に関するお知らせ.pdf
   ✅ 保存: 469A_1900_G-フィットクルー_2026年11月期 第1四半期決算短信〔日本基準〕(非連結).pdf
   ✅ 保存: 3823_1850_WHY HOW DO_2026年4月期 第2四半期(中間期)決算短信〔日本基準〕(連結).pdf
   ✅ 保存: 7603_1840_ジーイエット_(訂正)「特別損失(減損損失)の計上及び貸倒引当金繰入額の計上並びに2026年2月期通期業績予想と実績値との差異に関するお知らせ」の一部訂正について.pdf
   ✅ 保存: 2139_1830_中広_連結子会社における債権の取立不能のおそれに関するお知らせ.pdf
   ✅ 保存: 5025_1815_G-マーキュリー_2026年2月期決算短信〔日本基準〕(非連結).pdf
   ✅ 保存: 5025_1815_G-マーキュリー_2026年2月期 通期決算説明資料.pdf
   ✅ 保存: 470A_1800_P-ローカル_2026年2月期 決算短信〔日本基準〕(非連結).pdf
   ✅ 保存: 482A_1800_F-セールスAC_2026年8月期 中間決算短信〔日本基準〕(非連結).pdf
   ✅ 保存: 9265_1800_ヤマシタヘルスケア_社員持株会に対する譲渡制限付株式としての自己株式処分に関するお知らせ.pdf
   ✅ 保存: 6566_1745_要興業_代表取締役の異動に関するお知らせ.pdf
   ✅ 保存: 286A_1730_G-ユカリア_譲渡制限付株式報酬としての自己株式の処分に関するお知らせ.pdf
   ✅ 保存: 329A_1730_P-ジール_2026年8月期 中間決算短信〔日本基準〕(非連結).pdf
   ✅ 保存: 3777_1730_G-環境フレンドリー_連結子会社の事業の一部休止に関するお知らせ.pdf
   ✅ 保存: 9252_1725_G-ラストワンマイル_(訂正)「剰余金の配当(中間配当)に関するお知らせ」一部訂正について.pdf
   ✅ 保存: 6278_1715_ユニオンツール_処分価格及び売出価格等の決定に関するお知らせ.pdf
   ✅ 保存: 5574_1710_G-ABEJA_2026年8月期 第2四半期(中間期)決算短信〔日本基準〕(非連結).pdf
   ✅ 保存: 5574_1710_G-ABEJA_通期業績予想の修正に関するお知らせ.pdf
   ✅ 保存: 5574_1710_G-ABEJA_2026年8月期 第2四半期 決算説明資料.pdf
   ✅ 保存: 5574_1710_G-ABEJA_報告セグメントの名称変更に関するお知らせ.pdf
   ✅ 保存: 185A_1700_P-リサイクルテック_2026年2月期 決算短信〔日本基準〕(連結).pdf
   ✅ 保存: 2164_1700_地域新聞社_第三者割当による新株式及び第11回新株予約権(行使価額修正条項付)の発行に関するお知らせ.pdf
   ✅ 保存: 2972_1700_R-サンケイRE_Tiger LPS及びLion LPSによるサンケイリアルエステート投資法人(証券コード_2972)投資口に対する公開買付けの買付条件等の変更に関するお知らせ.pdf
   ✅ 保存: 2972_1700_R-サンケイRE_(変更)「Tiger LPS・Lion LPSのサンケイリアルエステート投資法人(証券コード_2972)投資口に対する公開買付けに関する賛同意見表明・応募推奨」の一部変更.pdf
   ✅ 保存: 2972_1700_R-サンケイRE_(開示事項の経過)Tiger LPS・Lion LPSのサンケイリアルエステート投資法人(証券コード_2972)投資口に対する公開買付けに関する交付予定金額・交付予定時期.pdf
   ✅ 保存: 3221_1700_ヨシックスHD_2026年3月期 3月度 店舗数の状況及び月次売上高前年対比のお知らせ.pdf
   ✅ 保存: 3277_1700_サンセイランディック_譲渡制限付株式報酬としての自己株式の処分に関するお知らせ.pdf
   ✅ 保存: 3547_1700_ユニシアHD_2026年11月期 第1四半期決算短信〔日本基準〕(連結).pdf
   ✅ 保存: 3557_1700_G-U&C_2026年2月期 決算短信[日本基準](非連結).pdf
   ✅ 保存: 3557_1700_G-U&C_通期業績予想と実績値との差異に関するお知らせ.pdf
   ✅ 保存: 3557_1700_G-U&C_特別損失及び法人税等調整額の計上に関するお知らせ.pdf
   ✅ 保存: 3557_1700_G-U&C_株主優待制度の一部変更に関するお知らせ.pdf
   ✅ 保存: 361A_1700_P-リビングハウス_通期業績予想と実績の差異に関するお知らせ.pdf
   ✅ 保存: 361A_1700_P-リビングハウス_2026年2月期 決算短信〔日本基準〕(連結).pdf
   ✅ 保存: 3826_1700_SI_2026年度「2年経営計画」に関するお知らせ.pdf
   ✅ 保存: 3826_1700_SI_配当予想の修正(増配)に関するお知らせ.pdf
   ✅ 保存: 3826_1700_SI_2026年2月期 決算短信〔日本基準〕(連結).pdf
   ✅ 保存: 434A_1700_P-LOOPLACE_通期業績予想の修正に関するお知らせ.pdf
   ✅ 保存: 434A_1700_P-LOOPLACE_2026年2月期 決算短信〔日本基準〕(非連結).pdf
   ✅ 保存: 4421_1700_DIシステム_当社連結子会社による株式取得(孫会社化)に関するお知らせ.pdf
   ✅ 保存: 4444_1700_G-インフォネット_連結子会社の吸収合併に関するお知らせ.pdf
   ✅ 保存: 4920_1700_日本色材_主要株主の異動(予定)および株式会社トワ・スールによる当社株式(証券コード4920)の取得に関するお知らせ.pdf
   ✅ 保存: 5130_1700_P-ヒロHD_2026年8月期 中間決算短信〔日本基準〕(連結).pdf
   ✅ 保存: 5534_1700_P-エンゼルグループ_特別利益(負ののれん発生益)の計上に関するお知らせ.pdf
   ✅ 保存: 5534_1700_P-エンゼルグループ_2026年8月期 中間決算短信〔日本基準〕(連結).pdf
   ✅ 保存: 6039_1700_G-日本動物高度医療_連結子会社からの配当金受領に関するお知らせ.pdf
   ✅ 保存: 7603_1700_ジーイエット_2026年2月期 決算短信〔日本基準〕(非連結).pdf
   ✅ 保存: 7603_1700_ジーイエット_特別損失(減損損失)の計上及び貸倒引当金繰入額の計上並びに2026年2月期通期業績予想と実績値との差異に関するお知らせ.pdf
   ✅ 保存: 8242_1700_H2Oリテイル_投資有価証券の売却に伴う特別利益の計上見込みに関するお知らせ.pdf
   ✅ 保存: 144A_1645_P-エネルギーパワー_2026年8月期 中間決算短信〔日本基準〕(非連結).pdf
   ✅ 保存: 144A_1645_P-エネルギーパワー_子会社設立に関するお知らせ.pdf
   ✅ 保存: 8604_1640_野村_自己株式処分に係る発行登録の取下げに関するお知らせ.pdf
   ✅ 保存: 6925_1635_ウシオ電_当社半導体レーザーデバイス事業の新設子会社への会社分割による承継及び新設子会社の株式の譲渡に関するお知らせ.pdf
   ✅ 保存: 274A_1630_ガーデン_2026年2月期決算説明資料.pdf
   ✅ 保存: 300A_1630_MIC_新任取締役候補者および新任監査役候補者の選任に関するお知らせ.pdf
   ✅ 保存: 3189_1630_ANAP_2026年8月期第2四半期決算短信〔日本基準〕(連結).pdf
   ✅ 保存: 3189_1630_ANAP_特別利益(債務免除益)の計上に関するお知らせ.pdf
   ✅ 保存: 3189_1630_ANAP_営業外費用(暗号資産評価損)の計上に関するお知らせ.pdf
   ✅ 保存: 3290_1630_R-Oneリート_2026年2月期 決算短信(REIT).pdf
   ✅ 保存: 3290_1630_R-Oneリート_2026年2月期(第25期)分配金の予想額と決定額の差異に関するお知らせ.pdf
   ✅ 保存: 3290_1630_R-Oneリート_2026年2月期(第25期)決算説明資料.pdf
   ✅ 保存: 351A_1630_P-アクシスITP_自己株式立会外買付取引(ToSTNeT-3)による自己株式の買付けに関するお知らせ.pdf
   ✅ 保存: 4883_1630_G-モダリス_第三者割当により発行された第17回新株予約権(行使価額修正条項付)の大量行使に関するお知らせ.pdf
   ✅ 保存: 4883_1630_G-モダリス_ストック・オプション(新株予約権)の発行内容確定に関するお知らせ.pdf
   ✅ 保存: 4920_1630_日本色材_自己株式の取得、及び自己株式立会外買付取引(ToSTNeT-3)による自己株式の買付けに関するお知らせ.pdf
   ✅ 保存: 9602_1630_東宝_自己株式立会外買付取引(ToSTNeT-3)による自己株式の買付けに関するお知らせ.pdf
   ✅ 保存: 4017_1620_G-クリーマ_2026年2月期 第4四半期および通期決算説明資料.pdf
   ✅ 保存: 4017_1620_G-クリーマ_事業計画及び成長可能性に関する事項.pdf
   ✅ 保存: 4017_1620_G-クリーマ_2026年2月期 決算短信〔日本基準〕(連結).pdf
   ✅ 保存: 6142_1615_富士精工_自己株式立会外買付取引(N-NET3)による自己株式の買付けに関するお知らせ.pdf
   ✅ 保存: 6287_1615_サトー_特別損失の計上及び業績予想の修正、並びに役員報酬の減額に関するお知らせ.pdf
   ✅ 保存: 2338_1610_クオンタムS_2026年2月期決算短信〔日本基準〕(連結).pdf
   ✅ 保存: 2338_1610_クオンタムS_当期連結実績と前期連結実績との差異に関するお知らせ.pdf
   ✅ 保存: 2338_1610_クオンタムS_営業外収益及び営業外費用の計上に関するお知らせ.pdf
   ✅ 保存: 4413_1610_ボードルア_2026年2月期 決算短信〔IFRS〕(連結).pdf
   ✅ 保存: 4413_1610_ボードルア_2026年2月期 決算補足説明資料.pdf
   ✅ 保存: 6182_1610_G-メタリアル_2026年2月期 決算短信〔日本基準〕(連結).pdf
   ✅ 保存: 6182_1610_G-メタリアル_2026年2月期 通期(2025年3月~2026年2月)決算説明資料(事業計画及び成長可能性に関する事項).pdf
   ✅ 保存: 135A_1600_G-VRAIN_2026年2月期 通期決算説明資料.pdf
   ✅ 保存: 135A_1600_G-VRAIN_2026年2月期 決算短信〔日本基準〕(非連結).pdf
   ✅ 保存: 1418_1600_インターライフ_2026年2月期 決算短信〔日本基準〕(連結).pdf
   ✅ 保存: 1418_1600_インターライフ_剰余金の配当に関するお知らせ.pdf
   ✅ 保存: 1418_1600_インターライフ_役員の異動に関する事項について.pdf
   ✅ 保存: 1418_1600_インターライフ_株式給付信託(BBT)の一部改定に関するお知らせ.pdf
   ✅ 保存: 190A_1600_G-Chordia_2026年8月期中間決算説明資料.pdf
   ✅ 保存: 244A_1600_G-グロースエクスパ_2026年8月期第2四半期(中間期)決算短信(日本基準)(連結).pdf
   ✅ 保存: 244A_1600_G-グロースエクスパ_2026年8月期第2四半期 決算説明資料.pdf
   ✅ 保存: 245A_1600_G-INGS_2026年8月期 第2四半期(中間期)決算短信〔日本基準〕(非連結).pdf
   ✅ 保存: 245A_1600_G-INGS_2026年8月期 第2四半期 決算説明資料.pdf
   ✅ 保存: 251A_1600_P-ニューロマジック_通期連結業績予想と実績値との差異、並びに剰余金の配当に関するお知らせ.pdf
   ✅ 保存: 251A_1600_P-ニューロマジック_2026年2月期 決算短信〔日本基準〕(連結).pdf
   ...Page 002 を確認中
   ✅ 保存: 2654_1600_アスモ_2026年3月度 月次実績のお知らせ.pdf
   ✅ 保存: 2764_1600_ひらまつ_ひらまつIRレポート(月次売上速報).pdf
   ✅ 保存: 2798_1600_Y’s_特別損失の計上及び2026年2月期通期連結業績予想と実績値との差異に関するお知らせ.pdf
   ✅ 保存: 2798_1600_Y’s_2026年2月期決算短信〔日本基準〕(連結).pdf
   ✅ 保存: 280A_1600_G-TMH_2026年11月期 第1四半期 連結決算補足資料.pdf
   ✅ 保存: 280A_1600_G-TMH_中間期連結業績予想の公表に関するお知らせ.pdf
   ✅ 保存: 280A_1600_G-TMH_2026年11月期 第1四半期決算短信〔日本基準〕(連結).pdf
   ✅ 保存: 304A_1600_G-フォルシア_2026年2月期 業績予想と決算値との差異に関するお知らせ.pdf
   ✅ 保存: 304A_1600_G-フォルシア_2026年2月期決算短信〔日本基準〕(非連結).pdf
   ✅ 保存: 304A_1600_G-フォルシア_2026年2月期 通期決算説明資料.pdf
   ✅ 保存: 3077_1600_ホリイフード_2026年11月期 月次売上速報(3月度)のお知らせ.pdf
   ✅ 保存: 3077_1600_ホリイフード_2026年11月期 第1四半期決算短信〔日本基準〕(連結).pdf
   ✅ 保存: 3077_1600_ホリイフード_「資本コストや株価を意識した経営の実現に向けた対応」に関するお知らせ.pdf
   ✅ 保存: 3077_1600_ホリイフード_2026年11月期第1四半期決算説明会資料.pdf
   ✅ 保存: 3198_1600_SFPHD_株式会社クリエイト・レストランツ・ホールディングスとSFPホールディングス株式会社の合併契約締結に関するお知らせ.pdf
   ✅ 保存: 3198_1600_SFPHD_株主優待制度の廃止に関するお知らせ.pdf
   ✅ 保存: 3198_1600_SFPHD_剰余金の配当(期末配当)に関するお知らせ.pdf
   ✅ 保存: 3198_1600_SFPHD_2026年2月期通期連結業績予想数値と実績値との差異に関するお知らせ.pdf
   ✅ 保存: 3198_1600_SFPHD_2026年2月期 決算補足資料.pdf
   ✅ 保存: 3198_1600_SFPHD_2026年2月期 決算短信〔日本基準〕(連結).pdf
   ✅ 保存: 3266_1600_ファンドクリG_2026年11月期 第1四半期決算短信〔日本基準〕(連結).pdf
   ✅ 保存: 3361_1600_トーエル_取締役の担当職務の変更及び人事異動に関するお知らせ.pdf
   ✅ 保存: 3387_1600_クリレスHD_2026年2月期 決算短信〔IFRS〕(連結).pdf
   ✅ 保存: 3387_1600_クリレスHD_2026年2月期決算(補足説明資料).pdf
   ✅ 保存: 3387_1600_クリレスHD_株式会社クリエイト・レストランツ・ホールディングスとSFPホールディングス株式会社の 合併契約締結に関するお知らせ.pdf
   ✅ 保存: 3387_1600_クリレスHD_新たな経営体制に関するお知らせ.pdf
   ✅ 保存: 3441_1600_山王_人事異動に関するお知らせ.pdf
   ✅ 保存: 351A_1600_P-アクシスITP_2026年8月期 中間決算短信〔日本基準〕(非連結).pdf
   ✅ 保存: 351A_1600_P-アクシスITP_(開示事項の経過)連結子会社の吸収合併に伴う特別利益の計上額の確定に関するお知らせ.pdf
   ✅ 保存: 3548_1600_バロック_中期経営計画.pdf
   ✅ 保存: 3675_1600_クロスマーケティング_スタートリング株式会社の株式取得(子会社化)に関するお知らせ.pdf
   ✅ 保存: 3697_1600_SHIFT_2026年8月期 第2四半期決算説明資料.pdf
   ✅ 保存: 3967_1600_G-エルテス_2026年2月期 決算短信〔日本基準〕(連結).pdf
   ✅ 保存: 3967_1600_G-エルテス_2026年2月期 通期 決算説明資料.pdf
   ✅ 保存: 3967_1600_G-エルテス_通期個別業績実績値と前期実績値との差異に関するお知らせ.pdf
   ✅ 保存: 4016_1600_MITHD_2026年11月期第1四半期決算補足説明資料.pdf
   ✅ 保存: 4016_1600_MITHD_2026年11月期第1四半期決算短信〔日本基準〕(連結).pdf
   ✅ 保存: 414A_1600_G-オーバーラップ_配当予想の修正に関するお知らせ.pdf
   ✅ 保存: 414A_1600_G-オーバーラップ_2026年8月期 第2四半期決算短信〔IFRS〕(連結).pdf
   ✅ 保存: 414A_1600_G-オーバーラップ_2026年8月期 第2四半期決算説明資料.pdf
   ✅ 保存: 4197_1600_アスマーク_2026年11月期第1四半期決算説明資料.pdf
   ✅ 保存: 4197_1600_アスマーク_2026年11月期第1四半期決算短信〔日本基準〕(連結).pdf
   ✅ 保存: 4382_1600_HEROZ_HEROZ株式会社とバリオセキュア株式会社の経営統合に関するお知らせ.pdf
   ✅ 保存: 4382_1600_HEROZ_HEROZ株式会社とバリオセキュア株式会社の経営統合に関する補足資料.pdf
   ✅ 保存: 4382_1600_HEROZ_法定事前開示書類(株式交換)(バリオセキュア株式会社).pdf
   ✅ 保存: 4415_1600_G-ブロードエンター_株式の取得(子会社化)に伴う資金の借入に関するお知らせ.pdf
   ✅ 保存: 4429_1600_G-リックソフト_2026年2月期決算短信〔日本基準〕(連結).pdf
   ✅ 保存: 4429_1600_G-リックソフト_2026年2月期 決算説明資料.pdf
   ✅ 保存: 4429_1600_G-リックソフト_個別業績と前期実績との差異に関するお知らせ.pdf
   ✅ 保存: 4494_1600_バリオセキュア_HEROZ株式会社とバリオセキュア株式会社の経営統合に関するお知らせ.pdf
   ✅ 保存: 4494_1600_バリオセキュア_2026年2月期 決算短信〔IFRS〕(非連結).pdf
   ✅ 保存: 4494_1600_バリオセキュア_2026年2月期 決算説明資料.pdf
   ✅ 保存: 457A_1600_P-ルリアン_2026年8月期 中間決算短信〔日本基準〕(非連結).pdf
   ✅ 保存: 4645_1600_市進HD_2026年2月期 決算短信〔日本基準〕(連結).pdf
   ✅ 保存: 4645_1600_市進HD_特別損失の計上及び通期連結業績予想と実績値との差異に関するお知らせ.pdf
   ✅ 保存: 4885_1600_室町ケミカル_業績予想の修正及び剰余金の配当(増配)に関するお知らせ.pdf
   ✅ 保存: 4885_1600_室町ケミカル_2026年5月期第3四半期決算短信〔日本基準〕(非連結).pdf
   ✅ 保存: 4885_1600_室町ケミカル_2026年5月期 第3四半期 決算補足説明資料.pdf
   ✅ 保存: 4885_1600_室町ケミカル_株式の立会外分売に関するお知らせ.pdf
   ✅ 保存: 5018_1600_MORESCO_2026年2月期決算短信〔日本基準〕(連結).pdf
   ✅ 保存: 5018_1600_MORESCO_取締役の異動に関するお知らせ.pdf
   ✅ 保存: 5527_1600_G-propetec_2026年11月期第1四半期決算短信〔日本基準〕(連結).pdf
   ✅ 保存: 5527_1600_G-propetec_2026年11月期 第1四半期決算説明資料.pdf
   ✅ 保存: 5527_1600_G-propetec_2026年11月期 第1四半期決算説明資料データ集.pdf
   ✅ 保存: 5975_1600_東プレ_従業員持株会向け譲渡制限付株式インセンティブ制度の導入に関するお知らせ.pdf
   ✅ 保存: 5975_1600_東プレ_役員及び執行役員の異動に関するお知らせ.pdf
   ✅ 保存: 6025_1600_日本PCサービス_2026年8月期 第2四半期決算短信〔日本基準〕(連結).pdf
   ✅ 保存: 6025_1600_日本PCサービス_2026年8月期 通期業績予想の修正に関するお知らせ.pdf
   ✅ 保存: 6044_1600_三機サービス_2026年5月期第3四半期決算短信〔日本基準〕(連結).pdf
   ✅ 保存: 6044_1600_三機サービス_2026年5月期第3四半期決算説明資料.pdf
   ✅ 保存: 6118_1600_アイダ_役員の異動に関するお知らせ.pdf
   ✅ 保存: 6425_1600_ユニバーサル_TRLEI四半期業績のお知らせ(2026年12月期第1四半期 速報値).pdf
   ✅ 保存: 6572_1600_オープンG_2026年2月期 決算短信〔日本基準〕(連結).pdf
   ✅ 保存: 6572_1600_オープンG_配当予想の修正に関するお知らせ.pdf
   ✅ 保存: 6572_1600_オープンG_特別損失の計上に関するお知らせ.pdf
   ✅ 保存: 6572_1600_オープンG_2026年2月期 決算説明資料.pdf
   ✅ 保存: 6578_1600_コレックHD_2026年2月期 決算短信〔日本基準〕(連結).pdf
   ✅ 保存: 6578_1600_コレックHD_2026年2月期 通期決算説明資料.pdf
   ✅ 保存: 6578_1600_コレックHD_(開示事項の経過)特別損失の計上に関するお知らせ.pdf
   ✅ 保存: 6578_1600_コレックHD_通期連結業績予想値と実績値との差異に関するお知らせ.pdf
   ✅ 保存: 6578_1600_コレックHD_剰余金の配当(期末配当)に関するお知らせ.pdf
   ✅ 保存: 6578_1600_コレックHD_定款の一部変更に関するお知らせ.pdf
   ✅ 保存: 6578_1600_コレックHD_取締役候補者及び監査役候補者の選任に関するお知らせ.pdf
   ✅ 保存: 6578_1600_コレックHD_譲渡制限付株式報酬制度の導入に関するお知らせ.pdf
   ✅ 保存: 6578_1600_コレックHD_スタンダード市場上場維持基準の適合に関するお知らせ.pdf
   ✅ 保存: 6578_1600_コレックHD_公益財団法人財務会計基準機構への加入状況及び加入に関する考え方等に関するお知らせ.pdf
   ✅ 保存: 6578_1600_コレックHD_(開示事項の経過)再発防止策の進捗に関するお知らせ(最終版).pdf
   ✅ 保存: 6721_1600_ウインテスト_当社の取締役会評価結果の概要について.pdf
   ✅ 保存: 7035_1600_anfac_2026年8月期 第2四半期(中間期)決算短信〔日本基準〕(連結).pdf
   ✅ 保存: 7035_1600_anfac_2026年8月期 第2四半期決算説明資料.pdf
   ✅ 保存: 7035_1600_anfac_会社分割(簡易吸収分割)による権利義務の承継に関するお知らせ.pdf
   ✅ 保存: 7074_1600_G-247HD_2026年11月期 第1四半期決算短信[日本基準](連結).pdf
   ✅ 保存: 7074_1600_G-247HD_2026年11月期 第1四半期連結決算補足説明資料.pdf
   ✅ 保存: 7162_1600_アストマックス_2026年3月期3月度の発電状況のお知らせ.pdf
   ✅ 保存: 7247_1600_ミクニ_有形固定資産の譲渡の決定に関するお知らせ.pdf
   ✅ 保存: 7610_1600_テイツー_2026年2月期決算短信〔日本基準〕(連結).pdf
   ✅ 保存: 7610_1600_テイツー_剰余金の配当並びに2027年2月期通期連結業績予想及び配当予想に関するお知らせ.pdf
   ✅ 保存: 7610_1600_テイツー_「2026年度テイツーグループ成長戦略」策定に関するお知らせ.pdf
   ✅ 保存: 7610_1600_テイツー_取締役候補者の決定に関するお知らせ.pdf
   ✅ 保存: 7610_1600_テイツー_2026年2月期決算説明会資料.pdf
   ...Page 003 を確認中
   ✅ 保存: 7776_1600_G-セルシード_第26回新株予約権(無償ストック・オプション)の発行に関するお知らせ.pdf
   ✅ 保存: 8142_1600_トーホー_2026年3月度 月次売上高のお知らせ.pdf
   ✅ 保存: 8783_1600_abc_2026年8月期第2四半期(中間期)決算短信〔日本基準〕(連結).pdf
   ✅ 保存: 8783_1600_abc_個別業績における営業外収益(暗号資産売却益)の計上に関するお知らせ.pdf
   ✅ 保存: 8783_1600_abc_中期経営計画 進捗報告.pdf
   ✅ 保存: 9215_1600_G-CaSy_2026年11月期 第1四半期決算短信〔日本基準〕(連結).pdf
   ✅ 保存: 9215_1600_G-CaSy_2026年11月期 第1四半期 決算説明資料.pdf
   ✅ 保存: 9215_1600_G-CaSy_2026年11月期 第1四半期決算説明.pdf
   ✅ 保存: 9241_1600_G-FLN_2026年8月期 第2四半期決算説明資料.pdf
   ✅ 保存: 9241_1600_G-FLN_2026年8月期 第2四半期(中間期)決算短信〔日本基準〕(連結).pdf
   ✅ 保存: 9979_1600_大庄_2026年3月の月次売上状況について.pdf
   ✅ 保存: 9979_1600_大庄_2026年8月期 第2四半期(中間期)決算短信〔日本基準〕(連結).pdf
   ✅ 保存: 2935_1550_ピックルスHD_2026年2月期 決算短信〔日本基準〕(連結).pdf
   ✅ 保存: 2935_1550_ピックルスHD_プライム市場上場維持基準への適合に関するお知らせ.pdf
   ✅ 保存: 2935_1550_ピックルスHD_代表取締役の異動(退任)に関するお知らせ.pdf
   ✅ 保存: 5129_1545_G-FIXER_第三者割当により発行された第3回新株予約権 (行使価額修正条項付及び行使停止条項付)の大量行使に関するお知らせ.pdf
   ✅ 保存: 3174_1540_ハピネス&D_2026年8月期 第2四半期(中間期)決算短信〔日本基準〕(連結).pdf
   ✅ 保存: 3174_1540_ハピネス&D_剰余金の配当(中間配当無配)に関するお知らせ.pdf
   ✅ 保存: 3174_1540_ハピネス&D_特別利益及び特別損失の計上並びに2026年8月期第2四半期(中間期)連結・個別業績予想と実績値の差異に関するお知らせ.pdf
   ✅ 保存: 7357_1540_ジオコード_2026年2月期 決算短信〔日本基準〕(連結).pdf
   ✅ 保存: 7357_1540_ジオコード_2026年2月期 決算補足説明資料.pdf
   ✅ 保存: 7357_1540_ジオコード_連結決算開始に伴う連結業績と個別業績との差異及び個別業績の予想値と実績値との差異に関するお知らせ.pdf
   ✅ 保存: 7357_1540_ジオコード_剰余金の配当(期末配当)に関するお知らせ.pdf
   ✅ 保存: 7357_1540_ジオコード_取締役候補者に関するお知らせ.pdf
   ✅ 保存: 138A_1530_G-光フードサービス_2026年11月期 第1四半期決算短信〔日本基準〕(非連結).pdf
   ✅ 保存: 138A_1530_G-光フードサービス_2026年11月期 第1四半期決算説明資料.pdf
   ✅ 保存: 156A_1530_G-マテリアルG_2026年8月期 第2四半期決算短信〔日本基準〕(連結).pdf
   ✅ 保存: 156A_1530_G-マテリアルG_第2四半期(中間期)業績予想値と実績値との差異に関するお知らせ.pdf
   ✅ 保存: 156A_1530_G-マテリアルG_2026年8月期第2四半期決算説明資料.pdf
   ✅ 保存: 189A_1530_G-D&Mカンパニー_2026年5月期第3四半期決算短信〔日本基準〕(連結).pdf
   ✅ 保存: 189A_1530_G-D&Mカンパニー_2026年5月期第3四半期決算説明資料.pdf
   ✅ 保存: 189A_1530_G-D&Mカンパニー_投資資産残高(連結)に関するお知らせ(2026年3月).pdf
   ✅ 保存: 189A_1530_G-D&Mカンパニー_社員持株会制度の拡充に関するお知らせ.pdf
   ✅ 保存: 190A_1530_G-Chordia_2026年8月期 第2四半期(中間期)決算短信〔日本基準〕(非連結).pdf
   ✅ 保存: 205A_1530_G-ロゴスHD_2026年5月期第3四半期 決算短信〔日本基準〕(連結).pdf
   ✅ 保存: 205A_1530_G-ロゴスHD_2026年5月期第3四半期 決算説明資料.pdf
   ✅ 保存: 205A_1530_G-ロゴスHD_株主優待制度の導入に関するお知らせ.pdf
   ✅ 保存: 2157_1530_コシダカHD_連結子会社からの配当金受領に関するお知らせ.pdf
   ✅ 保存: 2168_1530_パソナグループ_2026年5月期 第3四半期決算短信〔日本基準〕(連結).pdf
   ✅ 保存: 2168_1530_パソナグループ_2026年5月期通期連結業績予想の修正に関するお知らせ.pdf
   ✅ 保存: 2292_1530_S FOODS_2026年2月期決算短信〔日本基準〕(連結).pdf
   ✅ 保存: 2292_1530_S FOODS_取締役の異動に関するお知らせ.pdf
   ✅ 保存: 2305_1530_スタジオアリス_2026年2月期 決算短信〔日本基準〕(連結).pdf
   ✅ 保存: 2305_1530_スタジオアリス_2026年3月の月次売上高等について.pdf
   ✅ 保存: 2305_1530_スタジオアリス_役員の異動に関するお知らせ.pdf
   ✅ 保存: 2337_1530_いちご_2026年2月期 決算短信〔日本基準〕(連結).pdf
   ✅ 保存: 2337_1530_いちご_2026年2月期 決算説明資料.pdf
   ✅ 保存: 2337_1530_いちご_DOE目標引き上げ(4%以上から「5%以上」)のお知らせ.pdf
   ✅ 保存: 2337_1530_いちご_2026年2月期 通期連結業績と前期実績との差異に関するお知らせ.pdf
   ✅ 保存: 2337_1530_いちご_Jリーグトップパートナー契約期間満了のお知らせ.pdf
   ✅ 保存: 2337_1530_いちご_「いちごJリーグ株主・投資主優待」終了および「いちごTHANKS!マンスリープレゼント」実施のお知らせ.pdf
   ✅ 保存: 2379_1530_ディップ_2026年2月期決算短信〔日本基準〕(連結).pdf
   ✅ 保存: 2379_1530_ディップ_役員人事に関するお知らせ.pdf
   ✅ 保存: 2379_1530_ディップ_剰余金の配当に関するお知らせ.pdf
   ✅ 保存: 2404_1530_鉄人化HD_2026年8月期第2四半期(中間期)決算短信〔日本基準〕(連結).pdf
   ✅ 保存: 2449_1530_プラップJ_2026年8月期第2四半期(中間期)決算短信〔日本基準〕(連結).pdf
   ✅ 保存: 2471_1530_エスプール_2026年11月期 第1四半期決算短信〔IFRS〕(連結).pdf
   ✅ 保存: 2471_1530_エスプール_2026年11月期[第27期]第1四半期 決算説明資料.pdf
   ✅ 保存: 2471_1530_エスプール_連結子会社への会社分割(簡易吸収分割)に係る吸収分割契約締結に関するお知らせ.pdf
   ✅ 保存: 2483_1530_翻訳センター_大阪本社の移転に関するお知らせ.pdf
   ✅ 保存: 2484_1530_出前館_2026年8月期 第2四半期決算短信〔日本基準〕(連結).pdf
   ✅ 保存: 2484_1530_出前館_従業員に対するストック・オプション(新株予約権)の発行に関するお知らせ.pdf
   ✅ 保存: 2484_1530_出前館_取締役に対する有償ストック・オプション(新株予約権)の発行に関するお知らせ.pdf
   ✅ 保存: 2668_1530_タビオ_2026年2月期 決算短信〔日本基準〕(連結).pdf
   ✅ 保存: 2668_1530_タビオ_2026年2月期 通期決算説明資料.pdf
   ✅ 保存: 2668_1530_タビオ_新任役員候補者の選任に関するお知らせ.pdf
   ✅ 保存: 2683_1530_魚喜_2026年2月期 決算短信〔日本基準〕(連結).pdf
   ✅ 保存: 2698_1530_キャンドゥ_取締役候補者の選任に関するお知らせ.pdf
   ✅ 保存: 2722_1530_IKホールディングス_2026年5月期 第3四半期決算短信〔日本基準〕(連結).pdf
   ✅ 保存: 2722_1530_IKホールディングス_2026年5月期連結業績予想の修正に関するお知らせ.pdf
   ✅ 保存: 2722_1530_IKホールディングス_2026年5月期第3四半期 決算説明資料.pdf
   ✅ 保存: 2726_1530_パルグループHD_剰余金の配当 に関するお知らせ.pdf
   ✅ 保存: 274A_1530_ガーデン_株主優待制度の拡充に関するお知らせ.pdf
   ✅ 保存: 274A_1530_ガーデン_2026年2月期 決算短信〔日本基準〕(非連結).pdf
   ✅ 保存: 274A_1530_ガーデン_剰余金の配当に関するお知らせ.pdf
   ✅ 保存: 2752_1530_フジオフードG本社_非上場の親会社等の決算に関するお知らせ.pdf
   ✅ 保存: 277A_1530_G-グロービング_2026年5月期 第3四半期決算短信〔日本基準〕(連結).pdf
   ✅ 保存: 277A_1530_G-グロービング_2026年5月期第3四半期決算説明会資料.pdf
   ✅ 保存: 277A_1530_G-グロービング_代表取締役の異動に関するお知らせ.pdf
   ✅ 保存: 2882_1530_イートアンドHD_特別損失(減損損失)の計上に関するお知らせ.pdf
   ✅ 保存: 2882_1530_イートアンドHD_中期経営計画の目標見直しに関するお知らせ.pdf
   ✅ 保存: 2882_1530_イートアンドHD_2026年2月期 決算短信〔日本基準〕(連結).pdf
   ✅ 保存: 2882_1530_イートアンドHD_2026年2月期 決算説明資料.pdf
   ✅ 保存: 2927_1530_AFC-HD_2026年8月期 第2四半期(中間期)決算短信〔日本基準〕(連結).pdf
   ✅ 保存: 2927_1530_AFC-HD_通期連結業績予想の上方修正に関するお知らせ.pdf
   ✅ 保存: 2928_1530_A-RIZAP G_2026年3月期 オンライン決算説明会開催及び事前質問受付のお知らせ.pdf
   ✅ 保存: 2930_1530_北の達人_2026年2月期 決算短信〔日本基準〕(連結).pdf
   ✅ 保存: 2930_1530_北の達人_2026年2月期 決算補足説明資料.pdf
   ✅ 保存: 2930_1530_北の達人_プライム市場上場維持基準への適合に向けた計画(改善期間入り)について.pdf
   ✅ 保存: 2934_1530_G-Jフロンティア_2026年5月期 第3四半期決算短信[日本基準](連結).pdf
   ✅ 保存: 2934_1530_G-Jフロンティア_2026年5月期 第3四半期決算説明資料.pdf
   ✅ 保存: 2936_1530_G-ベースフード_2026年2月期 決算短信(日本基準)(非連結).pdf
   ✅ 保存: 2936_1530_G-ベースフード_2026年度2月期 通期決算説明資料.pdf
   ✅ 保存: 2936_1530_G-ベースフード_有償ストック・オプション(新株予約権)の発行に関するお知らせ.pdf
   ✅ 保存: 2936_1530_G-ベースフード_株式会社メルコグループとの資本業務提携に関するお知らせ.pdf
   ✅ 保存: 3021_1530_PCNET_2026年5月期 第3四半期決算短信〔日本基準〕(連結).pdf
   ✅ 保存: 3021_1530_PCNET_2026年5月期 第3四半期決算説明資料.pdf
   ✅ 保存: 3021_1530_PCNET_業績予想の修正(上方修正)に関するお知らせ.pdf
   ✅ 保存: 3045_1530_カワサキ_2026年8月期 第2四半期(中間期)決算短信[日本基準](非連結).pdf
   ✅ 保存: 3050_1530_DCM_2026年2月期 決算短信〔日本基準〕(連結).pdf
   ...Page 004 を確認中
   ✅ 保存: 3050_1530_DCM_2026年2月期 決算補足説明資料.pdf
   ✅ 保存: 3050_1530_DCM_中期経営計画(2026~2028年度)策定のお知らせ.pdf
   ✅ 保存: 3050_1530_DCM_配当方針の変更に関するお知らせ.pdf
   ✅ 保存: 3050_1530_DCM_剰余金の配当(増配)に関するお知らせ.pdf
   ✅ 保存: 3050_1530_DCM_(開示事項の経過)ホームテック株式会社の株式取得価額に関するお知らせ.pdf
   ✅ 保存: 3050_1530_DCM_組織変更および役員人事に関するお知らせ.pdf
   ✅ 保存: 3050_1530_DCM_当社取締役および執行役員に対する業績連動型株式報酬制度の継続に関するお知らせ.pdf
   ✅ 保存: 3086_1530_Jフロント_2026年2月期 決算短信〔IFRS〕(連結).pdf
   ✅ 保存: 3086_1530_Jフロント_2026年2月期 業績説明資料.pdf
   ✅ 保存: 3086_1530_Jフロント_2026年2月期 決算説明会.pdf
   ✅ 保存: 3086_1530_Jフロント_自己株式取得に係る事項の決定に関するお知らせ.pdf
   ✅ 保存: 3086_1530_Jフロント_当社グループ従業員向け株式交付制度の導入に関するお知らせ.pdf
   ✅ 保存: 3087_1530_ドトル日レス_2026年2月期 決算短信〔日本基準〕(連結).pdf
   ✅ 保存: 3087_1530_ドトル日レス_剰余金の配当に関するお知らせ.pdf
   ✅ 保存: 3096_1530_オーシャン_監査等委員会設置会社への移行に伴う役員人事に関するお知らせ.pdf
   ✅ 保存: 3139_1530_ラクト・ジャパン_2026年11月期 第1四半期決算短信〔日本基準〕(連結).pdf
   ✅ 保存: 3182_1530_オイシックスラ大地_新会社(孫会社)の設立及び和食事業譲受に関するお知らせ.pdf
   ✅ 保存: 3191_1530_ジョイフル本田_補足資料_株式会社ジョイフル本田とアークランズ株式会社の経営統合に関する基本合意書締結のお知らせ.pdf
   ✅ 保存: 3191_1530_ジョイフル本田_株式会社ジョイフル本田とアークランズ株式会社の共同持株会社設立(株式移転)による経営統合に関する基本合意書締結のお知らせ.pdf
   ✅ 保存: 3223_1530_エスエルディー_業績予想と実績との差異に関するお知らせ.pdf
   ✅ 保存: 3223_1530_エスエルディー_2026年2月期決算短信〔日本基準〕(非連結).pdf
   ✅ 保存: 3223_1530_エスエルディー_特別損失の計上および繰延税金資産の減少に関するお知らせ.pdf
   ✅ 保存: 3223_1530_エスエルディー_2026年2月期決算説明資料.pdf
   ✅ 保存: 325A_1530_G-TENTIAL_2026年8月期 第2四半期(中間期)決算短信〔日本基準〕(非連結).pdf
   ✅ 保存: 325A_1530_G-TENTIAL_株式分割及び株式分割に伴う定款の一部変更並びに株主優待制度の変更(拡充)に関するお知らせ.pdf
   ✅ 保存: 325A_1530_G-TENTIAL_2026年8月期 第2四半期決算説明資料.pdf
   ✅ 保存: 325A_1530_G-TENTIAL_通期業績予想の修正に関するお知らせ.pdf
   ✅ 保存: 3267_1530_フィル・カンパニー_2026年11月期 第1四半期決算短信[日本基準](連結).pdf
   ✅ 保存: 3267_1530_フィル・カンパニー_2026年11月期1Q決算説明資料.pdf
   ✅ 保存: 3267_1530_フィル・カンパニー_(開示事項の経過)役員向けおよび従業員向け株式給付信託の終了に伴う自己株式の消却に関するお知らせ.pdf
   ✅ 保存: 3297_1530_東武住販_2026年5月期第3四半期決算短信〔日本基準〕(非連結).pdf
   ✅ 保存: 3297_1530_東武住販_業績予想の修正に関するお知らせ.pdf
   ✅ 保存: 3297_1530_東武住販_第3次中期経営計画の修正に関するお知らせ.pdf
   ✅ 保存: 3358_1530_Trailhead_(開示事項の経過)株式会社SBWorksの株式取得(完全子会社化)に関するお知らせ.pdf
   ✅ 保存: 3377_1530_バイク王_従業員向け株式給付信託への追加拠出に伴う第三者割当による自己株式の処分に関するお知らせ.pdf
   ✅ 保存: 3384_1530_アークコア_2026年2月期決算短信〔日本基準〕(非連結).pdf
   ✅ 保存: 3384_1530_アークコア_通期業績予想との差異に関するお知らせ.pdf
   ✅ 保存: 339A_1530_G-プログレス_2026年2月期 決算短信〔IFRS〕(連結).pdf
   ✅ 保存: 339A_1530_G-プログレス_2026年2月期 決算説明資料(事業計画及び成長可能性に関する事項).pdf
   ✅ 保存: 3440_1530_日創グループ_2026年8月期 第2四半期決算短信〔日本基準〕(連結).pdf
   ✅ 保存: 3440_1530_日創グループ_2026年8月期 第2四半期決算説明会資料.pdf
   ✅ 保存: 3440_1530_日創グループ_2026年8月期第2四半期業績予想と実績値との差異に関するお知らせ.pdf
   ✅ 保存: 3440_1530_日創グループ_株式会社B SLASH HOLDINGSの株式取得(子会社化)に関するお知らせ.pdf
   ✅ 保存: 3463_1530_R-いちごホテル_「いちごJリーグ株主・投資主優待」終了および「いちごTHANKS!マンスリープレゼント」実施のお知らせ.pdf
   ✅ 保存: 3479_1530_G-TKP_連結子会社の商号変更に関するお知らせ.pdf
   ✅ 保存: 3479_1530_G-TKP_株式会社識学との資本業務提携契約の一部変更、 第三者割当による自己株式処分の引受及び株式の買集め行為に該当する 株式取得に関するお知らせ.pdf
   ✅ 保存: 3479_1530_G-TKP_2026年2月期 通期決算説明会資料.pdf
   ✅ 保存: 3479_1530_G-TKP_2026年2月期 決算短信〔日本基準〕(連結).pdf
   ✅ 保存: 353A_1530_エレコミ_創業および上場記念株主優待の実施に関するお知らせ.pdf
   ✅ 保存: 353A_1530_エレコミ_株式分割及び株式分割に伴う定款の一部変更に関するお知らせ.pdf
   ✅ 保存: 353A_1530_エレコミ_2026年5月期 第3四半期 決算補足説明資料.pdf
   ✅ 保存: 353A_1530_エレコミ_2026年5月期 第3四半期 決算短信〔日本基準〕(非連結).pdf
   ✅ 保存: 3541_1530_G-農業総合研究所_2026年8月期 第2四半期(中間期)決算短信[日本基準](非連結).pdf
   ✅ 保存: 3548_1530_バロック_2026年2月期 決算短信〔日本基準〕(連結).pdf
   ✅ 保存: 3548_1530_バロック_2026年2月期 通期決算補足説明資料.pdf
   ✅ 保存: 3548_1530_バロック_2026年2月期 Databook.pdf
   ✅ 保存: 3548_1530_バロック_業績予想値と実績値の差異等に関するお知らせ.pdf
   ✅ 保存: 3558_1530_G-ジェイドグループ_2026年2月期 決算短信〔日本基準〕(連結).pdf
   ✅ 保存: 3558_1530_G-ジェイドグループ_事業計画及び成長可能性に関する事項.pdf
   ✅ 保存: 3558_1530_G-ジェイドグループ_2026年2月期_決算説明会資料.pdf
   ✅ 保存: 3645_1530_G-メディカルネット_2026年5月期 第3四半期決算短信〔日本基準〕(連結).pdf
   ✅ 保存: 3645_1530_G-メディカルネット_営業外収益(為替差益)の計上に関するお知らせ.pdf
   ✅ 保存: 3645_1530_G-メディカルネット_2026年5月期第3四半期決算説明資料.pdf
   ✅ 保存: 3645_1530_G-メディカルネット_株主優待制度の変更に関するお知らせ.pdf
   ✅ 保存: 365A_1530_伊澤タオル_2026年2月期決算説明資料.pdf
   ✅ 保存: 365A_1530_伊澤タオル_2026年2月期決算短信〔日本基準〕(非連結).pdf
   ✅ 保存: 365A_1530_伊澤タオル_配当方針の変更に関するお知らせ.pdf
   ✅ 保存: 365A_1530_伊澤タオル_剰余金の配当に関するお知らせ.pdf
   ✅ 保存: 365A_1530_伊澤タオル_当座貸越契約の締結に関するお知らせ.pdf
   ✅ 保存: 367A_1530_プリモGHD_2026年8月期第2四半期(中間期)決算短信〔IFRS〕(連結).pdf
   ✅ 保存: 367A_1530_プリモGHD_2026年8月期第2四半期(中間期)決算説明資料.pdf
   ✅ 保存: 367A_1530_プリモGHD_剰余金の配当(中間配当)に関するお知らせ.pdf
   ✅ 保存: 3697_1530_SHIFT_2026年8月期 第2四半期(中間期)決算短信〔日本基準〕(連結).pdf
   ✅ 保存: 369A_1530_G-エータイ_2026年8月期第2四半期 決算説明資料.pdf
   ✅ 保存: 369A_1530_G-エータイ_2026年8月期第2四半期(中間期)決算短信〔日本基準〕(非連結).pdf
   ✅ 保存: 372A_1530_レント_2026年5月期 第3四半期 決算説明資料.pdf
   ✅ 保存: 372A_1530_レント_2026年5月期 第3四半期決算短信〔日本基準〕(連結).pdf
   ✅ 保存: 3791_1530_IGポート_2026年5月期 第3四半期決算短信〔日本基準〕(連結).pdf
   ✅ 保存: 3810_1530_サイバーステップHD_営業外収益及び特別損失の計上に関するお知らせ.pdf
   ✅ 保存: 3810_1530_サイバーステップHD_2026年5月期 第3四半期決算短信〔日本基準〕(連結).pdf
   ✅ 保存: 3911_1530_G-Aiming_(開示事項の経過)株式会社Betimoへの追加出資に関するお知らせ.pdf
   ✅ 保存: 3913_1530_GreenBee_株式報酬としての自己株式の処分の払込完了に関するお知らせ.pdf
   ✅ 保存: 3915_1530_テラスカイ_2026年2月期 決算短信〔日本基準〕(連結).pdf
   ✅ 保存: 3915_1530_テラスカイ_2026年2月期 決算説明資料.pdf
   ✅ 保存: 3923_1530_ラクス_2026年3月期月次売上高(3月度)のお知らせ.pdf
   ✅ 保存: 3977_1530_A-フュージョン_2026年2月期 決算短信[日本基準](非連結).pdf
   ✅ 保存: 3977_1530_A-フュージョン_2026年2月期決算補足説明資料.pdf
   ✅ 保存: 3987_1530_G-エコモット_2026年8月期第2四半期(中間期)決算短信〔日本基準〕(連結).pdf
   ✅ 保存: 3987_1530_G-エコモット_2026年8月期第2四半期決算説明資料.pdf
   ✅ 保存: 3987_1530_G-エコモット_2026年8月期(連結・個別)中間期業績予想と実績の差異に関するお知らせ.pdf
   ✅ 保存: 3991_1530_G-ウォンテッドリー_2026年8月期 第2四半期(中間期)決算短信〔日本基準〕(連結).pdf
   ✅ 保存: 3991_1530_G-ウォンテッドリー_2026年8月期 第2四半期 決算説明資料.pdf
   ✅ 保存: 3994_1530_マネーフォワード_2026年11月期第1四半期決算短信〔日本基準〕(連結).pdf
   ✅ 保存: 3994_1530_マネーフォワード_2026年11月期 第1四半期決算説明資料.pdf
   ✅ 保存: 3994_1530_マネーフォワード_通期業績予想の修正に関するお知らせ.pdf
   ✅ 保存: 3994_1530_マネーフォワード_株主優待制度の導入に関するお知らせ.pdf
   ✅ 保存: 402A_1530_G-アクセルスペース_2026年5月期 第3四半期決算短信〔日本基準〕(連結).pdf
   ✅ 保存: 402A_1530_G-アクセルスペース_2026年5月期 第3四半期 決算補足説明資料.pdf
   ✅ 保存: 402A_1530_G-アクセルスペース_固定資産の減損損失(特別損失)の計上に関するお知らせ.pdf
   ✅ 保存: 402A_1530_G-アクセルスペース_2026年5月期 通期業績予想の修正に関するお知らせ.pdf
   ...Page 005 を確認中
   ✅ 保存: 411A_1530_P-マリタイムバンク_株主名簿管理人及び特別口座の口座管理機関変更のお知らせ.pdf
   ✅ 保存: 418A_1530_ウリドキ_2026年11月期第1四半期決算説明資料.pdf
   ✅ 保存: 418A_1530_ウリドキ_2026年11月期第1四半期決算説明資料(スマホ用要約版).pdf
   ✅ 保存: 418A_1530_ウリドキ_2026年11月期第1四半期決算説明資料及び決算説明動画公開のお知らせ.pdf
   ✅ 保存: 418A_1530_ウリドキ_2026年11月期第1四半期決算短信〔日本基準〕(非連結).pdf
   ✅ 保存: 4198_1530_テンダ_2026年5月期第3四半期決算短信〔日本基準〕(連結).pdf
   ✅ 保存: 4270_1530_G-BeeX_2026年2月期 決算短信〔日本基準〕(連結).pdf
   ✅ 保存: 4270_1530_G-BeeX_2026年2月期 通期決算説明資料.pdf
   ✅ 保存: 4317_1530_レイ_令和8年2月期決算短信〔日本基準〕(連結).pdf
   ✅ 保存: 4372_1530_G-ユミルリンク_譲渡制限付株式報酬としての自己株式の処分に関するお知らせ.pdf
   ✅ 保存: 4374_1530_G-ロボペイ_2026年3月度 月次売上高のお知らせ.pdf
   ✅ 保存: 4384_1530_ラクスル_自己株式の消却に関するお知らせ.pdf
   ✅ 保存: 4384_1530_ラクスル_株式併合並びに単元株式数の定めの廃止及び定款の一部変更に関する臨時株主総会開催のお知らせ.pdf
   ✅ 保存: 4412_1530_G-サイエンスアーツ_2026年8月期 第2四半期(中間期)決算短信〔日本基準〕(非連結).pdf
   ✅ 保存: 4412_1530_G-サイエンスアーツ_2026年8月期 第2四半期決算説明資料.pdf
   ✅ 保存: 4419_1530_G-Finatext_株式報酬型ストック・オプション(新株予約権)の発行に関するお知らせ.pdf
   ✅ 保存: 4419_1530_G-Finatext_募集新株予約権(有償ストック・オプション)の発行に関するお知らせ.pdf
   ✅ 保存: 4433_1530_ヒトコムHD_2026年8月期 第2四半期(中間期)決算短信〔日本基準〕(連結).pdf
   ✅ 保存: 4433_1530_ヒトコムHD_2026年8月期第2四半期(中間期)連結業績予想と実績値との差異に関するお知らせ.pdf
   ✅ 保存: 4434_1530_サーバーワークス_2026年2月期決算短信〔日本基準〕(連結).pdf
   ✅ 保存: 4434_1530_サーバーワークス_2026年2月期 通期決算説明資料.pdf
   ✅ 保存: 4434_1530_サーバーワークス_中期経営方針における数値目標の修正に関するお知らせ.pdf
   ✅ 保存: 4434_1530_サーバーワークス_剰余金の配当及び次期配当予想(増配)に関するお知らせ.pdf
   ✅ 保存: 4434_1530_サーバーワークス_個別業績の前期実績値との差異に関するお知らせ.pdf
   ✅ 保存: 4439_1530_東名_2026年8月期第2四半期累計期間(連結)の業績予想と実績値との差異に関するお知らせ.pdf
   ✅ 保存: 4439_1530_東名_2026年8月期 第2四半期(中間期)決算短信〔日本基準〕(連結).pdf
   ✅ 保存: 4439_1530_東名_2026年8月期 第2四半期決算補足説明資料.pdf
   ✅ 保存: 4490_1530_G-ビザスク_2026年2月期 決算短信〔日本基準〕(連結).pdf
   ✅ 保存: 4490_1530_G-ビザスク_業績予想と決算値の差異に関するお知らせ.pdf
   ✅ 保存: 4490_1530_G-ビザスク_特別損失の計上に関するお知らせ(毎四半期計上のソフトウエア開発コスト等の減損損失).pdf
   ✅ 保存: 4490_1530_G-ビザスク_株式会社博報堂との資本業務提携に関するお知らせ.pdf
   ✅ 保存: 4490_1530_G-ビザスク_当社取締役と従業員による当社株式の取得についてのお知らせ.pdf
   ✅ 保存: 4490_1530_G-ビザスク_2026年2月期 通期決算説明資料.pdf
   ✅ 保存: 4565_1530_ネクセラファーマ_台湾における不眠症治療薬ダリドレキサントの製造販売承認取得を発表.pdf
   ✅ 保存: 4583_1530_G-カイオム_譲渡制限付株式報酬としての新株式発行に関するお知らせ.pdf
   ✅ 保存: 458A_1530_P-プラン・ドゥ_固定資産から販売用不動産への保有目的の変更に関するお知らせ.pdf
   ✅ 保存: 4591_1530_G-リボミック_監査等委員会設置会社への移行に伴う役員人事に関するお知らせ.pdf
   ✅ 保存: 4616_1530_川上塗料_2026年11月期第1四半期決算短信〔日本基準〕(連結).pdf
   ✅ 保存: 4690_1530_日パレット_当社株式の上場廃止に関するお知らせ.pdf
   ✅ 保存: 4691_1530_ワシントンホテル_固定資産の取得に関するお知らせ.pdf
   ✅ 保存: 4927_1530_ポーラオルHD_連結子会社における希望退職制度「ネクストキャリア特別支援策」の結果に関するお知らせ.pdf
   ✅ 保存: 5026_1530_G-トリプルアイズ_2026年8月期第2四半期(中間期)決算短信〔IFRS〕(連結).pdf
   ✅ 保存: 5026_1530_G-トリプルアイズ_2026年8月期第2四半期決算説明資料.pdf
   ✅ 保存: 5026_1530_G-トリプルアイズ_その他の費用(IFRS)の計上に関するお知らせ.pdf
   ✅ 保存: 523A_1530_G-セイワHD_2026年5月期 第3四半期決算短信〔IFRS〕(連結).pdf
   ✅ 保存: 523A_1530_G-セイワHD_2026年5月期第3四半期 決算説明資料.pdf
   ✅ 保存: 523A_1530_G-セイワHD_2026年5月期第3四半期決算 IR関連のQ&Aに関するお知らせ.pdf
   ✅ 保存: 5243_1530_G-note_2026年11月期第1四半期 決算短信〔日本基準〕(連結).pdf
   ✅ 保存: 5243_1530_G-note_2026年11月期第1四半期 決算説明資料.pdf
   ✅ 保存: 5243_1530_G-note_ストックオプション(新株予約権)の発行に関するお知らせ.pdf
   ✅ 保存: 546A_1530_MIRAINI_2026年5月期第3四半期決算短信〔日本基準〕(連結)(佐鳥電機株式会社).pdf
   ✅ 保存: 5575_1530_G-Globee_通期業績予想の上方修正に関するお知らせ.pdf
   ✅ 保存: 5575_1530_G-Globee_2026年5月期 第3四半期決算短信〔日本基準〕(非連結).pdf
   ✅ 保存: 5575_1530_G-Globee_2026年5月期 第3四半期決算説明資料.pdf
   ✅ 保存: 5580_1530_G-プロディライト_2026年8月期 第2四半期(中間期)決算短信[日本基準](連結).pdf
   ✅ 保存: 5580_1530_G-プロディライト_決算説明資料(2026年8月期 第2四半期決算短信).pdf
   ✅ 保存: 5580_1530_G-プロディライト_2026年8月期第2四半期(中間期)連結業績予想と実績値との差異に関するお知らせ.pdf
   ✅ 保存: 5581_1530_P-カイテクノロジー_法人税等調整額(損)の計上に関するお知らせ.pdf
   ✅ 保存: 5581_1530_P-カイテクノロジー_2026年8月期第2四半期(中間期)決算短信〔日本基準〕(連結).pdf
   ✅ 保存: 5885_1530_ジーデップアドバンス_2026年5月期第3四半期決算短信〔日本基準〕(非連結).pdf
   ✅ 保存: 5885_1530_ジーデップアドバンス_2026年5月期第3四半期決算補足説明資料.pdf
   ✅ 保存: 5885_1530_ジーデップアドバンス_業績予想及び配当予想の修正に関するお知らせ.pdf
   ✅ 保存: 5885_1530_ジーデップアドバンス_従業員持株会設立に関するお知らせ.pdf
   ✅ 保存: 5888_1530_G-ダイワサイクル_2027年1月期3月度 売上速報に関するお知らせ.pdf
   ✅ 保存: 6047_1530_Gunosy_2026年5月期 第3四半期決算説明資料.pdf
   ✅ 保存: 6047_1530_Gunosy_2026年5月期 第3四半期決算短信〔日本基準〕(連結).pdf
   ✅ 保存: 6058_1530_ベクトル_2026年2月期 決算短信〔日本基準〕(連結).pdf
   ✅ 保存: 6058_1530_ベクトル_特別利益及び特別損失の計上に関するお知らせ.pdf
   ✅ 保存: 6058_1530_ベクトル_2026年2月期 決算説明資料.pdf
   ✅ 保存: 6076_1530_アメイズ_令和8年11月期 第1四半期決算短信〔日本基準〕(非連結).pdf
   ✅ 保存: 6086_1530_G-シンメンテHD_2026年2月期 決算短信〔日本基準〕(連結).pdf
   ✅ 保存: 6086_1530_G-シンメンテHD_2026年2月期 決算補足説明資料.pdf
   ✅ 保存: 6173_1530_G-アクアライン_2026年2月期決算短信〔日本基準〕(連結).pdf
   ✅ 保存: 6173_1530_G-アクアライン_営業外費用及び特別損失の計上に関するお知らせ.pdf
   ✅ 保存: 6173_1530_G-アクアライン_上場維持基準(純資産基準)への適合に向けた計画の進捗状況について.pdf
   ✅ 保存: 6173_1530_G-アクアライン_2026年2月期連結業績予想値と実績値との差異及び2026年2月期個別業績の前期実績値との差異に関するお知らせ.pdf
   ✅ 保存: 6199_1530_セラク_2026年8月期 第2四半期(中間期)決算短信〔日本基準〕(連結).pdf
   ✅ 保存: 6199_1530_セラク_2026年8月期第2四半期 株式会社セラク決算説明資料.pdf
   ✅ 保存: 6224_1530_G-JRC_2026年2月期決算短信〔日本基準〕(連結).pdf
   ✅ 保存: 6224_1530_G-JRC_剰余金の配当に関するお知らせ.pdf
   ✅ 保存: 6224_1530_G-JRC_2026年2月期通期決算概要・2027年2月期連結業績予想.pdf
   ✅ 保存: 6361_1530_荏原製_業績連動型株式報酬としての自己株式処分に関するお知らせ.pdf
   ✅ 保存: 6361_1530_荏原製_譲渡制限付株式報酬としての自己株式の処分に関するお知らせ.pdf
   ✅ 保存: 6522_1530_G-アスタリスク_2026年8月期 第2四半期連結業績予想と実績値の差異に関するお知らせ.pdf
   ✅ 保存: 6522_1530_G-アスタリスク_2026年8月期 第2四半期決算短信〔日本基準〕(連結).pdf
   ✅ 保存: 6522_1530_G-アスタリスク_2026年8月期 第2四半期決算説明資料.pdf
   ✅ 保存: 6532_1530_ベイカレント_2026年2月期 決算短信〔IFRS〕(連結).pdf
   ✅ 保存: 6532_1530_ベイカレント_剰余金の配当に関するお知らせ.pdf
   ✅ 保存: 6532_1530_ベイカレント_FY2026 通期 決算説明会資料.pdf
   ✅ 保存: 6543_1530_日宣_2026年2月期 決算短信〔日本基準〕(連結).pdf
   ✅ 保存: 6543_1530_日宣_取締役候補者の選任に関するお知らせ.pdf
   ✅ 保存: 6558_1530_G-クックビズ_2026年11月期 第1四半期決算短信〔日本基準〕(連結).pdf
   ✅ 保存: 6558_1530_G-クックビズ_2026年11月期 第1四半期決算説明資料.pdf
   ✅ 保存: 6586_1530_マキタ_自己株式の取得状況及び取得終了に関するお知らせ (会社法第459条第1項及び当社定款の定めに基づく自己株式の取得).pdf
   ✅ 保存: 6810_1530_マクセル_特別利益の計上及び通期業績予想の修正に関するお知らせ.pdf
   ✅ 保存: 6901_1530_沢藤電_株式併合並びに単元株式数の定めの廃止及び定款の一部変更に係る承認決議に関するお知らせ.pdf
   ✅ 保存: 6969_1530_松尾電機_第三者割当による新株式の発行に係る払込完了に関するお知らせ.pdf
   ✅ 保存: 7049_1530_G-識学_第三者割当による自己株式の処分、資本業務提携契約の一部変更及び 主要株主の異動に関するお知らせ.pdf
   ✅ 保存: 7077_1530_G-ALiNK_代表取締役の異動に関するお知らせ.pdf
   ✅ 保存: 7077_1530_G-ALiNK_2026年 2月期通期業績予想と実績値の差異及び特別損失の計上に関するお知らせ.pdf
   ...Page 006 を確認中
   ✅ 保存: 7077_1530_G-ALiNK_2026年2月期 通期決算短信〔日本基準〕(連結).pdf
   ✅ 保存: 7077_1530_G-ALiNK_2026年2月期 通期決算説明資料.pdf
   ✅ 保存: 7083_1530_G-AHCグループ_2026年11月期 第1四半期決算短信〔日本基準〕(連結).pdf
   ✅ 保存: 7351_1530_G-グッドパッチ_2026年8月期 第2四半期決算説明資料.pdf
   ✅ 保存: 7351_1530_G-グッドパッチ_2026年8月期第2四半期(中間期)決算短信〔日本基準〕(連結).pdf
   ✅ 保存: 7352_1530_G-TWOSTONE_期末配当予想の修正(増配)に関するお知らせ.pdf
   ✅ 保存: 7352_1530_G-TWOSTONE_2026年8月期 第2四半期(中間期)決算短信〔日本基準〕(連結).pdf
   ✅ 保存: 7352_1530_G-TWOSTONE_2026年8月期 第2四半期決算説明資料.pdf
   ✅ 保存: 7388_1530_FPパートナー_2026年11月期第1四半期決算説明資料.pdf
   ✅ 保存: 7388_1530_FPパートナー_2026年11月期 第1四半期決算短信〔日本基準〕(非連結).pdf
   ✅ 保存: 7670_1530_オーウエル_役員人事に関するお知らせ.pdf
   ✅ 保存: 7689_1530_G-コパ_2026年2月期 決算短信〔日本基準〕(非連結).pdf
   ✅ 保存: 7689_1530_G-コパ_通期業績予想と実績値の差異に関するお知らせ.pdf
   ✅ 保存: 7689_1530_G-コパ_2026年2月期 決算説明資料.pdf
   ✅ 保存: 7689_1530_G-コパ_取締役候補者及び監査役候補者の選任並びに取締役及び監査役の退任に関するお知らせ.pdf
   ✅ 保存: 7689_1530_G-コパ_資本金及び資本準備金の額の減少に関するお知らせ.pdf
   ✅ 保存: 7719_1530_東京衡機_2026年2月期 決算短信〔日本基準〕(連結).pdf
   ✅ 保存: 7719_1530_東京衡機_特別損失(関係会社株式評価損及び訴訟関連費用等)の発生に関するお知らせ.pdf
   ✅ 保存: 7719_1530_東京衡機_支配株主等に関する事項について.pdf
   ✅ 保存: 7730_1530_マニー_2026年8月期 第2四半期(中間期)決算短信〔日本基準〕(連結).pdf
   ✅ 保存: 7730_1530_マニー_2026年8月期連結業績予想(第2四半期累計)と実績値との差異に関するお知らせ.pdf
   ✅ 保存: 7807_1530_幸和製作所_剰余金の配当に関するお知らせ.pdf
   ✅ 保存: 7807_1530_幸和製作所_個別業績と前期実績値との差異に関するお知らせ.pdf
   ✅ 保存: 7807_1530_幸和製作所_2026年2月期 決算短信〔日本基準〕(連結).pdf
   ✅ 保存: 7808_1530_CSランバー_2026年5月期 第3四半期決算短信〔日本基準〕(連結).pdf
   ✅ 保存: 7818_1530_トランザクション_2026年8月期 第2四半期(中間期)決算短信〔日本基準〕(連結).pdf
   ✅ 保存: 7818_1530_トランザクション_2026年8月期 決算短信(中間期)補足説明資料.pdf
   ✅ 保存: 7818_1530_トランザクション_通期業績予想の修正及び配当予想の修正(増配)に関するお知らせ.pdf
   ✅ 保存: 7894_1530_丸東産_2026年2月期決算短信〔日本基準〕(連結).pdf
   ✅ 保存: 7894_1530_丸東産_代表取締役及び役員の異動に関するお知らせ.pdf
   ✅ 保存: 7922_1530_三光産業_株式会社バロンによる当社株式に対する公開買付けの結果並びに親会社、主要株主である筆頭株主及び主要株主の異動に関するお知らせ.pdf
   ✅ 保存: 7997_1530_くろがね工作所_2026年11月期 第1四半期 決算短信〔日本基準〕(連結).pdf
   ✅ 保存: 8040_1530_東ソワール_譲渡制限付株式報酬としての自己株式の処分に関するお知らせ.pdf
   ✅ 保存: 8233_1530_高島屋_定款一部変更に関するお知らせ.pdf
   ✅ 保存: 8233_1530_高島屋_2026年2月期 決算補足資料.pdf
   ✅ 保存: 8233_1530_高島屋_2026年2月期 決算説明会資料.pdf
   ✅ 保存: 8233_1530_高島屋_2026年2月期 決算短信〔日本基準〕(連結).pdf
   ✅ 保存: 8237_1530_松屋_2026年2月期通期業績予想との差異に関するお知らせ.pdf
   ✅ 保存: 8237_1530_松屋_取締役等の異動および業務委嘱の変更に関するお知らせ.pdf
   ✅ 保存: 8237_1530_松屋_定款一部変更に関するお知らせ.pdf
   ✅ 保存: 8237_1530_松屋_経営計画「Global Destination となることを目指して」更新のお知らせ.pdf
   ✅ 保存: 8237_1530_松屋_2026年2月期 決算短信〔日本基準〕(連結).pdf
   ✅ 保存: 8254_1530_さいか屋_2026年8月期 第2四半期(中間期)決算短信[日本基準](連結).pdf
   ✅ 保存: 8273_1530_イズミ_2026年2月期 決算短信〔日本基準〕(連結).pdf
   ✅ 保存: 8273_1530_イズミ_2026年2月期(2025年度)決算補足資料.pdf
   ✅ 保存: 8273_1530_イズミ_2026年2月期 決算説明会資料.pdf
   ✅ 保存: 8273_1530_イズミ_第三次中期経営計画策定に関するお知らせ.pdf
   ✅ 保存: 8273_1530_イズミ_取締役候補者の選任に関するお知らせ.pdf
   ✅ 保存: 8904_1530_AVANTIA_2026年8月期 第2四半期(中間期)決算短信〔日本基準〕(連結).pdf
   ✅ 保存: 8957_1530_R-東急RE_(開示事項の経過)国内不動産の取得(東急すすき野ビル)に関する開示事項の一部変更に関するお知らせ.pdf
   ✅ 保存: 8975_1530_R-いちごオフィス_「いちごJリーグ株主・投資主優待」終了および「いちごTHANKS!マンスリープレゼント」実施のお知らせ.pdf
   ✅ 保存: 9236_1530_G-ジャパンM&A_ストック・オプション(新株予約権)の発行に関するお知らせ.pdf
   ✅ 保存: 9238_1530_G-バリューC_2026年2月期決算発表の延期に関するお知らせ.pdf
   ✅ 保存: 9250_1530_G-GRCS_2026年11月期 第1四半期決算短信〔日本基準〕(連結).pdf
   ✅ 保存: 9250_1530_G-GRCS_2026年11月期 第1四半期決算説明資料.pdf
   ✅ 保存: 9250_1530_G-GRCS_上場維持基準(純資産基準)への適合に向けた計画に基づく進捗状況について.pdf
   ✅ 保存: 9252_1530_G-ラストワンマイル_2026年8月期第2四半期(中間期)決算短信〔IFRS〕(連結).pdf
   ✅ 保存: 9252_1530_G-ラストワンマイル_剰余金の配当(中間配当)に関するお知らせ.pdf
   ✅ 保存: 9252_1530_G-ラストワンマイル_2026年8月期第2四半期決算説明資料.pdf
   ✅ 保存: 9282_1530_I-いちごグリーン_「いちごJリーグ株主・投資主優待」終了および「いちごTHANKS!マンスリープレゼント」実施のお知らせ.pdf
   ✅ 保存: 9388_1530_Q-パパネッツ_株式の立会外分売に関するお知らせ.pdf
   ✅ 保存: 9388_1530_Q-パパネッツ_剰余金の配当に関するお知らせ.pdf
   ✅ 保存: 9388_1530_Q-パパネッツ_2026年2月期 決算短信[日本基準](非連結).pdf
   ✅ 保存: 9507_1530_四国電力_阿南発電所3号機及び坂出発電所3号機の廃止について.pdf
   ✅ 保存: 9602_1530_東宝_2026年2月期 決算短信〔日本基準〕(連結).pdf
   ✅ 保存: 9602_1530_東宝_2026年2月期 決算説明資料.pdf
   ✅ 保存: 9602_1530_東宝_自己株式取得に係る事項の決定及び自己株式の消却に関するお知らせ.pdf
   ✅ 保存: 9602_1530_東宝_剰余金の配当(増配)に関するお知らせ.pdf
   ✅ 保存: 9602_1530_東宝_支配株主等に関する事項について.pdf
   ✅ 保存: 9716_1530_乃村工芸_2026年2月期 決算短信〔日本基準〕(連結).pdf
   ✅ 保存: 9716_1530_乃村工芸_2026年2月期 決算説明資料.pdf
   ✅ 保存: 9740_1530_CSP_(訂正)役員の異動に関するお知らせ.pdf
   ✅ 保存: 9759_1530_NSD_役員人事に関するお知らせ.pdf
   ✅ 保存: 9812_1530_テーオーHD_2026年5月期 第3四半期決算短信〔日本基準〕(連結).pdf
   ✅ 保存: 9842_1530_アークランズ_株式会社ジョイフル本田とアークランズ株式会社の共同持株会社設立(株式移転)による経営統合に関する基本合意書締結のお知らせ.pdf
   ✅ 保存: 9842_1530_アークランズ_補足資料_株式会社ジョイフル本田とアークランズ株式会社の経営統合に関する基本合意書締結のお知らせ.pdf
   ✅ 保存: 9842_1530_アークランズ_2026年2月期 決算短信〔日本基準〕(連結).pdf
   ✅ 保存: 9978_1530_文教堂HD_2026年8月期第2四半期(中間期)連結業績予想と実績との差異に関するお知らせ.pdf
   ✅ 保存: 9978_1530_文教堂HD_2026年8月期 第2四半期(中間期)決算短信〔日本基準〕(連結).pdf
   ✅ 保存: 1887_1500_日本国土開発_2026年5月期業績予想の修正及び配当予想の修正(増配)に関するお知らせ.pdf
   ✅ 保存: 1887_1500_日本国土開発_2026年5月期第3四半期決算短信〔日本基準〕(連結).pdf
   ✅ 保存: 5077_1500_P-ハンズ_通期業績予想の修正に関するお知らせ.pdf
   ✅ 保存: 5617_1500_P-ウィル・ドゥ_2026年2月期 決算短信〔日本基準〕(非連結).pdf
   ✅ 保存: 6142_1500_富士精工_2026年2月期 決算短信〔日本基準〕(連結).pdf
   ✅ 保存: 6142_1500_富士精工_2026年2月期通期連結業績予想数値と決算数値との差異に関するお知らせ.pdf
   ✅ 保存: 6142_1500_富士精工_自己株式取得に係る事項の決定及び自己株式の消却に関するお知らせ.pdf
   ✅ 保存: 6142_1500_富士精工_株主提案に対する当社取締役会意見に関するお知らせ.pdf
   ✅ 保存: 6142_1500_富士精工_中国における輸出規制に伴う切削工具の供給に関するお知らせ.pdf
   ✅ 保存: 6150_1500_タケダ機械_2026年5月期 第3四半期決算短信〔日本基準〕(連結).pdf
   ✅ 保存: 7362_1500_G-T.S.I_譲渡制限付株式報酬としての自己株式の処分に関するお知らせ.pdf
   ✅ 保存: 7520_1500_エコス_2026年2月期 決算短信〔日本基準〕(連結).pdf
   ✅ 保存: 7520_1500_エコス_2025年度 決算説明資料.pdf
   ✅ 保存: 7520_1500_エコス_剰余金の配当(増配)に関するお知らせ.pdf
   ✅ 保存: 7520_1500_エコス_自己株式取得に係る事項の決定に関するお知らせ.pdf
   ✅ 保存: 8173_1500_Joshin_社外取締役候補者の選定に関するお知らせ.pdf
   ✅ 保存: 8173_1500_Joshin_弊社取締役会の実効性に関する評価結果の概要について.pdf
   ✅ 保存: 8198_1500_MV東海_剰余金の配当に関するお知らせ.pdf
   ✅ 保存: 9778_1500_昴_特別損失の計上及び通期業績予想値と実績値との差異に関するお知らせ.pdf
   ✅ 保存: 9778_1500_昴_2026年2月期 決算短信〔日本基準〕(非連結).pdf
   ✅ 保存: 9778_1500_昴_役員の異動に関するお知らせ.pdf
   ...Page 007 を確認中
   ✅ 保存: 6085_1450_G-アーキテクツSJ_資金の借入に関するお知らせ.pdf
   ✅ 保存: 1963_1430_日揮HD_持分法適用関連会社の異動(株式譲渡)および特別利益の計上に関するお知らせ.pdf
   ✅ 保存: 3181_1430_買取王国_2026年2月期 決算短信〔日本基準〕(非連結).pdf
   ✅ 保存: 5076_1430_インフロニアHD_水ing株式会社の株式の取得(完全子会社化)に関するお知らせ.pdf
   ✅ 保存: 6361_1430_荏原製_持分法適用関連会社の異動(株式譲渡)に関するお知らせ.pdf
   ✅ 保存: 3683_1400_サイバーリンクス_(訂正)「2025年12月期 決算説明資料」の一部訂正について.pdf
   ✅ 保存: 5817_1400_JMACS_2026年2月期 決算短信〔日本基準〕(非連結).pdf
   ✅ 保存: 5817_1400_JMACS_2026年2月期業績予想と実績の差異および剰余金の配当(増配)に関するお知らせ.pdf
   ✅ 保存: 6897_1400_ツインバード_2026年2月期 決算短信〔日本基準〕(非連結).pdf
   ✅ 保存: 6897_1400_ツインバード_2026年2月期通期決算説明資料.pdf
   ✅ 保存: 6897_1400_ツインバード_役員人事に関するお知らせ.pdf
   ✅ 保存: 7601_1400_ポプラ_2026年2月期 決算短信[日本基準](連結).pdf
   ✅ 保存: 7601_1400_ポプラ_2026年2月期決算補足資料.pdf
   ✅ 保存: 7601_1400_ポプラ_取締役候補者及び監査役候補者の選任に関するお知らせ.pdf
   ✅ 保存: 7601_1400_ポプラ_優先株式に係る剰余金配当に関するお知らせ.pdf
   ✅ 保存: 9223_1400_G-ASNOVA_単独株式移転による純粋持株会社体制への移行に関するお知らせ.pdf
   ✅ 保存: 9601_1400_松竹_2026年2月期第4四半期決算説明資料.pdf
   ✅ 保存: 9601_1400_松竹_2026年2月期 決算短信〔日本基準〕(連結).pdf
   ✅ 保存: 9601_1400_松竹_2026年2月期(第160期)配当予想の修正(特別配当)に関するお知らせ.pdf
   ✅ 保存: 9601_1400_松竹_大阪松竹座ビル解体工事の着手に伴う特別損失の計上に関するお知らせ.pdf
   ✅ 保存: 9601_1400_松竹_固定資産の譲渡及び特別利益の計上に関するお知らせ.pdf
   ✅ 保存: 9601_1400_松竹_投資単位の引下げに関する考え方及び方針等について.pdf
   ✅ 保存: 3177_1330_ありがとうS_特別損失の計上に関するお知らせ.pdf
   ✅ 保存: 3177_1330_ありがとうS_2026年2月期 決算短信[日本基準](連結).pdf
   ✅ 保存: 3536_1330_アクサスHD_第2四半期(中間期)業績予想と実績値の差異に関するお知らせ.pdf
   ✅ 保存: 3536_1330_アクサスHD_令和8年8月期 第2四半期(中間期)決算短信〔日本基準〕(連結).pdf
   ✅ 保存: 5078_1330_セレコーポレーション_2026年2月期決算短信〔日本基準〕(連結).pdf
   ✅ 保存: 5078_1330_セレコーポレーション_長期経営ビジョン「ビジョン2030」の進捗について.pdf
   ✅ 保存: 1430_1300_ファーストコーポ_通期連結業績予想の修正及び配当予想の修正(増配)に関するお知らせ.pdf
   ✅ 保存: 1430_1300_ファーストコーポ_2026年5月期 第3四半期決算短信〔日本基準〕(連結).pdf
   ✅ 保存: 1430_1300_ファーストコーポ_2026年5月期 第3四半期決算説明資料.pdf
   ✅ 保存: 209A_1300_P-小野谷機工_2026年8月期 中間決算短信〔日本基準〕(連結).pdf
   ✅ 保存: 3777_1300_G-環境フレンドリー_港湾GXプラットフォーム構築に向けた業務委託契約締結に関するお知らせ.pdf
   ✅ 保存: 3892_1300_岡山製紙_2026年5月期 第3四半期決算短信[日本基準](非連結).pdf
   ✅ 保存: 4015_1300_G-ペイクラウドHD_2026年8月期第2四半期(中間期)決算短信〔日本基準〕(連結).pdf
   ✅ 保存: 4015_1300_G-ペイクラウドHD_2026年8月期第2四半期(中間期) 決算説明資料.pdf
   ✅ 保存: 4015_1300_G-ペイクラウドHD_当社連結子会社の本店移転に関するお知らせ.pdf
   ✅ 保存: 8887_1300_シーラHD_2026年5月期 第3四半期決算短信〔日本基準〕(連結).pdf
   ✅ 保存: 8887_1300_シーラHD_2026年5月期第3四半期決算説明資料.pdf
   ✅ 保存: 3935_1235_エディア_取締役候補者の選任に関するお知らせ.pdf
   ✅ 保存: 3935_1235_エディア_譲渡制限付株式報酬制度の導入に関する当社第26回定時株主総会付議事項についてのお知らせ.pdf
   ✅ 保存: 3935_1230_エディア_繰延税金資産の計上及び連結業績予想と実績値の差異に関するお知らせ.pdf
   ✅ 保存: 3935_1230_エディア_2026年2月期 決算短信〔日本基準〕(連結).pdf
   ✅ 保存: 3935_1230_エディア_2026年2月期 通期決算説明資料.pdf
   ✅ 保存: 7065_1230_ユーピーアール_アシストスーツ事業の事業再編(事業譲渡、会社分割及び子会社の異動)に関するお知らせ.pdf
   ✅ 保存: 7065_1230_ユーピーアール_2026年8月期 第2四半期(中間期)決算短信〔日本基準〕(連結).pdf
   ✅ 保存: 7065_1230_ユーピーアール_2026年8月期 第2四半期(中間期)決算補足説明資料.pdf
   ✅ 保存: 6521_1210_G-オキサイド_2026年2月期 決算短信〔日本基準〕(連結).pdf
   ✅ 保存: 6521_1210_G-オキサイド_2026年2月期決算補足説明資料.pdf
   ✅ 保存: 6521_1210_G-オキサイド_営業外収益(為替差益)の計上に関するお知らせ.pdf
   ✅ 保存: 6521_1210_G-オキサイド_個別業績の前期実績との差異に関するお知らせ.pdf
   ✅ 保存: 6521_1210_G-オキサイド_執行役員及び取締役人事に関するお知らせ.pdf
   ✅ 保存: 6521_1210_G-オキサイド_定款一部変更に関するお知らせ.pdf
   ✅ 保存: 1812_1200_鹿島_(変更)「代表取締役及び役員の異動に関するお知らせ」の一部変更に関するお知らせ.pdf
   ✅ 保存: 3930_1200_G-はてな_記念株主優待の実施に関するお知らせ.pdf
   ✅ 保存: 5707_1200_東邦鉛_(訂正)「第三者割当により発行された行使価額修正条項付第1回新株予約権の月間行使状況に関する お知らせ」の一部訂正について.pdf
   ✅ 保存: 7608_1200_SKジャパン_令和8年2月期 決算短信〔日本基準〕(連結).pdf
   ✅ 保存: 7608_1200_SKジャパン_公益財団法人 財務会計基準機構への加入状況等について.pdf
   ✅ 保存: 7805_1200_プリントネット_2026年8月期 第2四半期(中間期)決算短信〔日本基準〕(非連結).pdf
   ✅ 保存: 7805_1200_プリントネット_2026年8月期第2四半期(中間期)の業績予想と実績値との差異に関するお知らせ.pdf
   ✅ 保存: 7805_1200_プリントネット_2026年8月期第2四半期 決算補足説明資料.pdf
   ✅ 保存: 8614_1200_東洋証_2026年3月期決算速報値に関するお知らせ.pdf
   ✅ 保存: 9381_1200_エーアイテイー_2026年2月期 決算短信〔日本基準〕(連結).pdf
   ✅ 保存: 9381_1200_エーアイテイー_剰余金の配当に関するお知らせ.pdf
   ✅ 保存: 1326_1140_E-ワールド_SPDRゴールド・シェアに関する日々の開示事項.pdf
   ✅ 保存: 6731_1140_ピクセラ_(訂正)「主要株主及び主要株主である筆頭株主の異動に関するお知らせ」の一部訂正について.pdf
   ✅ 保存: 8706_1130_極東証券_2026年3月期 連結業績速報値に関するお知らせ.pdf
   ✅ 保存: 9837_1130_モリト_2026年11月期 第1四半期決算短信〔日本基準〕(連結).pdf
   ✅ 保存: 9837_1130_モリト_2026年11月期 第1四半期決算概要.pdf
   ✅ 保存: 8011_1100_三陽商_2026年2月期 決算短信〔日本基準〕(連結).pdf
   ✅ 保存: 8011_1100_三陽商_2026年2月期 決算説明資料.pdf
   ✅ 保存: 8011_1100_三陽商_中期経営計画の進捗状況.pdf
   ✅ 保存: 8011_1100_三陽商_代表取締役の異動に関するお知らせ.pdf
   ✅ 保存: 8011_1100_三陽商_株主提案に対する当社取締役会の意見.pdf
   ✅ 保存: 8746_1030_unbanked_(開示事項の経過)第三者割当により発行される新株式及び第3回新株予約権の募集の払い込み完了のお知らせ.pdf
   ✅ 保存: 131A_1000_P-CCNグループ_自己株式立会外買付取引(ToSTNeT-3)による自己株式の取得結果及び取得終了に関するお知らせ.pdf
   ✅ 保存: 1407_1000_ウエストHD_2026年8月期第2四半期(中間期)の連結業績予想数値と実績値との差異に関するお知らせ.pdf
   ✅ 保存: 1407_1000_ウエストHD_2026年8月期 第2四半期(中間期)決算短信〔日本基準〕(連結).pdf
   ✅ 保存: 6361_0905_荏原製_一部報道について.pdf
   ✅ 保存: 4062_0900_イビデン_当社ウェブサイトにおける障害の発生について(第2報).pdf
   ✅ 保存: 8705_0900_日産証券グループ_2026年3月の月次業績等(速報)に関するお知らせ.pdf
   ✅ 保存: 9948_0900_アークス_2026年2月期通期決算説明会資料.pdf
   ✅ 保存: 8591_0845_オリックス_IX NTI Holdings, LLC(米国PE投資先_Network Connex)の持分譲渡(子会社の異動)に関するお知らせ.pdf
   ✅ 保存: 1963_0830_日揮HD_一部報道について.pdf
   ...Page 008 を確認中
   ✅ 保存: 5076_0830_インフロニアHD_当社に関する一部報道について.pdf
   ...Page 009 を確認中
   📝 一覧CSV保存: TDnet_Sorted_20260414.csv
   📝 一覧CSV保存（ルート）: TDnet_Sorted_20260414.csv
   📊 日別統計: page_access=9, pdf_success=685, excluded=16

============================================================
✅ ①完了（範囲取得）
   期間: 20260414 ～ 20260414 （mode=day）
   一覧ページアクセス合計: 9
   PDFダウンロード成功合計: 685
   除外件数合計: 16
   保存ルート: G:\マイドライブ\TDnet_Downloads
ルート: G:\マイドライブ\TDnet_Downloads
対象指定: 20260414 mode= day from= 20260414 to= 20260414
対象フォルダ数: 1
検索キーワード: ['価格交渉', '増産', '価格改定', '価格転嫁', '値上', '想定以上', '上方修正', '下方修正', '想定以下', '未達', '大幅', '計画を上', '計画を下', '計画以', '需要回復', '需要の回復', '需要が増', '需要が低', '悪化', 'グローバルニッチトップ', 'トップシェア', 'シェア拡大', 'レアアース']
総PDF数（推定）: 685
[1/1] 日付フォルダ 20260414 を処理中... (このフォルダ内PDF数: 685)
  進捗: 50/685 件のPDFを解析済み
  進捗: 100/685 件のPDFを解析済み
  進捗: 150/685 件のPDFを解析済み
  進捗: 200/685 件のPDFを解析済み
  進捗: 250/685 件のPDFを解析済み
  進捗: 300/685 件のPDFを解析済み
  進捗: 350/685 件のPDFを解析済み
  進捗: 400/685 件のPDFを解析済み
  進捗: 450/685 件のPDFを解析済み
  進捗: 500/685 件のPDFを解析済み
  進捗: 550/685 件のPDFを解析済み
  進捗: 600/685 件のPDFを解析済み
  進捗: 650/685 件のPDFを解析済み
  進捗: 685/685 件のPDFを解析済み
  → 日付フォルダ 20260414 のヒットPDF数: 266

✅ ②A 完了（解析専用・キーワード別ページ列）
解析PDF数: 685
ヒットPDF数: 266
出力CSV: Analysis_Hits_free_word_20260414.csv
保存先: G:\マイドライブ\TDnet_Downloads

✅ ②B 完了（配布用CSV作成・キーワード別ページ列）
出力: PDF_Search_Result_Distribution_free_word_20260414_sh.csv
キーワード列: ['価格交渉', '増産', '価格改定', '価格転嫁', '値上', '想定以上', '上方修正', '下方修正', '想定以下', '未達', '大幅', '計画を上', '計画を下', '計画以', '需要回復', '需要の回復', '需要が増', '需要が低', '悪化', 'グローバルニッチトップ', 'トップシェア', 'シェア拡大', 'レアアース']
突合除外件数: 0
空欄アラート件数: 0
