============================================
 TDnet auto run: 20260520
 Start: 2026-05-20 23:00:01
============================================

$ C:\Users\onok\AppData\Local\Python\pythoncore-3.14-64\python.exe -u ①_tdnetアクセスしてダウンロードする処理（月日付別フォルダ保存）.py --target 20260520 --save-root G:\マイドライブ\TDnet_Downloads
🎯 対象指定: 20260520（mode=day, from=20260520, to=20260520）
📁 保存ルート: G:\マイドライブ\TDnet_Downloads

============================================================
📅 日付: 20260520 を処理します
   ...Page 001 を確認中
   ✅ 保存: 3179_1900_シュッピン_剰余金の配当に関するお知らせ.pdf
   ✅ 保存: 3179_1900_シュッピン_当社取締役会の実効性に関する評価結果の概要について.pdf
   ✅ 保存: 7203_1900_トヨタ自_会社分割(簡易吸収分割)に関するお知らせ.pdf
   ✅ 保存: 9025_1900_鴻池運輸_「定款一部変更」に関するお知らせ.pdf
   ✅ 保存: 8771_1850_Eギャランティ_2026年3月期通期 決算説明会 書き起こし.pdf
   ✅ 保存: 8771_1850_Eギャランティ_2026年3月期 通期決算説明会 質疑応答の要約.pdf
   ✅ 保存: 7201_1840_日産自_株主提案に対する当社取締役会意見に関するお知らせ.pdf
   ✅ 保存: 9913_1830_日邦産業_当社株式等の大規模買付行為に関する対応方針(買収への対応方針)の継続について.pdf
   ✅ 保存: 9913_1830_日邦産業_剰余金の配当に関するお知らせ.pdf
   ✅ 保存: 7603_1800_ジーイエット_フランチャイズ契約の締結及び新たな事業(買取事業)の開始に関するお知らせ.pdf
   ✅ 保存: 9537_1800_北陸瓦斯_主要株主の異動に関するお知らせ.pdf
   ✅ 保存: 2673_1740_夢みつけ隊_営業外収益(持分法による投資利益)の計上に関するお知らせ.pdf
   ✅ 保存: 2673_1740_夢みつけ隊_令和8年3月期 決算短信〔日本基準〕(連結).pdf
   ✅ 保存: 2130_1730_メンバーズ_剰余金の配当に関するお知らせ.pdf
   ✅ 保存: 2130_1730_メンバーズ_取締役人事に関するお知らせ.pdf
   ✅ 保存: 4169_1730_G-エネチェンジ_定款一部変更に関するお知らせ.pdf
   ✅ 保存: 4169_1730_G-エネチェンジ_第12期経営体制の内定に関するお知らせ.pdf
   ✅ 保存: 4956_1730_コニシ_剰余金の配当に関するお知らせ.pdf
   ✅ 保存: 4956_1730_コニシ_資本コストや株価を意識した経営の実現に向けた対応について.pdf
   ✅ 保存: 8897_1730_ミラースHD_2026年3月期 決算説明資料.pdf
   ✅ 保存: 8979_1730_R-スターツPR_金利スワップ契約締結(金利決定)に関するお知らせ.pdf
   ✅ 保存: 6548_1725_G-旅工房_臨時株主総会開催及び付議議案決定並びに定款の一部変更に関するお知らせ.pdf
   ✅ 保存: 5994_1720_ファインシンター_アナリスト・機関投資家向け 2026 年3月期決算及び新中期経営計画説明会のオンライン開催のご案内.pdf
   ✅ 保存: 6343_1720_フリージアマク_令和8年3月期 決算短信〔日本基準〕(連結).pdf
   ✅ 保存: 6343_1720_フリージアマク_営業外収益(持分法による投資利益)の計上及び業績予想と実績の差異に関するお知らせ.pdf
   ✅ 保存: 1443_1710_技研ホールディングス_2026年3月期 決算短信〔日本基準〕(連結).pdf
   ✅ 保存: 3237_1700_G-イントランス_(訂正)「第28回定時株主総会の開催及び付議議案の決定に関するお知らせ」の 一部訂正について.pdf
   ✅ 保存: 366A_1700_G-ウェルネスC_自己株式の取得に関する定款変更のお知らせ.pdf
   ✅ 保存: 3681_1700_ブイキューブ_(変更)「臨時株主総会の招集及び付議議案等の決定に関するお知らせ」の一部変更について.pdf
   ✅ 保存: 369A_1700_G-エータイ_株主優待制度の導入に関するお知らせ.pdf
   ✅ 保存: 3768_1700_リスクモンスター_剰余金の配当に関するお知らせ.pdf
   ✅ 保存: 3768_1700_リスクモンスター_役員人事に関するお知らせ.pdf
   ✅ 保存: 3768_1700_リスクモンスター_2026年3月期決算説明資料.pdf
   ✅ 保存: 504A_1700_G-イノバセル_事業進捗アップデート_2026年12月期第1四半期.pdf
   ✅ 保存: 558A_1700_G-SQUEEZE_第三者割当増資の結果に関するお知らせ.pdf
   ✅ 保存: 6181_1700_G-タメニー_定時株主総会の付議議案に関するお知らせ.pdf
   ✅ 保存: 6181_1700_G-タメニー_本社移転に関するお知らせ.pdf
   ✅ 保存: 7062_1700_G-フレアス_2027年3月期4月度 月次売上(速報)に関するお知らせ.pdf
   ✅ 保存: 7537_1700_丸文_新任取締役候補者の選任および取締役の退任に関するお知らせ.pdf
   ✅ 保存: 7680_1700_P-軽自動車館_TOKYO PRO Marketへの上場目的の開示.pdf
   ✅ 保存: 7751_1700_キヤノン_自己株式立会外買付取引(ToSTNeT-3)による自己株式の買付けに関するお知らせ.pdf
   ✅ 保存: 7901_1700_マツモト_上場維持基準への適合及び当社株式の監理銘柄(確認中)指定解除に関するお知らせ.pdf
   ✅ 保存: 8593_1700_三菱HCキャピタル_剰余金の配当に関するお知らせ.pdf
   ✅ 保存: 5016_1650_JX金属_自己株式の公開買付け開始に関するお知らせ.pdf
   ✅ 保存: 6743_1650_大同信号_剰余金の配当(増配)に関するお知らせ.pdf
   ✅ 保存: 4171_1645_グローバルI_株式会社ユーザベースによる株式会社グローバルインフォメーション(証券コード_4171)の株券等に対する公開買付けの開始に関するお知らせ.pdf
   ✅ 保存: 4171_1645_グローバルI_株式会社ユーザベースによる当社株券等に対する公開買付けに関する賛同の意見表明及び応募推奨のお知らせ.pdf
   ✅ 保存: 4171_1645_グローバルI_2026年12月期の中間配当及び期末配当予想の修正(無配)に関するお知らせ.pdf
   ✅ 保存: 4591_1645_G-リボミック_定款一部変更に関するお知らせ.pdf
   ✅ 保存: 4591_1645_G-リボミック_取締役(監査等委員である取締役を除く)及び取締役(監査等委員である取締役)の報酬限度額に関するお知らせ.pdf
   ✅ 保存: 4591_1645_G-リボミック_会計監査人の異動に関するお知らせ.pdf
   ✅ 保存: 4591_1645_G-リボミック_資本金及び資本準備金の額の減少並びに剰余金の処分に関するお知らせ.pdf
   ✅ 保存: 4792_1645_山田コンサル_当社従業員(執行役員)に対するストック・オプション(新株予約権)の発行について.pdf
   ✅ 保存: 4792_1645_山田コンサル_譲渡制限付株式報酬としての自己株式の処分に関するお知らせ.pdf
   ✅ 保存: 4792_1645_山田コンサル_取締役人事に関するお知らせ.pdf
   ✅ 保存: 1822_1630_大豊建_自己株式の取得及び自己株式立会外買付取引(ToSTNeT-3)による自己株式の買付けに関するお知らせ.pdf
   ✅ 保存: 2204_1630_中村屋_役員人事のお知らせ.pdf
   ✅ 保存: 2204_1630_中村屋_当社株式の大規模買付行為に関する対応方針(買収への対応方針)の継続について.pdf
   ✅ 保存: 2204_1630_中村屋_譲渡制限付株式報酬制度の導入に関するお知らせ.pdf
   ✅ 保存: 2340_1630_極楽湯HD_2026年3月期 決算説明.pdf
   ✅ 保存: 4676_1630_フジHD_剰余金の配当に関するお知らせ.pdf
   ✅ 保存: 4676_1630_フジHD_新役員体制について.pdf
   ✅ 保存: 4755_1630_楽天グループ_楽天銀行株式会社の株式交付による楽天カード株式会社、楽天証券ホールディングス株式会社の子会社化等による楽天銀行を含む楽天グループのフィンテック事.pdf
   ✅ 保存: 5838_1630_楽天銀行_楽天銀行株式会社の株式交付による楽天カード株式会社、楽天証券ホールディングス株式会社の子会社化等による楽天銀行を含む楽天グループのフィンテック事業再.pdf
   ✅ 保存: 5838_1630_楽天銀行_みずほ銀行及び楽天銀行による戦略的な資本業務提携及び楽天銀行の主要株主の異動(見込み)に関するお知らせ.pdf
   ✅ 保存: 5838_1630_楽天銀行_フィンテック事業再編に関する定款の一部変更に関するお知らせ.pdf
   ✅ 保存: 5838_1630_楽天銀行_フィンテック事業再編に関する補足説明資料.pdf
   ✅ 保存: 5838_1630_楽天銀行_役員人事に関するお知らせ.pdf
   ✅ 保存: 5838_1630_楽天銀行_当行取締役及び執行役員等に対するストック・オプション(新株予約権)の発行に関するお知らせ.pdf
   ✅ 保存: 6905_1630_コーセル_連結子会社の異動(株式譲渡)に関するお知らせ.pdf
   ✅ 保存: 6997_1630_日ケミコン_B種種類株主によるB種種類株式の普通株式を対価とする取得請求権の行使に関するお知らせ.pdf
   ✅ 保存: 7259_1630_アイシン_譲渡制限付株式報酬としての自己株式の処分に関するお知らせ.pdf
   ✅ 保存: 8007_1630_高島_定款の一部変更に関するお知らせ.pdf
   ✅ 保存: 8411_1630_みずほ_みずほ銀行及び楽天銀行による戦略的な資本業務提携及び楽天銀行の主要株主の異動(見込み)に関するお知らせ.pdf
   ✅ 保存: 8630_1630_SOMPOHD_2026年3月期決算短信〔IFRS〕(連結).pdf
   ✅ 保存: 8630_1630_SOMPOHD_2026年3月期決算参考資料.pdf
   ✅ 保存: 8630_1630_SOMPOHD_商号の変更および定款の一部変更に関するお知らせ.pdf
   ✅ 保存: 8630_1630_SOMPOHD_自己株式取得に係る事項の決定に関するお知らせ.pdf
   ✅ 保存: 8630_1630_SOMPOHD_グループ社員向け株式報酬制度の導入および株式給付信託(J-ESOP)における自己株式取得に関するお知らせ.pdf
   ✅ 保存: 8630_1630_SOMPOHD_役員の選任、退任に関するお知らせ.pdf
   ✅ 保存: 8951_1630_R-ビルF_資金の借入に関するお知らせ.pdf
   ✅ 保存: 9425_1630_ReYuuJapan_新株予約権付社債発行プログラム設定契約の締結、第三者割当による転換価額修正条項付新株予約権付社債の発行及び第三者割当による新株予約権の発行.pdf
   ✅ 保存: 7241_1620_フタバ産_連結子会社の増資に関するお知らせ.pdf
   ✅ 保存: 5033_1615_G-ヌーラボ_譲渡制限付株式報酬制度の導入に関するお知らせ.pdf
   ✅ 保存: 6867_1615_リーダ電子_純資産減少割合の確定に関するお知らせ.pdf
   ✅ 保存: 5891_1610_魁力屋_(追加情報)株主優待制度の利用店舗拡充に関するお知らせ.pdf
   ✅ 保存: 7814_1610_日本創発G_自己株式の取得及び自己株式立会外買付取引(ToSTNeT-3)による自己株式の買付けに関するお知らせ.pdf
   ✅ 保存: 7883_1610_サンメッセ_自己株式の処分の払込完了に関するお知らせ.pdf
   ✅ 保存: 1945_1600_東京エネシス_定款一部変更に関するお知らせ.pdf
   ✅ 保存: 2296_1600_伊藤ハム米久HD_剰余金の配当に関するお知らせ.pdf
   ✅ 保存: 2296_1600_伊藤ハム米久HD_少数株主利益保護への対応について.pdf
   ✅ 保存: 2371_1600_カカクコム_役員の異動に関するお知らせ.pdf
   ✅ 保存: 2551_1600_マルサンアイ_「豆乳」価格改定のお知らせ.pdf
   ✅ 保存: 275A_1600_ハンワホームズ_組織変更及び役員人事に関するお知らせ.pdf
   ✅ 保存: 287A_1600_黒田グループ_剰余金の配当(期末配当)に関するお知らせ.pdf
   ✅ 保存: 287A_1600_黒田グループ_譲渡制限付株式報酬制度の導入に関するお知らせ.pdf
   ...Page 002 を確認中
   ✅ 保存: 2937_1600_G-サンクゼール_株主優待制度の変更に関するお知らせ.pdf
   ✅ 保存: 3169_1600_ミサワ_譲渡制限株式報酬としての自己株式の処分に関するお知らせ.pdf
   ✅ 保存: 3849_1600_A-NTL_剰余金の配当に関するお知らせ.pdf
   ✅ 保存: 3849_1600_A-NTL_取締役の異動に関するお知らせ.pdf
   ✅ 保存: 3858_1600_ユビキタスAI_2026年3月期 決算短信〔日本基準〕(連結).pdf
   ✅ 保存: 3858_1600_ユビキタスAI_連結業績予想と実績値との差異、法人税等調整額の計上及び個別業績の前期実績との差異に関するお知らせ.pdf
   ✅ 保存: 3967_1600_G-エルテス_当社取締役副社長 伊藤豊による当社株式取得に関するお知らせ.pdf
   ✅ 保存: 4287_1600_ジャストプラ_自己株式取得に係る事項の決定に関するお知らせ.pdf
   ✅ 保存: 4365_1600_松本油脂_(訂正)「役員の異動に関するお知らせ」の一部訂正について.pdf
   ✅ 保存: 4526_1600_理研ビタミン_剰余金の配当に関するお知らせ.pdf
   ✅ 保存: 4720_1600_城南進研_役員人事に関するお知らせ.pdf
   ✅ 保存: 4720_1600_城南進研_有限会社吉祥の株式取得(子会社化)に関するお知らせ.pdf
   ✅ 保存: 4720_1600_城南進研_2026年3月期決算短信〔日本基準〕(連結).pdf
   ✅ 保存: 4918_1600_アイビー_資本金および資本準備金の額の減少に関するお知らせ.pdf
   ✅ 保存: 4918_1600_アイビー_剰余金の配当に関するお知らせ.pdf
   ✅ 保存: 4918_1600_アイビー_役員人事内定および人事異動に関するお知らせ.pdf
   ✅ 保存: 4925_1600_HABA_剰余金の配当に関するお知らせ.pdf
   ✅ 保存: 5208_1600_有沢製_剰余金の配当(期末配当)に関するお知らせ.pdf
   ✅ 保存: 5208_1600_有沢製_役員人事に関するお知らせ.pdf
   ✅ 保存: 5208_1600_有沢製_執行役員の異動のお知らせ.pdf
   ✅ 保存: 5247_1600_G-BTM_2026年3月期 決算 質疑応答集.pdf
   ✅ 保存: 6322_1600_タクミナ_公認会計士等の異動に関するお知らせ.pdf
   ✅ 保存: 6549_1600_ディーエムソリュ_2026年3月期 決算説明会資料.pdf
   ✅ 保存: 6576_1600_P-揚工舎_2026年3月期 決算短信〔日本基準〕(連結).pdf
   ✅ 保存: 6616_1600_トレックスセミ_2026年3月期 通期決算説明資料.pdf
   ✅ 保存: 6743_1600_大同信号_役員等の異動に関するお知らせ.pdf
   ✅ 保存: 6743_1600_大同信号_2026年3月期決算短信〔日本基準〕(連結).pdf
   ✅ 保存: 6743_1600_大同信号_2026年3月期業績予想と決算値との差異に関するお知らせ.pdf
   ✅ 保存: 7102_1600_日車輌_代表取締役、役員および執行役員の異動に関するお知らせ.pdf
   ✅ 保存: 7979_1600_松風_定款の一部変更に関するお知らせ.pdf
   ✅ 保存: 7979_1600_松風_剰余金の配当に関するお知らせ.pdf
   ✅ 保存: 8421_1600_Y-信中金_2026年3月期 決算短信〔日本基準〕(連結).pdf
   ✅ 保存: 8421_1600_Y-信中金_2026年3月期 決算の概況.pdf
   ✅ 保存: 8421_1600_Y-信中金_自己優先出資取得に係る事項の決定および自己優先出資の消却に関するお知らせ.pdf
   ✅ 保存: 8421_1600_Y-信中金_利益配分に関する基本方針の変更に関するお知らせ.pdf
   ✅ 保存: 8421_1600_Y-信中金_定款の一部変更に関するお知らせ.pdf
   ✅ 保存: 8421_1600_Y-信中金_代表理事の異動に関するお知らせ.pdf
   ✅ 保存: 8616_1600_東海東京_(訂正・数値データ訂正)「2026年3月期 決算短信〔日本基準〕(連結)」の一部訂正について.pdf
   ✅ 保存: 8616_1600_東海東京_(訂正)「2026年3月期 決算説明資料」の一部訂正について.pdf
   ✅ 保存: 8616_1600_東海東京_取締役候補者の決定に関するお知らせ.pdf
   ✅ 保存: 8616_1600_東海東京_東海東京証券株式会社 取締役候補者の決定に関するお知らせ.pdf
   ✅ 保存: 8616_1600_東海東京_ストック・オプション(新株予約権)の付与に関するお知らせ.pdf
   ✅ 保存: 8708_1600_アイザワ証G_剰余金の配当(期末配当)に関するお知らせ.pdf
   ✅ 保存: 8766_1600_東京海上_2026年3月期 決算短信〔日本基準〕(連結).pdf
   ✅ 保存: 8766_1600_東京海上_2026年3月期 決算記者会見資料.pdf
   ✅ 保存: 8766_1600_東京海上_剰余金の配当に関するお知らせ.pdf
   ✅ 保存: 8766_1600_東京海上_自己株式の取得に係る事項の決定に関するお知らせ.pdf
   ✅ 保存: 8766_1600_東京海上_資本準備金の額の減少に関するお知らせ.pdf
   ✅ 保存: 8766_1600_東京海上_定款一部変更に関するお知らせ.pdf
   ✅ 保存: 9247_1600_TREHD_主要株主の異動に関するお知らせ.pdf
   ✅ 保存: 9249_1600_日本エコシステム_福岡証券取引所本則市場への重複上場承認に関するお知らせ.pdf
   ✅ 保存: 9684_1600_スクエニHD_剰余金の配当に関するお知らせ.pdf
   ✅ 保存: 9799_1600_旭情報_取締役および執行役員の異動に関するお知らせ.pdf
   ✅ 保存: 2292_1545_S FOODS_(訂正・数値データ訂正)「2026年2月期 決算短信〔日本基準〕(連結)」の一部訂正について.pdf
   ✅ 保存: 150A_1540_G-JSH_資本金及び資本準備金の額の減少並びに剰余金の処分に関するお知らせ.pdf
   ✅ 保存: 150A_1540_G-JSH_定款の一部変更に関するお知らせ.pdf
   ✅ 保存: 4586_1540_G-メドレック_第三者割当てによる第35回新株予約権(行使価額修正条項付)の発行及び第三者割当契約等の締結に関するお知らせ.pdf
   ✅ 保存: 4960_1540_ケミプロ化成_剰余金の配当に関するお知らせ.pdf
   ✅ 保存: 4960_1540_ケミプロ化成_取締役の委嘱職務変更ならびに新任取締役選任に関するお知らせ.pdf
   ✅ 保存: 9564_1540_FCE_2026年9月期第2四半期 決算説明会資料.pdf
   ✅ 保存: 9564_1540_FCE_会社案内および2026年9月期第2四半期決算説明(要約版).pdf
   ✅ 保存: 2323_1530_fonfun_SaaS事業「セールスパフォーマー」の事業譲受に伴う財務上の特約が付された資金の借入に関するお知らせ.pdf
   ✅ 保存: 2340_1530_極楽湯HD_2026年3月期決算短信〔日本基準〕(連結).pdf
   ✅ 保存: 2340_1530_極楽湯HD_特別損失の計上 2026年3月期 連結業績及び個別業績の前期実績値との差異に関するお知らせ.pdf
   ✅ 保存: 2340_1530_極楽湯HD_剰余金の配当(期末配当_復配)に関するお知らせ.pdf
   ✅ 保存: 2340_1530_極楽湯HD_役員人事に関するお知らせ.pdf
   ✅ 保存: 2373_1530_ケア21_介護付有料老人ホーム「プレザンリュクス南青山」の閉鎖に関するお知らせ.pdf
   ✅ 保存: 2653_1530_イオン九州_第28回新株予約権(株式報酬型ストックオプション)の発行に関するお知らせ.pdf
   ✅ 保存: 275A_1530_ハンワホームズ_支配株主等に関する事項について.pdf
   ✅ 保存: 275A_1530_ハンワホームズ_事業計画及び成長可能性に関する事項.pdf
   ✅ 保存: 290A_1530_G-Syns_営業外収益(補助金収入および受取保険金)の計上に関するお知らせ.pdf
   ✅ 保存: 297A_1530_アルピコHD_剰余金の配当に関するお知らせ.pdf
   ✅ 保存: 297A_1530_アルピコHD_定款一部変更に関するお知らせ.pdf
   ✅ 保存: 297A_1530_アルピコHD_役員退職慰労金制度の廃止及び譲渡制限付株式報酬制度の導入に関するお知らせ.pdf
   ✅ 保存: 3223_1530_エスエルディー_上場維持基準への適合に向けた計画に基づく進捗状況(改善期間入り)について.pdf
   ✅ 保存: 3224_1530_G-Gオイスター_第26期定時株主総会の付議議案決定に関するお知らせ.pdf
   ✅ 保存: 3234_1530_R-森ヒルズ_資金の借入れ(グリーンローン)に関するお知らせ.pdf
   ✅ 保存: 3393_1530_スターティアHD_定款の一部変更に関するお知らせ.pdf
   ✅ 保存: 3612_1530_ワールド_シニア・チェアマンの退任に関するお知らせ.pdf
   ✅ 保存: 3626_1530_TIS_主要株主及び主要株主である筆頭株主の異動に関するお知らせ.pdf
   ✅ 保存: 3673_1530_ブロドリーフ_株式分割および株式分割にともなう定款の一部変更に関するお知らせ.pdf
   ✅ 保存: 3673_1530_ブロドリーフ_2026年12月期 配当予想の修正(増配)に関するお知らせ.pdf
   ✅ 保存: 3679_1530_じげん_役員の異動および新経営体制に関するお知らせ.pdf
   ✅ 保存: 3753_1530_フライト_2026年3月期 決算短信〔日本基準〕(非連結).pdf
   ✅ 保存: 3753_1530_フライト_2026年3月期 決算説明資料.pdf
   ✅ 保存: 3753_1530_フライト_決算説明資料別紙「myVerifist 2026」.pdf
   ✅ 保存: 3753_1530_フライト_繰延税金資産の計上に関するお知らせ.pdf
   ✅ 保存: 3837_1530_アドソル日進_新・中期経営計画「New Canvas 2031 - The Next Page -」策定に関するお知らせ.pdf
   ✅ 保存: 3841_1530_ジーダット_役員の異動及び人事異動に関するお知らせ.pdf
   ✅ 保存: 3918_1530_PCIHD_剰余金の配当に関するお知らせ.pdf
   ✅ 保存: 3918_1530_PCIHD_定款の一部変更(商号の変更及び事業目的の変更)に関するお知らせ.pdf
   ✅ 保存: 3918_1530_PCIHD_代表取締役の異動及び取締役候補者の選任に関するお知らせ.pdf
   ✅ 保存: 3918_1530_PCIHD_公認会計士等の異動に関するお知らせ.pdf
   ✅ 保存: 3918_1530_PCIHD_当社連結子会社との合併(簡易合併・略式合併)による純粋持株会社から事業持株会社への移行に向けた基本方針決定に関するお知らせ.pdf
   ✅ 保存: 3955_1530_イムラ_譲渡制限付株式報酬としての自己株式の処分に関するお知らせ.pdf
   ✅ 保存: 4043_1530_トクヤマ_当社取締役等に対する業績連動型株式報酬制度の継続および一部改定に関するお知らせ.pdf
   ✅ 保存: 4063_1530_信越化_剰余金の配当に関するお知らせ.pdf
   ✅ 保存: 4063_1530_信越化_自己株式の公開買付けに関するお知らせ.pdf
   ✅ 保存: 421A_1530_G-ムービン_2026年12月期 第1四半期決算説明会書き起こし.pdf
   ✅ 保存: 4237_1530_フジプレアム_非上場の親会社等の決算に関するお知らせ.pdf
   ...Page 003 を確認中
   ✅ 保存: 4260_1530_G-ハイブリッドテク_自己株式の取得状況及び取得終了に関するお知らせ.pdf
   ✅ 保存: 4386_1530_SIGグループ_剰余金の配当に関するお知らせ.pdf
   ✅ 保存: 4388_1530_エーアイ_取締役候補者の選任に関するお知らせ.pdf
   ✅ 保存: 4484_1530_G-ランサーズ_定款の一部変更に関するお知らせ.pdf
   ✅ 保存: 4569_1530_杏林製薬_剰余金の配当に関するお知らせ.pdf
   ✅ 保存: 4579_1530_G-ラクオリア創薬_米Velovia Pharma, LLCによるオプション権行使に伴う一時金受領のお知らせ.pdf
   ✅ 保存: 4592_1530_G-サンバイオ_アクーゴ(R)脳内移植用注の薬価基準収載のお知らせ.pdf
   ✅ 保存: 4667_1530_アイサンテクノロ_第56期定時株主総会の継続会の開催方針に関するお知らせ.pdf
   ✅ 保存: 4667_1530_アイサンテクノロ_剰余金の配当に関するお知らせ.pdf
   ✅ 保存: 4667_1530_アイサンテクノロ_定款一部変更に関するお知らせ.pdf
   ✅ 保存: 4882_1530_G-ペルセウス_2026年3月期 決算説明会 質疑応答について.pdf
   ✅ 保存: 4882_1530_G-ペルセウス_定款の一部変更に関するお知らせ.pdf
   ✅ 保存: 4882_1530_G-ペルセウス_役員人事に関するお知らせ.pdf
   ✅ 保存: 4888_1530_G-ステラファーマ_役員人事に関するお知らせ.pdf
   ✅ 保存: 4890_1530_G-坪田ラボ_第14 期定時株主総会の付議議案の決定に関するお知らせ.pdf
   ✅ 保存: 4890_1530_G-坪田ラボ_会計監査人の異動に関するお知らせ.pdf
   ✅ 保存: 4926_1530_シーボン_(訂正)「中期経営計画の策定に関するお知らせ」の一部訂正について.pdf
   ✅ 保存: 4974_1530_タカラバイオ_株式併合並びに単元株式数の定めの廃止及び定款の一部変更に係る承認決議に関するお知らせ.pdf
   ✅ 保存: 5033_1530_G-ヌーラボ_役員人事に関するお知らせ.pdf
   ✅ 保存: 5406_1530_神戸鋼_剰余金の配当に関するお知らせ.pdf
   ✅ 保存: 5406_1530_神戸鋼_2028年満期ユーロ円建取得条項付転換社債型新株予約権付社債及び2030年満期ユーロ円建取得条項付転換社債型新株予約権付社債の転換価額の調整に関するお知らせ.pdf
   ✅ 保存: 5536_1530_P-京橋アートレジ_東京証券取引所 TOKYO PRO Marketへの上場目的の開示.pdf
   ✅ 保存: 5714_1530_DOWA_投資単位の引き下げに関する考え方及び方針等について.pdf
   ✅ 保存: 5909_1530_コロナ_剰余金の配当に関するお知らせ.pdf
   ✅ 保存: 5909_1530_コロナ_当社製品の無料点検・修理実施に関するお知らせ(エコキュート一部機種).pdf
   ✅ 保存: 6050_1530_Eガーディアン_2026年9月期 第2四半期決算説明資料.pdf
   ✅ 保存: 6058_1530_ベクトル_連結子会社からの配当金受領に関するお知らせ.pdf
   ✅ 保存: 6182_1530_G-メタリアル_連結子会社からの配当金受領に関するお知らせ.pdf
   ✅ 保存: 6254_1530_野村マイクロ_剰余金の配当に関するお知らせ.pdf
   ✅ 保存: 6335_1530_東京機_自己株式取得に係る事項の決定に関するお知らせ.pdf
   ✅ 保存: 6485_1530_前沢給装_当社株式の大量買付行為に関する対応策(買収への対応方針)の継続について.pdf
   ✅ 保存: 6584_1530_三桜工_剰余金の配当及び配当予想の修正に関するお知らせ.pdf
   ✅ 保存: 6675_1530_サクサ_剰余金の配当に関するお知らせ.pdf
   ✅ 保存: 6675_1530_サクサ_定款一部変更に関するお知らせ.pdf
   ✅ 保存: 6727_1530_ワコム_(経過開示)株主提案に対する当社取締役会の意見に関するお知らせ.pdf
   ✅ 保存: 6875_1530_メガチップス_投資有価証券の売却の結果及び業績予想の修正に関するお知らせ.pdf
   ✅ 保存: 6894_1530_パルステック_剰余金の配当に関するお知らせ.pdf
   ✅ 保存: 6923_1530_スタンレー電_剰余金の配当に関するお知らせ.pdf
   ✅ 保存: 6923_1530_スタンレー電_株式報酬制度(役員報酬BIP信託)の導入に関するお知らせ.pdf
   ✅ 保存: 7066_1530_G-ピアズ_臨時株主総会招集のための基準日設定および臨時株主総会の開催ならびに資本金の額の減少(減資)に関するお知らせ.pdf
   ✅ 保存: 7096_1530_G-ステムセル研究所_ストック・オプション(新株予約権)の発行に関するお知らせ.pdf
   ✅ 保存: 7096_1530_G-ステムセル研究所_取締役及び補欠監査役の候補者選任に関するお知らせ.pdf
   ✅ 保存: 7111_1530_INEST_通期連結業績予想値と実績値の差異に関するお知らせ.pdf
   ✅ 保存: 7111_1530_INEST_【2026年3月期通期】決算補足説明資料.pdf
   ✅ 保存: 7111_1530_INEST_2026年3月期決算短信〔IFRS〕(連結).pdf
   ✅ 保存: 7240_1530_NOK_代表取締役の異動および取締役候補者の選任に関するお知らせ.pdf
   ✅ 保存: 7374_1530_G-コンフィデンスI_会社分割によるグループ組織再編に伴う吸収分割契約締結及び定款の一部変更(事業目的等の一部変更)に関するお知らせ.pdf
   ✅ 保存: 7374_1530_G-コンフィデンスI_公認会計士等の異動に関するお知らせ.pdf
   ✅ 保存: 7409_1530_G-AeroEdge_株式会社オノプラントの株式の取得(子会社化)に関するお知らせ.pdf
   ✅ 保存: 7409_1530_G-AeroEdge_株式会社オノプラントの株式の取得(子会社化)に関する補足説明資料.pdf
   ✅ 保存: 7481_1530_尾家産_剰余金の配当(増配)に関するお知らせ.pdf
   ✅ 保存: 7836_1530_アビックス_新任取締役候補者の選任に関するお知らせ.pdf
   ✅ 保存: 7893_1530_プロネクサス_剰余金の配当に関するお知らせ.pdf
   ✅ 保存: 7893_1530_プロネクサス_譲渡制限付株式報酬制度の導入に関するお知らせ.pdf
   ✅ 保存: 7940_1530_ウェーブロックHD_株式併合並びに単元株式数の定めの廃止及び定款の一部変更に関するお知らせ.pdf
   ✅ 保存: 7940_1530_ウェーブロックHD_自己株式の消却に関するお知らせ.pdf
   ✅ 保存: 7940_1530_ウェーブロックHD_取締役候補者の選任に関するお知らせ.pdf
   ✅ 保存: 8207_1530_テンアライド_種類株式に係る剰余金の配当に関するお知らせ.pdf
   ✅ 保存: 8358_1530_スルガ銀_創業家ファミリー企業問題に係る差戻審判決に対する控訴の提起に関するお知らせ.pdf
   ✅ 保存: 8425_1530_みずほリース_TREホールディングス株式会社(証券コード_9247)の株式取得完了に関するお知らせ.pdf
   ✅ 保存: 8725_1530_MS&AD_2026年3月期 決算短信〔日本基準〕(連結).pdf
   ✅ 保存: 8725_1530_MS&AD_2026年3月期 決算説明資料.pdf
   ✅ 保存: 8725_1530_MS&AD_2026年3月期(通期)の連結業績の差異に関するお知らせ.pdf
   ✅ 保存: 8725_1530_MS&AD_2026年3月期の剰余金の配当に関するお知らせ.pdf
   ✅ 保存: 8725_1530_MS&AD_自己株式取得に係る事項の決定に関するお知らせ.pdf
   ✅ 保存: 8725_1530_MS&AD_定款一部変更に関するお知らせ.pdf
   ✅ 保存: 8725_1530_MS&AD_MS&ADグループ経営計画(2030年度目指す姿・2026年度計画)等 の策定に関するお知らせ.pdf
   ✅ 保存: 8844_1530_コスモスイニシア_譲渡制限付株式報酬制度の改定及び取締役報酬額の変更並びに自己株式取得に係る事項の決定に関するお知らせ.pdf
   ✅ 保存: 9007_1530_小田急_2026年4月 月次営業概況(速報)に関するお知らせ.pdf
   ✅ 保存: 9025_1530_鴻池運輸_剰余金の配当に関するお知らせ.pdf
   ✅ 保存: 9081_1530_神奈中交_支配株主等に関する事項について.pdf
   ✅ 保存: 9610_1530_ウィルソンWLW_当社取締役・監査役の異動のお知らせ.pdf
   ✅ 保存: 9887_1530_松屋フーズHD_令和8年3月期決算補足説明資料.pdf
   ✅ 保存: 9948_1530_アークス_「当社株式の大規模買付行為に関する対応方針継続の件」における独立委員会委員候補者変更に伴う第65期定時株主総会招集ご通知の一部変更のお知らせ.pdf
   ✅ 保存: 9974_1530_ベルク_投資単位の引下げに関する考え方及び方針等について.pdf
   ✅ 保存: 2003_1500_日東富士_中期経営計画のローリング計画策定について.pdf
   ✅ 保存: 2221_1500_岩塚製菓_取締役候補者および業務執行取締役の役割再定義に関するお知らせ.pdf
   ✅ 保存: 3066_1500_JBイレブン_完全子会社間の吸収合併に関するお知らせ.pdf
   ✅ 保存: 3513_1500_イチカワ_業績連動型株式報酬制度の改定に関するお知らせ.pdf
   ✅ 保存: 3708_1500_特種東海_2026年3月期決算及び第7次中期経営計画説明会資料.pdf
   ✅ 保存: 3719_1500_AIストーム_特別目的会社(SPC)設立に関するお知らせ.pdf
   ✅ 保存: 3719_1500_AIストーム_子会社設立に関するお知らせ.pdf
   ✅ 保存: 3719_1500_AIストーム_第10回新株予約権の一部譲渡承認に関するお知らせ.pdf
   ✅ 保存: 4188_1500_三菱ケミカルグループ_剰余金の配当に関するお知らせ.pdf
   ✅ 保存: 4471_1500_三洋化成_剰余金の配当に関するお知らせ.pdf
   ✅ 保存: 4620_1500_藤倉化_公認会計士等の異動に関するお知らせ.pdf
   ✅ 保存: 5852_1500_アーレスティ_2026年3月期 決算短信〔日本基準〕(連結).pdf
   ✅ 保存: 5852_1500_アーレスティ_2026年3月期 通期連結業績予想と実績値との差異及び個別業績と前期実績値との差異並びに翌期における特別損失の計上(連結決算)に関するお知らせ.pdf
   ✅ 保存: 5852_1500_アーレスティ_特別損失の計上(個別決算)及び別途積立金の取り崩しに関するお知らせ.pdf
   ✅ 保存: 6059_1500_ウチヤマHD_(訂正)「資本金の額の減少に関するお知らせ」の一部訂正について.pdf
   ✅ 保存: 6262_1500_PEGASUS_2026年3月期 第80期決算説明.pdf
   ✅ 保存: 6516_1500_山洋電気_第10次中期経営計画策定に関するお知らせ.pdf
   ✅ 保存: 6590_1500_芝浦_剰余金の配当に関するお知らせ.pdf
   ✅ 保存: 6986_1500_双葉電子_中国子会社の解散に関するお知らせ.pdf
   ✅ 保存: 6986_1500_双葉電子_(開示事項の変更)中国子会社の解散に関するお知らせ.pdf
   ✅ 保存: 7224_1500_新明和工_2026年3月期 IR説明会資料.pdf
   ✅ 保存: 8123_1500_川辺_社外取締役の異動に関するお知らせ.pdf
   ✅ 保存: 8123_1500_川辺_剰余金の配当に関するお知らせ.pdf
   ✅ 保存: 9932_1500_杉本商事_自己株式の消却に関するお知らせ.pdf
   ✅ 保存: 4045_1430_東亜合_取締役等に対する譲渡制限付株式報酬としての自己株式の処分の払込完了に関するお知らせ.pdf
   ...Page 004 を確認中
   ✅ 保存: 5803_1430_フジクラ_公認会計士等の異動に関するお知らせ.pdf
   ✅ 保存: 5803_1430_フジクラ_譲渡制限付株式報酬制度の導入に関するお知らせ.pdf
   ✅ 保存: 5803_1430_フジクラ_従業員持株会向け譲渡制限付株式インセンティブ制度の導入に関するお知らせ.pdf
   ✅ 保存: 5803_1430_フジクラ_株式報酬制度の継続に伴う自己株式の処分に関するお知らせ.pdf
   ✅ 保存: 5803_1430_フジクラ_株式報酬制度における株式取得に係る事項の決定に関するお知らせ.pdf
   ✅ 保存: 2653_1400_イオン九州_取締役及び執行役員の選任に関するお知らせ.pdf
   ✅ 保存: 3461_1400_パルマ_事業KPI 2026年9月期 4月度月次情報.pdf
   ✅ 保存: 5458_1400_高砂鉄_剰余金の配当に関するお知らせ.pdf
   ✅ 保存: 5966_1400_京都機械工具_完全子会社との合併契約締結に関するお知らせ.pdf
   ✅ 保存: 6366_1400_千代化建_(訂正)定款の一部変更に関するお知らせ.pdf
   ✅ 保存: 6655_1400_洋電機_資本金の額の減少に関するお知らせ.pdf
   ✅ 保存: 9444_1400_トーシンHD_株主による招集に係る臨時株主総会における 株主総会検査役の選任申立てに関するお知らせ.pdf
   ✅ 保存: 8746_1345_unbanked_定時株主総会の開催日時及び場所、付議議案並びに株主提案に対する当社取締役会の意見に関するお知らせ.pdf
   ✅ 保存: 1332_1330_ニッスイ_剰余金の配当に関するお知らせ.pdf
   ✅ 保存: 1332_1330_ニッスイ_(訂正・数値データ訂正)「2026年3月期 決算短信 〔日本基準〕(連結)」の一部訂正について.pdf
   ✅ 保存: 8103_1330_明和産_剰余金配当に関するお知らせ.pdf
   ✅ 保存: 8103_1330_明和産_「中期経営計画PI2028」策定のお知らせ.pdf
   ✅ 保存: 8103_1330_明和産_当社取締役等に対する業績連動型株式報酬制度の継続及び一部改定に関するお知らせ.pdf
   ✅ 保存: 3237_1300_G-イントランス_第28回定時株主総会の開催及び付議議案の決定に関するお知らせ.pdf
   ✅ 保存: 3433_1300_トーカロ_2026年3月期 決算説明会資料.pdf
   ✅ 保存: 4439_1300_東名_株式需給緩衝信託の設定に伴う当社株式の売却状況及び売却の完了に関するお知らせ.pdf
   ✅ 保存: 6272_1300_レオン自機_資本コストや株価を意識した経営の実現に向けた対応について(アップデート).pdf
   ✅ 保存: 6294_1300_オカダアイヨン_2026年3月期決算および新中期経営計画_Onxy_FY2026-FY2028.pdf
   ✅ 保存: 8367_1300_南都銀_(訂正)「中期経営計画の計数目標見直し資料」の一部訂正について.pdf
   ✅ 保存: 9067_1300_丸運_役員の人事異動について.pdf
   ✅ 保存: 1982_1230_日比谷設_機構改革及び役員の異動に関するお知らせ.pdf
   ✅ 保存: 4205_1230_日ゼオン_役員の異動に関するお知らせ.pdf
   ✅ 保存: 1326_1140_E-ワールド_SPDRゴールド・シェアに関する日々の開示事項.pdf
   ✅ 保存: 6573_1135_G-CRAVIA_主要株主の異動に関するお知らせ.pdf
   ✅ 保存: 296A_1130_G-令和AH_役員人事に関するお知らせ.pdf
   ✅ 保存: 4063_1130_信越化_一括取得型自己株式取得(Accelerated Share Repurchase)における事後調整完了のお知らせ.pdf
   ✅ 保存: 6561_1130_G-HANATOUR_月次業績速報 2026年4月.pdf
   ✅ 保存: 7036_1130_G-イーエムネットJ_東京証券取引所による「改善報告書」の提出及び「公表措置」の実施について.pdf
   ✅ 保存: 8887_1130_シーラHD_通期連結業績予想および期末配当予想の修正(増配)に関するお知らせ.pdf
   ✅ 保存: 4884_1115_G-クリングル_第三者割当により発行された第16回新株予約権(行使価額修正条項付)の大量行使に関するお知らせ.pdf
   ✅ 保存: 1966_1100_高田工業所_自己株式の取得状況及び取得終了に関するお知らせ.pdf
   ✅ 保存: 2780_1100_コメ兵HD_ブランド・ファッション事業の2027年3月期4月度月次に関するお知らせ.pdf
   ✅ 保存: 3450_1100_P-サトウ産業_支配株主等に関する事項について.pdf
   ✅ 保存: 3798_1030_ULSグループ_2026年3月期決算説明会資料.pdf
   ✅ 保存: 1430_1000_ファーストコーポ_一時取締役(監査等委員である取締役)の選任に関するお知らせ.pdf
   ✅ 保存: 1720_1000_東急建設_2026年3月期 決算説明会資料.pdf
   ✅ 保存: 4240_1000_クラスターT_2026年3月期 決算説明会資料.pdf
   ✅ 保存: 6525_1000_KOKUSAI_主要株主となる株主の異動に関するお知らせ.pdf
   ✅ 保存: 7610_1000_テイツー_自己株式立会外買付取引(ToSTNeT-3)による自己株式の取得結果及び取得終了に関するお知らせ.pdf
   ✅ 保存: 8219_1000_青山商_2026年3月期 決算説明会.pdf
   ✅ 保存: 4220_0930_リケンテクノス_2026年3月期 決算・経営概況説明会資料.pdf
   ✅ 保存: 4220_0930_リケンテクノス_2026年3月期 決算・経営概況説明会補足資料.pdf
   ✅ 保存: 4881_0900_G-ファンペップ_第13回新株予約権(行使価額修正条項付)の大量行使に関するお知らせ.pdf
   ✅ 保存: 4208_0830_UBE_UBE VISION 2030 TRANSFORMATION -2nd Stage- 経営概況説明.pdf
   ✅ 保存: 4208_0830_UBE_配当予想の修正に関するお知らせ.pdf
   ✅ 保存: 6059_0830_ウチヤマHD_資本金の額の減少に関するお知らせ.pdf
   ✅ 保存: 3556_0800_G-リネットジャパン_国際財務報告基準(IFRS)の任意適用に関するお知らせ.pdf
   ...Page 005 を確認中
   📝 一覧CSV保存: TDnet_Sorted_20260520.csv
   📝 一覧CSV保存（ルート）: TDnet_Sorted_20260520.csv
   📊 日別統計: page_access=5, pdf_success=348, excluded=22

============================================================
✅ ①完了（範囲取得）
   期間: 20260520 ～ 20260520 （mode=day）
   一覧ページアクセス合計: 5
   PDFダウンロード成功合計: 348
   除外件数合計: 22
   保存ルート: G:\マイドライブ\TDnet_Downloads

$ C:\Users\onok\AppData\Local\Python\pythoncore-3.14-64\python.exe -u ②a②bは２つフリーワード検索.py analyze --target 20260520 --save-root G:\マイドライブ\TDnet_Downloads --keywords 価格交渉 増産 価格改定 価格転嫁 値上 想定以上 上方修正 下方修正 想定以下 未達 大幅 計画を上 計画を下 計画以 需要回復 需要の回復 需要が増 需要が低 悪化 グローバルニッチトップ トップシェア シェア拡大 レアアース
ルート: G:\マイドライブ\TDnet_Downloads
対象指定: 20260520 mode= day from= 20260520 to= 20260520
対象フォルダ数: 1
検索キーワード: ['価格交渉', '増産', '価格改定', '価格転嫁', '値上', '想定以上', '上方修正', '下方修正', '想定以下', '未達', '大幅', '計画を上', '計画を下', '計画以', '需要回復', '需要の回復', '需要が増', '需要が低', '悪化', 'グローバルニッチトップ', 'トップシェア', 'シェア拡大', 'レアアース']
総PDF数（推定）: 348
[1/1] 日付フォルダ 20260520 を処理中... (このフォルダ内PDF数: 348)
  進捗: 50/348 件のPDFを解析済み
  進捗: 100/348 件のPDFを解析済み
  進捗: 150/348 件のPDFを解析済み
  進捗: 200/348 件のPDFを解析済み
  進捗: 250/348 件のPDFを解析済み
  進捗: 300/348 件のPDFを解析済み
  進捗: 348/348 件のPDFを解析済み
  → 日付フォルダ 20260520 のヒットPDF数: 61

✅ ②A 完了（解析専用・キーワード別ページ列）
解析PDF数: 348
ヒットPDF数: 61
出力CSV: Analysis_Hits_free_word_20260520.csv
保存先: G:\マイドライブ\TDnet_Downloads

$ C:\Users\onok\AppData\Local\Python\pythoncore-3.14-64\python.exe -u ②a②bは２つフリーワード検索.py distribute --target 20260520 --save-root G:\マイドライブ\TDnet_Downloads --no-stop-on-empty-meta

✅ ②B 完了（配布用CSV作成・キーワード別ページ列）
出力: PDF_Search_Result_Distribution_free_word_20260520_sh.csv
キーワード列: ['価格交渉', '増産', '価格改定', '価格転嫁', '値上', '想定以上', '上方修正', '下方修正', '想定以下', '未達', '大幅', '計画を上', '計画を下', '計画以', '需要回復', '需要の回復', '需要が増', '需要が低', '悪化', 'グローバルニッチトップ', 'トップシェア', 'シェア拡大', 'レアアース']
突合除外件数: 0
空欄アラート件数: 0

============================================
 Done: 2026-05-20 23:07:07
============================================
