============================================
 TDnet auto run: 20260622
 Start: 2026-06-22 17:20:31
============================================

$ C:\Users\onok\AppData\Local\Python\pythoncore-3.14-64\python.exe -u ①_tdnetアクセスしてダウンロードする処理（月日付別フォルダ保存）.py --target 20260622 --save-root G:\マイドライブ\TDnet_Downloads
🎯 対象指定: 20260622（mode=day, from=20260622, to=20260622）
📁 保存ルート: G:\マイドライブ\TDnet_Downloads

============================================================
📅 日付: 20260622 を処理します
   ...Page 001 を確認中
Traceback (most recent call last):
  File "C:\Users\onok\AppData\Local\Python\pythoncore-3.14-64\Lib\site-packages\urllib3\connection.py", line 204, in _new_conn
    sock = connection.create_connection(
        (self._dns_host, self.port),
    ...<2 lines>...
        socket_options=self.socket_options,
    )
  File "C:\Users\onok\AppData\Local\Python\pythoncore-3.14-64\Lib\site-packages\urllib3\util\connection.py", line 60, in create_connection
    for res in socket.getaddrinfo(host, port, family, socket.SOCK_STREAM):
               ~~~~~~~~~~~~~~~~~~^^^^^^^^^^^^^^^^^^^^^^^^^^^^^^^^^^^^^^^^
  File "C:\Users\onok\AppData\Local\Python\pythoncore-3.14-64\Lib\socket.py", line 983, in getaddrinfo
    for res in _socket.getaddrinfo(host, port, family, type, proto, flags):
               ~~~~~~~~~~~~~~~~~~~^^^^^^^^^^^^^^^^^^^^^^^^^^^^^^^^^^^^^^^^
socket.gaierror: [Errno 11001] getaddrinfo failed

The above exception was the direct cause of the following exception:

Traceback (most recent call last):
  File "C:\Users\onok\AppData\Local\Python\pythoncore-3.14-64\Lib\site-packages\urllib3\connectionpool.py", line 787, in urlopen
    response = self._make_request(
        conn,
    ...<10 lines>...
        **response_kw,
    )
  File "C:\Users\onok\AppData\Local\Python\pythoncore-3.14-64\Lib\site-packages\urllib3\connectionpool.py", line 488, in _make_request
    raise new_e
  File "C:\Users\onok\AppData\Local\Python\pythoncore-3.14-64\Lib\site-packages\urllib3\connectionpool.py", line 464, in _make_request
    self._validate_conn(conn)
    ~~~~~~~~~~~~~~~~~~~^^^^^^
  File "C:\Users\onok\AppData\Local\Python\pythoncore-3.14-64\Lib\site-packages\urllib3\connectionpool.py", line 1093, in _validate_conn
    conn.connect()
    ~~~~~~~~~~~~^^
  File "C:\Users\onok\AppData\Local\Python\pythoncore-3.14-64\Lib\site-packages\urllib3\connection.py", line 759, in connect
    self.sock = sock = self._new_conn()
                       ~~~~~~~~~~~~~~^^
  File "C:\Users\onok\AppData\Local\Python\pythoncore-3.14-64\Lib\site-packages\urllib3\connection.py", line 211, in _new_conn
    raise NameResolutionError(self.host, self, e) from e
urllib3.exceptions.NameResolutionError: HTTPSConnection(host='www.release.tdnet.info', port=443): Failed to resolve 'www.release.tdnet.info' ([Errno 11001] getaddrinfo failed)

The above exception was the direct cause of the following exception:

Traceback (most recent call last):
  File "C:\Users\onok\AppData\Local\Python\pythoncore-3.14-64\Lib\site-packages\requests\adapters.py", line 644, in send
    resp = conn.urlopen(
        method=request.method,
    ...<9 lines>...
        chunked=chunked,
    )
  File "C:\Users\onok\AppData\Local\Python\pythoncore-3.14-64\Lib\site-packages\urllib3\connectionpool.py", line 841, in urlopen
    retries = retries.increment(
        method, url, error=new_e, _pool=self, _stacktrace=sys.exc_info()[2]
    )
  File "C:\Users\onok\AppData\Local\Python\pythoncore-3.14-64\Lib\site-packages\urllib3\util\retry.py", line 535, in increment
    raise MaxRetryError(_pool, url, reason) from reason  # type: ignore[arg-type]
    ^^^^^^^^^^^^^^^^^^^^^^^^^^^^^^^^^^^^^^^^^^^^^^^^^^^
urllib3.exceptions.MaxRetryError: HTTPSConnectionPool(host='www.release.tdnet.info', port=443): Max retries exceeded with url: /inbs/I_list_001_20260622.html (Caused by NameResolutionError("HTTPSConnection(host='www.release.tdnet.info', port=443): Failed to resolve 'www.release.tdnet.info' ([Errno 11001] getaddrinfo failed)"))

During handling of the above exception, another exception occurred:

Traceback (most recent call last):
  File "C:\Users\onok\Desktop\開発\tdnet_get\①_tdnetアクセスしてダウンロードする処理（月日付別フォルダ保存）.py", line 452, in <module>
    main()
    ~~~~^^
  File "C:\Users\onok\Desktop\開発\tdnet_get\①_tdnetアクセスしてダウンロードする処理（月日付別フォルダ保存）.py", line 309, in main
    res = session.get(target_url, headers=headers, cookies=cookies, timeout=60)
  File "C:\Users\onok\AppData\Local\Python\pythoncore-3.14-64\Lib\site-packages\requests\sessions.py", line 602, in get
    return self.request("GET", url, **kwargs)
           ~~~~~~~~~~~~^^^^^^^^^^^^^^^^^^^^^^
  File "C:\Users\onok\AppData\Local\Python\pythoncore-3.14-64\Lib\site-packages\requests\sessions.py", line 589, in request
    resp = self.send(prep, **send_kwargs)
  File "C:\Users\onok\AppData\Local\Python\pythoncore-3.14-64\Lib\site-packages\requests\sessions.py", line 703, in send
    r = adapter.send(request, **kwargs)
  File "C:\Users\onok\AppData\Local\Python\pythoncore-3.14-64\Lib\site-packages\requests\adapters.py", line 677, in send
    raise ConnectionError(e, request=request)
requests.exceptions.ConnectionError: HTTPSConnectionPool(host='www.release.tdnet.info', port=443): Max retries exceeded with url: /inbs/I_list_001_20260622.html (Caused by NameResolutionError("HTTPSConnection(host='www.release.tdnet.info', port=443): Failed to resolve 'www.release.tdnet.info' ([Errno 11001] getaddrinfo failed)"))

============================================
 FAILED: Command '['C:\\Users\\onok\\AppData\\Local\\Python\\pythoncore-3.14-64\\python.exe', '-u', '①_tdnetアクセスしてダウンロードする処理（月日付別フォルダ保存）.py', '--target', '20260622', '--save-root', 'G:\\マイドライブ\\TDnet_Downloads']' returned non-zero exit status 1.
 End: 2026-06-22 17:20:34
============================================
