============================================
 TDnet auto run: 20260508
 Start: 2026-05-08 23:00:01
============================================

$ C:\Users\onok\AppData\Local\Python\pythoncore-3.14-64\python.exe -u ①_tdnetアクセスしてダウンロードする処理（月日付別フォルダ保存）.py --target 20260508 --save-root G:\マイドライブ\TDnet_Downloads
🎯 対象指定: 20260508（mode=day, from=20260508, to=20260508）
📁 保存ルート: G:\マイドライブ\TDnet_Downloads

============================================================
📅 日付: 20260508 を処理します
   ...Page 001 を確認中
   ✅ 保存: 4071_1930_プラスアルファ_主要株主の異動に関するお知らせ.pdf
   ✅ 保存: 3681_1900_ブイキューブ_スポンサー基本契約に基づく最終契約の交渉状況に関するお知らせ.pdf
   ✅ 保存: 7267_1900_ホンダ_当社業績等に関する一部報道について.pdf
   ✅ 保存: 9238_1815_G-バリューC_取引先との取引停止に関するお知らせ.pdf
   ✅ 保存: 9238_1815_G-バリューC_特別調査委員会の調査報告書(公表版)の公表及び今後の対応に関するお知らせ.pdf
   ✅ 保存: 2678_1800_アスクル_その他の関係会社の決算に関するお知らせ.pdf
   ✅ 保存: 8158_1750_ソーダニッカ_(訂正)「2026年3月期 決算説明資料」の一部訂正.pdf
   ✅ 保存: 2499_1745_日本和装_資金流出事案の発生に関するお知らせ.pdf
   ✅ 保存: 6877_1745_OBARA-G_2028年満期ユーロ円建取得条項付転換社債型新株予約権付社債の転換価額の調整に関するお知らせ.pdf
   ✅ 保存: 3083_1730_スターシーズ_(訂正・数値データ訂正)「2026年2月期 決算短信〔日本基準〕(連結)」の一部訂正について.pdf
   ✅ 保存: 9900_1710_サガミHD_役員人事に関するお知らせ.pdf
   ✅ 保存: 4335_1705_IPSHD_2026年6月期 第3四半期決算短信〔日本基準〕(連結).pdf
   ✅ 保存: 7211_1705_三菱自_2026年3月期 決算短信〔日本基準〕(連結).pdf
   ✅ 保存: 7211_1705_三菱自_通期業績予想と実績との差異に関するお知らせ.pdf
   ✅ 保存: 2160_1700_G-GNI_当社子会社Gyre Therapeuticsによる2026年度第1四半期の決算概要および事業ハイライトについて.pdf
   ✅ 保存: 3135_1700_マーケットエンター_当社株式の貸借銘柄選定に関するお知らせ.pdf
   ✅ 保存: 3547_1700_ユニシアHD_月次速報(2026年4月度).pdf
   ✅ 保存: 3983_1700_オロ_自己株式の取得状況に関するお知らせ.pdf
   ✅ 保存: 441A_1700_G-NE_当社株式の貸借銘柄選定に関するお知らせ.pdf
   ✅ 保存: 4564_1700_G-OTS_2026年3月期決算短信〔日本基準〕(連結).pdf
   ✅ 保存: 4564_1700_G-OTS_営業外費用等の発生に関するお知らせ.pdf
   ✅ 保存: 4564_1700_G-OTS_2026年3月期連結業績と前期実績との差異に関するお知らせ.pdf
   ✅ 保存: 4813_1700_ACCESS_(訂正)「譲渡制限付株式報酬としての自己株式の処分に関するお知らせ」の一部訂正について.pdf
   ✅ 保存: 5038_1700_G-eWeLL_自己株式の取得状況に関するお知らせ.pdf
   ✅ 保存: 5262_1700_日ヒューム_新中期経営計画26-30計画NEXT100策定のお知らせ.pdf
   ✅ 保存: 6877_1700_OBARA-G_2026年9月期第2四半期(中間期)決算短信〔日本基準〕(連結).pdf
   ✅ 保存: 9890_1700_マキヤ_2027年3月期 月次売上速報(4月度)のお知らせ.pdf
   ✅ 保存: 9973_1700_KOZOHD_2026年12月期 4月度月次前年比データ(速報値)についてのお知らせ.pdf
   ✅ 保存: 9973_1700_KOZOHD_2026年12月期 第1四半期決算短信〔日本基準〕(連結).pdf
   ✅ 保存: 4970_1650_東洋合成_2026年3月期 業績予想値と実績値との差異に関するお知らせ.pdf
   ✅ 保存: 4970_1650_東洋合成_2026年3月期 決算短信〔日本基準〕(非連結).pdf
   ✅ 保存: 4970_1650_東洋合成_役員の異動に関するお知らせ.pdf
   ✅ 保存: 4970_1650_東洋合成_当社株式の大規模買付行為に関する対応方針(買収への対応方針)の継続について.pdf
   ✅ 保存: 4059_1645_まぐまぐ_福岡証券取引所への重複上場申請に関する取締役会決議のお知らせ.pdf
   ✅ 保存: 4168_1645_G-ヤプリ_譲渡制限付株式としての自己株式の処分の払込完了に関するお知らせ.pdf
   ✅ 保存: 7399_1645_ナンシン_2026年3月期決算短信〔日本基準〕(連結).pdf
   ✅ 保存: 7399_1645_ナンシン_自己株式の取得及び自己株式立会外買付取引(ToSTNeT‐3)による 自己株式の買付に関するお知らせ.pdf
   ✅ 保存: 7980_1645_重松製作_2026年3月期 決算短信〔日本基準〕(非連結).pdf
   ✅ 保存: 7980_1645_重松製作_役員の異動に関するお知らせ.pdf
   ✅ 保存: 9444_1645_トーシンHD_「株式会社トーシンホールディングス 再建計画」について.pdf
   ✅ 保存: 9444_1645_トーシンHD_会社更生手続開始の申立て及び開始決定並びに再建計画の提示等に関するお知らせ.pdf
   ✅ 保存: 9444_1645_トーシンHD_決算期(事業年度の末日)の変更に関するお知らせ.pdf
   ✅ 保存: 3823_1640_WHY HOW DO_株式会社コーウェルの簡易株式交換による完全子会社化における株式交換比率決定に関するお知らせ.pdf
   ✅ 保存: 3352_1630_バッファロー_2026年3月期 決算短信〔日本基準〕(連結).pdf
   ✅ 保存: 3352_1630_バッファロー_個別業績の前期実績値との差異に関するお知らせ.pdf
   ✅ 保存: 7273_1630_イクヨ_株式取得(子会社化)に関するお知らせ.pdf
   ✅ 保存: 7273_1630_イクヨ_特別利益(投資有価証券売却益)の計上見込みに関するお知らせ.pdf
   ✅ 保存: 7273_1630_イクヨ_自己株式の取得状況に関するお知らせ.pdf
   ✅ 保存: 7442_1630_中山福_2026年3月期 決算短信〔日本基準〕(連結).pdf
   ✅ 保存: 7442_1630_中山福_剰余金の配当(増配)に関するお知らせ.pdf
   ✅ 保存: 7442_1630_中山福_役員その他の異動に関するお知らせ.pdf
   ✅ 保存: 7442_1630_中山福_自己株式の取得及び自己株式立会外買付取引(ToSTNeT-3)による自己株式の買付けに関するお知らせ.pdf
   ✅ 保存: 7578_1630_ニチリョク_第3回新株予約権の取得及び消却の完了並びに新株式、新株予約権付社債及び新株予約権の発行の払込完了に関するお知らせ.pdf
   ✅ 保存: 7578_1630_ニチリョク_非上場の親会社等の決算に関するお知らせ.pdf
   ✅ 保存: 8001_1630_伊藤忠_当社子会社(プリマハム株式会社)の個別業績の前期実績との差異に関するお知らせ.pdf
   ✅ 保存: 8103_1630_明和産_自己株式の取得状況に関するお知らせ.pdf
   ✅ 保存: 8798_1630_アドバンスクリエイト_第三者委員会設置、2026年9月期第2四半期決算発表の延期及び半期報告書の提出期限延長申請の検討に関するお知らせ.pdf
   ✅ 保存: 9341_1630_GENOVA_業績予想の修正に関するお知らせ.pdf
   ✅ 保存: 9706_1630_日空ビル_2026年3月期決算短信〔日本基準〕(連結).pdf
   ✅ 保存: 9706_1630_日空ビル_剰余金の配当(増配)に関するお知らせ.pdf
   ✅ 保存: 9706_1630_日空ビル_中期経営計画の策定に関するお知らせ.pdf
   ✅ 保存: 9969_1630_ショクブン_通期業績予想の修正に関するお知らせ.pdf
   ✅ 保存: 4390_1615_ips_2026年3月期 決算短信〔日本基準〕(連結).pdf
   ✅ 保存: 4390_1615_ips_2026年3月期 決算説明補足資料.pdf
   ✅ 保存: 4390_1615_ips_2026年3月期連結業績予想数値と実績値の差異に関するお知らせ.pdf
   ✅ 保存: 6158_1615_和井田_2026年3月期決算短信〔日本基準〕(連結).pdf
   ✅ 保存: 6758_1615_ソニーグループ_ソニーセミコンダクタソリューションズとTSMCとの次世代イメージセンサーに関する戦略的提携に向けた基本合意のお知らせ.pdf
   ✅ 保存: 6629_1610_テクノホライゾン_2026年3月期 決算短信〔日本基準〕(連結).pdf
   ✅ 保存: 6629_1610_テクノホライゾン_2026年3月期 決算説明資料.pdf
   ✅ 保存: 9143_1610_SGホールディングス_2026年3月期決算短信〔日本基準〕(連結).pdf
   ✅ 保存: 9143_1610_SGホールディングス_2026年3月期決算説明資料.pdf
   ✅ 保存: 1518_1600_三井松島HD_自己株式取得状況に関するお知らせ.pdf
   ✅ 保存: 206A_1600_G-PRISMBio_PepMetics技術ライブラリー化合物群の米国における特許査定のお知らせ.pdf
   ✅ 保存: 2112_1600_塩水糖_中期経営計画の策定に関するお知らせ.pdf
   ✅ 保存: 2112_1600_塩水糖_2026年3月期決算短信〔日本基準〕(連結).pdf
   ✅ 保存: 2112_1600_塩水糖_役員の異動に関するお知らせ.pdf
   ✅ 保存: 2112_1600_塩水糖_剰余金の配当及び配当政策の変更(中間配当の実施)に関するお知らせ.pdf
   ✅ 保存: 2139_1600_中広_2026年3月期 決算短信〔日本基準〕(連結).pdf
   ✅ 保存: 2139_1600_中広_2026年3月期 決算補足説明資料.pdf
   ✅ 保存: 2139_1600_中広_通期個別業績予想と実績との差異に関するお知らせ.pdf
   ✅ 保存: 2653_1600_イオン九州_第27回新株予約権(株式報酬型ストックオプション)の発行価額確定について.pdf
   ✅ 保存: 2780_1600_コメ兵HD_業績予想の修正に関するお知らせ.pdf
   ✅ 保存: 303A_1600_G-visumo_2026年3月期 通期決算説明資料.pdf
   ✅ 保存: 303A_1600_G-visumo_2026年3月期 決算短信〔日本基準〕(非連結).pdf
   ✅ 保存: 3046_1600_JINSHD_2026年4月度(2026年8月期)月次売上状況(速報)等について.pdf
   ✅ 保存: 311A_1600_P-NPT_資本金の額及び資本準備金の額の減少に関するお知らせ.pdf
   ✅ 保存: 311A_1600_P-NPT_定款一部変更に関するお知らせ.pdf
   ✅ 保存: 3399_1600_山岡家_2027年1月期4月度売上高速報及び概況等について.pdf
   ✅ 保存: 3958_1600_笹徳印刷_自己株式の取得状況に関するお知らせ.pdf
   ✅ 保存: 4559_1600_ゼリア新薬_2026年3月期 決算短信〔日本基準〕(連結).pdf
   ✅ 保存: 4559_1600_ゼリア新薬_剰余金の配当(増配)に関するお知らせ.pdf
   ✅ 保存: 4559_1600_ゼリア新薬_取締役候補者の選任に関するお知らせ.pdf
   ✅ 保存: 4563_1600_G-アンジェス_2026年12月期第1四半期決算短信〔日本基準〕(連結).pdf
   ✅ 保存: 4563_1600_G-アンジェス_営業外収益、営業外費用及び法人税等調整額の計上に関するお知らせ.pdf
   ✅ 保存: 4572_1600_G-カルナバイオ_2026年12月期第1四半期決算短信〔日本基準〕(連結).pdf
   ✅ 保存: 4572_1600_G-カルナバイオ_2026年第1四半期決算説明資料.pdf
   ✅ 保存: 4572_1600_G-カルナバイオ_営業外費用及び特別損失の計上に関するお知らせ.pdf
   ✅ 保存: 4674_1600_クレスコ_期末配当予想の修正(増配)に関するお知らせ.pdf
   ✅ 保存: 4674_1600_クレスコ_自己株式取得に係る事項の決定及び自己株式の消却に関するお知らせ.pdf
   ...Page 002 を確認中
   ✅ 保存: 4674_1600_クレスコ_2026年3月期決算短信〔日本基準〕(連結).pdf
   ✅ 保存: 4958_1600_長谷川香_2026年9月期 第2四半期(中間期)決算短信〔日本基準〕(連結).pdf
   ✅ 保存: 4958_1600_長谷川香_役員の担当変更に関するお知らせ.pdf
   ✅ 保存: 5284_1600_ヤマウHD_2026年3月期 決算短信〔日本基準〕(連結).pdf
   ✅ 保存: 5284_1600_ヤマウHD_2026年3月期 決算説明資料.pdf
   ✅ 保存: 5284_1600_ヤマウHD_配当予想の修正に関するお知らせ.pdf
   ✅ 保存: 5284_1600_ヤマウHD_役員人事内定に関するお知らせ.pdf
   ✅ 保存: 5484_1600_東北鋼_支配株主等に関する事項について.pdf
   ✅ 保存: 5994_1600_ファインシンター_(訂正)「連結子会社の事業停止及び事業停止に伴う特別損失の計上に関するお知らせ」の一部訂正について.pdf
   ✅ 保存: 5994_1600_ファインシンター_通期連結業績予想の修正及び特別損失の計上に関するお知らせ.pdf
   ✅ 保存: 6036_1600_KeePer技研_キーパーラボ運営事業とキーパー製品等関連事業の月次速報(4月).pdf
   ✅ 保存: 6088_1600_シグマクシスHD_2026年3月期 決算短信〔日本基準〕(連結).pdf
   ✅ 保存: 6088_1600_シグマクシスHD_2026年3月期 決算補足資料.pdf
   ✅ 保存: 6088_1600_シグマクシスHD_特別損失の計上に関するお知らせ.pdf
   ✅ 保存: 6088_1600_シグマクシスHD_自己株式取得に係る事項の決定に関するお知らせ.pdf
   ✅ 保存: 6147_1600_ヤマザキ_資本金の額の減少及び剰余金の処分に関するお知らせ.pdf
   ✅ 保存: 6147_1600_ヤマザキ_2026年3月期 決算短信〔日本基準〕(連結).pdf
   ✅ 保存: 6264_1600_マルマエ_新株式発行及び自己株式の処分並びに株式の売出しに関するお知らせ.pdf
   ✅ 保存: 6413_1600_理想科学_2026年3月期 決算短信〔日本基準〕(連結).pdf
   ✅ 保存: 6413_1600_理想科学_自己株式取得に係る事項の決定に関するお知らせ.pdf
   ✅ 保存: 6565_1600_ABホテル_2026年3月期 決算短信〔日本基準〕(非連結).pdf
   ✅ 保存: 6565_1600_ABホテル_中期経営計画の見直しに関するお知らせ.pdf
   ✅ 保存: 6662_1600_ユビテック_2026年6月期第3四半期決算短信〔日本基準〕(連結).pdf
   ✅ 保存: 6804_1600_ホシデン_2026年3月期決算短信〔日本基準〕(連結).pdf
   ✅ 保存: 6804_1600_ホシデン_剰余金の配当に関するお知らせ.pdf
   ✅ 保存: 6840_1600_AKIBA_2026年3月期通期連結業績予想の修正及び営業外収益(為替差益)の計上に関するお知らせ.pdf
   ✅ 保存: 6875_1600_メガチップス_自己株式の取得状況に関するお知らせ.pdf
   ✅ 保存: 6901_1600_沢藤電_2026年3月期 決算短信〔日本基準〕(連結).pdf
   ✅ 保存: 6901_1600_沢藤電_業績予想と実績値との差異に関するお知らせ.pdf
   ✅ 保存: 7140_1600_G-ペットゴー_通期業績予想の修正に関するお知らせ.pdf
   ✅ 保存: 7224_1600_新明和工_2026年3月期 期末配当予想の修正(増配)に関するお知らせ.pdf
   ✅ 保存: 7224_1600_新明和工_2026年3月期 決算短信〔日本基準〕(連結).pdf
   ✅ 保存: 7224_1600_新明和工_2026年3月期 決算説明資料.pdf
   ✅ 保存: 7917_1600_ZACROS_2026年3月期 決算短信〔日本基準〕(連結).pdf
   ✅ 保存: 7917_1600_ZACROS_2026年3月期決算補足説明資料.pdf
   ✅ 保存: 7918_1600_ヴィアHD_2026年4月度 月次速報.pdf
   ✅ 保存: 8025_1600_ツカモト_業績予想の修正に関するお知らせ.pdf
   ✅ 保存: 8052_1600_椿本興_2026年3月期 決算短信〔日本基準〕(連結).pdf
   ✅ 保存: 8052_1600_椿本興_剰余金の配当および記念配当に関するお知らせ.pdf
   ✅ 保存: 8052_1600_椿本興_2026年3月期 決算補足説明資料.pdf
   ✅ 保存: 8052_1600_椿本興_従業員持株会向け譲渡制限付株式インセンティブとしての自己株式の処分に関するお知らせ.pdf
   ✅ 保存: 8052_1600_椿本興_役員の異動に関するお知らせ.pdf
   ✅ 保存: 8052_1600_椿本興_中期経営計画『ATOM2028』策定に関するお知らせ.pdf
   ✅ 保存: 8113_1600_ユニチャーム_2026年12月期 第1四半期決算短信〔IFRS〕(連結).pdf
   ✅ 保存: 8113_1600_ユニチャーム_2026年12月期 第1四半期決算説明資料.pdf
   ✅ 保存: 8131_1600_ミツウロコGHD_2026年3月期 決算短信〔日本基準〕(連結).pdf
   ✅ 保存: 8131_1600_ミツウロコGHD_新任取締役候補者の選任および取締役の退任に関するお知らせ.pdf
   ✅ 保存: 8137_1600_サンワテクノス_2026年3月期 決算短信〔日本基準〕(連結).pdf
   ✅ 保存: 8137_1600_サンワテクノス_2026年3月期 決算発表補足資料.pdf
   ✅ 保存: 8137_1600_サンワテクノス_剰余金の配当(増配)に関するお知らせ.pdf
   ✅ 保存: 8202_1600_ラオックスHD_2026年12月期 第1四半期決算短信〔日本基準〕(連結).pdf
   ✅ 保存: 8996_1600_ハウスフリーダム_2026年12月期 第1四半期決算短信〔日本基準〕(連結).pdf
   ✅ 保存: 9339_1600_コーチ・エィ_2026年12月期 第1四半期決算短信〔日本基準〕(連結).pdf
   ✅ 保存: 9339_1600_コーチ・エィ_2026年12月期 第1四半期決算説明資料.pdf
   ✅ 保存: 9376_1600_ユーラシア_2026年9月期 第2四半期(中間期)決算短信〔日本基準〕(連結).pdf
   ✅ 保存: 9413_1600_テレ東HD_2026年3月期 決算短信〔日本基準〕(連結).pdf
   ✅ 保存: 9413_1600_テレ東HD_2026年3月期 通期 決算補足資料.pdf
   ✅ 保存: 9413_1600_テレ東HD_2025-27中期経営計画の上方修正及び株主還元の強化について.pdf
   ✅ 保存: 9421_1600_エヌジェイHD_2026年6月期 第3四半期決算短信〔日本基準〕(連結).pdf
   ✅ 保存: 9702_1600_アイエスビー_2026年12月期 第1四半期決算短信〔日本基準〕(連結).pdf
   ✅ 保存: 9702_1600_アイエスビー_2026年12月期 第1四半期決算説明資料.pdf
   ✅ 保存: 9827_1600_リリカラ_財務上の特約が付されたシンジケートローン契約の締結について.pdf
   ✅ 保存: 3434_1545_アルファCo_通期業績予想の修正に関するお知らせ.pdf
   ✅ 保存: 7509_1545_アイエーG_2026年3月期 決算短信〔日本基準〕(連結).pdf
   ✅ 保存: 7509_1545_アイエーG_役員人事に関するお知らせ.pdf
   ✅ 保存: 7509_1545_アイエーG_社員持株会を通じた「特別奨励金スキーム」の実施に伴う自己株式処分のお知らせ.pdf
   ✅ 保存: 2282_1540_日ハム_2026年3月期決算短信〔IFRS〕(連結).pdf
   ✅ 保存: 2282_1540_日ハム_決算説明会資料~2026年3月期 第4四半期~.pdf
   ✅ 保存: 2282_1540_日ハム_株式分割及び株式分割に伴う定款の一部変更、並びに株主優待制度の一部変更に関するお知らせ.pdf
   ✅ 保存: 2282_1540_日ハム_自己株式の取得枠設定に関するお知らせ.pdf
   ✅ 保存: 3712_1540_情報企画_2026年9月期 第2四半期(中間期)決算短信〔日本基準〕(連結).pdf
   ✅ 保存: 4769_1540_IC_2026年9月期 第2四半期(中間期)決算短信〔日本基準〕(連結).pdf
   ✅ 保存: 4769_1540_IC_2026年9月期第2四半期(中間期)の連結業績予想及び個別業績予想と実績値との差異に関するお知らせ.pdf
   ✅ 保存: 7875_1540_竹田iP_配当予想の修正(増配)に関するお知らせ.pdf
   ✅ 保存: 7950_1540_デコラックス_公益財団法人財務会計基準機構への加入状況について.pdf
   ✅ 保存: 7950_1540_デコラックス_2026年3月期 決算短信〔日本基準〕(非連結).pdf
   ✅ 保存: 9753_1540_IXナレッジ_2026年3月期決算短信〔日本基準〕(連結).pdf
   ✅ 保存: 9753_1540_IXナレッジ_2026年3月期連結決算補足説明資料.pdf
   ✅ 保存: 6327_1535_北川精機_2026年6月期 第3四半期決算短信〔日本基準〕(連結).pdf
   ✅ 保存: 410A_1531_G-GMOコマース_自己株式の取得状況に関するお知らせ.pdf
   ✅ 保存: 7177_1531_GMOFHD_2026年4月の月次開示情報(速報)に関するお知らせ.pdf
   ✅ 保存: 9449_1531_GMO_自己株式の取得状況に関するお知らせ.pdf
   ✅ 保存: 137A_1530_G-Cocolive_自己株式の取得状況に関するお知らせ.pdf
   ✅ 保存: 1382_1530_ホーブ_2026年6月期第3四半期決算短信〔日本基準〕(連結).pdf
   ✅ 保存: 1414_1530_ショーボンド_自己株式の取得状況に関するお知らせ.pdf
   ✅ 保存: 1429_1530_日本アクア_2026年12月期第1四半期決算短信〔日本基準〕(非連結).pdf
   ✅ 保存: 1429_1530_日本アクア_2026年12月期第1四半期決算説明会資料.pdf
   ✅ 保存: 1429_1530_日本アクア_現下の中東情勢が当社の事業及び業績に与える影響について.pdf
   ✅ 保存: 1450_1530_TANAKEN_2026年3月期 決算短信〔日本基準〕(非連結).pdf
   ✅ 保存: 1450_1530_TANAKEN_2026年3月期 決算説明資料.pdf
   ✅ 保存: 1450_1530_TANAKEN_剰余金の配当に関するお知らせ.pdf
   ✅ 保存: 1450_1530_TANAKEN_役員人事に関するお知らせ.pdf
   ✅ 保存: 1450_1530_TANAKEN_中期経営計画策定に関するお知らせ.pdf
   ✅ 保存: 151A_1530_G-ダイブ_2026年6月期 第3四半期(中間期)決算短信〔日本基準〕(非連結).pdf
   ✅ 保存: 151A_1530_G-ダイブ_2026年6月期 第3四半期決算説明資料.pdf
   ✅ 保存: 151A_1530_G-ダイブ_「2026年6月期 第3四半期 決算説明資料」に関する動画書き起こし.pdf
   ✅ 保存: 151A_1530_G-ダイブ_2026年6月期 第3四半期決算において高い関心が予想される事項.pdf
   ✅ 保存: 1720_1530_東急建設_「長期経営計画 “To zero, from zero.”」のローリングに関するお知らせ.pdf
   ✅ 保存: 1720_1530_東急建設_2026年3月期 決算短信〔日本基準〕(連結).pdf
   ✅ 保存: 1776_1530_三住道路_三井住友建設株式会社による当社株式に係る株式売渡請求を行うことの決定、当該株式売渡請求に係る承認及び当社株式の上場廃止に関するお知らせ.pdf
   ...Page 003 を確認中
   ✅ 保存: 1893_1530_五洋建_2026年3月期決算短信〔日本基準〕(連結).pdf
   ✅ 保存: 1893_1530_五洋建_「中期経営計画(2026~28年度)」の策定に関するお知らせ.pdf
   ✅ 保存: 1893_1530_五洋建_剰余金の配当に関するお知らせ.pdf
   ✅ 保存: 1893_1530_五洋建_取締役候補者の選任に関するお知らせ.pdf
   ✅ 保存: 1893_1530_五洋建_役員報酬制度の改定に伴う業績連動型株式報酬制度の一部改定に関するお知らせ.pdf
   ✅ 保存: 1893_1530_五洋建_自己株式取得に係る事項の決定に関するお知らせ.pdf
   ✅ 保存: 1893_1530_五洋建_従業員向け株式給付信託(J-ESOP)の導入に関するお知らせ.pdf
   ✅ 保存: 205A_1530_G-ロゴスHD_2026年4月度 受注速報.pdf
   ✅ 保存: 2060_1530_フィード・ワン_2026年3月期 決算短信〔日本基準〕(連結).pdf
   ✅ 保存: 2060_1530_フィード・ワン_2026年3月期 通期決算補足説明資料.pdf
   ✅ 保存: 2156_1530_セーラー広告_法人税等調整額の計上および通期連結業績予想の修正に関するお知らせ.pdf
   ✅ 保存: 215A_1530_G-タイミー_よくある質問と回答(2026年5月).pdf
   ✅ 保存: 215A_1530_G-タイミー_自己株式の取得状況及び取得終了に関するお知らせ.pdf
   ✅ 保存: 2206_1530_グリコ_自己株式の取得状況に関するお知らせ.pdf
   ✅ 保存: 2206_1530_グリコ_2026年12月期第1四半期決算短信〔日本基準〕(連結).pdf
   ✅ 保存: 2267_1530_ヤクルト_自己株式の取得状況に関するお知らせ.pdf
   ✅ 保存: 2281_1530_プリマハム_2026年3月期 決算短信〔日本基準〕(連結).pdf
   ✅ 保存: 2281_1530_プリマハム_特別損失(減損損失)の計上に関するお知らせ.pdf
   ✅ 保存: 228A_1530_G-オプロ_自己株式の取得状況に関するお知らせ.pdf
   ✅ 保存: 2337_1530_いちご_いちご太陽光および風力発電所 月次発電実績(2026年4月)のお知らせ.pdf
   ✅ 保存: 2378_1530_ルネサンス_2026年3月期 決算短信〔日本基準〕(連結).pdf
   ✅ 保存: 2378_1530_ルネサンス_特別損失、法人税等調整額(益)の計上及び通期連結業績予想と実績値との差異並びに役員賞与の減額に関するお知らせ.pdf
   ✅ 保存: 2378_1530_ルネサンス_2026年3月期 決算説明資料.pdf
   ✅ 保存: 2378_1530_ルネサンス_中期経営計画の見直し及び策定に関するお知らせ.pdf
   ✅ 保存: 2378_1530_ルネサンス_代表取締役及び取締役の異動に関するお知らせ.pdf
   ✅ 保存: 2432_1530_ディーエヌエー_自己株式取得状況に関するお知らせ(2026年4月度).pdf
   ✅ 保存: 2485_1530_ティア_業績予想修正に関するお知らせ.pdf
   ✅ 保存: 2503_1530_キリンHD_自己株式の取得状況に関するお知らせ.pdf
   ✅ 保存: 2681_1530_ゲオHD_特別利益及び特別損失の計上並びに通期連結業績予想値と実績値との差異に関するお知らせ.pdf
   ✅ 保存: 2681_1530_ゲオHD_2026年3月期 決算短信〔日本基準〕(連結).pdf
   ✅ 保存: 2681_1530_ゲオHD_2026年3月期 決算説明資料.pdf
   ✅ 保存: 2681_1530_ゲオHD_剰余金の配当に関するお知らせ.pdf
   ✅ 保存: 2693_1530_YKT_2026年12月期 第1四半期決算短信[日本基準](連結).pdf
   ✅ 保存: 2705_1530_大戸屋HD_2026年4月度の月次売上高等に係る昨年対比増減率について.pdf
   ✅ 保存: 2705_1530_大戸屋HD_通期連結業績予想と実績値との差異に関するお知らせ.pdf
   ✅ 保存: 2705_1530_大戸屋HD_剰余金の配当(増配)に関するお知らせ.pdf
   ✅ 保存: 2705_1530_大戸屋HD_2026年3月期決算短信〔日本基準〕(連結).pdf
   ✅ 保存: 2735_1530_ワッツ_2026年8月期4月度 月次売上高対前年同月比及び店舗数推移に関するお知らせ.pdf
   ✅ 保存: 2782_1530_セリア_2026年3月期 決算短信〔日本基準〕(非連結).pdf
   ✅ 保存: 2790_1530_ナフコ_2026年3月期通期業績予想と実績の差異に関するお知らせ.pdf
   ✅ 保存: 2790_1530_ナフコ_2026年3月期決算短信〔日本基準〕(非連結).pdf
   ✅ 保存: 2914_1530_JT_2026年12月期 第1四半期決算短信〔IFRS〕(連結).pdf
   ✅ 保存: 2914_1530_JT_2026年度 第1四半期 決算説明会資料(CFOプレゼンテーション).pdf
   ✅ 保存: 3082_1530_きちりHD_自己株式取得状況に関するお知らせ.pdf
   ✅ 保存: 3082_1530_きちりHD_20250206_2026年04月度 月次売上高等前年同月比についてのお知らせ.pdf
   ✅ 保存: 3097_1530_物語コーポ_2026年6月期 第3四半期決算短信〔日本基準〕(連結).pdf
   ✅ 保存: 3097_1530_物語コーポ_2026年6月期 第3四半期決算補足資料.pdf
   ✅ 保存: 3109_1530_シキボウ_業績予想の修正に関するお知らせ.pdf
   ✅ 保存: 3166_1530_OCHI・HD_2026年3月期 決算短信〔日本基準〕(連結).pdf
   ✅ 保存: 3166_1530_OCHI・HD_中期経営計画の数値目標の修正に関するお知らせ.pdf
   ✅ 保存: 3167_1530_TOKAI HD_2026年3月期 決算短信〔日本基準〕(連結).pdf
   ✅ 保存: 3167_1530_TOKAI HD_2026 年3 月期 決算について.pdf
   ✅ 保存: 3167_1530_TOKAI HD_TOKAIグループ「中期経営計画2028」について.pdf
   ✅ 保存: 3178_1530_チムニー_2026年4月度 月次売上・出店状況について.pdf
   ✅ 保存: 3197_1530_すかいらーくHD_譲渡制限付株式報酬としての自己株式の処分の払込完了に関するお知らせ.pdf
   ✅ 保存: 3197_1530_すかいらーくHD_2026年4月度 すかいらーくグループIRレポート.pdf
   ✅ 保存: 3221_1530_ヨシックスHD_2026年3月期 決算短信〔日本基準〕(連結).pdf
   ✅ 保存: 3221_1530_ヨシックスHD_通期連結業績予想と実績値との差異に関するお知らせ.pdf
   ✅ 保存: 3221_1530_ヨシックスHD_2026年3月期 決算説明資料.pdf
   ✅ 保存: 3238_1530_セントラル総_2026年3月期 決算短信[日本基準](連結).pdf
   ✅ 保存: 3238_1530_セントラル総_2026年3月期通期連結業績予想と実績との差異及び配当予想の修正に関するお知らせ.pdf
   ✅ 保存: 3252_1530_地主_2026年12月期 第1四半期決算短信〔日本基準〕(連結).pdf
   ✅ 保存: 3252_1530_地主_2026年12月期 第1四半期決算説明資料.pdf
   ✅ 保存: 3271_1530_グロバル社_2026年6月期 第3四半期決算短信〔日本基準〕(連結).pdf
   ✅ 保存: 3271_1530_グロバル社_臨時株主総会招集のための基準日設定に関するお知らせ.pdf
   ✅ 保存: 3286_1530_トラストHD_業績予想の修正に関するお知らせ.pdf
   ✅ 保存: 3286_1530_トラストHD_2026年6月期 第3四半期決算短信〔日本基準〕(連結).pdf
   ✅ 保存: 3302_1530_帝繊維_2026年12月期 第1四半期決算短信〔日本基準〕(連結).pdf
   ✅ 保存: 3386_1530_コスモ・バイオ_2026年12月期 第1四半期決算短信〔日本基準〕(連結).pdf
   ✅ 保存: 3486_1530_グローバルリンクM_譲渡制限付株式報酬としての自己株式処分の払込完了及び一部失権に関するお知らせ.pdf
   ✅ 保存: 3512_1530_日フエルト_自己株式の取得状況に関するお知らせ.pdf
   ✅ 保存: 3553_1530_共和レザー_2026年3月期 決算短信〔日本基準〕(連結).pdf
   ✅ 保存: 3553_1530_共和レザー_剰余金の配当に関するお知らせ.pdf
   ✅ 保存: 3553_1530_共和レザー_通期連結業績予想値と実績値との差異に関するお知らせ.pdf
   ✅ 保存: 3553_1530_共和レザー_2026年3月期 決算概要説明.pdf
   ✅ 保存: 3598_1530_山喜_中期経営計画(2026~2028年度)策定のお知らせ.pdf
   ✅ 保存: 3598_1530_山喜_構造改革に伴う特別損失の計上および通期連結業績予想の修正に関するお知らせ.pdf
   ✅ 保存: 3612_1530_ワールド_国内小売事業 2027年2月期 月次売上概況(4月度).pdf
   ✅ 保存: 3623_1530_G-BS_自己株式の取得状況に関するお知らせ.pdf
   ✅ 保存: 3626_1530_TIS_2026年3月期 決算説明資料.pdf
   ✅ 保存: 3626_1530_TIS_2026年3月期 決算短信〔日本基準〕(連結).pdf
   ✅ 保存: 3626_1530_TIS_剰余金の配当(増配)に関するお知らせ.pdf
   ✅ 保存: 3626_1530_TIS_特別損失の計上に関するお知らせ.pdf
   ✅ 保存: 3626_1530_TIS_代表取締役の異動(追加選定) に関するお知らせ.pdf
   ✅ 保存: 3626_1530_TIS_定款の一部変更に関するお知らせ.pdf
   ✅ 保存: 3626_1530_TIS_自己株式の取得状況に関するお知らせ.pdf
   ✅ 保存: 3659_1530_ネクソン_(訂正)「非上場の親会社等の決算情報に関するお知らせ」の一部訂正についてのお知らせ.pdf
   ✅ 保存: 3660_1530_アイスタイル_2026年6月期第3四半期決算短信〔日本基準〕(連結).pdf
   ✅ 保存: 3660_1530_アイスタイル_2026年6月期第3四半期 決算説明資料.pdf
   ✅ 保存: 3690_1530_イルグルム_2026年9月期 第2四半期(中間期)決算短信〔日本基準〕(連結).pdf
   ✅ 保存: 3690_1530_イルグルム_2026年9月期通期連結業績予想の修正に関するお知らせ.pdf
   ✅ 保存: 3690_1530_イルグルム_2026年9月期 第2四半期決算説明資料.pdf
   ✅ 保存: 3762_1530_テクマト_剰余金の配当に関するお知らせ.pdf
   ✅ 保存: 3762_1530_テクマト_2026年3月期(第42期) 通期決算補足資料.pdf
   ✅ 保存: 3762_1530_テクマト_2026年3月期 決算短信〔IFRS〕(連結).pdf
   ✅ 保存: 3765_1530_ガンホー_2026年12月期 第1四半期決算短信〔日本基準〕(連結).pdf
   ✅ 保存: 3810_1530_サイバーステップHD_第三者割当による第42回新株予約権の行使状況に関するお知らせ.pdf
   ✅ 保存: 3850_1530_NTTDIM_2026年3月期 決算短信〔日本基準〕(連結).pdf
   ✅ 保存: 3850_1530_NTTDIM_剰余金の配当に関するお知らせ.pdf
   ✅ 保存: 3850_1530_NTTDIM_商号の変更及び定款の一部変更に関するお知らせ.pdf
   ...Page 004 を確認中
   ✅ 保存: 3908_1530_コラボス_通期の業績予想と実績の差異に関するお知らせ.pdf
   ✅ 保存: 3908_1530_コラボス_2026年3月期 決算短信〔日本基準〕(非連結).pdf
   ✅ 保存: 3910_1530_エムケイシステム_2026年3月期決算短信〔日本基準〕(連結).pdf
   ✅ 保存: 3910_1530_エムケイシステム_業績予想値と実績値の差異に関するお知らせ.pdf
   ✅ 保存: 3910_1530_エムケイシステム_剰余金の配当に関するお知らせ.pdf
   ✅ 保存: 3910_1530_エムケイシステム_2026年3月期 決算説明資料.pdf
   ✅ 保存: 3910_1530_エムケイシステム_繰延税金資産の計上に関するお知らせ.pdf
   ✅ 保存: 3917_1530_G-アイリッジ_2026年3月期 決算短信〔日本基準〕(連結).pdf
   ✅ 保存: 3917_1530_G-アイリッジ_2026年3月期 通期決算説明資料(事業計画及び成長可能性に関する事項).pdf
   ✅ 保存: 3917_1530_G-アイリッジ_連結業績予想と実績値との差異及び特別損失の計上に関するお知らせ.pdf
   ✅ 保存: 3926_1530_オープンドア_特別損失(減損損失)の計上並びに2026年3月期通期連結及び個別業績と前期実績値との差異に関するお知らせ.pdf
   ✅ 保存: 3926_1530_オープンドア_2026年3月期 決算短信〔日本基準〕(連結).pdf
   ✅ 保存: 3926_1530_オープンドア_2026年3月期 決算説明会資料.pdf
   ✅ 保存: 3934_1530_ベネフィットジャパン_2026年3月期 決算短信〔日本基準〕(連結).pdf
   ✅ 保存: 3934_1530_ベネフィットジャパン_2026年3月期決算説明資料.pdf
   ✅ 保存: 3934_1530_ベネフィットジャパン_剰余金の配当に関するお知らせ.pdf
   ✅ 保存: 3984_1530_ユーザーローカル_(訂正)「自己株式の消却に関するお知らせ」の一部訂正について.pdf
   ✅ 保存: 3997_1530_トレードワークス_過年度の決算短信等の一部訂正に関するお知らせ.pdf
   ✅ 保存: 3997_1530_トレードワークス_2026年12月期 第1四半期決算短信〔日本基準〕(連結).pdf
   ✅ 保存: 3997_1530_トレードワークス_2026年12月期 第1四半期決算説明資料.pdf
   ✅ 保存: 4082_1530_稀元素_譲渡制限付株式報酬としての自己株式の処分の払込完了に関するお知らせ.pdf
   ✅ 保存: 4120_1530_スガイ化学工業_2026年3月期 決算短信[日本基準](非連結).pdf
   ✅ 保存: 4120_1530_スガイ化学工業_代表取締役の異動および人事異動に関するお知らせ.pdf
   ✅ 保存: 4228_1530_積水化成_2026年3月期決算短信〔日本基準〕(連結).pdf
   ✅ 保存: 4263_1530_G-サスメド_2026年6月期第3四半期 決算説明資料.pdf
   ✅ 保存: 4263_1530_G-サスメド_2026年6月期第3四半期決算短信〔日本基準〕(非連結).pdf
   ✅ 保存: 4284_1530_ソルクシーズ_2026年12月期 第1四半期 決算短信〔日本基準〕(連結).pdf
   ✅ 保存: 4284_1530_ソルクシーズ_2026年12月期 第1四半期 決算短信補足資料.pdf
   ✅ 保存: 4286_1530_CLホールディングス_2026年12月期 第1四半期決算短信〔IFRS〕(連結).pdf
   ✅ 保存: 4320_1530_CEHD_2026年9月期 第2四半期(中間期)決算短信〔日本基準〕(連結).pdf
   ✅ 保存: 4350_1530_メディシス_2026年3月期 決算短信〔日本基準〕(連結).pdf
   ✅ 保存: 4350_1530_メディシス_2026年3月期 通期決算説明資料・第7次中期経営計画.pdf
   ✅ 保存: 4350_1530_メディシス_特別損失(減損損失)の計上に関するお知らせ.pdf
   ✅ 保存: 4370_1530_G-モビルス_譲渡制限付株式としての新株式発行の払込完了及び一部失権に関するお知らせ.pdf
   ✅ 保存: 4428_1530_G-シノプス_自己株式の取得状況に関するお知らせ.pdf
   ✅ 保存: 4483_1530_JMDC_2026年3月期 通期決算説明資料.pdf
   ✅ 保存: 4483_1530_JMDC_2026年3月期 決算短信〔IFRS〕(連結).pdf
   ✅ 保存: 4483_1530_JMDC_剰余金の配当に関するお知らせ.pdf
   ✅ 保存: 4498_1530_G-サイバートラスト_2026年3月期 決算に関する質疑応答集.pdf
   ✅ 保存: 4498_1530_G-サイバートラスト_2026年3月期 決算説明会レポート(書き起こし).pdf
   ✅ 保存: 4530_1530_久光薬_当社株式の上場廃止に関するお知らせ.pdf
   ✅ 保存: 4588_1530_G-オンコリスバイオ_2026年12月期第1四半期決算短信〔日本基準〕(非連結).pdf
   ✅ 保存: 4588_1530_G-オンコリスバイオ_営業外収益及び営業外費用の計上に関するお知らせ.pdf
   ✅ 保存: 4596_1530_G-窪田製薬HD_譲渡制限付株式報酬としての新株式の発行の払込完了に関するお知らせ.pdf
   ✅ 保存: 4689_1530_LINEヤフー_2026年3月期連結および個別業績の前期実績との差異に関するお知らせ.pdf
   ✅ 保存: 4689_1530_LINEヤフー_2026年3月期決算短信〔IFRS〕(連結).pdf
   ✅ 保存: 4800_1530_オリコン_2026年3月期 決算短信〔日本基準〕(連結).pdf
   ✅ 保存: 4800_1530_オリコン_2026年3月期 決算説明資料.pdf
   ✅ 保存: 4800_1530_オリコン_のれんの減損損失の計上および通期連結業績予想と実績との差異に関するお知らせ.pdf
   ✅ 保存: 4800_1530_オリコン_代表取締役の役職の変更に関するお知らせ.pdf
   ✅ 保存: 4919_1530_ミルボン_取締役及び執行役員に対する譲渡制限株式としての自己株式処分の払込完了に関するお知らせ.pdf
   ✅ 保存: 4967_1530_小林製薬_2026年12月期 第1四半期決算短信〔日本基準〕(連結).pdf
   ✅ 保存: 5028_1530_G-セカンドサイト_ジェイリース株式会社との業務提携に関するお知らせ.pdf
   ✅ 保存: 5138_1530_G-Rebase_2026年3月期通期業績予想の修正に関するお知らせ.pdf
   ✅ 保存: 5302_1530_日カーボン_2026年12月期 第1四半期決算短信〔日本基準〕(連結).pdf
   ✅ 保存: 5388_1530_クニミネ工業_2026年3月期 決算短信〔日本基準〕(連結).pdf
   ✅ 保存: 5480_1530_冶金工_「中期経営計画2026-2028」の策定に関するお知らせ.pdf
   ✅ 保存: 5480_1530_冶金工_当社株式の大規模買付行為に関する対応方針(買収への対応方針)の非継続(廃止)について.pdf
   ✅ 保存: 5480_1530_冶金工_2026年3月期 決算短信〔日本基準〕(連結).pdf
   ✅ 保存: 5742_1530_NIC_2026年3月期決算短信〔日本基準〕(非連結).pdf
   ✅ 保存: 5742_1530_NIC_業績予想値と決算値の差異に関するお知らせ.pdf
   ✅ 保存: 5742_1530_NIC_役員人事の内定に関するお知らせ.pdf
   ✅ 保存: 5816_1530_オーナンバ_2026年12月期第1四半期決算短信〔日本基準〕(連結).pdf
   ✅ 保存: 5844_1530_京都FG_自己株式の取得状況に関するお知らせ.pdf
   ✅ 保存: 5918_1530_滝上工_2026年3月期通期連結業績予想の修正に関するお知らせ.pdf
   ✅ 保存: 5950_1530_日本パワーファス_2026年12月期第1四半期決算短信〔日本基準〕(連結).pdf
   ✅ 保存: 5988_1530_パイオラックス_自己株式の取得状況に関するお知らせ.pdf
   ✅ 保存: 6040_1530_G-日本スキー_2026年7月期日本スキー場開発(株)月次速報開示.pdf
   ✅ 保存: 6050_1530_Eガーディアン_2026年9月期 第2四半期(中間期)決算短信〔日本基準〕(連結).pdf
   ✅ 保存: 6149_1530_小田原エン_譲渡制限付株式報酬としての自己株式の処分の払込完了に関するお知らせ.pdf
   ✅ 保存: 6155_1530_高松機械_2026年3月期決算短信〔日本基準〕(連結).pdf
   ✅ 保存: 6155_1530_高松機械_業績予想と実績値との差異に関するお知らせ.pdf
   ✅ 保存: 6156_1530_エーワン精密_2026年6月期 第3四半期決算短信〔日本基準〕(非連結).pdf
   ✅ 保存: 6222_1530_島精機_2026年3月期 決算短信[日本基準](連結).pdf
   ✅ 保存: 6222_1530_島精機_個別業績の前期実績値との差異に関するお知らせ.pdf
   ✅ 保存: 6222_1530_島精機_「中期経営計画」の見直しに関するお知らせ.pdf
   ✅ 保存: 6222_1530_島精機_取締役候補者の選任に関するお知らせ.pdf
   ✅ 保存: 6222_1530_島精機_役員報酬の減額継続に関するお知らせ.pdf
   ✅ 保存: 6223_1530_西部技研_2026年12月期第1四半期決算短信〔日本基準〕(連結).pdf
   ✅ 保存: 6223_1530_西部技研_2026年12月期第1四半期 決算説明資料(日本語・スライド).pdf
   ✅ 保存: 6277_1530_ホソカワミクロン_2026年9月期第2四半期連結累計期間業績予想の修正に関するお知らせ.pdf
   ✅ 保存: 6448_1530_ブラザー_2026年3月期 決算短信〔IFRS〕(連結).pdf
   ✅ 保存: 6448_1530_ブラザー_2026年3月期 決算説明資料 中期戦略CS B2027進捗.pdf
   ✅ 保存: 6448_1530_ブラザー_自己株式取得に係る事項の決定に関するお知らせ.pdf
   ✅ 保存: 6448_1530_ブラザー_自己株式の取得状況および取得終了ならびに自己株式消却に関するお知らせ.pdf
   ✅ 保存: 6625_1530_JALCO HD_役員の異動に関するお知らせ.pdf
   ✅ 保存: 6625_1530_JALCO HD_定款の一部変更に関するお知らせ.pdf
   ✅ 保存: 6627_1530_テラプローブ_2026年12月期第1四半期連結業績予想の修正に関するお知らせ.pdf
   ✅ 保存: 6643_1530_戸上電_2026年3月期 決算短信〔日本基準〕(連結).pdf
   ✅ 保存: 6643_1530_戸上電_自己株式の消却に関するお知らせ.pdf
   ✅ 保存: 6643_1530_戸上電_剰余金の配当(増配)に関するお知らせ.pdf
   ✅ 保存: 6745_1530_ホーチキ_2026年3月期 決算短信〔日本基準〕(連結).pdf
   ✅ 保存: 6745_1530_ホーチキ_2026年3月期通期業績予想と実績値の差異に関するお知らせ.pdf
   ✅ 保存: 6745_1530_ホーチキ_2026年3月期連結決算に関する補足説明資料.pdf
   ✅ 保存: 6745_1530_ホーチキ_剰余金の配当に関するお知らせ.pdf
   ✅ 保存: 6769_1530_ザイン_2026年12月期 第1四半期決算短信〔日本基準〕(連結).pdf
   ✅ 保存: 6769_1530_ザイン_2026年12月期 第1四半期決算説明資料.pdf
   ✅ 保存: 6869_1530_シスメックス_自己株式の取得状況に関するお知らせ.pdf
   ✅ 保存: 6882_1530_三社電機製作所_2026年3月期 決算短信〔日本基準〕(連結).pdf
   ✅ 保存: 6882_1530_三社電機製作所_2026年3月期 決算説明資料.pdf
   ...Page 005 を確認中
   ✅ 保存: 6882_1530_三社電機製作所_取締役選任及び補欠監査役選任に関するお知らせ.pdf
   ✅ 保存: 6890_1530_フェローテック_2028年満期ユーロ円建転換社債型新株予約権付社債の月間行使状況に関するお知らせ.pdf
   ✅ 保存: 6971_1530_京セラ_(訂正)「2026年3月期 決算説明会資料」.pdf
   ✅ 保存: 6976_1530_太陽誘電_2026年3月期 決算短信〔日本基準〕(連結).pdf
   ✅ 保存: 6976_1530_太陽誘電_2026年3月期 決算説明会資料.pdf
   ✅ 保存: 6976_1530_太陽誘電_中期経営計画2030.pdf
   ✅ 保存: 6996_1530_ニチコン_2026年3月期 決算短信〔日本基準〕(連結).pdf
   ✅ 保存: 6996_1530_ニチコン_配当予想の修正および個別決算における特別損失の計上ならびに通期個別業績の前期実績値との差異に関するお知らせ.pdf
   ✅ 保存: 7084_1530_G-SmileHD_(開示事項の経過)株式会社WITHホールディングスの株式取得(完全子会社化)完了に関するお知らせ.pdf
   ✅ 保存: 7089_1530_G-フォースタ_2026年3月期 決算短信〔日本基準〕(連結).pdf
   ✅ 保存: 7089_1530_G-フォースタ_2026年3月期 通期決算説明資料.pdf
   ✅ 保存: 7112_1530_G-キューブ_(訂正)「非上場の親会社等の決算情報に関するお知らせ」の 一部訂正についてのお知らせ.pdf
   ✅ 保存: 7134_1530_アップガレージG_2026年3月期 決算短信〔日本基準〕(連結).pdf
   ✅ 保存: 7134_1530_アップガレージG_2026年3月期 決算説明資料.pdf
   ✅ 保存: 7134_1530_アップガレージG_剰余金の配当に関するお知らせ.pdf
   ✅ 保存: 7164_1530_全国保証_2026年3月期 決算短信〔日本基準〕(連結).pdf
   ✅ 保存: 7164_1530_全国保証_2026年3月期 決算短信補足資料.pdf
   ✅ 保存: 7173_1530_東京きらぼしFG_第1回第一種優先株式の当社普通株式への転換及び消却、株式の売出し並びに主要株主及び主要株主である筆頭株主の異動に関するお知らせ.pdf
   ✅ 保存: 7173_1530_東京きらぼしFG_第二種優先株式の取得及び消却に関するお知らせ.pdf
   ✅ 保存: 7173_1530_東京きらぼしFG_株式分割及び株式分割に伴う定款の一部変更並びに株主優待制度の変更に関するお知らせ.pdf
   ✅ 保存: 7173_1530_東京きらぼしFG_定款の一部変更に関するお知らせ.pdf
   ✅ 保存: 7173_1530_東京きらぼしFG_連結子会社からの配当金受領に関するお知らせ.pdf
   ✅ 保存: 7173_1530_東京きらぼしFG_2026年3月期 決算短信〔日本基準〕(連結).pdf
   ✅ 保存: 7187_1530_ジェイリース_セカンドサイトアナリティカ株式会社との業務提携に関するお知らせ.pdf
   ✅ 保存: 7226_1530_極東開_子会社吸収合併に伴う特別利益(抱合せ株式消滅差益)の発生に関するお知らせ.pdf
   ✅ 保存: 7226_1530_極東開_業績予想の修正に関するお知らせ.pdf
   ✅ 保存: 7378_1530_G-アシロ_自己株式の取得状況に関するお知らせ.pdf
   ✅ 保存: 7412_1530_アトム_2026年3月期 決算短信〔日本基準〕(非連結).pdf
   ✅ 保存: 7412_1530_アトム_特別損失の計上、法人税等調整額(損)の計上及び通期業績予想と実績値との差異に関するお知らせ.pdf
   ✅ 保存: 7421_1530_カッパ・クリエイト_2026年3月期 決算短信〔日本基準〕(連結).pdf
   ✅ 保存: 7421_1530_カッパ・クリエイト_減損損失の計上、業績予想と実績との差異及び個別実績と前期個別実績との差異並びに当期の配当(無配)に関するお知らせ.pdf
   ✅ 保存: 7421_1530_カッパ・クリエイト_役員の異動に関するお知らせ.pdf
   ✅ 保存: 7422_1530_東邦レマック_東邦レマック株式会社4月度月次業績ご報告.pdf
   ✅ 保存: 7472_1530_鳥羽洋行_2026年3月期 決算短信〔日本基準〕(連結).pdf
   ✅ 保存: 7472_1530_鳥羽洋行_中期経営計画「Next Stage 2029」の策定に関するお知らせ.pdf
   ✅ 保存: 7486_1530_サンリン_2026年3月期通期連結業績予想の修正に関するお知らせ.pdf
   ✅ 保存: 7504_1530_高速_株主優待制度の一部変更(拡充)に関するお知らせ.pdf
   ✅ 保存: 7504_1530_高速_2026年3月期 決算補足説明資料.pdf
   ✅ 保存: 7504_1530_高速_中長期経営計画 2026-2035.pdf
   ✅ 保存: 7504_1530_高速_2027年3月期の配当予想に関するお知らせ.pdf
   ✅ 保存: 7504_1530_高速_2026年3月期 決算短信[日本基準](連結).pdf
   ✅ 保存: 7550_1530_ゼンショーHD_公認会計士等の異動に関するお知らせ.pdf
   ✅ 保存: 7600_1530_MDM_2026年3月期通期連結業績予想と実績値との差異に関するお知らせ.pdf
   ✅ 保存: 7600_1530_MDM_2026年3月期決算短信〔日本基準〕(連結).pdf
   ✅ 保存: 7616_1530_コロワイド_2026年3月期 決算短信〔IFRS〕(連結).pdf
   ✅ 保存: 7616_1530_コロワイド_その他の営業費用(減損損失)の計上及び通期連結業績予想と実績値との差異に関するお知らせ.pdf
   ✅ 保存: 7616_1530_コロワイド_連結子会社における「特別損失の計上、法人税等調整額(損)の計上及び通期業績予想と実績値との差異に関するお知らせ」について.pdf
   ✅ 保存: 7616_1530_コロワイド_連結子会社における「減損損失の計上、業績予想と実績との差異及び個別実績と前期個別実績との差異並びに当期の配当(無配)に関するお知らせ」について.pdf
   ✅ 保存: 7616_1530_コロワイド_連結子会社における「通期連結業績予想と実績値との差異に関するお知らせ」について.pdf
   ✅ 保存: 7675_1530_セントラルフォレスト_2026年12月期第1四半期決算短信〔日本基準〕(連結).pdf
   ✅ 保存: 7731_1530_ニコン_2026年3月期決算短信〔IFRS〕(連結).pdf
   ✅ 保存: 7731_1530_ニコン_2026年3月期 決算関係データ〔IFRS〕.pdf
   ✅ 保存: 7744_1530_ノーリツ鋼機_自己株式の取得状況及び取得終了並びに消却株式数に関するお知らせ.pdf
   ✅ 保存: 7751_1530_キヤノン_自己株式の取得状況に関するお知らせ.pdf
   ✅ 保存: 7792_1530_G-コラントッテ_2026年9月期 第2四半期(中間期)決算短信〔日本基準〕(非連結).pdf
   ✅ 保存: 7792_1530_G-コラントッテ_2026年9月期 第2四半期説明資料.pdf
   ✅ 保存: 7792_1530_G-コラントッテ_2026年9月期 第2四半期(中間期)の業績予想と実績値との差異 及び通期業績予想の修正に関するお知らせ.pdf
   ✅ 保存: 7841_1530_遠藤製作_2026年12月期 第1四半期決算短信〔日本基準〕(連結).pdf
   ✅ 保存: 7867_1530_タカラトミー_自己株式の取得状況に関するお知らせ.pdf
   ✅ 保存: 7974_1530_任天堂_剰余金の配当に関するお知らせ.pdf
   ✅ 保存: 7974_1530_任天堂_2026年3月期 決算短信〔日本基準〕(連結).pdf
   ✅ 保存: 7974_1530_任天堂_役員人事に関するお知らせ.pdf
   ✅ 保存: 7987_1530_ナカバヤシ_2026年3月期 決算短信〔日本基準〕(連結).pdf
   ✅ 保存: 7987_1530_ナカバヤシ_通期個別業績と前期実績値との差異に関するお知らせ.pdf
   ✅ 保存: 7994_1530_オカムラ_2026年3月期決算短信〔日本基準〕(連結).pdf
   ✅ 保存: 8016_1530_オンワードHD_2026年4月度月次売上概況.pdf
   ✅ 保存: 8070_1530_東京産_業績予想の修正に関するお知らせ.pdf
   ✅ 保存: 8166_1530_タカキュー_月次売上高前年比情報(速報)のお知らせ.pdf
   ✅ 保存: 8336_1530_武蔵野銀_自己株式の取得状況に関するお知らせ.pdf
   ✅ 保存: 8410_1530_セブン銀行_2026年3月期決算短信〔日本基準〕(連結).pdf
   ✅ 保存: 8410_1530_セブン銀行_2026年3月期決算補足資料.pdf
   ✅ 保存: 8410_1530_セブン銀行_2026年3月期決算説明資料.pdf
   ✅ 保存: 8410_1530_セブン銀行_2026年4月 月次データ(単体).pdf
   ✅ 保存: 8410_1530_セブン銀行_支配株主等に関する事項について.pdf
   ✅ 保存: 8418_1530_山口FG_2026年3月期 決算短信〔日本基準〕(連結).pdf
   ✅ 保存: 8418_1530_山口FG_自己株式取得に係る事項の決定に関するお知らせ.pdf
   ✅ 保存: 8558_1530_東和銀_2026年3月期末の有価証券含み損に関するお知らせ.pdf
   ✅ 保存: 8919_1530_カチタス_2026年3月期 決算短信〔日本基準〕(連結).pdf
   ✅ 保存: 8919_1530_カチタス_剰余金の配当(増配)に関するお知らせ.pdf
   ✅ 保存: 8919_1530_カチタス_2026年3月期通期個別業績の前期決算数値との差異に関するお知らせ.pdf
   ✅ 保存: 8919_1530_カチタス_2026年3月期(第48期)決算説明資料.pdf
   ✅ 保存: 8957_1530_R-東急RE_長期借入金の借入れ(グリーンローン)及び返済に関するお知らせ.pdf
   ✅ 保存: 9009_1530_京成_2026年3月期 決算短信〔日本基準〕(連結).pdf
   ✅ 保存: 9009_1530_京成_剰余金の配当(増配)に関するお知らせ.pdf
   ✅ 保存: 9029_1530_ヒガシHD_2026年3月期 決算短信〔日本基準〕(連結).pdf
   ✅ 保存: 9029_1530_ヒガシHD_剰余金の配当(増配)に関するお知らせ.pdf
   ✅ 保存: 9029_1530_ヒガシHD_中期経営計画値の見直しに関するお知らせ.pdf
   ✅ 保存: 9041_1530_近鉄GHD_連結子会社(KNT-CTホールディングス株式会社)の業績予想の修正に関するお知らせ.pdf
   ✅ 保存: 9107_1530_川崎船_2026年3月期 決算短信〔日本基準〕(連結).pdf
   ✅ 保存: 9107_1530_川崎船_2025年度本決算 決算説明会資料.pdf
   ✅ 保存: 9251_1530_G-AB&C_国内店舗月次営業速報(2026年4月)のお知らせ.pdf
   ✅ 保存: 9279_1530_ギフトHD_2026年10月期4月度 直営店売上速報についてのお知らせ.pdf
   ✅ 保存: 9282_1530_I-いちごグリーン_太陽光発電所月次発電実績(2026年4月)のお知らせ.pdf
   ✅ 保存: 9361_1530_伏木運_2026年6月期 第3四半期決算短信〔日本基準〕(連結).pdf
   ✅ 保存: 9405_1530_朝日放送グループHD_業績予想の修正および配当予想の修正に関するお知らせ.pdf
   ✅ 保存: 9436_1530_沖縄セルラー_2026年3月期 決算短信〔日本基準〕(連結).pdf
   ✅ 保存: 9436_1530_沖縄セルラー_2026年3月期決算資料.pdf
   ✅ 保存: 9436_1530_沖縄セルラー_剰余金の配当に関するお知らせ.pdf
   ✅ 保存: 9436_1530_沖縄セルラー_代表取締役の異動及び役員人事に関するお知らせ.pdf
   ✅ 保存: 9436_1530_沖縄セルラー_自己株式の消却に関するお知らせ.pdf
   ...Page 006 を確認中
   ✅ 保存: 9436_1530_沖縄セルラー_自己株式取得に係る事項の決定に関するお知らせ.pdf
   ✅ 保存: 9436_1530_沖縄セルラー_取締役に対する業績連動型株式付与制度の一部改定に関するお知らせ.pdf
   ✅ 保存: 9478_1530_SE H&I_2026年3月期 決算短信〔日本基準〕(連結).pdf
   ✅ 保存: 9478_1530_SE H&I_自己株式取得に係る事項の決定に関するお知らせ.pdf
   ✅ 保存: 9478_1530_SE H&I_連結業績予想値と実績値との差異に関するお知らせ.pdf
   ✅ 保存: 9698_1530_クレオ_2026年3月期 決算短信〔日本基準〕(連結).pdf
   ✅ 保存: 9698_1530_クレオ_2026年3月期 決算補足説明資料.pdf
   ✅ 保存: 9698_1530_クレオ_自己株式取得に係る事項の決定に関するお知らせ (会社法第459条第1項の規定による定款の定めに基づく自己株式の取得).pdf
   ✅ 保存: 9726_1530_KNTCT_繰延税金資産の追加計上および通期業績予想の修正に関するお知らせ.pdf
   ✅ 保存: 9759_1530_NSD_2026年3月期 決算短信〔日本基準〕(連結).pdf
   ✅ 保存: 9759_1530_NSD_剰余金の配当(期末配当の増配)に関するお知らせ.pdf
   ✅ 保存: 9759_1530_NSD_自己株式の取得に関するお知らせ.pdf
   ✅ 保存: 9759_1530_NSD_中期経営計画策定に関するお知らせ.pdf
   ✅ 保存: 9766_1530_コナミグループ_2026年3月期 決算短信〔IFRS〕(連結).pdf
   ✅ 保存: 9766_1530_コナミグループ_剰余金の配当に関するお知らせ.pdf
   ✅ 保存: 9766_1530_コナミグループ_代表取締役の異動に関するお知らせ.pdf
   ✅ 保存: 9823_1530_マミーマートHD_2026年4月月次業績開示のお知らせ.pdf
   ✅ 保存: 9831_1530_ヤマダHD_2026年3月期 決算短信〔日本基準〕(連結).pdf
   ✅ 保存: 9837_1530_モリト_自己株式の取得状況に関するお知らせ.pdf
   ✅ 保存: 9849_1530_共同紙_2026年3月期 決算短信〔日本基準〕(連結).pdf
   ✅ 保存: 9882_1530_イエローハット_自己株式取得に係る事項の決定および自己株式消却に係る事項の決定に関するお知らせ.pdf
   ✅ 保存: 9882_1530_イエローハット_剰余金の配当(増配)に関するお知らせ.pdf
   ✅ 保存: 9882_1530_イエローハット_2026年3月期 決算短信〔日本基準〕(連結).pdf
   ✅ 保存: 9882_1530_イエローハット_株主提案に対する当社取締役会意見に関するお知らせ.pdf
   ✅ 保存: 9882_1530_イエローハット_株主提案に対する当社取締役会意見(概要スライド).pdf
   ✅ 保存: 2345_1515_HODL1_暗号資産(イーサリアム)保有状況に関するお知らせ(2026年4月末時点).pdf
   ✅ 保存: 6929_1510_日セラミック_2026年12月期 第1四半期決算短信[日本基準](連結).pdf
   ✅ 保存: 6929_1510_日セラミック_自己株式取得に係る事項の決定に関するお知らせ.pdf
   ✅ 保存: 7464_1510_セフテック_2026年3月期通期連結業績予想と実績値との差異に関するお知らせ.pdf
   ✅ 保存: 7464_1510_セフテック_2026年3月期 決算短信〔日本基準〕(連結).pdf
   ✅ 保存: 1379_1500_ホクト_2026年3月期通期連結及び個別業績予想の修正に関するお知らせ.pdf
   ✅ 保存: 1768_1500_ソネック_2026年3月期 決算短信〔日本基準〕(連結).pdf
   ✅ 保存: 1768_1500_ソネック_株主優待制度の廃止に関するお知らせ.pdf
   ✅ 保存: 1827_1500_ナカノフドー_業績予想及び配当予想の修正に関するお知らせ.pdf
   ✅ 保存: 1899_1500_福田組_2026年12月期第1四半期決算短信〔日本基準〕(連結).pdf
   ✅ 保存: 1899_1500_福田組_株式分割及び定款一部変更並びに2026年12月期配当予想に関するお知らせ.pdf
   ✅ 保存: 2461_1500_ファンコミ_2026年12月期第1四半期決算短信〔日本基準〕(連結).pdf
   ✅ 保存: 255A_1500_ジーエルテクノHD_自己株式の取得状況に関するお知らせ.pdf
   ✅ 保存: 2700_1500_木徳神糧_2026年12月期 第1四半期決算短信〔日本基準〕(連結).pdf
   ✅ 保存: 2700_1500_木徳神糧_役員等の異動に関するお知らせ.pdf
   ✅ 保存: 2734_1500_サーラ_自己株式の取得状況に関するお知らせ(経過報告).pdf
   ✅ 保存: 2997_1500_G-ストレージ王_2026年4月月次実績.pdf
   ✅ 保存: 4245_1500_ダイキアクシス_中東情勢の緊迫化に伴う当社グループへの影響について.pdf
   ✅ 保存: 4642_1500_オリジナル設_2026年12月期 第1四半期決算短信〔日本基準〕(連結).pdf
   ✅ 保存: 4678_1500_秀英_2026年3月期 決算短信〔日本基準〕(連結).pdf
   ✅ 保存: 5186_1500_ニッタ_剰余金の配当(増配)に関するお知らせ.pdf
   ✅ 保存: 5186_1500_ニッタ_2026年3月期決算短信〔日本基準〕(連結).pdf
   ✅ 保存: 5186_1500_ニッタ_事後交付型業績連動型株式報酬制度の導入に関するお知らせ.pdf
   ✅ 保存: 5186_1500_ニッタ_株主提案に対する当社取締役会意見に関するお知らせ.pdf
   ✅ 保存: 5380_1500_新東_2026年6月期 第3四半期決算短信[日本基準] (非連結).pdf
   ✅ 保存: 5380_1500_新東_通期業績予想の取り下げに関するお知らせ.pdf
   ✅ 保存: 5391_1500_A&Aマテリアル_業績予想値と実績値との差異に関するお知らせ.pdf
   ✅ 保存: 5391_1500_A&Aマテリアル_2026年3月期決算短信〔日本基準〕(連結).pdf
   ✅ 保存: 5391_1500_A&Aマテリアル_組織変更および人事異動に関するお知らせ.pdf
   ✅ 保存: 6470_1500_大豊工業_(訂正・数値データ訂正)「2026年3月期 決算短信[日本基準](連結)」の一部訂正に関するお知らせ.pdf
   ✅ 保存: 6557_1500_G-AIAI_2026年3月期 決算短信〔日本基準〕(連結).pdf
   ✅ 保存: 6557_1500_G-AIAI_2026年3月期 決算概要.pdf
   ✅ 保存: 6557_1500_G-AIAI_株主優待制度の廃止に関するお知らせ.pdf
   ✅ 保存: 7040_1500_サン・ライフHD_2026年3月期決算短信〔日本基準〕(連結).pdf
   ✅ 保存: 7040_1500_サン・ライフHD_剰余金の配当に関するお知らせ.pdf
   ✅ 保存: 7040_1500_サン・ライフHD_支配株主等に関する事項について.pdf
   ✅ 保存: 7040_1500_サン・ライフHD_役員人事に関するお知らせ.pdf
   ✅ 保存: 7256_1500_河西工_2026年3月期 通期連結業績予想の修正に関するお知らせ.pdf
   ✅ 保存: 7291_1500_日本プラスト_特別損失の計上及び通期連結業績予想値と実績値の差異に関するお知らせ.pdf
   ✅ 保存: 7291_1500_日本プラスト_2026年3月期 決算短信 〔日本基準〕(連結).pdf
   ✅ 保存: 7291_1500_日本プラスト_剰余金の配当(増配)に関するお知らせ.pdf
   ✅ 保存: 7466_1500_SPK_2026年3月期 決算短信〔日本基準〕(連結).pdf
   ✅ 保存: 7611_1500_ハイデ日高_2027年2月期4月度売上高速報についてのお知らせ.pdf
   ✅ 保存: 7791_1500_ドリームベッド_2026年3月期 決算短信〔日本基準〕(非連結).pdf
   ✅ 保存: 7791_1500_ドリームベッド_剰余金の配当(期末配当)に関するお知らせ.pdf
   ✅ 保存: 7791_1500_ドリームベッド_取締役の異動及び役員候補者の選任に関するお知らせ.pdf
   ✅ 保存: 7963_1500_興研_2026年12月期 第1四半期決算短信〔日本基準〕(連結).pdf
   ✅ 保存: 8074_1500_YUASA_2026年3月期 決算短信〔日本基準〕(連結).pdf
   ✅ 保存: 8203_1500_MrMaxHD_2026年4月度 MrMax月次の売上状況について.pdf
   ✅ 保存: 8747_1500_豊トラスティ証券_2026年3月期決算短信〔日本基準〕(連結).pdf
   ✅ 保存: 8747_1500_豊トラスティ証券_剰余金の配当に関するお知らせ.pdf
   ✅ 保存: 8747_1500_豊トラスティ証券_連結総資産の増加に関するお知らせ.pdf
   ✅ 保存: 8864_1500_空港施設_2026年3月期 決算短信〔日本基準〕(連結).pdf
   ✅ 保存: 8864_1500_空港施設_期末配当予想の修正に関するお知らせ.pdf
   ✅ 保存: 9063_1500_岡県運送_2026年3月期 決算短信〔日本基準〕(連結).pdf
   ✅ 保存: 9063_1500_岡県運送_剰余金の配当に関するお知らせ.pdf
   ✅ 保存: 9063_1500_岡県運送_代表取締役の異動に関するお知らせ.pdf
   ✅ 保存: 9324_1500_安田倉_2026年3月期 決算短信〔日本基準〕(連結).pdf
   ✅ 保存: 9324_1500_安田倉_剰余金の配当(増配)に関するお知らせ.pdf
   ✅ 保存: 9324_1500_安田倉_代表取締役の異動に関するお知らせ.pdf
   ✅ 保存: 9324_1500_安田倉_当社株式の大量買付行為に関する対応策(買収への対応方針)の非継続(廃止)に関するお知らせ.pdf
   ✅ 保存: 9324_1500_安田倉_定款の一部変更に関するお知らせ.pdf
   ✅ 保存: 9324_1500_安田倉_自己株式の取得状況(途中経過)に関するお知らせ.pdf
   ✅ 保存: 9532_1500_大瓦斯_2026年3月期 決算短信〔日本基準〕(連結).pdf
   ✅ 保存: 9532_1500_大瓦斯_Daigasグループ 2026年3月期決算 プレゼンテーション資料.pdf
   ✅ 保存: 9532_1500_大瓦斯_剰余金の配当に関するお知らせ.pdf
   ✅ 保存: 9532_1500_大瓦斯_自己株式取得に係る事項の決定に関するお知らせ.pdf
   ✅ 保存: 9867_1500_ソレキア_2026年3月期 決算短信〔日本基準〕(連結).pdf
   ✅ 保存: 9867_1500_ソレキア_業績予想値と実績値との差異及び剰余金の配当に関するお知らせ.pdf
   ✅ 保存: 1738_1440_NITTOH_2026年3月期決算短信〔日本基準〕(連結).pdf
   ✅ 保存: 1738_1440_NITTOH_剰余金の配当に関するお知らせ.pdf
   ✅ 保存: 1738_1440_NITTOH_2026年3月期 通期決算説明資料.pdf
   ✅ 保存: 5979_1440_カネソウ_2026年3月期 決算短信〔日本基準〕(非連結).pdf
   ...Page 007 を確認中
   ✅ 保存: 5979_1440_カネソウ_剰余金の配当に関するお知らせ.pdf
   ✅ 保存: 5979_1440_カネソウ_役員人事に関するお知らせ.pdf
   ✅ 保存: 5979_1440_カネソウ_支配株主等に関する事項について.pdf
   ✅ 保存: 5659_1430_日精線_支配株主等に関する事項について.pdf
   ✅ 保存: 5713_1430_住友鉱_フィリピン子会社のITシステムへの不正アクセスに関するお知らせ(続報).pdf
   ✅ 保存: 6062_1430_チャームケア_2026年6月期第3四半期決算短信〔日本基準〕(連結).pdf
   ✅ 保存: 6062_1430_チャームケア_2026年6月期 第3四半期 決算説明資料.pdf
   ✅ 保存: 6874_1430_協立電機_2026年6月期第3四半期決算短信〔日本基準〕(連結).pdf
   ✅ 保存: 7130_1430_ヤマエグループHD_中期経営計画策定に関するお知らせ.pdf
   ✅ 保存: 7130_1430_ヤマエグループHD_2026年3月期 決算説明資料.pdf
   ✅ 保存: 7130_1430_ヤマエグループHD_2026年3月期 決算短信〔日本基準〕(連結).pdf
   ✅ 保存: 7130_1430_ヤマエグループHD_剰余金の配当に関するお知らせ.pdf
   ✅ 保存: 7555_1430_大田花き_業績予想及び配当予想の修正に関するお知らせ.pdf
   ✅ 保存: 7723_1420_愛知時_2026年3月期 決算短信〔日本基準〕(連結).pdf
   ✅ 保存: 7723_1420_愛知時_2026年3月期 決算説明資料.pdf
   ✅ 保存: 8158_1420_ソーダニッカ_2026年3月期 決算短信〔日本基準〕(連結).pdf
   ✅ 保存: 8158_1420_ソーダニッカ_剰余金の配当(増配)に関するお知らせ.pdf
   ✅ 保存: 8158_1420_ソーダニッカ_2026年3月期 決算説明資料.pdf
   ✅ 保存: 8158_1420_ソーダニッカ_役員の人事異動に関するお知らせ.pdf
   ✅ 保存: 9359_1420_伊勢湾海_2026年3月期 決算短信〔日本基準〕(連結).pdf
   ✅ 保存: 9359_1420_伊勢湾海_2026年3月期 決算説明資料.pdf
   ✅ 保存: 9359_1420_伊勢湾海_剰余金の配当(特別配当)に関するお知らせ.pdf
   ✅ 保存: 2666_1400_オートウェーブ_繰延税金資産の計上及び通期業績予想と実績値との差異に関するお知らせ.pdf
   ✅ 保存: 2666_1400_オートウェーブ_2026年3月期 決算短信〔日本基準〕(非連結).pdf
   ✅ 保存: 2666_1400_オートウェーブ_定款一部変更に関するお知らせ.pdf
   ✅ 保存: 2883_1400_大冷_2026年3月期 決算短信[日本基準](非連結).pdf
   ✅ 保存: 2883_1400_大冷_新中期経営計画(2026~2028)に関するお知らせ.pdf
   ✅ 保存: 3202_1400_ダイトウボウ_業績予想と実績との差異に関するお知らせ.pdf
   ✅ 保存: 3202_1400_ダイトウボウ_取締役および執行役員体制ならびに代表取締役の異動の内定に関するお知らせ.pdf
   ✅ 保存: 3202_1400_ダイトウボウ_自己株式取得に係る事項の決定に関するお知らせ.pdf
   ✅ 保存: 3202_1400_ダイトウボウ_2026年3月期 決算短信〔日本基準〕(連結).pdf
   ✅ 保存: 3277_1400_サンセイランディック_譲渡制限付株式報酬としての自己株式の処分の払込完了に関するお知らせ.pdf
   ✅ 保存: 3839_1400_ODK_2026年3月期 会社概要.pdf
   ✅ 保存: 3839_1400_ODK_2026年3月期 決算説明資料.pdf
   ✅ 保存: 3946_1400_トーモク_代表取締役および役員の異動に関するお知らせ.pdf
   ✅ 保存: 3946_1400_トーモク_2026年3月期 決算短信〔日本基準〕(連結).pdf
   ✅ 保存: 4417_1400_G-グローバルセキュ_CoWorker株式会社との業務提携に関するお知らせ.pdf
   ✅ 保存: 5262_1400_日ヒューム_2026年3月期決算短信〔日本基準〕(連結).pdf
   ✅ 保存: 5411_1400_JFE_2026年3月期決算短信〔IFRS〕(連結).pdf
   ✅ 保存: 5411_1400_JFE_2026年3月期決算 インベスターズ・ミーティング資料.pdf
   ✅ 保存: 5958_1400_三洋工_業績予想の修正に関するお知らせ.pdf
   ✅ 保存: 6326_1400_クボタ_2026年12月期 第1四半期決算短信〔IFRS〕(連結).pdf
   ✅ 保存: 6340_1400_渋谷工_2026年6月期 第3四半期決算短信〔日本基準〕(連結).pdf
   ✅ 保存: 6340_1400_渋谷工_2026年6月期 第3四半期決算説明資料.pdf
   ✅ 保存: 6351_1400_鶴見製_特別損失の計上と通期連結業績予想の修正に関するお知らせ.pdf
   ✅ 保存: 7441_1400_Misumi_自己株式の取得状況に関するお知らせ.pdf
   ✅ 保存: 7937_1400_ツツミ_業績予想の修正に関するお知らせ.pdf
   ✅ 保存: 7971_1400_東リ_2026年3月期 決算短信〔日本基準〕(連結).pdf
   ✅ 保存: 7971_1400_東リ_2026年3月期 決算補足説明資料.pdf
   ✅ 保存: 7989_1400_立川ブライ_2026年12月期 第1四半期決算短信〔日本基準〕(連結).pdf
   ✅ 保存: 7989_1400_立川ブライ_2026年12月期 第1四半期決算補足説明資料.pdf
   ✅ 保存: 8020_1400_兼松_2026年3月期 決算短信〔IFRS〕(連結).pdf
   ✅ 保存: 8020_1400_兼松_2026年3月期 通期 決算補足説明資料.pdf
   ✅ 保存: 8020_1400_兼松_期末配当予想の修正(増配)に関するお知らせ.pdf
   ✅ 保存: 8367_1400_南都銀_2026年3月期 決算短信[日本基準](連結).pdf
   ✅ 保存: 8367_1400_南都銀_中期経営計画「人財の力で地域の活力を創造する」における計数目標の見直しについて.pdf
   ✅ 保存: 8367_1400_南都銀_剰余金の配当に関するお知らせ.pdf
   ✅ 保存: 8367_1400_南都銀_連結業績の前期実績との差異に関するお知らせ.pdf
   ✅ 保存: 8566_1400_リコーリース_2026年3月期 決算短信〔日本基準〕(連結).pdf
   ✅ 保存: 8566_1400_リコーリース_2026年3月期(2025年度)決算概要.pdf
   ✅ 保存: 8566_1400_リコーリース_株主還元方針の変更に関するお知らせ.pdf
   ✅ 保存: 8566_1400_リコーリース_投資単位の引下げに関する考え方及び方針等について.pdf
   ✅ 保存: 8596_1400_九州リースサービス_2026年3月期決算短信〔日本基準〕(連結).pdf
   ✅ 保存: 9067_1400_丸運_株式併合並びに単元株式数の定めの廃止及び定款の一部変更に係る承認決議に関するお知らせ.pdf
   ✅ 保存: 9072_1400_ニッコンHD_2026年3月期 決算短信〔日本基準〕(連結).pdf
   ✅ 保存: 9072_1400_ニッコンHD_剰余金の配当に関するお知らせ.pdf
   ✅ 保存: 9072_1400_ニッコンHD_2031年満期ユーロ円建取得条項付転換社債型新株予約権付社債の転換価額の調整に関するお知らせ.pdf
   ✅ 保存: 9119_1400_飯野海_2026年3月期 決算短信〔日本基準〕(連結).pdf
   ✅ 保存: 9119_1400_飯野海_中期経営計画「Transformation for a Sustainable Future」策定のお知らせ.pdf
   ✅ 保存: 9119_1400_飯野海_剰余金の配当に関するお知らせ.pdf
   ✅ 保存: 9412_1400_スカパーJSAT_2026年4月末現在 加入件数について.pdf
   ✅ 保存: 9438_1400_エムティーアイ_第2四半期(累計)および通期連結業績予想の修正に関するお知らせ.pdf
   ✅ 保存: 7203_1355_トヨタ自_2026年3月期 決算短信〔IFRS〕(連結).pdf
   ✅ 保存: 7203_1355_トヨタ自_2026年3月期決算報告プレゼンテーション資料.pdf
   ✅ 保存: 7203_1355_トヨタ自_譲渡制限付株式報酬としての自己株式の処分に関するお知らせ.pdf
   ✅ 保存: 5941_1345_中西製作所_(訂正)「剰余金の配当に関するお知らせ」の一部訂正.pdf
   ✅ 保存: 6085_1345_G-アーキテクツSJ_(訂正・数値データ訂正) 「2026年2月期決算短信〔日本基準〕(連結)」の訂正に関するお知らせ.pdf
   ✅ 保存: 5984_1340_兼房_業績予想の修正及び配当予想の修正に関するお知らせ.pdf
   ✅ 保存: 7883_1340_サンメッセ_業績予想の修正に関するお知らせ.pdf
   ✅ 保存: 1976_1330_明星工業_2026年3月期 決算短信〔日本基準〕(連結).pdf
   ✅ 保存: 1976_1330_明星工業_株主提案に対する当社取締役会意見に関するお知らせ.pdf
   ✅ 保存: 4556_1330_カイノス_2026年3月期 決算短信〔日本基準〕(非連結).pdf
   ✅ 保存: 5464_1330_モリ工業_2026年3月期 決算短信〔日本基準〕(連結).pdf
   ✅ 保存: 5464_1330_モリ工業_資本コストや株価を意識した経営の実現に向けた対応について(アップデート).pdf
   ✅ 保存: 5830_1330_いよぎんHD_2026年3月期 決算短信〔日本基準〕(連結).pdf
   ✅ 保存: 5830_1330_いよぎんHD_「2024年度中期経営計画」における経営指標の一部修正に関するお知らせ.pdf
   ✅ 保存: 5830_1330_いよぎんHD_当社および子会社における代表取締役およびその他役員の異動に関するお知らせ.pdf
   ✅ 保存: 5830_1330_いよぎんHD_株主提案に対する当社取締役会の意見に関するお知らせ.pdf
   ✅ 保存: 6392_1330_ヤマダコーポ_業績予想及び配当予想の修正に関するお知らせ.pdf
   ✅ 保存: 9503_1330_関西電力_美浜発電所3号機の原子炉手動停止について.pdf
   ✅ 保存: 194A_1300_G-WOLVES_子会社による光触媒技術を活用した空間清浄デバイス「Photo Barrier405」の発売開始のお知らせ.pdf
   ✅ 保存: 3546_1300_アレンザHD_2027年2月期 月次売上状況について(4月度).pdf
   ✅ 保存: 3663_1300_セルシス_2026年12月期 第1四半期決算短信〔日本基準〕(非連結).pdf
   ✅ 保存: 3663_1300_セルシス_2026年12月期 第1四半期決算説明補足資料.pdf
   ✅ 保存: 3766_1300_システムズD_2026年3月期 決算短信〔日本基準〕(連結).pdf
   ✅ 保存: 3766_1300_システムズD_「資本コストや株価を意識した経営の実現に向けた対応」に関するお知らせ(アップデート).pdf
   ✅ 保存: 4025_1300_多木化学_令和8年12月期 第1四半期決算短信〔日本基準〕(連結).pdf
   ✅ 保存: 4568_1300_第一三共_製品供給計画の見直しに伴う損失の発生および 2026年3月期通期連結業績予想の修正について.pdf
   ✅ 保存: 4568_1300_第一三共_2025年度連結業績予想修正説明会資料.pdf
   ...Page 008 を確認中
   ✅ 保存: 5204_1300_石塚硝_ガラスびん生産設備の更新に関するお知らせ.pdf
   ✅ 保存: 5408_1300_中山鋼_2026年3月期 決算短信〔日本基準〕(連結).pdf
   ✅ 保存: 5408_1300_中山鋼_剰余金の配当(増配)に関するお知らせ.pdf
   ✅ 保存: 5408_1300_中山鋼_2025年度決算補足資料.pdf
   ✅ 保存: 5727_1300_邦チタニウム_2026年3月期決算短信〔日本基準〕(連結).pdf
   ✅ 保存: 5727_1300_邦チタニウム_2026年3月期決算 補足説明資料.pdf
   ✅ 保存: 5727_1300_邦チタニウム_2026年3月期の通期業績予想数値と実績値との差異.pdf
   ✅ 保存: 5727_1300_邦チタニウム_支配株主等に関する事項について.pdf
   ✅ 保存: 5727_1300_邦チタニウム_2026年3月期個別業績と前期実績との差異に関するお知らせ.pdf
   ✅ 保存: 5727_1300_邦チタニウム_監査役設置会社への移行及び定款の一部変更に関するお知らせ.pdf
   ✅ 保存: 5729_1300_日精鉱_非上場の親会社等(その他の関係会社)の決算情報に関するお知らせ.pdf
   ✅ 保存: 6023_1300_ダイハツインフィ_2026年3月期決算短信〔日本基準〕(連結).pdf
   ✅ 保存: 6023_1300_ダイハツインフィ_監査等委員会設置会社への移行および定款の一部変更に関するお知らせ.pdf
   ✅ 保存: 6023_1300_ダイハツインフィ_自己株式の消却に関するお知らせ.pdf
   ✅ 保存: 6101_1300_ツガミ_自己株式の取得状況に関するお知らせ.pdf
   ✅ 保存: 6832_1300_アオイ電子_2026年3月期 決算短信〔日本基準〕(連結).pdf
   ✅ 保存: 6832_1300_アオイ電子_2026年3月期 通期連結業績予想と実績値の差異ならびに個別実績値と前期実績値の差異に関するお知らせ.pdf
   ✅ 保存: 6832_1300_アオイ電子_減価償却方法の変更に関するお知らせ.pdf
   ✅ 保存: 7013_1300_IHI_2026年3月期決算短信〔IFRS〕(連結).pdf
   ✅ 保存: 7013_1300_IHI_2025年度(2026年3月期)決算説明資料(IFRS).pdf
   ✅ 保存: 7013_1300_IHI_2025年度(2026年3月期)決算説明会_「中長期の方向性」および「経営概況(中長期に向けたロードマップ)」.pdf
   ✅ 保存: 7013_1300_IHI_株式会社IHI物流産業システムの株式の譲渡に関するお知らせ.pdf
   ✅ 保存: 7686_1300_ひとまいる_月次報告(2026年4月度).pdf
   ✅ 保存: 7966_1300_リンテック_2026年3月期 決算短信〔日本基準〕(連結).pdf
   ✅ 保存: 8084_1300_RYODEN_2026年3月期 決算短信〔日本基準〕(連結).pdf
   ✅ 保存: 8084_1300_RYODEN_配当予想の修正に関するお知らせ(増配).pdf
   ✅ 保存: 8084_1300_RYODEN_配当方針の変更(累進配当の導入)に関するお知らせ.pdf
   ✅ 保存: 9362_1300_兵機海運_2026年3月期 決算説明資料.pdf
   ✅ 保存: 9432_1300_NTT_2025年度決算短信〔IFRS〕(連結).pdf
   ✅ 保存: 9432_1300_NTT_2025年度 決算補足資料.pdf
   ✅ 保存: 9432_1300_NTT_2025年度 決算概要.pdf
   ✅ 保存: 9432_1300_NTT_中期経営戦略の一部見直し等に関するお知らせ.pdf
   ✅ 保存: 9432_1300_NTT_自己株式取得に係る事項の決定に関するお知らせ(会社法第165条第2項の規定による定款の定めに基づく自己株式の取得).pdf
   ✅ 保存: 9432_1300_NTT_代表取締役の異動に関するお知らせ.pdf
   ✅ 保存: 9790_1300_福井コンピ_2026年3月期 決算短信〔日本基準〕(連結).pdf
   ✅ 保存: 9790_1300_福井コンピ_連結子会社の吸収合併(簡易合併・略式合併)に関するお知らせ.pdf
   ✅ 保存: 9902_1300_日伝_2026年3月期 決算短信〔日本基準〕(連結).pdf
   ✅ 保存: 9902_1300_日伝_剰余金の配当および支払開始日の早期化に関するお知らせ.pdf
   ✅ 保存: 9902_1300_日伝_配当方針の変更に関するお知らせ.pdf
   ✅ 保存: 9902_1300_日伝_自己株式取得に係る事項の決定および自己株式消却に関するお知らせ.pdf
   ✅ 保存: 2193_1230_COOKPAD_2026年12月期 第1四半期決算短信〔IFRS〕(連結).pdf
   ✅ 保存: 2193_1230_COOKPAD_2026年12月期 第1四半期決算補足説明資料.pdf
   ✅ 保存: 2970_1230_GLC GROUP_2026年12月期月次概況(4月度速報)のお知らせ.pdf
   ✅ 保存: 4792_1230_山田コンサル_2026年3月期 決算短信〔日本基準〕(連結).pdf
   ✅ 保存: 5941_1230_中西製作所_2026年3月期 決算短信〔日本基準〕(非連結).pdf
   ✅ 保存: 5941_1230_中西製作所_剰余金の配当に関するお知らせ.pdf
   ✅ 保存: 5941_1230_中西製作所_監査役の異動に関するお知らせ.pdf
   ✅ 保存: 5941_1230_中西製作所_当社株券等の大量買付行為への対応策(買収への対応方針)継続に関するお知らせ.pdf
   ✅ 保存: 6497_1230_ハマイ_譲渡制限付株式報酬としての自己株式の処分の払込完了に関するお知らせ.pdf
   ✅ 保存: 8198_1230_MV東海_2027年2月期 4月度月次売上高前年比速報.pdf
   ✅ 保存: 3825_1200_REMIX_ビットコインレンディング取引の運用実績及び2026年4月末時点におけるビットコインの保有状況に関するお知らせ.pdf
   ✅ 保存: 386A_1200_みのや_2026年4月度 月次情報のお知らせ.pdf
   ✅ 保存: 4177_1200_G-i-plug_2026年4月度 主要KPI(速報)の推移に関するお知らせ.pdf
   ✅ 保存: 4528_1200_小野薬_2026年3月期決算短信〔IFRS〕(連結).pdf
   ✅ 保存: 4528_1200_小野薬_2026年3月期決算補足資料(連結IFRS).pdf
   ✅ 保存: 5015_1200_BPカストロール_2026年12月期第1四半期決算短信〔日本基準〕(非連結).pdf
   ✅ 保存: 5015_1200_BPカストロール_中東情勢の緊迫化に伴う当社事業及び業績への影響のお知らせ.pdf
   ✅ 保存: 6029_1200_アトラG_募集新株予約権(有償ストックオプション)の発行内容確定に関するお知らせ.pdf
   ✅ 保存: 6758_1200_ソニーグループ_2026年3月期 決算短信〔IFRS〕(連結).pdf
   ✅ 保存: 6758_1200_ソニーグループ_2025年度 連結業績概要(決算説明会資料).pdf
   ✅ 保存: 6758_1200_ソニーグループ_自己株式の取得枠設定及び自己株式の消却に関するお知らせ.pdf
   ✅ 保存: 6758_1200_ソニーグループ_2025年度個別決算における関係会社株式評価損及び関係会社事業損失引当金繰入額計上のお知らせ.pdf
   ✅ 保存: 8173_1200_Joshin_2026年3月期決算短信〔日本基準〕(連結).pdf
   ✅ 保存: 8173_1200_Joshin_2025年度(2026年3月期)通期決算説明資料.pdf
   ✅ 保存: 1326_1155_E-ワールド_SPDRゴールド・シェアに関する日々の開示事項.pdf
   ✅ 保存: 2371_1140_カカクコム_2026年3月期 決算短信〔IFRS〕(連結).pdf
   ✅ 保存: 2371_1140_カカクコム_2026年3月期 決算説明資料.pdf
   ✅ 保存: 1897_1130_金下建設_2026年12月期 第1四半期決算短信〔日本基準〕(連結).pdf
   ✅ 保存: 3261_1130_G-グラン_2026年12月期 第1四半期決算短信〔日本基準〕(連結).pdf
   ✅ 保存: 3261_1130_G-グラン_2026年12月期 第1四半期決算補足説明資料.pdf
   ✅ 保存: 3563_1130_F&LC_2026年9月期 第2四半期(中間期)決算短信〔IFRS〕(連結).pdf
   ✅ 保存: 3563_1130_F&LC_2026年9月期 上期 決算説明資料.pdf
   ✅ 保存: 3563_1130_F&LC_業績予想及び配当予想の修正に関するお知らせ.pdf
   ✅ 保存: 3563_1130_F&LC_株式分割及び株式分割に伴う定款の一部変更ならびに株主優待制度の変更に関するお知らせ.pdf
   ✅ 保存: 6638_1130_Mimaki_連結業績予想の修正に関するお知らせ.pdf
   ✅ 保存: 6638_1130_Mimaki_剰余金の配当(期末配当)及び記念配当に関するお知らせ.pdf
   ✅ 保存: 8065_1130_佐藤商_第四次中期経営計画(2026年度~2028年度)に関するお知らせ.pdf
   ✅ 保存: 8065_1130_佐藤商_2026年3月期 決算短信〔日本基準〕(連結).pdf
   ✅ 保存: 8065_1130_佐藤商_配当予想の修正(増額)に関するお知らせ.pdf
   ✅ 保存: 8282_1130_ケーズHD_減損損失の計上に関するお知らせ.pdf
   ✅ 保存: 8282_1130_ケーズHD_2026年3月期通期業績予想と実績値との差異に関するお知らせ.pdf
   ✅ 保存: 8282_1130_ケーズHD_「中期経営計画2027」並びに「資本コストや株価を意識した経営の実現に向けた対応」2年目終了時点進捗状況及び一部更新(上方修正)について.pdf
   ✅ 保存: 8282_1130_ケーズHD_2026年3月期 決算短信〔日本基準〕(連結).pdf
   ✅ 保存: 178A_1100_GX革新優良企業_2026年3月期(2025年9月25日~2026年3月24日)決算短信.pdf
   ✅ 保存: 2243_1100_GX半導体_2026年3月期(2025年9月25日~2026年3月24日)決算短信.pdf
   ✅ 保存: 2244_1100_GXUSテック20_2026年3月期(2025年9月25日~2026年3月24日)決算短信.pdf
   ✅ 保存: 2252_1100_GXUS中小モート_2026年3月期(2025年9月25日~2026年3月24日)決算短信.pdf
   ✅ 保存: 2253_1100_GXUSスーパーD_2026年3月期(2025年9月25日~2026年3月24日)決算短信.pdf
   ✅ 保存: 2254_1100_GX中国EVバッテリ_2026年3月期(2025年9月25日~2026年3月24日)決算短信.pdf
   ✅ 保存: 2636_1100_GXガバナンス日株_2026年3月期(2025年9月25日~2026年3月24日)決算短信.pdf
   ✅ 保存: 2637_1100_GXクリーン日株_2026年3月期(2025年9月25日~2026年3月24日)決算短信.pdf
   ✅ 保存: 2867_1100_GX自動EV_2026年3月期(2025年9月25日~2026年3月24日)決算短信.pdf
   ✅ 保存: 3190_1100_ホットマン_2026年3月期 決算短信〔日本基準〕(非連結).pdf
   ✅ 保存: 3190_1100_ホットマン_剰余金の配当(増配)に関するお知らせ.pdf
   ✅ 保存: 3190_1100_ホットマン_特別利益(株式売却益)及び特別損失(減損損失)の計上に関するお知らせ.pdf
   ✅ 保存: 6737_1100_EIZO_通期業績予想の修正に関するお知らせ.pdf
   ✅ 保存: 7309_1100_シマノ_譲渡制限付株式報酬としての自己株式の処分の払込完了に関するお知らせ.pdf
   ...Page 009 を確認中
   ✅ 保存: 8283_1100_PALTAC_自己株式の取得状況に関するお知らせ.pdf
   ✅ 保存: 8766_1100_東京海上_自己株式の取得状況に関するお知らせ.pdf
   ✅ 保存: 9475_1100_昭文社HD_自己株式の取得状況に関するお知らせ.pdf
   ✅ 保存: 5344_1040_MARUWA_2026年3月期 決算短信〔日本基準〕(連結).pdf
   ✅ 保存: 3121_1030_マーチャント_自己株式立会外買付取引(ToSTNeT-3)による自己株式の取得結果及び主要株主の異動に関するお知らせ.pdf
   ✅ 保存: 8560_1030_宮崎太銀_自己株式の取得状況に関するお知らせ.pdf
   ✅ 保存: 3921_1000_ネオジャパン_(訂正)「その他の関係会社の異動に関するお知らせ」の一部訂正について.pdf
   ✅ 保存: 5076_1000_インフロニアHD_業績予想の修正及び剰余金の配当(増配)に関するお知らせ.pdf
   ✅ 保存: 5076_1000_インフロニアHD_2029年満期ユーロ円建転換社債型新株予約権付社債(グリーンCB)の転換価額の調整に関するお知らせ.pdf
   ✅ 保存: 5302_1000_日カーボン_自己株式の取得状況に関するお知らせ(会社法第165条第2項の規定による定款の定めに基づく自己株式の取得).pdf
   ✅ 保存: 2345_0910_HODL1_AI経営管理エージェント事業の開始に関するお知らせ.pdf
   ✅ 保存: 1762_0900_高松G_業績予想および配当予想の修正に関するお知らせ.pdf
   ✅ 保存: 3042_0900_セキュアヴェイル_2026年3月期通期連結業績予想の修正に関するお知らせ.pdf
   ✅ 保存: 9412_0855_スカパーJSAT_(訂正)「スカパーJSATグループ 2026 年3月期 通期決算説明会資料」の一部訂正について.pdf
   ...Page 010 を確認中
   📝 一覧CSV保存: TDnet_Sorted_20260508.csv
   📝 一覧CSV保存（ルート）: TDnet_Sorted_20260508.csv
   📊 日別統計: page_access=10, pdf_success=807, excluded=11

============================================================
✅ ①完了（範囲取得）
   期間: 20260508 ～ 20260508 （mode=day）
   一覧ページアクセス合計: 10
   PDFダウンロード成功合計: 807
   除外件数合計: 11
   保存ルート: G:\マイドライブ\TDnet_Downloads

$ C:\Users\onok\AppData\Local\Python\pythoncore-3.14-64\python.exe -u ②a②bは２つフリーワード検索.py analyze --target 20260508 --save-root G:\マイドライブ\TDnet_Downloads --keywords 価格交渉 増産 価格改定 価格転嫁 値上 想定以上 上方修正 下方修正 想定以下 未達 大幅 計画を上 計画を下 計画以 需要回復 需要の回復 需要が増 需要が低 悪化 グローバルニッチトップ トップシェア シェア拡大 レアアース
ルート: G:\マイドライブ\TDnet_Downloads
対象指定: 20260508 mode= day from= 20260508 to= 20260508
対象フォルダ数: 1
検索キーワード: ['価格交渉', '増産', '価格改定', '価格転嫁', '値上', '想定以上', '上方修正', '下方修正', '想定以下', '未達', '大幅', '計画を上', '計画を下', '計画以', '需要回復', '需要の回復', '需要が増', '需要が低', '悪化', 'グローバルニッチトップ', 'トップシェア', 'シェア拡大', 'レアアース']
総PDF数（推定）: 807
[1/1] 日付フォルダ 20260508 を処理中... (このフォルダ内PDF数: 807)
  進捗: 50/807 件のPDFを解析済み
  進捗: 100/807 件のPDFを解析済み
  進捗: 150/807 件のPDFを解析済み
  進捗: 200/807 件のPDFを解析済み
  進捗: 250/807 件のPDFを解析済み
  進捗: 300/807 件のPDFを解析済み
MuPDF error: format error: cycle in structure tree

  進捗: 350/807 件のPDFを解析済み
  進捗: 400/807 件のPDFを解析済み
  進捗: 450/807 件のPDFを解析済み
  進捗: 500/807 件のPDFを解析済み
  進捗: 550/807 件のPDFを解析済み
  進捗: 600/807 件のPDFを解析済み
  進捗: 650/807 件のPDFを解析済み
  進捗: 700/807 件のPDFを解析済み
  進捗: 750/807 件のPDFを解析済み
  進捗: 800/807 件のPDFを解析済み
  進捗: 807/807 件のPDFを解析済み
  → 日付フォルダ 20260508 のヒットPDF数: 283

✅ ②A 完了（解析専用・キーワード別ページ列）
解析PDF数: 807
ヒットPDF数: 283
出力CSV: Analysis_Hits_free_word_20260508.csv
保存先: G:\マイドライブ\TDnet_Downloads

$ C:\Users\onok\AppData\Local\Python\pythoncore-3.14-64\python.exe -u ②a②bは２つフリーワード検索.py distribute --target 20260508 --save-root G:\マイドライブ\TDnet_Downloads --no-stop-on-empty-meta

✅ ②B 完了（配布用CSV作成・キーワード別ページ列）
出力: PDF_Search_Result_Distribution_free_word_20260508_sh.csv
キーワード列: ['価格交渉', '増産', '価格改定', '価格転嫁', '値上', '想定以上', '上方修正', '下方修正', '想定以下', '未達', '大幅', '計画を上', '計画を下', '計画以', '需要回復', '需要の回復', '需要が増', '需要が低', '悪化', 'グローバルニッチトップ', 'トップシェア', 'シェア拡大', 'レアアース']
突合除外件数: 0
空欄アラート件数: 0

============================================
 Done: 2026-05-08 23:16:05
============================================
