============================================
 TDnet auto run: 20260525
 Start: 2026-05-25 23:00:01
============================================

$ C:\Users\onok\AppData\Local\Python\pythoncore-3.14-64\python.exe -u ①_tdnetアクセスしてダウンロードする処理（月日付別フォルダ保存）.py --target 20260525 --save-root G:\マイドライブ\TDnet_Downloads
🎯 対象指定: 20260525（mode=day, from=20260525, to=20260525）
📁 保存ルート: G:\マイドライブ\TDnet_Downloads

============================================================
📅 日付: 20260525 を処理します
   ...Page 001 を確認中
   ✅ 保存: 298A_2000_G-GVATECH_2026年12月期第1四半期 決算に関する質疑応答集.pdf
   ✅ 保存: 317A_1800_P-SMSDTech_(開示事項の経過)連結子会社の清算結了に関するお知らせ.pdf
   ✅ 保存: 5986_1800_モリテック_中期経営計画の公表に関するお知らせ.pdf
   ✅ 保存: 4256_1745_G-サインド_定款一部変更に関するお知らせ.pdf
   ✅ 保存: 2164_1730_地域新聞社_第11回新株予約権(行使価額修正条項付)の行使停止に関するお知らせ.pdf
   ✅ 保存: 2354_1730_YE DIGITAL_株式報酬型ストック・オプション(新株予約権)の発行内容確定に関するお知らせ.pdf
   ✅ 保存: 5535_1730_ミガロHD_剰余金の配当に関するお知らせ.pdf
   ✅ 保存: 7059_1730_コプロHD_取締役候補者及び監査役候補者の選任に関するお知らせ.pdf
   ✅ 保存: 7433_1730_伯東_(訂正)「2026年3月期 決算補足説明資料」の一部訂正について.pdf
   ✅ 保存: 1786_1700_オリエンタル白石_根基営造股イ分有限公司との台湾における協業および合弁会社設立に向けた提携意向書の締結に関するお知らせ.pdf
   ✅ 保存: 1787_1700_ナカボーテック_支配株主等に関する事項について.pdf
   ✅ 保存: 1787_1700_ナカボーテック_取締役等の人事異動に関するお知らせ.pdf
   ✅ 保存: 198A_1700_G-ポストプライム_第三者割当による新株式の発行並びに第7回新株予約権(エクイティ・コミットメントライン付・行使価額固定型)の発行に関するお知らせ.pdf
   ✅ 保存: 2585_1700_ライフドリンクC_剰余金の配当に関するお知らせ.pdf
   ✅ 保存: 3024_1700_クリエイト_定款一部変更に関するお知らせ.pdf
   ✅ 保存: 3970_1700_G-イノベーション_(開示事項の経過)東京証券取引所スタンダード市場への市場区分変更承認に関するお知らせ.pdf
   ✅ 保存: 4116_1700_大日精化_(訂正)「2026年3月期 決算補足説明資料」の一部訂正について.pdf
   ✅ 保存: 4413_1700_ボードルア_有償ストック・オプション(新株予約権)の発行に関するお知らせ.pdf
   ✅ 保存: 4425_1700_G-Kudan_剰余金の処分及び役員の異動に関するお知らせ.pdf
   ✅ 保存: 5408_1700_中山鋼_当社株式の大規模な買付行為に関する適正ルール(買収への対応方針)の継続の件.pdf
   ✅ 保存: 6798_1700_SMK_別途積立金の取り崩しに関するお知らせ.pdf
   ✅ 保存: 7089_1700_G-フォースタ_取締役候補者の選任に関するお知らせ.pdf
   ✅ 保存: 7434_1700_オータケ_特別調査委員会の設置に関するお知らせ.pdf
   ✅ 保存: 7522_1700_ワタミ_取締役候補者の選任に関するお知らせ.pdf
   ✅ 保存: 7522_1700_ワタミ_Onigilly, Inc.の株式取得に関するお知らせ.pdf
   ✅ 保存: 7743_1700_シード_資金の借入に関するお知らせ.pdf
   ✅ 保存: 9828_1700_ゲンキGDC_定款の一部変更に関するお知らせ.pdf
   ✅ 保存: 9946_1700_ミニストップ_支配株主等に関する事項について.pdf
   ✅ 保存: 2304_1650_CSSHD_2026年9月期第2四半期決算説明資料.pdf
   ✅ 保存: 5532_1645_G-リアルゲイト_発行価格及び売出価格等の決定に関するお知らせ.pdf
   ✅ 保存: 1944_1630_きんでん_株式会社弘電社(証券コード_1948)の株券に対する公開買付けの開始に関するお知らせ.pdf
   ✅ 保存: 1948_1630_弘電社_2027年3月期の配当予想の修正(無配)に関するお知らせ.pdf
   ✅ 保存: 1948_1630_弘電社_株式会社きんでんによる当社株式に対する公開買付けに関する賛同の意見表明及び応募推奨のお知らせ.pdf
   ✅ 保存: 2984_1630_ヤマイチ_(訂正)「2026年3月期 決算補足説明資料」の一部訂正に関するお知らせ.pdf
   ✅ 保存: 3388_1630_明治電機_自己株式の取得及び自己株式立会外買付取引(ToSTNeT-3)による自己株式の買付けに関するお知らせ.pdf
   ✅ 保存: 3443_1630_川田TECH_2026年3月期 決算説明会資料.pdf
   ✅ 保存: 3476_1630_R-投資法人みらい_変動賃料物件(ホテル)の運用状況についてのお知らせ(2026年4月).pdf
   ✅ 保存: 3504_1630_丸八ホールディングス_代表取締役の異動に関するお知らせ.pdf
   ✅ 保存: 3773_1630_G-AMI_自己株式立会外買付取引(ToSTNeT-3)による自己株式の買付けに関するお知らせ.pdf
   ✅ 保存: 3774_1630_IIJ_譲渡制限付株式報酬としての自己株式の処分に関するお知らせ.pdf
   ✅ 保存: 3774_1630_IIJ_剰余金の配当に関するお知らせ.pdf
   ✅ 保存: 3951_1630_朝日印刷_組織変更および執行役員制度の導入ならびに人事異動に関するお知らせ.pdf
   ✅ 保存: 3951_1630_朝日印刷_役員退職慰労金制度の廃止に関するお知らせ.pdf
   ✅ 保存: 3951_1630_朝日印刷_役員報酬枠の変更に関するお知らせ.pdf
   ✅ 保存: 417A_1630_ブルーゾーンHD_(訂正)「役員に対する株式報酬制度の導入に関するお知らせ」の一部訂正について.pdf
   ✅ 保存: 5956_1630_トーソー_剰余金の配当に関するお知らせ.pdf
   ✅ 保存: 6037_1630_楽待_自己株式取得に係る事項の決定に関するお知らせ.pdf
   ✅ 保存: 6074_1630_JSS_連結子会社からの配当金受領に関するお知らせ.pdf
   ✅ 保存: 6229_1630_オーケーエム_自己株式の取得及び自己株式立会外買付取引(ToSTNeT-3)による自己株式の買付けに関するお知らせ.pdf
   ✅ 保存: 6503_1630_三菱電_株式会社弘電社の株式譲渡(連結子会社の異動)に関するお知らせ.pdf
   ✅ 保存: 7345_1630_G-アイパートナーズ_新任取締役候補者内定に関するお知らせ.pdf
   ✅ 保存: 7578_1630_ニチリョク_当社子会社による納骨堂事業に係る事業譲受及び債権取得に関するお知らせ.pdf
   ✅ 保存: 9237_1630_G-笑美面_自己株式の取得状況及び取得終了に関するお知らせ.pdf
   ✅ 保存: 418A_1620_ウリドキ_株式の立会外分売実施に関するお知らせ.pdf
   ✅ 保存: 4664_1620_アールエスシー_自己株式の取得及び自己株式立会外買付取引(ToSTNeT-3)による自己株式の買付けに関するお知らせ.pdf
   ✅ 保存: 7822_1620_永大産業_別途積立金の取り崩しに関するお知らせ.pdf
   ✅ 保存: 7822_1620_永大産業_当社株式等の大規模買付行為に関する対応策(買収への対応方針)の更新について.pdf
   ✅ 保存: 1711_1600_SDSHD_ストックオプション(新株予約権)の付与に関するお知らせ.pdf
   ✅ 保存: 173A_1600_G-ハンモック_剰余金の配当に関するお知らせ.pdf
   ✅ 保存: 1766_1600_東建コーポ_主要株主の異動に関するお知らせ.pdf
   ✅ 保存: 1950_1600_日本電設_人事異動のお知らせ.pdf
   ✅ 保存: 2674_1600_ハードオフ_当社株式の大規模買付行為に関する対応方針(買収への対応方針)の更新に 関するお知らせ.pdf
   ✅ 保存: 2721_1600_JHD_第三者割当により発行された第10回新株予約権(行使価額修正条項付)の大量行使に関するお知らせ.pdf
   ✅ 保存: 2981_1600_G-ランディックス_剰余金の配当に関するお知らせ.pdf
   ✅ 保存: 2981_1600_G-ランディックス_資本金の額の減少に関するお知らせ.pdf
   ✅ 保存: 3010_1600_ポラリスHD_ホテル運営状況に関するお知らせ(2026年4月度).pdf
   ✅ 保存: 3184_1600_ICDA・HD_剰余金の配当に関するお知らせ.pdf
   ✅ 保存: 323A_1600_G-フライヤー_事業計画及び成長可能性に関する説明資料.pdf
   ✅ 保存: 323A_1600_G-フライヤー_支配株主等に関する事項について.pdf
   ✅ 保存: 323A_1600_G-フライヤー_上場維持基準への適合に向けた計画(改善期間入り)について.pdf
   ✅ 保存: 3282_1600_R-コンフォリア_2026年7月期及び2027年1月期の運用状況の予想の修正に関するお知らせ.pdf
   ✅ 保存: 3282_1600_R-コンフォリア_国内不動産信託受益権の取得及び譲渡に関するお知らせ.pdf
   ✅ 保存: 3399_1600_山岡家_自己株式取得に係る事項の決定に関するお知らせ.pdf
   ✅ 保存: 3741_1600_セック_2026年3月期 決算説明資料.pdf
   ✅ 保存: 3835_1600_eBASE_剰余金の配当に関するお知らせ.pdf
   ✅ 保存: 3856_1600_Abalance_第27期定時株主総会及び継続会の開催に関するお知らせ.pdf
   ✅ 保存: 3856_1600_Abalance_役員の異動内定に関するお知らせ.pdf
   ✅ 保存: 3856_1600_Abalance_資本金の額の減少及び資本準備金の額の減少に関するお知らせ.pdf
   ✅ 保存: 3856_1600_Abalance_自己株式の取得に係る事項の決定に関するお知らせ.pdf
   ✅ 保存: 3856_1600_Abalance_(開示事項の変更)当社元取締役の人事方針変更に関するお知らせ.pdf
   ✅ 保存: 4044_1600_セ硝子_剰余金の配当に関するお知らせ.pdf
   ✅ 保存: 4228_1600_積水化成_(開示事項の経過)連結子会社(孫会社)の異動を伴う持分譲渡価格決定に関するお知らせ.pdf
   ✅ 保存: 4415_1600_G-ブロードエンター_組織変更および執行役員人事に関するお知らせ.pdf
   ✅ 保存: 4679_1600_田谷_役員人事に関するお知らせ.pdf
   ✅ 保存: 5341_1600_ASAHI EITO_(開示事項の経過)新たな事業、暗号資産流動性提供事業のテスト運用結果と同事業の拡大について.pdf
   ✅ 保存: 5342_1600_ジャニス工_取締役の退任及び役員の異動に関するお知らせ.pdf
   ✅ 保存: 5695_1600_パウダテック_支配株主等に関する事項について.pdf
   ✅ 保存: 5922_1600_那須鉄_株主提案に対する当社取締役会意見に関するお知らせ.pdf
   ✅ 保存: 5922_1600_那須鉄_剰余金の配当に関するお知らせ.pdf
   ✅ 保存: 5973_1600_トーアミ_固定資産の譲渡に関するお知らせ.pdf
   ...Page 002 を確認中
   ✅ 保存: 6493_1600_NITTAN_剰余金の配当に関するお知らせ.pdf
   ✅ 保存: 6493_1600_NITTAN_配当方針の変更に関するお知らせ.pdf
   ✅ 保存: 6494_1600_NFK-HD_子会社における大型受注に関するお知らせ.pdf
   ✅ 保存: 6503_1600_三菱電_当社執行役等に対する業績連動型株式報酬制度への追加拠出及び当社幹部従業員を対象とした株式交付制度の導入に関するお知らせ.pdf
   ✅ 保存: 6503_1600_三菱電_役員報酬BIP信託の延長及び株式付与ESOP信託の導入にかかる自己株式処分に関するお知らせ.pdf
   ✅ 保存: 6629_1600_テクノホライゾン_商号の変更及び定款の一部変更に関するお知らせ.pdf
   ✅ 保存: 6629_1600_テクノホライゾン_連結子会社の吸収合併に関するお知らせ.pdf
   ✅ 保存: 6699_1600_ダイヤHD_執行役員の管掌・担当職務の変更に関するお知らせ.pdf
   ✅ 保存: 6797_1600_名古屋電機工業_2026年3月期 決算および中期経営計画[変更]_説明資料.pdf
   ✅ 保存: 6838_1600_多摩川HD_当社子会社における固定資産(系統用蓄電所)の取得に関するお知らせ.pdf
   ✅ 保存: 6932_1600_遠藤照明_株主提案に対する当社取締役会の意見に関するお知らせ.pdf
   ✅ 保存: 7138_1600_G-TORICO_取締役候補者及び監査役候補者の選任に関するお知らせ.pdf
   ✅ 保存: 7138_1600_G-TORICO_公認会計士等の異動に関するお知らせ.pdf
   ✅ 保存: 7222_1600_日産車体_株主提案に対する当社取締役会意見に関するお知らせ.pdf
   ✅ 保存: 7222_1600_日産車体_剰余金の配当に関するお知らせ.pdf
   ✅ 保存: 7236_1600_ティラド_剰余金の配当(期末配当)に関するお知らせ.pdf
   ✅ 保存: 7236_1600_ティラド_株式分割ならびに株式分割に伴う定款の一部変更及び配当予想の修正に関するお知らせ.pdf
   ✅ 保存: 7278_1600_エクセディ_投資単位の引下げに関する考え方および方針等について.pdf
   ✅ 保存: 7593_1600_VTHD_資本準備金及び利益準備金の額の減少に関するお知らせ.pdf
   ✅ 保存: 7593_1600_VTHD_譲渡制限付株式報酬制度の導入に関するお知らせ.pdf
   ✅ 保存: 7769_1600_リズム_(訂正)「2026 年3月期 決算短信〔日本基準〕(連結)」の一部訂正について.pdf
   ✅ 保存: 7781_1600_平山_当社及び子会社の商号変更に関するお知らせ.pdf
   ✅ 保存: 8030_1600_中央魚_代表取締役の異動に関するお知らせ.pdf
   ✅ 保存: 8030_1600_中央魚_譲渡制限付き株式報酬制度の導入に関するお知らせ.pdf
   ✅ 保存: 9051_1600_センコン物流_剰余金の配当に関するお知らせ.pdf
   ✅ 保存: 9051_1600_センコン物流_代表取締役及び役員の異動に関するお知らせ.pdf
   ✅ 保存: 9265_1600_ヤマシタヘルスケア_社員持株会に対する譲渡制限付株式としての自己株式処分の払込完了及び一部失権に関するお知らせ.pdf
   ✅ 保存: 9418_1600_U-NEXT_株式会社GoHandsの株式取得による子会社化に関するお知らせ.pdf
   ✅ 保存: 9450_1600_ファイバーゲート_2026年6月期3Q 決算説明動画および書き起こし公開のお知らせ.pdf
   ✅ 保存: 5983_1545_イワブチ_役員人事に関するお知らせ.pdf
   ✅ 保存: 4488_1535_G-AIinside_取締役候補者に関するお知らせ.pdf
   ✅ 保存: 9612_1535_ラックランド_当社取締役に対する譲渡制限付株式報酬としての新株式の払込完了に関するお知らせ.pdf
   ✅ 保存: 177A_1530_G-コージンバイオ_公認会計士等の異動に関するお知らせ.pdf
   ✅ 保存: 177A_1530_G-コージンバイオ_定款の一部変更に関するお知らせ.pdf
   ✅ 保存: 196A_1530_G-MFS_決算説明会および質疑応答書き起こしのお知らせ.pdf
   ✅ 保存: 2201_1530_森永菓_役員向け業績連動型株式報酬制度の一部改定に関するお知らせ.pdf
   ✅ 保存: 2292_1530_S FOODS_支配株主等に関する事項について.pdf
   ✅ 保存: 2311_1530_エプコ_2026年4月度 月次業績に関するお知らせ.pdf
   ✅ 保存: 2323_1530_fonfun_第二次中期経営計画プロジェクトフェニックスII.pdf
   ✅ 保存: 2337_1530_いちご_支配株主等に関する事項について.pdf
   ✅ 保存: 2686_1530_ジーフット_支配株主等に関する事項について.pdf
   ✅ 保存: 2753_1530_あみやき_取締役候補者及び監査役候補者の決定に関するお知らせ.pdf
   ✅ 保存: 302A_1530_G-ビースタイルHD_取締役候補者の選任、監査役候補者の選任及び退任に関するお知らせ.pdf
   ✅ 保存: 3050_1530_DCM_自己株式の取得状況および取得終了に関するお知らせ.pdf
   ✅ 保存: 3054_1530_ハイパー_非上場の親会社等の決算情報に関するお知らせ.pdf
   ✅ 保存: 3076_1530_あいHD_従業員持株会を通じた譲渡制限付株式付与のための第三者割当による自己株式の処分に関するお知らせ.pdf
   ✅ 保存: 3110_1530_日東紡_株式分割、株式分割に伴う定款の一部変更及び配当予想の修正に関するお知らせ.pdf
   ✅ 保存: 3157_1530_ジオリーブグループ_(訂正)「中期経営計画策定に関するお知らせ」の一部訂正について.pdf
   ✅ 保存: 3157_1530_ジオリーブグループ_譲渡制限付株式報酬制度の導入に関するお知らせ.pdf
   ✅ 保存: 3317_1530_フライングG_当社の取締役会の実効性の評価結果の概要について.pdf
   ✅ 保存: 3388_1530_明治電機_剰余金の配当に関するお知らせ.pdf
   ✅ 保存: 3423_1530_エスイー_定款一部変更に関するお知らせ.pdf
   ✅ 保存: 3463_1530_R-いちごホテル_ホテル運営状況のお知らせ(2026年4月度).pdf
   ✅ 保存: 3468_1530_R-スターアジア_ホテル運営状況に関するお知らせ(2026年4月度).pdf
   ✅ 保存: 3489_1530_フェイスネットワーク_剰余金の配当に関するお知らせ.pdf
   ✅ 保存: 3624_1530_G-アクセルM_第15回新株予約権(強制行使条項を付した有償ストックオプション)の消滅に関するお知らせ.pdf
   ✅ 保存: 3796_1530_いい生活_剰余金の配当に関するお知らせ.pdf
   ✅ 保存: 3796_1530_いい生活_社外取締役候補者の選任及び社外取締役の辞任に関するお知らせ.pdf
   ✅ 保存: 3796_1530_いい生活_2026年4月度 月次概況(速報)に関するお知らせ.pdf
   ✅ 保存: 3824_1530_Q-メディア5_配当予想の修正(創立30周年記念配当)に関するお知らせ.pdf
   ✅ 保存: 4047_1530_関電化_2026年3月期 決算説明会資料.pdf
   ✅ 保存: 4320_1530_CEHD_連結子会社間の合併に関するお知らせ.pdf
   ✅ 保存: 4523_1530_エーザイ_「経営戦略説明会」資料.pdf
   ✅ 保存: 4650_1530_SDエンター_代表取締役社長の異動及び役員の異動に関するお知らせ.pdf
   ✅ 保存: 4718_1530_早稲アカ_中期経営計画の策定に関するお知らせ.pdf
   ✅ 保存: 4777_1530_ガーラ_連結子会社の異動(持分比率の低下による連結範囲からの除外)の確定に関するお知らせ.pdf
   ✅ 保存: 4886_1530_あすか製薬HD_定款一部変更に関するお知らせ.pdf
   ✅ 保存: 4886_1530_あすか製薬HD_取締役(社外取締役及び監査等委員である取締役を除く)に対する譲渡制限付株式報酬制度の改定及び社外取締役(監査等委員である取締役を除く)に対する譲渡.pdf
   ✅ 保存: 4886_1530_あすか製薬HD_公認会計士等の異動に関するお知らせ.pdf
   ✅ 保存: 4886_1530_あすか製薬HD_ダルトンらによる大規模買付行為等が企図されている現状(有事)を踏まえたダルトンらが当社の対応方針を遵守せず大規模買付行為等を行った場合における.pdf
   ✅ 保存: 4889_1530_G-レナサイエンス_資本準備金の額の減少及び剰余金の処分に関するお知らせ.pdf
   ✅ 保存: 4889_1530_G-レナサイエンス_事業計画及び成長可能性に関する事項.pdf
   ✅ 保存: 4889_1530_G-レナサイエンス_定款一部変更のお知らせ.pdf
   ✅ 保存: 4914_1530_高砂香料_2026年3月期 決算説明会資料.pdf
   ✅ 保存: 4970_1530_東洋合成_投資単位の引下げに関する考え方及び方針等について.pdf
   ✅ 保存: 5563_1530_新日本電工_譲渡制限付株式報酬としての自己株式の処分の払込完了に関するお知らせ.pdf
   ✅ 保存: 5618_1530_G-ナイル_資金の借入(新規)に関するお知らせ.pdf
   ✅ 保存: 5631_1530_日製鋼所_投資単位の引下げに関する考え方及び方針等について.pdf
   ✅ 保存: 5991_1530_ニッパツ_(訂正・数値データ訂正)「2026年3月期 決算短信〔日本基準〕(連結)」の一部訂正について.pdf
   ✅ 保存: 6031_1530_G-ZETA_自己株式の取得期間の延長に関するお知らせ.pdf
   ✅ 保存: 6037_1530_楽待_過去の決算短信等の訂正に関するお知らせ.pdf
   ✅ 保存: 6089_1530_ウィルグループ_補欠監査役候補者の選任に関するお知らせ.pdf
   ✅ 保存: 6104_1530_芝浦機械_2026年3月期決算短信〔日本基準〕(連結).pdf
   ✅ 保存: 6104_1530_芝浦機械_2026年3月期決算補足資料.pdf
   ✅ 保存: 6104_1530_芝浦機械_2026年3月期通期連結業績予想値と実績値の差異に関するお知らせ.pdf
   ✅ 保存: 6104_1530_芝浦機械_2026年3月期決算短信の開示が期末後50日を超えたことに関するお知らせ.pdf
   ✅ 保存: 6104_1530_芝浦機械_(訂正・数値データ訂正)「2026年3月期 第3四半期決算短信〔日本基準〕(連結)」の一部訂正に関するお知らせ.pdf
   ✅ 保存: 6305_1530_日立建機_剰余金の配当(期末配当)に関するお知らせ.pdf
   ✅ 保存: 6305_1530_日立建機_商号変更及び商号変更等に伴う定款一部変更に関するお知らせ.pdf
   ✅ 保存: 6347_1530_プラコー_剰余金の配当に関するお知らせ.pdf
   ✅ 保存: 6347_1530_プラコー_定款の一部変更に関するお知らせ.pdf
   ✅ 保存: 6503_1530_三菱電_退職給付信託返還益(特別利益)の計上に関するお知らせ.pdf
   ✅ 保存: 6504_1530_富士電機_剰余金の配当に関するお知らせ.pdf
   ✅ 保存: 6574_1530_G-コンヴァノ_剰余金の配当に関するお知らせ.pdf
   ✅ 保存: 6574_1530_G-コンヴァノ_決算期(事業年度の末日)の変更及び定款の一部変更に関するお知らせ.pdf
   ✅ 保存: 6574_1530_G-コンヴァノ_資本準備金の額の減少及び資本金の額の減少に関するお知らせ.pdf
   ✅ 保存: 6809_1530_TOA_剰余金の配当に関するお知らせ.pdf
   ✅ 保存: 6904_1530_原田工業_剰余金の配当に関するお知らせ.pdf
   ✅ 保存: 7277_1530_TBK_(訂正)「減損損失の計上及び連結業績予想と実績値との差異に関するお知らせ」の 一部訂正について.pdf
   ✅ 保存: 7277_1530_TBK_特別損失(事業再編損)の発生に関するお知らせ.pdf
   ...Page 003 を確認中
   ✅ 保存: 7277_1530_TBK_(訂正・数値データ訂正)「2026年3月期 決算短信〔日本基準〕(連結)」の一部訂正について.pdf
   ✅ 保存: 7370_1530_G-Enjin_2026年5月期 月次売上(4月度)のお知らせ.pdf
   ✅ 保存: 7433_1530_伯東_(訂正・数値データ訂正)「2026年3月期 決算短信〔日本基準〕(連結)」の一部訂正について.pdf
   ✅ 保存: 7433_1530_伯東_中期経営計画「Hakuto2028」の見直しに関するお知らせ.pdf
   ✅ 保存: 7458_1530_第一興商_剰余金の配当に関するお知らせ.pdf
   ✅ 保存: 7458_1530_第一興商_役員人事に関するお知らせ.pdf
   ✅ 保存: 7472_1530_鳥羽洋行_譲渡制限付株式報酬としての自己株式の処分に関するお知らせ.pdf
   ✅ 保存: 7482_1530_シモジマ_資本コストや株価を意識した経営の実現に向けた対応の進捗並びに今後の取組みについて.pdf
   ✅ 保存: 7898_1530_ウッドワン_当社株式の大規模買付行為等に関する対応方針(第九回買収防衛策)の導入に関するお知らせ.pdf
   ✅ 保存: 7898_1530_ウッドワン_定款の一部変更に関するお知らせ.pdf
   ✅ 保存: 7898_1530_ウッドワン_ストックオプション(新株予約権)の付与に関するお知らせ.pdf
   ✅ 保存: 7970_1530_信越ポリマ_剰余金の配当に関するお知らせ.pdf
   ✅ 保存: 7970_1530_信越ポリマ_執行役員及び従業員に対してストックオプションとして新株予約権を発行する件.pdf
   ✅ 保存: 8037_1530_カメイ_従業員持株会向け譲渡制限付株式インセンティブ制度の導入に関するお知らせ.pdf
   ✅ 保存: 8037_1530_カメイ_執行役員及び管理職従業員向け譲渡制限付株式インセンティブ制度の導入に関するお知らせ.pdf
   ✅ 保存: 8037_1530_カメイ_「長期経営方針」の改定に関するお知らせ.pdf
   ✅ 保存: 8037_1530_カメイ_取締役及び監査役に対する譲渡制限付株式報酬制度の導入に関するお知らせ.pdf
   ✅ 保存: 8037_1530_カメイ_剰余金の配当(期末配当)に関するお知らせ.pdf
   ✅ 保存: 8061_1530_西華産_2026年3月期 決算説明資料.pdf
   ✅ 保存: 8558_1530_東和銀_第1期中期経営計画および長期ビジョンにおける財務目標の見直しに関するお知らせ.pdf
   ✅ 保存: 8769_1530_ARM_剰余金の配当に関するお知らせ.pdf
   ✅ 保存: 8769_1530_ARM_役員の異動、組織変更および執行役員の管掌・担当変更に関するお知らせ.pdf
   ✅ 保存: 8955_1530_R-Jプライム_資金の借入れに関するお知らせ.pdf
   ✅ 保存: 8963_1530_R-INV_ポートフォリオの運用実績(2026年4月)に関するお知らせ.pdf
   ✅ 保存: 8985_1530_R-JHR_2026年4月度の月次開示に関するお知らせ.pdf
   ✅ 保存: 9008_1530_京王_代表取締役および役員の異動について.pdf
   ✅ 保存: 9206_1530_SFJ_2026年4月度 旅客輸送実績・運航実績.pdf
   ✅ 保存: 9253_1530_G-スローガン_事業計画及び成長可能性に関する事項.pdf
   ✅ 保存: 9268_1530_オプティマス_第12回定時株主総会の付議議案に関するお知らせ.pdf
   ✅ 保存: 9268_1530_オプティマス_中長期業績連動報酬制度(パフォーマンス・シェア・ユニット制度)の導入に 関するお知らせ.pdf
   ✅ 保存: 9388_1530_Q-パパネッツ_譲渡制限付株式報酬としての自己株式の処分に関するお知らせ.pdf
   ✅ 保存: 9423_1530_フォーバルRS_支配株主等に関する事項について.pdf
   ✅ 保存: 9423_1530_フォーバルRS_剰余金の配当に関するお知らせ.pdf
   ✅ 保存: 9519_1530_レノバ_2026年4月売電量のお知らせ.pdf
   ✅ 保存: 9605_1530_東映_役員異動(内定)のお知らせ.pdf
   ✅ 保存: 9729_1530_トーカイ_2026年3月期決算説明会資料.pdf
   ✅ 保存: 9887_1530_松屋フーズHD_支配株主等に関する事項について.pdf
   ✅ 保存: 9996_1530_サトー商会_剰余金の配当に関するお知らせ.pdf
   ✅ 保存: 1770_1500_藤田エンジ_剰余金の配当に関するお知らせ.pdf
   ✅ 保存: 2376_1500_サイネックス_剰余金の配当に関するお知らせ.pdf
   ✅ 保存: 2376_1500_サイネックス_役員の異動に関するお知らせ.pdf
   ✅ 保存: 2376_1500_サイネックス_公認会計士等の異動に関するお知らせ.pdf
   ✅ 保存: 4556_1500_カイノス_株式併合、単元株式数の定めの廃止及び定款の一部変更に係る承認決議に関するお知らせ.pdf
   ✅ 保存: 5579_1500_GSI_定款一部変更に関するお知らせ.pdf
   ✅ 保存: 6463_1500_TPR_2026年3月期(第93期)剰余金の配当に関するお知らせ.pdf
   ✅ 保存: 6943_1500_NKK_代表取締役の異動に関するお知らせ.pdf
   ✅ 保存: 7013_1500_IHI_(訂正・数値データ訂正)「2026年3月期 決算短信〔IFRS〕(連結)」の一部訂正に関するお知らせ.pdf
   ✅ 保存: 7039_1500_G-ブリッジグループ_株式会社EraXの株式の取得(子会社化)に関するお知らせ.pdf
   ✅ 保存: 7039_1500_G-ブリッジグループ_EraX社の株式取得の補足説明資料.pdf
   ✅ 保存: 7173_1500_東京きらぼしFG_第二種優先株式の取得及び消却完了に関するお知らせ.pdf
   ✅ 保存: 7670_1500_オーウエル_(訂正)「2026 年3月期決算短信〔日本基準〕(連結)」の一部訂正に関するお知らせ.pdf
   ✅ 保存: 8416_1500_高知銀行_会計監査人の異動に関するお知らせ.pdf
   ✅ 保存: 8897_1500_ミラースHD_(訂正)「自己株式の消却に関するお知らせ」の一部訂正について.pdf
   ✅ 保存: 9702_1500_アイエスビー_主要株主の異動に関するお知らせ.pdf
   ✅ 保存: 9888_1500_UEX_当社及び当社子会社の従業員に対する譲渡制限付株式インセンティブとしての自己株式の処分価額等の決定に関するお知らせ.pdf
   ✅ 保存: 7501_1450_ティムコ_堅果シナジ一投資事業有限責任組合による当社株式に対する公開買付けの結果並びにその他の関係会社、主要株主及び主要株主である筆頭株主の異動に関するお知ら.pdf
   ✅ 保存: 3374_1430_内外テック_(訂正)「中期経営計画策定に関するお知らせ」の一部訂正について.pdf
   ✅ 保存: 4206_1430_アイカ工_2026年3月期決算説明会資料.pdf
   ✅ 保存: 6574_1430_G-コンヴァノ_役員の異動に関するお知らせ.pdf
   ✅ 保存: 9337_1430_G-トリドリ_2026年12月期 第1四半期決算説明動画と書き起こし公開のお知らせ.pdf
   ✅ 保存: 9534_1410_北海瓦斯_剰余金の配当に関するお知らせ.pdf
   ✅ 保存: 2674_1400_ハードオフ_剰余金の配当に関するお知らせ.pdf
   ✅ 保存: 6062_1400_チャームケア_通期業績予想の修正及び配当予想の修正(増配)に関するお知らせ.pdf
   ✅ 保存: 7003_1400_三井E&S_「三井E&S Rolling Vision 2026(中計)」策定に関するお知らせ.pdf
   ✅ 保存: 8020_1400_兼松_剰余金の配当(期末配当)に関するお知らせ.pdf
   ✅ 保存: 8387_1400_四国銀_譲渡制限付株式報酬としての自己株式の処分に関するお知らせ.pdf
   ✅ 保存: 4188_1330_三菱ケミカルグループ_石油化学事業の分社化に向けた検討開始に関するお知らせ.pdf
   ✅ 保存: 4272_1315_日化薬_「ゾラデックス3.6mgデポ_LA10.8mgデポ」の製造販売承認 承継に関する契約を締結.pdf
   ✅ 保存: 216A_1300_P-ライフクリエイト_資金の借入に関するお知らせ.pdf
   ✅ 保存: 2908_1300_フジッコ_2026年3月期 決算説明会資料.pdf
   ✅ 保存: 2984_1300_ヤマイチ_(訂正・数値データ訂正) 2026年3月期決算短信〔日本基準〕(連結)の一部訂正について.pdf
   ✅ 保存: 3845_1300_アイフリーク_資本金及び資本準備金の額の減少に関するお知らせ.pdf
   ✅ 保存: 3845_1300_アイフリーク_定款一部変更に関するお知らせ.pdf
   ✅ 保存: 4088_1300_エア・ウォーター_(訂正)「経営体制の見直しに伴う取締役・監査役の異動、 および執行役員の異動、ならびに組織変更に関するお知らせ」の一部訂正について.pdf
   ✅ 保存: 4687_1300_TDCソフト_2026年3月期決算〔日本基準〕(連結)決算説明会資料.pdf
   ✅ 保存: 6284_1300_ASB機械_2026年9月期 第2四半期決算説明会資料.pdf
   ✅ 保存: 6768_1300_タムラ製_本社移転および定款一部変更に関するお知らせ.pdf
   ✅ 保存: 6859_1300_エスペック_2025年度(2026年3月期)決算説明.pdf
   ✅ 保存: 7062_1300_G-フレアス_(開示事項の経過および変更) 連結子会社への事業譲渡日程の決定および譲渡価額の変更に関するお知らせ.pdf
   ✅ 保存: 7062_1300_G-フレアス_取締役候補者及び監査等委員である取締役候補者選任に関するお知らせ.pdf
   ✅ 保存: 8541_1300_愛媛銀_株主提案に対する当行取締役会の意見に関するお知らせ.pdf
   ✅ 保存: 5869_1220_早稲田学習研究会_譲渡制限付株式報酬としての自己株式の処分の払込完了に関するお知らせ.pdf
   ✅ 保存: 4202_1215_ダイセル_(訂正)「中期戦略 Accelerate 2030」の一部訂正について.pdf
   ✅ 保存: 229A_1200_P-アスミHD_上場目的の開示について.pdf
   ✅ 保存: 3173_1200_Cominix_2026年3月期 決算説明会資料.pdf
   ✅ 保存: 3778_1200_さくらインターネット_役員人事のお知らせ.pdf
   ✅ 保存: 6070_1200_キャリアリンク_中期経営計画策定に関するお知らせ.pdf
   ✅ 保存: 1326_1150_E-ワールド_SPDRゴールド・シェアに関する日々の開示事項.pdf
   ✅ 保存: 9090_1130_AZ-COM丸和HD_主要株主である筆頭株主の異動に関するお知らせ.pdf
   ✅ 保存: 140A_1100_iF米10国債ベア_2026年4月期(2025年10月11日~2026年4月10日)決算短信.pdf
   ✅ 保存: 1921_1100_巴_株主提案に対する当社取締役会の意見に関するお知らせ.pdf
   ✅ 保存: 2017_1100_iFJPXプラ150_2026年4月期(2025年10月11日~2026年4月10日)決算短信.pdf
   ✅ 保存: 2624_1100_iF225年4_2026年4月期(2025年10月11日~2026年4月10日)決算短信.pdf
   ✅ 保存: 2625_1100_iFTPX年4_2026年4月期(2025年10月11日~2026年4月10日)決算短信.pdf
   ✅ 保存: 2868_1100_GXSPXカバコ_2026年4月期(2025年10月11日~2026年4月10日)決算短信.pdf
   ✅ 保存: 356A_1100_GXSPCF100_2026年4月期(2025年10月11日~2026年4月10日)決算短信.pdf
   ✅ 保存: 363A_1100_iF英国FT100_2026年4月期(2025年10月11日~2026年4月10日)決算短信.pdf
   ...Page 004 を確認中
   ✅ 保存: 379A_1100_GXSPXプロテクト_2026年4月期(2025年10月11日~2026年4月10日)決算短信.pdf
   ✅ 保存: 5038_1100_G-eWeLL_2026年12月期 第1四半期決算説明会 質疑応答(要旨)書き起こし.pdf
   ✅ 保存: 5038_1100_G-eWeLL_2026年12月期 第1四半期決算説明会 書き起こし記事及び動画公開のお知らせ.pdf
   ✅ 保存: 6230_1100_SANEI_2026年3月期 決算説明資料.pdf
   ✅ 保存: 9686_1100_東洋テック_2026年3月期決算説明動画配信に関するお知らせ.pdf
   ✅ 保存: 2437_1045_シンワワイズ_近代美術・コンテンポラリーアートコレクションの落札結果に関するお知らせ.pdf
   ✅ 保存: 2998_1005_G-クリアル_自己株式立会外買付取引(ToSTNeT-3)による自己株式の取得結果に関するお知らせ.pdf
   ✅ 保存: 9960_1000_東テク_2026年3月期決算_第二次中期経営計画 説明会資料.pdf
   ✅ 保存: 9984_1000_ソフトバンクグループ_国内ハイブリッド社債(利払繰延条項付)の発行に関するお知らせ.pdf
   ✅ 保存: 3185_0856_G-夢展望_資本金及び資本準備金の額の減少並びに剰余金の処分に関するお知らせ.pdf
   ✅ 保存: 520A_0855_G-ジェイファーマ_取締役候補者の選任及び新経営体制に関するお知らせ.pdf
   ✅ 保存: 520A_0855_G-ジェイファーマ_譲渡制限付株式報酬制度の導入に関するお知らせ.pdf
   ✅ 保存: 520A_0855_G-ジェイファーマ_資本金及び資本準備金の額の減少並びに剰余金処分に関するお知らせ.pdf
   ✅ 保存: 4583_0850_G-カイオム_第23回新株予約権(行使価額修正条項付)の大量行使に関するお知らせ.pdf
   ✅ 保存: 2337_0830_いちご_第26期定時株主総会における議決権行使結果のお知らせ.pdf
   ✅ 保存: 290A_0830_G-Syns_自社9機目の小型SAR衛星StriXシリーズ打上げ完了に関するお知らせ.pdf
   ✅ 保存: 4594_0830_G-ブライトパス_2026年3月期決算説明会資料.pdf
   ✅ 保存: 3556_0800_G-リネットジャパン_株式会社マックビーヒル就労支援機構の株式取得に向けた基本合意書締結に関するお知らせ.pdf
   ...Page 005 を確認中
   📝 一覧CSV保存: TDnet_Sorted_20260525.csv
   📝 一覧CSV保存（ルート）: TDnet_Sorted_20260525.csv
   📊 日別統計: page_access=5, pdf_success=305, excluded=17

============================================================
✅ ①完了（範囲取得）
   期間: 20260525 ～ 20260525 （mode=day）
   一覧ページアクセス合計: 5
   PDFダウンロード成功合計: 305
   除外件数合計: 17
   保存ルート: G:\マイドライブ\TDnet_Downloads

$ C:\Users\onok\AppData\Local\Python\pythoncore-3.14-64\python.exe -u ②a②bは２つフリーワード検索.py analyze --target 20260525 --save-root G:\マイドライブ\TDnet_Downloads --keywords 価格交渉 増産 価格改定 価格転嫁 値上 想定以上 上方修正 下方修正 想定以下 未達 大幅 計画を上 計画を下 計画以 需要回復 需要の回復 需要が増 需要が低 悪化 グローバルニッチトップ トップシェア シェア拡大 レアアース
ルート: G:\マイドライブ\TDnet_Downloads
対象指定: 20260525 mode= day from= 20260525 to= 20260525
対象フォルダ数: 1
検索キーワード: ['価格交渉', '増産', '価格改定', '価格転嫁', '値上', '想定以上', '上方修正', '下方修正', '想定以下', '未達', '大幅', '計画を上', '計画を下', '計画以', '需要回復', '需要の回復', '需要が増', '需要が低', '悪化', 'グローバルニッチトップ', 'トップシェア', 'シェア拡大', 'レアアース']
総PDF数（推定）: 305
[1/1] 日付フォルダ 20260525 を処理中... (このフォルダ内PDF数: 305)
  進捗: 50/305 件のPDFを解析済み
  進捗: 100/305 件のPDFを解析済み
  進捗: 150/305 件のPDFを解析済み
  進捗: 200/305 件のPDFを解析済み
  進捗: 250/305 件のPDFを解析済み
  進捗: 300/305 件のPDFを解析済み
  進捗: 305/305 件のPDFを解析済み
  → 日付フォルダ 20260525 のヒットPDF数: 51

✅ ②A 完了（解析専用・キーワード別ページ列）
解析PDF数: 305
ヒットPDF数: 51
出力CSV: Analysis_Hits_free_word_20260525.csv
保存先: G:\マイドライブ\TDnet_Downloads

$ C:\Users\onok\AppData\Local\Python\pythoncore-3.14-64\python.exe -u ②a②bは２つフリーワード検索.py distribute --target 20260525 --save-root G:\マイドライブ\TDnet_Downloads --no-stop-on-empty-meta

✅ ②B 完了（配布用CSV作成・キーワード別ページ列）
出力: PDF_Search_Result_Distribution_free_word_20260525_sh.csv
キーワード列: ['価格交渉', '増産', '価格改定', '価格転嫁', '値上', '想定以上', '上方修正', '下方修正', '想定以下', '未達', '大幅', '計画を上', '計画を下', '計画以', '需要回復', '需要の回復', '需要が増', '需要が低', '悪化', 'グローバルニッチトップ', 'トップシェア', 'シェア拡大', 'レアアース']
突合除外件数: 0
空欄アラート件数: 0

============================================
 Done: 2026-05-25 23:06:09
============================================
