============================================
 TDnet auto run: 20260501
 Start: 2026-05-02 00:53:26
============================================

$ C:\Users\onok\AppData\Local\Python\pythoncore-3.14-64\python.exe -u ①_tdnetアクセスしてダウンロードする処理（月日付別フォルダ保存）.py --target 20260501 --save-root G:\マイドライブ\TDnet_Downloads
🎯 対象指定: 20260501（mode=day, from=20260501, to=20260501）
📁 保存ルート: G:\マイドライブ\TDnet_Downloads

============================================================
📅 日付: 20260501 を処理します
   ...Page 001 を確認中
   ✅ 保存: 1861_1900_熊谷組_主要株主の異動に関するお知らせ.pdf
   ✅ 保存: 7774_1900_G-J・TEC_(訂正)「事業計画及び成長可能性に関する事項」の一部訂正について.pdf
   ✅ 保存: 5129_1835_G-FIXER_第三者割当により発行された第3回乃至第5回新株予約権(行使価額修正条項付)の月間行使状況に関するお知らせ.pdf
   ✅ 保存: 2687_1830_CVSベイ_2027年2月期月次業績(速報)に関するお知らせ.pdf
   ✅ 保存: 5132_1830_G-pluszero_自己株式の取得状況に関するお知らせ.pdf
   ✅ 保存: 5423_1830_東製鉄_( 訂正・数値データ訂正) 「 2026 年3月期 決算短信〔日本基準〕(非連結)」の一部訂正について.pdf
   ✅ 保存: 7925_1800_前沢化成_前澤ホールディングス株式会社の新規上場承認に関するお知らせ.pdf
   ✅ 保存: 8957_1800_R-東急RE_運用資産のテナントの異動に関するお知らせ.pdf
   ✅ 保存: 9739_1800_NSW_主要株主の異動に関するお知らせ.pdf
   ✅ 保存: 9927_1800_ワットマン_自己株式の消却に関するお知らせ.pdf
   ✅ 保存: 9927_1800_ワットマン_株式併合並びに単元株式数の定めの廃止及び定款の一部変更に関するお知らせ.pdf
   ✅ 保存: 8166_1745_タカキュー_(訂正)適時開示資料「主要株主の異動に関するお知らせ」.pdf
   ✅ 保存: 6489_1730_前沢工_前澤ホールディングス株式会社の新規上場承認に関するお知らせ.pdf
   ✅ 保存: 9444_1730_トーシンHD_社内検証委員会の検証結果報告書受領及び公表に関するお知らせ.pdf
   ✅ 保存: 2148_1700_ITM_2026年3月期 決算短信〔IFRS〕(連結).pdf
   ✅ 保存: 2148_1700_ITM_2026年3月期 決算補足説明資料.pdf
   ✅ 保存: 229A_1700_P-アスミHD_(訂正)「臨時株主総会招集のための基準日設定及び臨時株主総会の開催並びに定款の一部変更に関するお知らせ」の一部訂正について.pdf
   ✅ 保存: 306A_1700_F-テクロ_臨時株主総会開催場所及び付議議案の決定に関するお知らせ.pdf
   ✅ 保存: 3174_1700_ハピネス&D_2026年8月期第2四半期(中間期)決算説明会資料.pdf
   ✅ 保存: 3656_1700_KLab_ビットコイン及びゴールドの追加購入に関する月次報告.pdf
   ✅ 保存: 4475_1700_G-HENNGE_ストック・オプション(新株予約権)の発行内容確定に関するお知らせ.pdf
   ✅ 保存: 4571_1700_G-NANO_第22回新株予約権(行使価額修正条項付)の月間行使状況に関するお知らせ.pdf
   ✅ 保存: 5248_1700_G-テクノロジーズ_株式会社マーシャルアーツテクノロジーズにおける世川武尊氏の取締役就任のお知らせ.pdf
   ✅ 保存: 6059_1700_ウチヤマHD_第三者割当による第2回及び第3回新株予約権(行使価額修正型新株予約権への転換権付)の月間行使状況に関するお知らせ.pdf
   ✅ 保存: 6059_1700_ウチヤマHD_2027年3月期対前年比較月次速報.pdf
   ✅ 保存: 6177_1700_G-AppBank_有償ストックオプション(第16回新株予約権)の発行内容確定に関するお知らせ.pdf
   ✅ 保存: 7643_1700_ダイイチ_2026年9月期4月度の売上高前年比に関するお知らせ.pdf
   ✅ 保存: 7976_1700_三菱鉛筆_(開示事項の経過)第三者割当により発行される第1回新株予約権及び第1回無担保転換社債型新株予約権付社債の募集に関するお知らせ.pdf
   ✅ 保存: 8628_1700_松井証_2026年4月の月間売買実績・取引口座数等(速報値)のお知らせ.pdf
   ✅ 保存: 9929_1700_平和紙業_2026年3月期連結業績予想の修正に関するお知らせ.pdf
   ✅ 保存: 548A_1645_システムエグゼ_第三者割当増資の結果に関するお知らせ.pdf
   ✅ 保存: 2193_1630_COOKPAD_上場維持基準への適合に関するお知らせ(流通株式比率).pdf
   ✅ 保存: 2193_1630_COOKPAD_ストック・オプション(新株予約権)の行使価額確定に関するお知らせ.pdf
   ✅ 保存: 2776_1630_新都HD_第三者割当による第7回新株予約権の譲渡の承認に関するお知らせ.pdf
   ✅ 保存: 3538_1630_ウイルプラスHD_新任執行役員就任及び連結子会社の代表取締役社長の異動に関するお知らせ.pdf
   ✅ 保存: 485A_1630_G-パワーエックス_大口受注に関するお知らせ.pdf
   ✅ 保存: 9799_1630_旭情報_2026年3月期 決算短信〔日本基準〕(非連結).pdf
   ✅ 保存: 9799_1630_旭情報_剰余金の配当(増配)に関するお知らせ.pdf
   ✅ 保存: 9503_1620_関西電力_(訂正)「取締役・代表執行役等役員人事について」の一部訂正について.pdf
   ✅ 保存: 8101_1610_GSIクレオス_自己株式の取得状況に関するお知らせ.pdf
   ✅ 保存: 2170_1600_LINK&M_自己株式の取得状況(途中経過)に関するお知らせ.pdf
   ✅ 保存: 2338_1600_クオンタムS_第三者割当による第13回新株予約権(行使価額修正条項付)の月間行使状況に関するお知らせ.pdf
   ✅ 保存: 2551_1600_マルサンアイ_2026年9月期第2四半期(中間期)決算短信〔日本基準〕(連結).pdf
   ✅ 保存: 2551_1600_マルサンアイ_第2四半期(中間期)業績予想と実績値との差異及び通期業績予想の修正に関するお知らせ.pdf
   ✅ 保存: 2721_1600_JHD_第三者割当により発行された第10回新株予約権(行使価額修正条項付)の月間行使状況に関するお知らせ.pdf
   ✅ 保存: 299A_1600_G-クラシル_事業計画及び成長可能性に関する事項.pdf
   ✅ 保存: 3028_1600_アルペン_株式需給緩衝信託の設定に伴う当社株式の売却状況に関するお知らせ.pdf
   ✅ 保存: 3121_1600_マーチャント_自己株式取得に係る事項の進捗状況に関するお知らせ.pdf
   ✅ 保存: 3443_1600_川田TECH_自己株式の取得状況に関するお知らせ.pdf
   ✅ 保存: 3667_1600_enish_第三者割当により発行された第20回新株予約権(行使価額修正条項付)の月間行使状況に関するお知らせ.pdf
   ✅ 保存: 3823_1600_WHY HOW DO_第三者割当による第16回新株予約権(行使価額修正条項付)の月間行使状況に関するお知らせ.pdf
   ✅ 保存: 3967_1600_G-エルテス_2026年2月期 通期決算FAQ.pdf
   ✅ 保存: 3993_1600_PKSHA_自己株式の取得状況に関するお知らせ.pdf
   ✅ 保存: 4011_1600_G-ヘッドウォーター_主要株主の異動に関するお知らせ.pdf
   ✅ 保存: 4563_1600_G-アンジェス_行使価額修正条項付新株予約権の月間行使状況に関するお知らせ.pdf
   ✅ 保存: 4582_1600_G-シンバイオ製薬_第三者割当により発行された第58回新株予約権及び第66回新株予約権(行使価額修正条項付)の 月間行使状況に関するお知らせ.pdf
   ✅ 保存: 4584_1600_G-キッズ・バイオ_第三者割当による第4回無担保転換社債型新株予約権付社債及び第23回新株予約権の月間行使状況に関するお知らせ.pdf
   ✅ 保存: 5341_1600_ASAHI EITO_第三者割当により発行された第12回新株予約権(行使価額修正条項付)の月間行使状況に関するお知らせ.pdf
   ✅ 保存: 5575_1600_G-Globee_自己株式の取得状況に関するお知らせ.pdf
   ✅ 保存: 6195_1600_G-ホープ_自己株式の取得状況に関するお知らせ.pdf
   ✅ 保存: 6198_1600_G-キャリア_自己株式取得状況に関するお知らせ.pdf
   ✅ 保存: 6246_1600_テクノスマート_業績連動型株式報酬制度(パフォーマンス・シェア・ユニット)の継続及び株式報酬上限額改定に関するお知らせ.pdf
   ✅ 保存: 6420_1600_ガリレイ_2026年3月期決算短信〔日本基準〕(連結).pdf
   ✅ 保存: 6420_1600_ガリレイ_剰余金の配当(増配)に関するお知らせ.pdf
   ✅ 保存: 6420_1600_ガリレイ_役員の異動に関するお知らせ.pdf
   ✅ 保存: 6806_1600_ヒロセ電_自己株式の取得状況に関するお知らせ.pdf
   ✅ 保存: 6837_1600_京写_自己株式の取得状況に関するお知らせ.pdf
   ✅ 保存: 7042_1600_アクセスグループ_執行役員に対する譲渡制限付株式としての新株式発行の払込完了に関するお知らせ.pdf
   ✅ 保存: 7284_1600_盟和産_当社独立委員会による「非適格者」認定基準の制定に関するお知らせ.pdf
   ✅ 保存: 7578_1600_ニチリョク_第3回新株予約権(行使価額修正条項付)の月間行使状況に関するお知らせ.pdf
   ✅ 保存: 7776_1600_G-セルシード_第25回新株予約権(行使価額修正条項付)の月間行使状況に関するお知らせ.pdf
   ✅ 保存: 7814_1600_日本創発G_持分法適用子会社間の吸収合併及び特定子会社の異動並びに子会社の商号変更に関するお知らせ.pdf
   ✅ 保存: 7814_1600_日本創発G_当社取締役会の実効性評価結果の概要について.pdf
   ✅ 保存: 7814_1600_日本創発G_連結子会社による事業の譲受に関するお知らせ.pdf
   ✅ 保存: 7946_1600_光陽社_自己株式の取得状況に関するお知らせ.pdf
   ✅ 保存: 8237_1600_松屋_2026年4月売上速報.pdf
   ✅ 保存: 8281_1600_ゼビオHD_特別損失の計上ならびに通期業績予想の修正に関するお知らせ.pdf
   ✅ 保存: 8783_1600_abc_自己株式の取得状況に関するお知らせ.pdf
   ✅ 保存: 8894_1600_REVOLUTION_販売用不動産の売却に関するお知らせ.pdf
   ✅ 保存: 8975_1600_R-いちごオフィス_特定関係法人の異動のお知らせ.pdf
   ✅ 保存: 9272_1600_G-ブティックス_自己株式の取得状況に関するお知らせ.pdf
   ✅ 保存: 9319_1600_中央倉庫_自己株式取得状況に関するお知らせ.pdf
   ✅ 保存: 9765_1600_オオバ_自己株式の取得状況に関するお知らせ.pdf
   ✅ 保存: 9950_1600_ハチバン_2026年3月期 決算短信〔日本基準〕(連結).pdf
   ✅ 保存: 9950_1600_ハチバン_取締役候補者の選任に関するお知らせ.pdf
   ✅ 保存: 9950_1600_ハチバン_中期経営計画の策定に関するお知らせ.pdf
   ✅ 保存: 9973_1600_KOZOHD_第三者割当により発行された第16回新株予約権(行使価額修正条項付)の月間行使状況に関するお知らせ.pdf
   ✅ 保存: 5216_1545_倉元_第9回新株予約権(固定行使価額型)の行使状況に関するお知らせ.pdf
   ✅ 保存: 6173_1545_G-アクアライン_定款の一部変更に関するお知らせ.pdf
   ✅ 保存: 6173_1545_G-アクアライン_役員人事に関するお知らせ.pdf
   ✅ 保存: 6632_1545_JVCKW_2026年3月期 決算短信〔IFRS〕(連結).pdf
   ✅ 保存: 6632_1545_JVCKW_JVCケンウッド 決算説明資料 2026年3月期(IFRS).pdf
   ✅ 保存: 6632_1545_JVCKW_新中期経営計画「VISION2030」の策定に関するお知らせ.pdf
   ✅ 保存: 6632_1545_JVCKW_従業員向け株式給付信託への追加拠出に伴う第三者割当による自己株式の処分に関するお知らせ.pdf
   ✅ 保存: 4206_1540_アイカ工_2026年3月期 決算短信〔日本基準〕(連結).pdf
   ✅ 保存: 4206_1540_アイカ工_2026年3月期 決算短信補足資料.pdf
   ✅ 保存: 4206_1540_アイカ工_剰余金の配当及び2027年3月期配当予想に関するお知らせ.pdf
   ✅ 保存: 9816_1540_ストライダーズ_(開示事項の経過)当社連結子会社の固定資産の譲渡及び事業譲渡の完了のお知らせ.pdf
   ✅ 保存: 9816_1540_ストライダーズ_当社連結子会社の固定資産の取得のお知らせ.pdf
   ...Page 002 を確認中
   ✅ 保存: 352A_1531_G-LOIVE_2027年3月期 4月度店舗数についてのお知らせ.pdf
   ✅ 保存: 9253_1531_G-スローガン_自己株式の取得状況に関するお知らせ.pdf
   ✅ 保存: 1873_1530_日本ハウスHD_代表取締役社長及び役員の異動に関するお知らせ.pdf
   ✅ 保存: 190A_1530_G-Chordia_第9回新株予約権(行使価額修正条項付)の月間行使状況に関するお知らせ.pdf
   ✅ 保存: 212A_1530_フィットイージー_2026年10月期 4月度 主要KPI(会員数及び店舗数)についてのお知らせ.pdf
   ✅ 保存: 2134_1530_キタハマキャピタル_第三者割当による第15回新株予約権の払込完了のお知らせ.pdf
   ✅ 保存: 2157_1530_コシダカHD_主要株主及び主要株主である筆頭株主の異動に関するお知らせ.pdf
   ✅ 保存: 2334_1530_G-イオレ_第14回新株予約権(行使価額修正条項付)の月間行使状況に関するお知らせ.pdf
   ✅ 保存: 2337_1530_いちご_自己株式の取得状況のお知らせ.pdf
   ✅ 保存: 2353_1530_日駐_自己株式の取得状況に関するお知らせ.pdf
   ✅ 保存: 2370_1530_G-MDNT_第三者割当による第20回新株予約権(行使価額修正条項付)の月間行使状況に関するお知らせ.pdf
   ✅ 保存: 2413_1530_エムスリー_2026年3月期 決算短信 [IFRS](連結).pdf
   ✅ 保存: 2413_1530_エムスリー_自己株式取得に係る事項の決定(会社法第459条第1項の規定による定款の定めに基づく自己株式の取得)に関するお知らせ.pdf
   ✅ 保存: 2413_1530_エムスリー_2026年3月期 決算説明資料.pdf
   ✅ 保存: 2438_1530_G-アスカネット_自己株式の取得状況および取得終了に関するお知らせ.pdf
   ✅ 保存: 2477_1530_手間いらず_自己株式の取得状況及び取得終了に関するお知らせ.pdf
   ✅ 保存: 2480_1530_シスロケ_2026年3月期 決算短信〔日本基準〕(連結).pdf
   ✅ 保存: 2480_1530_シスロケ_投資有価証券評価損の計上に関するお知らせ.pdf
   ✅ 保存: 2480_1530_シスロケ_監査等委員会設置会社への移行及び定款の一部変更に関するお知らせ.pdf
   ✅ 保存: 2480_1530_シスロケ_監査等委員会設置会社への移行後の役員人事に関するお知らせ.pdf
   ✅ 保存: 2579_1530_コカ・コーラBJH_主要株主の異動(予定)に関するお知らせ.pdf
   ✅ 保存: 2586_1530_G-フルッタフルッタ_第三者割当による第14回新株予約権(行使価額修正条項付)の月間行使状況に関するお知らせ.pdf
   ✅ 保存: 2789_1530_カルラ_支配株主等に関する事項について.pdf
   ✅ 保存: 2907_1530_あじかん_業績予想の修正に関するお知らせ.pdf
   ✅ 保存: 299A_1530_G-クラシル_2026年3月期 決算短信〔日本基準〕(連結).pdf
   ✅ 保存: 299A_1530_G-クラシル_2026年3月期通期決算説明資料.pdf
   ✅ 保存: 3028_1530_アルペン_(訂正)「株式需給緩衝信託の設定に伴う当社株式の売却状況に関するお知らせ」の一部訂正について.pdf
   ✅ 保存: 3050_1530_DCM_自己株式の取得状況に関するお知らせ.pdf
   ✅ 保存: 3064_1530_MRO_自己株式の取得状況に関するお知らせ.pdf
   ✅ 保存: 3086_1530_Jフロント_自己株式の取得状況に関するお知らせ.pdf
   ✅ 保存: 3099_1530_ミツコシイセタン_自己株式の取得状況(途中経過)に関するお知らせ.pdf
   ✅ 保存: 3177_1530_ありがとうS_(訂正・数値データ訂正)「2026年2月期 決算短信〔日本基準〕(連結)」の一部訂正について.pdf
   ✅ 保存: 3177_1530_ありがとうS_剰余金の配当に関するお知らせ.pdf
   ✅ 保存: 3177_1530_ありがとうS_役員の異動に関するお知らせ.pdf
   ✅ 保存: 3179_1530_シュッピン_2026年4月度月次情報の開示に関するお知らせ.pdf
   ✅ 保存: 3187_1530_G-ミラタップ_自己株式の取得状況に関するお知らせ.pdf
   ✅ 保存: 3234_1530_R-森ヒルズ_自己投資口の取得状況に関するお知らせ.pdf
   ✅ 保存: 3260_1530_エスポア_新たな販売用不動産(系統用蓄電池用地及び発電設備等への送電系統に係る権利)の取得に関するお知らせ.pdf
   ✅ 保存: 3281_1530_R-GLP_自己投資口の取得状況に関するお知らせ.pdf
   ✅ 保存: 3288_1530_オープンハウスG_自己株式の取得状況に関するお知らせ.pdf
   ✅ 保存: 3350_1530_メタプラネット_自己株式の取得状況に関するお知らせ.pdf
   ✅ 保存: 3350_1530_メタプラネット_第三者割当により発行された第27回新株予約権(行使価額修正条項、mNAV条項、下限行使価額修正条項及び行使停止条項付)の月間行使状況に関するお知らせ.pdf
   ✅ 保存: 3358_1530_Trailhead_第5回新株予約権(行使価額修正条項付)の月間行使状況に関するお知らせ.pdf
   ✅ 保存: 3397_1530_トリドールHD_英国子会社における事業再構築(倒産更生手続き)に関するお知らせ.pdf
   ✅ 保存: 339A_1530_G-プログレス_定款の一部変更に関するお知らせ.pdf
   ✅ 保存: 339A_1530_G-プログレス_譲渡制限付株式報酬制度の導入に関するお知らせ.pdf
   ✅ 保存: 3466_1530_R-ラサールロジ_自己投資口の取得状況に関するお知らせ.pdf
   ✅ 保存: 3556_1530_G-リネットジャパン_第25回新株予約権(行使価額修正条項付)の月間行使状況に関するお知らせ.pdf
   ✅ 保存: 3672_1530_オルトプラス_第三者割当により発行された第11回新株予約権(行使価額修正条項付)の月間行使状況に関するお知らせ.pdf
   ✅ 保存: 3753_1530_フライト_第三者割当による第10回新株予約権(行使価額修正条項付)の月間行使状況に関するお知らせ.pdf
   ✅ 保存: 3765_1530_ガンホー_自己株式の取得状況及び取得終了に関するお知らせ.pdf
   ✅ 保存: 3810_1530_サイバーステップHD_第三者割当による第42回新株予約権の行使状況に関するお知らせ.pdf
   ✅ 保存: 3903_1530_gumi_第26回新株予約権(行使価額修正条項付)の月間行使状況に関するお知らせ.pdf
   ✅ 保存: 3950_1530_ザ・パック_自己株式の取得状況に関するお知らせ.pdf
   ✅ 保存: 3970_1530_G-イノベーション_第三者割当による第8回及び第9回新株予約権(行使価額修正条項付)の月間行使状況に関するお知らせ.pdf
   ✅ 保存: 3984_1530_ユーザーローカル_自己株式の取得状況に関するお知らせ.pdf
   ✅ 保存: 4015_1530_G-ペイクラウドHD_自己株式の取得状況に関するお知らせ.pdf
   ✅ 保存: 4074_1530_G-ラキール_自己株式の取得状況に関するお知らせ.pdf
   ✅ 保存: 4107_1530_伊勢化_2026年12月期 第1四半期決算短信〔日本基準〕(連結).pdf
   ✅ 保存: 4120_1530_スガイ化学工業_業績予想の修正および配当予想の修正(増配)に関するお知らせ.pdf
   ✅ 保存: 4308_1530_G-Jストリーム_2026年3月期 本決算説明会資料.pdf
   ✅ 保存: 4439_1530_東名_株式需給緩衝信託の設定に伴う当社株式の売却状況に関するお知らせ.pdf
   ✅ 保存: 4547_1530_キッセイ薬_急性骨髄性白血病治療薬オルタシデニブのオリエントユーロファーマ社(台湾)への技術導出契約締結のお知らせ.pdf
   ✅ 保存: 4564_1530_G-OTS_第三者割当による第38回新株予約権(行使価額修正条項付)の月間行使状況に関するお知らせ.pdf
   ✅ 保存: 4565_1530_ネクセラファーマ_2026年12月期第1四半期(1月-3月)ビジネスハイライトおよび連結業績について.pdf
   ✅ 保存: 4565_1530_ネクセラファーマ_2026年12月期第1四半期決算短信〔IFRS〕(連結).pdf
   ✅ 保存: 4576_1530_G-DWTI_第13回新株予約権(行使価額修正条項付)の月間行使状況に関するお知らせ.pdf
   ✅ 保存: 4578_1530_大塚HD_自己株式の取得状況に関するお知らせ.pdf
   ✅ 保存: 4591_1530_G-リボミック_第三者割当により発行された第19回新株予約権(行使価額修正条項付)の月間行使状況に関するお知らせ.pdf
   ✅ 保存: 4598_1530_G-DELTA-P_第11回新株予約権(行使価額修正条項付新株予約権)の 月間行使状況に関するお知らせ.pdf
   ✅ 保存: 4840_1530_トライアイズ_第三者割当により発行された第17回新株予約権(行使価額修正条項付)の月間行使状況に関するお知らせ.pdf
   ✅ 保存: 4882_1530_G-ペルセウス_株式報酬型ストック・オプション(新株予約権)の発行内容確定に関するお知らせ.pdf
   ✅ 保存: 4882_1530_G-ペルセウス_行使価額修正条項付新株予約権の月間行使状況に関するお知らせ.pdf
   ✅ 保存: 4891_1530_G-ティムス_第10回新株予約権(行使価額修正条項付)の月間行使状況に関するお知らせ.pdf
   ✅ 保存: 5034_1530_G-unerry_(開示事項の経過)株式会社ブログウォッチャーの株式の取得(子会社化)完了、資金の借入れ及び当社子会社の本社移転に関するお知らせ.pdf
   ✅ 保存: 5187_1530_クリエート_自己株式の取得状況に関するお知らせ.pdf
   ✅ 保存: 5334_1530_日特殊陶_自己株式の取得状況に関するお知らせ(会社法第459条第1項の規定による定款の定めに基づく自己株式の取得).pdf
   ✅ 保存: 5367_1530_ニッカトー_定款一部変更に関するお知らせ.pdf
   ✅ 保存: 5367_1530_ニッカトー_業績予想値と実績値との差異に関するお知らせ.pdf
   ✅ 保存: 5367_1530_ニッカトー_2026年3月期 決算短信〔日本基準〕(非連結).pdf
   ✅ 保存: 5367_1530_ニッカトー_2026年3月期決算説明資料.pdf
   ✅ 保存: 5857_1530_AREHD_役員人事に関するお知らせ.pdf
   ✅ 保存: 5857_1530_AREHD_2026年3月期 決算短信〔IFRS〕(連結).pdf
   ✅ 保存: 5906_1530_エムケー精工_2026年3月期決算短信〔日本基準〕(連結).pdf
   ✅ 保存: 5906_1530_エムケー精工_2026年3月期通期連結業績予想値と実績値との差異に関するお知らせ.pdf
   ✅ 保存: 5933_1530_アルインコ_2026年3月期 決算短信〔日本基準〕(連結).pdf
   ✅ 保存: 5933_1530_アルインコ_2026年3月期 決算補足説明資料.pdf
   ✅ 保存: 5933_1530_アルインコ_自己株式の取得に係る事項の決定に関するお知らせ.pdf
   ✅ 保存: 5933_1530_アルインコ_中期経営計画の見直しに関するお知らせ.pdf
   ✅ 保存: 5943_1530_ノーリツ_自己株式の取得状況(途中経過)に関するお知らせ.pdf
   ✅ 保存: 5951_1530_ダイニチ工_業績予想および期末配当予想の修正に関するお知らせ.pdf
   ✅ 保存: 5951_1530_ダイニチ工_役員の異動に関するお知らせ.pdf
   ✅ 保存: 5959_1530_岡部_自己株式の取得状況に関するお知らせ.pdf
   ✅ 保存: 6022_1530_赤阪鉄_通期業績予想の修正及び配当予想の修正に関するお知らせ.pdf
   ✅ 保存: 6031_1530_G-ZETA_自己株式の取得状況に関するお知らせ.pdf
   ✅ 保存: 6071_1530_IBJ_株式会社 IBJ(結婚相談所事業)2026年4月KPIについて.pdf
   ✅ 保存: 6098_1530_リクルートHD_自己株式の取得状況について.pdf
   ✅ 保存: 6099_1530_エラン_2026年12月期第1四半期決算短信〔日本基準〕(連結).pdf
   ✅ 保存: 6099_1530_エラン_2026年12月期 第1四半期 決算説明資料.pdf
   ✅ 保存: 6141_1530_DMG森精機_2026年12月期 第1四半期決算短信〔IFRS〕(連結).pdf
   ...Page 003 を確認中
   ✅ 保存: 6141_1530_DMG森精機_連結業績予想の修正に関するお知らせ.pdf
   ✅ 保存: 6141_1530_DMG森精機_既存ハイブリッドファイナンスのリプレイスメントに向けた第6回無担保永久社債(劣後特約付)の発行に関するお知らせ.pdf
   ✅ 保存: 6199_1530_セラク_自己株式の取得状況に関するお知らせ.pdf
   ✅ 保存: 6228_1530_ジェイ・イー・ティ_特別調査委員会の調査報告書公表に関するお知らせ.pdf
   ✅ 保存: 6328_1530_荏原実業_自己株式の取得状況に関するお知らせ.pdf
   ✅ 保存: 6361_1530_荏原製_自己株式の取得状況に関するお知らせ.pdf
   ✅ 保存: 6634_1530_JNグループ_第三者割当による新株式の発行の払込完了、主要株主及び主要株主である筆頭株主の異動並びに資本金の額の減少(減資)に関するお知らせ.pdf
   ✅ 保存: 6634_1530_JNグループ_連結子会社の吸収合併(簡易合併・略式合併)及び債権放棄 に関するお知らせ.pdf
   ✅ 保存: 6659_1530_メディアリンクス_第三者割当により発行された第18回新株予約権(行使価額修正条項付)の月間行使状況に関するお知らせ.pdf
   ✅ 保存: 6724_1530_エプソン_2026年3月期 決算短信〔IFRS〕(連結).pdf
   ✅ 保存: 6724_1530_エプソン_減損損失の計上および2026年3月期通期連結業績予想と実績値との差異に関するお知らせ(IFRS).pdf
   ✅ 保存: 6724_1530_エプソン_2025年度(2026年3月期)通期 決算説明会資料.pdf
   ✅ 保存: 6787_1530_メイコー_投資単位の引下げに関する考え方及び方針等について.pdf
   ✅ 保存: 6853_1530_共和電_自己株式の取得状況に関するお知らせ.pdf
   ✅ 保存: 6866_1530_日置電_自己株式の取得状況に関するお知らせ.pdf
   ✅ 保存: 6965_1530_浜松ホトニク_自己株式の取得状況に関するお知らせ.pdf
   ✅ 保存: 7058_1530_共栄セキュリティ_当社の連結子会社の合併による特定子会社の異動に関するお知らせ.pdf
   ✅ 保存: 7138_1530_G-TORICO_第三者割当により発行された第11回新株予約権(行使価額修正条項及び行使停止条項付)の月間行使状況に関するお知らせ.pdf
   ✅ 保存: 7199_1530_プレミアグループ_自己株式の取得状況に関するお知らせ.pdf
   ✅ 保存: 7245_1530_大同メタル_自己株式の取得状況に関するお知らせ.pdf
   ✅ 保存: 7309_1530_シマノ_自己株式の取得状況に関するお知らせ.pdf
   ✅ 保存: 7358_1530_ポピンズ_(経過開示)連結子会社の異動(株式譲渡)の完了に関するお知らせ.pdf
   ✅ 保存: 7446_1530_東北化学_2026年9月期 第2四半期(中間期)決算短信〔日本基準〕(連結).pdf
   ✅ 保存: 7446_1530_東北化学_業績予想と実績値の差異に関するお知らせ.pdf
   ✅ 保存: 7564_1530_ワークマン_2027年3月期 月次前年比速報に関するお知らせ.pdf
   ✅ 保存: 7683_1530_ダブルエー_2027年1月期4月度単体月次概況(速報)のお知らせ.pdf
   ✅ 保存: 7693_1530_P-北海道歯科産業_通期業績予想と実績値との差異及び剰余金の配当に関するお知らせ.pdf
   ✅ 保存: 7693_1530_P-北海道歯科産業_2026年3月期 決算短信〔日本基準〕(非連結).pdf
   ✅ 保存: 7740_1530_タムロン_2026年12月期 第1四半期決算短信〔日本基準〕(連結).pdf
   ✅ 保存: 7740_1530_タムロン_2026年12月期 第1四半期決算説明資料.pdf
   ✅ 保存: 7922_1530_三光産業_臨時株主総会の開催並びに株式併合、単元株式数の定めの廃止及び定款の一部変更に関するお知らせ.pdf
   ✅ 保存: 7922_1530_三光産業_自己株式の消却に関するお知らせ.pdf
   ✅ 保存: 7957_1530_フジコピアン_第三者割当による第2回新株予約権(行使価額修正条項付)の月間行使状況に関するお知らせ.pdf
   ✅ 保存: 8032_1530_紙パル商_自己株式の取得状況に関するお知らせ.pdf
   ✅ 保存: 8060_1530_キヤノンMJ_自己株式の取得状況に関するお知らせ.pdf
   ✅ 保存: 8132_1530_シナネンHD_自己株式の取得状況(途中経過)に関するお知らせ.pdf
   ✅ 保存: 8136_1530_サンリオ_特別調査委員会の設置および2026年3月期決算短信の開示が期末後50日を超えることに関するお知らせ.pdf
   ✅ 保存: 8165_1530_千趣会_2026年12月期 第1四半期決算短信〔日本基準〕(連結).pdf
   ✅ 保存: 8185_1530_チヨダ_(訂正・数値データ訂正)2026年2月期 決算短信〔日本基準〕(連結).pdf
   ✅ 保存: 8214_1530_AOKI HD_連結業績予想の修正に関するお知らせ.pdf
   ✅ 保存: 8252_1530_丸井G_自己株式の取得状況(途中経過)に関するお知らせ.pdf
   ✅ 保存: 8254_1530_さいか屋_第三者割当により発行された第1回新株予約権(行使価額修正条項付)の月間行使状況に関するお知らせ.pdf
   ✅ 保存: 8418_1530_山口FG_自己株式の取得状況及び取得終了に関するお知らせ.pdf
   ✅ 保存: 8518_1530_アジア投資_2025年第2回新株予約権(行使価額修正条項付)の月間行使状況に関するお知らせ.pdf
   ✅ 保存: 8591_1530_オリックス_役員人事のお知らせ.pdf
   ✅ 保存: 8713_1530_フィデアHD_業績予想の修正に関するお知らせ.pdf
   ✅ 保存: 8742_1530_小林洋行_自己株式の取得状況に関するお知らせ.pdf
   ✅ 保存: 8920_1530_東祥_自己株式取得状況に関するお知らせ.pdf
   ✅ 保存: 9168_1530_G-ライズ_自己株式の取得状況および取得終了に関するお知らせ.pdf
   ✅ 保存: 9252_1530_G-ラストワンマイル_2026年3月度月次主要KPIに関するお知らせ.pdf
   ✅ 保存: 9302_1530_三井倉HD_自己株式の取得状況に関するお知らせ.pdf
   ✅ 保存: 9435_1530_光通信_自己株式の取得状況に関するお知らせ.pdf
   ✅ 保存: 9619_1530_イチネンHD_2026年3月期 決算短信〔日本基準〕(連結).pdf
   ✅ 保存: 9619_1530_イチネンHD_2026年5月版会社説明会用資料(決算補足説明資料).pdf
   ✅ 保存: 9678_1530_カナモト_自己株式の取得状況(途中経過)に関するお知らせ.pdf
   ✅ 保存: 9682_1530_DTS_自己株式取得に係る事項の決定および自己株式消却に係る事項の決定に関するお知らせ.pdf
   ✅ 保存: 9682_1530_DTS_定款の一部変更に関するお知らせ.pdf
   ✅ 保存: 9682_1530_DTS_剰余金の配当(増配)に関するお知らせ.pdf
   ✅ 保存: 9682_1530_DTS_2026年3月期 決算短信〔日本基準〕(連結).pdf
   ✅ 保存: 9780_1530_ハリマビステム_自己株式の取得状況に関するお知らせ.pdf
   ✅ 保存: 9849_1530_共同紙_業績予想の修正に関するお知らせ.pdf
   ✅ 保存: 9878_1530_セキド_第三者割当により発行された第18回新株予約権(行使価額修正条項及び行使停止条項付)の月間行使状況に関するお知らせ.pdf
   ✅ 保存: 9882_1530_イエローハット_連結子会社における不正アクセスによる個人情報漏えいの可能性に関するお詫びとお知らせ(第二報).pdf
   ✅ 保存: 9993_1530_ヤマザワ_公認会計士等の異動に関するお知らせ.pdf
   ✅ 保存: 1420_1500_サンヨーH_第3回新株予約権(行使価額修正条項付新株予約権)の月間行使状況に関するお知らせ.pdf
   ✅ 保存: 1447_1500_G-SAAFHD_株主による臨時株主総会の開催日時等に関するお知らせ.pdf
   ✅ 保存: 2461_1500_ファンコミ_自己株式の取得状況および取得終了に関するお知らせ.pdf
   ✅ 保存: 2659_1500_サンエー_自己株式の取得状況に関するお知らせ.pdf
   ✅ 保存: 2809_1500_キユーピー_自己株式の取得状況(途中経過)に関するお知らせ.pdf
   ✅ 保存: 3191_1500_ジョイフル本田_2026年6月期 第3四半期決算補足資料.pdf
   ✅ 保存: 3191_1500_ジョイフル本田_2026年6月期 第3四半期決算短信〔日本基準〕(連結).pdf
   ✅ 保存: 4186_1500_東応化_譲渡制限付株式報酬としての自己株式の処分の払込完了に関するお知らせ.pdf
   ✅ 保存: 6467_1500_ニチダイ_2026年3月期 決算短信〔日本基準〕(連結).pdf
   ✅ 保存: 6557_1500_G-AIAI_(開示事項の経過)連結子会社間の吸収合併完了のお知らせ.pdf
   ✅ 保存: 7419_1500_ノジマ_自己株式の取得状況に関するお知らせ.pdf
   ✅ 保存: 7520_1500_エコス_自己株式の取得状況(途中経過)に関するお知らせ.pdf
   ✅ 保存: 8103_1500_明和産_(訂正)「通期個別業績実績値と前期実績値との差異に関するお知らせ」の一部訂正について.pdf
   ✅ 保存: 8747_1500_豊トラスティ証券_連結総資産の減少に関するお知らせ.pdf
   ✅ 保存: 6457_1445_グローリー_自己株式の取得状況に関するお知らせ.pdf
   ✅ 保存: 4445_1430_G-リビンT_自己株式の取得状況に関するお知らせ.pdf
   ✅ 保存: 2345_1415_HODL1_HODL1 中期経営計画「HODL&BUIDL2028」資料.pdf
   ✅ 保存: 5832_1400_ちゅうぎんFG_2026年3月期決算短信〔日本基準〕(連結).pdf
   ✅ 保存: 5832_1400_ちゅうぎんFG_「剰余金の配当(増配)」に関するお知らせ.pdf
   ✅ 保存: 7716_1400_ナカニシ_自己株式の取得状況に関するお知らせ.pdf
   ✅ 保存: 8051_1400_山善_自己株式の取得状況に関するお知らせ.pdf
   ✅ 保存: 8058_1400_三菱商事_2026年3月期 決算短信〔IFRS〕(連結).pdf
   ✅ 保存: 8058_1400_三菱商事_通期個別業績と前期実績との差異に関するお知らせ.pdf
   ✅ 保存: 8511_1400_日証金_貸借取引貸付金・貸付有価証券等の平均残高のお知らせ.pdf
   ✅ 保存: 8544_1400_京葉銀_自己株式の取得状況に関するお知らせ.pdf
   ✅ 保存: 8617_1400_光世証_自己株式の取得状況に関するお知らせ.pdf
   ✅ 保存: 8860_1400_フジ住宅_2026年3月期 決算短信〔日本基準〕(連結).pdf
   ✅ 保存: 8860_1400_フジ住宅_2026年3月期 通期決算説明資料.pdf
   ✅ 保存: 4772_1330_G-SM ENTER_2026年12月期 第1四半期決算短信〔日本基準〕(連結).pdf
   ✅ 保存: 4772_1330_G-SM ENTER_2026年12月期 第1四半期決算説明資料.pdf
   ✅ 保存: 7120_1330_SHINKO_資金の借入に関するお知らせ.pdf
   ✅ 保存: 9310_1330_トランスシティ_業績予想および配当予想の修正に関するお知らせ.pdf
   ✅ 保存: 1951_1300_エクシオグループ_自己株式の取得状況に関するお知らせ.pdf
   ✅ 保存: 4231_1300_タイガーポリ_自己株式取得状況に関するお知らせ.pdf
   ✅ 保存: 4583_1300_G-カイオム_第23回新株予約権(行使価額修正条項付)の月間行使状況に関するお知らせ.pdf
   ✅ 保存: 5589_1300_オートサーバー_2026年12月期4月度 ASNET取引台数実績(速報値).pdf
   ...Page 004 を確認中
   ✅ 保存: 7068_1300_G-FフォースG_(開示事項の経過)簡易株式交換による株式会社ECPowerの完全子会社化完了に関するお知らせ.pdf
   ✅ 保存: 7686_1300_ひとまいる_第3回新株予約権(行使価額修正条項付)の月間行使状況に関するお知らせ.pdf
   ✅ 保存: 8001_1300_伊藤忠_2026年3月期 決算短信〔IFRS〕(連結).pdf
   ✅ 保存: 8053_1300_住友商_2026年3月期決算短信〔IFRS〕(連結).pdf
   ✅ 保存: 8053_1300_住友商_剰余金の配当に関するお知らせ.pdf
   ✅ 保存: 8053_1300_住友商_自己株式の取得に係る事項の決定及び自己株式の消却に係る事項の決定に関するお知らせ.pdf
   ✅ 保存: 8053_1300_住友商_株式分割および株式分割に伴う定款の一部変更に関するお知らせ.pdf
   ✅ 保存: 8053_1300_住友商_中期経営計画2026の見通しに関するお知らせ.pdf
   ✅ 保存: 8053_1300_住友商_繰延税金資産の計上に関するお知らせ.pdf
   ✅ 保存: 8053_1300_住友商_アンバトビーニッケルプロジェクトの譲渡に伴う当社決算における損失発生について.pdf
   ✅ 保存: 3909_1230_ショーケース_通期連結業績予想に関するお知らせ.pdf
   ✅ 保存: 8308_1230_りそなHD_JR西日本とりそなグループによる資本業務提携について.pdf
   ✅ 保存: 9021_1230_JR西_JR西日本とりそなグループによる資本業務提携について.pdf
   ✅ 保存: 9021_1230_JR西_2026年3月期決算 中期経営計画 2030 説明会.pdf
   ✅ 保存: 3121_1225_マーチャント_株式会社ウェルディッシュ株式の売買取引の解除に伴う取得株式の返還及び売買代金の返還受領のお知らせ.pdf
   ✅ 保存: 2768_1215_双日_2026年3月期 決算短信[IFRS会計基準](連結).pdf
   ✅ 保存: 2768_1215_双日_2026年3月期 決算資料.pdf
   ✅ 保存: 2768_1215_双日_剰余金の配当(2026年3月期期末配当および2027年3月期中間配当)に関するお知らせ.pdf
   ✅ 保存: 9444_1215_トーシンHD_株主提案に関する書面受領のお知らせ.pdf
   ✅ 保存: 1326_1210_E-ワールド_SPDRゴールド・シェアに関する日々の開示事項.pdf
   ✅ 保存: 2296_1200_伊藤ハム米久HD_2026年3月期 決算短信〔日本基準〕(連結).pdf
   ✅ 保存: 2296_1200_伊藤ハム米久HD_2025年度 通期(4-3月)決算説明資料.pdf
   ✅ 保存: 2296_1200_伊藤ハム米久HD_投資単位の引下げに関する考え方及び方針等について.pdf
   ✅ 保存: 3133_1200_G-海帆_第三者割当により発行された第9回新株予約権(行使価額修正条項付)の月間行使状況に関するお知らせ.pdf
   ✅ 保存: 3557_1200_G-U&C_2026年4月度 月次報告.pdf
   ✅ 保存: 4935_1200_リベルタ_第7回新株予約権(行使価額修正条項付)の月間行使状況に関するお知らせ.pdf
   ✅ 保存: 6521_1200_G-オキサイド_新株予約権(ストック・オプション)の月間行使状況に関するお知らせ.pdf
   ✅ 保存: 7350_1200_おきなわFG_(開示事項の経過)当社および子会社における代表取締役および役員の異動に関するお知らせ.pdf
   ✅ 保存: 7818_1200_トランザクション_当社及び当社子会社の社員に対する譲渡制限付株式報酬としての自己株式の処分の払込完了及び一部失権に関するお知らせ.pdf
   ✅ 保存: 8031_1200_三井物産_2026年3月期 決算短信〔IFRS〕(連結).pdf
   ✅ 保存: 8031_1200_三井物産_中期経営計画2029「2030年、そしてその先へ 信頼とイノベーションで未来をつくる」公表.pdf
   ✅ 保存: 8927_1200_明豊エンター_2026年4月 月次仕入及び販売に関するお知らせ.pdf
   ✅ 保存: 9399_1200_ビート_第三者割当による行使価額修正条項付新株予約権の月間行使状況に関するお知らせ.pdf
   ✅ 保存: 9425_1200_ReYuuJapan_第2回新株予約権の行使状況に関するお知らせ.pdf
   ✅ 保存: 2359_1140_コア_第15次コアグループ中期経営計画(2027年3月期~2029年3月期)策定に関するお知らせ.pdf
   ✅ 保存: 4783_1130_NCD_自己株式の取得状況及び取得終了に関するお知らせ.pdf
   ✅ 保存: 494A_1130_OneJ3-7年_2026年3月期(2026年1月19日~2026年3月20日)決算短信.pdf
   ✅ 保存: 495A_1130_OneJ7-10年_2026年3月期(2026年1月19日~2026年3月20日)決算短信.pdf
   ✅ 保存: 496A_1130_OneJ17-20年_2026年3月期(2026年1月19日~2026年3月20日)決算短信.pdf
   ✅ 保存: 9934_1130_因幡電産_自己株式の取得状況及び取得終了に関するお知らせ.pdf
   ✅ 保存: 3407_1100_旭化成_自己株式の取得状況に関するお知らせ.pdf
   ✅ 保存: 493A_1100_OneJ1-3年_2026年3月期(2026年1月19日~2026年3月20日)決算短信.pdf
   ✅ 保存: 5122_1100_オカモト_自己株式取得状況(途中経過)に関するお知らせ.pdf
   ✅ 保存: 6173_1100_G-アクアライン_当社株式の上場廃止の決定及び整理銘柄の指定に関するお知らせ.pdf
   ✅ 保存: 6577_1100_G-ベストワンドット_歌謡コーラスグループ「純烈」との特別コラボレーション企画クルーズ決定のお知らせ.pdf
   ✅ 保存: 8002_1100_丸紅_2026年3月期 決算短信〔IFRS〕(連結).pdf
   ✅ 保存: 8002_1100_丸紅_「自己株式の取得に係る事項の決定に関するお知らせ」の一部変更に係る事項の決定に関するお知らせ.pdf
   ✅ 保存: 5333_1040_NGK_自己株式立会外買付取引(N-NET3)による自己株式の取得結果及び自己株式取得終了並びに自己株式の消却に関するお知らせ.pdf
   ✅ 保存: 5386_1040_鶴弥_株主提案に対する当社取締役会の意見に関するお知らせ.pdf
   ✅ 保存: 5386_1040_鶴弥_2026年3月期決算短信〔日本基準〕(非連結).pdf
   ✅ 保存: 6301_1030_コマツ_自己株式の取得状況に関するお知らせ.pdf
   ✅ 保存: 7774_1030_G-J・TEC_2026年3月期 決算短信〔日本基準〕(非連結).pdf
   ✅ 保存: 7774_1030_G-J・TEC_2026年3月期 決算説明資料.pdf
   ✅ 保存: 7774_1030_G-J・TEC_事業計画及び成長可能性に関する事項.pdf
   ✅ 保存: 9799_1030_旭情報_自己株式の取得状況に関するお知らせ.pdf
   ✅ 保存: 3329_1015_東和フード_2026年4月度売上高速報(前期対比).pdf
   ✅ 保存: 4884_1010_G-クリングル_脊髄損傷急性期患者を対象とした追加臨床試験に関するPMDAとの対面助言終了のお知らせ.pdf
   ✅ 保存: 4884_1010_G-クリングル_第三者割当により発行された第16回新株予約権(行使価額修正条項付)の月間行使状況に関するお知らせ.pdf
   ✅ 保存: 8473_1010_SBI_2026年3月期 決算短信〔IFRS〕(連結).pdf
   ✅ 保存: 8473_1010_SBI_ユーロ円建転換社債型新株予約権付社債の転換価額の調整に関するお知らせ.pdf
   ✅ 保存: 273A_1000_SBIサウジ上場投信_2026年3月期(2025年9月25日~2026年3月24日)決算短信.pdf
   ✅ 保存: 3670_1000_協立情報通信_東京証券取引所における当社株式の上場廃止の決定及び整理銘柄への指定に関するお知らせ.pdf
   ✅ 保存: 4691_1000_ワシントンホテル_主要株主の異動に関するお知らせ.pdf
   ✅ 保存: 6594_1000_ニデック_東京証券取引所による上場契約違約金の徴求についてのお知らせ.pdf
   ✅ 保存: 7976_1000_三菱鉛筆_自己株式立会外買付取引(ToSTNeT-3)による自己株式の取得結果及び自己株式取得終了に関するお知らせ.pdf
   ✅ 保存: 8011_1000_三陽商_自己株式の取得状況(途中経過)に関するお知らせ.pdf
   ✅ 保存: 8303_1000_SBI新生銀行_2026年3月期 決算短信〔日本基準〕(連結).pdf
   ✅ 保存: 9433_1000_KDDI_東京証券取引所による改善報告書及び上場契約違約金の徴求についてのお知らせ.pdf
   ✅ 保存: 2288_0910_丸大食_自己株式の取得状況に関するお知らせ.pdf
   ✅ 保存: 470A_0900_P-ローカル_(訂正)「2026年2月期 決算短信〔日本基準〕(非連結)」の一部訂正について.pdf
   ✅ 保存: 4881_0900_G-ファンペップ_第13回新株予約権(行使価額修正条項付)の大量行使及び月間行使状況に関するお知らせ.pdf
   ✅ 保存: 6699_0900_ダイヤHD_第三者割当により発行された第8回新株予約権(行使価額修正条項付)の月間行使状況に関するお知らせ.pdf
   ✅ 保存: 7793_0900_G-イメージマジック_自己株式の取得状況に関するお知らせ.pdf
   ✅ 保存: 3093_0859_トレファク_(追加)2026年2月期 通期決算 質疑応答集 (2026_5_1更新).pdf
   ✅ 保存: 6838_0859_多摩川HD_第三者割当により発行された第16回新株予約権(行使価額修正選択権付)の月間行使状況に関するお知らせ.pdf
   ...Page 005 を確認中
   ✅ 保存: 9166_0850_G-GENDA_自己株式の取得枠設定に関するお知らせ(会社法第 165 条第 2 項の規定による定款の定めに基づく自己株式の取得).pdf
   ✅ 保存: 4088_0845_エア・ウォーター_東京証券取引所による特別注意銘柄の指定及び上場契約違約金の徴求についてのお知らせ.pdf
   ✅ 保存: 8002_0845_丸紅_自己株式の取得状況に関するお知らせ.pdf
   ✅ 保存: 3681_0830_ブイキューブ_スポンサー基本契約に基づく最終契約の交渉状況に関するお知らせ.pdf
   ✅ 保存: 4684_0830_オービック_自己株式の取得状況に関するお知らせ.pdf
   ✅ 保存: 565A_0800_P-FFFHD_東京証券取引所TOKYO PRO Marketへの上場のお知らせ.pdf
   ✅ 保存: 565A_0800_P-FFFHD_東京証券取引所TOKYO PRO Marketへの上場に伴う当社決算情報等のお知らせ.pdf
   ✅ 保存: 565A_0800_P-FFFHD_流動性プロバイダーの指定のお知らせ.pdf
   ...Page 006 を確認中
   📝 一覧CSV保存: TDnet_Sorted_20260501.csv
   📝 一覧CSV保存（ルート）: TDnet_Sorted_20260501.csv
   📊 日別統計: page_access=6, pdf_success=382, excluded=40

============================================================
✅ ①完了（範囲取得）
   期間: 20260501 ～ 20260501 （mode=day）
   一覧ページアクセス合計: 6
   PDFダウンロード成功合計: 382
   除外件数合計: 40
   保存ルート: G:\マイドライブ\TDnet_Downloads

$ C:\Users\onok\AppData\Local\Python\pythoncore-3.14-64\python.exe -u ②a②bは２つフリーワード検索.py analyze --target 20260501 --save-root G:\マイドライブ\TDnet_Downloads --keywords 価格交渉 増産 価格改定 価格転嫁 値上 想定以上 上方修正 下方修正 想定以下 未達 大幅 計画を上 計画を下 計画以 需要回復 需要の回復 需要が増 需要が低 悪化 グローバルニッチトップ トップシェア シェア拡大 レアアース
ルート: G:\マイドライブ\TDnet_Downloads
対象指定: 20260501 mode= day from= 20260501 to= 20260501
対象フォルダ数: 1
検索キーワード: ['価格交渉', '増産', '価格改定', '価格転嫁', '値上', '想定以上', '上方修正', '下方修正', '想定以下', '未達', '大幅', '計画を上', '計画を下', '計画以', '需要回復', '需要の回復', '需要が増', '需要が低', '悪化', 'グローバルニッチトップ', 'トップシェア', 'シェア拡大', 'レアアース']
総PDF数（推定）: 382
[1/1] 日付フォルダ 20260501 を処理中... (このフォルダ内PDF数: 382)
  進捗: 50/382 件のPDFを解析済み
  進捗: 100/382 件のPDFを解析済み
  進捗: 150/382 件のPDFを解析済み
  進捗: 200/382 件のPDFを解析済み
  進捗: 250/382 件のPDFを解析済み
  進捗: 300/382 件のPDFを解析済み
  進捗: 350/382 件のPDFを解析済み
  進捗: 382/382 件のPDFを解析済み
  → 日付フォルダ 20260501 のヒットPDF数: 65

✅ ②A 完了（解析専用・キーワード別ページ列）
解析PDF数: 382
ヒットPDF数: 65
出力CSV: Analysis_Hits_free_word_20260501.csv
保存先: G:\マイドライブ\TDnet_Downloads

$ C:\Users\onok\AppData\Local\Python\pythoncore-3.14-64\python.exe -u ②a②bは２つフリーワード検索.py distribute --target 20260501 --save-root G:\マイドライブ\TDnet_Downloads --no-stop-on-empty-meta

✅ ②B 完了（配布用CSV作成・キーワード別ページ列）
出力: PDF_Search_Result_Distribution_free_word_20260501_sh.csv
キーワード列: ['価格交渉', '増産', '価格改定', '価格転嫁', '値上', '想定以上', '上方修正', '下方修正', '想定以下', '未達', '大幅', '計画を上', '計画を下', '計画以', '需要回復', '需要の回復', '需要が増', '需要が低', '悪化', 'グローバルニッチトップ', 'トップシェア', 'シェア拡大', 'レアアース']
突合除外件数: 0
空欄アラート件数: 0

============================================
 Done: 2026-05-02 01:01:09
============================================
