============================================
 TDnet auto run: 20260624
 Start: 2026-06-24 23:00:01
============================================

$ C:\Users\onok\AppData\Local\Python\pythoncore-3.14-64\python.exe -u ①_tdnetアクセスしてダウンロードする処理（月日付別フォルダ保存）.py --target 20260624 --save-root G:\マイドライブ\TDnet_Downloads
🎯 対象指定: 20260624（mode=day, from=20260624, to=20260624）
📁 保存ルート: G:\マイドライブ\TDnet_Downloads

============================================================
📅 日付: 20260624 を処理します
   ...Page 001 を確認中
   ✅ 保存: 3979_1900_G-うるる_(訂正)「事業計画及び成長可能性に関する事項」の一部訂正について.pdf
   ✅ 保存: 4973_1900_高純度化_ストックオプション(新株予約権)の付与に関するお知らせ.pdf
   ✅ 保存: 6706_1900_電気興_有価証券報告書の提出予定日の変更について.pdf
   ✅ 保存: 2499_1830_日本和装_自己株式取得に係る事項の決定に関するお知らせ.pdf
   ✅ 保存: 2588_1830_プレミアムウォーター_第20期定時株主総会における議決権行使結果及び役員人事に関するお知らせ.pdf
   ✅ 保存: 7421_1830_カッパ・クリエイト_海外子会社の増資(特定子会社化)に関するお知らせ.pdf
   ✅ 保存: 6736_1810_サン電子_代表取締役の異動に関するお知らせ.pdf
   ✅ 保存: 1447_1800_G-SAAFHD_当社株主による定時株主総会開催禁止仮処分申立て却下決定並びに 当社株主による一時取締役及び一時代表取締役選任申立て却下決定に関するお知らせ.pdf
   ✅ 保存: 358A_1800_P-ゼン・ランド_販売用不動産の取得に伴う資金の借入に関するお知らせ.pdf
   ✅ 保存: 3903_1800_gumi_株主優待制度の拡充に関するお知らせ.pdf
   ✅ 保存: 4882_1800_G-ペルセウス_行使価額修正条項付新株予約権の大量行使に関するお知らせ.pdf
   ✅ 保存: 9468_1800_KADOKAWA_取締役、執行役および執行役員人事に関するお知らせ.pdf
   ✅ 保存: 4626_1745_太陽HD_(訂正)「取締役の担当業務に関するお知らせ」の一部訂正に関するお知らせ.pdf
   ✅ 保存: 4626_1745_太陽HD_(訂正)「取締役会議長選定に関するお知らせ」の一部訂正に関するお知らせ.pdf
   ✅ 保存: 4626_1745_太陽HD_(訂正)「人事異動に関するお知らせ」の一部訂正に関するお知らせ.pdf
   ✅ 保存: 2937_1730_G-サンクゼール_事業計画及び成長可能性に関する事項.pdf
   ✅ 保存: 4973_1730_高純度化_譲渡制限付株式報酬としての自己株式処分に関するお知らせ.pdf
   ✅ 保存: 5103_1730_昭和HD_支配株主等に関する事項について.pdf
   ✅ 保存: 5103_1730_昭和HD_非上場の親会社等の決算に関するお知らせ.pdf
   ✅ 保存: 5103_1730_昭和HD_財務報告に係る内部統制の開示すべき重要な不備に関するお知らせ.pdf
   ✅ 保存: 7079_1730_G-WDBココ_事業計画及び成長可能性資料.pdf
   ✅ 保存: 7096_1730_G-ステムセル研究所_(開示事項の経過)東南アジア地域における細胞バンク事業の展開加速に向けた追加資金調達に関するお知らせ.pdf
   ✅ 保存: 7199_1730_プレミアグループ_譲渡制限付株式報酬としての自己株式の処分に関するお知らせ.pdf
   ✅ 保存: 7723_1730_愛知時_譲渡制限付株式報酬としての自己株式処分に関するお知らせ.pdf
   ✅ 保存: 9629_1730_ピーシーエー_事後交付型株式報酬としての自己株式の処分に関するお知らせ.pdf
   ✅ 保存: 6363_1725_酉島製_取締役の異動(及び取締役体制)に関するお知らせ.pdf
   ✅ 保存: 4362_1710_日本精化_譲渡制限付株式報酬としての自己株式の処分に関するお知らせ.pdf
   ✅ 保存: 2332_1700_クエスト_事業成長戦略資料に関するお知らせ.pdf
   ✅ 保存: 2928_1700_A-RIZAP G_支配株主等に関する事項について.pdf
   ✅ 保存: 3038_1700_神戸物産_(開示事項の経過)連結子会社の増資に伴う特定子会社への異動に関するお知らせ.pdf
   ✅ 保存: 3101_1700_東洋紡_譲渡制限付株式としての自己株式の処分に関するお知らせ.pdf
   ✅ 保存: 3140_1700_G-BRUNO_経営支援料に関する契約締結のお知らせ.pdf
   ✅ 保存: 3279_1700_R-API_国内不動産信託受益権の取得及び貸借に関するお知らせ(A-FLAG 京都四条).pdf
   ✅ 保存: 3358_1700_Trailhead_(訂正)適時開示資料「第5回新株予約権の取得および消却に関するお知らせ」の一部訂正について.pdf
   ✅ 保存: 4507_1700_塩野義薬_譲渡制限付株式報酬としての自己株式の処分について.pdf
   ✅ 保存: 5290_1700_ベルテクス_株式報酬型SO(新株予約権)の発行内容確定に関するお知らせ.pdf
   ✅ 保存: 5342_1700_ジャニス工_公益財団法人財務会計基準機構への加入状況及び加入に関する考え方等に関するお知らせ.pdf
   ✅ 保存: 5410_1700_合同鉄_本日の株主総会における質疑応答について.pdf
   ✅ 保存: 5903_1700_SHINPO_主要株主の異動に関するお知らせ.pdf
   ✅ 保存: 5981_1700_東製綱_主要株主および主要株主である筆頭株主の異動に関するお知らせ.pdf
   ✅ 保存: 6430_1700_ダイコク電_譲渡制限付株式報酬としての新株式の発行に関するお知らせ.pdf
   ✅ 保存: 6740_1700_JDI_第24期定時株主総会及び普通株主様による種類株主総会における議決権行使結果のお知らせ.pdf
   ✅ 保存: 7173_1700_東京きらぼしFG_従業員持株会向け譲渡制限付株式インセンティブとしての自己株式の処分について.pdf
   ✅ 保存: 7637_1700_白銅_譲渡制限付株式報酬としての新株式の発行に関するお知らせ.pdf
   ✅ 保存: 7637_1700_白銅_「取締役の個人別の報酬等の内容についての決定に関する方針」の変更に関するお知らせ.pdf
   ✅ 保存: 7769_1700_リズム_資本コストや株価を意識した経営の実現に向けた対応について(アップデート).pdf
   ✅ 保存: 7950_1700_デコラックス_投資単位の引下げに関する考え方及び方針等について.pdf
   ✅ 保存: 8101_1700_GSIクレオス_譲渡制限付株式報酬としての自己株式処分に関するお知らせ.pdf
   ✅ 保存: 8844_1700_コスモスイニシア_当社及び当社子会社の取締役等に対する譲渡制限付株式としての自己株式の処分に関するお知らせ.pdf
   ✅ 保存: 9850_1700_グルメ杵屋_(開示事項の経過)合弁会社の増資に伴う関連会社への異動に関するお知らせ.pdf
   ✅ 保存: 4664_1645_アールエスシー_非上場の親会社等の決算情報に関するお知らせ.pdf
   ✅ 保存: 8022_1645_ミズノ_譲渡制限付株式報酬としての自己株式の処分に関するお知らせ.pdf
   ✅ 保存: 3121_1632_マーチャント_自己株式立会外買付取引(ToSTNeT-3)による自己株式の買付けに関するお知らせ.pdf
   ✅ 保存: 2454_1630_オールアバウト_譲渡制限付株式報酬としての自己株式処分に関するお知らせ.pdf
   ✅ 保存: 3161_1630_アゼアス_剰余金の配当に関するお知らせ.pdf
   ✅ 保存: 3840_1630_PATH_(開示事項の経過)子会社における業務提携(素材譲渡契約の締結)に関するお知らせ.pdf
   ✅ 保存: 3856_1630_Abalance_新経営体制に関するお知らせ.pdf
   ✅ 保存: 3937_1630_Ubicom_当社の組織変更及び人事異動ならびに当社連結子会社の役員の異動に関するお知らせ.pdf
   ✅ 保存: 3963_1630_シンクロ・フード_上場維持基準の適合に向けた計画(改善期間入り)について.pdf
   ✅ 保存: 5423_1630_東製鉄_役員に対する譲渡制限付株式報酬としての自己株式の処分に関するお知らせ.pdf
   ✅ 保存: 5838_1630_楽天銀行_支配株主等に関する事項について.pdf
   ✅ 保存: 5838_1630_楽天銀行_投資単位の引下げに関する考え方及び方針等について.pdf
   ✅ 保存: 6424_1630_高見サイ_取締役及び執行役員の異動に関するお知らせ.pdf
   ✅ 保存: 6743_1630_大同信号_中期経営計画の進捗に関するお知らせ.pdf
   ✅ 保存: 6743_1630_大同信号_役員等の異動に関するお知らせ.pdf
   ✅ 保存: 6857_1630_アドバンテス_投資単位の引下げに関する考え方および方針等について.pdf
   ✅ 保存: 6963_1630_ローム_譲渡制限付株式(RS)報酬としての自己株式の処分に関するお知らせ.pdf
   ✅ 保存: 6963_1630_ローム_業績連動型譲渡制限付株式(PSRSU)報酬としての自己株式の処分に関するお知らせ.pdf
   ✅ 保存: 7438_1630_コンドーテック_譲渡制限付株式報酬としての自己株式処分に関するお知らせ.pdf
   ✅ 保存: 8783_1630_abc_(開示事項の経過)合弁会社「AI Data Partners株式会社」の設立完了に関するお知らせ.pdf
   ✅ 保存: 9049_1630_京福電鉄_投資単位の引下げに関する考え方及び方針等について.pdf
   ✅ 保存: 9332_1630_NISSOHD_取締役の選任および執行役員体制に関するお知らせ.pdf
   ✅ 保存: 9425_1630_ReYuuJapan_(開示事項の経過)合弁会社「AI Data Partners株式会社」の設立完了に関するお知らせ.pdf
   ✅ 保存: 9987_1630_スズケン_譲渡制限付株式報酬としての自己株式の処分に関するお知らせ.pdf
   ✅ 保存: 4833_1615_G-Defコンサル_第三者割当による第9回新株予約権並びに新株予約権の買取契約の締結に関するお知らせ.pdf
   ✅ 保存: 4849_1615_エン_連結子会社からの配当金受領に関するお知らせ.pdf
   ✅ 保存: 157A_1600_G-Gモンスター_第三者委員会設置に関するお知らせ.pdf
   ✅ 保存: 1720_1600_東急建設_譲渡制限付株式報酬としての自己株式の処分に関するお知らせ.pdf
   ✅ 保存: 1929_1600_日特建_譲渡制限付株式報酬としての新株式の発行に関するお知らせ.pdf
   ✅ 保存: 1929_1600_日特建_「コーポレートガバナンス基本方針」の一部改定に関するお知らせ.pdf
   ✅ 保存: 1941_1600_中電工_譲渡制限付株式報酬としての自己株式の処分に関するお知らせ.pdf
   ✅ 保存: 2776_1600_新都HD_HASHCAT社との業務提携契約の解約決議に関するお知らせ.pdf
   ✅ 保存: 2780_1600_コメ兵HD_譲渡制限付株式報酬としての自己株式の処分に関するお知らせ.pdf
   ✅ 保存: 2814_1600_佐藤食品_組織変更に関するお知らせ.pdf
   ✅ 保存: 2814_1600_佐藤食品_取締役の委嘱業務及び執行役員の選任に関するお知らせ.pdf
   ✅ 保存: 300A_1600_MIC_譲渡制限付株式報酬としての新株式の発行に関するお知らせ.pdf
   ✅ 保存: 3010_1600_ポラリスHD_株主還元方針の見直し及び2027 年3月期配当予想の修正(増配)に関するお知らせ.pdf
   ...Page 002 を確認中
   ✅ 保存: 3284_1600_フージャース_「内部統制システムの基本方針」の一部改正に関するお知らせ.pdf
   ✅ 保存: 3361_1600_トーエル_剰余金の配当に関するお知らせ.pdf
   ✅ 保存: 3361_1600_トーエル_役員の異動(内定)に関するお知らせ.pdf
   ✅ 保存: 3550_1600_G-スタジオアタオ_従業員に対する譲渡制限付株式としての自己株式処分に関するお知らせ.pdf
   ✅ 保存: 3772_1600_ウェルス_役員就任に関するお知らせ.pdf
   ✅ 保存: 3772_1600_ウェルス_支配株主等に関する事項について.pdf
   ✅ 保存: 3979_1600_G-うるる_事業計画及び成長可能性に関する事項.pdf
   ✅ 保存: 4415_1600_G-ブロードエンター_貸付投資の「Funds」を利用した第2回資金調達のお知らせ.pdf
   ✅ 保存: 4502_1600_武田薬_取締役分掌等の決定およびジュリー・キムの代表取締役 社長CEO就任について.pdf
   ✅ 保存: 4507_1600_塩野義薬_資本コストや株価を意識した経営の実現に向けた対応に関するお知らせ.pdf
   ✅ 保存: 4890_1600_G-坪田ラボ_(開示事項の経過)子会社の異動を伴う株式取得に関するお知らせ.pdf
   ✅ 保存: 5022_1600_P-レボインター_定時株主総会の決議結果及び上場廃止申請に関するお知らせ.pdf
   ✅ 保存: 5185_1600_フコク_譲渡制限付株式報酬としての自己株式の処分に関するお知らせ.pdf
   ✅ 保存: 5284_1600_ヤマウHD_役員人事に関するお知らせ.pdf
   ✅ 保存: 5989_1600_エイチワン_支配株主等に関する事項について.pdf
   ✅ 保存: 5994_1600_ファインシンター_支配株主等に関する事項について.pdf
   ✅ 保存: 6055_1600_Jマテリアル_譲渡制限付株式報酬としての自己株式の処分に関するお知らせ.pdf
   ✅ 保存: 6088_1600_シグマクシスHD_取締役選任に関するお知らせ.pdf
   ✅ 保存: 6157_1600_日進工具_譲渡制限付株式報酬としての自己株式の処分に関するお知らせ.pdf
   ✅ 保存: 6198_1600_G-キャリア_自己株式の取得状況及び取得終了に関するお知らせ.pdf
   ✅ 保存: 6240_1600_ヤマシンフィルタ_取締役選任および役付執行役員選任のお知らせ.pdf
   ✅ 保存: 6240_1600_ヤマシンフィルタ_譲渡制限付株式報酬としての自己株式の処分に関するお知らせ.pdf
   ✅ 保存: 6332_1600_月島HD_譲渡制限付株式報酬としての自己株式の処分に関するお知らせ.pdf
   ✅ 保存: 6363_1600_酉島製_譲渡制限付株式報酬としての自己株式の処分に関するお知らせ.pdf
   ✅ 保存: 6458_1600_新晃工業_譲渡制限付株式報酬としての自己株式の処分に関するお知らせ.pdf
   ✅ 保存: 6460_1600_セガサミーHD_当社経営体制について.pdf
   ✅ 保存: 6555_1600_MSコンサル_執行役員に対する譲渡制限付株式報酬としての自己株式の処分に関するお知らせ.pdf
   ✅ 保存: 6695_1600_P-キャストリコ_支配株主等に関する事項について.pdf
   ✅ 保存: 6736_1600_サン電子_取締役の新体制に関するお知らせ.pdf
   ✅ 保存: 6736_1600_サン電子_投資単位の引下げに関する考え方及び方針等について.pdf
   ✅ 保存: 6882_1600_三社電機製作所_役員報酬の自主返上に関するお知らせ.pdf
   ✅ 保存: 6927_1600_ヘリオステクノH_譲渡制限付株式報酬としての自己株式の処分に関するお知らせ.pdf
   ✅ 保存: 7111_1600_INEST_支配株主等に関する事項について.pdf
   ✅ 保存: 7226_1600_極東開_譲渡制限付株式報酬としての自己株式の処分に関するお知らせ.pdf
   ✅ 保存: 7242_1600_カヤバ_取締役(社外取締役を除く。)に対する譲渡制限付株式報酬等としての自己株式処分に関するお知らせ取締役(社外取締役を除く。)及び執行役員に対する譲渡制限付株式報.pdf
   ✅ 保存: 7320_1600_G-Solvvy_自己株式の取得状況及び取得終了に関するお知らせ.pdf
   ✅ 保存: 7687_1600_G-ミクリード_支配株主等に関する事項について.pdf
   ✅ 保存: 7840_1600_フラベッドH_2029年満期ユーロ円建転換社債型新株予約権付社債の転換価額の調整に関するお知らせ.pdf
   ✅ 保存: 7979_1600_松風_譲渡制限付株式報酬としての自己株式の処分に関するお知らせ.pdf
   ✅ 保存: 7981_1600_タカラスタン_譲渡制限付株式報酬としての自己株式の処分に関するお知らせ.pdf
   ✅ 保存: 7994_1600_オカムラ_連結子会社の解散に関するお知らせ.pdf
   ✅ 保存: 7994_1600_オカムラ_執行役員の異動に関するお知らせ.pdf
   ✅ 保存: 8056_1600_BIPROGY_譲渡制限付株式報酬としての自己株式の処分に関するお知らせ.pdf
   ✅ 保存: 8065_1600_佐藤商_ストックオプション(新株予約権)の発行に関するお知らせ.pdf
   ✅ 保存: 8130_1600_サンゲツ_譲渡制限付株式報酬としての自己株式の処分に関するお知らせ.pdf
   ✅ 保存: 8306_1600_三菱UFJ_(訂正)「2026年3月期 決算短信〔日本基準〕(連結)」の一部訂正について.pdf
   ✅ 保存: 8366_1600_滋賀銀_譲渡制限付株式報酬としての自己株式の処分に関するお知らせ.pdf
   ✅ 保存: 8368_1600_百五銀_取締役に対する株式報酬型ストック・オプションの発行に関するお知らせ.pdf
   ✅ 保存: 8399_1600_琉球銀_譲渡制限付株式報酬としての自己株式の処分に関するお知らせ.pdf
   ✅ 保存: 8551_1600_北日本銀_譲渡制限付株式報酬としての自己株式の処分に関するお知らせ.pdf
   ✅ 保存: 8968_1600_R-福岡_資産運用会社における主要株主の異動に関するお知らせ.pdf
   ✅ 保存: 8968_1600_R-福岡_資金の借入に関するお知らせ.pdf
   ✅ 保存: 9256_1600_G-サクシード_事業計画及び成長可能性に関する事項.pdf
   ✅ 保存: 9319_1600_中央倉庫_「当社株式の大量取得行為に関する対応策(買収への対応方針)」に基づく 独立委員会の委員選任に関するお知らせ.pdf
   ✅ 保存: 9900_1600_サガミHD_当社株式の大量取得行為に関する対応策(買収への対応方針)の 独立委員会委員の一部交代に関するお知らせ.pdf
   ✅ 保存: 9960_1600_東テク_譲渡制限付株式報酬としての自己株式の処分に関するお知らせ.pdf
   ✅ 保存: 9976_1600_セキチュー_2027年2月期第1四半期決算短信〔日本基準〕(非連結).pdf
   ✅ 保存: 9984_1600_ソフトバンクグループ_新株予約権(ストックオプション)の発行に関するお知らせ.pdf
   ✅ 保存: 9057_1555_遠州トラック_支配株主等に関する事項について.pdf
   ✅ 保存: 6580_1550_G-ライトアップ_自己株式の取得状況および取得終了に関するお知らせ.pdf
   ✅ 保存: 2673_1545_夢みつけ隊_公益財団法人 財務会計基準機構への加入状況について.pdf
   ✅ 保存: 2673_1545_夢みつけ隊_支配株主等に関する事項について.pdf
   ✅ 保存: 6632_1545_JVCKW_新経営体制発足に関するお知らせ.pdf
   ✅ 保存: 9057_1545_遠州トラック_取締役及び執行役員に対する譲渡制限付株式としての自己株式処分に関するお知らせ.pdf
   ✅ 保存: 9643_1545_中日興_公益財団法人財務会計基準機構への加入状況について.pdf
   ✅ 保存: 9643_1545_中日興_投資単位の引下げに関する考え方および方針等について.pdf
   ✅ 保存: 250A_1540_シマダヤ_譲渡制限付株式報酬としての自己株式の処分に関するお知らせ.pdf
   ✅ 保存: 250A_1540_シマダヤ_親会社等の決算に関するお知らせ.pdf
   ✅ 保存: 2708_1540_久世_公益財団法人財務会計基準機構への加入状況等について.pdf
   ✅ 保存: 2708_1540_久世_支配株主等に関する事項について.pdf
   ✅ 保存: 3895_1540_ハビックス_譲渡制限付株式報酬としての自己株式の処分に関するお知らせ.pdf
   ✅ 保存: 4406_1540_新日本理化_役員人事に関するお知らせ.pdf
   ✅ 保存: 1443_1535_技研ホールディングス_公益財団法人財務会計基準機構への加入状況及び加入に関する考え方等に関するお知らせ.pdf
   ✅ 保存: 1443_1535_技研ホールディングス_支配株主等に関する事項について.pdf
   ✅ 保存: 1436_1532_G-グリーンエナジー_資金の借入に関するお知らせ.pdf
   ✅ 保存: 1720_1530_東急建設_執行役員制度の改定、代表取締役の管掌業務の変更および役員人事に関するお知らせ.pdf
   ✅ 保存: 1944_1530_きんでん_譲渡制限付株式報酬としての自己株式の処分に関するお知らせ.pdf
   ✅ 保存: 195A_1530_G-MUSCAT G_財務報告に係る内部統制の開示すべき重要な不備に関するお知らせ.pdf
   ✅ 保存: 2224_1530_コモ_(訂正・数値データ訂正)「2026年3月期決算短信〔日本基準〕(連結)」の一部訂正について.pdf
   ✅ 保存: 2469_1530_ヒビノ_譲渡制限付株式報酬としての自己株式の処分に関するお知らせ.pdf
   ✅ 保存: 2497_1530_G-UNITED_支配株主等に関する事項について.pdf
   ✅ 保存: 2497_1530_G-UNITED_非上場の親会社等の決算情報に関するお知らせ.pdf
   ✅ 保存: 2586_1530_G-フルッタフルッタ_定時株主総会の決議結果に関するお知らせ.pdf
   ✅ 保存: 2586_1530_G-フルッタフルッタ_公益財団法人財務会計基準機構への加入状況及び加入に関する考え方等について.pdf
   ✅ 保存: 2742_1530_ハローズ_2027年2月期 第1四半期決算短信〔日本基準〕(非連結).pdf
   ✅ 保存: 2871_1530_ニチレイ_譲渡制限付株式報酬としての新株式の発行に関するお知らせ.pdf
   ✅ 保存: 2871_1530_ニチレイ_株主優待制度の基準日変更に関するお知らせ.pdf
   ✅ 保存: 2897_1530_日清食HD_連結子会社からの配当金受領に関するお知らせ.pdf
   ✅ 保存: 2930_1530_北の達人_譲渡制限付株式報酬としての自己株式処分の割当完了に関するお知らせ.pdf
   ✅ 保存: 2930_1530_北の達人_当社の従業員に対する譲渡制限付株式としての自己株式処分の払込完了に関するお知らせ.pdf
   ✅ 保存: 3137_1530_ファンデリー_支配株主等に関する事項について.pdf
   ✅ 保存: 3166_1530_OCHI・HD_株式会社キョウワの株式取得(子会社化)に関するお知らせ.pdf
   ✅ 保存: 3185_1530_G-夢展望_支配株主等に関する事項について.pdf
   ✅ 保存: 3231_1530_野村不HD_支配株主等に関する事項について.pdf
   ✅ 保存: 3249_1530_R-産業ファ_資金の借入(借換)及び借入金の期限前弁済に関するお知らせ.pdf
   ✅ 保存: 3269_1530_R-ADR_国内不動産の譲渡に関するお知らせ≪レジディア徳川≫.pdf
   ✅ 保存: 3290_1530_R-Oneリート_資産運用会社の監査役の退任に関するお知らせ.pdf
   ✅ 保存: 3358_1530_Trailhead_第5回新株予約権の取得および消却に関するお知らせ.pdf
   ✅ 保存: 3455_1530_R-HCM_資産運用会社における 「バックアップオペレーティングに関するサポート契約」締結に関するお知らせ.pdf
   ✅ 保存: 3543_1530_コメダ_役員及び従業員に対する譲渡制限付株式報酬としての自己株式の処分に関するお知らせ.pdf
   ...Page 003 を確認中
   ✅ 保存: 3612_1530_ワールド_社外取締役報酬の上限枠を超過した支給について.pdf
   ✅ 保存: 3622_1530_ネットイヤー_支配株主等に関する事項について.pdf
   ✅ 保存: 3679_1530_じげん_業績目標連動型募集新株予約権(有償ストック・オプション)の発行に関するお知らせ.pdf
   ✅ 保存: 3891_1530_高度紙_譲渡制限付株式報酬としての自己株式の処分に関するお知らせ.pdf
   ✅ 保存: 3929_1530_G-ソーシャルワイヤ_上場維持基準への適合に向けた計画(改善期間入り)について.pdf
   ✅ 保存: 3929_1530_G-ソーシャルワイヤ_支配株主等に関する事項について.pdf
   ✅ 保存: 4167_1530_G-ココペリ_ストック・オプション(新株予約権)の発行に関するお知らせ.pdf
   ✅ 保存: 4183_1530_三井化学_譲渡制限付株式報酬としての自己株式の処分に関するお知らせ.pdf
   ✅ 保存: 4203_1530_住友ベーク_譲渡制限付株式報酬としての自己株式の処分に関するお知らせ.pdf
   ✅ 保存: 4237_1530_フジプレアム_支配株主等に関する事項について.pdf
   ✅ 保存: 4237_1530_フジプレアム_資本コストや株価を意識した経営の実現に向けた対応について(アップデート).pdf
   ✅ 保存: 4237_1530_フジプレアム_組織変更及び役員異動並びに報告セグメントの変更に関するお知らせ.pdf
   ✅ 保存: 4242_1530_タカギセイコー_譲渡制限付株式報酬としての自己株式処分に関するお知らせ.pdf
   ✅ 保存: 431A_1530_G-ユーソナー_従業員持株会に対する譲渡制限付株式としての自己株式処分の払込完了及び一部失権に関するお知らせ.pdf
   ✅ 保存: 4386_1530_SIGグループ_連結子会社からの配当金受領に関するお知らせ.pdf
   ✅ 保存: 4389_1530_G-プロパティDBK_支配株主等に関する事項について.pdf
   ✅ 保存: 441A_1530_G-NE_取締役に対するリストリクテッド・ストック報酬制度及びパフォーマンス・シェア・ユニット報酬制度の導入に関するお知らせ.pdf
   ✅ 保存: 4442_1530_G-バルテスHD_役員等に対する譲渡制限付株式としての自己株式の処分に関するお知らせ.pdf
   ✅ 保存: 4553_1530_東和薬品_役員人事に関するお知らせ.pdf
   ✅ 保存: 4553_1530_東和薬品_譲渡制限付株式報酬としての自己株式の処分に関するお知らせ.pdf
   ✅ 保存: 4553_1530_東和薬品_親会社等の決算内容に関するお知らせ.pdf
   ✅ 保存: 4553_1530_東和薬品_支配株主等に関する事項について.pdf
   ✅ 保存: 4588_1530_G-オンコリスバイオ_再生医療等製品テロメライシンの医療保険上の取り扱いに関するお知らせ.pdf
   ✅ 保存: 4591_1530_G-リボミック_公益財団法人財務会計基準機構への加入状況及び加入に関する考え方等に関するお知らせ.pdf
   ✅ 保存: 4617_1530_中国塗料_取締役の担当について.pdf
   ✅ 保存: 4819_1530_デジタルガレージ_役員人事に関するお知らせ.pdf
   ✅ 保存: 4819_1530_デジタルガレージ_ストックオプション(新株予約権)の発行に関するお知らせ.pdf
   ✅ 保存: 4819_1530_デジタルガレージ_譲渡制限付株式報酬としての新株式発行に関するお知らせ.pdf
   ✅ 保存: 4827_1530_Q-BワンHD_公益財団法人財務会計基準機構への加入状況及び加入に関する考え方等に関するお知らせ.pdf
   ✅ 保存: 4875_1530_メディシノバ_定時株主総会の決議に関するお知らせ.pdf
   ✅ 保存: 4875_1530_メディシノバ_ストックオプション(新株予約権)の発行に関するお知らせ.pdf
   ✅ 保存: 4888_1530_G-ステラファーマ_支配株主等に関する事項について.pdf
   ✅ 保存: 4888_1530_G-ステラファーマ_事業計画及び成長可能性に関する事項.pdf
   ✅ 保存: 4978_1530_G-リプロセル_日本国内における脊髄小脳変性症(SCA3型及びSCA6型)を対象とした幹細胞製品「Stemchymal」の製造販売承認申請に関するお知らせ.pdf
   ✅ 保存: 5032_1530_ANYCOLOR_譲渡制限付株式報酬制度の改定に関するお知らせ.pdf
   ✅ 保存: 5074_1530_テスホールディングス_従業員に対する譲渡制限付株式としての新株式発行の払込完了に関するお知らせ.pdf
   ✅ 保存: 523A_1530_G-セイワHD_株式会社大庭塗装工業所の株式の取得(子会社化)に関するお知らせ.pdf
   ✅ 保存: 5368_1530_日本インシュレ_役員の異動に関するお知らせ.pdf
   ✅ 保存: 5368_1530_日本インシュレ_取締役及び執行役員に対する譲渡制限付株式としての自己株式処分に関するお知らせ.pdf
   ✅ 保存: 5440_1530_共英製鋼_支配株主等に関する事項について.pdf
   ✅ 保存: 550A_1530_ソフトテックス_配当予想の修正及び上場記念配当に関するお知らせ.pdf
   ✅ 保存: 5541_1530_大平洋金_譲渡制限付株式報酬としての自己株式の処分に関するお知らせ.pdf
   ✅ 保存: 5609_1530_日鋳造_支配株主等に関する事項について.pdf
   ✅ 保存: 5753_1530_日伸銅_支配株主等に関する事項について.pdf
   ✅ 保存: 5753_1530_日伸銅_公益財団法人財務会計基準機構への加入状況及び加入に関する考え方等に関するお知らせ.pdf
   ✅ 保存: 5834_1530_G-SBIリーシング_事業計画及び成長可能性に関する事項.pdf
   ✅ 保存: 5909_1530_コロナ_特定譲渡制限付株式報酬としての自己株式の処分に関するお知らせ.pdf
   ✅ 保存: 5929_1530_三和HD_譲渡制限付株式報酬としての自己株式処分に関するお知らせ.pdf
   ✅ 保存: 6030_1530_G-アドベンチャー_「2026年7月-2029年6月 3ヵ年 中期経営計画」策定に関するお知らせ.pdf
   ✅ 保存: 6030_1530_G-アドベンチャー_有償ストック・オプション(新株予約権)の発行に関するお知らせ.pdf
   ✅ 保存: 6135_1530_牧野フライス_投資単位の引下げに関する考え方及び方針等について.pdf
   ✅ 保存: 6167_1530_冨士ダイス_当社の経営体制について.pdf
   ✅ 保存: 6254_1530_野村マイクロ_資金の借入返済期日変更に関するお知らせ.pdf
   ✅ 保存: 6298_1530_ワイエイシイHD_(訂正・数値データ訂正)「2026年3月期 決算短信〔日本基準〕(連結)」の一部訂正について.pdf
   ✅ 保存: 6298_1530_ワイエイシイHD_(訂正)「株主提案(増配・定款変更)に関する当社取締役会の意見」の一部訂正について.pdf
   ✅ 保存: 6484_1530_KVK_2027年3月期~2029年3月期中期経営計画.pdf
   ✅ 保存: 6484_1530_KVK_2026年3月期 決算説明資料.pdf
   ✅ 保存: 6484_1530_KVK_譲渡制限付株式報酬としての自己株式の処分に関するお知らせ.pdf
   ✅ 保存: 6539_1530_MS-Japan_支配株主等に関する事項について.pdf
   ✅ 保存: 6586_1530_マキタ_譲渡制限付株式報酬としての自己株式の処分に関するお知らせ.pdf
   ✅ 保存: 6588_1530_東芝テック_(訂正)「役員異動に関するお知らせ」の一部訂正について.pdf
   ✅ 保存: 6594_1530_ニデック_当社海外子会社におけるランサムウェア被害に関するお知らせ(第1報).pdf
   ✅ 保存: 6613_1530_G-QDレーザ_事業計画及び成長可能性に関する説明資料.pdf
   ✅ 保存: 6614_1530_シキノハイテック_取締役に対する譲渡制限付株式報酬としての自己株式処分に関するお知らせ.pdf
   ✅ 保存: 6622_1530_ダイヘン_投資単位の引下げに関する考え方及び方針等について.pdf
   ✅ 保存: 6622_1530_ダイヘン_譲渡制限付株式報酬としての自己株式の処分に関するお知らせ.pdf
   ✅ 保存: 6638_1530_Mimaki_執行役員の人事に関するお知らせ.pdf
   ✅ 保存: 6648_1530_かわでん_(訂正・数値データ訂正)「2026年3月期 決算短信〔日本基準〕(非連結)」の一部訂正について.pdf
   ✅ 保存: 6658_1530_シライ電子_当社取締役会の実効性評価の結果概要等について.pdf
   ✅ 保存: 6742_1530_京三製_内部統制システム基本方針の一部改定について.pdf
   ✅ 保存: 6807_1530_航空電子_譲渡制限付株式報酬としての自己株式の処分に関するお知らせ.pdf
   ✅ 保存: 6807_1530_航空電子_支配株主等に関する事項について.pdf
   ✅ 保存: 6871_1530_日マイクロニクス_人事異動に関するお知らせ.pdf
   ✅ 保存: 6871_1530_日マイクロニクス_取締役の辞任に関するお知らせ.pdf
   ✅ 保存: 7040_1530_サン・ライフHD_譲渡制限付株式報酬としての自己株式の処分に関するお知らせ.pdf
   ✅ 保存: 7090_1530_G-リグア_事業計画及び成長可能性に関する事項.pdf
   ✅ 保存: 7167_1530_めぶきFG_譲渡制限付株式報酬としての自己株式の処分に関するお知らせ.pdf
   ✅ 保存: 7227_1530_アスカ_2026年11月期 第2四半期(中間期)決算短信[日本基準](連結).pdf
   ✅ 保存: 7318_1530_G-セレンディップ_(訂正・数値データ訂正)「2026年3月期 決算短信〔日本基準〕(連結)」の一部訂正について.pdf
   ✅ 保存: 7523_1530_アールビバン_公益財団法人財務会計基準機構への加入状況及び加入に関する考え方等に関するお知らせ.pdf
   ✅ 保存: 7686_1530_ひとまいる_非上場の親会社等の決算に関するお知らせ.pdf
   ✅ 保存: 7686_1530_ひとまいる_支配株主等に関する事項について.pdf
   ✅ 保存: 7686_1530_ひとまいる_親会社及びその他の関係会社の異動に関するお知らせ.pdf
   ✅ 保存: 7694_1530_G-いつも_事業計画及び成長可能性に関する事項.pdf
   ✅ 保存: 7893_1530_プロネクサス_譲渡制限付株式(報酬)としての自己株式の処分に関するお知らせ.pdf
   ✅ 保存: 7922_1530_三光産業_当社株式の上場廃止のお知らせ.pdf
   ✅ 保存: 7995_1530_バルカー_譲渡制限付株式報酬としての自己株式の処分に関するお知らせ.pdf
   ✅ 保存: 8111_1530_ゴルドウイン_「当社の企業価値ひいては株主共同の利益を確保・向上するための新株予約権を用いた方策」に基づく特別委員会委員の交代に関するお知らせ.pdf
   ✅ 保存: 8242_1530_H2Oリテイル_取締役等に対する譲渡制限付株式としての自己株式処分に関するお知らせ.pdf
   ✅ 保存: 8331_1530_千葉銀_自己株式の取得結果および取得終了に関するお知らせ.pdf
   ✅ 保存: 8338_1530_筑波銀行_譲渡制限付株式報酬としての自己株式処分に関するお知らせ.pdf
   ✅ 保存: 8364_1530_清水銀_取締役に対する譲渡制限付株式報酬としての自己株式処分に関するお知らせ.pdf
   ✅ 保存: 8585_1530_オリコ_支配株主等に関する事項について.pdf
   ✅ 保存: 8700_1530_丸八証券_役員体制に関するお知らせ.pdf
   ✅ 保存: 8700_1530_丸八証券_取締役会の実効性評価の結果の概要に関するお知らせ.pdf
   ✅ 保存: 8700_1530_丸八証券_支配株主等に関する事項について.pdf
   ✅ 保存: 8737_1530_あかつき本社_あかつき本社第59回無担保社債発行に関するお知らせ.pdf
   ✅ 保存: 8953_1530_R-都市ファンド_国内不動産の取得に関するお知らせ【バリューアッド投資】.pdf
   ✅ 保存: 8953_1530_R-都市ファンド_資金の借入(新規借入・借換)に関するお知らせ.pdf
   ✅ 保存: 8957_1530_R-東急RE_コミットメントライン契約の変更に関するお知らせ.pdf
   ...Page 004 を確認中
   ✅ 保存: 8986_1530_R-大和証券リビング_資金の借換えに関するお知らせ.pdf
   ✅ 保存: 8986_1530_R-大和証券リビング_コミットメントライン設定に関するお知らせ.pdf
   ✅ 保存: 9252_1530_G-ラストワンマイル_2026年5月度月次主要KPIに関するお知らせ.pdf
   ✅ 保存: 9307_1530_杉村倉庫_譲渡制限付株式報酬としての自己株式の処分に関するお知らせ.pdf
   ✅ 保存: 9307_1530_杉村倉庫_支配株主等に関する事項について.pdf
   ✅ 保存: 9405_1530_朝日放送グループHD_当社の役員に対する譲渡制限付株式報酬としての自己株式の処分に関するお知らせ.pdf
   ✅ 保存: 9651_1530_日プロ_非上場の親会社等の決算に関するお知らせ.pdf
   ✅ 保存: 9691_1530_両毛システム_臨時株主総会招集のための基準日設定に関するお知らせ.pdf
   ✅ 保存: 9691_1530_両毛システム_支配株主等に関する事項について.pdf
   ✅ 保存: 9698_1530_クレオ_第53回定時株主総会における議決権行使結果に関するお知らせ.pdf
   ✅ 保存: 9698_1530_クレオ_支配株主等に関する事項について.pdf
   ✅ 保存: 9715_1530_トランスコスモス_人事異動に関するお知らせ.pdf
   ✅ 保存: 9882_1530_イエローハット_役員人事に関するお知らせ.pdf
   ✅ 保存: 9890_1530_マキヤ_自己株式の公開買付けの結果及び取得終了に関するお知らせ.pdf
   ✅ 保存: 9980_1530_MRK HLD_執行役員人事に関するお知らせ.pdf
   ✅ 保存: 4177_1515_G-i-plug_支配株主等に関する事項について.pdf
   ✅ 保存: 4177_1515_G-i-plug_取締役及び執行役員に対する譲渡制限付株式としての新株式発行に関するお知らせ.pdf
   ✅ 保存: 9257_1515_G-YCP_(訂正・数値データ訂正)2024年12月期 決算短信〔SFRS(I)及びIFRS〕(連結)の一部訂正について.pdf
   ✅ 保存: 1420_1500_サンヨーH_支配株主等に関する事項について.pdf
   ✅ 保存: 1828_1500_田辺工業_譲渡制限付株式報酬としての自己株式の処分に関するお知らせ.pdf
   ✅ 保存: 1926_1500_ライト工_(訂正)「2026年3月期 決算短信〔日本基準〕(連結)」の一部訂正について.pdf
   ✅ 保存: 1961_1500_三機工_譲渡制限付株式報酬としての自己株式の処分に関するお知らせ.pdf
   ✅ 保存: 2281_1500_プリマハム_支配株主等に関する事項について.pdf
   ✅ 保存: 279A_1500_P-インターグ_支配株主等に関する事項について.pdf
   ✅ 保存: 2992_1500_P-アーバンライク_臨時株主総会招集のための基準日設定及び臨時株主総会の開催並びに付議議案の決定に関するお知らせ.pdf
   ✅ 保存: 2992_1500_P-アーバンライク_定款一部変更に関するお知らせ.pdf
   ✅ 保存: 3132_1500_マクニカHD_譲渡制限付株式報酬としての自己株式の処分に関するお知らせ.pdf
   ✅ 保存: 3190_1500_ホットマン_支配株主等に関する事項について.pdf
   ✅ 保存: 3580_1500_小松マテーレ_譲渡制限付株式報酬としての自己株式の処分に関するお知らせ.pdf
   ✅ 保存: 3927_1500_フーバーブレイン_株式報酬型ストック・オプション(新株予約権)の発行に関するお知らせ.pdf
   ✅ 保存: 3946_1500_トーモク_譲渡制限付株式報酬としての自己株式の処分に関するお知らせ.pdf
   ✅ 保存: 4994_1500_大成ラミックG_子会社設立に関するお知らせ.pdf
   ✅ 保存: 5199_1500_不二ラテ_役員体制に関するお知らせ.pdf
   ✅ 保存: 5273_1500_三谷セキサン_自己株式取得に係る事項の決定に関するお知らせ.pdf
   ✅ 保存: 5411_1500_JFE_2028年満期ユーロ円建転換社債型新株予約権付社債の転換価額の調整に関するお知らせ.pdf
   ✅ 保存: 5845_1500_全保連_支配株主等に関する事項について.pdf
   ✅ 保存: 5845_1500_全保連_譲渡制限付株式報酬としての自己株式の処分に関するお知らせ.pdf
   ✅ 保存: 6033_1500_G-エクストリーム_子会社の異動を伴う株式取得に関するお知らせ.pdf
   ✅ 保存: 6557_1500_G-AIAI_本店移転に関するお知らせ.pdf
   ✅ 保存: 6557_1500_G-AIAI_取締役(監査等委員である取締役及び社外取締役を除く。)に対する新株予約権 (税制適格ストック・オプション)の発行に関するお知らせ.pdf
   ✅ 保存: 7218_1500_田中精密_譲渡制限付株式報酬としての自己株式の処分に関するお知らせ.pdf
   ✅ 保存: 7238_1500_曙ブレーキ_上場維持基準への適合に向けた計画に基づく進捗状況について.pdf
   ✅ 保存: 7238_1500_曙ブレーキ_支配株主等に関する事項について.pdf
   ✅ 保存: 7477_1500_ムラキ_当社株式の大量買付行為への対応方針(買収への対応方針)に関する共同協調行為等の認定に向けた検討の開始および独立委員会に対する諮問に関するお知らせ.pdf
   ✅ 保存: 8043_1500_スターゼン_支配株主等に関する事項について.pdf
   ✅ 保存: 8349_1500_東北銀_譲渡制限付株式報酬としての自己株式の処分に関するお知らせ.pdf
   ✅ 保存: 8803_1500_平和不_支配株主等に関する事項について.pdf
   ✅ 保存: 9024_1500_西武ホールディングス_株式報酬制度の一部改定に関するお知らせ.pdf
   ✅ 保存: 9027_1500_ロジネットJ_譲渡制限付株式報酬としての自己株式の処分に関するお知らせ.pdf
   ✅ 保存: 9083_1500_神姫バス_役員人事に関するお知らせ.pdf
   ✅ 保存: 9083_1500_神姫バス_譲渡制限付株式報酬としての自己株式の処分に関するお知らせ.pdf
   ✅ 保存: 9193_1500_東汽船_2027年3月期 業績予想及び配当予想に関するお知らせ.pdf
   ✅ 保存: 9347_1500_日本管財HD_役員担当に関するお知らせ.pdf
   ✅ 保存: 9959_1500_アシードHD_取締役等に対する譲渡制限付株式としての自己株式処分に関するお知らせ.pdf
   ✅ 保存: 9257_1450_G-YCP_(訂正)「剰余金の配当(中間配当)の基準日に関するお知らせ」の一部訂正について.pdf
   ✅ 保存: 3179_1440_シュッピン_今後のガバナンス強化および再発防止策について.pdf
   ✅ 保存: 3179_1440_シュッピン_2026年4月度月次情報および6月度月次情報の開示に関するお知らせ.pdf
   ✅ 保存: 2810_1430_ハウス食G_役員報酬制度における業績連動指標の一部改定に関するお知らせ.pdf
   ✅ 保存: 7337_1430_ひろぎんHD_譲渡制限付株式報酬としての自己株式の処分に関するお知らせ.pdf
   ✅ 保存: 7371_1430_G-Zenken_八十二スタッフサービス株式会社との業務提携に関するお知らせ.pdf
   ✅ 保存: 8600_1430_トモニHD_譲渡制限付株式報酬としての自己株式の処分に関するお知らせ.pdf
   ✅ 保存: 1717_1415_明豊ファシリティ_譲渡制限付株式報酬としての自己株式の処分に関するお知らせ.pdf
   ✅ 保存: 1717_1415_明豊ファシリティ_株式報酬型ストック・オプション(新株予約権)の発行について.pdf
   ✅ 保存: 3058_1400_三洋堂HD_公益財団法人財務会計基準機構への加入状況等に関するお知らせ.pdf
   ✅ 保存: 3058_1400_三洋堂HD_支配株主等に関する事項について.pdf
   ✅ 保存: 4403_1400_日油_自己株式の取得状況及び取得終了に関するお知らせ.pdf
   ✅ 保存: 4434_1400_サーバーワークス_譲渡制限付株式報酬としての新株式発行に関するお知らせ.pdf
   ✅ 保存: 4611_1400_大日塗料_譲渡制限付株式報酬としての自己株式の処分に関するお知らせ.pdf
   ✅ 保存: 4685_1400_菱友システム_支配株主等に関する事項について.pdf
   ✅ 保存: 4685_1400_菱友システム_譲渡制限付株式報酬としての新株式の発行に関するお知らせ.pdf
   ✅ 保存: 6054_1400_リブセンス_子会社の設立に関するお知らせ.pdf
   ✅ 保存: 7506_1400_ハウスローゼ_支配株主等に関する事項について.pdf
   ✅ 保存: 7864_1400_フジシール_役員人事に関するお知らせ.pdf
   ✅ 保存: 7864_1400_フジシール_譲渡制限付株式報酬としての自己株式の処分に関するお知らせ.pdf
   ✅ 保存: 8117_1400_中央自動車工業_役員の人事異動に関するお知らせ.pdf
   ✅ 保存: 8522_1400_名古屋銀_投資単位の引下げに関する考え方及び方針について.pdf
   ✅ 保存: 7988_1350_ニフコ_役員人事に関するお知らせ.pdf
   ✅ 保存: 4017_1330_G-クリーマ_(開示内容の変更)資本準備金の額の減少及び剰余金の処分の効力発生日変更に関するお知らせ.pdf
   ✅ 保存: 6392_1330_ヤマダコーポ_投資単位の引下げに関する考え方及び方針等について.pdf
   ✅ 保存: 6577_1330_G-ベストワンドット_当社連結子会社における資金の借入及び当社による債務保証に関するお知らせ.pdf
   ✅ 保存: 1951_1300_エクシオグループ_自己株式の取得状況及び取得終了に関するお知らせ.pdf
   ✅ 保存: 2813_1300_和弘食品_譲渡制限付株式報酬としての自己株式の処分に関するお知らせ.pdf
   ✅ 保存: 5579_1300_GSI_支配株主等に関する事項.pdf
   ✅ 保存: 7509_1300_アイエーG_役員人事に関するお知らせ.pdf
   ✅ 保存: 9273_1300_コーア商事HD_当社及び子会社における役員の異動に関するお知らせ.pdf
   ✅ 保存: 9763_1300_丸建リース_支配株主等に関する事項について.pdf
   ✅ 保存: 7795_1220_KYORITSU_(訂正)「事業計画に関するお知らせ」の一部訂正について.pdf
   ✅ 保存: 7326_1215_G-SBIインシュ_支配株主等に関する事項について.pdf
   ✅ 保存: 587A_1210_E-インベスコQQQ_インベスコQQQトラスト シリーズ1 に関する日々の開示事項.pdf
   ✅ 保存: 1326_1200_E-ワールド_SPDRゴールド・シェアに関する日々の開示事項.pdf
   ✅ 保存: 3121_1200_マーチャント_CN Innovations Holdings Limited からの特別配当金受領のお知らせ.pdf
   ✅ 保存: 3682_1200_エンカレッジ_支配株主等に関する事項について.pdf
   ✅ 保存: 4834_1200_キャリアバンク_株式併合、単元株式数の定めの廃止及び定款一部変更に係る承認決議のお知らせ.pdf
   ✅ 保存: 5582_1130_G-グリッド_大口受注(約16億円の蓄電所開発)に関するお知らせ.pdf
   ✅ 保存: 6758_1130_ソニーグループ_米ドル建て無担保普通社債の発行に関するお知らせ.pdf
   ✅ 保存: 9171_1130_栗林船_自己株式立会外買付取引(ToSTNeT-3)による自己株式の取得結果及び取得終了に関するお知らせ.pdf
   ✅ 保存: 3825_1120_REMIX_自社保有蓄電所の運営状況に関する主要KPI開示のお知らせ.pdf
   ...Page 005 を確認中
   ✅ 保存: 3825_1120_REMIX_系統用蓄電池販売事業に関する主要KPI開示のお知らせ.pdf
   ✅ 保存: 3825_1120_REMIX_エネルギー事業(電力小売事業)の月次KPI速報に関するお知らせ.pdf
   ✅ 保存: 9171_1110_栗林船_(訂正)「自己株式の取得及び自己株式立会外買付取引(ToSTNeT-3)による自己株式の買付けに関するお知らせ」の一部訂正について.pdf
   ✅ 保存: 3695_1101_G-GMO-PP_株式の立会外分売終了に関するお知らせ.pdf
   ✅ 保存: 2607_1100_不二製油_支配株主等に関する事項について.pdf
   ✅ 保存: 282A_1100_GX半導体10日株_2026年5月期(2025年11月11日~2026年5月10日)決算短信.pdf
   ✅ 保存: 283A_1100_GXUSテック配貴族_2026年5月期(2025年11月11日~2026年5月10日)決算短信.pdf
   ✅ 保存: 467A_1100_GXUS社債H_2026年5月期(2025年11月21日~2026年5月10日)決算短信.pdf
   ✅ 保存: 468A_1100_GXUS社債_2026年5月期(2025年11月21日~2026年5月10日)決算短信.pdf
   ✅ 保存: 9501_1100_東電力HD_原子力損害賠償・廃炉等支援機構からの資金の交付について.pdf
   ✅ 保存: 3970_1000_イノベーション_中期経営計画の策定に関するお知らせ.pdf
   ✅ 保存: 7947_1000_エフピコ_連結子会社からの配当金受領に関するお知らせ.pdf
   ✅ 保存: 6557_0900_G-AIAI_第11回定時株主総会説明資料.pdf
   ✅ 保存: 8002_0845_丸紅_自己株式の取得状況及び取得終了に関するお知らせ.pdf
   ✅ 保存: 2160_0830_G-GNI_Gyre TherapeuticsによるForm S-3 登録届出書提出に関するお知らせ.pdf
   ✅ 保存: 2586_0830_G-フルッタフルッタ_特別株主優待実施に関するお知らせ.pdf
   ✅ 保存: 583A_0800_P-不動産流通SYS_東京証券取引所 TOKYO PRO Market上場に伴う当社決算情報等のお知らせ.pdf
   ✅ 保存: 583A_0800_P-不動産流通SYS_流動性プロバイダー指定のお知らせ.pdf
   ✅ 保存: 583A_0800_P-不動産流通SYS_東京証券取引所 TOKYO PRO Market への新規上場のお知らせ.pdf
   ✅ 保存: 583A_0800_P-不動産流通SYS_TOKYO PRO Market への上場目的の開示に関するお知らせ.pdf
   ...Page 006 を確認中
   📝 一覧CSV保存: TDnet_Sorted_20260624.csv
   📝 一覧CSV保存（ルート）: TDnet_Sorted_20260624.csv
   📊 日別統計: page_access=6, pdf_success=404, excluded=21

============================================================
✅ ①完了（範囲取得）
   期間: 20260624 ～ 20260624 （mode=day）
   一覧ページアクセス合計: 6
   PDFダウンロード成功合計: 404
   除外件数合計: 21
   保存ルート: G:\マイドライブ\TDnet_Downloads

$ C:\Users\onok\AppData\Local\Python\pythoncore-3.14-64\python.exe -u ②a②bは２つフリーワード検索.py analyze --target 20260624 --save-root G:\マイドライブ\TDnet_Downloads --keywords 価格交渉 増産 価格改定 価格転嫁 値上 想定以上 上方修正 下方修正 想定以下 未達 大幅 計画を上 計画を下 計画以 需要回復 需要の回復 需要が増 需要が低 悪化 グローバルニッチトップ トップシェア シェア拡大 レアアース
ルート: G:\マイドライブ\TDnet_Downloads
対象指定: 20260624 mode= day from= 20260624 to= 20260624
対象フォルダ数: 1
検索キーワード: ['価格交渉', '増産', '価格改定', '価格転嫁', '値上', '想定以上', '上方修正', '下方修正', '想定以下', '未達', '大幅', '計画を上', '計画を下', '計画以', '需要回復', '需要の回復', '需要が増', '需要が低', '悪化', 'グローバルニッチトップ', 'トップシェア', 'シェア拡大', 'レアアース']
総PDF数（推定）: 404
[1/1] 日付フォルダ 20260624 を処理中... (このフォルダ内PDF数: 404)
  進捗: 50/404 件のPDFを解析済み
  進捗: 100/404 件のPDFを解析済み
  進捗: 150/404 件のPDFを解析済み
  進捗: 200/404 件のPDFを解析済み
  進捗: 250/404 件のPDFを解析済み
  進捗: 300/404 件のPDFを解析済み
  進捗: 350/404 件のPDFを解析済み
  進捗: 400/404 件のPDFを解析済み
  進捗: 404/404 件のPDFを解析済み
  → 日付フォルダ 20260624 のヒットPDF数: 28

✅ ②A 完了（解析専用・キーワード別ページ列）
解析PDF数: 404
ヒットPDF数: 28
出力CSV: Analysis_Hits_free_word_20260624.csv
保存先: G:\マイドライブ\TDnet_Downloads

$ C:\Users\onok\AppData\Local\Python\pythoncore-3.14-64\python.exe -u ②a②bは２つフリーワード検索.py distribute --target 20260624 --save-root G:\マイドライブ\TDnet_Downloads --no-stop-on-empty-meta

✅ ②B 完了（配布用CSV作成・キーワード別ページ列）
出力: PDF_Search_Result_Distribution_free_word_20260624_sh.csv
キーワード列: ['価格交渉', '増産', '価格改定', '価格転嫁', '値上', '想定以上', '上方修正', '下方修正', '想定以下', '未達', '大幅', '計画を上', '計画を下', '計画以', '需要回復', '需要の回復', '需要が増', '需要が低', '悪化', 'グローバルニッチトップ', 'トップシェア', 'シェア拡大', 'レアアース']
突合除外件数: 0
空欄アラート件数: 0

============================================
 Done: 2026-06-24 23:08:15
============================================
