============================================
 TDnet auto run: 20260618
 Start: 2026-06-18 23:00:01
============================================

$ C:\Users\onok\AppData\Local\Python\pythoncore-3.14-64\python.exe -u ①_tdnetアクセスしてダウンロードする処理（月日付別フォルダ保存）.py --target 20260618 --save-root G:\マイドライブ\TDnet_Downloads
🎯 対象指定: 20260618（mode=day, from=20260618, to=20260618）
📁 保存ルート: G:\マイドライブ\TDnet_Downloads

============================================================
📅 日付: 20260618 を処理します
   ...Page 001 を確認中
   ✅ 保存: 9274_1900_KPPグループHD_自己株式取得に係る事項の決定に関するお知らせ.pdf
   ✅ 保存: 5892_1820_G-yutori_新任執行役員就任に関するお知らせ.pdf
   ✅ 保存: 509A_1815_I-Gライト・再エネ_太陽光発電所月次発電電力量実績及び出力制御に関するお知らせ(2026年5月).pdf
   ✅ 保存: 3490_1730_アズ企画設計_譲渡制限付株式報酬としての新株発行に関するお知らせ.pdf
   ✅ 保存: 7552_1730_ハピネット_第58期定時株主総会における議決権行使の結果に関するお知らせ.pdf
   ✅ 保存: 2429_1700_ワールドHD_自己株式の取得及び自己株式立会外買付取引(ToSTNet-3)による自己株式買付に関するお知らせ.pdf
   ✅ 保存: 293A_1700_P-BABY JOB_TOKYO PRO Market への上場目的の開示について.pdf
   ✅ 保存: 296A_1700_G-令和AH_事業計画及び成長可能性に関する事項.pdf
   ✅ 保存: 3678_1700_メディアドゥ_当社取締役及び従業員並びに当社子会社取締役に対する譲渡制限付株式報酬としての新株式発行に関するお知らせ.pdf
   ✅ 保存: 3843_1700_フリービット_通期業績予想の修正に関するお知らせ.pdf
   ✅ 保存: 3843_1700_フリービット_剰余金の配当に関するお知らせ.pdf
   ✅ 保存: 3843_1700_フリービット_第26回定時株主総会の継続会の開催方針に関するお知らせ.pdf
   ✅ 保存: 3843_1700_フリービット_監査役候補者選任に関するお知らせ.pdf
   ✅ 保存: 3843_1700_フリービット_当社株式等の大規模買付行為等に関する対応策(買収への対応方針)の継続に関するお知らせ.pdf
   ✅ 保存: 562A_1700_P-寶結_株主名簿管理人変更のお知らせ.pdf
   ✅ 保存: 9028_1700_ゼロ_代表取締役の異動に関するお知らせ.pdf
   ✅ 保存: 9028_1700_ゼロ_組織変更および人事異動に関するお知らせ.pdf
   ✅ 保存: 9368_1700_キムラユニティー_譲渡制限付株式報酬としての自己株式の処分に関するお知らせ.pdf
   ✅ 保存: 9697_1700_カプコン_社外取締役(監査等委員である取締役を除く)に対する譲渡制限付株式報酬としての自己株式処分に関するお知らせ.pdf
   ✅ 保存: 6594_1645_ニデック_新生ニデックに向けた取締役会及び各委員会の体制決定について.pdf
   ✅ 保存: 2198_1630_アイ・ケイ・ケイHD_株式の立会外分売実施に関するお知らせ.pdf
   ✅ 保存: 4528_1630_小野薬_勤務継続型譲渡制限付株式報酬および業績連動型譲渡制限付株式報酬としての自己株式の処分に関するお知らせ.pdf
   ✅ 保存: 477A_1630_G-スタートライン_新規出店及び固定資産の取得(建物附属設備)並びに固定資産の賃借に関するお知らせ.pdf
   ✅ 保存: 5803_1630_フジクラ_2027年3月期第2四半期(中間期)及び通期連結業績予想の修正に関するお知らせ.pdf
   ✅ 保存: 6063_1630_EAJ_ストック・オプションの発行内容の確定に関するお知らせ.pdf
   ✅ 保存: 6371_1630_椿本チエイン_自己株式立会外買付取引(ToSTNeT-3)による自己株式の買付けに関するお知らせ.pdf
   ✅ 保存: 7135_1630_ジャパンクラフトHD_2026年6月30日を基準日とする特別優待品の詳細決定に関するお知らせ.pdf
   ✅ 保存: 7551_1630_ウェッズ_非上場の親会社等の決算に関するお知らせ.pdf
   ✅ 保存: 7940_1630_ウェーブロックHD_株式併合並びに単元株式数の定めの廃止及び定款の一部変更の承認決議に関するお知らせ.pdf
   ✅ 保存: 9204_1630_G-スカイマーク_事業計画及び成長可能性に関する資料.pdf
   ✅ 保存: 9867_1630_ソレキア_連結子会社(ソレキア・プラッツ株式会社)との吸収合併(簡易合併)に関するお知らせ.pdf
   ✅ 保存: 9867_1630_ソレキア_役員の異動および人事異動に関するお知らせ.pdf
   ✅ 保存: 3083_1605_スターシーズ_(訂正)「第三者割当による第8回~第10回新株予約権(行使価額固定型)の発行に関する お知らせ」の一部訂正について.pdf
   ✅ 保存: 1909_1600_日本ドライケミカル_臨時株主総会招集のための基準日設定に関するお知らせ.pdf
   ✅ 保存: 2475_1600_WDB_支配株主等に関する事項について.pdf
   ✅ 保存: 3083_1600_スターシーズ_(開示事項の経過)連結子会社における資金の借入に関するお知らせ.pdf
   ✅ 保存: 3189_1600_ANAP_資金調達に関するお知らせ.pdf
   ✅ 保存: 3242_1600_アーバネット_販売用不動産の売却に関するお知らせ.pdf
   ✅ 保存: 3242_1600_アーバネット_賃貸用不動産の保有目的変更に関するお知らせ.pdf
   ✅ 保存: 3639_1600_ボルテージ_執行役員の異動に関するお知らせ.pdf
   ✅ 保存: 3856_1600_Abalance_当社子会社の米国向け太陽光製品の輸出に関する一部貨物の取扱いについて.pdf
   ✅ 保存: 3985_1600_テモナ_特別利益(受取保険金)の計上に関するお知らせ.pdf
   ✅ 保存: 3993_1600_PKSHA_VideoTouch 株式会社の株式の取得(子会社化)に関するお知らせ.pdf
   ✅ 保存: 4659_1600_エイジス_当社株式の上場廃止のお知らせ.pdf
   ✅ 保存: 5208_1600_有沢製_譲渡制限付株式報酬としての自己株式の処分に関するお知らせ.pdf
   ✅ 保存: 5208_1600_有沢製_執行役員の異動のお知らせ.pdf
   ✅ 保存: 547A_1600_ムニノバHD_(訂正)「あんしん保証株式会社株券(証券コード7183)に対する公開買付けの開始に関するお知らせ」の一部訂正に関するお知らせ.pdf
   ✅ 保存: 6186_1600_一蔵_上海「嘉美麓徳高端婚礼会館 虹橋店」の資産譲渡に関するお知らせ.pdf
   ✅ 保存: 6238_1600_フリュー_2026年5月度 月次概況(速報)のお知らせ.pdf
   ✅ 保存: 6238_1600_フリュー_(開示事項の経過)海外子会社設立に関するお知らせ.pdf
   ✅ 保存: 6264_1600_マルマエ_第三者割当増資における発行新株式数の確定に関するお知らせ.pdf
   ✅ 保存: 6324_1600_ハーモニック_非上場の親会社等の決算情報に関するお知らせ.pdf
   ✅ 保存: 6324_1600_ハーモニック_支配株主等に関する事項について.pdf
   ✅ 保存: 6861_1600_キーエンス_投資単位の引下げに関する考え方及び方針等について.pdf
   ✅ 保存: 7610_1600_テイツー_譲渡制限付株式報酬としての自己株式の処分に関するお知らせ.pdf
   ✅ 保存: 7781_1600_平山_取締役候補者及び監査役候補者の選任に関するお知らせ.pdf
   ✅ 保存: 7781_1600_平山_完全子会社である連結子会社間の合併のお知らせ.pdf
   ✅ 保存: 7871_1600_フクビ化学工業_譲渡制限付株式報酬としての自己株式の処分に関するお知らせ.pdf
   ✅ 保存: 8254_1600_さいか屋_自己株式取得に係る事項の決定に関するお知らせ.pdf
   ✅ 保存: 8704_1600_トレイダーズHD_連結子会社からの配当金受領に関するお知らせ.pdf
   ✅ 保存: 8960_1600_R-ユナイテド_資金の借入れ(金利決定)に関するお知らせ.pdf
   ✅ 保存: 8964_1600_R-フロンティア_資金の借入及び返済に関するお知らせ.pdf
   ✅ 保存: 9413_1600_テレ東HD_譲渡制限付株式報酬としての自己株式の処分に関するお知らせ.pdf
   ✅ 保存: 9929_1600_平和紙業_「資本コストや株価を意識した経営の実現に向けた対応」について.pdf
   ✅ 保存: 2927_1555_AFC-HD_連結子会社株式会社さいか屋の自己株式取得に係る事項の決定に関するお知らせ.pdf
   ✅ 保存: 7433_1545_伯東_当社の取締役を兼務しない執行役員に対する譲渡制限付株式報酬としての自己株式の処分の払込完了に関するお知らせ.pdf
   ✅ 保存: 6676_1540_BUFFALO_第40期定時株主総会後のガバナンス体制の変更、ファイナンス委員会及び評価委員会の新設に関するお知らせ.pdf
   ✅ 保存: 3281_1531_R-GLP_資金の借入れに関するお知らせ.pdf
   ✅ 保存: 147A_1530_G-ソラコム_新株予約権(ストック・オプション)の発行に関するお知らせ.pdf
   ✅ 保存: 2497_1530_G-UNITED_当社取締役及び従業員並びに当社子会社の取締役及び従業員に対する譲渡制限付株式としての自己株式の処分に関するお知らせ.pdf
   ✅ 保存: 2668_1530_タビオ_譲渡制限付株式報酬としての自己株式の処分の払込完了に関するお知らせ.pdf
   ✅ 保存: 3040_1530_ソリトンシステムズ_譲渡制限付株式報酬としての自己株式の処分の払込完了に関するお知らせ.pdf
   ✅ 保存: 3189_1530_ANAP_ストック・オプション(新株予約権)の発行に関するお知らせ.pdf
   ✅ 保存: 3696_1530_セレス_自己株式の取得状況及び取得終了に関するお知らせ.pdf
   ✅ 保存: 3850_1530_NTTDIM_譲渡制限付株式(報酬)としての自己株式の処分に関するお知らせ.pdf
   ✅ 保存: 4063_1530_信越化_自己株式の公開買付けの結果に関するお知らせ.pdf
   ✅ 保存: 4235_1530_UFHD_事後交付型譲渡制限付株式(リストリクテッド・ストック・ユニット)付与制度に基づく自己株式の処分の払込完了に関するお知らせ.pdf
   ✅ 保存: 4599_1530_G-ステムリム_営業外収益(補助金収入)の計上に関するお知らせ.pdf
   ✅ 保存: 5016_1530_JX金属_自己株式の公開買付けの結果及び自己株式の取得終了に関するお知らせ.pdf
   ✅ 保存: 5020_1530_ENEOS_JX金属株式会社による自己株式の公開買付けへの応募結果に関するお知らせ.pdf
   ✅ 保存: 5021_1530_コスモエネルギーHD_コスモエネルギーグループ「第8次連結中期経営計画(2026-2028年度)」の策定について.pdf
   ✅ 保存: 5074_1530_テスホールディングス_(開示事項の変更)「子会社による財務上の特約が付された金銭消費貸借契約の締結に関するお知らせ」の内容の一部変更に関するお知らせ.pdf
   ✅ 保存: 5580_1530_G-プロディライト_当社主要KPI(2026年5月度)に関するお知らせ.pdf
   ✅ 保存: 6224_1530_G-JRC_(開示事項の経過) 海外子会社(特定子会社)の設立に関するお知らせ.pdf
   ✅ 保存: 6289_1530_技研製作所_その他の関係会社の決算に関するお知らせ.pdf
   ✅ 保存: 6564_1530_ミダックHD_資本コストや株価を意識した経営の実現に向けた対応について.pdf
   ✅ 保存: 6564_1530_ミダックHD_取締役会の実効性評価結果の概要に関するお知らせ.pdf
   ✅ 保存: 6564_1530_ミダックHD_連結子会社からの配当金受領に関するお知らせ.pdf
   ✅ 保存: 6750_1530_エレコム_連結子会社からの配当金受領に関するお知らせ.pdf
   ✅ 保存: 6902_1530_デンソー_(開示事項の経過)信託型株式報酬制度の導入及び制度導入に伴う自己株式の処分に関するお知らせ.pdf
   ✅ 保存: 7047_1530_G-ポート_人的資本マネジメント方針.pdf
   ✅ 保存: 7131_1530_のむら産業_2026年10月期 第2四半期 決算補足資料.pdf
   ✅ 保存: 7157_1530_ライフネット生命_日本航空株式会社による当社普通株式の取得完了並びに主要株主の異動に関するお知らせ.pdf
   ✅ 保存: 7203_1530_トヨタ自_(開示事項の変更)従業員に対する株式交付制度の一部変更について.pdf
   ✅ 保存: 7214_1530_GMB_(訂正・数値データ訂正)「2026年3月期 決算短信〔日本基準〕(連結)」の一部訂正について.pdf
   ✅ 保存: 7554_1530_幸楽苑_新役員体制の決定に関するお知らせ.pdf
   ...Page 002 を確認中
   ✅ 保存: 7554_1530_幸楽苑_譲渡制限付株式報酬としての自己株式処分に関するお知らせ.pdf
   ✅ 保存: 7859_1530_アルメディオ_特許取得のお知らせ.pdf
   ✅ 保存: 7949_1530_小松ウオール_取締役会の実効性に関する評価結果の概要について.pdf
   ✅ 保存: 8185_1530_チヨダ_譲渡制限付株式報酬としての自己株式の処分に関するお知らせ.pdf
   ✅ 保存: 8198_1530_MV東海_新株予約権(株式報酬型ストックオプション)の発行について.pdf
   ✅ 保存: 8198_1530_MV東海_連結子会社の吸収合併(簡易合併・略式合併)に関するお知らせ.pdf
   ✅ 保存: 8715_1530_アニコム HD_2026年5月度 月次経営パラメータに関するお知らせ.pdf
   ✅ 保存: 8954_1530_R-オリックスF_資金の借入に関するお知らせ.pdf
   ✅ 保存: 8986_1530_R-大和証券リビング_資金の借換え(金利決定)に関するお知らせ.pdf
   ✅ 保存: 9221_1530_フルハシEPO_取締役会の実効性評価結果の概要に関するお知らせ.pdf
   ✅ 保存: 9850_1530_グルメ杵屋_支配株主等に関する事項について.pdf
   ✅ 保存: 9850_1530_グルメ杵屋_非上場の親会社等の決算に関するお知らせ.pdf
   ✅ 保存: 9927_1530_ワットマン_当社株式の上場廃止に関するお知らせ.pdf
   ✅ 保存: 9969_1530_ショクブン_資金使途変更に関するお知らせ.pdf
   ✅ 保存: 3848_1500_データアプリ_当社株式等の大規模買付行為に関する対応策(買収防衛策)における独立委員会の委員選任(一部変更)に関するお知らせ.pdf
   ✅ 保存: 514A_1500_P-孫の手_TOKYO PRO Market への上場目的の開示に関するお知らせ.pdf
   ✅ 保存: 6413_1500_理想科学_自己株式の取得結果及び取得終了に関するお知らせ.pdf
   ✅ 保存: 8076_1500_カノークス_(訂正・数値データ訂正)「2026年3月期決算短信〔日本基準〕(連結)」の一部訂正について.pdf
   ✅ 保存: 8596_1500_九州リースサービス_資本コストや株価を意識した経営の実現に向けた対応について.pdf
   ✅ 保存: 9063_1500_岡県運送_(訂正)過年度の決算短信の一部訂正について.pdf
   ✅ 保存: 9063_1500_岡県運送_(数値データ訂正)「2026 年3月期決算短信〔日本基準〕(連結)」の一部訂正について.pdf
   ✅ 保存: 9327_1500_イー・ロジット_株主総会検査役の選任に関するお知らせ.pdf
   ✅ 保存: 3269_1430_R-ADR_資金の借入れ、借入金の返済及び期限前弁済に関するお知らせ.pdf
   ✅ 保存: 4839_1430_WOWOW_譲渡制限付株式報酬としての自己株式の処分に関するお知らせ.pdf
   ✅ 保存: 4839_1430_WOWOW_支配株主等に関する事項について.pdf
   ✅ 保存: 4839_1430_WOWOW_役員人事の決定について.pdf
   ✅ 保存: 5713_1430_住友鉱_投資単位の引下げに関する考え方及び方針等について.pdf
   ✅ 保存: 1871_1400_ピーエス_(訂正・数値データ訂正)「2026年3月期 決算短信〔日本基準〕(連結)」の一部訂正について.pdf
   ✅ 保存: 4935_1400_リベルタ_財務上の特約が付されたコミットメントライン契約の延長に関するお知らせ.pdf
   ✅ 保存: 4935_1400_リベルタ_財務上の特約が付された金銭消費貸借契約の締結に関するお知らせ.pdf
   ✅ 保存: 5721_1330_エスクリプトエナジー_(経過開示)系統用蓄電所の着工およびアグリゲーター委託契約の締結に関するお知らせ.pdf
   ✅ 保存: 7369_1301_G-メイホーHD_株式の立会外分売に関するお知らせ.pdf
   ✅ 保存: 1777_1300_川崎設備_第99回定時株主総会付議議案の一部取り下げに関するお知らせ.pdf
   ✅ 保存: 4396_1300_システムサポートHD_連結子会社による株式会社エム・アイ・エスの株式取得(孫会社化)に関するお知らせ.pdf
   ✅ 保存: 4507_1300_塩野義薬_新規抗真菌薬オロロフィムのグローバル第3相臨床試験(OASIS試験)における 良好な結果について(速報).pdf
   ✅ 保存: 7369_1300_G-メイホーHD_特別損失(減損損失)の計上及び通期連結業績予想の修正に関するお知らせ.pdf
   ✅ 保存: 8078_1300_阪和興_(訂正・数値データ訂正)「2026年3月期 決算短信〔日本基準〕(連結)」の一部訂正について.pdf
   ✅ 保存: 3070_1230_G-ジェリービーンズ_「iHEAL」ブランドの日本国内における独占販売代理店契約の締結に関するお知らせ.pdf
   ✅ 保存: 3070_1230_G-ジェリービーンズ_「iHEAL」ブランドの日本国内における独占販売代理店契約の締結に関するお知らせ 補足資料.pdf
   ✅ 保存: 587A_1230_E-インベスコQQQ_インベスコQQQトラスト シリーズ1 に関する日々の開示事項.pdf
   ✅ 保存: 1326_1200_E-ワールド_SPDRゴールド・シェアに関する日々の開示事項.pdf
   ✅ 保存: 1802_1200_大林組_豪州、英国及びカナダにおいて建築事業を展開する「Multiplex社」の子会社化に関するお知らせ.pdf
   ✅ 保存: 2296_1200_伊藤ハム米久HD_連結子会社の異動を伴う株式取得に関するお知らせ.pdf
   ✅ 保存: 4179_1200_G-ジーネクスト_主要株主の異動に関するお知らせ.pdf
   ✅ 保存: 8927_1200_明豊エンター_2026年7月期 第3四半期 決算補足資料(質疑応答集).pdf
   ✅ 保存: 3825_1130_REMIX_2027年3月期配当予想および株主還元方針(特別配当)に関するお知らせ.pdf
   ✅ 保存: 6551_1130_ツナグGHD_2026年9月期 第2四半期(中間期)決算に関する質疑応答集.pdf
   ✅ 保存: 7140_1130_G-ペットゴー_主要株主の異動に関するお知らせ.pdf
   ✅ 保存: 8622_1130_水戸証_(訂正・数値データ訂正)「2026年3月期決算短信〔日本基準〕(非連結)」の一部訂正について.pdf
   ✅ 保存: 6721_1100_ウインテスト_第三者割当による第13回新株予約権(行使価額修正条項付)の大量行使に関するお知らせ.pdf
   ✅ 保存: 6731_1100_ピクセラ_Fidesmo AB(スウェーデン)との技術協業契約締結に関するお知らせ.pdf
   ✅ 保存: 7297_1030_カーメイト_(訂正・数値データ訂正)「2026年3月期 決算短信〔日本基準〕(連結)」の一部訂正について.pdf
   ✅ 保存: 3842_1020_ネクストジェン_支配株主等に関する事項について.pdf
   ✅ 保存: 322A_1000_P-ヒメジ理化_補助金の交付決定に関するお知らせ.pdf
   ✅ 保存: 3777_1000_G-環境フレンドリー_AIインフラ事業強化に向けたSUPER X GPUサーバー販売代理店契約締結のお知らせ.pdf
   ✅ 保存: 4231_1000_タイガーポリ_(訂正・数値データ訂正)「2026 年3 月期決算短信〔日本基準〕(連結)」の一部訂正について.pdf
   ✅ 保存: 9686_1000_東洋テック_支配株主等に関する事項について.pdf
   ✅ 保存: 4206_0850_アイカ工_インドStylam Industries Limitedの株式取得(連結子会社化)完了に関するお知らせ.pdf
   ✅ 保存: 6306_0830_日工_2026年3月期 決算説明・中期経営計画進捗説明会スクリプト_質疑応答スクリプト.pdf
   ✅ 保存: 9399_0830_ビート_連結子会社における一部事業廃止に関するお知らせ.pdf
   ...Page 003 を確認中
   📝 一覧CSV保存: TDnet_Sorted_20260618.csv
   📝 一覧CSV保存（ルート）: TDnet_Sorted_20260618.csv
   📊 日別統計: page_access=3, pdf_success=156, excluded=11

============================================================
✅ ①完了（範囲取得）
   期間: 20260618 ～ 20260618 （mode=day）
   一覧ページアクセス合計: 3
   PDFダウンロード成功合計: 156
   除外件数合計: 11
   保存ルート: G:\マイドライブ\TDnet_Downloads

$ C:\Users\onok\AppData\Local\Python\pythoncore-3.14-64\python.exe -u ②a②bは２つフリーワード検索.py analyze --target 20260618 --save-root G:\マイドライブ\TDnet_Downloads --keywords 価格交渉 増産 価格改定 価格転嫁 値上 想定以上 上方修正 下方修正 想定以下 未達 大幅 計画を上 計画を下 計画以 需要回復 需要の回復 需要が増 需要が低 悪化 グローバルニッチトップ トップシェア シェア拡大 レアアース
ルート: G:\マイドライブ\TDnet_Downloads
対象指定: 20260618 mode= day from= 20260618 to= 20260618
対象フォルダ数: 1
検索キーワード: ['価格交渉', '増産', '価格改定', '価格転嫁', '値上', '想定以上', '上方修正', '下方修正', '想定以下', '未達', '大幅', '計画を上', '計画を下', '計画以', '需要回復', '需要の回復', '需要が増', '需要が低', '悪化', 'グローバルニッチトップ', 'トップシェア', 'シェア拡大', 'レアアース']
総PDF数（推定）: 156
[1/1] 日付フォルダ 20260618 を処理中... (このフォルダ内PDF数: 156)
  進捗: 50/156 件のPDFを解析済み
  進捗: 100/156 件のPDFを解析済み
  進捗: 150/156 件のPDFを解析済み
  進捗: 156/156 件のPDFを解析済み
  → 日付フォルダ 20260618 のヒットPDF数: 16

✅ ②A 完了（解析専用・キーワード別ページ列）
解析PDF数: 156
ヒットPDF数: 16
出力CSV: Analysis_Hits_free_word_20260618.csv
保存先: G:\マイドライブ\TDnet_Downloads

$ C:\Users\onok\AppData\Local\Python\pythoncore-3.14-64\python.exe -u ②a②bは２つフリーワード検索.py distribute --target 20260618 --save-root G:\マイドライブ\TDnet_Downloads --no-stop-on-empty-meta

✅ ②B 完了（配布用CSV作成・キーワード別ページ列）
出力: PDF_Search_Result_Distribution_free_word_20260618_sh.csv
キーワード列: ['価格交渉', '増産', '価格改定', '価格転嫁', '値上', '想定以上', '上方修正', '下方修正', '想定以下', '未達', '大幅', '計画を上', '計画を下', '計画以', '需要回復', '需要の回復', '需要が増', '需要が低', '悪化', 'グローバルニッチトップ', 'トップシェア', 'シェア拡大', 'レアアース']
突合除外件数: 0
空欄アラート件数: 0

============================================
 Done: 2026-06-18 23:03:40
============================================
