============================================
 TDnet auto run: 20260612
 Start: 2026-06-12 23:00:01
============================================

$ C:\Users\onok\AppData\Local\Python\pythoncore-3.14-64\python.exe -u ①_tdnetアクセスしてダウンロードする処理（月日付別フォルダ保存）.py --target 20260612 --save-root G:\マイドライブ\TDnet_Downloads
🎯 対象指定: 20260612（mode=day, from=20260612, to=20260612）
📁 保存ルート: G:\マイドライブ\TDnet_Downloads

============================================================
📅 日付: 20260612 を処理します
   ...Page 001 を確認中
   ✅ 保存: 3480_1930_ジェイ・エス・ビー_2026年10月期 第2四半期(中間期)決算短信〔日本基準〕(連結).pdf
   ✅ 保存: 3480_1930_ジェイ・エス・ビー_Ursa 4株式会社による株式会社ジェイ・エス・ビー(証券コード_3480)の株券等に対する公開買付けの開始に関するお知らせ.pdf
   ✅ 保存: 3480_1930_ジェイ・エス・ビー_Ursa 4株式会社による当社株券等に対する公開買付けに関する意見表明のお知らせ.pdf
   ✅ 保存: 3480_1930_ジェイ・エス・ビー_2026年10月期の期末配当予想の修正(無配)に関するお知らせ.pdf
   ✅ 保存: 1447_1800_G-SAAFHD_(開示事項の経過)当社取締役による地位確認仮処分命令決定に対する保全異議の申立ての結果に関するお知らせ.pdf
   ✅ 保存: 4286_1800_CLホールディングス_ストックオプション(新株予約権)権利行使価額等確定に関するお知らせ.pdf
   ✅ 保存: 551A_1800_P-IZUMI_通期業績予想の修正に関するお知らせ.pdf
   ✅ 保存: 5618_1800_G-ナイル_第17回新株予約権(ストック・オプション)の発行内容確定に関するお知らせ.pdf
   ✅ 保存: 5618_1800_G-ナイル_第18回新株予約権(有償ストック・オプション)の発行内容確定に関するお知らせ.pdf
   ✅ 保存: 5618_1800_G-ナイル_第19回新株予約権(有償ストック・オプション)の発行内容確定に関するお知らせ.pdf
   ✅ 保存: 6224_1800_G-JRC_譲渡制限付株式報酬としての自己株式の処分に関するお知らせ.pdf
   ✅ 保存: 6224_1800_G-JRC_資金の借入に関するお知らせ.pdf
   ✅ 保存: 6995_1800_東海理電_譲渡制限付株式報酬としての自己株式の処分に関するお知らせ.pdf
   ✅ 保存: 2742_1745_ハローズ_株式報酬型ストックオプションの発行内容の確定に関するお知らせ.pdf
   ✅ 保存: 4395_1730_G-アクリート_公認会計士等の異動に関するお知らせ.pdf
   ✅ 保存: 8281_1730_ゼビオHD_ストックオプションとしての新株予約権の発行内容確定に関するお知らせ.pdf
   ✅ 保存: 9444_1730_トーシンHD_会社更生手続開始決定に対する株主による即時抗告のお知らせ.pdf
   ✅ 保存: 9903_1730_カンセキ_株式報酬型ストック・オプションの発行内容の確定に関するお知らせ.pdf
   ✅ 保存: 154A_1700_P-GAIA_流動性プロバイダーの異動に関するお知らせ.pdf
   ✅ 保存: 308A_1700_P-ぽすとめいとHD_TOKYO PRO Market 上場目的の開示及び上場後の取り組みについて.pdf
   ✅ 保存: 3221_1700_ヨシックスHD_自己株式取得に係る事項の決定に関するお知らせ (会社法第165条第2項の規定による定款の定めに基づく自己株式の取得).pdf
   ✅ 保存: 3221_1700_ヨシックスHD_2027年3月期 5月度 店舗数の状況及び月次売上高前年対比のお知らせ.pdf
   ✅ 保存: 3248_1700_アールエイジ_2026年10月期 第2四半期決算説明会資料.pdf
   ✅ 保存: 3350_1700_メタプラネット_Siiibo証券株式会社の株式の取得(連結子会社化)に係る株式譲渡契約の締結及び株式会社メタプラネット証券への商号変更に関するお知らせ.pdf
   ✅ 保存: 3350_1700_メタプラネット_Siiibo証券株式会社の株式の取得及び株式会社メタプラネット証券への商号変更に関するご参考資料.pdf
   ✅ 保存: 3454_1700_ファーストブラザーズ_(訂正)「2026年11月期 第1四半期決算決算説明資料」の一部訂正について.pdf
   ✅ 保存: 359A_1700_P-ネクストステージ_東京証券取引所 TOKYO PRO Market への上場目的の開示.pdf
   ✅ 保存: 3843_1700_フリービット_2026年4月期決算発表の延期に関するお知らせ.pdf
   ✅ 保存: 4310_1700_DI_支配株主等に関する事項について.pdf
   ✅ 保存: 5029_1700_G-サークレイス_代表取締役会長兼社長による当社株式取得に関するお知らせ.pdf
   ✅ 保存: 5031_1700_G-モイ_よくある質問と回答(2027年1月期第1四半期決算).pdf
   ✅ 保存: 5248_1700_G-テクノロジーズ_2027年1月期 第1四半期決算短信〔日本基準〕(連結).pdf
   ✅ 保存: 5248_1700_G-テクノロジーズ_2027年1月期 第1四半期 決算説明資料.pdf
   ✅ 保存: 6525_1700_KOKUSAI_譲渡制限株式ユニット(RSU)及び業績連動型株式ユニット(PSU)付与制度に基づく自己株式の処分の払込完了に関するお知らせ.pdf
   ✅ 保存: 7912_1700_大日印_(開示事項の経過)オーストリア上場企業「AUSTRIACARD HOLDINGS AG」株式の公開買付け開始に関するお知らせ.pdf
   ✅ 保存: 7097_1645_G-さくらさく_2026年7月期 第3四半期決算短信〔日本基準〕(連結).pdf
   ✅ 保存: 7097_1645_G-さくらさく_自己株式の取得および自己株式立会外買付取引(ToSTNeT-3)による 自己株式の買付けに関するお知らせ.pdf
   ✅ 保存: 7097_1645_G-さくらさく_2026年7月期第3四半期決算説明資料.pdf
   ✅ 保存: 3053_1630_ペッパー_有償新株予約権(業績連動型有償ストックオプション)の発行に関するお知らせ.pdf
   ✅ 保存: 3053_1630_ペッパー_執行役員等の人事異動に関するお知らせ.pdf
   ✅ 保存: 3161_1630_アゼアス_2026年4月期決算短信〔日本基準〕(連結).pdf
   ✅ 保存: 3538_1630_ウイルプラスHD_(訂正)「株式取得(子会社化)に向けた株式譲渡契約締結に関するお知らせ」の一部訂正について.pdf
   ✅ 保存: 5950_1630_日本パワーファス_連結子会社(特定子会社)の異動(株式譲渡)に関するお知らせ.pdf
   ✅ 保存: 5950_1630_日本パワーファス_自己株式の取得及び自己株式立会外買付取引(ToSTNeT-3)による自己株式の買付けに関するお知らせ.pdf
   ✅ 保存: 6225_1630_エコム_2026年7月期_第3四半期決算短信〔日本基準〕(非連結).pdf
   ✅ 保存: 6225_1630_エコム_2026年7月期_第3四半期決算説明資料.pdf
   ✅ 保存: 6225_1630_エコム_配当予想の修正(増配)に関するお知らせ.pdf
   ✅ 保存: 6225_1630_エコム_株式会社ゴダイエンジニアリングの株式取得(子会社化)に関するお知らせ.pdf
   ✅ 保存: 6391_1630_加地テック_支配株主等に関する事項について.pdf
   ✅ 保存: 6838_1630_多摩川HD_(訂正)「第三者割当により発行された第17回新株予約権(行使価額修正選択権付)の行使完了及び月間行使状況」一部訂正について.pdf
   ✅ 保存: 3549_1615_クスリのアオキHD_東京証券取引所スタンダード市場への市場区分変更承認及び名古屋証券取引所メイン市場への新規上場承認に関するお知らせ.pdf
   ✅ 保存: 6493_1615_NITTAN_(訂正)「2026年3月期決算および新中期経営計画説明会」資料の一部訂正に関するお知らせ.pdf
   ✅ 保存: 157A_1600_G-Gモンスター_代表取締役の異動(追加選任)に関するお知らせ.pdf
   ✅ 保存: 186A_1600_G-アストロスケール_2026年4月期 決算短信〔IFRS〕(連結).pdf
   ✅ 保存: 186A_1600_G-アストロスケール_2026年4月期通期決算説明資料.pdf
   ✅ 保存: 186A_1600_G-アストロスケール_金融収益(為替差益)の計上に関するお知らせ.pdf
   ✅ 保存: 186A_1600_G-アストロスケール_個別業績における営業外収益及び特別損失の計上、個別業績の前期実績値との差異に関するお知らせ.pdf
   ✅ 保存: 1969_1600_高砂熱_(訂正・数値データ訂正)「2026年3月期 決算短信〔日本基準〕(連結)」の一部訂正について.pdf
   ✅ 保存: 1969_1600_高砂熱_(訂正)「2025年度通期決算説明資料」の一部訂正について.pdf
   ✅ 保存: 246A_1600_G-アスア_組織変更及び役員人事に関するお知らせ.pdf
   ✅ 保存: 2654_1600_アスモ_2026年5月度 月次実績のお知らせ.pdf
   ✅ 保存: 2762_1600_SANKO MF_第三者割当により発行された第3回無担保転換社債型新株予約権付社債(転換価額修正条項付)の大量転換に関するお知らせ.pdf
   ✅ 保存: 2981_1600_G-ランディックス_連結子会社からの配当金受領に関するお知らせ.pdf
   ✅ 保存: 305A_1600_P-ダブルツリー_TOKYO PRO Marketへの上場目的の開示について.pdf
   ✅ 保存: 3077_1600_ホリイフード_2026年11月期 月次売上速報(5月度)のお知らせ.pdf
   ✅ 保存: 3077_1600_ホリイフード_人事異動に関するお知らせ.pdf
   ✅ 保存: 3121_1600_マーチャント_(訂正)「第18回新株予約権の一部譲渡承認に関するお知らせ」の一部訂正について.pdf
   ✅ 保存: 3121_1600_マーチャント_当上半期業績予想と実績値との差異並びに営業外費用の計上に関するお知らせ.pdf
   ✅ 保存: 3121_1600_マーチャント_2026年10月期第2四半期(中間期)決算の概要について.pdf
   ✅ 保存: 3121_1600_マーチャント_2026年10月期第2四半期(中間期)決算短信〔日本基準〕(連結).pdf
   ✅ 保存: 3169_1600_ミサワ_2027年1月期第1四半期決算短信〔日本基準〕(非連結).pdf
   ✅ 保存: 3266_1600_ファンドクリG_当社グループの当期(2026年11月期)5月度不動産等受託資産残高のお知らせ.pdf
   ✅ 保存: 3266_1600_ファンドクリG_当社グループの当期(2026年11月期)5月度月末ファンド運用資産残高のお知らせ.pdf
   ✅ 保存: 3399_1600_山岡家_2027年1月期 第1四半期決算短信〔日本基準〕(非連結).pdf
   ✅ 保存: 3441_1600_山王_2026年7月期 第3四半期決算短信[日本基準](連結).pdf
   ✅ 保存: 3524_1600_日東網_2026年4月期 決算短信〔日本基準〕(連結).pdf
   ✅ 保存: 3539_1600_JMホールディングス_2026年7月期 第3四半期決算短信〔日本基準〕(連結).pdf
   ✅ 保存: 3653_1600_G-モルフォ_2026年10月期 第2四半期(中間期)決算短信〔日本基準〕(連結).pdf
   ✅ 保存: 3653_1600_G-モルフォ_2026年10月期 第2四半期決算補足説明資料.pdf
   ✅ 保存: 3653_1600_G-モルフォ_営業外収益(助成金収入)及び特別損失(構造改革費用、減損損失)の発生並びに通期連結業績予想の修正に関するお知らせ.pdf
   ✅ 保存: 3657_1600_ポールHD_2027年1月期 第1四半期決算短信〔日本基準〕(連結).pdf
   ✅ 保存: 3657_1600_ポールHD_2027年1月期 第1四半期決算補足資料.pdf
   ✅ 保存: 3657_1600_ポールHD_2027年1月期 第1四半期決算において高い関心が予想される事項について.pdf
   ✅ 保存: 3726_1600_フォーシーズHD_株式会社アセアンビューティーホールディングスとの業務提携契約締結に関するお知らせ.pdf
   ✅ 保存: 391A_1600_山忠_2026年4月期_決算短信.pdf
   ✅ 保存: 391A_1600_山忠_2026年4月期_決算説明資料.pdf
   ✅ 保存: 391A_1600_山忠_個別業績の前期実績値との差異に関するお知らせ.pdf
   ✅ 保存: 3931_1600_G-バリューゴルフ_2027年1月期 第1四半期決算短信〔日本基準〕(連結).pdf
   ✅ 保存: 3931_1600_G-バリューゴルフ_2027年1月期 第1四半期決算説明資料.pdf
   ✅ 保存: 4092_1600_日本化_(訂正・数値データ訂正) 「2026 年3月期 決算短信〔日本基準〕(連結)」 の一部訂正について.pdf
   ✅ 保存: 4169_1600_G-エネチェンジ_証券取引等監視委員会による課徴金納付命令の勧告についてのお知らせ.pdf
   ✅ 保存: 4378_1600_G-CINC_2026年10月期第2四半期(中間期)決算短信〔日本基準〕(連結).pdf
   ✅ 保存: 4378_1600_G-CINC_2026年10月期第2四半期 決算説明資料.pdf
   ✅ 保存: 4431_1600_G-スマレジ_2026年4月期 決算短信〔日本基準〕(連結).pdf
   ✅ 保存: 4431_1600_G-スマレジ_2026年4月期通期決算説明資料.pdf
   ✅ 保存: 4431_1600_G-スマレジ_事業計画及び成長可能性に関する事項 (第3次中期経営計画).pdf
   ✅ 保存: 4496_1600_G-コマースワン_自己株式取得に係る事項の決定に関するお知らせ.pdf
   ✅ 保存: 5016_1600_JX金属_(訂正)「自己株式の消却に関するお知らせ」の一部訂正について.pdf
   ✅ 保存: 5079_1600_ノバック_2026年4月期 決算短信〔日本基準〕(連結).pdf
   ...Page 002 を確認中
   ✅ 保存: 5079_1600_ノバック_剰余金の配当に関するお知らせ.pdf
   ✅ 保存: 5131_1600_G-リンカーズ_2026年7月期第3四半期(中間期)決算短信〔日本基準〕(連結).pdf
   ✅ 保存: 5131_1600_G-リンカーズ_2026年7月期第3四半期 決算説明資料.pdf
   ✅ 保存: 5131_1600_G-リンカーズ_特別損失の計上に関するお知らせ.pdf
   ✅ 保存: 5251_1600_P-ウイズ・ワン_TOKYO PRO Marketへの上場目的の開示.pdf
   ✅ 保存: 5572_1600_G-リッジアイ_2026年7月期連結業績予想の修正及び関係会社株式売却益に関するお知らせ.pdf
   ✅ 保存: 5572_1600_G-リッジアイ_2026年7月期第3四半期決算短信〔日本基準〕(連結).pdf
   ✅ 保存: 5572_1600_G-リッジアイ_2026年7月期 第3四半期決算説明資料.pdf
   ✅ 保存: 5594_1600_P-エム・デー・ビー_2026年4月期 決算短信〔日本基準〕(連結).pdf
   ✅ 保存: 5594_1600_P-エム・デー・ビー_特別損失(減損損失)の計上に関するお知らせ.pdf
   ✅ 保存: 5594_1600_P-エム・デー・ビー_東京証券取引所TOKYO PRO Marketへの上場目的の開示.pdf
   ✅ 保存: 5936_1600_洋シヤター_2026年3月期 決算説明資料.pdf
   ✅ 保存: 6091_1600_ウエスコHD_2026年7月期 第3四半期決算短信〔日本基準〕(連結).pdf
   ✅ 保存: 6898_1600_トミタ電機_2027年1月期第1四半期決算短信〔日本基準〕(連結).pdf
   ✅ 保存: 7162_1600_アストマックス_2027年3月期5月度の発電状況のお知らせ.pdf
   ✅ 保存: 7343_1600_G-ブロードマインド_株式会社オーネットとの業務提携契約締結に関するお知らせ.pdf
   ✅ 保存: 7462_1600_CAPITA_固定資産の取得に関するお知らせ.pdf
   ✅ 保存: 7462_1600_CAPITA_固定資産の取得に伴う資金の借入に関するお知らせ.pdf
   ✅ 保存: 7585_1600_かんなん_2026年6月期 月次売上状況について(5月度).pdf
   ✅ 保存: 7674_1600_G-NATTYHD_2027年1月期 第1四半期決算短信〔日本基準〕(連結).pdf
   ✅ 保存: 7777_1600_G-3Dマトリックス_(訂正)「2026年4月期決算短信〔日本基準〕(連結)」の一部訂正について.pdf
   ✅ 保存: 7850_1600_総合商研_通期業績予想の修正に関するお知らせ.pdf
   ✅ 保存: 7850_1600_総合商研_令和8年7月期第3四半期決算短信〔日本基準〕(連結).pdf
   ✅ 保存: 7865_1600_ピープル_ピープル株式会社 2027年1月期5月度 月次業績ハイライト.pdf
   ✅ 保存: 8411_1600_みずほ_投資単位の引下げに関する考え方及び方針等について.pdf
   ✅ 保存: 8783_1600_abc_(開示事項の経過)簡易株式交換による株式会社ボンドの完全子会社化完了に関するお知らせ.pdf
   ✅ 保存: 9222_1600_P-manaby_上場目的の開示(TOKYO PRO Market)について.pdf
   ✅ 保存: 9237_1600_G-笑美面_2026年10月期第2四半期決算説明資料.pdf
   ✅ 保存: 9237_1600_G-笑美面_2026年10月期 第2四半期(中間期)決算短信〔日本基準〕(連結).pdf
   ✅ 保存: 9237_1600_G-笑美面_2026年10月期中間期業績予想と実績値の差異に関するお知らせ.pdf
   ✅ 保存: 9425_1600_ReYuuJapan_代表取締役の異動に関するお知らせ.pdf
   ✅ 保存: 9425_1600_ReYuuJapan_2026年10月期 第2四半期(中間期)決算短信〔日本基準〕(非連結).pdf
   ✅ 保存: 9425_1600_ReYuuJapan_2026年10月期 第2四半期決算説明資料.pdf
   ✅ 保存: 9450_1600_ファイバーゲート_組織変更および人事異動(取締役の分掌変更)に関するお知らせ.pdf
   ✅ 保存: 3444_1545_菊池製作所_2026年4月期 決算短信〔日本基準〕(連結).pdf
   ✅ 保存: 3444_1545_菊池製作所_営業外費用及び特別利益の計上並びに2026年4月期における業績予想と実績との差異に関するお知らせ.pdf
   ✅ 保存: 3779_1545_J・エスコムHD_(訂正・数値データ訂正)「2026年3月期決算短信〔日本基準〕(連結)」の一部訂正について.pdf
   ✅ 保存: 9251_1545_G-AB&C_2026年10月期 第2四半期決算説明資料.pdf
   ✅ 保存: 6666_1540_リバーエレテク_「中期経営計画 R2028」策定に関するお知らせ.pdf
   ✅ 保存: 7427_1540_エコーTD_譲渡制限付株式報酬としての新株式の発行に関するお知らせ.pdf
   ✅ 保存: 3974_1535_SCAT_2026年10月期第2四半期(中間期)決算短信〔日本基準〕(連結).pdf
   ✅ 保存: 3974_1535_SCAT_2026年10月期 第2四半期決算補足資料.pdf
   ✅ 保存: 3974_1535_SCAT_剰余金の配当(中間配当)に関するお知らせ.pdf
   ✅ 保存: 7177_1531_GMOFHD_2026年5月の月次業績(速報)に関するお知らせ.pdf
   ✅ 保存: 9235_1531_G-売れるネットG_売れるネット広告社グループ(9235)2026年7月期第3四半期決算説明資料.pdf
   ✅ 保存: 9449_1531_GMO_自己株式の取得結果および取得終了に関するお知らせ.pdf
   ✅ 保存: 1444_1530_G-ニッソウ_2026年7月期第3四半期決算短信〔日本基準〕(連結).pdf
   ✅ 保存: 1444_1530_G-ニッソウ_2026年7月期第3四半期決算説明資料.pdf
   ✅ 保存: 168A_1530_G-イタミアート_2027年1月期 第1四半期決算短信〔日本基準〕(連結).pdf
   ✅ 保存: 168A_1530_G-イタミアート_2027年1月期 第1四半期決算補足説明資料.pdf
   ✅ 保存: 1766_1530_東建コーポ_2026年4月期決算短信〔日本基準〕(連結).pdf
   ✅ 保存: 1873_1530_日本ハウスHD_剰余金の配当(増配)に関するお知らせ.pdf
   ✅ 保存: 1873_1530_日本ハウスHD_2026年4月期決算短信〔日本基準〕(連結).pdf
   ✅ 保存: 205A_1530_G-ロゴスHD_2026年5月度 受注速報.pdf
   ✅ 保存: 212A_1530_フィットイージー_2026年10月期 第2四半期(中間期)決算短信〔日本基準〕(非連結).pdf
   ✅ 保存: 212A_1530_フィットイージー_業績予想の修正(上方修正)及び配当予想の修正(増配)に関するお知らせ.pdf
   ✅ 保存: 212A_1530_フィットイージー_2026年10月期 第2四半期 決算説明資料.pdf
   ✅ 保存: 218A_1530_G-リベラウェア_災害対応・重要インフラ・安全保障領域に対応する国産無人機プラットフォーム構築に向けた取り組み開始に関するお知らせ.pdf
   ✅ 保存: 218A_1530_G-リベラウェア_2026年7月期通期連結業績予想の修正に関するお知らせ.pdf
   ✅ 保存: 218A_1530_G-リベラウェア_2026年7月期第3四半期決算説明資料.pdf
   ✅ 保存: 218A_1530_G-リベラウェア_2026年7月期 第3四半期決算短信〔日本基準〕(連結).pdf
   ✅ 保存: 2373_1530_ケア21_2026年10月期 第2四半期(中間期)決算短信〔日本基準〕(連結).pdf
   ✅ 保存: 2373_1530_ケア21_2026年10月期第2四半期(中間期)累計期間の業績予想数値との差異及び特別損失の計上、並びに通期業績予想の修正に関するお知らせ.pdf
   ✅ 保存: 2373_1530_ケア21_剰余金の配当(中間配当)に関するお知らせ.pdf
   ✅ 保存: 2413_1530_エムスリー_支配株主等に関する事項について.pdf
   ✅ 保存: 2485_1530_ティア_役員の異動に関するお知らせ.pdf
   ✅ 保存: 2586_1530_G-フルッタフルッタ_第三者割当による第14回新株予約権(行使価額修正条項付)の大量行使に関するお知らせ.pdf
   ✅ 保存: 265A_1530_G-エイチエムコム_【補足説明資料】守山市実証における漏水検知モデルの実証成果について.pdf
   ✅ 保存: 265A_1530_G-エイチエムコム_(開示事項の経過)Hmcomm、守山市実証における漏水検知モデルの成果および次世代漏水監視への取り組みについて.pdf
   ✅ 保存: 2689_1530_オルバヘルスケアHD_取締役に対する株式報酬制度の改定に関するお知らせ.pdf
   ✅ 保存: 2689_1530_オルバヘルスケアHD_臨時株主総会開催日等及び付議議案の決定並びに経営統合に伴う役員体制に関するお知らせ.pdf
   ✅ 保存: 2695_1530_くら寿司_2026年10月期第2四半期(中間期)決算短信〔日本基準〕(連結).pdf
   ✅ 保存: 2742_1530_ハローズ_監査等委員である取締役の辞任に関するお知らせ.pdf
   ✅ 保存: 276A_1530_G-ククレブ_販売用不動産の売却およびリノベーションプロジェクトに関するプロジェクト・マネジメント業務受託のお知らせ.pdf
   ✅ 保存: 285A_1530_キオクシアHD_(訂正)「当社及び当社子会社の役員に対する株式報酬制度の改定に関するお知らせ」の一部訂正について.pdf
   ✅ 保存: 2907_1530_あじかん_新物流センター建設(固定資産の取得)に関するお知らせ.pdf
   ✅ 保存: 2923_1530_サトウ食品_2026年4月期決算短信〔日本基準〕(連結).pdf
   ✅ 保存: 2997_1530_G-ストレージ王_2027年1月期 第1四半期決算短信〔日本基準〕(非連結).pdf
   ✅ 保存: 2997_1530_G-ストレージ王_決算説明資料_2027年1月期第1四半期決算.pdf
   ✅ 保存: 3038_1530_神戸物産_2026年10月期 第2四半期(中間期)決算短信〔日本基準〕(連結).pdf
   ✅ 保存: 3038_1530_神戸物産_2026年10月期 第2四半期(中間期) 決算説明資料.pdf
   ✅ 保存: 3063_1530_G-jGroup_第5回新株予約権(行使価額修正条項選択権付)の取得及び消却完了に関するお知らせ.pdf
   ✅ 保存: 307A_1530_P-ハウジング・S_TOKYO PRO Marketへの上場目的の開示について.pdf
   ✅ 保存: 3091_1530_ブロンコB_株式の分割、定款の一部変更、期末配当予想の修正 及び株主優待制度の変更に関するお知らせ.pdf
   ✅ 保存: 3116_1530_トヨタ紡織_譲渡制限付株式報酬としての自己株式の処分に関するお知らせ.pdf
   ✅ 保存: 3116_1530_トヨタ紡織_従業員持株会向け譲渡制限付株式インセンティブとしての自己株式の処分に関するお知らせ.pdf
   ✅ 保存: 312A_1530_P-シンコーHD_2026年10月期 中間決算短信〔日本基準〕(連結).pdf
   ✅ 保存: 312A_1530_P-シンコーHD_2026年10月期通期業績予想の修正(未定)に関するお知らせ.pdf
   ✅ 保存: 3159_1530_丸善CHI_2027年1月期 第1四半期決算短信〔日本基準〕(連結).pdf
   ✅ 保存: 324A_1530_G-ブッキングR_2026年4月期決算短信[日本基準](非連結).pdf
   ✅ 保存: 324A_1530_G-ブッキングR_2026年4月期 決算説明資料.pdf
   ✅ 保存: 3294_1530_イーグランド_当社株式の上場廃止に関するお知らせ.pdf
   ✅ 保存: 3320_1530_クロスプラス_2027年1月期 第1四半期決算短信〔日本基準〕(連結).pdf
   ✅ 保存: 3358_1530_Trailhead_資金の借入に関するお知らせ.pdf
   ✅ 保存: 3358_1530_Trailhead_株式会社食べるの株式取得(子会社化)に関するお知らせ.pdf
   ✅ 保存: 3421_1530_稲葉製作_2026年7月期 第3四半期決算短信〔日本基準〕(連結).pdf
   ✅ 保存: 3475_1530_グッドコムアセット_2026年10月期 第2四半期決算説明.pdf
   ✅ 保存: 3475_1530_グッドコムアセット_2026年10月期 第2四半期(中間期)決算短信〔日本基準〕(連結).pdf
   ✅ 保存: 3482_1530_ロードスター_株式の無償割当てに関するお知らせ.pdf
   ✅ 保存: 3482_1530_ロードスター_配当予想(実質的増配)に関するお知らせ.pdf
   ...Page 003 を確認中
   ✅ 保存: 3565_1530_アセンテック_取締役及び従業員に対する譲渡制限付株式としての自己株式処分の払込完了に関するお知らせ.pdf
   ✅ 保存: 3627_1530_テクミラ_ストックオプション(新株予約権)の発行に関するお知らせ.pdf
   ✅ 保存: 3690_1530_イルグルム_(開示事項の経過報告)株式譲渡契約締結に関するお知らせ.pdf
   ✅ 保存: 3810_1530_サイバーステップHD_株式会社ロム・シェアリングとの業務提携契約締結に関するお知らせ.pdf
   ✅ 保存: 3922_1530_PRTIMES_譲渡制限付株式報酬としての新株式の発行に関するお知らせ.pdf
   ✅ 保存: 3923_1530_ラクス_2027年3月期月次売上高(5月度)のお知らせ.pdf
   ✅ 保存: 4018_1530_Q-ジオロケ_執行役員制度の導入および執行役員人事に関するお知らせ.pdf
   ✅ 保存: 4075_1530_G-ブレインズ_2026年7月期第3四半期決算短信[日本基準](非連結).pdf
   ✅ 保存: 4075_1530_G-ブレインズ_2026年7月期第3四半期決算説明資料.pdf
   ✅ 保存: 4167_1530_G-ココペリ_事業計画及び成長可能性に関する事項について.pdf
   ✅ 保存: 4174_1530_アピリッツ_2027年1月期 第1四半期 決算短信〔日本基準〕(連結).pdf
   ✅ 保存: 4174_1530_アピリッツ_2027年1月期 第1四半期 決算説明資料.pdf
   ✅ 保存: 4175_1530_G-coly_2027年1月期 第1四半期決算短信〔日本基準〕(非連結).pdf
   ✅ 保存: 4175_1530_G-coly_2027年1月期第1四半期決算説明資料.pdf
   ✅ 保存: 4183_1530_三井化学_米国Ultradent社買収契約締結に関するお知らせ.pdf
   ✅ 保存: 419A_1530_P-ラングローブ_TOKYO PRO Marketへの上場目的の開示に関するお知らせ.pdf
   ✅ 保存: 4382_1530_HEROZ_2026年4月期決算短信〔日本基準〕(連結).pdf
   ✅ 保存: 4382_1530_HEROZ_2026年4月期 通期決算説明資料.pdf
   ✅ 保存: 4382_1530_HEROZ_通期個別業績の前期実績値との差異に関するお知らせ.pdf
   ✅ 保存: 439A_1530_P-アクトビ_2026年4月期 決算短信〔日本基準〕(連結).pdf
   ✅ 保存: 439A_1530_P-アクトビ_東京証券取引所 TOKYO PRO Market への上場目的の開示.pdf
   ✅ 保存: 441A_1530_G-NE_2026年4月期決算短信〔日本基準〕(非連結).pdf
   ✅ 保存: 441A_1530_G-NE_2026年4月期通期決算説明資料.pdf
   ✅ 保存: 441A_1530_G-NE_中期経営計画2029 事業計画及び成長可能性に関する事項.pdf
   ✅ 保存: 441A_1530_G-NE_ふるさと納税支援事業の事業譲渡に関するお知らせ.pdf
   ✅ 保存: 4446_1530_Link-Uグループ_東京証券取引所スタンダード市場への市場区分変更の申請に関するお知らせ.pdf
   ✅ 保存: 4446_1530_Link-Uグループ_2026年7月期 第3四半期決算短信〔IFRS〕(連結).pdf
   ✅ 保存: 4446_1530_Link-Uグループ_2026年7月期 第3四半期決算説明資料.pdf
   ✅ 保存: 4579_1530_G-ラクオリア創薬_Lazarus Pharmaceuticals, LLCグループとの新規事業創出モデルによる導出契約締結のお知らせ.pdf
   ✅ 保存: 460A_1530_G-BRANU_2026年10月期 第2四半期(中間期)決算短信〔日本基準〕(非連結).pdf
   ✅ 保存: 460A_1530_G-BRANU_2026年10月期 第2四半期 決算説明資料.pdf
   ✅ 保存: 460A_1530_G-BRANU_ストックオプション(新株予約権)発行に関するお知らせ.pdf
   ✅ 保存: 460A_1530_G-BRANU_2026年10月期第2四半期決算について想定されるご質問への回答について.pdf
   ✅ 保存: 462A_1530_G-ファンディーノ_2026年10月期 第2四半期決算短信〔日本基準〕(連結).pdf
   ✅ 保存: 462A_1530_G-ファンディーノ_2026年10月期 第2四半期決算説明資料.pdf
   ✅ 保存: 462A_1530_G-ファンディーノ_2026年10月期 第2四半期決算説明資料(書き起こし)公開に関するお知らせ.pdf
   ✅ 保存: 462A_1530_G-ファンディーノ_繰延税金資産の取り崩し、2026年10月期通期連結業績予想の修正及び役員報酬の減額に関するお知らせ.pdf
   ✅ 保存: 462A_1530_G-ファンディーノ_2026年10月期 第2四半期 当社主要KPIに関するお知らせ.pdf
   ✅ 保存: 464A_1530_G-QPSHD_投資家の皆さまより寄せられたご質問および回答内容公開のお知らせ.pdf
   ✅ 保存: 4813_1530_ACCESS_為替差益(営業外収益)の計上に関するお知らせ.pdf
   ✅ 保存: 4813_1530_ACCESS_2027年1月期 第1四半期決算短信〔日本基準〕(連結).pdf
   ✅ 保存: 4883_1530_G-モダリス_第三者割当による第19回新株予約権(行使価額修正条項付)の発行価額の払込完了に関するお知らせ.pdf
   ✅ 保存: 4934_1530_G-Pアンチエイジ_2026年7月期第3四半期決算短信〔日本基準〕(連結).pdf
   ✅ 保存: 4934_1530_G-Pアンチエイジ_2026年7月期第3四半期決算説明資料.pdf
   ✅ 保存: 4934_1530_G-Pアンチエイジ_通期連結業績予想の修正に関するお知らせ.pdf
   ✅ 保存: 4936_1530_アクシージア_2026年7月期 第3四半期決算短信〔日本基準〕(連結).pdf
   ✅ 保存: 4936_1530_アクシージア_業績予想の修正に関するお知らせ.pdf
   ✅ 保存: 4936_1530_アクシージア_2026年7月期第3四半期決算説明資料.pdf
   ✅ 保存: 5218_1530_オハラ_2026年10月期第2四半期(中間期)決算短信〔日本基準〕(連結).pdf
   ✅ 保存: 5218_1530_オハラ_2026年10月期 第2四半期決算説明資料.pdf
   ✅ 保存: 555A_1530_P-北王GROUP_2026年10月期 中間決算短信〔日本基準〕(連結).pdf
   ✅ 保存: 5584_1530_P-ストロベリjam_東京証券取引所TOKYO PRO Marketへの上場目的の開示.pdf
   ✅ 保存: 5584_1530_P-ストロベリjam_担当J-Adviserおよび流動性プロバイダーの異動に関するお知らせ.pdf
   ✅ 保存: 5888_1530_G-ダイワサイクル_2027年1月期 第1四半期決算短信〔日本基準〕(非連結).pdf
   ✅ 保存: 5888_1530_G-ダイワサイクル_2027年1月期第1四半期 決算説明資料.pdf
   ✅ 保存: 5888_1530_G-ダイワサイクル_2027年1月期5月度 売上速報に関するお知らせ.pdf
   ✅ 保存: 5889_1530_JEH_2027年1月期 第1四半期決算短信〔IFRS〕(連結).pdf
   ✅ 保存: 5889_1530_JEH_2027年1月期 第1四半期決算説明資料.pdf
   ✅ 保存: 6037_1530_楽待_2026年7月期 第3四半期決算短信〔日本基準〕(非連結).pdf
   ✅ 保存: 6037_1530_楽待_2026年7月期 第3四半期決算説明資料.pdf
   ✅ 保存: 6049_1530_G-イトクロ_2026年10月期第2四半期(中間期)決算短信〔日本基準〕(非連結).pdf
   ✅ 保存: 6049_1530_G-イトクロ_2026年10月期第2四半期 決算補足説明資料.pdf
   ✅ 保存: 6071_1530_IBJ_子会社の商号変更のお知らせ.pdf
   ✅ 保存: 6125_1530_岡本工機_第三者割当増資における調達資金の資金使途および支出予定時期の一部変更に関するお知らせ.pdf
   ✅ 保存: 6151_1530_日東工器_2026年3月期決算説明 質疑応答集.pdf
   ✅ 保存: 6267_1530_ゼネパッカー_2026年7月期第3四半期決算短信〔日本基準〕(連結).pdf
   ✅ 保存: 6387_1530_サムコ_2026年7月期 第3四半期決算短信〔日本基準〕(非連結).pdf
   ✅ 保存: 6387_1530_サムコ_業績予想及び配当予想の修正(増配)に関するお知らせ.pdf
   ✅ 保存: 6523_1530_PHCHD_支配株主等に関する事項について.pdf
   ✅ 保存: 6594_1530_ニデック_定款の一部変更に関するお知らせ.pdf
   ✅ 保存: 6596_1530_P-筑波精工_東京証券取引所TOKYO PRO Market への上場目的の開示.pdf
   ✅ 保存: 6656_1530_INSPEC_2026年4月期 決算短信〔日本基準〕(非連結).pdf
   ✅ 保存: 6757_1530_OSGコーポ_2027年1月期 第1四半期決算短信〔日本基準〕(連結).pdf
   ✅ 保存: 6778_1530_アルチザ_2026年7月期 第3四半期決算短信〔日本基準〕(連結).pdf
   ✅ 保存: 6778_1530_アルチザ_業績予想および配当予想の修正に関するお知らせ.pdf
   ✅ 保存: 6966_1530_三井ハイテク_2027年1月期 第1四半期決算短信〔日本基準〕(連結).pdf
   ✅ 保存: 6966_1530_三井ハイテク_2027年1月期 第1四半期 決算(補足説明資料).pdf
   ✅ 保存: 6966_1530_三井ハイテク_通期連結業績予想の修正に関するお知らせ.pdf
   ✅ 保存: 6966_1530_三井ハイテク_営業外収益(為替差益)の計上に関するお知らせ.pdf
   ✅ 保存: 7018_1530_内海造_支配株主等に関する事項について.pdf
   ✅ 保存: 7038_1530_フロンティアM_譲渡制限付株式報酬としての新株発行に関するお知らせ.pdf
   ✅ 保存: 7083_1530_G-AHCグループ_株主優待制度の導入に関するお知らせ.pdf
   ✅ 保存: 7084_1530_G-SmileHD_2027年3月期および2028年3月期の通期連結業績予想の公表に関するお知らせ(WITHホールディングス 完全子会社化に伴う成長見通し).pdf
   ✅ 保存: 7084_1530_G-SmileHD_2027年3月期および2028年3月期業績予想に関する説明資料.pdf
   ✅ 保存: 7084_1530_G-SmileHD_配当予想の上方修正(増配)に関するお知らせ.pdf
   ✅ 保存: 7084_1530_G-SmileHD_株主優待制度の大幅拡充(300株以上継続保有する株主様に対して年間最低30,000円分の継続進呈)および特別株主優待(第2回)実施に関するお知らせ.pdf
   ✅ 保存: 7126_1530_グローバルスタイル_2026年7月期 第3四半期決算短信〔日本基準〕(非連結).pdf
   ✅ 保存: 7126_1530_グローバルスタイル_譲渡制限付株式報酬としての自己株式の処分に関するお知らせ.pdf
   ✅ 保存: 7126_1530_グローバルスタイル_配当性向の変更及び配当予想に関するお知らせ.pdf
   ✅ 保存: 7218_1530_田中精密_自己株式の公開買付けの結果及び取得終了並びにその他の関係会社の異動に関するお知らせ.pdf
   ✅ 保存: 7254_1530_ユニバンス_中期経営戦略 Vision2030の進捗状況について.pdf
   ✅ 保存: 7378_1530_G-アシロ_2026年10月期 第2四半期(中間期)決算短信〔IFRS〕(連結).pdf
   ✅ 保存: 7378_1530_G-アシロ_2026年10月期第2四半期 決算説明資料.pdf
   ✅ 保存: 7378_1530_G-アシロ_剰余金の配当(中間配当・初配)に関するお知らせ.pdf
   ✅ 保存: 7378_1530_G-アシロ_報告セグメントの変更に関するお知らせ.pdf
   ✅ 保存: 7412_1530_アトム_株主優待制度の変更に関するお知らせ.pdf
   ✅ 保存: 7614_1530_オーエムツー_2027年1月期 第1四半期決算短信〔日本基準〕(連結).pdf
   ✅ 保存: 7614_1530_オーエムツー_取締役等に対する譲渡制限付株式報酬としての自己株式処分の払込完了に関するお知らせ.pdf
   ✅ 保存: 7616_1530_コロワイド_株主優待制度に関するお知らせ.pdf
   ✅ 保存: 7683_1530_ダブルエー_2027年1月期 第1四半期決算補足説明資料.pdf
   ...Page 004 を確認中
   ✅ 保存: 7683_1530_ダブルエー_2027年1月期 第1四半期決算短信〔日本基準〕(連結).pdf
   ✅ 保存: 7685_1530_G-BUYSELL_2026年5月月次に関するお知らせ.pdf
   ✅ 保存: 7804_1530_ビーアンドピー_2026年10月期 第2四半期決算説明資料(書き起こし)公開に関するお知らせ.pdf
   ✅ 保存: 7804_1530_ビーアンドピー_2026年10月期 第2四半期決算発表 質疑応答集.pdf
   ✅ 保存: 7827_1530_オービス_2026年10月期 第2四半期(中間期)決算短信〔日本基準〕(連結).pdf
   ✅ 保存: 7827_1530_オービス_2026年10月期 第2四半期(中間期)連結業績予想値と実績値との差異に関するお知らせ.pdf
   ✅ 保存: 7827_1530_オービス_2026年10月期 第2四半期(中間期)決算補足説明資料.pdf
   ✅ 保存: 7831_1530_ウイルコHD_2026年10月期 第2四半期(中間期)決算短信〔日本基準〕(連結).pdf
   ✅ 保存: 7831_1530_ウイルコHD_業績予想の修正に関するお知らせ.pdf
   ✅ 保存: 7831_1530_ウイルコHD_特別損失(減損損失)の計上に関するお知らせ.pdf
   ✅ 保存: 7859_1530_アルメディオ_(訂正・数値データ訂正)「2026年3月期決算短信〔日本基準〕(連結)」の一部訂正について.pdf
   ✅ 保存: 7878_1530_光・彩_2027年1月期 第1四半期決算短信〔日本基準〕(非連結).pdf
   ✅ 保存: 7972_1530_イトーキ_執行役員人事に関するお知らせ.pdf
   ✅ 保存: 8013_1530_ナイガイ_2027年1月期 第1四半期決算短信〔日本基準〕(連結).pdf
   ✅ 保存: 8013_1530_ナイガイ_営業外収益(為替差益)の計上に関するお知らせ.pdf
   ✅ 保存: 8050_1530_セイコーG_投資単位の引下げに関する考え方及び方針等について.pdf
   ✅ 保存: 8132_1530_シナネンHD_自己株式の取得状況及び取得終了に関するお知らせ.pdf
   ✅ 保存: 8217_1530_オークワ_取締役及び執行役員に対する譲渡制限付株式としての自己株式処分の払込完了に関するお知らせ.pdf
   ✅ 保存: 8836_1530_RISE_臨時株主総会及び種類株主総会招集のための基準日設定に関するお知らせ.pdf
   ✅ 保存: 8944_1530_ランビジネス_販売用の不動産の売却に関するお知らせ.pdf
   ✅ 保存: 8963_1530_R-INV_定期建物賃貸借兼管理業務委託契約締結に関するお知らせ(ホテルマイステイズプレミア金沢).pdf
   ✅ 保存: 9029_1530_ヒガシHD_譲渡制限付株式報酬としての自己株式の処分に関するお知らせ.pdf
   ✅ 保存: 9163_1530_G-ナレルグループ_2026年10月期 第2四半期(中間期)決算短信〔IFRS〕(連結).pdf
   ✅ 保存: 9163_1530_G-ナレルグループ_2026年10月期 第2四半期決算説明資料.pdf
   ✅ 保存: 9163_1530_G-ナレルグループ_剰余金の配当(中間配当)に関するお知らせ.pdf
   ✅ 保存: 9235_1530_G-売れるネットG_2026年7月期第3四半期決算短信 〔日本基準〕(連結).pdf
   ✅ 保存: 9235_1530_G-売れるネットG_法人税等調整額(損)の計上に関するお知らせ.pdf
   ✅ 保存: 9239_1530_P-ケーイーティ_「TOKYO PRO Market への上場目的の開示」に関するお知らせ.pdf
   ✅ 保存: 9240_1530_G-デリバリコンサル_2026年7月期 第3四半期決算短信〔日本基準〕(連結).pdf
   ✅ 保存: 9242_1530_G-メディア総研_2026年7月期 第3四半期決算短信〔日本基準〕(連結).pdf
   ✅ 保存: 9242_1530_G-メディア総研_2026年7月期 第3四半期決算補足資料.pdf
   ✅ 保存: 9250_1530_G-GRCS_完全子会社との会社分割(簡易吸収分割)に関するお知らせ.pdf
   ✅ 保存: 9251_1530_G-AB&C_2026年10月期 第2四半期(中間期)決算短信〔IFRS〕(連結).pdf
   ✅ 保存: 9254_1530_G-ラバブルマーケ_事業計画及び成長可能性に関する事項.pdf
   ✅ 保存: 9330_1530_G-揚羽_本社移転並びに特別利益及び特別損失の計上(見込み)に関するお知らせ.pdf
   ✅ 保存: 9467_1530_G-アルファポリス_事業計画及び成長可能性に関する事項.pdf
   ✅ 保存: 9565_1530_G-GLOE_2026年6月期第2四半期(中間期)決算短信〔日本基準〕(連結).pdf
   ✅ 保存: 9603_1530_H.I.S._2026年10月期 第2四半期(中間期)決算短信〔日本基準〕(連結).pdf
   ✅ 保存: 9603_1530_H.I.S._2026年10月期第2四半期(中間期)の連結業績予想と実績値との差異に関するお知らせ.pdf
   ✅ 保存: 9603_1530_H.I.S._特別損失の計上(リース解約に伴う損失)、及び2026年10月期通期連結業績予想の修正に関するお知らせ.pdf
   ✅ 保存: 9603_1530_H.I.S._固定資産の譲渡に関するお知らせ.pdf
   ✅ 保存: 9603_1530_H.I.S._中期経営計画(2027-2030年10月期)策定に関するお知らせ.pdf
   ✅ 保存: 9743_1530_丹青社_2027年1月期 第1四半期 決算短信〔日本基準〕(連結).pdf
   ✅ 保存: 9743_1530_丹青社_2027年1月期第1四半期 決算説明資料.pdf
   ✅ 保存: 7810_1504_クロスフォー_2026年7月期 第3四半期決算短信〔日本基準〕(連結).pdf
   ✅ 保存: 7810_1504_クロスフォー_2026年7月期 通期連結業績予想の修正及び期末配当予想の修正に関するお知らせ.pdf
   ✅ 保存: 1435_1500_robot home_2026年5月度月次KPI(速報)に関するお知らせ.pdf
   ✅ 保存: 1452_1500_P-横浜ライト工業_東京証券取引所 TOKYO PRO Marketへの上場目的の開示.pdf
   ✅ 保存: 171A_1500_P-ゼロジャパン_TOKYO PRO Market への上場目的の開示に関するお知らせ.pdf
   ✅ 保存: 2804_1500_ブルドックソース_当社の株式の大規模買付行為に関する対応方針(買収への対応方針)に基づく独立委員会の委員選任に関するお知らせ.pdf
   ✅ 保存: 2992_1500_P-アーバンライク_2026年10月期 中間決算短信〔日本基準〕(連結).pdf
   ✅ 保存: 2992_1500_P-アーバンライク_連結決算開始に伴う通期連結業績予想の公表に関するお知らせ.pdf
   ✅ 保存: 2992_1500_P-アーバンライク_TOKYO PRO Market への上場目的の開示に関するお知らせ.pdf
   ✅ 保存: 3370_1500_フジタコーポ_A種優先株式の一部取得及び消却に関するお知らせ.pdf
   ✅ 保存: 3418_1500_G-バルニバービ_2026年7月期 第3四半期決算短信〔日本基準〕(連結).pdf
   ✅ 保存: 3419_1500_アートグリーン_2026年10月期 第2四半期(中間期)決算短信〔日本基準〕(連結).pdf
   ✅ 保存: 3419_1500_アートグリーン_2026年10月期第2四半期(中間期)連結業績予想と実績値との差異に関するお知らせ.pdf
   ✅ 保存: 3665_1500_エニグモ_2027年1月期 第1四半期決算短信〔日本基準〕(連結).pdf
   ✅ 保存: 3665_1500_エニグモ_2027年1月期 第1四半期決算補足説明資料.pdf
   ✅ 保存: 3665_1500_エニグモ_配当予想の修正に関するお知らせ.pdf
   ✅ 保存: 3903_1500_gumi_2026年4月期通期及び第4四半期決算説明資料.pdf
   ✅ 保存: 3903_1500_gumi_2026年4月期 決算短信〔日本基準〕(連結).pdf
   ✅ 保存: 3903_1500_gumi_第26回新株予約権(行使価額修正条項付)の取得及び消却に関するお知らせ.pdf
   ✅ 保存: 3903_1500_gumi_報告セグメントの変更に関するお知らせ.pdf
   ✅ 保存: 3903_1500_gumi_取締役候補者の選任に関するお知らせ.pdf
   ✅ 保存: 3903_1500_gumi_剰余金の配当(無配)に関するお知らせ.pdf
   ✅ 保存: 3903_1500_gumi_2026年4月期連結及び個別業績と前期実績値の差異に関するお知らせ.pdf
   ✅ 保存: 3903_1500_gumi_営業外収益、営業外費用及び特別損失の計上に関するお知らせ.pdf
   ✅ 保存: 3988_1500_SYSHD_2026年7月期第3四半期決算短信〔日本基準〕(連結).pdf
   ✅ 保存: 455A_1500_P-バリューソフト_TOKYO PRO Market への上場目的の開示.pdf
   ✅ 保存: 4667_1500_アイサンテクノロ_特別調査委員会の調査報告書受領に関するお知らせ.pdf
   ✅ 保存: 4996_1500_クミアイ化_2026年10月期第2四半期(中間期)決算短信〔日本基準〕(連結).pdf
   ✅ 保存: 4996_1500_クミアイ化_決算補足説明資料(2026年10月期第2四半期).pdf
   ✅ 保存: 5616_1500_G-雨風太陽_(訂正・数値データ訂正) 「2026年12月期 第1四半期決算短信〔日本基準〕(非連結)」の一部訂正に関するお知らせ.pdf
   ✅ 保存: 561A_1500_P-マークスライフ_資金の借入に関するお知らせ.pdf
   ✅ 保存: 561A_1500_P-マークスライフ_TOKYO PRO Market上場目的の開示について.pdf
   ✅ 保存: 7601_1500_ポプラ_中期事業計画(第52期~第54期)策定のお知らせ.pdf
   ✅ 保存: 7747_1500_アサヒインテック_代表取締役の異動(追加選定)に関するお知らせ.pdf
   ✅ 保存: 8079_1500_正栄食_第2四半期(中間期)連結業績予想と実績の差異及び通期連結業績予想の修正に関するお知らせ.pdf
   ✅ 保存: 8079_1500_正栄食_株主さまへの「特別優待」の実施と株主優待制度の変更に関するお知らせ.pdf
   ✅ 保存: 8079_1500_正栄食_2026年10月期 第2四半期(中間期)決算短信〔日本基準〕(連結).pdf
   ✅ 保存: 8079_1500_正栄食_2026年10月期 第2四半期(中間期)決算補足資料.pdf
   ✅ 保存: 3181_1430_買取王国_譲渡制限株式報酬としての新株式発行に関するお知らせ.pdf
   ✅ 保存: 211A_1400_カドス_2026年7月期 第3四半期決算短信〔日本基準〕(非連結).pdf
   ✅ 保存: 211A_1400_カドス_2026年7月期 第3四半期決算補足説明資料.pdf
   ✅ 保存: 211A_1400_カドス_2026年7月期業績予想の修正に関するお知らせ.pdf
   ✅ 保存: 219A_1400_G-ハートシード_心筋再生医療HS-005(カテーテル投与)の第1_2相治験企業治験における 第1例目実施に関するお知らせ.pdf
   ✅ 保存: 2991_1400_ランドネット_2026年7月期 第3四半期決算短信〔日本基準〕(連結).pdf
   ✅ 保存: 2991_1400_ランドネット_2026年7月期 第3四半期決算説明資料.pdf
   ✅ 保存: 3465_1400_ケイアイスター不動産_(訂正・数値データ訂正)2026年3月期 決算短信〔日本基準〕(連結)の 一部訂正について.pdf
   ✅ 保存: 3465_1400_ケイアイスター不動産_(訂正)2026年3月期 決算説明資料の一部訂正について.pdf
   ✅ 保存: 4625_1400_アトミクス_(訂正・数値データ訂正)「2026年3月期決算短信[日本基準](連結)」の一部訂正について.pdf
   ✅ 保存: 6161_1400_エスティック_主要株主の異動に関するお知らせ.pdf
   ✅ 保存: 6448_1400_ブラザー_(訂正)「2026年3月期 決算短信〔IFRS〕(連結)」の一部訂正について.pdf
   ✅ 保存: 6547_1400_グリーンズ_2026年6月期業績予想及び配当予想の修正に関するお知らせ.pdf
   ✅ 保存: 6647_1400_森尾電_資本コストや株価を意識した経営の実現に向けた対応について(アップデート).pdf
   ✅ 保存: 8511_1400_日証金_自己株式の処分の払込完了及び一部失権に関するお知らせ.pdf
   ✅ 保存: 7604_1330_梅の花グループ_中期経営計画策定に関するお知らせ.pdf
   ✅ 保存: 350A_1315_G-デジタルグリッド_決算説明会のご質問とご回答(2026年7月期 第3四半期).pdf
   ✅ 保存: 4401_1300_ADEKA_自己株式の消却予定日の決定に関するお知らせ.pdf
   ...Page 005 を確認中
   ✅ 保存: 7013_1300_IHI_固定資産の譲渡および譲渡益の計上に関するお知らせ.pdf
   ✅ 保存: 7073_1300_G-ジェイック_国内初!米ギャラップ社と、戦略的協力関係に基づくライセンス契約を締結.pdf
   ✅ 保存: 7073_1300_G-ジェイック_2027年1月期 第1四半期決算説明資料.pdf
   ✅ 保存: 7073_1300_G-ジェイック_2027年1月期 第1四半期決算短信〔日本基準〕(連結).pdf
   ✅ 保存: 7565_1300_萬世電機_支配株主等に関する事項について.pdf
   ✅ 保存: 7565_1300_萬世電機_投資単位の引下げに関する考え方及び方針等について.pdf
   ✅ 保存: 7604_1300_梅の花グループ_2026年4月期業績予想値と実績値の差異に関するお知らせ.pdf
   ✅ 保存: 7604_1300_梅の花グループ_特別損失(減損損失)の計上に関するお知らせ.pdf
   ✅ 保存: 7604_1300_梅の花グループ_2026年4月期 決算短信〔日本基準〕(連結).pdf
   ✅ 保存: 587A_1230_E-インベスコQQQ_インベスコQQQトラスト シリーズ1 に関する日々の開示事項.pdf
   ✅ 保存: 1326_1200_E-ワールド_SPDRゴールド・シェアに関する日々の開示事項.pdf
   ✅ 保存: 2750_1200_石光商事_当社子会社の取締役に対する譲渡制限付株式報酬制度の導入に関するお知らせ.pdf
   ✅ 保存: 2750_1200_石光商事_2026年5月度 月次売上高(速報)に関するお知らせ.pdf
   ✅ 保存: 3930_1200_G-はてな_2026年7月期 第3四半期決算短信〔日本基準〕(非連結).pdf
   ✅ 保存: 3930_1200_G-はてな_特別損失及び繰延税金資産の計上、並びに通期業績予想の修正に関するお知らせ.pdf
   ✅ 保存: 6614_1200_シキノハイテック_2026年3月期 通期決算説明資料.pdf
   ✅ 保存: 7692_1200_Eインフィニティ_2026年7月期第3四半期決算補足説明資料.pdf
   ✅ 保存: 7692_1200_Eインフィニティ_2026年7月期第3四半期決算短信〔日本基準〕(非連結).pdf
   ✅ 保存: 8594_1200_中道リース_非上場の親会社等(その他の関係会社)の決算情報に関するお知らせ.pdf
   ✅ 保存: 8894_1200_REVOLUTION_販売用不動産の売却に関するお知らせ.pdf
   ✅ 保存: 3787_1130_テクノマセマ_当社株式の福岡証券取引所への重複上場申請に関する取締役会決議のお知らせ.pdf
   ✅ 保存: 8705_1130_日産証券グループ_2026年5月の月次業績等(速報)に関するお知らせ.pdf
   ✅ 保存: 9556_1130_G-INTLOOP_業績予想の修正に関するお知らせ.pdf
   ✅ 保存: 9556_1130_G-INTLOOP_2026年7月期 第3四半期決算短信[日本基準](連結).pdf
   ✅ 保存: 9556_1130_G-INTLOOP_FY26_7 Q3 第3四半期決算説明資料.pdf
   ✅ 保存: 9556_1130_G-INTLOOP_自己株式取得に係る事項の決定に関するお知らせ (会社法第165条第2項の規定による定款の定めに基づく自己株式の取得).pdf
   ✅ 保存: 8115_1115_ムーンバット_非上場の親会社等の決算情報に関するお知らせ.pdf
   ✅ 保存: 3361_1100_トーエル_自己株式立会外買付取引(ToSTNeT-3)による自己株式の取得結果及び取得終了に関するお知らせ.pdf
   ✅ 保存: 6535_1100_アイモバイル_自己株式立会外買付取引(ToSTNeT-3)による自己株式の取得結果に関するお知らせ.pdf
   ✅ 保存: 1964_1000_中外炉_(訂正・数値データ訂正)「2026年3月期 決算短信〔日本基準〕(連結)」の一部訂正について(訂正・数値データ訂正)2626年3月期 決算短信〔日本基準〕(連結).pdf
   ✅ 保存: 3948_1000_光ビジネス_中期経営計画の見直しに関するお知らせ.pdf
   ✅ 保存: 6326_1000_クボタ_自己株式立会外買付取引(ToSTNeT-3)による自己株式の取得結果および取得終了に関するお知らせ.pdf
   ✅ 保存: 6546_1000_フルテック_自己株式立会外買付取引(ToSTNeT-3)による自己株式の取得結果及び取得終了に関するお知らせ.pdf
   ✅ 保存: 6915_1000_千代インテ_自己株式立会外買付取引(ToSTNeT-3)による自己株式の取得結果及び取得終了に関するお知らせ.pdf
   ✅ 保存: 5121_0920_藤コンポ_2026年3月期(第147期)決算説明資料.pdf
   ✅ 保存: 6306_0900_日工_2026年3月期 決算説明会資料.pdf
   ✅ 保存: 6306_0900_日工_2025-2027年度 日工株式会社 中期経営計画進捗状況.pdf
   ✅ 保存: 1808_0850_長谷工_公正取引委員会による当社子会社への行政処分に関する一部報道について.pdf
   ✅ 保存: 558A_0830_G-SQUEEZE_主要株主の異動に関するお知らせ.pdf
   ✅ 保存: 567A_0830_P-ディープラス_東京証券取引所 TOKYO PRO Marketへの上場目的の開示.pdf
   ✅ 保存: 5868_0800_ロココ_中間配当の実施及び配当予想の修正に関するお知らせ.pdf
   ...Page 006 を確認中
   📝 一覧CSV保存: TDnet_Sorted_20260612.csv
   📝 一覧CSV保存（ルート）: TDnet_Sorted_20260612.csv
   📊 日別統計: page_access=6, pdf_success=440, excluded=9

============================================================
✅ ①完了（範囲取得）
   期間: 20260612 ～ 20260612 （mode=day）
   一覧ページアクセス合計: 6
   PDFダウンロード成功合計: 440
   除外件数合計: 9
   保存ルート: G:\マイドライブ\TDnet_Downloads

$ C:\Users\onok\AppData\Local\Python\pythoncore-3.14-64\python.exe -u ②a②bは２つフリーワード検索.py analyze --target 20260612 --save-root G:\マイドライブ\TDnet_Downloads --keywords 価格交渉 増産 価格改定 価格転嫁 値上 想定以上 上方修正 下方修正 想定以下 未達 大幅 計画を上 計画を下 計画以 需要回復 需要の回復 需要が増 需要が低 悪化 グローバルニッチトップ トップシェア シェア拡大 レアアース
ルート: G:\マイドライブ\TDnet_Downloads
対象指定: 20260612 mode= day from= 20260612 to= 20260612
対象フォルダ数: 1
検索キーワード: ['価格交渉', '増産', '価格改定', '価格転嫁', '値上', '想定以上', '上方修正', '下方修正', '想定以下', '未達', '大幅', '計画を上', '計画を下', '計画以', '需要回復', '需要の回復', '需要が増', '需要が低', '悪化', 'グローバルニッチトップ', 'トップシェア', 'シェア拡大', 'レアアース']
総PDF数（推定）: 440
[1/1] 日付フォルダ 20260612 を処理中... (このフォルダ内PDF数: 440)
  進捗: 50/440 件のPDFを解析済み
  進捗: 100/440 件のPDFを解析済み
  進捗: 150/440 件のPDFを解析済み
  進捗: 200/440 件のPDFを解析済み
  進捗: 250/440 件のPDFを解析済み
  進捗: 300/440 件のPDFを解析済み
  進捗: 350/440 件のPDFを解析済み
  進捗: 400/440 件のPDFを解析済み
  進捗: 440/440 件のPDFを解析済み
  → 日付フォルダ 20260612 のヒットPDF数: 140

✅ ②A 完了（解析専用・キーワード別ページ列）
解析PDF数: 440
ヒットPDF数: 140
出力CSV: Analysis_Hits_free_word_20260612.csv
保存先: G:\マイドライブ\TDnet_Downloads

$ C:\Users\onok\AppData\Local\Python\pythoncore-3.14-64\python.exe -u ②a②bは２つフリーワード検索.py distribute --target 20260612 --save-root G:\マイドライブ\TDnet_Downloads --no-stop-on-empty-meta

✅ ②B 完了（配布用CSV作成・キーワード別ページ列）
出力: PDF_Search_Result_Distribution_free_word_20260612_sh.csv
キーワード列: ['価格交渉', '増産', '価格改定', '価格転嫁', '値上', '想定以上', '上方修正', '下方修正', '想定以下', '未達', '大幅', '計画を上', '計画を下', '計画以', '需要回復', '需要の回復', '需要が増', '需要が低', '悪化', 'グローバルニッチトップ', 'トップシェア', 'シェア拡大', 'レアアース']
突合除外件数: 0
空欄アラート件数: 0

============================================
 Done: 2026-06-12 23:09:26
============================================
