============================================
 TDnet auto run: 20260719
 Start: 2026-07-19 17:07:48
============================================

$ C:\Users\onok\AppData\Local\Python\pythoncore-3.14-64\python.exe -u ①_tdnetアクセスしてダウンロードする処理（月日付別フォルダ保存）.py --target 20260719 --save-root G:\マイドライブ\TDnet_Downloads
🎯 対象指定: 20260719（mode=day, from=20260719, to=20260719）
📁 保存ルート: G:\マイドライブ\TDnet_Downloads

============================================================
📅 日付: 20260719 を処理します
   ...Page 001 を確認中
   ...Page 002 を確認中
   📝 一覧CSV保存（0件）: TDnet_Sorted_20260719.csv
   📊 日別統計: page_access=2, pdf_success=0, excluded=0

============================================================
✅ ①完了（範囲取得）
   期間: 20260719 ～ 20260719 （mode=day）
   一覧ページアクセス合計: 2
   PDFダウンロード成功合計: 0
   除外件数合計: 0
   保存ルート: G:\マイドライブ\TDnet_Downloads

$ C:\Users\onok\AppData\Local\Python\pythoncore-3.14-64\python.exe -u ②a②bは２つフリーワード検索.py analyze --target 20260719 --save-root G:\マイドライブ\TDnet_Downloads --keywords 価格交渉 増産 価格改定 価格転嫁 値上 想定以上 上方修正 下方修正 想定以下 未達 大幅 計画を上 計画を下 計画以 需要回復 需要の回復 需要が増 需要が低 悪化 グローバルニッチトップ トップシェア シェア拡大 レアアース
ルート: G:\マイドライブ\TDnet_Downloads
対象指定: 20260719 mode= day from= 20260719 to= 20260719
対象フォルダ数: 1
検索キーワード: ['価格交渉', '増産', '価格改定', '価格転嫁', '値上', '想定以上', '上方修正', '下方修正', '想定以下', '未達', '大幅', '計画を上', '計画を下', '計画以', '需要回復', '需要の回復', '需要が増', '需要が低', '悪化', 'グローバルニッチトップ', 'トップシェア', 'シェア拡大', 'レアアース']
総PDF数（推定）: 0
[1/1] 日付フォルダ 20260719 を処理中... (このフォルダ内PDF数: 0)
  → 日付フォルダ 20260719 のヒットPDF数: 0
🗂 既存ファイルをアーカイブへ退避: Analysis_Hits_free_word_20260719_20260719-170753.csv

✅ ②A 完了（解析専用・キーワード別ページ列）
解析PDF数: 0
ヒットPDF数: 0
出力CSV: Analysis_Hits_free_word_20260719.csv
保存先: G:\マイドライブ\TDnet_Downloads

$ C:\Users\onok\AppData\Local\Python\pythoncore-3.14-64\python.exe -u ②a②bは２つフリーワード検索.py distribute --target 20260719 --save-root G:\マイドライブ\TDnet_Downloads --no-stop-on-empty-meta
🗂 既存ファイルをアーカイブへ退避: PDF_Search_Result_Distribution_free_word_20260719_sh_20260719-170754.csv

✅ ②B 完了（配布用CSV作成・キーワード別ページ列）
出力: PDF_Search_Result_Distribution_free_word_20260719_sh.csv
キーワード列: ['価格交渉', '増産', '価格改定', '価格転嫁', '値上', '想定以上', '上方修正', '下方修正', '想定以下', '未達', '大幅', '計画を上', '計画を下', '計画以', '需要回復', '需要の回復', '需要が増', '需要が低', '悪化', 'グローバルニッチトップ', 'トップシェア', 'シェア拡大', 'レアアース']
突合除外件数: 0
空欄アラート件数: 0

============================================
 Done: 2026-07-19 17:07:54
============================================
