============================================
 TDnet auto run: 20260709
 Start: 2026-07-09 23:00:01
============================================

$ C:\Users\onok\AppData\Local\Python\pythoncore-3.14-64\python.exe -u ①_tdnetアクセスしてダウンロードする処理（月日付別フォルダ保存）.py --target 20260709 --save-root G:\マイドライブ\TDnet_Downloads
🎯 対象指定: 20260709（mode=day, from=20260709, to=20260709）
📁 保存ルート: G:\マイドライブ\TDnet_Downloads

============================================================
📅 日付: 20260709 を処理します
   ...Page 001 を確認中
   ✅ 保存: 4763_1857_C&R社_2027年2月期 第1四半期 決算説明会資料.pdf
   ✅ 保存: 2927_1745_AFC-HD_連結子会社株式会社さいか屋の自己株式の取得状況および消却に関するお知らせ.pdf
   ✅ 保存: 8254_1745_さいか屋_自己株式の取得状況および消却に関するお知らせ.pdf
   ✅ 保存: 7120_1730_SHINKO_業績条件型譲渡制限付株式報酬としての自己株式の処分に関するお知らせ.pdf
   ✅ 保存: 8358_1730_スルガ銀_主要株主の異動に関するお知らせ.pdf
   ✅ 保存: 9439_1730_MHグループ_(訂正)「第三者割当による新株式発行及び第2回新株予約権の発行並びに主要株主及びその他の関係会社の異動(見込み)に関するお知らせ」の一部訂正について.pdf
   ✅ 保存: 9439_1730_MHグループ_(訂正)「第三者割当による新株式発行に係る払込の一部完了のお知らせ」の 一部訂正について.pdf
   ✅ 保存: 6035_1700_IRJapan HD_(開示事項の経過)当社子会社に対する訴訟に関する最高裁判所の決定(上告不受理)及び判決確定(全面勝訴)のお知らせ.pdf
   ✅ 保存: 7294_1700_ヨロズ_譲渡制限付株式としての自己株式の処分に関するお知らせ.pdf
   ✅ 保存: 9691_1700_両毛システム_上場維持基準への適合に向けた計画について.pdf
   ✅ 保存: 2694_1630_焼肉坂井HD_譲渡制限付株式報酬としての自己株式の処分に関するお知らせ.pdf
   ✅ 保存: 7979_1630_松風_連結子会社の吸収合併(簡易合併・略式合併)に関するお知らせ.pdf
   ✅ 保存: 9560_1615_G-プログリット_取締役の辞任に関するお知らせ.pdf
   ✅ 保存: 9560_1615_G-プログリット_自己株式の取得及び自己株式立会外買付取引(ToSTNeT-3)による自己株式の買付けに関するお知らせ.pdf
   ✅ 保存: 146A_1600_コロンビア・ワークス_投資家のみなさまからのご質問と当社見解(2026年6月).pdf
   ✅ 保存: 217A_1600_P-サポート_監査役の逝去に関するお知らせ.pdf
   ✅ 保存: 287A_1600_黒田グループ_譲渡制限付株式報酬としての自己株式の処分に関するお知らせ.pdf
   ✅ 保存: 2986_1600_G-LAHD_長期経営計画「LA Next Stage 2031」の発表について.pdf
   ✅ 保存: 3237_1600_G-イントランス_第三者割当による第3回無担保転換社債型新株予約権付社債及び第11回新株予約権の発行に係る払込完了に関するお知らせ.pdf
   ✅ 保存: 3237_1600_G-イントランス_募集新株予約権(有償ストック・オプション)の発行内容確定に関するお知らせ.pdf
   ✅ 保存: 323A_1600_G-フライヤー_(訂正)「上場維持基準への適合に向けた計画(改善期間入り)について」の数値修正に伴う流通株式時価総額の上場維持基準への適合に関するお知らせ.pdf
   ✅ 保存: 458A_1600_P-プラン・ドゥ_販売用不動産の売却に関するお知らせ.pdf
   ✅ 保存: 472A_1600_G-ミラティブ_公開買付けに準ずる行為として政令で定める買集め行為に関するお知らせ.pdf
   ✅ 保存: 5018_1600_MORESCO_2027年2月期第1四半期決算短信〔日本基準〕(連結).pdf
   ✅ 保存: 6613_1600_G-QDレーザ_譲渡制限付株式報酬としての新株式発行に関するお知らせ.pdf
   ✅ 保存: 6899_1600_ASTI_名古屋証券取引所への重複上場申請に関する取締役会決議のお知らせ.pdf
   ✅ 保存: 7242_1600_カヤバ_執行役員に対する譲渡制限付株式報酬等としての自己株式処分に関するお知らせ.pdf
   ✅ 保存: 7359_1600_G-東京通信G_ファンビジネス事業の成長戦略について - IPポートフォリオ戦略による新たな成長ドライバーの創出へ -.pdf
   ✅ 保存: 7544_1600_スリーエフ_2027年2月期第1四半期決算短信〔日本基準〕(連結).pdf
   ✅ 保存: 7917_1600_ZACROS_譲渡制限付株式としての自己株式処分に関するお知らせ.pdf
   ✅ 保存: 8125_1600_ワキタ_2027年2月期 第1四半期決算短信〔日本基準〕(連結).pdf
   ✅ 保存: 8125_1600_ワキタ_2027年2月期 第1四半期連結決算の概要.pdf
   ✅ 保存: 9709_1600_NCS&A_譲渡制限付株式付与のための自己株式の処分の払込完了に関するお知らせ.pdf
   ✅ 保存: 9765_1600_オオバ_2026年5月期 決算短信〔日本基準〕(連結).pdf
   ✅ 保存: 7649_1545_スギHD_第三者割当による新株式発行に関するお知らせ.pdf
   ✅ 保存: 7649_1545_スギHD_2027年2月期 第1四半期決算短信〔日本基準〕(連結).pdf
   ✅ 保存: 2769_1540_ヴィレッジV_公認会計士等の異動に関するお知らせ.pdf
   ✅ 保存: 9983_1531_ファーストリテ_2026年8月期 第3四半期決算短信〔IFRS会計基準〕(連結).pdf
   ✅ 保存: 2222_1530_寿スピリッツ_2027年3月期第1四半期の売上状況(概算)について.pdf
   ✅ 保存: 2341_1530_アルバイトタイ_2027年2月期 第1四半期決算短信〔日本基準〕(連結).pdf
   ✅ 保存: 2341_1530_アルバイトタイ_自己株式消却に係る事項の決定に関するお知らせ.pdf
   ✅ 保存: 2683_1530_魚喜_譲渡制限付株式報酬としての自己株式の処分の払込完了に関するお知らせ.pdf
   ✅ 保存: 2698_1530_キャンドゥ_2027年2月期 第1四半期決算短信[日本基準](連結).pdf
   ✅ 保存: 2735_1530_ワッツ_2026年8月期 第3四半期決算短信〔日本基準〕(連結).pdf
   ✅ 保存: 2735_1530_ワッツ_連結子会社の異動(持分譲渡)に関するお知らせ.pdf
   ✅ 保存: 2735_1530_ワッツ_株主優待制度の再開に関するお知らせ.pdf
   ✅ 保存: 278A_1530_G-テラドローン_第18回新株予約権(行使価額修正条項付)の大量行使に関するお知らせ.pdf
   ✅ 保存: 2791_1530_大黒天_2026年5月期 決算短信〔日本基準〕(連結).pdf
   ✅ 保存: 2791_1530_大黒天_剰余金の配当(増配)に関するお知らせ.pdf
   ✅ 保存: 2809_1530_キユーピー_2026年11月期 第2四半期(中間期)決算短信〔日本基準〕(連結).pdf
   ✅ 保存: 2809_1530_キユーピー_2026年11月期 第2四半期(中間期)決算補足説明資料.pdf
   ✅ 保存: 2809_1530_キユーピー_2026年11月期 上期(中間期)決算説明資料.pdf
   ✅ 保存: 3070_1530_G-ジェリービーンズ_株主優待制度の変更(拡充)及び新制度の導入に関するお知らせ.pdf
   ✅ 保存: 3070_1530_G-ジェリービーンズ_株主優待制度の変更(拡充)及び新制度の導入に関するお知らせ 補足資料.pdf
   ✅ 保存: 3070_1530_G-ジェリービーンズ_調査委員会設置に関するお知らせ.pdf
   ✅ 保存: 3093_1530_トレファク_2027年2月期 第1四半期決算短信〔日本基準〕(連結).pdf
   ✅ 保存: 3093_1530_トレファク_2027年2月期 第1四半期決算説明資料.pdf
   ✅ 保存: 3093_1530_トレファク_業績予想及び配当予想の修正に関するお知らせ.pdf
   ✅ 保存: 3097_1530_物語コーポ_2026年6月期 6月度 月次売上高前期比(速報値)及び店舗数のお知らせ.pdf
   ✅ 保存: 3382_1530_7&iHD_2027年2月期 第1四半期決算短信〔日本基準〕(連結).pdf
   ✅ 保存: 3382_1530_7&iHD_2027年2月期 第1四半期決算補足資料.pdf
   ✅ 保存: 3382_1530_7&iHD_2027年2月期 第1四半期決算説明資料.pdf
   ✅ 保存: 3382_1530_7&iHD_連結業績予想の修正に関するお知らせ.pdf
   ✅ 保存: 3382_1530_7&iHD_自己株式の消却に関するお知らせ.pdf
   ✅ 保存: 3608_1530_TSI HD_(開示事項の経過)東洋エンタープライズ株式会社及び株式会社レイラニトレーディングの 株式取得(子会社化)に関する株式譲渡契約締結のお知らせ.pdf
   ✅ 保存: 3672_1530_オルトプラス_持株会社体制への移行の検討開始、資本金及び資本準備金の額の減少の予定に関するお知らせ.pdf
   ✅ 保存: 3679_1530_じげん_業績目標連動型募集新株予約権(有償ストック・オプション)の発行内容確定に関するお知らせ.pdf
   ✅ 保存: 3824_1530_Q-メディア5_2026年5月期決算短信〔日本基準〕(非連結).pdf
   ✅ 保存: 3824_1530_Q-メディア5_営業外収益及び営業外費用の計上に関するお知らせ.pdf
   ✅ 保存: 3824_1530_Q-メディア5_業績予想値と実績値との差異に関するお知らせ.pdf
   ✅ 保存: 3824_1530_Q-メディア5_配当予想の修正(増配)に関するお知らせ.pdf
   ✅ 保存: 4088_1530_エア・ウォーター_譲渡制限付株式報酬としての自己株式の処分に関するお知らせ.pdf
   ✅ 保存: 4187_1530_大有機化_2026年11月期 第2四半期(中間期)決算短信〔日本基準〕(連結).pdf
   ✅ 保存: 4187_1530_大有機化_2026年11月期 第2四半期 決算補足説明資料.pdf
   ✅ 保存: 4441_1530_トビラシステムズ_2026年10月期第2四半期決算に関する質疑応答集(2).pdf
   ✅ 保存: 4728_1530_トーセ_2026年8月期 第3四半期決算短信〔日本基準〕(連結).pdf
   ✅ 保存: 4728_1530_トーセ_2026年8月期 第3四半期決算説明資料(解説付).pdf
   ✅ 保存: 4743_1530_アイティフォー_(開示事項の経過)合弁会社設立契約締結に関するお知らせ.pdf
   ✅ 保存: 4763_1530_C&R社_2027年2月期 第1四半期決算短信〔日本基準〕(連結).pdf
   ✅ 保存: 4763_1530_C&R社_業績予想及び配当予想の修正(増配)に関するお知らせ.pdf
   ✅ 保存: 4825_1530_WNIウェザー_中期Vision 2026.pdf
   ✅ 保存: 4825_1530_WNIウェザー_2026年5月期 決算短信〔日本基準〕(連結).pdf
   ✅ 保存: 4825_1530_WNIウェザー_2026年5月期 決算説明資料.pdf
   ✅ 保存: 4840_1530_トライアイズ_(開示事項の経過)上告受理申立に関するお知らせ.pdf
   ✅ 保存: 4880_1530_セルソース_2026年10月期6月度月次KPI速報.pdf
   ✅ 保存: 4951_1530_エステー_公開買付けへの応募結果及び特別利益の計上に関するお知らせ.pdf
   ✅ 保存: 5932_1530_三協立山_2026年5月期 決算短信〔日本基準〕(連結).pdf
   ✅ 保存: 5932_1530_三協立山_2026年5月期 決算説明資料.pdf
   ✅ 保存: 5932_1530_三協立山_代表取締役および役員の異動に関するお知らせ.pdf
   ✅ 保存: 6037_1530_楽待_自己株式の取得状況及び取得終了に関するお知らせ.pdf
   ✅ 保存: 6040_1530_G-日本スキー_2026年7月期日本スキー場開発(株)月次速報開示.pdf
   ✅ 保存: 6227_1530_AIメカテック_大手半導体関連メーカーより大口受注のお知らせ.pdf
   ✅ 保存: 6294_1530_オカダアイヨン_譲渡制限付株式報酬としての自己株式の処分に関するお知らせ.pdf
   ✅ 保存: 6323_1530_ローツェ_2027年2月期 第1四半期決算短信【日本基準】(連結).pdf
   ✅ 保存: 6323_1530_ローツェ_2027年2月期(第42期)第1四半期 決算説明資料.pdf
   ✅ 保存: 6357_1530_三精テクノロジーズ_譲渡制限付株式(報酬)としての自己株式の処分に関するお知らせ.pdf
   ✅ 保存: 6465_1530_ホシザキ_第三者割当による自己株式の処分に係る払込完了に関するお知らせ.pdf
   ✅ 保存: 6539_1530_MS-Japan_譲渡制限付株式報酬としての自己株式の処分に関するお知らせ.pdf
   ✅ 保存: 6740_1530_JDI_香港子会社の解散及び清算のお知らせ.pdf
   ✅ 保存: 6850_1530_チノー_譲渡制限付株式報酬としての自己株式の処分に関するお知らせ.pdf
   ...Page 002 を確認中
   ✅ 保存: 7157_1530_ライフネット生命_2026年6月の業績速報.pdf
   ✅ 保存: 7280_1530_ミツバ_株式会社両毛システムズ株式(証券コード_9691)に対する公開買付けの結果に関するお知らせ.pdf
   ✅ 保存: 7283_1530_愛三工_譲渡制限付株式報酬としての自己株式の処分の払込完了に関するお知らせ.pdf
   ✅ 保存: 8016_1530_オンワードHD_2027年2月期 第1四半期決算短信〔日本基準〕(連結).pdf
   ✅ 保存: 8016_1530_オンワードHD_2027年2月期(2026年度)第1四半期 決算説明資料.pdf
   ✅ 保存: 8103_1530_明和産_自己株式の取得状況に関するお知らせ.pdf
   ✅ 保存: 8570_1530_イオンFS_2027年2月期 第1四半期決算短信〔日本基準〕(連結).pdf
   ✅ 保存: 8918_1530_ランド_2027年2月期 第1四半期決算短信〔日本基準〕(連結).pdf
   ✅ 保存: 9206_1530_SFJ_公益財団法人財務会計基準機構への加入状況及び加入に関する考え方等に関するお知らせ.pdf
   ✅ 保存: 9414_1530_日本BS放送_2026年8月期第3四半期決算短信〔日本基準〕(連結).pdf
   ✅ 保存: 9502_1530_中部電力_株式会社両毛システムズ株式(証券コード_9691)に対する公開買付けの結果に関するお知らせ.pdf
   ✅ 保存: 9560_1530_G-プログリット_2026年8月期第3四半期 決算説明資料.pdf
   ✅ 保存: 9560_1530_G-プログリット_連結決算開始に伴う連結業績予想に関するお知らせ.pdf
   ✅ 保存: 9560_1530_G-プログリット_2026年8月期第3四半期決算短信〔日本基準〕(連結).pdf
   ✅ 保存: 9691_1530_両毛システム_支配株主である株式会社ミツバ及び中部電力株式会社による当社株式に対する公開買付けの結果並びに主要株主の異動に関するお知らせ.pdf
   ✅ 保存: 9716_1530_乃村工芸_2027年2月期 第1四半期決算短信〔日本基準〕(連結).pdf
   ✅ 保存: 9716_1530_乃村工芸_2027年2月期 第1四半期決算説明資料.pdf
   ✅ 保存: 9903_1530_カンセキ_2027年2月期第1四半期決算短信〔日本基準〕(非連結).pdf
   ✅ 保存: 1925_1500_大和ハウス_事後交付型譲渡制限付株式報酬及び業績連動型譲渡制限付株式報酬としての新株式の発行に関するお知らせ.pdf
   ✅ 保存: 4825_1500_WNIウェザー_「株式付与ESOP信託」の導入に関するお知らせ.pdf
   ✅ 保存: 4825_1500_WNIウェザー_従業員向けインセンティブプランとしての自己株処分に関するお知らせ.pdf
   ✅ 保存: 5714_1500_DOWA_譲渡制限付株式報酬としての自己株式の処分に関するお知らせ.pdf
   ✅ 保存: 7898_1500_ウッドワン_ストック・オプション(新株予約権)の発行に関するお知らせ.pdf
   ✅ 保存: 7979_1500_松風_投資有価証券売却益(特別利益)の計上見込みに関するお知らせ.pdf
   ✅ 保存: 8118_1500_キング_譲渡制限付株式報酬としての自己株式の処分のお知らせ.pdf
   ✅ 保存: 8203_1500_MrMaxHD_2027年2月期 第1四半期決算短信〔日本基準〕(連結).pdf
   ✅ 保存: 8203_1500_MrMaxHD_2027年2月期 第1四半期 四半期決算ハイライト.pdf
   ✅ 保存: 8203_1500_MrMaxHD_2027年2月期 第1四半期 決算参考資料.pdf
   ✅ 保存: 8278_1500_フジ_2027年2月期 第1四半期決算短信〔日本基準〕(連結).pdf
   ✅ 保存: 8278_1500_フジ_2027年2月期 第1四半期決算補足資料.pdf
   ✅ 保存: 4838_1430_SSSK HD_自己株式の取得状況に関するお知らせ.pdf
   ✅ 保存: 7063_1430_G-Birdman_株式会社グローバルクラウドエステートとの業務提携契約締結に関するお知らせ.pdf
   ✅ 保存: 1948_1400_弘電社_(訂正)「株式会社きんでんによる当社株式に対する公開買付けの結果並びに主要株主及びその他の関係会社の異動に関するお知らせ」の一部訂正について.pdf
   ✅ 保存: 2303_1400_ドーン_2026年5月期決算短信〔日本基準〕(非連結).pdf
   ✅ 保存: 2303_1400_ドーン_2026年5月期決算説明・中期経営計画進捗説明資料.pdf
   ✅ 保存: 4995_1400_サンケイ化_2026年11月期 第2四半期(中間期)決算短信〔日本基準〕(連結).pdf
   ✅ 保存: 7525_1400_リックス_譲渡制限付株式報酬としての自己株式の処分に関するお知らせ.pdf
   ✅ 保存: 7628_1300_オーハシテクニカ_譲渡制限付株式報酬としての自己株式の処分に関するお知らせ.pdf
   ✅ 保存: 3245_1230_ディア・ライフ_収益不動産(西葛西)の取得に関するお知らせ.pdf
   ✅ 保存: 3245_1230_ディア・ライフ_収益不動産(新江古田)の取得に関するお知らせ.pdf
   ✅ 保存: 587A_1230_E-インベスコQQQ_インベスコQQQトラスト シリーズ1 に関する日々の開示事項.pdf
   ✅ 保存: 1326_1215_E-ワールド_SPDRゴールド・シェアに関する日々の開示事項.pdf
   ✅ 保存: 2750_1200_石光商事_2026年6月度 月次売上高(速報)に関するお知らせ.pdf
   ✅ 保存: 3271_1200_グロバル社_株式併合並びに単元株式数の定めの廃止及び定款の一部変更に係る承認決議に関するお知らせ.pdf
   ✅ 保存: 4966_1200_上村工業_譲渡制限付株式報酬としての自己株式の処分に関するお知らせ.pdf
   ✅ 保存: 6555_1200_MSコンサル_譲渡制限付株式報酬としての自己株式の処分の払込完了に関するお知らせ.pdf
   ✅ 保存: 7128_1200_ユニソルHD_新中期経営計画「UNISOL2」の策定について.pdf
   ✅ 保存: 7128_1200_ユニソルHD_新中期経営計画「UNISOL2」.pdf
   ✅ 保存: 7128_1200_ユニソルHD_配当予想の修正(記念配当による増配)に関するお知らせ.pdf
   ✅ 保存: 4680_1130_ラウンドワン_第47期(2027年3月期)6月の売上の状況に関するお知らせ(速報).pdf
   ✅ 保存: 5288_1130_アジアパイルHD_(開示事項の経過)連結子会社による持分法適用関連会社の異動(連結子会社化)完了に関するお知らせ.pdf
   ✅ 保存: 4597_1100_G-ソレイジア_当社開発品 SP-05(アルホリチキソリン硫酸塩)第Ib_II相臨床試験に関する最新情報.pdf
   ✅ 保存: 7506_1030_ハウスローゼ_(訂正)「2027年3月期6月度売上高に関するお知らせ(単体)」の一部訂正について.pdf
   ✅ 保存: 3948_1000_光ビジネス_2026年12月期第2四半期累計期間業績予想及び通期業績予想の修正に関するお知らせ.pdf
   ✅ 保存: 6407_0930_CKD_当社連結子会社元従業員の逮捕に関するお知らせ.pdf
   ✅ 保存: 594A_0800_P-PROHD_東京証券取引所TOKYO PRO Marketへの上場のお知らせ.pdf
   ✅ 保存: 594A_0800_P-PROHD_東京証券取引所 TOKYO PRO Market 上場に伴う当社決算情報等のお知らせ.pdf
   ✅ 保存: 594A_0800_P-PROHD_流動性プロバイダー指定のお知らせ.pdf
   ✅ 保存: 594A_0800_P-PROHD_TOKYO PRO Market 上場目的の開示に関するお知らせ.pdf
   ...Page 003 を確認中
   📝 一覧CSV保存: TDnet_Sorted_20260709.csv
   📝 一覧CSV保存（ルート）: TDnet_Sorted_20260709.csv
   📊 日別統計: page_access=3, pdf_success=159, excluded=8

============================================================
✅ ①完了（範囲取得）
   期間: 20260709 ～ 20260709 （mode=day）
   一覧ページアクセス合計: 3
   PDFダウンロード成功合計: 159
   除外件数合計: 8
   保存ルート: G:\マイドライブ\TDnet_Downloads

$ C:\Users\onok\AppData\Local\Python\pythoncore-3.14-64\python.exe -u ②a②bは２つフリーワード検索.py analyze --target 20260709 --save-root G:\マイドライブ\TDnet_Downloads --keywords 価格交渉 増産 価格改定 価格転嫁 値上 想定以上 上方修正 下方修正 想定以下 未達 大幅 計画を上 計画を下 計画以 需要回復 需要の回復 需要が増 需要が低 悪化 グローバルニッチトップ トップシェア シェア拡大 レアアース
ルート: G:\マイドライブ\TDnet_Downloads
対象指定: 20260709 mode= day from= 20260709 to= 20260709
対象フォルダ数: 1
検索キーワード: ['価格交渉', '増産', '価格改定', '価格転嫁', '値上', '想定以上', '上方修正', '下方修正', '想定以下', '未達', '大幅', '計画を上', '計画を下', '計画以', '需要回復', '需要の回復', '需要が増', '需要が低', '悪化', 'グローバルニッチトップ', 'トップシェア', 'シェア拡大', 'レアアース']
総PDF数（推定）: 159
[1/1] 日付フォルダ 20260709 を処理中... (このフォルダ内PDF数: 159)
  進捗: 50/159 件のPDFを解析済み
  進捗: 100/159 件のPDFを解析済み
  進捗: 150/159 件のPDFを解析済み
  進捗: 159/159 件のPDFを解析済み
  → 日付フォルダ 20260709 のヒットPDF数: 38

✅ ②A 完了（解析専用・キーワード別ページ列）
解析PDF数: 159
ヒットPDF数: 38
出力CSV: Analysis_Hits_free_word_20260709.csv
保存先: G:\マイドライブ\TDnet_Downloads

$ C:\Users\onok\AppData\Local\Python\pythoncore-3.14-64\python.exe -u ②a②bは２つフリーワード検索.py distribute --target 20260709 --save-root G:\マイドライブ\TDnet_Downloads --no-stop-on-empty-meta

✅ ②B 完了（配布用CSV作成・キーワード別ページ列）
出力: PDF_Search_Result_Distribution_free_word_20260709_sh.csv
キーワード列: ['価格交渉', '増産', '価格改定', '価格転嫁', '値上', '想定以上', '上方修正', '下方修正', '想定以下', '未達', '大幅', '計画を上', '計画を下', '計画以', '需要回復', '需要の回復', '需要が増', '需要が低', '悪化', 'グローバルニッチトップ', 'トップシェア', 'シェア拡大', 'レアアース']
突合除外件数: 0
空欄アラート件数: 0

============================================
 Done: 2026-07-09 23:03:36
============================================
