============================================
 TDnet auto run: 20260603
 Start: 2026-06-03 23:00:01
============================================

$ C:\Users\onok\AppData\Local\Python\pythoncore-3.14-64\python.exe -u ①_tdnetアクセスしてダウンロードする処理（月日付別フォルダ保存）.py --target 20260603 --save-root G:\マイドライブ\TDnet_Downloads
🎯 対象指定: 20260603（mode=day, from=20260603, to=20260603）
📁 保存ルート: G:\マイドライブ\TDnet_Downloads

============================================================
📅 日付: 20260603 を処理します
   ...Page 001 を確認中
   ✅ 保存: 2502_1815_アサヒ_連結子会社の決算情報に関するお知らせ.pdf
   ✅ 保存: 8105_1705_BitcoinJPN_第三者割当により発行された行使価額修正条項付第1回新株予約権の大量行使に関するお知らせ.pdf
   ✅ 保存: 8105_1705_BitcoinJPN_(訂正)「第三者割当により発行された行使価額修正条項付第1回新株予約権の大量行使及び月間行使状況に関するお知らせ」の一部訂正について.pdf
   ✅ 保存: 2763_1700_エフティグループ_当社株式の上場廃止の決定及び整理銘柄への指定に関するお知らせ.pdf
   ✅ 保存: 3810_1700_サイバーステップHD_主要株主の異動に関するお知らせ.pdf
   ✅ 保存: 5133_1700_テリロジーHD_2026年3月期 決算説明会資料.pdf
   ✅ 保存: 5254_1700_G-Arent_自己株式の取得状況に関するお知らせ (会社法第459条第1項の規定による定款の定めに基づく自己株式の取得).pdf
   ✅ 保存: 5915_1700_駒井ハルテック_2026年3月期 決算説明資料.pdf
   ✅ 保存: 6081_1700_G-アライドアーキ_第三者割当により発行された行使価額修正条項付第22回新株予約権の月間行使状況に関するお知らせ.pdf
   ✅ 保存: 8254_1700_さいか屋_第三者割当により発行された第1回新株予約権(行使価額修正条項付)の大量行使に関するお知らせ.pdf
   ✅ 保存: 7046_1645_G-TDSE_2026年3月期決算および 新中期経営計画「SHIFT2028」 説明会資料.pdf
   ✅ 保存: 7046_1645_G-TDSE_新中期経営計画 SHIFT2028 エッセンス版.pdf
   ✅ 保存: 1914_1630_日基礎_中期経営計画(2026年度~2028年度)の策定に関するお知らせ.pdf
   ✅ 保存: 1914_1630_日基礎_資本コストや株価を意識した経営の実現に向けた対応について(アップデート).pdf
   ✅ 保存: 3226_1630_R-三井不アコモ_資金の借入れに関するお知らせ.pdf
   ✅ 保存: 9439_1630_MHグループ_(訂正)「第三者割当による新株式発行及び第2回新株予約権の発行並びに主要株主及びその他の関係会社の異動(見込み)に関するお知らせ」の一部訂正について.pdf
   ✅ 保存: 2334_1615_G-イオレ_第三者割当による第14回新株予約権(行使価額修正条項付)の行使完了及び月間行使状況に関するお知らせ.pdf
   ✅ 保存: 3471_1610_R-三井不ロジパーク_資金の借入れ及び返済に関するお知らせ.pdf
   ✅ 保存: 1518_1600_三井松島HD_自己株式の取得状況および取得終了に関するお知らせ.pdf
   ✅ 保存: 1721_1600_コムシスHD_自己株式の取得状況に関するお知らせ.pdf
   ✅ 保存: 191A_1600_P-ミモザ_TOKYO PRO Marketにおける当社株式の上場廃止申請及び定款一部変更に関するお知らせ.pdf
   ✅ 保存: 2170_1600_LINK&M_公開買付に準ずる行為として政令で定める買集め行為に関するお知らせ.pdf
   ✅ 保存: 3667_1600_enish_Solanaを活用した「アクティブ・トレジャリー事業」に関するお知らせ.pdf
   ✅ 保存: 3787_1600_テクノマセマ_当社株式の上場廃止の決定および整理銘柄の指定に関するお知らせ.pdf
   ✅ 保存: 3933_1600_チエル_特別調査委員会設置及び第29期定時株主総会の継続会の開催方針に関するお知らせ.pdf
   ✅ 保存: 3933_1600_チエル_剰余金の配当に関するお知らせ.pdf
   ✅ 保存: 3936_1600_G-グローバルウェイ_(経過開示)当社子会社による孫会社設立完了に関するお知らせ.pdf
   ✅ 保存: 3936_1600_G-グローバルウェイ_(経過開示)特定子会社(孫会社)の異動に関するお知らせ(増資払込完了).pdf
   ✅ 保存: 3958_1600_笹徳印刷_自己株式の取得状況に関するお知らせ.pdf
   ✅ 保存: 6036_1600_KeePer技研_キーパーラボ運営事業とキーパー製品等関連事業の月次速報(5月).pdf
   ✅ 保存: 6088_1600_シグマクシスHD_自己株式の取得状況に関するお知らせ.pdf
   ✅ 保存: 6174_1600_P-デンタス_第三者割当による新株式発行の募集事項の決定を取締役会に委任する件に関するお知らせ.pdf
   ✅ 保存: 6576_1600_P-揚工舎_定款の一部変更に関するお知らせ.pdf
   ✅ 保存: 6875_1600_メガチップス_自己株式の取得状況に関するお知らせ.pdf
   ✅ 保存: 7562_1600_安楽亭_2026年3月期の直営店舗の月次売上高等にかかる前年対比率について.pdf
   ✅ 保存: 7600_1600_MDM_上場維持基準(流通株式時価総額)への適合に向けた計画(改善期間入り、市場区分の変更の検討・申請を含む)について.pdf
   ✅ 保存: 7822_1600_永大産業_連結子会社の財務上の特約が付された金銭消費貸借契約に対する財務上の特約の内容の変更に関するお知らせ.pdf
   ✅ 保存: 7917_1600_ZACROS_自己株式の取得状況に関するお知らせ.pdf
   ✅ 保存: 8173_1600_Joshin_(訂正)「社外取締役候補者の選定に関するお知らせ」の一部訂正について.pdf
   ✅ 保存: 9425_1600_ReYuuJapan_第三者割当による第2回新株予約権の取得及び消却の完了に関するお知らせ.pdf
   ✅ 保存: 9628_1600_燦HD_自己株式の取得状況に関するお知らせ.pdf
   ✅ 保存: 7112_1545_G-キューブ_[2026年12月期]2026年5月度 直営店月次売上速報.pdf
   ✅ 保存: 8746_1540_unbanked_「臨時株主総会」付議議案の一部撤回について.pdf
   ✅ 保存: 7177_1531_GMOFHD_2026年5月の月次開示情報(速報)に関するお知らせ.pdf
   ✅ 保存: 9449_1531_GMO_自己株式の取得状況に関するお知らせ.pdf
   ✅ 保存: 1414_1530_ショーボンド_自己株式の取得状況に関するお知らせ.pdf
   ✅ 保存: 1893_1530_五洋建_自己株式の取得状況に関するお知らせ.pdf
   ✅ 保存: 2267_1530_ヤクルト_自己株式の取得状況に関するお知らせ.pdf
   ✅ 保存: 2337_1530_いちご_いちご太陽光および風力発電所 月次発電実績(2026年5月)のお知らせ.pdf
   ✅ 保存: 2432_1530_ディーエヌエー_自己株式取得状況に関するお知らせ(2026年5月度).pdf
   ✅ 保存: 2503_1530_キリンHD_自己株式の取得状況に関するお知らせ.pdf
   ✅ 保存: 2678_1530_アスクル_代表取締役の異動および取締役候補者の選任に関するお知らせ.pdf
   ✅ 保存: 2705_1530_大戸屋HD_2026年5月度の月次売上高等に係る昨年対比増減率について.pdf
   ✅ 保存: 3082_1530_きちりHD_自己株式取得状況に関するお知らせ.pdf
   ✅ 保存: 3082_1530_きちりHD_2026年5月度 月次売上高等前年同月比についてのお知らせ.pdf
   ✅ 保存: 3091_1530_ブロンコB_当社創業者一族 竹市家保有株式の従業員に対する贈与に関するお知らせ.pdf
   ✅ 保存: 3612_1530_ワールド_国内小売事業 2027年2月期 月次売上概況(5月度).pdf
   ✅ 保存: 3815_1530_G-メディア_コスト削減等の施策の実施及びこれに伴う特別損失の計上並びに通期業績予想の修正に関するお知らせ.pdf
   ✅ 保存: 3962_1530_チェンジHD_自己株式の取得状況に関するお知らせ.pdf
   ✅ 保存: 4027_1530_テイカ_自己株式の取得状況に関するお知らせ.pdf
   ✅ 保存: 4417_1530_G-グローバルセキュ_自己株式の取得状況及び取得終了に関するお知らせ.pdf
   ✅ 保存: 4428_1530_G-シノプス_自己株式の取得状況に関するお知らせ.pdf
   ✅ 保存: 4547_1530_キッセイ薬_自己株式の取得状況に関するお知らせ.pdf
   ✅ 保存: 4588_1530_G-オンコリスバイオ_腫瘍溶解ウイルスOBP-301の新たな適応での治験届提出に関するお知らせ.pdf
   ✅ 保存: 485A_1530_G-パワーエックス_東京証券取引所プライム市場への市場区分変更申請に向けた準備に関するお知らせ.pdf
   ✅ 保存: 5027_1530_G-AnyMind_自己株式の取得状況に関するお知らせ.pdf
   ✅ 保存: 523A_1530_G-セイワHD_当社連結子会社による三鷹金属工業株式会社の金属表面処理(めっき)事業の譲受に関するお知らせ.pdf
   ✅ 保存: 5304_1530_SECカーボン_自己株式の取得状況に関するお知らせ.pdf
   ✅ 保存: 554A_1530_G-バトンズ_定款一部変更に関するお知らせ.pdf
   ✅ 保存: 5658_1530_日亜鋼_自己株式の取得状況に関するお知らせ.pdf
   ✅ 保存: 5844_1530_京都FG_自己株式の取得状況に関するお知らせ.pdf
   ✅ 保存: 6381_1530_アネスト岩田_自己株式の取得状況に関するお知らせ.pdf
   ✅ 保存: 6405_1530_鈴茂器工_(訂正)「定款一部変更に関するお知らせ」の一部訂正について.pdf
   ✅ 保存: 6538_1530_ディスラプターズ_連結子会社からの配当金受領に関するお知らせ.pdf
   ✅ 保存: 6538_1530_ディスラプターズ_支配株主等に関する事項について.pdf
   ✅ 保存: 6866_1530_日置電_自己株式の取得状況及び取得終了に関するお知らせ.pdf
   ✅ 保存: 6890_1530_フェローテック_2028年満期ユーロ円建転換社債型新株予約権付社債の月間行使状況に関するお知らせ.pdf
   ✅ 保存: 6960_1530_フクダ電子_再発防止策(詳細版)の策定に関するお知らせ.pdf
   ✅ 保存: 7047_1530_G-ポート_就活会議社が運営する「就活会議」とIndeed社が運営する「リクナビ」の連携開始に関するお知らせ.pdf
   ✅ 保存: 7554_1530_幸楽苑_2027年3月期5月度売上推移速報に関するお知らせ.pdf
   ✅ 保存: 7751_1530_キヤノン_自己株式の取得状況に関するお知らせ.pdf
   ✅ 保存: 7867_1530_タカラトミー_自己株式の取得状況に関するお知らせ.pdf
   ✅ 保存: 8015_1530_豊田通商_自己株式の公開買付けの結果及び自己株式の取得終了、主要株主の異動並びに自己株式の消却に関するお知らせ.pdf
   ✅ 保存: 8016_1530_オンワードHD_2026年5月度月次売上概況.pdf
   ✅ 保存: 8057_1530_内田洋行_2026年7月期 第3四半期決算短信〔日本基準〕(連結).pdf
   ✅ 保存: 8057_1530_内田洋行_業績予想の修正および配当予想の修正に関するお知らせ.pdf
   ✅ 保存: 8359_1530_八十二長野銀行_自己株式の取得状況に関するお知らせ.pdf
   ✅ 保存: 8591_1530_オリックス_自己株式の取得状況に関するお知らせ.pdf
   ✅ 保存: 8955_1530_R-Jプライム_資金の借入れ(グリーンローン)に関するお知らせ.pdf
   ✅ 保存: 9067_1530_丸運_当社株式の上場廃止に関するお知らせ.pdf
   ✅ 保存: 9202_1530_ANA_自己株式の取得状況に関するお知らせ.pdf
   ✅ 保存: 9235_1530_G-売れるネットG_(変更・経過開示)コールセンターおよびBPO事業会社「株式会社Step y’s」株式取得(子会社化)に関する基本合意書締結のお知らせ.pdf
   ✅ 保存: 9251_1530_G-AB&C_国内店舗月次営業速報(2026年5月)のお知らせ.pdf
   ✅ 保存: 9279_1530_ギフトHD_2026年10月期5月度 直営店売上速報についてのお知らせ.pdf
   ✅ 保存: 9282_1530_I-いちごグリーン_太陽光発電所月次発電実績(2026年5月)のお知らせ.pdf
   ✅ 保存: 9466_1530_アイドマMC_剰余金の配当に関するお知らせ.pdf
   ✅ 保存: 9466_1530_アイドマMC_支配株主等に関する事項について.pdf
   ✅ 保存: 9533_1530_東邦瓦斯_自己株式の取得状況に関するお知らせ.pdf
   ✅ 保存: 9698_1530_クレオ_自己株式取得の取得状況に関するお知らせ(会社法第459条第1項の規定による定款の定めに基づく自己株式の取得).pdf
   ✅ 保存: 9837_1530_モリト_自己株式の取得状況に関するお知らせ.pdf
   ...Page 002 を確認中
   ✅ 保存: 9842_1530_アークランズ_売上高前年同月比推移に関するお知らせ.pdf
   ✅ 保存: 9980_1530_MRK HLD_自己株式の取得状況に関するお知らせ.pdf
   ✅ 保存: 1959_1500_クラフティア_投資単位の引下げに関する考え方及び方針等について.pdf
   ✅ 保存: 342A_1500_F-光貴_剰余金の配当(期末配当)に関するお知らせ.pdf
   ✅ 保存: 342A_1500_F-光貴_取締役の選任に関するお知らせ.pdf
   ✅ 保存: 342A_1500_F-光貴_(訂正)2026年3月期決算短信〔日本基準〕(非連結)の一部訂正に関するお知らせ.pdf
   ✅ 保存: 3908_1500_コラボス_2026年3月期 通期 決算補足説明資料.pdf
   ✅ 保存: 7611_1500_ハイデ日高_2027年2月期5月度売上高速報についてのお知らせ.pdf
   ✅ 保存: 9324_1500_安田倉_自己株式の取得状況(途中経過)に関するお知らせ.pdf
   ✅ 保存: 4026_1430_神島化学工業_通期業績予想の修正に関するお知らせ.pdf
   ✅ 保存: 7062_1430_G-フレアス_(訂正)「取締役候補者及び監査等委員である取締役候補者選任に関するお知らせ」の一部訂正について.pdf
   ✅ 保存: 4826_1400_CIJ_業績予想及び配当予想の修正に関するお知らせ.pdf
   ✅ 保存: 6326_1400_クボタ_自己株式の取得状況に関するお知らせ.pdf
   ✅ 保存: 7716_1400_ナカニシ_株式報酬型ストックオプション(新株予約権)の発行内容の確定に関するお知らせ.pdf
   ✅ 保存: 9220_1400_エフビー介護サービス_2026年3月期 決算説明資料.pdf
   ✅ 保存: 1871_1300_ピーエス_(訂正)「2026年3月期決算説明会資料」の一部訂正について.pdf
   ✅ 保存: 3083_1300_スターシーズ_2027年2月期第2四半期(中間期)業績予想の修正(上方修正)に関するお知らせ.pdf
   ✅ 保存: 3333_1300_あさひ_2026年5月度 月次営業速報に関するお知らせ.pdf
   ✅ 保存: 7434_1300_オータケ_特別調査委員会の委員変更に関するお知らせ.pdf
   ✅ 保存: 8166_1300_タカキュー_月次売上高前年比情報(速報)のお知らせ.pdf
   ✅ 保存: 2892_1230_日食化_自己株式の取得状況に関するお知らせ.pdf
   ✅ 保存: 2970_1230_GLC GROUP_2026年12月期月次概況(5月度速報)のお知らせ.pdf
   ✅ 保存: 4591_1230_G-リボミック_軟骨無形成症治療薬(umedaptanib pegol)の国内第III相臨床試験におけるIRB(治験審査委員会)承認のお知らせ.pdf
   ✅ 保存: 7501_1230_ティムコ_(訂正)主要株主及び主要株主である筆頭株主の異動に関するお知らせ.pdf
   ✅ 保存: 386A_1210_みのや_2026年5月度 月次情報のお知らせ.pdf
   ✅ 保存: 1417_1200_ミライト・ワン_自己株式の取得状況に関するお知らせ.pdf
   ✅ 保存: 1783_1200_fantasista_油田ファンド(任意組合)への出資に関するお知らせ.pdf
   ✅ 保存: 4116_1200_大日精化_2026年3月期 決算説明会資料.pdf
   ✅ 保存: 4177_1200_G-i-plug_2026年5月度 主要KPI(速報)の推移に関するお知らせ.pdf
   ✅ 保存: 5248_1200_G-テクノロジーズ_株主優待制度の株主優待品の変更に関するお知らせ.pdf
   ✅ 保存: 1326_1150_E-ワールド_SPDRゴールド・シェアに関する日々の開示事項.pdf
   ✅ 保存: 3925_1130_ダブルスタンダード_(訂正・数値データ訂正)2026年3月期 決算短信[日本基準](連結)の一部訂正について.pdf
   ✅ 保存: 5022_1130_P-レボインター_(訂正)「定款の一部変更に関するお知らせ」の一部訂正について.pdf
   ✅ 保存: 6758_1130_ソニーグループ_自己株式の取得状況に関するお知らせ(会社法第459条第1項の規定による定款の定めに基づく自己株式の取得).pdf
   ✅ 保存: 8860_1130_フジ住宅_自己株式の取得状況に関するお知らせ.pdf
   ✅ 保存: 9744_1130_メイテックGHD_連結子会社からの配当金受領に関するお知らせ.pdf
   ✅ 保存: 4095_1115_日パーカライ_自己株式立会外買付取引(ToSTNeT-3)による自己株式の取得結果に関するお知らせ.pdf
   ✅ 保存: 2998_1100_G-クリアル_自己株式の取得状況および取得終了に関するお知らせ.pdf
   ✅ 保存: 9039_1100_サカイ引越_2026年5月度月次売上高(速報)に関するお知らせ.pdf
   ✅ 保存: 2734_1000_サーラ_自己株式の取得状況に関するお知らせ(経過報告).pdf
   ✅ 保存: 2998_1000_G-クリアル_自己株式の取得状況に関するお知らせ.pdf
   ✅ 保存: 352A_1000_G-LOIVE_2027年3月期 5月度店舗数についてのお知らせ.pdf
   ✅ 保存: 3941_1000_レンゴー_自己株式の取得状況に関するお知らせ.pdf
   ✅ 保存: 4401_1000_ADEKA_自己株式の取得状況及び取得終了に関するお知らせ.pdf
   ✅ 保存: 4463_1000_日華化学_(訂正)「社員持株会向け譲渡制限付株式インセンティブとしての自己株式の処分に関するお知らせ」 の一部訂正について.pdf
   ✅ 保存: 5463_1000_丸一鋼管_自己株式の取得状況に関するお知らせ.pdf
   ✅ 保存: 6334_0830_明治機_飼料プラント工事案件の受注に関するお知らせ.pdf
   ✅ 保存: 6768_0830_タムラ製_(訂正・数値データ訂正)「2026年3月期決算短信[日本基準](連結)」の一部訂正に関するお知らせ.pdf
   ...Page 003 を確認中
   📝 一覧CSV保存: TDnet_Sorted_20260603.csv
   📝 一覧CSV保存（ルート）: TDnet_Sorted_20260603.csv
   📊 日別統計: page_access=3, pdf_success=148, excluded=16

============================================================
✅ ①完了（範囲取得）
   期間: 20260603 ～ 20260603 （mode=day）
   一覧ページアクセス合計: 3
   PDFダウンロード成功合計: 148
   除外件数合計: 16
   保存ルート: G:\マイドライブ\TDnet_Downloads

$ C:\Users\onok\AppData\Local\Python\pythoncore-3.14-64\python.exe -u ②a②bは２つフリーワード検索.py analyze --target 20260603 --save-root G:\マイドライブ\TDnet_Downloads --keywords 価格交渉 増産 価格改定 価格転嫁 値上 想定以上 上方修正 下方修正 想定以下 未達 大幅 計画を上 計画を下 計画以 需要回復 需要の回復 需要が増 需要が低 悪化 グローバルニッチトップ トップシェア シェア拡大 レアアース
ルート: G:\マイドライブ\TDnet_Downloads
対象指定: 20260603 mode= day from= 20260603 to= 20260603
対象フォルダ数: 1
検索キーワード: ['価格交渉', '増産', '価格改定', '価格転嫁', '値上', '想定以上', '上方修正', '下方修正', '想定以下', '未達', '大幅', '計画を上', '計画を下', '計画以', '需要回復', '需要の回復', '需要が増', '需要が低', '悪化', 'グローバルニッチトップ', 'トップシェア', 'シェア拡大', 'レアアース']
総PDF数（推定）: 148
[1/1] 日付フォルダ 20260603 を処理中... (このフォルダ内PDF数: 148)
  進捗: 50/148 件のPDFを解析済み
  進捗: 100/148 件のPDFを解析済み
  進捗: 148/148 件のPDFを解析済み
  → 日付フォルダ 20260603 のヒットPDF数: 21

✅ ②A 完了（解析専用・キーワード別ページ列）
解析PDF数: 148
ヒットPDF数: 21
出力CSV: Analysis_Hits_free_word_20260603.csv
保存先: G:\マイドライブ\TDnet_Downloads

$ C:\Users\onok\AppData\Local\Python\pythoncore-3.14-64\python.exe -u ②a②bは２つフリーワード検索.py distribute --target 20260603 --save-root G:\マイドライブ\TDnet_Downloads --no-stop-on-empty-meta

✅ ②B 完了（配布用CSV作成・キーワード別ページ列）
出力: PDF_Search_Result_Distribution_free_word_20260603_sh.csv
キーワード列: ['価格交渉', '増産', '価格改定', '価格転嫁', '値上', '想定以上', '上方修正', '下方修正', '想定以下', '未達', '大幅', '計画を上', '計画を下', '計画以', '需要回復', '需要の回復', '需要が増', '需要が低', '悪化', 'グローバルニッチトップ', 'トップシェア', 'シェア拡大', 'レアアース']
突合除外件数: 0
空欄アラート件数: 0

============================================
 Done: 2026-06-03 23:02:56
============================================
