============================================
 TDnet auto run: 20260518
 Start: 2026-05-18 23:00:01
============================================

$ C:\Users\onok\AppData\Local\Python\pythoncore-3.14-64\python.exe -u ①_tdnetアクセスしてダウンロードする処理（月日付別フォルダ保存）.py --target 20260518 --save-root G:\マイドライブ\TDnet_Downloads
🎯 対象指定: 20260518（mode=day, from=20260518, to=20260518）
📁 保存ルート: G:\マイドライブ\TDnet_Downloads

============================================================
📅 日付: 20260518 を処理します
   ...Page 001 を確認中
   ✅ 保存: 6549_2000_ディーエムソリュ_剰余金の配当に関するお知らせ.pdf
   ✅ 保存: 3681_1930_ブイキューブ_臨時株主総会の招集及び付議議案等の決定に関するお知らせ.pdf
   ✅ 保存: 7776_1930_G-セルシード_第26回新株予約権(無償ストック・オプション)の発行内容確定に関するお知らせ.pdf
   ✅ 保存: 3104_1900_富士紡HD_(訂正)「2026 年3月期決算短信〔日本基準〕(連結)」の一部訂正について.pdf
   ✅ 保存: 368A_1855_北里コーポレーション_商号の変更及び定款の一部変更に関するお知らせ.pdf
   ✅ 保存: 4365_1830_松本油脂_役員の異動に関するお知らせ.pdf
   ✅ 保存: 4365_1830_松本油脂_当社株券等の大量買付行為への対応策(買収への対応策)の継続に関するお知らせ.pdf
   ✅ 保存: 3633_1801_GMOペパボ_株式会社SmartECの株式取得(子会社化)に関するお知らせ.pdf
   ✅ 保存: 3963_1800_シンクロ・フード_(訂正)「剰余金の配当に関するお知らせ」の一部訂正のお知らせ.pdf
   ✅ 保存: 3963_1800_シンクロ・フード_株主提案の撤回に関する書面の受領に関するお知らせ.pdf
   ✅ 保存: 4019_1800_G-スタメン_2026年12月期 第1四半期決算説明会動画および書き起こし公開のお知らせ.pdf
   ✅ 保存: 4591_1800_G-リボミック_2026年3月期決算説明会資料.pdf
   ✅ 保存: 6549_1800_ディーエムソリュ_定款一部変更に関するお知らせ.pdf
   ✅ 保存: 3681_1755_ブイキューブ_AVA3HD株式会社との間の最終契約締結についてのお知らせ.pdf
   ✅ 保存: 2335_1745_キューブシステム_当社取締役会の実効性評価に関する評価結果の概要について.pdf
   ✅ 保存: 6264_1730_マルマエ_発行価格、処分価格及び売出価格等の決定に関するお知らせ.pdf
   ✅ 保存: 6349_1730_小森_2026年3月期 決算説明会.pdf
   ✅ 保存: 9913_1730_日邦産業_配当予想の修正(特別配当)に関するお知らせ.pdf
   ✅ 保存: 9913_1730_日邦産業_2026年3月期決算短信〔日本基準〕(連結).pdf
   ✅ 保存: 262A_1720_インターメスティック_2026年12月期 第一四半期 決算補足資料.pdf
   ✅ 保存: 6993_1720_大黒屋_「2026年3月期通期決算説明資料」策定のお知らせ.pdf
   ✅ 保存: 2281_1700_プリマハム_業績連動型株式報酬制度の改定に関するお知らせ.pdf
   ✅ 保存: 2769_1700_ヴィレッジV_株式会社アントレックスとの業務提携契約締結に関するお知らせ.pdf
   ✅ 保存: 3462_1700_R-NMF_資金の借入れに関するお知らせ.pdf
   ✅ 保存: 3863_1700_日本紙_(訂正)中期経営計画 2030 骨子の公表についての一部訂正について.pdf
   ✅ 保存: 3863_1700_日本紙_(訂正)政策保有株式の縮減目標についてのお知らせの一部訂正について.pdf
   ✅ 保存: 3935_1700_エディア_連結子会社からの配当金受領に関するお知らせ.pdf
   ✅ 保存: 398A_1700_P-リアルクオリティ_連結子会社の吸収合併に伴う特別利益(抱合せ株式消滅差益)の計上および通期業績予想の修正に関するお知らせ.pdf
   ✅ 保存: 3996_1700_サインポスト_組織変更並びに執行役員の委嘱事項の変更及び人事異動に関するお知らせ.pdf
   ✅ 保存: 4893_1700_G-ノイルイミューン_Adaptimmune社との提携契約の終了のお知らせ.pdf
   ✅ 保存: 4896_1700_G-ケイファーマ_2026年12月期 第1四半期決算説明資料.pdf
   ✅ 保存: 5572_1700_G-リッジアイ_SKコラボレーション株式会社の株式の取得(子会社化)及び創研情報株式会社の孫会社化に関するお知らせ.pdf
   ✅ 保存: 5572_1700_G-リッジアイ_(開示事項の経過)連結子会社の異動(株式譲渡)に関する株式譲渡契約締結のお知らせ.pdf
   ✅ 保存: 6333_1700_TEIKOKU_株主提案に対する当社取締役会の意見に関するお知らせ.pdf
   ✅ 保存: 6943_1700_NKK_(訂正)「2026年3月期決算短信〔日本基準〕(連結)」の一部訂正について.pdf
   ✅ 保存: 6971_1700_京セラ_株主提案に対する当社取締役会意見に関するお知らせ.pdf
   ✅ 保存: 7084_1700_G-SmileHD_2026年3月期 通期決算説明資料.pdf
   ✅ 保存: 7414_1700_小野建_主要株主又は主要株主である筆頭株主の異動.pdf
   ✅ 保存: 7504_1700_高速_剰余金の配当に関するお知らせ.pdf
   ✅ 保存: 7504_1700_高速_定款の一部変更に関するお知らせ.pdf
   ✅ 保存: 7504_1700_高速_取締役の異動に関するお知らせ.pdf
   ✅ 保存: 7690_1700_P-カレント自動車_従業員に対する新株予約権(無償ストック・オプション)の発行に関するお知らせ.pdf
   ✅ 保存: 7690_1700_P-カレント自動車_既存新株予約権(無償ストック・オプション)の一部取得及び消却に関するお知らせ.pdf
   ✅ 保存: 8609_1700_岡三_剰余金の配当に関するお知らせ.pdf
   ✅ 保存: 8609_1700_岡三_岡三証券グループ企業理念の制定および定款一部変更に関するお知らせ.pdf
   ✅ 保存: 9244_1700_G-デジタリフト_統合BIツール「LIFT Engine」の提供開始に関するお知らせ.pdf
   ✅ 保存: 9244_1700_G-デジタリフト_募集新株予約権(無償ストック・オプション)のお知らせ.pdf
   ✅ 保存: 9503_1700_関西電力_姫路第一発電所における高効率コンバインドサイクル機への設備更新について.pdf
   ✅ 保存: 2901_1655_ウェルディッシュ_株主による臨時株主総会招集請求書受領に関するお知らせ.pdf
   ✅ 保存: 7721_1645_東京計器_投資単位の引下げに関する考え方及び方針等について.pdf
   ✅ 保存: 2917_1630_大森屋_自己株式の取得及び自己株式立会外買付取引(ToSTNeT-3)による自己株式の買付けに関するお知らせ.pdf
   ✅ 保存: 3097_1630_物語コーポ_子会社増資(特定子会社化)に関するお知らせ.pdf
   ✅ 保存: 3137_1630_ファンデリー_株式の立会外分売実施に関するお知らせ.pdf
   ✅ 保存: 3195_1630_G-ジェネパ_東京証券取引所スタンダード市場への市場区分変更承認に関するお知らせ.pdf
   ✅ 保存: 3694_1630_オプティム_(訂正)「2026年3月期決算短信補足説明資料」の一部訂正について.pdf
   ✅ 保存: 409A_1630_オリオンビール_自己株式立会外買付取引(ToSTNeT-3) による自己株式の買付けに関するお知らせ.pdf
   ✅ 保存: 6168_1630_P-ONEGROUP_「TOKYO PRO Market への上場目的の開示」に関するお知らせ.pdf
   ✅ 保存: 6177_1630_G-AppBank_第三者割当による第15回新株予約権の行使価額の修正決定に関するお知らせ.pdf
   ✅ 保存: 6360_1630_東自機_(訂正・数値データ訂正)「2026年3月期 決算短信〔日本基準〕(非連結)」の一部訂正のお知らせ.pdf
   ✅ 保存: 6645_1630_オムロン_当社子会社(オムロンヘルスケア株式会社)による株式会社松屋アールアンドディ株券等(証券コード_7317)に対する公開買付けの開始に関するお知らせ.pdf
   ✅ 保存: 7317_1630_G-松屋R&D_オムロンヘルスケア株式会社による当社株券等に対する公開買付けに関する 賛同の意見表明及び応募推奨のお知らせ.pdf
   ✅ 保存: 8966_1620_R-平和RE_新投資口発行及び投資口売出しに関するお知らせ.pdf
   ✅ 保存: 8966_1620_R-平和RE_「新投資口発行及び投資口売出しに関するお知らせ」等に関する補足資料.pdf
   ✅ 保存: 8966_1620_R-平和RE_2026年11月期(第50期)の運用状況の予想の修正及び2027年5月期(第51期)の運用状況の予想に関するお知らせ.pdf
   ✅ 保存: 8966_1620_R-平和RE_「2026年11月期(第50期)の運用状況の予想の修正及び2027年5月期(第51期)の運用状況の予想に関するお知らせ」等に関する補足説明資料.pdf
   ✅ 保存: 8966_1620_R-平和RE_国内資産の取得に関するお知らせ(HF上野稲荷町ビルディング、HF北十条ビルディング、HF千葉富士見ビルディング).pdf
   ✅ 保存: 8966_1620_R-平和RE_借入金の期限前返済に関するお知らせ.pdf
   ✅ 保存: 146A_1600_コロンビア・ワークス_2026年12月期第1四半期決算概要(補足テキスト).pdf
   ✅ 保存: 1723_1600_日本電技_役員人事について.pdf
   ✅ 保存: 1869_1600_名工建_代表取締役および役員等の異動に関するお知らせ.pdf
   ✅ 保存: 1869_1600_名工建_剰余金の配当に関するお知らせ.pdf
   ✅ 保存: 206A_1600_G-PRISMBio_2026年9月期中間会計期間 決算説明資料.pdf
   ✅ 保存: 2883_1600_大冷_代表取締役の異動に関するお知らせ.pdf
   ✅ 保存: 2883_1600_大冷_剰余金の配当に関するお知らせ.pdf
   ✅ 保存: 3121_1600_マーチャント_自己株式取得に係る事項の一部変更(増額)に関するお知らせ (会社法第165 条第2 項の規定による定款の定めに基づく自己株式の取得).pdf
   ✅ 保存: 3422_1600_J-MAX_定款の一部変更に関するお知らせ.pdf
   ✅ 保存: 3635_1600_コーエーテクモ_剰余金の配当に関するお知らせ.pdf
   ✅ 保存: 3635_1600_コーエーテクモ_当社社外取締役の異動に関するお知らせ.pdf
   ✅ 保存: 3635_1600_コーエーテクモ_ストック・オプション(新株予約権)の付与に関するお知らせ.pdf
   ✅ 保存: 3635_1600_コーエーテクモ_譲渡制限付株式報酬制度の導入に関するお知らせ.pdf
   ✅ 保存: 3635_1600_コーエーテクモ_親会社等の決算に関するお知らせ.pdf
   ✅ 保存: 3657_1600_ポールHD_「内部統制システムの基本方針」の一部改定に関するお知らせ.pdf
   ✅ 保存: 399A_1600_上場日経高配当50_2026年4月期(2025年10月5日~2026年4月4日)決算短信.pdf
   ✅ 保存: 4674_1600_クレスコ_剰余金の配当に関するお知らせ.pdf
   ✅ 保存: 6539_1600_MS-Japan_剰余金の配当に関するお知らせ.pdf
   ✅ 保存: 7136_1600_P-ウェルビンG_株式の上場廃止及び株式の取扱に関するお知らせとご挨拶.pdf
   ✅ 保存: 8960_1600_R-ユナイテド_資金の借入れ(グリーンローン)に関するお知らせ.pdf
   ✅ 保存: 9381_1600_エーアイテイー_非上場の親会社等(その他の関係会社)の決算情報に関するお知らせ.pdf
   ✅ 保存: 9930_1600_北沢産業_株主提案に対する当社取締役会の考え方について.pdf
   ✅ 保存: 9941_1600_太洋物産_2026年9月期 4月度 月次業績(売上高)速報.pdf
   ✅ 保存: 9979_1600_大庄_2026年4月の月次売上状況について.pdf
   ✅ 保存: 7524_1545_マルシェ_2026年4月度の月次料飲売上状況について.pdf
   ✅ 保存: 9073_1545_京極運輸_第3次中期経営計画(2026年度-2028年度 3カ年).pdf
   ✅ 保存: 6676_1540_BUFFALO_完全子会社からの剰余金の配当及び営業外収益の計上に関するお知らせ.pdf
   ✅ 保存: 6676_1540_BUFFALO_(訂正)「2026年3月期 決算説明資料」の一部訂正について.pdf
   ✅ 保存: 7435_1540_ナ・デックス_自己株式の取得状況および取得終了ならびに自己株式の消却に関するお知らせ.pdf
   ✅ 保存: 215A_1530_G-タイミー_完全子会社への会社分割(簡易吸収分割)に関するお知らせ.pdf
   ✅ 保存: 2181_1530_パーソルHD_当社取締役等に対する株式報酬制度の継続および一部改定に関するお知らせ.pdf
   ...Page 002 を確認中
   ✅ 保存: 2181_1530_パーソルHD_当社グループ経営幹部等に対する株式交付制度の継続に関するお知らせ.pdf
   ✅ 保存: 2305_1530_スタジオアリス_2026年4月の月次売上高等について.pdf
   ✅ 保存: 2305_1530_スタジオアリス_支配株主等に関する事項について.pdf
   ✅ 保存: 2327_1530_NSSOL_剰余金の配当に関するお知らせ.pdf
   ✅ 保存: 2480_1530_シスロケ_剰余金の配当に関するお知らせ.pdf
   ✅ 保存: 2480_1530_シスロケ_支配株主等に関する事項について.pdf
   ✅ 保存: 274A_1530_ガーデン_支配株主等に関する事項について.pdf
   ✅ 保存: 2751_1530_テンポスHD_マルシェ株式会社の第三者割当増資の引受による株式の取得(子会社化)に関するお知らせ.pdf
   ✅ 保存: 3075_1530_銚子丸_取締役会の実効性に関する評価結果の概要について.pdf
   ✅ 保存: 3116_1530_トヨタ紡織_支配株主等に関する事項について.pdf
   ✅ 保存: 3160_1530_大光_組織改定及び人事に関するお知らせ.pdf
   ✅ 保存: 3415_1530_トウキョウベース_自己株式取得に係る事項の決定に関するお知らせ.pdf
   ✅ 保存: 347A_1530_P-グロースパワー_東京証券取引所 TOKYO PRO Marketへの上場目的の開示.pdf
   ✅ 保存: 3489_1530_フェイスネットワーク_2026年3月期決算説明資料.pdf
   ✅ 保存: 353A_1530_エレコミ_記念株主優待贈呈時期の変更に関するお知らせ.pdf
   ✅ 保存: 3672_1530_オルトプラス_(開示事項の経過)中間持株会社の設立及び新たな事業の開始に関するお知らせ.pdf
   ✅ 保存: 4204_1530_積水化_剰余金の配当に関するお知らせ.pdf
   ✅ 保存: 4235_1530_UFHD_譲渡制限付株式報酬としての自己株式の処分の払込完了に関するお知らせ.pdf
   ✅ 保存: 4373_1530_シンプレクスHD_株主優待制度の導入に関するお知らせ.pdf
   ✅ 保存: 4464_1530_ソフト99_(訂正・数値データ訂正)「2026年3月期 決算短信〔日本基準〕(連結)」.pdf
   ✅ 保存: 4736_1530_日本ラッド_定款一部変更および補欠監査役選任に関するお知らせ.pdf
   ✅ 保存: 4825_1530_WNIウェザー_配当予想の修正(40周年記念配当 増配)に関するお知らせ.pdf
   ✅ 保存: 4825_1530_WNIウェザー_新役員体制(代表取締役の退任を含む)に関するお知らせ.pdf
   ✅ 保存: 4882_1530_G-ペルセウス_2026年3月期決算説明会資料.pdf
   ✅ 保存: 5075_1530_アップコン_譲渡制限付株式報酬としての新株式の発行に関するお知らせ.pdf
   ✅ 保存: 5332_1530_TOTO_定款一部変更に関するお知らせ.pdf
   ✅ 保存: 5393_1530_ニチアス_役員報酬制度の見直しに関するお知らせ.pdf
   ✅ 保存: 5580_1530_G-プロディライト_当社主要KPI(2026年4月度)に関するお知らせ.pdf
   ✅ 保存: 5938_1530_LIXIL_(訂正・数値データ訂正)「2026年3月期 決算短信〔IFRS〕(連結)」の一部訂正について.pdf
   ✅ 保存: 5938_1530_LIXIL_剰余金の配当に関するお知らせ.pdf
   ✅ 保存: 6082_1530_ライドオンEXHD_当社連結子会社の役員体制に関するお知らせ.pdf
   ✅ 保存: 6155_1530_高松機械_(訂正・数値データ訂正)「2026年3月期決算短信[日本基準](連結)」の一部訂正について.pdf
   ✅ 保存: 6155_1530_高松機械_当社株式等の大規模買付行為に関する対応策(買収への対応方針)の継続について.pdf
   ✅ 保存: 6230_1530_SANEI_剰余金の配当(期末配当)に関するお知らせ.pdf
   ✅ 保存: 6454_1530_マックス_人事異動に関するお知らせ.pdf
   ✅ 保存: 6471_1530_日本精工_役員報酬制度見直しの詳細内容決定に関するお知らせ.pdf
   ✅ 保存: 6505_1530_東洋電_組織変更および執行役員の異動に関するお知らせ.pdf
   ✅ 保存: 6543_1530_日宣_投資有価証券取得のお知らせ.pdf
   ✅ 保存: 6659_1530_メディアリンクス_大口受注に関するお知らせ.pdf
   ✅ 保存: 6787_1530_メイコー_(開示事項の経過)FCLコンポーネント株式会社の複合事業譲受の取得価額に関するお知らせ.pdf
   ✅ 保存: 6809_1530_TOA_当社株式の大規模買付行為に関する対応方針(買収への対応方針)の継続について.pdf
   ✅ 保存: 6838_1530_多摩川HD_第三者割当により発行された第17回新株予約権(行使価額修正選択権付)の行使完了及び月間行使状況に関するお知らせ.pdf
   ✅ 保存: 6890_1530_フェローテック_(開示事項の訂正)決算説明資料および中期経営計画(ローリングプラン)資料の開示について.pdf
   ✅ 保存: 7064_1530_ハウテレビジョン_自己株式の消却に関するお知らせ.pdf
   ✅ 保存: 7064_1530_ハウテレビジョン_連結子会社の吸収合併に関するお知らせ.pdf
   ✅ 保存: 7064_1530_ハウテレビジョン_連結子会社の商号変更に関するお知らせ.pdf
   ✅ 保存: 7065_1530_ユーピーアール_事業譲渡契約締結に関するお知らせ.pdf
   ✅ 保存: 7084_1530_G-SmileHD_2026年3月期 決算短信〔日本基準〕(連結).pdf
   ✅ 保存: 7084_1530_G-SmileHD_剰余金の配当に関するお知らせ.pdf
   ✅ 保存: 7084_1530_G-SmileHD_配当予想に関するお知らせ.pdf
   ✅ 保存: 7134_1530_アップガレージG_2026年3月期決算 質疑応答集.pdf
   ✅ 保存: 7134_1530_アップガレージG_定款一部変更に関するお知らせ.pdf
   ✅ 保存: 7134_1530_アップガレージG_取締役候補者の選任に関するお知らせ.pdf
   ✅ 保存: 7164_1530_全国保証_剰余金の配当に関するお知らせ.pdf
   ✅ 保存: 7164_1530_全国保証_代表取締役の異動および取締役候補者の選任に関するお知らせ.pdf
   ✅ 保存: 7214_1530_GMB_2026年3月期 決算短信〔日本基準〕(連結).pdf
   ✅ 保存: 7214_1530_GMB_2026年3月期通期連結業績予想数値と実績値との差異に関するお知らせ.pdf
   ✅ 保存: 7214_1530_GMB_特別損失(減損損失)の計上に関するお知らせ.pdf
   ✅ 保存: 7214_1530_GMB_個別決算における貸倒引当金繰入額及び関係会社債務保証損失引当金繰入額の計上に関するお知らせ.pdf
   ✅ 保存: 7383_1530_ネットプロHD_[Q&A書き起こし]2026年3月期 決算説明会.pdf
   ✅ 保存: 7524_1530_マルシェ_第三者割当による新株式の発行並びに、筆頭株主である支配株主の異動並びに資本金及び資本準備金の額の減少に関するお知らせ.pdf
   ✅ 保存: 7524_1530_マルシェ_代表取締役の異動(予定)及び親会社異動後のガバナンス体制に関するお知らせ.pdf
   ✅ 保存: 7673_1530_ダイコー通産_業績予想及び配当予想の修正に関するお知らせ.pdf
   ✅ 保存: 7673_1530_ダイコー通産_従業員持株会会員に対する特別奨励金支給に関するお知らせ.pdf
   ✅ 保存: 7729_1530_東精密_投資単位の引下げに関する考え方および方針等について.pdf
   ✅ 保存: 7729_1530_東精密_(訂正) 「2025 年度(2026 年3 月期)決算説明会」および「2025 年度(2026 年3 月期)決算説明会(ノート付)」の 一部訂正について.pdf
   ✅ 保存: 7729_1530_東精密_(訂正・数値データ訂正) 「2026 年 3 月期 決算短信[日本基準](連結)」の一部訂正について.pdf
   ✅ 保存: 7729_1530_東精密_「内部統制システムの基本方針 」の一部改定に関するお知らせ.pdf
   ✅ 保存: 7731_1530_ニコン_業績連動型株式報酬としての自己株式の処分に関するお知らせ.pdf
   ✅ 保存: 7731_1530_ニコン_取締役(監査等委員であるものを除く)に対する株式報酬制度改定に関するお知らせ.pdf
   ✅ 保存: 7942_1530_JSP_剰余金の配当に関するお知らせ.pdf
   ✅ 保存: 7976_1530_三菱鉛筆_譲渡制限付株式報酬としての自己株式の処分の払込完了に関するお知らせ.pdf
   ✅ 保存: 8153_1530_モスフード_子会社の吸収合併に伴う特別利益(抱合せ株式消滅差益)の発生に関するお知らせ.pdf
   ✅ 保存: 8252_1530_丸井G_自己株式の取得結果および取得終了に関するお知らせ.pdf
   ✅ 保存: 8358_1530_スルガ銀_自己株式の取得状況に関するお知らせ.pdf
   ✅ 保存: 8737_1530_あかつき本社_あかつき本社第58回無担保社債発行に関するお知らせ.pdf
   ✅ 保存: 8938_1530_G-グロームHD_(訂正)「2026年3月期決算短信〔日本基準〕(連結)」の一部修正に関するお知らせ.pdf
   ✅ 保存: 9235_1530_G-売れるネットG_第三者割当による新株式発行の払込完了に関するお知らせ.pdf
   ✅ 保存: 9368_1530_キムラユニティー_(変更)「中国事業の再編に伴う連結子会社の解散、 子会社設立及び特別損失(特別退職金)の計上に関するお知らせ」の一部変更について.pdf
   ✅ 保存: 9619_1530_イチネンHD_三菱商事アグリサービス株式会社及びエムシー・ファーティコム株式会社の株式取得(子会社化)に関する株式譲渡契約締結のお知らせ(開示事項の経過).pdf
   ✅ 保存: 1826_1500_佐田建_定款一部変更に関するお知らせ.pdf
   ✅ 保存: 267A_1500_P-トワライズ_連結子会社の吸収合併(簡易合併・略式合併)に関するお知らせ.pdf
   ✅ 保存: 267A_1500_P-トワライズ_種類株式の配当予想の修正に関するお知らせ.pdf
   ✅ 保存: 267A_1500_P-トワライズ_C種優先株式の取得及び消却に関するお知らせ.pdf
   ✅ 保存: 2692_1500_伊藤忠食_当社株式の上場廃止に関するお知らせ.pdf
   ✅ 保存: 490A_1500_P-センス・トラスト_流動性プロバイダーの追加指定のお知らせ.pdf
   ✅ 保存: 5930_1500_文化シヤター_連結子会社からの配当金受領に関するお知らせ.pdf
   ✅ 保存: 6516_1500_山洋電気_株主提案に対する当社取締役会の意見に関するお知らせ.pdf
   ✅ 保存: 6516_1500_山洋電気_剰余金の配当に関するお知らせ.pdf
   ✅ 保存: 6517_1500_デンヨー_剰余金の配当に関するお知らせ.pdf
   ✅ 保存: 6517_1500_デンヨー_株主提案に対する当社取締役会意見に関するお知らせ.pdf
   ✅ 保存: 7184_1500_富山第一銀行_自己株式の取得結果および取得終了に関するお知らせ.pdf
   ✅ 保存: 7246_1500_プレス工_剰余金の配当に関するお知らせ.pdf
   ✅ 保存: 8074_1500_YUASA_「役員報酬BIP信託」の継続及び一部改定に関するお知らせ.pdf
   ✅ 保存: 9022_1500_JR東海_代表取締役および役員の異動について.pdf
   ✅ 保存: 7616_1445_コロワイド_(訂正)「2026年3月期の業績に関する説明資料」の一部訂正について.pdf
   ✅ 保存: 1938_1430_日リーテック_役員等の異動に関するお知らせ.pdf
   ✅ 保存: 1938_1430_日リーテック_資本コストや株価を意識した経営の実現に向けた対応について(アップデート).pdf
   ✅ 保存: 4238_1430_ミライアル_譲渡制限付株式報酬としての自己株式の処分に関するお知らせ.pdf
   ✅ 保存: 4582_1420_G-シンバイオ製薬_超高感度(ピコレベル)イムノクロマトシステム 商業化に向け、安定供給体制を確立.pdf
   ...Page 003 を確認中
   ✅ 保存: 3189_1415_ANAP_主要株主の異動に関するお知らせ.pdf
   ✅ 保存: 1847_1400_イチケン_2026年3月期 決算短信〔日本基準〕(連結).pdf
   ✅ 保存: 1847_1400_イチケン_役員人事に関するお知らせ.pdf
   ✅ 保存: 2991_1400_ランドネット_2026年4月度 月次業績速報.pdf
   ✅ 保存: 3719_1400_AIストーム_【訂正】「特別委員会の設置に関するお知らせ」の一部訂正について.pdf
   ✅ 保存: 560A_1400_P-オカダコーポ_固定資産の譲渡に関するお知らせ.pdf
   ✅ 保存: 7218_1400_田中精密_投資有価証券売却に関するお知らせ(開示事項の経過報告).pdf
   ✅ 保存: 7971_1400_東リ_役員の異動(取締役の退任)に関するお知らせ.pdf
   ✅ 保存: 4125_1300_三和油化工業_役員等の人事異動に関するお知らせ.pdf
   ✅ 保存: 4568_1300_第一三共_当社取締役等に対する中計業績連動株式報酬等の内容の一部改定に関するお知らせ.pdf
   ✅ 保存: 4733_1300_OBC_社外取締役候補者の選任及び退任役員に関するお知らせ.pdf
   ✅ 保存: 6104_1300_芝浦機械_2026年3月期決算発表の延期(再延期)に関するお知らせ.pdf
   ✅ 保存: 6104_1300_芝浦機械_Moore Nanotechnology Systems, LLCの持分取得(子会社化)に関するお知らせ.pdf
   ✅ 保存: 7616_1300_コロワイド_(訂正・数値データ訂正)「2026年3月期 決算短信〔IFRS〕(連結)」の一部訂正について.pdf
   ✅ 保存: 9048_1300_名鉄_2026年3月期 投資家様向け決算説明会資料.pdf
   ✅ 保存: 4966_1230_上村工業_剰余金の配当に関するお知らせ.pdf
   ✅ 保存: 9170_1230_成友興業_株式分割及び株式分割に伴う定款の一部変更並びに配当予想の修正(増配)に関するお知らせ.pdf
   ✅ 保存: 355A_1200_P-ナウビレッジ_【訂正】TOKYO PRO Market への上場目的の開示について.pdf
   ✅ 保存: 4051_1200_GMO-FG_2026年9月期 第2四半期決算説明会.pdf
   ✅ 保存: 4275_1200_カーリット_自己株式立会外買付取引(ToSTNeT-3)による自己株式の取得結果及び自己株式取得終了に関するお知らせ.pdf
   ✅ 保存: 4884_1200_G-クリングル_2026年9月期 第2四半期決算説明会 質疑応答について.pdf
   ✅ 保存: 6173_1200_G-アクアライン_主要株主の異動(予定)及び株式会社SAIASによる株式会社アクアライン株式(証券コード6173)の取得に関するお知らせ.pdf
   ✅ 保存: 9425_1200_ReYuuJapan_Universal Digital Inc.との融資枠に関する基本合意終了に関するお知らせ.pdf
   ✅ 保存: 1326_1140_E-ワールド_SPDRゴールド・シェアに関する日々の開示事項.pdf
   ✅ 保存: 3135_1130_マーケットエンター_「取締役会の実効性評価」結果の概要に関するお知らせ.pdf
   ✅ 保存: 4579_1130_G-ラクオリア創薬_(訂正)2026年12月期(第18期)第1四半期 決算説明資料.pdf
   ✅ 保存: 5834_1130_G-SBIリーシング_販売用航空機譲渡のお知らせ.pdf
   ✅ 保存: 7375_1130_G-リファインバスG_自動車「バンパー」プラスチック塗装の高純度再生技術を開発.pdf
   ✅ 保存: 8705_1130_日産証券グループ_2026年4月の月次業績等(速報)に関するお知らせ.pdf
   ✅ 保存: 8830_1130_住友不_(訂正)「2026年3月期 Fact Sheets」の一部訂正について.pdf
   ✅ 保存: 9008_1115_京王_2025年度決算説明会資料.pdf
   ✅ 保存: 9008_1115_京王_FACT BOOK 2026.pdf
   ✅ 保存: 1499_1100_MXS高配当70MN_MAXIS日本株高配当70マーケットニュートラル上場投信 決算短信(2026年4月期).pdf
   ✅ 保存: 1660_1100_MXS高利Jリート_MAXIS高利回りJリート上場投信 決算短信(2026年4月期).pdf
   ✅ 保存: 3176_1100_三洋貿易_2026年9月期 第2四半期決算説明会資料.pdf
   ✅ 保存: 3551_1100_ダイニック_(訂正)ダイニックグループ新中期経営計画「SOLID FOUNDATION 2029」資料の訂正 について.pdf
   ✅ 保存: 4888_1100_G-ステラファーマ_再発膠芽腫を対象とした国内第III相臨床試験の治験開始に関するお知らせ.pdf
   ✅ 保存: 9326_1100_G-関通HD_自己株式立会外買付取引(ToSTNeT-3)による自己株式の取得結果及び取得終了に関するお知らせ.pdf
   ✅ 保存: 9402_1100_中部日本放送_自己株式立会外買付取引(N-NET3)による自己株式の取得結果及び取得終了に関するお知らせ.pdf
   ✅ 保存: 2784_1030_アルフレッサHD_自己株式立会外買付取引(ToSTNeT-3)による取得結果および取得終了に関するお知らせ.pdf
   ✅ 保存: 2784_1030_アルフレッサHD_コミットメント型自己株式取得(FCSR)による自己株式取得のための第三者割当による 第1回新株予約権の発行条件の決定に関するお知らせ.pdf
   ✅ 保存: 2911_1030_旭松食品_自己株式立会外買付取引(ToSTNeT-3)による自己株式の取得結果及び取得終了に関するお知らせ.pdf
   ✅ 保存: 3512_1030_日フエルト_自己株式立会外買付取引(ToSTNeT-3)による自己株式の取得結果に関するお知らせ.pdf
   ✅ 保存: 3675_1030_クロスマーケティング_自己株式立会外買付取引(ToSTNeT-3)による自己株式の取得結果及び自己株式取得終了に関するお知らせ.pdf
   ✅ 保存: 8742_1030_小林洋行_自己株式立会外買付取引(ToSTNeT-3)による自己株式の取得結果に関するお知らせ.pdf
   ✅ 保存: 9788_1030_ナック_自己株式立会外買付取引(ToSTNeT-3)による自己株式の取得結果及び取得終了に関するお知らせ.pdf
   ✅ 保存: 2652_1000_まんだらけ_「2026年9月期 第2四半期(中間期)決算短信〔日本基準〕(非連結)」の一部訂正について.pdf
   ✅ 保存: 2926_1000_篠崎屋_福岡証券取引所への重複上場申請に関する取締役会決議のお知らせ.pdf
   ✅ 保存: 3954_1000_PAXXS_(訂正) 「2026年3月期 決算短信〔日本基準〕(連結)」の一部訂正について.pdf
   ✅ 保存: 5598_1000_P-Yottavia_自己株式立会外買付取引(ToSTNeT-3)による自己株式の取得結果及び取得終了に関するお知らせ.pdf
   ✅ 保存: 9007_1000_小田急_2026年3月期 説明会資料.pdf
   ✅ 保存: 1397_0950_SMDAM 225_2026年4月期 決算短信(2025年10月9日~2026年4月8日).pdf
   ✅ 保存: 2557_0950_SMDAMトピックス_2026年4月期 決算短信(2025年10月9日~2026年4月8日).pdf
   ✅ 保存: 4387_0948_G-ZUU_(訂正)「2026年3月期特別損失の計上及び通期連結業績予想と実績値との差異に関するお知らせ」の一部訂正について.pdf
   ✅ 保存: 2652_0945_まんだらけ_自己株式立会外買付取引(ToSTNeT-3)による自己株式の取得結果及び自己株式取得終了に関するお知らせ.pdf
   ✅ 保存: 2674_0945_ハードオフ_2026年3月期 決算説明資料.pdf
   ✅ 保存: 9980_0945_MRK HLD_自己株式立会外買付取引(ToSTNeT-3)による自己株式の取得結果.pdf
   ✅ 保存: 5280_0940_ヨシコン_自己株式立会外買付取引(ToSTNeT-3)による自己株式の取得結果に関するお知らせ.pdf
   ✅ 保存: 5621_0935_G-ヒューマンT_2026年3月期 決算説明会資料.pdf
   ✅ 保存: 4387_0931_G-ZUU_2026年3月期 通期決算説明資料.pdf
   ✅ 保存: 5621_0924_G-ヒューマンT_(訂正)「2026年3月期 決算補足説明資料」の一部訂正に関するお知らせ.pdf
   ✅ 保存: 3778_0850_さくらインターネット_「令和8年度 大規模言語モデル研究開発向けクラウドサービス 一式」の落札に関するお知らせ.pdf
   ✅ 保存: 7280_0845_ミツバ_(訂正)「株式会社両毛システムズ株式(証券コード_9691)に対する公開買付けの開始に関するお知らせ」の訂正に関するお知らせ.pdf
   ✅ 保存: 9502_0845_中部電力_(訂正)「株式会社両毛システムズ株式(証券コード_9691)に対する公開買付けの開始に関するお知らせ」の訂正に関するお知らせ.pdf
   ✅ 保存: 319A_0830_G-技術承継機構_Q&A 2026年12月期第1四半期決算説明.pdf
   ✅ 保存: 4755_0830_楽天グループ_昨日の一部報道について.pdf
   ✅ 保存: 5838_0830_楽天銀行_昨日の一部報道について.pdf
   ✅ 保存: 8411_0830_みずほ_昨日の一部報道について.pdf
   ✅ 保存: 186A_0800_G-アストロスケール_2026年4月期 通期連結業績予想の修正に関するお知らせ.pdf
   ✅ 保存: 9211_0800_G-エフ・コード_2026年12月期 第1四半期決算説明資料スマホ向けサマリ版.pdf
   ✅ 保存: 4588_0730_G-オンコリスバイオ_腫瘍溶解ウイルスOBP-301の新たな特許査定に関するお知らせ.pdf
   ...Page 004 を確認中
   📝 一覧CSV保存: TDnet_Sorted_20260518.csv
   📝 一覧CSV保存（ルート）: TDnet_Sorted_20260518.csv
   📊 日別統計: page_access=4, pdf_success=269, excluded=13

============================================================
✅ ①完了（範囲取得）
   期間: 20260518 ～ 20260518 （mode=day）
   一覧ページアクセス合計: 4
   PDFダウンロード成功合計: 269
   除外件数合計: 13
   保存ルート: G:\マイドライブ\TDnet_Downloads

$ C:\Users\onok\AppData\Local\Python\pythoncore-3.14-64\python.exe -u ②a②bは２つフリーワード検索.py analyze --target 20260518 --save-root G:\マイドライブ\TDnet_Downloads --keywords 価格交渉 増産 価格改定 価格転嫁 値上 想定以上 上方修正 下方修正 想定以下 未達 大幅 計画を上 計画を下 計画以 需要回復 需要の回復 需要が増 需要が低 悪化 グローバルニッチトップ トップシェア シェア拡大 レアアース
ルート: G:\マイドライブ\TDnet_Downloads
対象指定: 20260518 mode= day from= 20260518 to= 20260518
対象フォルダ数: 1
検索キーワード: ['価格交渉', '増産', '価格改定', '価格転嫁', '値上', '想定以上', '上方修正', '下方修正', '想定以下', '未達', '大幅', '計画を上', '計画を下', '計画以', '需要回復', '需要の回復', '需要が増', '需要が低', '悪化', 'グローバルニッチトップ', 'トップシェア', 'シェア拡大', 'レアアース']
総PDF数（推定）: 269
[1/1] 日付フォルダ 20260518 を処理中... (このフォルダ内PDF数: 269)
  進捗: 50/269 件のPDFを解析済み
  進捗: 100/269 件のPDFを解析済み
  進捗: 150/269 件のPDFを解析済み
  進捗: 200/269 件のPDFを解析済み
  進捗: 250/269 件のPDFを解析済み
  進捗: 269/269 件のPDFを解析済み
  → 日付フォルダ 20260518 のヒットPDF数: 45

✅ ②A 完了（解析専用・キーワード別ページ列）
解析PDF数: 269
ヒットPDF数: 45
出力CSV: Analysis_Hits_free_word_20260518.csv
保存先: G:\マイドライブ\TDnet_Downloads

$ C:\Users\onok\AppData\Local\Python\pythoncore-3.14-64\python.exe -u ②a②bは２つフリーワード検索.py distribute --target 20260518 --save-root G:\マイドライブ\TDnet_Downloads --no-stop-on-empty-meta

✅ ②B 完了（配布用CSV作成・キーワード別ページ列）
出力: PDF_Search_Result_Distribution_free_word_20260518_sh.csv
キーワード列: ['価格交渉', '増産', '価格改定', '価格転嫁', '値上', '想定以上', '上方修正', '下方修正', '想定以下', '未達', '大幅', '計画を上', '計画を下', '計画以', '需要回復', '需要の回復', '需要が増', '需要が低', '悪化', 'グローバルニッチトップ', 'トップシェア', 'シェア拡大', 'レアアース']
突合除外件数: 0
空欄アラート件数: 0

============================================
 Done: 2026-05-18 23:05:40
============================================
