============================================
 TDnet auto run: 20260512
 Start: 2026-05-12 23:00:01
============================================

$ C:\Users\onok\AppData\Local\Python\pythoncore-3.14-64\python.exe -u ①_tdnetアクセスしてダウンロードする処理（月日付別フォルダ保存）.py --target 20260512 --save-root G:\マイドライブ\TDnet_Downloads
🎯 対象指定: 20260512（mode=day, from=20260512, to=20260512）
📁 保存ルート: G:\マイドライブ\TDnet_Downloads

============================================================
📅 日付: 20260512 を処理します
   ...Page 001 を確認中
   ✅ 保存: 1447_2100_G-SAAFHD_臨時株主総会決議ご通知および当社の対応に関するお知らせ.pdf
   ✅ 保存: 547A_2030_ムニノバHD_あんしん保証株式会社株券(証券コード7183)に対する公開買付けの開始に関するお知らせ.pdf
   ✅ 保存: 7183_2030_あんしん保証_その他の関係会社の親会社であるムニノバホールディングス株式会社による当社株式等に対する公開買付けに関する賛同の意見表明及び応募推奨のお知らせ.pdf
   ✅ 保存: 7183_2030_あんしん保証_剰余金の配当(無配)に関するお知らせ.pdf
   ✅ 保存: 7183_2030_あんしん保証_2026年3月期決算短信〔日本基準〕(非連結).pdf
   ✅ 保存: 2523_1920_MXSトピ除く金融_「MAXISトピックス(除く金融)上場投信」の 基準価額と市場価格の重要な乖離に関するお知らせ.pdf
   ✅ 保存: 9517_1845_イーレックス_2026年3月期 決算補足説明資料.pdf
   ✅ 保存: 8783_1835_abc_会計監査人からの辞任届受領に関するお知らせ.pdf
   ✅ 保存: 8783_1835_abc_取締役の異動に関するお知らせ.pdf
   ✅ 保存: 7925_1830_前沢化成_前澤ホールディングス株式会社 役員人事および主要人事のお知らせ.pdf
   ✅ 保存: 9517_1830_イーレックス_定款一部変更に関するお知らせ.pdf
   ✅ 保存: 9735_1810_セコム_(訂正)「取締役候補者、監査役候補者及び執行体制のお知らせ」の一部訂正について.pdf
   ✅ 保存: 2371_1800_カカクコム_Kamgras 1株式会社による当社株券等に対する 公開買付けに関する賛同の意見表明及び応募推奨のお知らせ.pdf
   ✅ 保存: 2371_1800_カカクコム_Kamgras 1株式会社による株式会社カカクコム(証券コード_2371) に対する公開買付けの開始に関するお知らせ.pdf
   ✅ 保存: 2371_1800_カカクコム_剰余金の配当(無配)に関するお知らせ.pdf
   ✅ 保存: 2371_1800_カカクコム_(変更) 「譲渡制限付株式報酬としての自己株式の処分に関するお知らせ 」 の一部変更に関するお知らせ.pdf
   ✅ 保存: 2371_1800_カカクコム_譲渡制限付株式報酬制度の廃止に関するお知らせ.pdf
   ✅ 保存: 3179_1800_シュッピン_中期経営計画の策定に関するお知らせ.pdf
   ✅ 保存: 3179_1800_シュッピン_2026年3月期 中期経営計画.pdf
   ✅ 保存: 3179_1800_シュッピン_第21回定時株主総会における株主提案の不受理に関するお知らせ.pdf
   ✅ 保存: 3948_1800_光ビジネス_2026年12月期第1四半期決算短信〔日本基準〕(非連結).pdf
   ✅ 保存: 4819_1800_デジタルガレージ_持分法適用会社(株式会社カカクコム)株式に関する契約の締結並びに関係会社株式売却益(連結決算)及び特別利益(個別決算)の計上見込みに関するお知らせ.pdf
   ✅ 保存: 5949_1800_ユニプレス_特別損失(連結・個別)の計上および通期個別業績の前期実績との差異に関するお知らせ.pdf
   ✅ 保存: 5949_1800_ユニプレス_2026年3月期 決算短信〔日本基準〕(連結).pdf
   ✅ 保存: 7433_1800_伯東_2026年3月期 決算短信〔日本基準〕(連結).pdf
   ✅ 保存: 7433_1800_伯東_剰余金の配当に関するお知らせ.pdf
   ✅ 保存: 7433_1800_伯東_2026年3月期決算補足説明資料.pdf
   ✅ 保存: 9513_1800_Jパワー_2026年3月期 決算短信〔日本基準〕(連結).pdf
   ✅ 保存: 9036_1745_東部ネット_(訂正)連結業績予想の修正および中期経営計画の最終年度目標の修正 並びに期末配当予想の修正(増配)に関するお知らせ.pdf
   ✅ 保存: 4891_1720_G-ティムス_ストック・オプションとしての新株予約権の発行内容確定に関するお知らせ.pdf
   ✅ 保存: 1938_1715_日リーテック_(訂正)「株主還元指標の水準変更及び中間配当制度の導入に関するお知らせ」の一部訂正について.pdf
   ✅ 保存: 6445_1715_ジャノメ_2026年3月期 決算説明資料.pdf
   ✅ 保存: 1672_1700_金ETF_令和7年12月期 決算短信(令和7年1月1日~令和7年12月31日).pdf
   ✅ 保存: 1673_1700_銀ETF_令和7年12月期 決算短信(令和7年1月1日~令和7年12月31日).pdf
   ✅ 保存: 1674_1700_プラチナETF_令和7年12月期 決算短信(令和7年1月1日~令和7年12月31日).pdf
   ✅ 保存: 1675_1700_パラジETF_令和7年12月期 決算短信(令和7年1月1日~令和7年12月31日).pdf
   ✅ 保存: 1676_1700_キンゾクETF_令和7年12月期 決算短信(令和7年1月1日~令和7年12月31日).pdf
   ✅ 保存: 1684_1700_商品ETF_令和7年12月期 決算短信(令和7年1月1日~令和7年12月31日).pdf
   ✅ 保存: 1685_1700_エナジーETF_令和7年12月期 決算短信(令和7年1月1日~令和7年12月31日).pdf
   ✅ 保存: 1686_1700_メタルETF_令和7年12月期 決算短信(令和7年1月1日~令和7年12月31日).pdf
   ✅ 保存: 1687_1700_アグリETF_令和7年12月期 決算短信(令和7年1月1日~令和7年12月31日).pdf
   ✅ 保存: 1688_1700_穀物ETF_令和7年12月期 決算短信(令和7年1月1日~令和7年12月31日).pdf
   ✅ 保存: 1689_1700_ガスETF_令和7年12月期 決算短信(令和7年1月1日~令和7年12月31日).pdf
   ✅ 保存: 1690_1700_原油ETF_令和7年12月期 決算短信(令和7年1月1日~令和7年12月31日).pdf
   ✅ 保存: 1691_1700_ガソリンETF_令和7年12月期 決算短信(令和7年1月1日~令和7年12月31日).pdf
   ✅ 保存: 1692_1700_アルミETF_令和7年12月期 決算短信(令和7年1月1日~令和7年12月31日).pdf
   ✅ 保存: 1693_1700_銅ETF_令和7年12月期 決算短信(令和7年1月1日~令和7年12月31日).pdf
   ✅ 保存: 1694_1700_ニッケルETF_令和7年12月期 決算短信(令和7年1月1日~令和7年12月31日).pdf
   ✅ 保存: 1695_1700_小麦ETF_令和7年12月期 決算短信(令和7年1月1日~令和7年12月31日).pdf
   ✅ 保存: 1696_1700_コーンETF_令和7年12月期 決算短信(令和7年1月1日~令和7年12月31日).pdf
   ✅ 保存: 1697_1700_大豆ETF_令和7年12月期 決算短信(令和7年1月1日~令和7年12月31日).pdf
   ✅ 保存: 4056_1700_G-ニューラル_魔法株式会社及び株式会社ペガサスの株式の取得(子会社化)に関するお知らせ.pdf
   ✅ 保存: 5988_1700_パイオラックス_2026年3月期 決算短信〔日本基準〕(連結).pdf
   ✅ 保存: 5988_1700_パイオラックス_2026年3月期決算説明資料.pdf
   ✅ 保存: 5988_1700_パイオラックス_業績予想値と実績値との差異に関するお知らせ.pdf
   ✅ 保存: 5988_1700_パイオラックス_中期経営計画の見直しに関するお知らせ.pdf
   ✅ 保存: 5997_1700_協立エアテク_主要株主の異動に関するお知らせ.pdf
   ✅ 保存: 6239_1700_ナガオカ_2026年6月期 第3四半期決算短信〔日本基準〕(連結).pdf
   ✅ 保存: 6239_1700_ナガオカ_業績予想の修正に関するお知らせ.pdf
   ✅ 保存: 6239_1700_ナガオカ_取締役の辞任に関するお知らせ.pdf
   ✅ 保存: 6333_1700_TEIKOKU_2026年3月期 決算短信〔日本基準〕(連結).pdf
   ✅ 保存: 6333_1700_TEIKOKU_剰余金の配当(増配)に関するお知らせ.pdf
   ✅ 保存: 6489_1700_前沢工_前澤ホールディングス株式会社 役員人事および主要人事のお知らせ.pdf
   ✅ 保存: 6513_1700_オリジン_当社株式の大規模買付行為に関する対応方針策(買収への対応方針)の継続について.pdf
   ✅ 保存: 6862_1700_ミナトHD_(訂正)決算説明資料.pdf
   ✅ 保存: 6946_1700_日アビオ_2026年3月期 決算短信〔日本基準〕(連結).pdf
   ✅ 保存: 7080_1700_G-スポーツフィール_2026年12月期 第1四半期決算短信〔日本基準〕(連結).pdf
   ✅ 保存: 7080_1700_G-スポーツフィール_2026年12月期 第1四半期決算説明資料.pdf
   ✅ 保存: 7733_1700_オリンパス_自己株式立会外買付取引(ToSTNeT-3)による自己株式の買付けに関するお知らせ.pdf
   ✅ 保存: 7925_1700_前沢化成_役員等の異動に関するお知らせ.pdf
   ✅ 保存: 9037_1700_ハマキョウ_従業員持株会に対する第三者割当による自己株式の処分に関するお知らせ.pdf
   ✅ 保存: 9235_1700_G-売れるネットG_既存株主利益保護を目的とした創業者による株式担保提供を通じた戦略的資金対応に関するお知らせ.pdf
   ✅ 保存: 9327_1700_イー・ロジット_株主提案に関する書面受領のお知らせ.pdf
   ✅ 保存: 9433_1700_KDDI_2026年3月期 決算説明会資料(中期経営戦略).pdf
   ✅ 保存: 9433_1700_KDDI_auフィナンシャルホールディングス株式会社の東京証券取引所への株式上場準備の開始について.pdf
   ✅ 保存: 4299_1645_ハイマックス_公認会計士等の異動に関するお知らせ.pdf
   ✅ 保存: 528A_1645_P-フリースタイル_業績予想の修正に関するお知らせ.pdf
   ✅ 保存: 7717_1645_Vテク_営業外費用(持分法による投資損失)、特別損失(減損損失)、及び法人税等調整額(益)の計上に関するお知らせ.pdf
   ✅ 保存: 7717_1645_Vテク_2026年3月期 決算短信[日本基準](連結).pdf
   ✅ 保存: 4732_1640_USS_2026年3月期 決算短信〔日本基準〕(連結).pdf
   ✅ 保存: 4732_1640_USS_剰余金の配当(増配)に関するお知らせ.pdf
   ✅ 保存: 4732_1640_USS_役員の異動に関するお知らせ.pdf
   ✅ 保存: 4732_1640_USS_自己株式取得に係る事項の決定に関するお知らせ.pdf
   ✅ 保存: 4732_1640_USS_自己株式立会外買付取引(ToSTNeT-3)による自己株式の買付けに関するお知らせ.pdf
   ✅ 保存: 6655_1640_洋電機_2026年3月期個別業績の前期実績値との差異および配当予想の修正に関するお知らせ.pdf
   ✅ 保存: 6655_1640_洋電機_2026年3月期 決算短信〔日本基準〕(連結).pdf
   ✅ 保存: 1945_1630_東京エネシス_2026年3月期 決算短信〔日本基準〕(連結).pdf
   ✅ 保存: 3260_1630_エスポア_取締役辞任に関するお知らせ.pdf
   ✅ 保存: 4046_1630_大阪ソーダ_自己株式立会外買付取引(ToSTNeT-3)による自己株式の買付けに関するお知らせ.pdf
   ✅ 保存: 4554_1630_富士製薬_2026年9月期第2四半期(中間期)決算短信〔日本基準〕(連結).pdf
   ✅ 保存: 4554_1630_富士製薬_2026年9月期第2四半期有価証券評価損に関するお知らせ.pdf
   ✅ 保存: 4671_1630_ファルコHD_2026年3月期 決算短信〔日本基準〕(連結).pdf
   ✅ 保存: 4671_1630_ファルコHD_自己株式の取得に係る事項の決定に関するお知らせ.pdf
   ✅ 保存: 4671_1630_ファルコHD_役員の異動及び組織変更に関するお知らせ.pdf
   ✅ 保存: 5233_1630_太平洋セメ_2026年3月期決算短信〔日本基準〕(連結).pdf
   ✅ 保存: 5233_1630_太平洋セメ_2025年度 決算説明資料.pdf
   ✅ 保存: 5233_1630_太平洋セメ_2026年3月期通期業績予想との差異に関するお知らせ.pdf
   ✅ 保存: 5233_1630_太平洋セメ_自己株式の取得に係る事項の決定および自己株式立会外買付取引(ToSTNeT-3)による自己株式の買付けに関するお知らせ.pdf
   ✅ 保存: 6367_1630_ダイキン工_自己株式立会外買付取引(ToSTNeT-3)による自己株式の買付けに関するお知らせ (コミットメント型自己株式取得(FCSR)による自己株式取得).pdf
   ✅ 保存: 6513_1630_オリジン_2026年3月期 決算短信〔日本基準〕(連結).pdf
   ...Page 002 を確認中
   ✅ 保存: 6513_1630_オリジン_売上原価(棚卸資産評価損)の計上、退職給付費用の減少及び繰延税金資産の取り崩し並びに通期連結業績予想値と実績値との差異に関するお知らせ.pdf
   ✅ 保存: 6513_1630_オリジン_自己株式の取得及び自己株式立会外買付取引(ToSTNeT-3)による自己株式の買付けに関するお知らせ.pdf
   ✅ 保存: 6513_1630_オリジン_役員および執行役員の人事に関するお知らせ.pdf
   ✅ 保存: 6659_1630_メディアリンクス_特別損失の発生及び業績予想の修正に関するお知らせ.pdf
   ✅ 保存: 6954_1630_ファナック_自己株式の取得状況および取得終了に関するお知らせ.pdf
   ✅ 保存: 7184_1630_富山第一銀行_自己株式立会外買付取引(ToSTNeT-3)による自己株式の買付けに関するお知らせ.pdf
   ✅ 保存: 7189_1630_西日本FH_2026年3月期 決算短信〔日本基準〕(連結).pdf
   ✅ 保存: 9049_1630_京福電鉄_2026年3月期決算短信〔日本基準〕(連結).pdf
   ✅ 保存: 2767_1620_円谷フィールズHD_剰余金の配当に関するお知らせ.pdf
   ✅ 保存: 9408_1620_BSNメディアHD_役員等の異動に関するお知らせ.pdf
   ✅ 保存: 4599_1615_G-ステムリム_再生誘導医薬レダセムチドに関する進捗状況のお知らせ.pdf
   ✅ 保存: 519A_1615_G-ベーシック_2026年12月期 第1四半期決算説明資料.pdf
   ✅ 保存: 9930_1615_北沢産業_社外取締役候補者の選任および社外取締役の退任に関するお知らせ.pdf
   ✅ 保存: 1866_1601_北野建_取締役の異動に関するお知らせ.pdf
   ✅ 保存: 1717_1600_明豊ファシリティ_「剰余金の配当(増配)」及び「配当方針の変更」に関するお知らせ.pdf
   ✅ 保存: 1717_1600_明豊ファシリティ_2026年3月期決算短信〔日本基準〕(非連結).pdf
   ✅ 保存: 1768_1600_ソネック_(訂正)「2026年3月期 決算短信〔日本基準〕(連結)」の一部訂正について.pdf
   ✅ 保存: 1866_1600_北野建_令和8年3月期 決算短信〔日本基準〕(連結).pdf
   ✅ 保存: 1866_1600_北野建_業績予想と実績値との差異に関するお知らせ.pdf
   ✅ 保存: 1866_1600_北野建_剰余金の配当に関するお知らせ.pdf
   ✅ 保存: 1869_1600_名工建_2026年3月期 決算短信[日本基準](連結).pdf
   ✅ 保存: 1869_1600_名工建_配当予想の修正に関するお知らせ.pdf
   ✅ 保存: 1869_1600_名工建_第19次経営計画(2024-2026年度)の数値目標見直しに関するお知らせ.pdf
   ✅ 保存: 1869_1600_名工建_資本コストや株価を意識した経営の実現に向けた対応および、配当政策の変更(目標配当性向)に関するお知らせ.pdf
   ✅ 保存: 2001_1600_ニップン_(株)ニップン 2026年3月期の連結業績及び次期連結業績予想.pdf
   ✅ 保存: 2001_1600_ニップン_2026年3月期 決算短信〔日本基準〕(連結).pdf
   ✅ 保存: 2001_1600_ニップン_剰余金の配当(増配)に関するお知らせ.pdf
   ✅ 保存: 2162_1600_nms HD_2026年3月期 決算短信〔日本基準〕(連結).pdf
   ✅ 保存: 2162_1600_nms HD_2026年3月期決算説明資料.pdf
   ✅ 保存: 2162_1600_nms HD_2026年3月期連結業績予想と実績値との差異及び営業外収益(為替差益)計上に関するお知らせ.pdf
   ✅ 保存: 2304_1600_CSSHD_2026年9月期 第2四半期(中間期)決算短信〔日本基準〕(連結).pdf
   ✅ 保存: 2304_1600_CSSHD_剰余金の配当(中間配当)に関するお知らせ.pdf
   ✅ 保存: 245A_1600_G-INGS_2026年8月期4月度 直営店売上高速報、店舗数推移.pdf
   ✅ 保存: 2736_1600_フェスタリアHD_【フェスタリアHD】国内事業月次売上速報(4月速報).pdf
   ✅ 保存: 280A_1600_G-TMH_(開示事項の経過)第三者割当による第1回無担保転換社債型新株予約権付社債及び第6回新株予約権の発行に係る払込完了に関するお知らせ.pdf
   ✅ 保存: 2937_1600_G-サンクゼール_2026年3月期 決算短信〔日本基準〕(連結).pdf
   ✅ 保存: 2937_1600_G-サンクゼール_2026年3月期 決算説明資料.pdf
   ✅ 保存: 2981_1600_G-ランディックス_2026年3月期 決算短信〔日本基準〕(連結).pdf
   ✅ 保存: 2981_1600_G-ランディックス_2026年3月期 通期 決算説明資料.pdf
   ✅ 保存: 3179_1600_シュッピン_2026年3月期決算短信〔日本基準〕(非連結).pdf
   ✅ 保存: 3179_1600_シュッピン_2026年3月期決算補足資料.pdf
   ✅ 保存: 3443_1600_川田TECH_2026年3月期 決算短信〔日本基準〕(連結).pdf
   ✅ 保存: 3443_1600_川田TECH_通期連結業績予想と実績との差異及び剰余金の配当に関するお知らせ.pdf
   ✅ 保存: 3443_1600_川田TECH_株主還元方針の変更に関するお知らせ.pdf
   ✅ 保存: 3443_1600_川田TECH_「第4次中期経営計画」策定に関するお知らせ.pdf
   ✅ 保存: 3443_1600_川田TECH_当社ならびに連結子会社の役員等人事に関するお知らせ.pdf
   ✅ 保存: 3571_1600_ソトー_役員の異動等に関するお知らせ.pdf
   ✅ 保存: 3571_1600_ソトー_配当予想の修正に関するお知らせ.pdf
   ✅ 保存: 3571_1600_ソトー_2026 年3月期業績予想と実績値との差異に関するお知らせ.pdf
   ✅ 保存: 3571_1600_ソトー_2026年3月期決算短信〔日本基準〕(連結).pdf
   ✅ 保存: 3583_1600_オーベクス_2026年3月期 決算短信〔日本基準〕(連結).pdf
   ✅ 保存: 3583_1600_オーベクス_2026年3月期 決算補足説明資料.pdf
   ✅ 保存: 3583_1600_オーベクス_支配株主等に関する事項について.pdf
   ✅ 保存: 3634_1600_ソケッツ_2026年3月期 決算短信[日本基準](非連結).pdf
   ✅ 保存: 3634_1600_ソケッツ_2026年3月期 決算説明資料.pdf
   ✅ 保存: 3772_1600_ウェルス_2026年3月期 決算短信〔日本基準〕(連結).pdf
   ✅ 保存: 3772_1600_ウェルス_2026年3月期連結業績の前期実績値との差異ならびに剰余金の配当に関するお知らせ.pdf
   ✅ 保存: 3772_1600_ウェルス_株主優待制度の一部変更(保有区分追加および拡充)に関するお知らせ.pdf
   ✅ 保存: 3936_1600_G-グローバルウェイ_通期連結業績予想の修正に関するお知らせ.pdf
   ✅ 保存: 3958_1600_笹徳印刷_2026年6月期 第3四半期決算短信[日本基準](連結).pdf
   ✅ 保存: 4046_1600_大阪ソーダ_人事異動に関するお知らせ.pdf
   ✅ 保存: 4046_1600_大阪ソーダ_2026年3月期 決算短信〔日本基準〕(連結).pdf
   ✅ 保存: 4046_1600_大阪ソーダ_剰余金の配当(増配)に関するお知らせ.pdf
   ✅ 保存: 4046_1600_大阪ソーダ_新中期経営計画(2026年度~2030年度)に関するお知らせ.pdf
   ✅ 保存: 4046_1600_大阪ソーダ_当社株式の大規模な買付行為に関する対応方針(買収防衛策)の非継続(廃止)に関するお知らせ.pdf
   ✅ 保存: 4046_1600_大阪ソーダ_自己株式の取得に係る事項の決定に関するお知らせ.pdf
   ✅ 保存: 4046_1600_大阪ソーダ_定款の一部変更に関するお知らせ.pdf
   ✅ 保存: 4272_1600_日化薬_2026年3月期 決算短信〔日本基準〕(連結).pdf
   ✅ 保存: 4272_1600_日化薬_配当予想の修正に関するお知らせ.pdf
   ✅ 保存: 4272_1600_日化薬_自己株式取得に係る事項の決定に関するお知らせ.pdf
   ✅ 保存: 4272_1600_日化薬_自己株式の消却に関するお知らせ.pdf
   ✅ 保存: 4547_1600_キッセイ薬_2026年3月期 決算説明会資料.pdf
   ✅ 保存: 4679_1600_田谷_資本準備金及び利益準備金の額の減少並びに剰余金の処分に関するお知らせ.pdf
   ✅ 保存: 4679_1600_田谷_役員の異動に関するお知らせ.pdf
   ✅ 保存: 5256_1600_G-Fusic_2026年6月期第3四半期決算短信〔日本基準〕(非連結).pdf
   ✅ 保存: 5256_1600_G-Fusic_2026年6月期第3四半期決算補足説明資料.pdf
   ✅ 保存: 5256_1600_G-Fusic_2026年6月期通期業績予想の修正に関するお知らせ.pdf
   ✅ 保存: 5343_1600_ニッコー_2026年3月期決算短信〔日本基準〕(連結).pdf
   ✅ 保存: 5343_1600_ニッコー_繰延税金資産の計上および連結業績の前期実績値との差異に関するお知らせ.pdf
   ✅ 保存: 5697_1600_サンユウ_2026年3月期 決算短信〔日本基準〕(連結).pdf
   ✅ 保存: 5697_1600_サンユウ_剰余金の配当に関するお知らせ.pdf
   ✅ 保存: 5697_1600_サンユウ_支配株主等に関する事項について.pdf
   ✅ 保存: 5697_1600_サンユウ_役員異動に関するお知らせ.pdf
   ✅ 保存: 5820_1600_三ッ星_2026年3月期決算短信〔日本基準〕(連結).pdf
   ✅ 保存: 5820_1600_三ッ星_2026年3月期通期連結業績予想と実績値との差異に関するお知らせ.pdf
   ✅ 保存: 5820_1600_三ッ星_「中期経営計画」の策定に関するお知らせ.pdf
   ✅ 保存: 5831_1600_しずおかFG_2026年3月期 決算短信[日本基準](連結).pdf
   ✅ 保存: 5831_1600_しずおかFG_代表取締役の異動に関するお知らせ.pdf
   ✅ 保存: 5831_1600_しずおかFG_一般財団法人静岡ミライ共創財団の設立および財団の活動支援を目的とした第三者割当による自己株式の処分に関するお知らせ.pdf
   ✅ 保存: 5892_1600_G-yutori_月次KPIに関するお知らせ.pdf
   ✅ 保存: 6201_1600_豊田織_定款の一部変更に関するお知らせ.pdf
   ✅ 保存: 6201_1600_豊田織_資本準備金及び利益準備金の額の減少に関するお知らせ.pdf
   ✅ 保存: 6245_1600_ヒラノテクシード_2026年3月期 決算短信〔日本基準〕(連結).pdf
   ✅ 保存: 6245_1600_ヒラノテクシード_2025年度 連結決算説明資料.pdf
   ✅ 保存: 6245_1600_ヒラノテクシード_委任型執行役員制度導入に関するお知らせ.pdf
   ✅ 保存: 6245_1600_ヒラノテクシード_役員人事に関するお知らせ.pdf
   ✅ 保存: 6328_1600_荏原実業_取締役および執行役員に対する譲渡制限付株式報酬としての自己株式の処分の払込完了に関するお知らせ.pdf
   ✅ 保存: 6378_1600_木村化工_2026年3月期 決算短信〔日本基準〕(連結).pdf
   ✅ 保存: 6378_1600_木村化工_当社役員人事に関するお知らせ.pdf
   ✅ 保存: 6479_1600_ミネベアミツミ_当社による事業譲受に関するお知らせ.pdf
   ...Page 003 を確認中
   ✅ 保存: 6479_1600_ミネベアミツミ_2026年3月期 決算説明会資料.pdf
   ✅ 保存: 6701_1600_NEC_剰余金の配当に関するお知らせ.pdf
   ✅ 保存: 6701_1600_NEC_定款の一部変更に関するお知らせ.pdf
   ✅ 保存: 6752_1600_パナソニックHD_2026年3月期 決算短信〔IFRS〕(連結).pdf
   ✅ 保存: 6752_1600_パナソニックHD_グループ成長戦略(要旨).pdf
   ✅ 保存: 6752_1600_パナソニックHD_役員報酬制度の改定について.pdf
   ✅ 保存: 6752_1600_パナソニックHD_個別決算における特別利益及び特別損失の計上並びに連結決算(IFRS)におけるその他損益の計上に関するお知らせ.pdf
   ✅ 保存: 6797_1600_名古屋電機工業_会社創立80周年記念配当に関するお知らせ.pdf
   ✅ 保存: 6797_1600_名古屋電機工業_2026年3月期 決算短信〔日本基準〕(連結).pdf
   ✅ 保存: 6927_1600_ヘリオステクノH_剰余金の配当に関するお知らせ.pdf
   ✅ 保存: 6927_1600_ヘリオステクノH_2026年3月期の通期連結業績予想と実績値との差異に関するお知らせ.pdf
   ✅ 保存: 6927_1600_ヘリオステクノH_2026年3月期決算短信〔日本基準〕(連結).pdf
   ✅ 保存: 6971_1600_京セラ_KDDI株式会社による自己株式の公開買付けへの応募に関するお知らせ.pdf
   ✅ 保存: 6988_1600_日東電_自己株式取得状況に関するお知らせ.pdf
   ✅ 保存: 7172_1600_JIA_主要株主及び親会社以外の支配株主の異動に関するお知らせ.pdf
   ✅ 保存: 7425_1600_初穂商事_2026年12月期 第1四半期決算短信〔日本基準〕(連結).pdf
   ✅ 保存: 7610_1600_テイツー_2026年4月の月次売上概況のお知らせ.pdf
   ✅ 保存: 7643_1600_ダイイチ_2026年9月期第2四半期(中間期)決算短信〔日本基準〕(非連結).pdf
   ✅ 保存: 7643_1600_ダイイチ_2026年9月期第2四半期(中間期)決算補足資料.pdf
   ✅ 保存: 7674_1600_G-NATTYHD_月次報告(2026年4月度).pdf
   ✅ 保存: 7918_1600_ヴィアHD_2026年3月期 決算短信〔日本基準〕(連結).pdf
   ✅ 保存: 7918_1600_ヴィアHD_特別損失の発生及び繰延税金資産の取崩しに関するお知らせ.pdf
   ✅ 保存: 7918_1600_ヴィアHD_2026年3月期通期連結業績予想と実績値の差異に関するお知らせ.pdf
   ✅ 保存: 7918_1600_ヴィアHD_役員報酬の減額に関するお知らせ.pdf
   ✅ 保存: 7918_1600_ヴィアHD_2026年3月期 決算説明資料.pdf
   ✅ 保存: 7984_1600_コクヨ_自己株式の取得状況に関するお知らせ.pdf
   ✅ 保存: 8035_1600_東エレク_剰余金の配当(2026年3月期期末配当)に関するお知らせ.pdf
   ✅ 保存: 8219_1600_青山商_2026年3月期 決算短信〔日本基準〕(連結).pdf
   ✅ 保存: 8219_1600_青山商_業績予想値と実績値との差異及び剰余金の配当に関するお知らせ.pdf
   ✅ 保存: 8308_1600_りそなHD_2026年3月期 決算短信 〔日本基準〕(連結).pdf
   ✅ 保存: 8308_1600_りそなHD_2026年3月期 決算ハイライト.pdf
   ✅ 保存: 8308_1600_りそなHD_剰余金の配当および自己株式取得に係る事項の決定に関するお知らせ.pdf
   ✅ 保存: 8308_1600_りそなHD_業績連動型株式報酬の業績連動係数確定に関するお知らせ.pdf
   ✅ 保存: 8308_1600_りそなHD_業績連動型株式報酬制度の改定および継続に関するお知らせ.pdf
   ✅ 保存: 8316_1600_三井住友_SMBCグループの中間持株会社体制への移行に伴う子会社(孫会社)の異動及びJefferiesとの日本株事業に係る合弁会社の設立の進捗状況について.pdf
   ✅ 保存: 8595_1600_ジャフコ グループ_剰余金の配当に関するお知らせ.pdf
   ✅ 保存: 8595_1600_ジャフコ グループ_2028年満期ユーロ円建取得条項付転換社債型新株予約権付社債の転換価額の調整に関するお知らせ.pdf
   ✅ 保存: 8595_1600_ジャフコ グループ_定款の一部変更に関するお知らせ.pdf
   ✅ 保存: 8739_1600_スパークス_2026年4月度(速報値)月末運用資産残高のお知らせ.pdf
   ✅ 保存: 8789_1600_フィンテック_2026年9月期 第2四半期(中間期)決算短信〔日本基準〕(連結).pdf
   ✅ 保存: 8789_1600_フィンテック_連結業績予想の修正に関するお知らせ.pdf
   ✅ 保存: 8789_1600_フィンテック_(開示事項の経過) 子会社の異動(株式譲渡)並びに特別利益及び特別損失の計上に関するお知らせ.pdf
   ✅ 保存: 8789_1600_フィンテック_プライベートエクイティ投資による収益計上に関するお知らせ.pdf
   ✅ 保存: 9005_1600_東急_定款の一部変更および第1回社債型種類株式の発行登録に関するお知らせ.pdf
   ✅ 保存: 9005_1600_東急_社債型種類株式に関する補足説明資料.pdf
   ✅ 保存: 9005_1600_東急_社債型種類株式に関するQ&A.pdf
   ✅ 保存: 9037_1600_ハマキョウ_2026年3月期 決算短信〔日本基準〕(連結).pdf
   ✅ 保存: 9037_1600_ハマキョウ_剰余金の配当(期末配当)に関するお知らせ.pdf
   ✅ 保存: 9083_1600_神姫バス_2026年3月期 決算短信[日本基準](連結).pdf
   ✅ 保存: 9083_1600_神姫バス_2026年3月期 決算説明資料.pdf
   ✅ 保存: 9083_1600_神姫バス_剰余金の配当(増配)に関するお知らせ.pdf
   ✅ 保存: 9083_1600_神姫バス_役員の異動に関するお知らせ.pdf
   ✅ 保存: 9229_1600_サンウェルズ_2026年3月期 決算短信〔日本基準〕(非連結).pdf
   ✅ 保存: 9229_1600_サンウェルズ_2026年3月期 決算説明資料.pdf
   ✅ 保存: 9229_1600_サンウェルズ_剰余金の配当(期末配当無配)に関するお知らせ.pdf
   ✅ 保存: 9425_1600_ReYuuJapan_第三者割当による第2回新株予約権の取得及び消却に関するお知らせ.pdf
   ✅ 保存: 9446_1600_サカイHD_2026年9月期 第2四半期(中間期)決算短信〔日本基準〕(連結).pdf
   ✅ 保存: 9723_1600_京都ホテル_剰余金の配当(普通株式の増配)に関するお知らせ.pdf
   ✅ 保存: 9723_1600_京都ホテル_取締役会の実効性評価の結果の概要に関するお知らせ.pdf
   ✅ 保存: 9723_1600_京都ホテル_「第3次中期経営計画」の一部見直しに関するお知らせ.pdf
   ✅ 保存: 9723_1600_京都ホテル_2026年3月期 決算短信〔日本基準〕(非連結).pdf
   ✅ 保存: 9723_1600_京都ホテル_役員の異動に関するお知らせ.pdf
   ✅ 保存: 9845_1600_パーカー_2026年3月期 決算短信〔日本基準〕(連結).pdf
   ✅ 保存: 9845_1600_パーカー_剰余金の配当(増配)に関するお知らせ.pdf
   ✅ 保存: 9895_1600_コンセック_特別損失の計上及び業績予想の修正に関するお知らせ.pdf
   ✅ 保存: 3034_1550_クオールHD_剰余金の配当(増配)に関するお知らせ.pdf
   ✅ 保存: 7220_1550_武蔵精密_2026年3月期決算短信[日本基準](連結).pdf
   ✅ 保存: 2432_1545_ディーエヌエー_2026年3月期 決算短信〔IFRS〕(連結).pdf
   ✅ 保存: 2432_1545_ディーエヌエー_役員人事に関するお知らせ.pdf
   ✅ 保存: 2432_1545_ディーエヌエー_業績条件付事後交付型株式報酬制度及び譲渡制限付株式報酬制度の導入に関するお知らせ.pdf
   ✅ 保存: 2767_1545_円谷フィールズHD_2026年3月期決算短信〔日本基準〕(連結).pdf
   ✅ 保存: 3741_1545_セック_2026年3月期 決算短信〔日本基準〕(非連結).pdf
   ✅ 保存: 3741_1545_セック_2026年3月期 決算補足説明資料.pdf
   ✅ 保存: 8214_1545_AOKI HD_2026年3月期 決算短信〔日本基準〕(連結).pdf
   ✅ 保存: 8214_1545_AOKI HD_2026年3月期 決算補足説明資料.pdf
   ✅ 保存: 8742_1545_小林洋行_2026年3月期 決算短信〔日本基準〕(連結).pdf
   ✅ 保存: 9433_1545_KDDI_2026年3月期 決算短信〔IFRS〕(連結).pdf
   ✅ 保存: 9433_1545_KDDI_2026年3月期 決算説明会資料(決算).pdf
   ✅ 保存: 9433_1545_KDDI_2026年3月期 決算詳細資料(データブック).pdf
   ✅ 保存: 9433_1545_KDDI_取締役等に対する業績連動型株式報酬制度の継続及び一部改定の件.pdf
   ✅ 保存: 9433_1545_KDDI_自己株式の取得及び自己株式の公開買付けに関するお知らせ.pdf
   ✅ 保存: 9433_1545_KDDI_自己株式の消却に関するお知らせ.pdf
   ✅ 保存: 2209_1540_井村屋G_剰余金の配当に関するお知らせ.pdf
   ✅ 保存: 2209_1540_井村屋G_2026年3月期 決算短信〔日本基準〕(連結).pdf
   ✅ 保存: 2209_1540_井村屋G_株主優待制度の拡充に関するお知らせ.pdf
   ✅ 保存: 250A_1540_シマダヤ_2026年3月期決算短信〔日本基準〕(連結).pdf
   ✅ 保存: 250A_1540_シマダヤ_2026年3月期決算説明資料.pdf
   ✅ 保存: 250A_1540_シマダヤ_譲渡制限付株式報酬制度の導入に関するお知らせ.pdf
   ✅ 保存: 3174_1540_ハピネス&D_月次売上高前年比等(速報)に関するお知らせ.pdf
   ✅ 保存: 3854_1540_アイル_名古屋支社移転のお知らせ.pdf
   ✅ 保存: 3895_1540_ハビックス_2026年3月期 通期業績予想の修正に関するお知らせ.pdf
   ✅ 保存: 6103_1540_オークマ_2026年3月期 決算短信〔日本基準〕(連結).pdf
   ✅ 保存: 6103_1540_オークマ_2026年3月期 決算発表(参考資料).pdf
   ✅ 保存: 6103_1540_オークマ_自己株式の取得状況に関するお知らせ.pdf
   ✅ 保存: 6201_1540_豊田織_株式併合、単元株式数の定めの廃止及び定款の一部変更の承認決議に関するお知らせ.pdf
   ✅ 保存: 6402_1540_兼松エンジニア_2026年3月期 決算短信[日本基準](非連結).pdf
   ✅ 保存: 7435_1540_ナ・デックス_株式会社Robofullの株式の取得(子会社化)に関するお知らせ.pdf
   ✅ 保存: 7927_1540_ムトー精工_剰余金の配当(増配)および配当方針の変更に関するお知らせ.pdf
   ✅ 保存: 7927_1540_ムトー精工_2026年3月期決算短信〔日本基準〕(連結).pdf
   ✅ 保存: 8368_1540_百五銀_2026年3月期 決算短信〔日本基準〕(連結).pdf
   ...Page 004 を確認中
   ✅ 保存: 8368_1540_百五銀_剰余金の配当に関するお知らせ.pdf
   ✅ 保存: 8368_1540_百五銀_自己株式取得に係る事項の決定に関するお知らせ.pdf
   ✅ 保存: 8368_1540_百五銀_中期経営計画における財務目標の見直しに関するお知らせ.pdf
   ✅ 保存: 9408_1540_BSNメディアHD_2026年3月期 決算短信〔日本基準〕(連結).pdf
   ✅ 保存: 9408_1540_BSNメディアHD_当社株式の大規模買付行為等への対応方針(買収への対応方針)の導入について.pdf
   ✅ 保存: 9514_1540_EF-ON_営業外収益(デリバティブ評価益)の計上に関するお知らせ.pdf
   ✅ 保存: 9514_1540_EF-ON_2026年6月期 第3四半期決算短信〔日本基準〕(連結).pdf
   ✅ 保存: 5838_1535_楽天銀行_2026年3月期 決算短信〔日本基準〕(連結).pdf
   ✅ 保存: 6644_1535_大崎電_2026年3月期 決算短信〔日本基準〕(連結).pdf
   ✅ 保存: 6644_1535_大崎電_2025年度通期 決算説明資料.pdf
   ✅ 保存: 6644_1535_大崎電_剰余金の配当(増配)に関するお知らせ.pdf
   ✅ 保存: 6644_1535_大崎電_取締役候補者および監査役候補者の選任等に関するお知らせ.pdf
   ✅ 保存: 6644_1535_大崎電_資本コストや株価を意識した経営の実現に向けた対応のアップデートについて.pdf
   ✅ 保存: 3695_1531_G-GMO-PP_2026年12月期第1四半期決算短信〔日本基準〕(連結).pdf
   ✅ 保存: 3695_1531_G-GMO-PP_2026年12月期第1四半期決算説明資料.pdf
   ✅ 保存: 3695_1531_G-GMO-PP_法人税等調整額(損)の計上に関するお知らせ.pdf
   ✅ 保存: 138A_1530_G-光フードサービス_2026年11月期4月度 売上速報についてのお知らせ.pdf
   ✅ 保存: 1419_1530_タマホーム_2026年4月度 受注速報.pdf
   ✅ 保存: 1431_1530_G-リブワーク_2026年6月期 第3四半期決算短信〔日本基準〕(連結).pdf
   ✅ 保存: 1431_1530_G-リブワーク_2026年6月期第3四半期 決算説明資料.pdf
   ✅ 保存: 166A_1530_G-タスキHD_2026年9月期 第2四半期(中間期)決算短信〔日本基準〕(連結).pdf
   ✅ 保存: 166A_1530_G-タスキHD_2026年9月期 第2四半期決算説明資料.pdf
   ✅ 保存: 166A_1530_G-タスキHD_連結範囲の変更(非連結子会社の連結子会社化)及び報告セグメントの変更に関するお知らせ.pdf
   ✅ 保存: 166A_1530_G-タスキHD_剰余金の配当(中間配当)に関するお知らせ.pdf
   ✅ 保存: 2055_1530_日和産業_2026年3月期 決算短信〔日本基準〕(連結).pdf
   ✅ 保存: 2055_1530_日和産業_業績予想と実績値との差異及び特別損失計上に関するお知らせ.pdf
   ✅ 保存: 2120_1530_LIFULL_2026年9月期第2四半期(中間期)決算短信〔IFRS〕(連結).pdf
   ✅ 保存: 2120_1530_LIFULL_2026年9月期第2四半期 決算説明資料(IFRS).pdf
   ✅ 保存: 2122_1530_Iスペース_2026年9月期 第2四半期(中間期)決算短信〔日本基準〕(連結).pdf
   ✅ 保存: 2154_1530_オープンアップG_2026年6月期 第3四半期決算短信〔IFRS〕(連結).pdf
   ✅ 保存: 228A_1530_G-オプロ_自己株式の取得状況および取得終了に関するお知らせ.pdf
   ✅ 保存: 2311_1530_エプコ_譲渡制限付株式報酬としての自己株式処分の払込完了に関するお知らせ.pdf
   ✅ 保存: 2331_1530_ALSOK_2026年3月期 決算短信〔日本基準〕(連結).pdf
   ✅ 保存: 2331_1530_ALSOK_2026年3月期 決算参考資料.pdf
   ✅ 保存: 2331_1530_ALSOK_剰余金の配当に関するお知らせ.pdf
   ✅ 保存: 2393_1530_日本ケア_2026年3月期 決算短信〔日本基準〕(連結).pdf
   ✅ 保存: 2393_1530_日本ケア_2026年3月期 決算補足説明資料.pdf
   ✅ 保存: 2393_1530_日本ケア_剰余金の配当に関するお知らせ.pdf
   ✅ 保存: 2418_1530_ツカダグローバルHD_2026年12月期 第1四半期決算短信[日本基準](連結).pdf
   ✅ 保存: 2445_1530_タカミヤ_2026年3月期 決算短信〔日本基準〕(連結).pdf
   ✅ 保存: 2445_1530_タカミヤ_2026年3月期 決算説明資料.pdf
   ✅ 保存: 2445_1530_タカミヤ_中期経営計画の数値目標の見直しに関するお知らせ.pdf
   ✅ 保存: 2477_1530_手間いらず_2026年6月期 第3四半期決算短信[日本基準](非連結).pdf
   ✅ 保存: 2477_1530_手間いらず_2026年6月期(第23期)第3四半期決算説明資料.pdf
   ✅ 保存: 2483_1530_翻訳センター_2026年3月期 決算短信[日本基準](連結).pdf
   ✅ 保存: 2483_1530_翻訳センター_中期経営計画における連結業績目標の修正に関するお知らせ.pdf
   ✅ 保存: 2483_1530_翻訳センター_剰余金の配当(増配)及び2027年3月期配当予想並びに株主還元方針の変更に関するお知らせ.pdf
   ✅ 保存: 2533_1530_オエノンHD_2026年12月期 第1四半期決算短信〔日本基準〕(連結).pdf
   ✅ 保存: 2533_1530_オエノンHD_自己株式取得に係る事項の決定に関するお知らせ.pdf
   ✅ 保存: 2607_1530_不二製油_2026年3月期 決算短信〔IFRS〕(連結).pdf
   ✅ 保存: 262A_1530_インターメスティック_2026年12月期第1四半期決算短信〔日本基準〕(連結).pdf
   ✅ 保存: 262A_1530_インターメスティック_PPAに関する説明資料.pdf
   ✅ 保存: 2676_1530_高千穂交_剰余金の配当に関するお知らせ.pdf
   ✅ 保存: 2676_1530_高千穂交_2026年3月期決算補足説明資料.pdf
   ✅ 保存: 2676_1530_高千穂交_2026年3月期決算短信〔日本基準〕(連結).pdf
   ✅ 保存: 2702_1530_マクドナルド_2026年12月期 第1四半期決算短信〔日本基準〕(連結).pdf
   ✅ 保存: 2871_1530_ニチレイ_2026年3月期 決算短信〔日本基準〕(連結).pdf
   ✅ 保存: 2871_1530_ニチレイ_2026年3月期 期末決算説明会資料.pdf
   ✅ 保存: 2871_1530_ニチレイ_中期経営計画「Compass×Growth 2027」の財務目標の変更に関するお知らせについて.pdf
   ✅ 保存: 3024_1530_クリエイト_業績予想の修正に関するお知らせ.pdf
   ✅ 保存: 3028_1530_アルペン_2026年6月期 第3四半期決算短信〔日本基準〕(連結).pdf
   ✅ 保存: 3082_1530_きちりHD_2026年6月期第3四半期決算短信〔日本基準〕(連結).pdf
   ✅ 保存: 3093_1530_トレファク_2026年4月 月次売上概況(単体).pdf
   ✅ 保存: 3110_1530_日東紡_2026年3月期 決算短信〔日本基準〕(連結).pdf
   ✅ 保存: 3110_1530_日東紡_剰余金の配当に関するお知らせ.pdf
   ✅ 保存: 3110_1530_日東紡_中期経営計画 最終年度目標値修正のお知らせ.pdf
   ✅ 保存: 3154_1530_メディアスHD_2026年6月期 第3四半期決算短信〔日本基準〕(連結).pdf
   ✅ 保存: 3193_1530_エターナルホスピG_月次報告(2026年4月度).pdf
   ✅ 保存: 3224_1530_G-Gオイスター_特別損失の計上、繰延税金資産の一部取崩し及び連結業績予想の修正に関するお知らせ.pdf
   ✅ 保存: 3360_1530_シップHD_2026年3月期決算補足資料.pdf
   ✅ 保存: 3360_1530_シップHD_剰余金の配当に関するお知らせ.pdf
   ✅ 保存: 3360_1530_シップHD_2026年3月期 決算短信〔日本基準〕(連結).pdf
   ✅ 保存: 3375_1530_ZOA_剰余金の配当に関するお知らせ.pdf
   ✅ 保存: 3436_1530_SUMCO_2026年12月期 第1四半期決算短信〔日本基準〕(連結).pdf
   ✅ 保存: 3436_1530_SUMCO_2026年12月期 第1四半期決算説明会資料.pdf
   ✅ 保存: 3436_1530_SUMCO_配当予想の修正に関するお知らせ.pdf
   ✅ 保存: 3467_1530_アグレ都市デザイン_剰余金の配当(増配)に関するお知らせ.pdf
   ✅ 保存: 3467_1530_アグレ都市デザイン_2026年3月期 決算短信〔日本基準〕(連結).pdf
   ✅ 保存: 3467_1530_アグレ都市デザイン_2026年3月期決算補足説明資料.pdf
   ✅ 保存: 3494_1530_マリオン_2026年9月期 第2四半期(中間期)決算短信〔日本基準〕(非連結).pdf
   ✅ 保存: 3608_1530_TSI HD_月次売上情報(前年比)のお知らせ.pdf
   ✅ 保存: 3626_1530_TIS_自己株式の取得結果及び取得終了に関するお知らせ.pdf
   ✅ 保存: 3628_1530_G-データHR_2026年3月期 決算短信〔日本基準〕(連結).pdf
   ✅ 保存: 3628_1530_G-データHR_事業計画及び成長可能性に関する事項.pdf
   ✅ 保存: 3671_1530_ソフトMAX_2026年12月期 第1四半期決算短信[日本基準](非連結).pdf
   ✅ 保存: 3679_1530_じげん_剰余金の配当に関するお知らせ.pdf
   ✅ 保存: 3679_1530_じげん_個別業績の前期実績値との差異に関するお知らせ.pdf
   ✅ 保存: 3679_1530_じげん_2026年3月期 決算短信〔IFRS〕(連結).pdf
   ✅ 保存: 3679_1530_じげん_株式会社じげん 第3次中期経営計画.pdf
   ✅ 保存: 3679_1530_じげん_2026年3月期 通期決算説明会資料.pdf
   ✅ 保存: 3679_1530_じげん_2026年3月期 第4四半期 データブック.pdf
   ✅ 保存: 3690_1530_イルグルム_2026年4月の月次売上高(速報)に関するお知らせ.pdf
   ✅ 保存: 3779_1530_J・エスコムHD_2026年3月期決算短信〔日本基準〕(連結).pdf
   ✅ 保存: 3779_1530_J・エスコムHD_定款一部変更のお知らせ.pdf
   ✅ 保存: 3779_1530_J・エスコムHD_連結業績及び個別業績の前期実績値との差異に関するお知らせ.pdf
   ✅ 保存: 3779_1530_J・エスコムHD_固定資産の減損損失(特別損失)の計上に関するお知らせ.pdf
   ✅ 保存: 3793_1530_G-ドリコム_自己株式取得に係る事項の決定に関するお知らせ.pdf
   ✅ 保存: 3793_1530_G-ドリコム_2026年3月期 決算短信〔日本基準〕(連結).pdf
   ✅ 保存: 3793_1530_G-ドリコム_2026年3月期 決算説明資料.pdf
   ✅ 保存: 3837_1530_アドソル日進_2026年3月期 決算説明資料.pdf
   ...Page 005 を確認中
   ✅ 保存: 3837_1530_アドソル日進_2026年3月期 決算短信〔日本基準〕(連結).pdf
   ✅ 保存: 387A_1530_G-フラー_2026年6月期第3四半期決算短信〔日本基準〕(非連結).pdf
   ✅ 保存: 387A_1530_G-フラー_2026年6月期第3四半期 決算説明資料.pdf
   ✅ 保存: 3964_1530_オークネット_2026年12月期第1四半期 決算短信〔日本基準〕(連結).pdf
   ✅ 保存: 3964_1530_オークネット_2026年12月期第1四半期決算説明資料.pdf
   ✅ 保存: 3964_1530_オークネット_2026年12月期連結業績予想及び配当予想の修正に関するお知らせ.pdf
   ✅ 保存: 4023_1530_クレハ_2026年3月期 決算短信〔IFRS〕(連結).pdf
   ✅ 保存: 4023_1530_クレハ_クレハグループ『新中長期経営計画』- Technology to Value - 策定のお知らせ.pdf
   ✅ 保存: 4023_1530_クレハ_剰余金の配当に関するお知らせ.pdf
   ✅ 保存: 4023_1530_クレハ_自己株式の消却に関するお知らせ.pdf
   ✅ 保存: 4259_1530_G-エクサウィザーズ_繰延税金資産および特別損失(減損損失)の計上ならびに個別業績および連結業績の今期実績値と前期実績値との差異に関するお知らせ.pdf
   ✅ 保存: 4259_1530_G-エクサウィザーズ_2026年3月期決算短信〔日本基準〕(連結).pdf
   ✅ 保存: 4259_1530_G-エクサウィザーズ_2026年3月期通期 決算説明資料.pdf
   ✅ 保存: 4259_1530_G-エクサウィザーズ_介護領域事業の再編に伴う連結子会社間の吸収合併及び親子会社間の吸収分割に関するお知らせ.pdf
   ✅ 保存: 4259_1530_G-エクサウィザーズ_株主還元方針の変更に関するお知らせ.pdf
   ✅ 保存: 4307_1530_NRI_剰余金の配当に関するお知らせ.pdf
   ✅ 保存: 4347_1530_ブロードメディア_2026年3月期決算短信〔日本基準〕(連結).pdf
   ✅ 保存: 4347_1530_ブロードメディア_剰余金の配当(増配)に関するお知らせ.pdf
   ✅ 保存: 4347_1530_ブロードメディア_個別業績の前期実績値との差異に関するお知らせ.pdf
   ✅ 保存: 4374_1530_G-ロボペイ_2026年12月期第1四半期決算短信〔日本基準〕(非連結).pdf
   ✅ 保存: 4374_1530_G-ロボペイ_2026年12月期第1四半期決算説明資料.pdf
   ✅ 保存: 4384_1530_ラクスル_株式併合並びに単元株式数の定めの廃止及び定款の一部変更の承認決議に関するお知らせ.pdf
   ✅ 保存: 4395_1530_G-アクリート_資金の借入に関するお知らせ.pdf
   ✅ 保存: 4419_1530_G-Finatext_2026年3月期決算短信〔日本基準〕(連結).pdf
   ✅ 保存: 4419_1530_G-Finatext_2025年度通期決算説明資料及び成長可能性に関する事項.pdf
   ✅ 保存: 4452_1530_花王_2026年12月期 第1四半期決算短信〔IFRS会計基準〕(連結).pdf
   ✅ 保存: 4452_1530_花王_2026年12月期第1四半期連結決算の概要.pdf
   ✅ 保存: 4477_1530_G-BASE_2026年12月期第1四半期決算短信〔日本基準〕(連結).pdf
   ✅ 保存: 4477_1530_G-BASE_当社株主との秘密保持契約の有効期間延長及び友好的なエンゲージメントの継続に関するお知らせ.pdf
   ✅ 保存: 4477_1530_G-BASE_2026年12月期第1四半期決算説明会資料.pdf
   ✅ 保存: 4507_1530_塩野義薬_2026年3月期決算短信〔IFRS〕(連結).pdf
   ✅ 保存: 4507_1530_塩野義薬_2026年3月期決算補足資料.pdf
   ✅ 保存: 4507_1530_塩野義薬_2025年度 決算説明資料.pdf
   ✅ 保存: 4536_1530_参天薬_2026年3月期 決算短信〔IFRS〕(連結).pdf
   ✅ 保存: 4538_1530_扶桑薬_役員人事及び執行役員人事に関するお知らせ.pdf
   ✅ 保存: 4538_1530_扶桑薬_2026年3月期決算短信〔日本基準〕(非連結).pdf
   ✅ 保存: 4538_1530_扶桑薬_2026年3月期 通期決算補足説明資料.pdf
   ✅ 保存: 4569_1530_杏林製薬_2026年3月期 決算短信〔日本基準〕(連結).pdf
   ✅ 保存: 4569_1530_杏林製薬_2026年3月期 決算補足資料.pdf
   ✅ 保存: 4569_1530_杏林製薬_2026年3月期 通期業績予想と実績の差異に関するお知らせ.pdf
   ✅ 保存: 4569_1530_杏林製薬_2026年3月期 決算説明会資料.pdf
   ✅ 保存: 4569_1530_杏林製薬_新中期経営計画「Vision 110 -Stage2-」 (2026年度~2029年度)の策定について.pdf
   ✅ 保存: 4569_1530_杏林製薬_杏林製薬株式会社 役員の異動に関するお知らせ.pdf
   ✅ 保存: 4569_1530_杏林製薬_株式報酬制度の一部改定に関するお知らせ.pdf
   ✅ 保存: 4570_1530_G-免疫生物研究所_剰余金の配当に関するお知らせ.pdf
   ✅ 保存: 4570_1530_G-免疫生物研究所_定款一部変更に関するお知らせ.pdf
   ✅ 保存: 4570_1530_G-免疫生物研究所_監査等委員会設置会社へ移行後の役員人事に関するお知らせ.pdf
   ✅ 保存: 4615_1530_神東塗料_2026年3月期 決算短信〔日本基準〕(連結).pdf
   ✅ 保存: 4615_1530_神東塗料_代表取締役の異動(退任)に関するお知らせ.pdf
   ✅ 保存: 4676_1530_フジHD_2026年3月期決算短信〔日本基準〕(連結).pdf
   ✅ 保存: 4676_1530_フジHD_2026年3月期 決算説明資料.pdf
   ✅ 保存: 4676_1530_フジHD_「グループビジョン」策定に関するお知らせ.pdf
   ✅ 保存: 4676_1530_フジHD_グループビジョン2026-2030ver.1.0.pdf
   ✅ 保存: 4718_1530_早稲アカ_2026年3月期 決算短信〔日本基準〕(連結).pdf
   ✅ 保存: 4718_1530_早稲アカ_特別損失(減損損失)の計上に関するお知らせ.pdf
   ✅ 保存: 485A_1530_G-パワーエックス_(訂正)「株式分割及び株式分割に伴う定款の一部変更に関するお知らせ」 の一部訂正について.pdf
   ✅ 保存: 4881_1530_G-ファンペップ_2026年12月期 第1四半期決算短信〔日本基準〕(連結).pdf
   ✅ 保存: 4889_1530_G-レナサイエンス_遠隔転移を有する切除不能膵がん又は再発膵がんに対する第二相試験開始(患者登録開始)のお知らせ.pdf
   ✅ 保存: 4911_1530_資生堂_2026年12月期第1四半期決算短信〔IFRS〕(連結).pdf
   ✅ 保存: 4911_1530_資生堂_2026年 第1四半期 決算説明資料.pdf
   ✅ 保存: 4911_1530_資生堂_台湾資生堂 新竹工場の閉鎖に関するお知らせ.pdf
   ✅ 保存: 4912_1530_ライオン_2026年12月期 第1四半期決算短信〔IFRS〕(連結).pdf
   ✅ 保存: 4912_1530_ライオン_2026年12月期 第1四半期決算説明資料.pdf
   ✅ 保存: 4971_1530_メック_2026年12月期第1四半期決算短信〔日本基準〕(連結).pdf
   ✅ 保存: 4971_1530_メック_2026年12月期第1四半期決算説明会資料.pdf
   ✅ 保存: 4971_1530_メック_業績予想および配当予想の修正に関するお知らせ.pdf
   ✅ 保存: 4975_1530_JCU_2026年3月期決算短信〔日本基準〕(連結).pdf
   ✅ 保存: 4998_1530_フマキラー_通期業績予想の修正に関するお知らせ.pdf
   ✅ 保存: 5019_1530_出光興産_2026年3月期 決算短信〔日本基準〕(連結).pdf
   ✅ 保存: 5019_1530_出光興産_2025年度 決算説明資料.pdf
   ✅ 保存: 5019_1530_出光興産_業績予想値と決算値との差異に関するお知らせ.pdf
   ✅ 保存: 5019_1530_出光興産_自己株式取得に係る事項の決定および自己株式の消却に関するお知らせ.pdf
   ✅ 保存: 5019_1530_出光興産_中期経営計画(2026-2030年度)の策定およびIFRS任意適用について.pdf
   ✅ 保存: 5019_1530_出光興産_中期経営計画(2026-2030年度).pdf
   ✅ 保存: 5019_1530_出光興産_業績連動型株式報酬制度の継続及び改定に関するお知らせ.pdf
   ✅ 保存: 5019_1530_出光興産_代表取締役及び役員の異動内定に関するお知らせ.pdf
   ✅ 保存: 5021_1530_コスモエネルギーHD_2026年3月期 決算短信〔日本基準〕(連結).pdf
   ✅ 保存: 5021_1530_コスモエネルギーHD_2026年3月期 通期連結業績予想と実績との差異に関するお知らせ.pdf
   ✅ 保存: 5021_1530_コスモエネルギーHD_株式報酬制度の継続に関するお知らせ.pdf
   ✅ 保存: 5033_1530_G-ヌーラボ_当社従業員に対するストックオプション(新株予約権)の発行内容確定に関するお知らせ.pdf
   ✅ 保存: 5036_1530_日本ビジネスシステム_2026年9月期 第2四半期(中間期)決算短信〔日本基準〕(連結).pdf
   ✅ 保存: 5036_1530_日本ビジネスシステム_通期業績予想および配当予想の修正に関するお知らせ.pdf
   ✅ 保存: 5121_1530_藤コンポ_自己株式の取得状況に関するお知らせ.pdf
   ✅ 保存: 5126_1530_G-ポーターズ_2026年12月期 第1四半期決算短信〔日本基準〕(連結).pdf
   ✅ 保存: 5126_1530_G-ポーターズ_2026年12月期 第1四半期 決算説明補足資料.pdf
   ✅ 保存: 5126_1530_G-ポーターズ_報告セグメントの変更に関するお知らせ.pdf
   ✅ 保存: 519A_1530_G-ベーシック_2026年12月期 第1四半期決算短信〔日本基準〕(非連結).pdf
   ✅ 保存: 5401_1530_日本製鉄_子会社の通期個別業績見込み値と実績値との差異に関するお知らせ.pdf
   ✅ 保存: 5449_1530_大阪製鉄_連結子会社の解散の方針決定及び特別損失の計上に関するお知らせ.pdf
   ✅ 保存: 5449_1530_大阪製鉄_2026年3月期決算短信〔日本基準〕(連結).pdf
   ✅ 保存: 5449_1530_大阪製鉄_2026年3月期 決算補足説明資料.pdf
   ✅ 保存: 5449_1530_大阪製鉄_2026年3月期 通期連結業績予想と実績値との差異に関するお知らせ.pdf
   ✅ 保存: 5449_1530_大阪製鉄_2026年3月期 通期個別業績見込み値と実績値との差異に関するお知らせ.pdf
   ✅ 保存: 5449_1530_大阪製鉄_株主提案権行使に係る書面の受領及び当社取締役会意見に関するお知らせ.pdf
   ✅ 保存: 5620_1530_P-エスピーオー_通期業績予想の修正に関するお知らせ.pdf
   ✅ 保存: 5715_1530_古河機金_2026年3月期 決算短信〔日本基準〕(連結).pdf
   ✅ 保存: 5851_1530_リョービ_2026年12月期 第1四半期決算短信〔日本基準〕(連結).pdf
   ✅ 保存: 5909_1530_コロナ_2026年3月期 決算短信〔日本基準〕(連結).pdf
   ✅ 保存: 5909_1530_コロナ_第10次中期経営計画 経営目標の修正に関するお知らせ.pdf
   ✅ 保存: 5939_1530_大谷工業_通期業績予想と実績との差異に関するお知らせ.pdf
   ...Page 006 を確認中
   ✅ 保存: 5939_1530_大谷工業_2026年3月期 決算短信〔日本基準〕(非連結).pdf
   ✅ 保存: 5956_1530_トーソー_業績予想および配当予想の修正に関するお知らせ.pdf
   ✅ 保存: 6197_1530_ソラスト_MP-2605株式会社による当社株式に対する公開買付けの結果並びに親会社及び主要株主である筆頭株主の異動に関するお知らせ.pdf
   ✅ 保存: 6197_1530_ソラスト_監査役の辞任に関するお知らせ.pdf
   ✅ 保存: 6257_1530_藤商事_2026年3月期 決算短信〔日本基準〕(連結).pdf
   ✅ 保存: 6257_1530_藤商事_2026年3月期 決算説明資料.pdf
   ✅ 保存: 6257_1530_藤商事_代表取締役の異動(退任)および役員人事に関するお知らせ.pdf
   ✅ 保存: 6257_1530_藤商事_支配株主等に関する事項について.pdf
   ✅ 保存: 6266_1530_タツモ_譲渡制限付株式報酬としての自己株式の処分の払込完了に関するお知らせ.pdf
   ✅ 保存: 6335_1530_東京機_2026年3月期決算短信〔日本基準〕(連結).pdf
   ✅ 保存: 6337_1530_テセック_2026年3月期 決算短信〔日本基準〕(連結).pdf
   ✅ 保存: 6337_1530_テセック_決算補足説明資料(連結).pdf
   ✅ 保存: 6337_1530_テセック_剰余金の配当に関するお知らせ.pdf
   ✅ 保存: 6337_1530_テセック_自己株式の無償取得に関するお知らせ.pdf
   ✅ 保存: 6337_1530_テセック_投資有価証券売却益(特別利益)の計上に関するお知らせ.pdf
   ✅ 保存: 6367_1530_ダイキン工_2026年3月期 決算短信〔日本基準〕(連結).pdf
   ✅ 保存: 6367_1530_ダイキン工_自己株式取得に係る事項の決定に関するお知らせ(コミットメント型自己株式取得(FCSR)による自己株式取得).pdf
   ✅ 保存: 6367_1530_ダイキン工_役員報酬制度の改定に関するお知らせ.pdf
   ✅ 保存: 6367_1530_ダイキン工_剰余金の配当(増配)に関するお知らせ.pdf
   ✅ 保存: 6367_1530_ダイキン工_投資単位の引下げに関する考え方および方針について.pdf
   ✅ 保存: 6381_1530_アネスト岩田_2026年3月期決算短信〔日本基準〕(連結).pdf
   ✅ 保存: 6381_1530_アネスト岩田_2026年3月期決算補足説明資料.pdf
   ✅ 保存: 6381_1530_アネスト岩田_剰余金の配当に関するお知らせ.pdf
   ✅ 保存: 6381_1530_アネスト岩田_定款の一部変更に関するお知らせ.pdf
   ✅ 保存: 6381_1530_アネスト岩田_自己株式の取得に関するお知らせ.pdf
   ✅ 保存: 6381_1530_アネスト岩田_長期成長戦略Vision2035実現に向けたマスタープラン策定に関するお知らせ.pdf
   ✅ 保存: 6471_1530_日本精工_日本精工株式会社とNTN株式会社との共同持株会社設立(株式移転)による経営統合に関する基本合意書の締結について.pdf
   ✅ 保存: 6471_1530_日本精工_2026年3月期決算短信〔IFRS〕(連結).pdf
   ✅ 保存: 6472_1530_NTN_日本精工株式会社とNTN株式会社との共同持株会社設立(株式移転)による経営統合に関する基本合意書の締結について.pdf
   ✅ 保存: 6479_1530_ミネベアミツミ_2026年3月期 決算短信〔IFRS〕(連結).pdf
   ✅ 保存: 6479_1530_ミネベアミツミ_人事異動のお知らせ.pdf
   ✅ 保存: 6479_1530_ミネベアミツミ_定款一部変更に関するお知らせ.pdf
   ✅ 保存: 6532_1530_ベイカレント_自己株式の取得状況に関するお知らせ.pdf
   ✅ 保存: 6537_1530_G-WASHハウス_2026年12月期 第1四半期決算短信〔日本基準〕(連結).pdf
   ✅ 保存: 6537_1530_G-WASHハウス_2026年12月期 第1四半期決算短信補足資料.pdf
   ✅ 保存: 6539_1530_MS-Japan_2026年3月期 決算短信〔日本基準〕(連結).pdf
   ✅ 保存: 6539_1530_MS-Japan_2026年3月期 決算補足説明資料.pdf
   ✅ 保存: 6626_1530_SEMITEC_個別決算における貸倒引当金繰入額の計上に関するお知らせ.pdf
   ✅ 保存: 6626_1530_SEMITEC_剰余金の配当に関するお知らせ.pdf
   ✅ 保存: 6626_1530_SEMITEC_2026年3月期 決算短信〔日本基準〕(連結).pdf
   ✅ 保存: 6701_1530_NEC_「2030中期経営計画」の策定について.pdf
   ✅ 保存: 6727_1530_ワコム_2026年3月期 決算短信〔日本基準〕(連結).pdf
   ✅ 保存: 6727_1530_ワコム_剰余金の配当(期末配当)に関するお知らせ.pdf
   ✅ 保存: 6727_1530_ワコム_自己株式の取得に関するお知らせ.pdf
   ✅ 保存: 6727_1530_ワコム_新任取締役候補者の選任、及び取締役会の新体制に関するお知らせ.pdf
   ✅ 保存: 6728_1530_アルバック_通期業績予想の修正および配当予想の修正に関するお知らせ.pdf
   ✅ 保存: 6728_1530_アルバック_事業統合契約等の締結および連結子会社の異動(持分譲渡)に関するお知らせ.pdf
   ✅ 保存: 6728_1530_アルバック_役員等の異動に関するお知らせ.pdf
   ✅ 保存: 6728_1530_アルバック_代表取締役の異動に関するお知らせ.pdf
   ✅ 保存: 6728_1530_アルバック_2026年6月期第3四半期 決算短信〔日本基準〕(連結).pdf
   ✅ 保存: 6753_1530_シャープ_2026年3月期 決算短信〔日本基準〕(連結).pdf
   ✅ 保存: 6753_1530_シャープ_FY2025決算及びFY2025-2027中期経営計画の進捗状況.pdf
   ✅ 保存: 6753_1530_シャープ_2025年度 決算.pdf
   ✅ 保存: 6753_1530_シャープ_特別損失の計上に関するお知らせ.pdf
   ✅ 保存: 6763_1530_帝通工_2026年3月期決算短信〔日本基準〕(連結).pdf
   ✅ 保存: 6763_1530_帝通工_2026年3月期決算説明資料.pdf
   ✅ 保存: 6763_1530_帝通工_「中期経営計画2030」策定のお知らせ.pdf
   ✅ 保存: 6763_1530_帝通工_連結子会社の吸収合併(簡易合併・略式合併)に関するお知らせ.pdf
   ✅ 保存: 6763_1530_帝通工_株主提案に関する書面の受領および当社取締役会意見に関するお知らせ.pdf
   ✅ 保存: 6763_1530_帝通工_取締役候補者の選任に関するお知らせ.pdf
   ✅ 保存: 6838_1530_多摩川HD_第三者割当により発行された第17回新株予約権(行使価額修正選択権付)の大量行使に関するお知らせ.pdf
   ✅ 保存: 6838_1530_多摩川HD_第三者割当により発行された第16回新株予約権(行使価額修正選択権付)の大量行使及び行使完了に関するお知らせ.pdf
   ✅ 保存: 6850_1530_チノー_自己株式の取得状況に関するお知らせ.pdf
   ✅ 保存: 6862_1530_ミナトHD_2026年3月期 決算短信〔日本基準〕(連結).pdf
   ✅ 保存: 6862_1530_ミナトHD_2026年3月期 決算説明資料.pdf
   ✅ 保存: 6862_1530_ミナトHD_設立70周年記念配当予定に関するお知らせ.pdf
   ✅ 保存: 6862_1530_ミナトHD_通期連結業績予想と実績値の差異および特別損失(のれんおよび固定資産の減損損失)ならびに法人税等調整額(益)の計上に関するお知らせ.pdf
   ✅ 保存: 6862_1530_ミナトHD_報告セグメント変更に関するお知らせ.pdf
   ✅ 保存: 6963_1530_ローム_2026年3月期 決算短信[日本基準](連結).pdf
   ✅ 保存: 6963_1530_ローム_Fact Book FY2025 Q4.pdf
   ✅ 保存: 6963_1530_ローム_特別損失(減損損失)の計上及び業績予想値と実績値との差異に関するお知らせ.pdf
   ✅ 保存: 6963_1530_ローム_ROHM Electronics Dalian Co., Ltd.の異動(持分譲渡)に関するお知らせ.pdf
   ✅ 保存: 7004_1530_カナデビア_代表取締役および取締役の異動に関するお知らせ.pdf
   ✅ 保存: 7004_1530_カナデビア_株主還元方針の見直しについて.pdf
   ✅ 保存: 7004_1530_カナデビア_2026年3月期 決算短信〔日本基準〕(連結).pdf
   ✅ 保存: 7004_1530_カナデビア_通期連結業績予想と実績値との差異に関するお知らせ.pdf
   ✅ 保存: 7004_1530_カナデビア_個別業績の前期実績値との差異に関するお知らせ.pdf
   ✅ 保存: 7018_1530_内海造_投資単位の引下げに関する考え方及び方針等について.pdf
   ✅ 保存: 7018_1530_内海造_2026年3月期 決算短信〔日本基準〕(連結).pdf
   ✅ 保存: 7022_1530_サノヤスHD_2026年3月期 決算短信〔日本基準〕(連結).pdf
   ✅ 保存: 7022_1530_サノヤスHD_2026年3月期 決算説明資料.pdf
   ✅ 保存: 7022_1530_サノヤスHD_通期業績予想値と実績値との差異に関するお知らせ.pdf
   ✅ 保存: 7022_1530_サノヤスHD_自己株式取得に係る事項の決定に関するお知らせ.pdf
   ✅ 保存: 7022_1530_サノヤスHD_役員人事に関するお知らせ.pdf
   ✅ 保存: 7030_1530_スプリックス_2026年9月期第2四半期(中間期)決算短信〔日本基準〕(連結).pdf
   ✅ 保存: 7030_1530_スプリックス_2026年9月期第2四半期決算説明資料.pdf
   ✅ 保存: 7088_1530_フォーラムエンジニア_当社株式の上場廃止に関するお知らせ.pdf
   ✅ 保存: 7127_1530_一家ホールディングス_(株)一家ダイニングプロジェクト 飲食事業部 月次報告(2026年4月度).pdf
   ✅ 保存: 7186_1530_横浜FG_2026年3月期 決算短信〔日本基準〕(連結).pdf
   ✅ 保存: 7186_1530_横浜FG_2026年3月期通期連結業績と前期実績との差異に関するお知らせ.pdf
   ✅ 保存: 7186_1530_横浜FG_剰余金の配当(期末配当)ならびに2027年3月期の株主還元方針に関するお知らせ.pdf
   ✅ 保存: 7198_1530_SBIアルヒ_2026年3月期 決算短信〔IFRS〕(連結).pdf
   ✅ 保存: 7229_1530_ユタカ技研_個別業績の前期実績値との差異に関するお知らせ.pdf
   ✅ 保存: 7229_1530_ユタカ技研_業績予想と実績の差異に関するお知らせ.pdf
   ✅ 保存: 7229_1530_ユタカ技研_2026年3月期 決算短信〔IFRS〕(連結).pdf
   ✅ 保存: 7372_1530_G-デコルテHD_2026年9月期第2四半期(中間期)決算短信〔IFRS〕(連結).pdf
   ✅ 保存: 7372_1530_G-デコルテHD_2026年9月期第2四半期決算説明資料.pdf
   ✅ 保存: 7417_1530_南陽_2026年3月期決算短信〔日本基準〕(連結).pdf
   ✅ 保存: 7417_1530_南陽_2026年3月期決算説明資料.pdf
   ✅ 保存: 7417_1530_南陽_剰余金の配当(増配)に関するお知らせ.pdf
   ...Page 007 を確認中
   ✅ 保存: 7417_1530_南陽_自己株式の取得状況に関するお知らせ.pdf
   ✅ 保存: 7481_1530_尾家産_配当予想の修正(増配)に関するお知らせ.pdf
   ✅ 保存: 7481_1530_尾家産_2026年3月期 決算短信[日本基準](連結).pdf
   ✅ 保存: 7483_1530_ドウシシャ_剰余金の配当(増配)に関するお知らせ.pdf
   ✅ 保存: 7483_1530_ドウシシャ_2026年3月期 決算短信〔日本基準〕(連結).pdf
   ✅ 保存: 7545_1530_西松屋チェ_当社株券等の大規模買付行為への対応方針(買収への対応方針)に基づく独立委員会の委員再任に関するお知らせ.pdf
   ✅ 保存: 7545_1530_西松屋チェ_(訂正・数値データ訂正)「2026年2月期決算短信[日本基準〕(連結)」の一部訂正について.pdf
   ✅ 保存: 7545_1530_西松屋チェ_特定子会社の異動に関するお知らせ.pdf
   ✅ 保存: 7550_1530_ゼンショーHD_2026年3月期 決算短信〔日本基準〕(連結).pdf
   ✅ 保存: 7550_1530_ゼンショーHD_2026年3月期 剰余金の配当(増配)及び 2027年3月期 配当予想に関するお知らせ.pdf
   ✅ 保存: 7550_1530_ゼンショーHD_投資単位の引下げに関する考え方及び方針について.pdf
   ✅ 保存: 7628_1530_オーハシテクニカ_2026年3月期決算短信〔日本基準〕(連結).pdf
   ✅ 保存: 7628_1530_オーハシテクニカ_減損損失(連結)の計上、及び2026年3月期連結業績予想と実績値の差異に関するお知らせ.pdf
   ✅ 保存: 7628_1530_オーハシテクニカ_個別業績の前期実績値との差異に関するお知らせ.pdf
   ✅ 保存: 7628_1530_オーハシテクニカ_業績予想および配当予想に関するお知らせ.pdf
   ✅ 保存: 7628_1530_オーハシテクニカ_譲渡制限付株式報酬制度の導入に関するお知らせ.pdf
   ✅ 保存: 7628_1530_オーハシテクニカ_株式給付信託(J-ESOP)の導入に関するお知らせ.pdf
   ✅ 保存: 7646_1530_PLANT_自己株式消却完了に関するお知らせ.pdf
   ✅ 保存: 7698_1530_アイスコ_特別損失の計上並びに通期個別業績予想の修正に関するお知らせ.pdf
   ✅ 保存: 7699_1530_G-OPS_2026年3月期(2025年4月1日~2026年3月31日)信託財産状況報告書.pdf
   ✅ 保存: 7701_1530_島津製_2026年3月期 決算短信〔日本基準〕(連結).pdf
   ✅ 保存: 7701_1530_島津製_剰余金の配当に関するお知らせ.pdf
   ✅ 保存: 7701_1530_島津製_取締役等に対する株式報酬制度の継続に関するお知らせ.pdf
   ✅ 保存: 7702_1530_JMS_2026年3月期決算短信〔日本基準〕(連結).pdf
   ✅ 保存: 7702_1530_JMS_2026年3月期連結決算の概要.pdf
   ✅ 保存: 7702_1530_JMS_特別損失(事業再編損)の計上及び通期連結業績予想との差異に関するお知らせ.pdf
   ✅ 保存: 7733_1530_オリンパス_2026年3月期 決算短信〔IFRS〕(連結).pdf
   ✅ 保存: 7733_1530_オリンパス_2026年3月期 連結決算概況 2027年3月期 通期業績見通し.pdf
   ✅ 保存: 7733_1530_オリンパス_2026年3月期 決算参考資料.pdf
   ✅ 保存: 7733_1530_オリンパス_通期連結業績予想と実績との差異に関するお知らせ.pdf
   ✅ 保存: 7733_1530_オリンパス_(開示事項の経過)グローバルの人員最適化に関するお知らせ.pdf
   ✅ 保存: 7733_1530_オリンパス_自己株式取得に係る事項の決定及び自己株式消却に関するお知らせ.pdf
   ✅ 保存: 7752_1530_リコー_2026年3月期 決算短信〔IFRS〕(連結).pdf
   ✅ 保存: 7752_1530_リコー_自己株式取得に係る事項の決定及び自己株式消却に係る事項の決定に関するお知らせ.pdf
   ✅ 保存: 7849_1530_スターツ出版_2026年12月期 第1四半期決算短信〔日本基準〕(非連結).pdf
   ✅ 保存: 7867_1530_タカラトミー_2026年3月期 決算短信〔日本基準〕(連結).pdf
   ✅ 保存: 7867_1530_タカラトミー_個別業績と前期実績との差異に関するお知らせ.pdf
   ✅ 保存: 7867_1530_タカラトミー_定款一部変更に関するお知らせ.pdf
   ✅ 保存: 7906_1530_ヨネックス_2026年3月期 決算短信〔日本基準〕(連結).pdf
   ✅ 保存: 7906_1530_ヨネックス_剰余金の配当(増配)に関するお知らせ.pdf
   ✅ 保存: 7906_1530_ヨネックス_2026年3月期 決算説明資料.pdf
   ✅ 保存: 7915_1530_NISSHA_2026年12月期第1四半期決算短信〔IFRS〕(連結).pdf
   ✅ 保存: 7915_1530_NISSHA_第2四半期(中間期)連結業績予想および通期連結業績予想の修正に関するお知らせ.pdf
   ✅ 保存: 7940_1530_ウェーブロックHD_2026年3月期 決算短信〔日本基準〕(連結).pdf
   ✅ 保存: 7940_1530_ウェーブロックHD_2026年3月期決算補足説明.pdf
   ✅ 保存: 7944_1530_ローランド_連結子会社からの配当金受領に関するお知らせ.pdf
   ✅ 保存: 7972_1530_イトーキ_譲渡制限付株式報酬としての自己株式の処分の払込完了に関するお知らせ.pdf
   ✅ 保存: 7997_1530_くろがね工作所_株主優待制度の変更に関するお知らせ.pdf
   ✅ 保存: 7997_1530_くろがね工作所_投資有価証券売却益(特別利益)の計上見込みに関するお知らせ.pdf
   ✅ 保存: 8045_1530_横浜丸魚_2026年3月期 決算短信[日本基準](連結).pdf
   ✅ 保存: 8045_1530_横浜丸魚_役員の異動に関するお知らせ.pdf
   ✅ 保存: 8045_1530_横浜丸魚_中期経営計画の策定に関するお知らせ.pdf
   ✅ 保存: 8086_1530_ニプロ_2026年3月期決算短信〔日本基準〕(連結).pdf
   ✅ 保存: 8086_1530_ニプロ_営業外費用(為替差損)、特別利益(補助金収入)および特別損失(固定資産圧縮損)の計上に関するお知らせ.pdf
   ✅ 保存: 8086_1530_ニプロ_剰余金の配当に関するお知らせ.pdf
   ✅ 保存: 8139_1530_ナガホリ_令和8年3月期通期業績予想の上方修正並びに配当予想の修正に関するお知らせ.pdf
   ✅ 保存: 8159_1530_立花エレ_2026年3月期決算短信〔日本基準〕(連結).pdf
   ✅ 保存: 8159_1530_立花エレ_通期連結業績予想と実績との差異に関するお知らせ.pdf
   ✅ 保存: 8159_1530_立花エレ_配当方針の変更(累進配当の導入)に関するお知らせ.pdf
   ✅ 保存: 8159_1530_立花エレ_新中長期経営計画「GIC30」策定のお知らせ.pdf
   ✅ 保存: 8159_1530_立花エレ_役員の異動に関するお知らせ.pdf
   ✅ 保存: 8558_1530_東和銀_2026年3月期 決算短信〔日本基準〕(連結).pdf
   ✅ 保存: 8558_1530_東和銀_前期実績との差異に関するお知らせ.pdf
   ✅ 保存: 8558_1530_東和銀_代表取締役の異動に関するお知らせ.pdf
   ✅ 保存: 8572_1530_アコム_2026年3月期決算短信〔日本基準〕(連結).pdf
   ✅ 保存: 8698_1530_マネックスG_2026年3月期 決算説明資料.pdf
   ✅ 保存: 8698_1530_マネックスG_データ集 2026年3月期.pdf
   ✅ 保存: 8698_1530_マネックスG_2026年3月期決算短信〔IFRS〕(連結).pdf
   ✅ 保存: 8698_1530_マネックスG_2026年3月期実績と前期実績の差異に関するお知らせ.pdf
   ✅ 保存: 8698_1530_マネックスG_(追加)定款の一部変更に関するお知らせ.pdf
   ✅ 保存: 8698_1530_マネックスG_Coincheck Group N.V.へのKDDI株式会社の資本参画及び コインチェック株式会社とKDDI株式会社の業務提携のお知らせ.pdf
   ✅ 保存: 8698_1530_マネックスG_2026年3月期の期末配当予想に関するお知らせ.pdf
   ✅ 保存: 8715_1530_アニコム HD_2026年3月期 決算短信〔日本基準〕(連結).pdf
   ✅ 保存: 8715_1530_アニコム HD_2026年3月期 決算補足説明資料.pdf
   ✅ 保存: 8715_1530_アニコム HD_2026年3月度 月次経営パラメータに関するお知らせ.pdf
   ✅ 保存: 8715_1530_アニコム HD_剰余金の配当に関するお知らせ.pdf
   ✅ 保存: 8715_1530_アニコム HD_自己株式取得に係る事項の決定に関するお知らせ.pdf
   ✅ 保存: 8715_1530_アニコム HD_新任社外取締役候補者の選任に関するお知らせ.pdf
   ✅ 保存: 8841_1530_テーオーシー_2026年3月期 決算短信〔日本基準〕(連結).pdf
   ✅ 保存: 8841_1530_テーオーシー_中期計画目標設定のお知らせ.pdf
   ✅ 保存: 8841_1530_テーオーシー_役員の異動に関するお知らせ.pdf
   ✅ 保存: 8844_1530_コスモスイニシア_長期ビジョンおよび中期経営計画の策定に関するお知らせ.pdf
   ✅ 保存: 8844_1530_コスモスイニシア_2026年3月期 通期連結業績予想と実績値の差異及び剰余金の配当(増配)に関するお知らせ.pdf
   ✅ 保存: 8844_1530_コスモスイニシア_2026年3月期 決算短信〔日本基準〕(連結).pdf
   ✅ 保存: 8844_1530_コスモスイニシア_2026年3月期 決算説明資料.pdf
   ✅ 保存: 8908_1530_毎日コムネット_業績予想の修正及び配当予想の修正に関するお知らせ.pdf
   ✅ 保存: 9005_1530_東急_2026年3月期 決算短信〔日本基準〕(連結).pdf
   ✅ 保存: 9005_1530_東急_2026年3月期 決算概況資料.pdf
   ✅ 保存: 9005_1530_東急_自己株式取得に係る事項の決定に関するお知らせ.pdf
   ✅ 保存: 9036_1530_東部ネット_連結業績予想の修正および中期経営計画の最終年度目標の修正並びに期末配当予想の修正(増配)に関するお知らせ.pdf
   ✅ 保存: 9227_1530_G-マイクロ波化学_通期業績予想の修正及び特別損益計上に関するお知らせ.pdf
   ✅ 保存: 9227_1530_G-マイクロ波化学_2026年6月期 第4四半期決算短信[日本基準](非連結).pdf
   ✅ 保存: 9227_1530_G-マイクロ波化学_2026年6月期 第4四半期決算説明資料.pdf
   ✅ 保存: 9466_1530_アイドマMC_2026年3月期 決算短信 [日本基準] (連結).pdf
   ✅ 保存: 9466_1530_アイドマMC_子会社の設立に関するお知らせ.pdf
   ✅ 保存: 9517_1530_イーレックス_2026年3月期 決算短信〔IFRS〕(連結).pdf
   ✅ 保存: 9517_1530_イーレックス_資本業務提携の解消に関するお知らせ.pdf
   ✅ 保存: 9517_1530_イーレックス_2026年3月期業績予想値と実績値との差異に関するお知らせ.pdf
   ✅ 保存: 9517_1530_イーレックス_剰余金の配当に関するお知らせ.pdf
   ✅ 保存: 9517_1530_イーレックス_中期経営計画の修正に関するお知らせ.pdf
   ...Page 008 を確認中
   ✅ 保存: 9735_1530_セコム_2026年3月期 決算短信〔日本基準〕(連結).pdf
   ✅ 保存: 9735_1530_セコム_取締役候補者、監査役候補者及び執行体制のお知らせ.pdf
   ✅ 保存: 9735_1530_セコム_セコムグループ2040年ビジョン策定のお知らせ.pdf
   ✅ 保存: 9735_1530_セコム_配当方針及び配当予想に関するお知らせ.pdf
   ✅ 保存: 9735_1530_セコム_自己株式取得に係る事項の決定および自己株式の消却に係る事項の決定に関するお知らせ.pdf
   ✅ 保存: 9735_1530_セコム_当社の執行役員に対する譲渡制限付株式制度の導入に関するお知らせ.pdf
   ✅ 保存: 9755_1530_応用地質_2026年12月期 第1四半期決算短信〔日本基準〕(連結).pdf
   ✅ 保存: 9755_1530_応用地質_株主優待制度の導入に関するお知らせ.pdf
   ✅ 保存: 6864_1520_エヌエフHD_特別利益の計上に関するお知らせ.pdf
   ✅ 保存: 6864_1520_エヌエフHD_業績予想および配当予想の修正に関するお知らせ.pdf
   ✅ 保存: 1333_1515_Umios_(訂正)「2026年3月期 決算補足資料」の一部訂正について.pdf
   ✅ 保存: 1417_1500_ミライト・ワン_自己株式取得に係る事項の決定に関するお知らせ.pdf
   ✅ 保存: 1417_1500_ミライト・ワン_完全子会社(株式会社ミライト・ワン・システムズ)との合併契約締結に関するお知らせ.pdf
   ✅ 保存: 1417_1500_ミライト・ワン_2026年3月期 決算短信〔日本基準〕(連結).pdf
   ✅ 保存: 1417_1500_ミライト・ワン_2026年3月期 決算補足資料.pdf
   ✅ 保存: 1417_1500_ミライト・ワン_株主提案に対する当社取締役会意見に関するお知らせ.pdf
   ✅ 保存: 1417_1500_ミライト・ワン_役員の異動に関するお知らせ.pdf
   ✅ 保存: 1721_1500_コムシスHD_2026年3月期 決算短信〔日本基準〕(連結).pdf
   ✅ 保存: 1721_1500_コムシスHD_2026年3月期 決算短信補足説明資料.pdf
   ✅ 保存: 1721_1500_コムシスHD_剰余金の配当(増配)に関するお知らせ.pdf
   ✅ 保存: 1721_1500_コムシスHD_自己株式取得に係る事項の決定に関するお知らせ.pdf
   ✅ 保存: 1721_1500_コムシスHD_役員の異動並びに取締役会議長及び指名・報酬諮問委員会委員長の選定に関するお知らせ.pdf
   ✅ 保存: 1721_1500_コムシスHD_株主提案に関する書面の受領及び当社取締役会意見に関するお知らせ.pdf
   ✅ 保存: 1770_1500_藤田エンジ_配当予想の修正(記念配当の実施)に関するお知らせ.pdf
   ✅ 保存: 1770_1500_藤田エンジ_2026年3月期 決算短信〔日本基準〕(連結).pdf
   ✅ 保存: 1798_1500_守谷商会_2026年3月期 決算短信〔日本基準〕(連結).pdf
   ✅ 保存: 1798_1500_守谷商会_2026年3月期配当予想の修正(増配)に関するお知らせ.pdf
   ✅ 保存: 1798_1500_守谷商会_新任社外取締役候補者の選任及び取締役の退任に関するお知らせ.pdf
   ✅ 保存: 1798_1500_守谷商会_「中期経営計画2026」の策定に関するお知らせ.pdf
   ✅ 保存: 1814_1500_大末建_2026年3月期 決算短信〔日本基準〕(連結).pdf
   ✅ 保存: 1814_1500_大末建_2026年3月期 決算説明資料.pdf
   ✅ 保存: 2221_1500_岩塚製菓_2026年3月期 決算短信〔日本基準〕(連結).pdf
   ✅ 保存: 2588_1500_プレミアムウォーター_2026年3月期決算短信〔IFRS〕(連結).pdf
   ✅ 保存: 2588_1500_プレミアムウォーター_2026年3月期(第20期)決算説明補足資料.pdf
   ✅ 保存: 2588_1500_プレミアムウォーター_剰余金の配当(増配)に関するお知らせ.pdf
   ✅ 保存: 2588_1500_プレミアムウォーター_業績連動型株式報酬制度の導入に関するお知らせ.pdf
   ✅ 保存: 2588_1500_プレミアムウォーター_自己株式の取得に関するお知らせ.pdf
   ✅ 保存: 279A_1500_P-インターグ_業績予想の修正に関するお知らせ.pdf
   ✅ 保存: 3066_1500_JBイレブン_特別損失の計上に関するお知らせ.pdf
   ✅ 保存: 3066_1500_JBイレブン_2026年3月期業績予想と実績値の差異に関するお知らせ.pdf
   ✅ 保存: 3066_1500_JBイレブン_取締役および執行役員の候補者選任に関するお知らせ.pdf
   ✅ 保存: 3066_1500_JBイレブン_2026年3月期 決算短信〔日本基準〕(連結).pdf
   ✅ 保存: 3245_1500_ディア・ライフ_2026年9月期 第2四半期(中間期)決算短信〔日本基準〕(連結).pdf
   ✅ 保存: 3245_1500_ディア・ライフ_2026年9月期 第2四半期 決算説明資料.pdf
   ✅ 保存: 3461_1500_パルマ_2026年9月期 第2四半期(中間期)決算短信〔日本基準〕(非連結).pdf
   ✅ 保存: 3461_1500_パルマ_2026年9月期 第2四半期決算説明資料.pdf
   ✅ 保存: 4008_1500_住友精化_2026年3月期 決算短信〔日本基準〕(連結).pdf
   ✅ 保存: 4008_1500_住友精化_個別業績の前期実績値との差異に関するお知らせ.pdf
   ✅ 保存: 4008_1500_住友精化_支配株主等に関する事項について.pdf
   ✅ 保存: 4008_1500_住友精化_連結子会社からの配当金受領に関するお知らせ.pdf
   ✅ 保存: 4008_1500_住友精化_自己株式の消却に関するお知らせ.pdf
   ✅ 保存: 4008_1500_住友精化_取締役の人事について.pdf
   ✅ 保存: 4008_1500_住友精化_自己株式の取得および自己株式の消却に係る事項の決定に関するお知らせ.pdf
   ✅ 保存: 5011_1500_ニチレキG_定款の一部変更に関するお知らせ.pdf
   ✅ 保存: 5011_1500_ニチレキG_2026年3月期 決算短信〔日本基準〕(連結).pdf
   ✅ 保存: 5011_1500_ニチレキG_中期経営計画策定に関するお知らせ.pdf
   ✅ 保存: 5446_1500_北越メタル_2026年3月期決算短信〔日本基準〕(連結).pdf
   ✅ 保存: 5446_1500_北越メタル_2026年3月期 業績予想と実績との差異に関するお知らせ.pdf
   ✅ 保存: 5446_1500_北越メタル_株式給付信託(BBTおよびJ-ESOP)に係る追加拠出に伴う自己株式の処分に関するお知らせ.pdf
   ✅ 保存: 5461_1500_中部鋼鈑_2026年3月期決算短信〔日本基準〕(連結).pdf
   ✅ 保存: 5461_1500_中部鋼鈑_2026年3月期決算補足資料.pdf
   ✅ 保存: 5461_1500_中部鋼鈑_自己株式取得に係る事項の決定に関するお知らせ.pdf
   ✅ 保存: 5461_1500_中部鋼鈑_役員人事に関するお知らせ.pdf
   ✅ 保存: 5533_1500_エリッツHD_2026年9月期 第2四半期(中間期)決算短信〔日本基準〕(連結).pdf
   ✅ 保存: 5541_1500_大平洋金_2026年3月期決算短信〔日本基準〕(連結).pdf
   ✅ 保存: 5802_1500_住友電工_2026年3月期 決算短信〔日本基準〕(連結).pdf
   ✅ 保存: 5802_1500_住友電工_代表取締役および役員の異動に関するお知らせ.pdf
   ✅ 保存: 5802_1500_住友電工_株式分割及び株式分割に伴う定款の一部変更に関するお知らせ.pdf
   ✅ 保存: 5802_1500_住友電工_「中期経営計画2028」の策定に関するお知らせ.pdf
   ✅ 保存: 5802_1500_住友電工_2026年3月期 剰余金の配当に関するお知らせ.pdf
   ✅ 保存: 6143_1500_ソディック_2026年12月期 第1四半期決算短信〔日本基準〕(連結).pdf
   ✅ 保存: 6143_1500_ソディック_2026年12月期 第1四半期決算説明資料.pdf
   ✅ 保存: 6282_1500_オイレス工_2026年3月期 決算補足説明資料.pdf
   ✅ 保存: 6282_1500_オイレス工_自己株式取得に係る事項の決定に関するお知らせ.pdf
   ✅ 保存: 6282_1500_オイレス工_2026年3月期 決算短信〔日本基準〕(連結).pdf
   ✅ 保存: 6408_1500_小倉クラッチ_2026年3月期 決算短信〔日本基準〕(連結).pdf
   ✅ 保存: 6408_1500_小倉クラッチ_剰余金の配当に関するお知らせ.pdf
   ✅ 保存: 6408_1500_小倉クラッチ_組織変更及び取締役、執行役員の異動に関するお知らせ.pdf
   ✅ 保存: 6459_1500_大和冷機_2026年12月期 第1四半期決算短信[日本基準](非連結).pdf
   ✅ 保存: 6546_1500_フルテック_2026年12月期 第1四半期決算短信〔日本基準〕(連結).pdf
   ✅ 保存: 6923_1500_スタンレー電_2026年3月期 決算短信〔日本基準〕(連結).pdf
   ✅ 保存: 6923_1500_スタンレー電_2026年3月期 配当予想の修正に関するお知らせ.pdf
   ✅ 保存: 6923_1500_スタンレー電_2026年3月期 (第121期) 通期決算補足説明資料.pdf
   ✅ 保存: 6986_1500_双葉電子_2026年3月期 決算短信〔日本基準〕(連結).pdf
   ✅ 保存: 6986_1500_双葉電子_通期連結業績予想と実績との差異、営業外収益および特別損失の計上に関するお知らせ.pdf
   ✅ 保存: 6986_1500_双葉電子_剰余金の配当(増配)に関するお知らせ.pdf
   ✅ 保存: 6986_1500_双葉電子_2026年3月期 連結決算説明資料.pdf
   ✅ 保存: 7013_1500_IHI_(訂正)「2025年度(2026年3月期)決算説明資料(IFRS)」 の一部訂正に関するお知らせ.pdf
   ✅ 保存: 7184_1500_富山第一銀行_2026年3月期 決算短信〔日本基準〕(連結).pdf
   ✅ 保存: 7184_1500_富山第一銀行_2026年3月期 決算概要.pdf
   ✅ 保存: 7184_1500_富山第一銀行_剰余金の配当(増配)に関するお知らせ.pdf
   ✅ 保存: 7184_1500_富山第一銀行_自己株式取得に係る事項の決定及び自己株式の消却に関するお知らせ.pdf
   ✅ 保存: 7184_1500_富山第一銀行_長期ビジョン「ファーストバンク VISION10」のアップデートに関するお知らせ.pdf
   ✅ 保存: 7486_1500_サンリン_2026年3月期 決算短信〔日本基準〕(連結).pdf
   ✅ 保存: 7486_1500_サンリン_剰余金の配当に関するお知らせ.pdf
   ✅ 保存: 7538_1500_大水_2026年3月期 決算短信〔日本基準〕(連結).pdf
   ✅ 保存: 7538_1500_大水_通期連結業績予想と実績値との差異に関するお知らせ.pdf
   ✅ 保存: 7538_1500_大水_剰余金の配当に関するお知らせ.pdf
   ✅ 保存: 8085_1500_ナラサキ_第三者割当による自己株式処分に関するお知らせ.pdf
   ✅ 保存: 8085_1500_ナラサキ_当社従業員に対する株式交付制度の詳細決定に関するお知らせ.pdf
   ...Page 009 を確認中
   ✅ 保存: 8085_1500_ナラサキ_「従業員持株ESOP信託」の詳細決定に関するお知らせ.pdf
   ✅ 保存: 8338_1500_筑波銀行_2026年3月期 決算短信〔日本基準〕(連結).pdf
   ✅ 保存: 8338_1500_筑波銀行_2026年3月期 決算概要.pdf
   ✅ 保存: 8338_1500_筑波銀行_役員の異動に関するお知らせ.pdf
   ✅ 保存: 8386_1500_百十四銀_2026年3月期 決算短信〔日本基準〕(連結).pdf
   ✅ 保存: 8386_1500_百十四銀_従業員持株会向け譲渡制限付株式インセンティブとしての自己株式の処分に関するお知らせ.pdf
   ✅ 保存: 8395_1500_佐賀銀_2026年3月期決算短信〔日本基準〕(連結).pdf
   ✅ 保存: 8395_1500_佐賀銀_株式報酬型ストック・オプション制度の廃止および取締役に対する株式報酬制度の導入に関するお知らせ.pdf
   ✅ 保存: 8395_1500_佐賀銀_代表取締役の異動に関するお知らせ.pdf
   ✅ 保存: 8747_1500_豊トラスティ証券_連結総資産の増加に関するお知らせ.pdf
   ✅ 保存: 9312_1500_ケイヒン_2026年3月期 決算短信〔日本基準〕(連結).pdf
   ✅ 保存: 9312_1500_ケイヒン_個別業績の前期実績値との差異に関するお知らせ.pdf
   ✅ 保存: 9407_1500_RKB毎日HD_2026年3月期 決算短信〔日本基準〕(連結).pdf
   ✅ 保存: 9639_1500_三協フロンテ_2026年3月期 決算短信 〔日本基準〕(連結).pdf
   ✅ 保存: 9729_1500_トーカイ_2026年3月期決算短信〔日本基準〕(連結).pdf
   ✅ 保存: 9729_1500_トーカイ_2026年3月期決算補足資料.pdf
   ✅ 保存: 9729_1500_トーカイ_利益配分に関する基本方針(配当方針)の変更に関するお知らせ.pdf
   ✅ 保存: 9857_1500_英和_剰余金の配当(増配)に関するお知らせ.pdf
   ✅ 保存: 9857_1500_英和_2026年3月期決算短信〔日本基準〕(連結).pdf
   ✅ 保存: 9890_1500_マキヤ_2026年3月期 決算短信〔日本基準〕(連結).pdf
   ✅ 保存: 9890_1500_マキヤ_2026年3月期(第74期)決算説明資料(速報版).pdf
   ✅ 保存: 8522_1440_名古屋銀_2026年3月期 決算短信〔日本基準〕(連結).pdf
   ✅ 保存: 8522_1440_名古屋銀_役員の異動に関するお知らせ.pdf
   ✅ 保存: 8522_1440_名古屋銀_第22次経営計画「財務」中間目標および「非財務」2030年度目標の一部見直しに関するお知らせ.pdf
   ✅ 保存: 1938_1430_日リーテック_2026年3月期 決算短信〔日本基準〕(連結).pdf
   ✅ 保存: 1938_1430_日リーテック_2026年3月期 決算補足説明資料.pdf
   ✅ 保存: 1938_1430_日リーテック_中期経営計画の経営数値目標修正に関するお知らせ.pdf
   ✅ 保存: 1938_1430_日リーテック_株主還元指標の水準変更及び中間配当制度の導入に関するお知らせ.pdf
   ✅ 保存: 2293_1430_滝沢ハム_2026年3月期 決算短信〔日本基準〕(連結).pdf
   ✅ 保存: 3181_1430_買取王国_2026年4月 月次売上概況.pdf
   ✅ 保存: 4247_1430_ポバール興業_業績予想の修正及び配当予想の修正(増配)に関するお知らせ.pdf
   ✅ 保存: 4318_1430_クイック_「資本コストや株価を意識した経営の実現に向けた対応」に関するお知らせ.pdf
   ✅ 保存: 5570_1430_G-ジェノバ_2026年9月期 第2四半期(中間期)決算短信[日本基準](非連結).pdf
   ✅ 保存: 6332_1430_月島HD_2026年3月期 決算短信〔日本基準〕(連結).pdf
   ✅ 保存: 6332_1430_月島HD_26.3期 決算補足説明資料.pdf
   ✅ 保存: 6332_1430_月島HD_資本コストや株価を意識した経営の実現に向けた対応について.pdf
   ✅ 保存: 6332_1430_月島HD_剰余金の配当に関するお知らせ.pdf
   ✅ 保存: 8365_1430_富山銀行_2026年3月期 決算短信〔日本基準〕(連結).pdf
   ✅ 保存: 8365_1430_富山銀行_株主還元方針の変更及び剰余金の配当に関するお知らせ.pdf
   ✅ 保存: 8365_1430_富山銀行_「第7次中期経営計画」の見直しについて.pdf
   ✅ 保存: 2267_1420_ヤクルト_2026年3月期 決算短信[日本基準](連結).pdf
   ✅ 保存: 2267_1420_ヤクルト_2026年3月期 決算短信補足説明資料.pdf
   ✅ 保存: 2267_1420_ヤクルト_自己株式の取得に係る事項の決定および自己株式の消却に関するお知らせ.pdf
   ✅ 保存: 2267_1420_ヤクルト_株式報酬制度の改定に伴う新たな株式報酬制度に関するお知らせ.pdf
   ✅ 保存: 2267_1420_ヤクルト_株主提案に関する書面の受領および当社取締役会意見に関するお知らせ.pdf
   ✅ 保存: 7619_1420_田中商事_2026年3月期決算短信〔日本基準〕(連結).pdf
   ✅ 保存: 9039_1420_サカイ引越_2026年3月期 決算短信〔日本基準〕(連結).pdf
   ✅ 保存: 1776_1400_三住道路_商号変更のお知らせ.pdf
   ✅ 保存: 1776_1400_三住道路_2026年3月期 決算短信〔日本基準〕(連結).pdf
   ✅ 保存: 1820_1400_西松建_2026年3月期 決算短信〔日本基準〕(連結).pdf
   ✅ 保存: 1820_1400_西松建_通期業績予想と実績との差異及び剰余金の配当(期末配当・増配)に関するお知らせ.pdf
   ✅ 保存: 1820_1400_西松建_『西松-Vision 2035』及び『中期経営計画2028』策定のお知らせ.pdf
   ✅ 保存: 1850_1400_南海辰村建設_定款の一部変更に関するお知らせ.pdf
   ✅ 保存: 1870_1400_矢作建_2026年3月期 決算短信〔日本基準〕(連結).pdf
   ✅ 保存: 1870_1400_矢作建_IR資料 【2026年3月期 連結決算補足説明資料】.pdf
   ✅ 保存: 1870_1400_矢作建_矢作建設グループ「中期経営計画〔 2026年度~2030年度〕」の策定について.pdf
   ✅ 保存: 1870_1400_矢作建_剰余金の配当に関するお知らせ.pdf
   ✅ 保存: 1870_1400_矢作建_代表取締役の異動に関するお知らせ.pdf
   ✅ 保存: 1870_1400_矢作建_支配株主等に関する事項について.pdf
   ✅ 保存: 1879_1400_新日本建_2026年3月期決算短信〔日本基準〕(連結).pdf
   ✅ 保存: 1879_1400_新日本建_剰余金の配当に関するお知らせ.pdf
   ✅ 保存: 1905_1400_テノックス_業績予想の修正および配当予想の修正(増配)に関するお知らせ.pdf
   ✅ 保存: 2674_1400_ハードオフ_2026年3月期 決算短信〔日本基準〕(連結).pdf
   ✅ 保存: 2674_1400_ハードオフ_2026年3月期決算補足資料.pdf
   ✅ 保存: 2674_1400_ハードオフ_個別業績の前期実績値との差異に関するお知らせ.pdf
   ✅ 保存: 2674_1400_ハードオフ_配当予想の修正(増配)に関するお知らせ.pdf
   ✅ 保存: 3176_1400_三洋貿易_通期業績予想の修正に関するお知らせ.pdf
   ✅ 保存: 3176_1400_三洋貿易_剰余金の配当(中間配当・増配)に関するお知らせ.pdf
   ✅ 保存: 3176_1400_三洋貿易_株式分割、株式分割に伴う定款の一部変更ならびに 配当予想の修正に関するお知らせ.pdf
   ✅ 保存: 3176_1400_三洋貿易_2026年9月期第2四半期(中間期)決算短信〔日本基準〕(連結).pdf
   ✅ 保存: 4901_1400_富士フイルム_2026年3月期決算短信〔米国基準〕(連結).pdf
   ✅ 保存: 5142_1400_アキレス_2026年3月期 決算短信〔日本基準〕(連結).pdf
   ✅ 保存: 5142_1400_アキレス_通期業績予想と実績値の差異及び剰余金の配当(増配)に関するお知らせ.pdf
   ✅ 保存: 5142_1400_アキレス_2026年3月期 決算概要.pdf
   ✅ 保存: 5189_1400_桜ゴム_特別損失の計上(減損損失)に関するお知らせ.pdf
   ✅ 保存: 5189_1400_桜ゴム_通期連結業績予想および期末配当予想の修正に関するお知らせ.pdf
   ✅ 保存: 5331_1400_ノリタケ_2026年3月期 決算短信〔日本基準〕(連結).pdf
   ✅ 保存: 5331_1400_ノリタケ_剰余金の配当に関するお知らせ.pdf
   ✅ 保存: 5331_1400_ノリタケ_株主提案に対する当社取締役会の意見に関するお知らせ.pdf
   ✅ 保存: 5801_1400_古河電工_2026年3月期決算短信〔日本基準〕(連結).pdf
   ✅ 保存: 5801_1400_古河電工_2026 年3月期 通期業績予想と実績との差異、剰余金の配当および配当方針の変更に関するお知らせ.pdf
   ✅ 保存: 5801_1400_古河電工_株式分割および株式分割に伴う定款の一部変更に関するお知らせ.pdf
   ✅ 保存: 6316_1400_丸山製_2026年9月期 第2四半期(中間期)連結業績予想の修正に関するお知らせ.pdf
   ✅ 保存: 6351_1400_鶴見製_2026年3月期 決算短信〔日本基準〕(連結).pdf
   ✅ 保存: 6351_1400_鶴見製_自己株式の取得に係る事項の決定に関するお知らせ.pdf
   ✅ 保存: 6351_1400_鶴見製_従業員持株会に対する譲渡制限付株式インセンティブとしての自己株式処分の予定に関するお知らせ.pdf
   ✅ 保存: 6737_1400_EIZO_2026年3月期 決算短信〔日本基準〕(連結).pdf
   ✅ 保存: 6737_1400_EIZO_2026年3月期 連結決算説明資料.pdf
   ✅ 保存: 6737_1400_EIZO_自己株式取得に係る事項の決定に関するお知らせ (会社法第459条第1項の規定による定款の定めに基づく自己株式の取得).pdf
   ✅ 保存: 6737_1400_EIZO_EIZOエージェンシー株式会社との吸収合併(簡易合併・略式合併)に関するお知らせ.pdf
   ✅ 保存: 6737_1400_EIZO_関係会社出資金評価損の計上(個別)に関するお知らせ.pdf
   ✅ 保存: 6989_1400_北電工業_2026年3月期 決算短信[日本基準](連結).pdf
   ✅ 保存: 6989_1400_北電工業_2026年3月期通期業績予想値と実績値との差異に関するお知らせ.pdf
   ✅ 保存: 6989_1400_北電工業_剰余金の配当(増配)および中間配当の実施に関するお知らせ.pdf
   ✅ 保存: 6989_1400_北電工業_役員人事に関するお知らせ.pdf
   ✅ 保存: 6989_1400_北電工業_当社株式の大規模買付行為に関する対応方針(買収への対応方針)の一部改訂および継続の件.pdf
   ✅ 保存: 6989_1400_北電工業_2026年3月期決算説明資料.pdf
   ✅ 保存: 7506_1400_ハウスローゼ_2027年3月期4月度売上高に関するお知らせ(単体).pdf
   ✅ 保存: 7565_1400_萬世電機_2026年3月期 決算短信[日本基準](連結).pdf
   ✅ 保存: 7743_1400_シード_(訂正) 「2026 年3月期決算短信〔日本基準〕(連結)」の一部訂正のお知らせ.pdf
   ...Page 010 を確認中
   ✅ 保存: 8014_1400_蝶理_役員の異動に関するお知らせ.pdf
   ✅ 保存: 8041_1400_OUG HD_2026年3月期 決算短信〔日本基準〕(連結).pdf
   ✅ 保存: 8041_1400_OUG HD_配当方針の変更および配当予想の修正に関するお知らせ.pdf
   ✅ 保存: 8041_1400_OUG HD_「OUGグループ中期経営計画2024」の進捗について.pdf
   ✅ 保存: 8041_1400_OUG HD_取締役候補者の選任に関するお知らせ.pdf
   ✅ 保存: 8041_1400_OUG HD_2026年3月期 OUGホールディングス決算要約説明資料.pdf
   ✅ 保存: 8059_1400_第一実業_2026年3月期決算短信〔日本基準〕(連結).pdf
   ✅ 保存: 8059_1400_第一実業_自己株式取得に係る事項の決定に関するお知らせ.pdf
   ✅ 保存: 8242_1400_H2Oリテイル_2026年3月期 決算短信〔日本基準〕(連結).pdf
   ✅ 保存: 8242_1400_H2Oリテイル_剰余金の配当(増配)に関するお知らせ.pdf
   ✅ 保存: 8242_1400_H2Oリテイル_自己株式取得に係る事項の決定に関するお知らせ.pdf
   ✅ 保存: 8242_1400_H2Oリテイル_2026年3月期 決算補足資料.pdf
   ✅ 保存: 8242_1400_H2Oリテイル_2026年3月期 決算説明資料.pdf
   ✅ 保存: 8242_1400_H2Oリテイル_資本コストや株価を意識した経営の実現に向けた対応の進捗について.pdf
   ✅ 保存: 8242_1400_H2Oリテイル_政策保有株式比率の低減(20%未満)に関するお知らせ.pdf
   ✅ 保存: 8242_1400_H2Oリテイル_支配株主等に関する事項について.pdf
   ✅ 保存: 8387_1400_四国銀_2026年3月期 決算短信〔日本基準〕(連結).pdf
   ✅ 保存: 8387_1400_四国銀_前期実績との差異に関するお知らせ.pdf
   ✅ 保存: 8392_1400_大分銀_2026年3月期決算短信〔日本基準〕(連結).pdf
   ✅ 保存: 8392_1400_大分銀_株主還元方針の見直しに関するお知らせ.pdf
   ✅ 保存: 8392_1400_大分銀_代表取締役の異動に関するお知らせ.pdf
   ✅ 保存: 8424_1400_芙蓉リース_2026年3月期 決算短信〔日本基準〕(連結).pdf
   ✅ 保存: 8424_1400_芙蓉リース_通期連結業績の前期実績値との差異に関するお知らせ.pdf
   ✅ 保存: 8424_1400_芙蓉リース_2026年3月期 決算概要資料.pdf
   ✅ 保存: 8705_1400_日産証券グループ_2026年3月期決算短信〔日本基準〕(連結).pdf
   ✅ 保存: 8705_1400_日産証券グループ_2026年3月期決算説明資料.pdf
   ✅ 保存: 8705_1400_日産証券グループ_剰余金の配当に関するお知らせ.pdf
   ✅ 保存: 8935_1400_FJネクストHD_2026年3月期 決算短信〔日本基準〕(連結).pdf
   ✅ 保存: 8935_1400_FJネクストHD_2026年3月期 決算補足説明資料.pdf
   ✅ 保存: 9045_1400_京阪HD_2026年3月期 決算短信[日本基準](連結).pdf
   ✅ 保存: 9045_1400_京阪HD_2026年3月期 決算補足資料.pdf
   ✅ 保存: 9045_1400_京阪HD_剰余金の配当に関するお知らせ.pdf
   ✅ 保存: 9045_1400_京阪HD_京阪グループ長期経営戦略アップデート・中期経営計画「真価を磨く 2028」の策定について.pdf
   ✅ 保存: 9119_1400_飯野海_(訂正)「剰余金の配当に関するお知らせ」の一部訂正について.pdf
   ✅ 保存: 9119_1400_飯野海_株主提案に対する当社取締役会の意見に関するお知らせ.pdf
   ✅ 保存: 9171_1400_栗林船_剰余金の配当(増配)に関するお知らせ.pdf
   ✅ 保存: 9171_1400_栗林船_令和8年3月期決算短信〔日本基準〕(連結).pdf
   ✅ 保存: 9171_1400_栗林船_令和8年3月期決算補足資料.pdf
   ✅ 保存: 9347_1400_日本管財HD_剰余金の配当(増配)に関するお知らせ.pdf
   ✅ 保存: 9347_1400_日本管財HD_2026年3月期決算短信〔日本基準〕(連結).pdf
   ✅ 保存: 9438_1400_エムティーアイ_剰余金の配当(中間配当)に関するお知らせ.pdf
   ✅ 保存: 9438_1400_エムティーアイ_2026年9月期 第2四半期決算短信〔日本基準〕(連結).pdf
   ✅ 保存: 9441_1400_ベルパーク_2026年12月期 第1四半期決算短信〔日本基準〕(連結).pdf
   ✅ 保存: 5984_1340_兼房_2026年3月期 決算短信〔日本基準〕(連結).pdf
   ✅ 保存: 5984_1340_兼房_「2035年のありたい姿」と中期経営計画(2026年度~2028年度)について.pdf
   ✅ 保存: 6718_1340_アイホン_中期経営計画(2026~2028年度)の公表延期に関するお知らせ.pdf
   ✅ 保存: 6718_1340_アイホン_2026年3月期決算短信〔日本基準〕(連結).pdf
   ✅ 保存: 6718_1340_アイホン_2026年3月期決算(連結)のポイント.pdf
   ✅ 保存: 6718_1340_アイホン_個別業績の前年実績値との差異に関するお知らせ.pdf
   ✅ 保存: 4951_1330_エステー_2026年3月期 決算説明会.pdf
   ✅ 保存: 5952_1330_アマテイ_2026年3月期 決算短信〔日本基準〕(連結).pdf
   ✅ 保存: 5952_1330_アマテイ_2026年3月期連結決算補足資料.pdf
   ✅ 保存: 5952_1330_アマテイ_業績予想と実績値との差異に関するお知らせ.pdf
   ✅ 保存: 5952_1330_アマテイ_取締役の異動に関するお知らせ.pdf
   ✅ 保存: 6392_1330_ヤマダコーポ_2026年3月期決算短信〔日本基準〕(連結).pdf
   ✅ 保存: 6392_1330_ヤマダコーポ_剰余金の配当に関するお知らせ.pdf
   ✅ 保存: 6798_1330_SMK_2026年3月期決算短信〔日本基準〕(連結).pdf
   ✅ 保存: 6798_1330_SMK_通期業績予想と実績値との差異に関するお知らせ.pdf
   ✅ 保存: 6798_1330_SMK_2026年3月期 通期決算説明資料.pdf
   ✅ 保存: 6798_1330_SMK_定款一部変更に関するお知らせ.pdf
   ✅ 保存: 6919_1330_ケル_2026年3月期 決算短信〔日本基準〕(連結).pdf
   ✅ 保存: 6919_1330_ケル_2026年3月期通期連結業績予想と実績値との差異に関するお知らせ.pdf
   ✅ 保存: 6919_1330_ケル_取締役候補者の選任に関するお知らせ.pdf
   ✅ 保存: 7011_1330_三菱重_2026年3月期 決算短信〔IFRS〕(連結).pdf
   ✅ 保存: 7011_1330_三菱重_剰余金の配当に関するお知らせ.pdf
   ✅ 保存: 7011_1330_三菱重_2025年度決算説明資料.pdf
   ✅ 保存: 7231_1330_トピー工_2026年3月期 決算短信〔日本基準〕(連結).pdf
   ✅ 保存: 7231_1330_トピー工_通期業績予想と決算値の差異に関するお知らせ.pdf
   ✅ 保存: 7261_1330_マツダ_2026年3月期 決算短信〔日本基準〕(連結).pdf
   ✅ 保存: 7261_1330_マツダ_通期連結業績予想と実績値との差異及び個別業績の前期実績値との差異に関するお知らせ.pdf
   ✅ 保存: 7261_1330_マツダ_2026年3月期 決算 プレゼンテーション資料.pdf
   ✅ 保存: 8544_1330_京葉銀_2026年3月期 決算短信〔日本基準〕(連結).pdf
   ✅ 保存: 8544_1330_京葉銀_前期実績との差異に関するお知らせ.pdf
   ✅ 保存: 8544_1330_京葉銀_剰余金の配当(増配)及び別途積立金の取り崩しに関するお知らせ.pdf
   ✅ 保存: 8544_1330_京葉銀_定款一部変更に関するお知らせ.pdf
   ✅ 保存: 8544_1330_京葉銀_代表取締役及び役員の異動に関するお知らせ.pdf
   ✅ 保存: 8544_1330_京葉銀_株主還元方針の変更に関するお知らせ.pdf
   ✅ 保存: 4202_1320_ダイセル_2026年3月期 決算短信〔日本基準〕(連結).pdf
   ✅ 保存: 4202_1320_ダイセル_2026年3月期 決算説明資料.pdf
   ✅ 保存: 4202_1320_ダイセル_自己株式消却に係る事項の決定に関するお知らせ.pdf
   ✅ 保存: 4202_1320_ダイセル_取締役に対する業績連動型株式報酬制度の導入に関するお知らせ.pdf
   ✅ 保存: 9057_1320_遠州トラック_2026年3月期 決算短信〔日本基準〕(連結).pdf
   ✅ 保存: 9057_1320_遠州トラック_人事異動に関するお知らせ.pdf
   ✅ 保存: 9303_1320_住友倉_2026年3月期 決算短信〔日本基準〕(連結).pdf
   ✅ 保存: 9303_1320_住友倉_自己株式取得に係る事項の決定に関するお知らせ.pdf
   ✅ 保存: 9303_1320_住友倉_役員等の異動に関するお知らせ.pdf
   ✅ 保存: 1803_1300_清水建_2026年3月期 決算短信〔日本基準〕(連結).pdf
   ✅ 保存: 1803_1300_清水建_(変更)「代表取締役、取締役、執行役員の異動に関するお知らせ」の一部変更に関するお知らせ.pdf
   ✅ 保存: 1803_1300_清水建_業績連動型株式報酬制度の導入に関するお知らせ.pdf
   ✅ 保存: 2433_1300_博報堂DY_2026年3月期 決算短信〔日本基準〕(連結).pdf
   ✅ 保存: 2433_1300_博報堂DY_2026年3月期 通期 決算説明会資料.pdf
   ✅ 保存: 2433_1300_博報堂DY_2026年3月期通期連結業績予想と実績値との差異に関するお知らせ.pdf
   ✅ 保存: 3101_1300_東洋紡_2026年3月期 決算短信〔日本基準〕(連結).pdf
   ✅ 保存: 3101_1300_東洋紡_2025年度決算説明.pdf
   ✅ 保存: 3101_1300_東洋紡_2026年3月期 通期連結業績予想と実績との差異に関するお知らせ.pdf
   ✅ 保存: 4028_1300_石原産_2026年3月期決算短信〔日本基準〕(連結).pdf
   ✅ 保存: 4549_1300_栄研化_2026年3月期決算短信〔日本基準〕(連結).pdf
   ✅ 保存: 4549_1300_栄研化_2026年3月期 決算および経営計画説明会.pdf
   ✅ 保存: 4549_1300_栄研化_取締役候補者の選任に関するお知らせ.pdf
   ✅ 保存: 4549_1300_栄研化_代表執行役の異動に関するお知らせ.pdf
   ...Page 011 を確認中
   ✅ 保存: 4549_1300_栄研化_経営計画の変更に関するお知らせ.pdf
   ✅ 保存: 4549_1300_栄研化_株主提案に対する当社取締役会の意見に関するお知らせ.pdf
   ✅ 保存: 4687_1300_TDCソフト_2026年3月期決算短信〔日本基準〕(連結).pdf
   ✅ 保存: 4687_1300_TDCソフト_2026年3月期決算短信〔日本基準〕(連結)補足資料.pdf
   ✅ 保存: 5201_1300_AGC_2026年12月期 第1四半期決算短信〔IFRS〕(連結).pdf
   ✅ 保存: 5201_1300_AGC_2026年12月期 第1四半期業績 説明会資料.pdf
   ✅ 保存: 5563_1300_新日本電工_2026年12月期 第1四半期決算説明資料.pdf
   ✅ 保存: 5563_1300_新日本電工_2026年12月期 第1四半期決算短信〔日本基準〕(連結).pdf
   ✅ 保存: 560A_1300_P-オカダコーポ_監査役の逝去に関するお知らせ.pdf
   ✅ 保存: 5729_1300_日精鉱_2026年3月期 決算短信〔日本基準〕(連結).pdf
   ✅ 保存: 5729_1300_日精鉱_剰余金の配当(増配)に関するお知らせ.pdf
   ✅ 保存: 5729_1300_日精鉱_2026年3月期 決算概要補足説明資料.pdf
   ✅ 保存: 6440_1300_JUKI_2026年12月期第1四半期決算短信〔日本基準〕(連結).pdf
   ✅ 保存: 6445_1300_ジャノメ_次期配当予想に関するお知らせ.pdf
   ✅ 保存: 6445_1300_ジャノメ_自己株式消却に関するお知らせ.pdf
   ✅ 保存: 6445_1300_ジャノメ_2026年3月期決算短信〔日本基準〕(連結).pdf
   ✅ 保存: 6445_1300_ジャノメ_通期業績予想数値と実績値との差異に関するお知らせ.pdf
   ✅ 保存: 6741_1300_日信号_2026年3月期決算短信〔日本基準〕(連結).pdf
   ✅ 保存: 6741_1300_日信号_剰余金の配当に関するお知らせ.pdf
   ✅ 保存: 6741_1300_日信号_譲渡制限付株式報酬制度の導入に関するお知らせ.pdf
   ✅ 保存: 6741_1300_日信号_個別業績の前期実績値との差異に関するお知らせ.pdf
   ✅ 保存: 7094_1300_G-NexTone_2026年3月期 決算短信〔日本基準〕(連結).pdf
   ✅ 保存: 7094_1300_G-NexTone_2026年3月期 決算説明資料.pdf
   ✅ 保存: 7245_1300_大同メタル_2026年3月期 決算短信〔日本基準〕(連結).pdf
   ✅ 保存: 7245_1300_大同メタル_2026年3月期 通期 決算補足説明資料.pdf
   ✅ 保存: 7245_1300_大同メタル_配当予想の修正に関するお知らせ.pdf
   ✅ 保存: 7245_1300_大同メタル_中期経営計画の進捗と企業価値向上に向けた取組み.pdf
   ✅ 保存: 7426_1300_山大_特別損失(減損損失)の計上、法人税等調整額の計上および通期連結業績予想の修正ならびに配当予想の修正に関するお知らせ.pdf
   ✅ 保存: 8012_1300_長瀬産_(訂正)「中期経営計画 Walk the Talk 2028」の一部訂正について.pdf
   ✅ 保存: 8022_1300_ミズノ_2026年3月期決算短信〔日本基準〕(連結).pdf
   ✅ 保存: 8022_1300_ミズノ_代表取締役の役職変更および役員の異動に関するお知らせ.pdf
   ✅ 保存: 8022_1300_ミズノ_従業員持株会向け譲渡制限付株式インセンティブとしての 自己株式の処分に関するお知らせ.pdf
   ✅ 保存: 8078_1300_阪和興_2026年3月 決算短信〔日本基準〕(連結).pdf
   ✅ 保存: 8078_1300_阪和興_剰余金の配当(増配)に関するお知らせ.pdf
   ✅ 保存: 8078_1300_阪和興_自己株式取得に係る事項の決定および自己株式消却に係る事項の決定に関するお知らせ.pdf
   ✅ 保存: 8078_1300_阪和興_阪和興業 中期経営計画(2026年度-2028年度)に関するお知らせ.pdf
   ✅ 保存: 8078_1300_阪和興_2025年度(2026年3月期)決算説明資料.pdf
   ✅ 保存: 8085_1300_ナラサキ_2026年3月期 決算短信〔日本基準〕(連結).pdf
   ✅ 保存: 8085_1300_ナラサキ_2026年3月期 決算説明資料.pdf
   ✅ 保存: 8123_1300_川辺_2026年3月期 決算短信〔日本基準〕(連結).pdf
   ✅ 保存: 8123_1300_川辺_2026年3月期 個別経営成績の前事業年度実績値との差異に関するお知らせ.pdf
   ✅ 保存: 8349_1300_東北銀_2026年3月期 決算短信〔日本基準〕(連結).pdf
   ✅ 保存: 8349_1300_東北銀_代表取締役及び役員の異動に関するお知らせ.pdf
   ✅ 保存: 8399_1300_琉球銀_2026年3月期 決算短信〔日本基準〕(連結).pdf
   ✅ 保存: 8399_1300_琉球銀_中期経営計画「Empower 2025」における財務指標の見直しに関するお知らせ.pdf
   ✅ 保存: 8399_1300_琉球銀_株主還元方針の見直しに関するお知らせ.pdf
   ✅ 保存: 9027_1300_ロジネットJ_配当予想の修正に関するお知らせ.pdf
   ✅ 保存: 9027_1300_ロジネットJ_2026年3月期 決算短信〔日本基準〕(連結).pdf
   ✅ 保存: 9027_1300_ロジネットJ_2026年3月期 決算説明資料.pdf
   ✅ 保存: 9259_1300_G-タカヨシHD_2026年9月期 第2四半期(中間期)決算短信〔日本基準〕(連結).pdf
   ✅ 保存: 9259_1300_G-タカヨシHD_2026年9月期第2四半期 決算説明資料.pdf
   ✅ 保存: 3058_1230_三洋堂HD_2026年3月期 決算短信〔日本基準〕(連結).pdf
   ✅ 保存: 3058_1230_三洋堂HD_2026年3月期 連結決算概要.pdf
   ✅ 保存: 3058_1230_三洋堂HD_特別損失(減損損失)と法人税等調整額(損)の計上及び、連結業績予想と実績値との差異並びに個別業績の前期実績値との差異に関するお知らせ.pdf
   ✅ 保存: 3407_1230_旭化成_2030年度を目途とする水島製造所の一部誘導品事業の再構築に関するお知らせ.pdf
   ✅ 保存: 3407_1230_旭化成_2026年3月期決算短信〔日本基準〕(連結).pdf
   ✅ 保存: 3407_1230_旭化成_2026年3月期剰余金の配当(増配)および2027年3月期配当予想に関するお知らせ.pdf
   ✅ 保存: 3407_1230_旭化成_(参考資料)2030年度を目途とする水島製造所の一部誘導品事業の再構築について.pdf
   ✅ 保存: 3407_1230_旭化成_2025年度決算説明資料.pdf
   ✅ 保存: 3802_1230_エコミック_2026年3月期決算短信〔日本基準〕(連結).pdf
   ✅ 保存: 6073_1230_アサンテ_2026年3月期 決算短信〔日本基準〕(連結).pdf
   ✅ 保存: 6073_1230_アサンテ_2026年3月期 決算補足資料.pdf
   ✅ 保存: 6073_1230_アサンテ_剰余金の配当(期末配当)に関するお知らせ.pdf
   ✅ 保存: 6073_1230_アサンテ_2025年度決算及び中期経営計画説明資料.pdf
   ✅ 保存: 6073_1230_アサンテ_株主優待制度の一部変更に関するお知らせ.pdf
   ✅ 保存: 6073_1230_アサンテ_2027年3月期 4月度月次売上高のお知らせ.pdf
   ✅ 保存: 7228_1230_デイトナ_2026年12月期第1四半期決算短信〔日本基準〕(連結).pdf
   ✅ 保存: 8881_1230_日神グループHD_2026年3月期 決算短信〔日本基準〕(連結).pdf
   ✅ 保存: 8881_1230_日神グループHD_定款一部変更に関するお知らせ.pdf
   ✅ 保存: 9435_1230_光通信_業績予想の修正に関するお知らせ.pdf
   ✅ 保存: 8393_1220_宮崎銀_2026年3月期 決算短信〔日本基準〕(連結).pdf
   ✅ 保存: 8393_1220_宮崎銀_代表取締役の異動に関するお知らせ.pdf
   ✅ 保存: 8393_1220_宮崎銀_2027年3月期 配当予想(前期比増配)に関するお知らせ.pdf
   ✅ 保存: 2602_1200_日清オイリオ_2026年3月期 決算短信[日本基準](連結).pdf
   ✅ 保存: 2602_1200_日清オイリオ_2026年3月期 決算補足資料.pdf
   ✅ 保存: 2602_1200_日清オイリオ_支配株主等に関する事項について.pdf
   ✅ 保存: 7730_1200_マニー_連結子会社からの配当金受領に関するお知らせ.pdf
   ✅ 保存: 7939_1200_研創_2026年3月期決算短信〔日本基準〕(非連結).pdf
   ✅ 保存: 7939_1200_研創_業績予想と実績値との差異に関するお知らせ.pdf
   ✅ 保存: 7939_1200_研創_取締役会の実効性評価結果の概要に関するお知らせ.pdf
   ✅ 保存: 9170_1200_成友興業_2026年9月期 第2四半期(中間期)決算短信〔日本基準〕(連結).pdf
   ✅ 保存: 9343_1200_G-アイビス_2026年12月期 第1四半期決算短信〔日本基準〕(連結).pdf
   ✅ 保存: 9343_1200_G-アイビス_2026年12月期第1四半期決算説明会資料.pdf
   ✅ 保存: 9343_1200_G-アイビス_Investor Digest Ver.2.pdf
   ✅ 保存: 9476_1200_中央経済社HD_2026年9月期 第2四半期(中間期)決算短信〔日本基準〕(連結).pdf
   ✅ 保存: 1326_1150_E-ワールド_SPDRゴールド・シェアに関する日々の開示事項.pdf
   ✅ 保存: 1969_1130_高砂熱_配当予想の修正に関するお知らせ.pdf
   ✅ 保存: 1969_1130_高砂熱_2026年3月期 決算短信 〔日本基準〕(連結).pdf
   ✅ 保存: 1969_1130_高砂熱_2025年度通期決算説明資料.pdf
   ✅ 保存: 1994_1130_高橋ウォール_第2四半期(中間期)業績予想及び通期業績予想の修正に関するお知らせ.pdf
   ✅ 保存: 1994_1130_高橋ウォール_2026年12月期第1四半期決算短信〔日本基準〕(連結).pdf
   ✅ 保存: 3105_1130_日清紡HD_2026年12月期 第1四半期決算短信〔日本基準〕(連結).pdf
   ✅ 保存: 4828_1130_ビーエンジ_2026年3月期 決算短信〔日本基準〕(連結).pdf
   ✅ 保存: 4828_1130_ビーエンジ_2026年3月期 決算説明資料.pdf
   ✅ 保存: 4828_1130_ビーエンジ_役員人事に関するお知らせ.pdf
   ✅ 保存: 5598_1130_P-Yottavia_自己株式立会外買付取引(ToSTNeT-3)による自己株式の取得結果(不成立)及び取得終了に関するお知らせ.pdf
   ✅ 保存: 6460_1130_セガサミーHD_2026年3月期決算短信〔日本基準〕(連結).pdf
   ...Page 012 を確認中
   ✅ 保存: 6460_1130_セガサミーHD_特別損失(減損損失)の計上および業績予想と実績値との差異に関するお知らせ.pdf
   ✅ 保存: 6460_1130_セガサミーHD_取締役(監査等委員である取締役を除く)および監査等委員である取締役候補者ならびに補欠の監査等委員である取締役候補者について.pdf
   ✅ 保存: 6460_1130_セガサミーHD_2026年3月期 決算補足データ集.pdf
   ✅ 保存: 6460_1130_セガサミーHD_2026年3月期 決算プレゼンテーション.pdf
   ✅ 保存: 6658_1130_シライ電子_2026年3月期決算短信〔日本基準〕(連結).pdf
   ✅ 保存: 7012_1130_川崎重_2026年3月期決算短信〔IFRS〕(連結).pdf
   ✅ 保存: 7012_1130_川崎重_2025年度決算説明資料.pdf
   ✅ 保存: 7012_1130_川崎重_剰余金の配当(増配)に関するお知らせ.pdf
   ✅ 保存: 7012_1130_川崎重_取締役の異動について.pdf
   ✅ 保存: 7326_1130_G-SBIインシュ_2026年3月期 決算短信〔日本基準〕(連結).pdf
   ✅ 保存: 7326_1130_G-SBIインシュ_剰余金の配当に関するお知らせ.pdf
   ✅ 保存: 7326_1130_G-SBIインシュ_事業計画及び成長可能性に関する事項.pdf
   ✅ 保存: 7806_1130_G-MTG_2026年9月期 第2四半期(中間期)決算短信〔日本基準〕(連結).pdf
   ✅ 保存: 7806_1130_G-MTG_通期業績予想及び配当予想の修正(上方修正)に関するお知らせ.pdf
   ✅ 保存: 9744_1130_メイテックGHD_2026年3月期 決算短信〔日本基準〕(連結).pdf
   ✅ 保存: 9744_1130_メイテックGHD_2026年3月期 決算説明資料.pdf
   ✅ 保存: 9744_1130_メイテックGHD_期末配当予想の修正に関するお知らせ.pdf
   ✅ 保存: 9744_1130_メイテックGHD_中期計画の策定に関するお知らせ.pdf
   ✅ 保存: 9832_1130_オートバックス_2027年3月期 4月度 月次売上概況(速報)についてのお知らせ.pdf
   ✅ 保存: 9991_1130_ジェコス_2026年3月期 決算説明会.pdf
   ✅ 保存: 3663_1100_セルシス_2026年4月度月次事業進捗レポートのお知らせ.pdf
   ✅ 保存: 5947_1040_リンナイ_2026年3月期 決算短信〔日本基準〕(連結).pdf
   ✅ 保存: 5947_1040_リンナイ_株主提案に対する当社取締役会意見に関するお知らせ.pdf
   ✅ 保存: 7238_1030_曙ブレーキ_(連結)営業外収益、(連結・個別)特別損失及び(連結・個別)繰延税金資産の計上並びに2026年3月期通期連結業績予想の修正に関するお知らせ.pdf
   ✅ 保存: 2903_1000_シノブフーズ_自己株式立会外買付取引(ToSTNeT-3)による自己株式の取得結果に関するお知らせ.pdf
   ✅ 保存: 3580_1000_小松マテーレ_自己株式の取得状況に関するお知らせ.pdf
   ✅ 保存: 4484_1000_G-ランサーズ_自己株式の取得状況に関するお知らせ.pdf
   ✅ 保存: 5576_1000_オービーシステム_(訂正・数値データ訂正)「2026年3月期 決算短信〔日本基準〕(連結)」の一部訂正について.pdf
   ✅ 保存: 5576_1000_オービーシステム_(訂正)「2026年3月期 通期 決算補足説明資料」の一部訂正について.pdf
   ✅ 保存: 5969_1000_ロブテックス_2026年3月期決算短信〔日本基準〕(連結).pdf
   ✅ 保存: 5969_1000_ロブテックス_通期連結業績予想と実績値との差異に関するお知らせ.pdf
   ✅ 保存: 6806_1000_ヒロセ電_2026年3月期 決算説明会資料.pdf
   ✅ 保存: 6806_1000_ヒロセ電_2026 中長期成長戦略.pdf
   ✅ 保存: 9142_1000_JR九州_2026年3月期 決算説明会資料.pdf
   ✅ 保存: 6104_0930_芝浦機械_2026年3月期決算発表の延期に関するお知らせ.pdf
   ✅ 保存: 2687_0900_CVSベイ_(訂正)「取締役候補者の選任及び代表取締役、役員等の異動に関するお知らせ」の一部訂正について.pdf
   ✅ 保存: 4390_0900_ips_2026年3月期 決算説明会資料.pdf
   ✅ 保存: 6045_0900_G-レントラックス_特別利益(負ののれん発生益)の計上及び通期連結業績予想の修正に関するお知らせ.pdf
   ✅ 保存: 7138_0900_G-TORICO_ターゲットバイイング戦略によるイーサリアム(ETH)の追加取得に関するお知らせ.pdf
   ✅ 保存: 4582_0850_G-シンバイオ製薬_移植後リンパ増殖性疾患(PTLD)を対象としたNIH NIAIDとの共同研究開発契約(CRADA)期間を3年間延長.pdf
   ✅ 保存: 5310_0830_東洋炭素_2026年12月期第1四半期 決算概要.pdf
   ✅ 保存: 9166_0830_G-GENDA_北米事業説明会の要旨について.pdf
   ...Page 013 を確認中
   📝 一覧CSV保存: TDnet_Sorted_20260512.csv
   📝 一覧CSV保存（ルート）: TDnet_Sorted_20260512.csv
   📊 日別統計: page_access=13, pdf_success=1139, excluded=7

============================================================
✅ ①完了（範囲取得）
   期間: 20260512 ～ 20260512 （mode=day）
   一覧ページアクセス合計: 13
   PDFダウンロード成功合計: 1139
   除外件数合計: 7
   保存ルート: G:\マイドライブ\TDnet_Downloads

$ C:\Users\onok\AppData\Local\Python\pythoncore-3.14-64\python.exe -u ②a②bは２つフリーワード検索.py analyze --target 20260512 --save-root G:\マイドライブ\TDnet_Downloads --keywords 価格交渉 増産 価格改定 価格転嫁 値上 想定以上 上方修正 下方修正 想定以下 未達 大幅 計画を上 計画を下 計画以 需要回復 需要の回復 需要が増 需要が低 悪化 グローバルニッチトップ トップシェア シェア拡大 レアアース
ルート: G:\マイドライブ\TDnet_Downloads
対象指定: 20260512 mode= day from= 20260512 to= 20260512
対象フォルダ数: 1
検索キーワード: ['価格交渉', '増産', '価格改定', '価格転嫁', '値上', '想定以上', '上方修正', '下方修正', '想定以下', '未達', '大幅', '計画を上', '計画を下', '計画以', '需要回復', '需要の回復', '需要が増', '需要が低', '悪化', 'グローバルニッチトップ', 'トップシェア', 'シェア拡大', 'レアアース']
総PDF数（推定）: 1139
[1/1] 日付フォルダ 20260512 を処理中... (このフォルダ内PDF数: 1139)
  進捗: 50/1139 件のPDFを解析済み
  進捗: 100/1139 件のPDFを解析済み
  進捗: 150/1139 件のPDFを解析済み
  進捗: 200/1139 件のPDFを解析済み
  進捗: 250/1139 件のPDFを解析済み
  進捗: 300/1139 件のPDFを解析済み
  進捗: 350/1139 件のPDFを解析済み
  進捗: 400/1139 件のPDFを解析済み
  進捗: 450/1139 件のPDFを解析済み
  進捗: 500/1139 件のPDFを解析済み
  進捗: 550/1139 件のPDFを解析済み
  進捗: 600/1139 件のPDFを解析済み
  進捗: 650/1139 件のPDFを解析済み
  進捗: 700/1139 件のPDFを解析済み
  進捗: 750/1139 件のPDFを解析済み
  進捗: 800/1139 件のPDFを解析済み
  進捗: 850/1139 件のPDFを解析済み
  進捗: 900/1139 件のPDFを解析済み
  進捗: 950/1139 件のPDFを解析済み
  進捗: 1000/1139 件のPDFを解析済み
  進捗: 1050/1139 件のPDFを解析済み
  進捗: 1100/1139 件のPDFを解析済み
  進捗: 1139/1139 件のPDFを解析済み
  → 日付フォルダ 20260512 のヒットPDF数: 416

✅ ②A 完了（解析専用・キーワード別ページ列）
解析PDF数: 1139
ヒットPDF数: 416
出力CSV: Analysis_Hits_free_word_20260512.csv
保存先: G:\マイドライブ\TDnet_Downloads

$ C:\Users\onok\AppData\Local\Python\pythoncore-3.14-64\python.exe -u ②a②bは２つフリーワード検索.py distribute --target 20260512 --save-root G:\マイドライブ\TDnet_Downloads --no-stop-on-empty-meta

✅ ②B 完了（配布用CSV作成・キーワード別ページ列）
出力: PDF_Search_Result_Distribution_free_word_20260512_sh.csv
キーワード列: ['価格交渉', '増産', '価格改定', '価格転嫁', '値上', '想定以上', '上方修正', '下方修正', '想定以下', '未達', '大幅', '計画を上', '計画を下', '計画以', '需要回復', '需要の回復', '需要が増', '需要が低', '悪化', 'グローバルニッチトップ', 'トップシェア', 'シェア拡大', 'レアアース']
突合除外件数: 0
空欄アラート件数: 0

============================================
 Done: 2026-05-12 23:22:35
============================================
