============================================
 TDnet auto run: 20260702
 Start: 2026-07-02 23:00:02
============================================

$ C:\Users\onok\AppData\Local\Python\pythoncore-3.14-64\python.exe -u ①_tdnetアクセスしてダウンロードする処理（月日付別フォルダ保存）.py --target 20260702 --save-root G:\マイドライブ\TDnet_Downloads
🎯 対象指定: 20260702（mode=day, from=20260702, to=20260702）
📁 保存ルート: G:\マイドライブ\TDnet_Downloads

============================================================
📅 日付: 20260702 を処理します
   ...Page 001 を確認中
   ✅ 保存: 1786_1900_オリエンタル白石_その他の関係会社の異動に関するお知らせ.pdf
   ✅ 保存: 7318_1900_G-セレンディップ_日建産業の株式の取得(子会社化)完了に関するお知らせ.pdf
   ✅ 保存: 8473_1805_SBI_(訂正・数値データ訂正)2026年3月期 決算短信〔IFRS〕(連結)の一部訂正に関するお知らせ.pdf
   ✅ 保存: 3226_1745_R-三井不アコモ_コミットメントライン契約期限の延長に関するお知らせ.pdf
   ✅ 保存: 2371_1730_カカクコム_Kamgras 1株式会社による株式会社カカクコム(証券コード_2371)の株券等に対する公開買付けに係る公開買付期間の延長に関するお知らせ.pdf
   ✅ 保存: 4074_1730_G-ラキール_自己株式の取得状況に関するお知らせ.pdf
   ✅ 保存: 4390_1730_ips_和歌山県における海底ケーブル陸揚局整備に向けた検討の本格化について.pdf
   ✅ 保存: 9941_1715_太洋物産_(訂正)「(開示事項の経過)第三者割当による第6回新株予約権(行使価額修正選択権付き)発行の払込完了に関するお知らせ」の一部訂正について.pdf
   ✅ 保存: 4812_1710_電通総研_当社に関する一部報道について.pdf
   ✅ 保存: 4593_1705_G-ヘリオス_無償ストック・オプション(第28回新株予約権)の発行内容確定に関するお知らせ.pdf
   ✅ 保存: 4593_1705_G-ヘリオス_有償ストック・オプション(第29回新株予約権)の発行内容確定に関するお知らせ.pdf
   ✅ 保存: 4593_1705_G-ヘリオス_有償ストック・オプション(第30回新株予約権)の発行内容確定に関するお知らせ.pdf
   ✅ 保存: 1852_1700_浅沼組_自己株式の取得状況及び取得終了に関するお知らせ.pdf
   ✅ 保存: 2134_1700_キタハマキャピタル_訴訟の判決確定に関するお知らせ.pdf
   ✅ 保存: 2477_1700_手間いらず_自己株式の取得状況に関するお知らせ.pdf
   ✅ 保存: 5542_1700_新報国マテリアル_譲渡制限付株式報酬としての自己株式の処分の払込完了に関するお知らせ.pdf
   ✅ 保存: 6597_1700_G-HPCシステムズ_(開示事項の経過)特別当座貸越契約の締結に関するお知らせ.pdf
   ✅ 保存: 3266_1635_ファンドクリG_財務上の特約が付された金銭消費貸借契約締結に関するお知らせ.pdf
   ✅ 保存: 4324_1635_電通グループ_当社および当社グループ会社に関する一部報道について.pdf
   ✅ 保存: 4597_1635_G-ソレイジア_(開示事項の経過)Sancuso(SP-01)製品販売の状況について.pdf
   ✅ 保存: 6993_1630_大黒屋_第21回新株予約権の行使完了に関するお知らせ.pdf
   ✅ 保存: 6993_1630_大黒屋_主要株主の異動に関するお知らせ.pdf
   ✅ 保存: 7049_1630_G-識学_連結子会社によるマッハ機器株式会社の株式の取得(孫会社化) に関するお知らせ.pdf
   ✅ 保存: 9612_1630_ラックランド_連結子会社の異動(株式譲渡)に関するお知らせ.pdf
   ✅ 保存: 6652_1620_IDEC_(訂正)「ストックオプション(新株予約権)の発行内容確定に関するお知らせ」に関する一部訂正.pdf
   ✅ 保存: 2146_1600_UTグループ_自己株式の取得状況に関するお知らせ.pdf
   ✅ 保存: 2338_1600_クオンタムS_AIインフラストラクチャ(AIDC)事業におけるデータセンター容量確保に向けた保証金初回支払い完了に関するお知らせ.pdf
   ✅ 保存: 3443_1600_川田TECH_自己株式の取得状況に関するお知らせ.pdf
   ✅ 保存: 3566_1600_G-ユニネク_2026年12月期6月度 月次業績速報.pdf
   ✅ 保存: 4046_1600_大阪ソーダ_自己株式の取得状況に関するお知らせ.pdf
   ✅ 保存: 504A_1600_G-イノバセル_ICEF15国際共同第III相治験に関する米国FDAのIND審査完了および米国組入れ承認取得のお知らせ.pdf
   ✅ 保存: 5161_1600_西川ゴム_従業員持株会を通じた株式付与としての自己株式処分の払込完了及び一部失権に関するお知らせ.pdf
   ✅ 保存: 6013_1600_タクマ_自己株式の取得状況に関するお知らせ.pdf
   ✅ 保存: 6469_1600_放電精密_譲渡制限付株式報酬としての自己株式の処分の払込完了に関するお知らせ.pdf
   ✅ 保存: 7917_1600_ZACROS_自己株式の取得状況及び取得終了に関するお知らせ.pdf
   ✅ 保存: 9425_1600_ReYuuJapan_株式会社あいプロの株式取得(子会社化)の基本合意書締結に関するお知らせ.pdf
   ✅ 保存: 9628_1600_燦HD_自己株式の取得状況に関するお知らせ.pdf
   ✅ 保存: 4973_1540_高純度化_主要株主の異動に関するお知らせ.pdf
   ✅ 保存: 4171_1535_グローバルI_株式会社ユーザベースによる当社株券等に対する公開買付けの結果並びに親会社、主要株主である筆頭株主及び主要株主の異動に関するお知らせ.pdf
   ✅ 保存: 2206_1530_グリコ_自己株式の取得状況に関するお知らせ.pdf
   ✅ 保存: 2207_1530_meito_自己株式の取得状況に関するお知らせ.pdf
   ✅ 保存: 2370_1530_G-MDNT_(開示事項の経過)インドで製造販売承認を取得した再生医療等製品の日本における独占的開発・商業化に向けたオプション権を行使.pdf
   ✅ 保存: 2493_1530_イーサポート_2026年11月期 第2四半期(中間期)決算短信〔日本基準〕(連結).pdf
   ✅ 保存: 2579_1530_コカ・コーラBJH_自己株式の取得状況に関するお知らせ.pdf
   ✅ 保存: 2670_1530_ABCマート_2027年2月期 6月度概況について [国内].pdf
   ✅ 保存: 2685_1530_アンドエスティHD_月次売上高前年比に関するお知らせ.pdf
   ✅ 保存: 2778_1530_パレモ・HD_自己株式の取得状況に関するお知らせ.pdf
   ✅ 保存: 2802_1530_味の素_自己株式の取得状況に関するお知らせ.pdf
   ✅ 保存: 285A_1530_キオクシアHD_(訂正)「勤務継続型株式報酬制度及び業績連動型株式報酬制度のユニット付与に関するお知らせ」の一部訂正について.pdf
   ✅ 保存: 3092_1530_ZOZO_自己株式の取得状況に関するお知らせ.pdf
   ✅ 保存: 3350_1530_メタプラネット_ビットコインの追加購入に関するお知らせ.pdf
   ✅ 保存: 3350_1530_メタプラネット_ビットコイン・インカム事業の2026年12月期第2四半期業績に関するお知らせ.pdf
   ✅ 保存: 3360_1530_シップHD_自己株式の取得状況に関するお知らせ.pdf
   ✅ 保存: 3415_1530_トウキョウベース_【2027年1月期】2026年6月度月次売上速報.pdf
   ✅ 保存: 3549_1530_クスリのアオキHD_2026年5月期 決算短信〔日本基準〕(連結).pdf
   ✅ 保存: 3549_1530_クスリのアオキHD_2026年6月度 月次営業速報に関するお知らせ.pdf
   ✅ 保存: 3549_1530_クスリのアオキHD_自己株式の取得状況に関するお知らせ.pdf
   ✅ 保存: 3549_1530_クスリのアオキHD_剰余金の配当(期末配当)に関するお知らせ.pdf
   ✅ 保存: 3691_1530_G-デジタルプラス_2026年9月期第3四半期 流通総額速報値に関するお知らせ.pdf
   ✅ 保存: 3719_1530_AIストーム_第三者割当により発行された行使価額修正条項付第10回新株予約権の月間行使状況に関するお知らせ.pdf
   ✅ 保存: 3793_1530_G-ドリコム_自己株式の取得状況に関するお知らせ(2026年6月度).pdf
   ✅ 保存: 3815_1530_G-メディア_株主優待制度に関するお知らせ.pdf
   ✅ 保存: 3837_1530_アドソル日進_従業員(役職者)に対する譲渡制限付株式報酬(RS)としての自己株式の処分の払込完了に関するお知らせ.pdf
   ✅ 保存: 3984_1530_ユーザーローカル_自己株式の取得状況に関するお知らせ.pdf
   ✅ 保存: 4021_1530_日産化_自己株式の取得状況に関するお知らせ.pdf
   ✅ 保存: 4179_1530_G-ジーネクスト_第7回新株予約権の行使期間満了及び新株予約権戻入益(特別利益)の計上に関するお知らせ.pdf
   ✅ 保存: 4187_1530_大有機化_業績予想及び配当予想の修正に関するお知らせ.pdf
   ✅ 保存: 4206_1530_アイカ工_非連結子会社の吸収合併(簡易合併・略式合併)に関するお知らせ.pdf
   ✅ 保存: 4496_1530_G-コマースワン_自己株式の取得状況に関するお知らせ.pdf
   ✅ 保存: 4596_1530_G-窪田製薬HD_エミクススタト塩酸塩の製造に係るマイルストーン対価受領のお知らせ.pdf
   ✅ 保存: 4733_1530_OBC_譲渡制限付株式としての自己株式の処分に関するお知らせ.pdf
   ✅ 保存: 4890_1530_G-坪田ラボ_海外製薬企業とのライセンス契約に基づく最終マイルストーン達成および収益計上に関するお知らせ.pdf
   ✅ 保存: 5108_1530_ブリヂス_自己株式の取得状況に関するお知らせ.pdf
   ✅ 保存: 5133_1530_テリロジーHD_自己株式取得に係る事項の決定に関するお知らせ.pdf
   ✅ 保存: 6090_1530_HMT_自己株式の取得状況に関するお知らせ.pdf
   ✅ 保存: 6136_1530_OSG_業績予想の修正に関するお知らせ.pdf
   ✅ 保存: 6465_1530_ホシザキ_自己株式の取得状況に関するお知らせ.pdf
   ✅ 保存: 6501_1530_日立_自己株式の取得状況に関するお知らせ(会社法第459条第1項の規定による定款の定めに基づく自己株式の取得).pdf
   ✅ 保存: 6571_1530_キュービーネットHD_国内店舗売上高前年比(2026年6月)についてのお知らせ.pdf
   ✅ 保存: 6857_1530_アドバンテス_自己株式の取得状況に関するお知らせ.pdf
   ✅ 保存: 6869_1530_シスメックス_自己株式の取得状況に関するお知らせ.pdf
   ✅ 保存: 7047_1530_G-ポート_投資家Q&A(2026年6月).pdf
   ✅ 保存: 7318_1530_G-セレンディップ_新中期経営計画説明会動画および質疑応答要旨の公開について.pdf
   ✅ 保存: 7606_1530_Uアローズ_2026年6月度月次売上概況(速報).pdf
   ✅ 保存: 7625_1530_Gダイニング_月次売上速報(2026年6月度).pdf
   ✅ 保存: 7640_1530_トップカルチャ_2026年10月期6月度月次売上動向.pdf
   ✅ 保存: 8018_1530_三共生興_自己株式の取得状況に関するお知らせ(会社法165条第2項の規定による定款の定めに基づく自己株式の取得).pdf
   ✅ 保存: 8336_1530_武蔵野銀_自己株式の取得状況に関するお知らせ.pdf
   ✅ 保存: 8725_1530_MS&AD_自己株式の取得状況に関するお知らせ.pdf
   ✅ 保存: 8729_1530_ソニーFG_自己株式の取得状況に関するお知らせ.pdf
   ✅ 保存: 9065_1530_山九_自己株式の取得状況に関するお知らせ.pdf
   ✅ 保存: 9147_1530_NXHD_自己株式の取得状況に関するお知らせ.pdf
   ✅ 保存: 9301_1530_三菱倉_自己株式の取得状況に関するお知らせ.pdf
   ✅ 保存: 9405_1530_朝日放送グループHD_自己株式の取得状況に関するお知らせ.pdf
   ✅ 保存: 9468_1530_KADOKAWA_早期退職特別募集施策の実施結果及び特別損失の計上に関するお知らせ.pdf
   ✅ 保存: 9692_1530_シーイーシー_自己株式の取得状況に関するお知らせ.pdf
   ✅ 保存: 9793_1530_ダイセキ_2027年2月期第1四半期決算短信〔日本基準〕(連結).pdf
   ✅ 保存: 9990_1530_サックスバーHD_(株)東京デリカの月次売上情報等のお知らせ.pdf
   ✅ 保存: 5273_1500_三谷セキサン_自己株式の取得状況に関するお知らせ.pdf
   ...Page 002 を確認中
   ✅ 保存: 2810_1430_ハウス食G_自己株式の取得状況に関するお知らせ.pdf
   ✅ 保存: 4008_1430_住友精化_自己株式の取得状況に関するお知らせ.pdf
   ✅ 保存: 5233_1430_太平洋セメ_コミットメント型自己株式取得(FCSR)における事後調整完了のお知らせ.pdf
   ✅ 保存: 9936_1430_王将フード_2026年6月 月次売上高(速報版).pdf
   ✅ 保存: 7578_1420_ニチリョク_(訂正・数値データ訂正)「2026年3月期 決算短信〔日本基準〕(非連結)」の一部訂正のお知らせ.pdf
   ✅ 保存: 3624_1400_G-アクセルM_第三者割当による新株式の発行に係る払込完了に関するお知らせ.pdf
   ✅ 保存: 6497_1400_ハマイ_(開示事項の経過)一時会計監査人の選任に関するお知らせ.pdf
   ✅ 保存: 6574_1400_G-コンヴァノ_(開示事項の経過)アクセルマーク株式会社(証券コード3624)の株式の取得(連結子会社化)の完了に関するお知らせ.pdf
   ✅ 保存: 6617_1400_東光高岳_自己株式の取得状況に関するお知らせ.pdf
   ✅ 保存: 7938_1400_リーガル_営業外収益(受取配当金)の計上に関するお知らせ.pdf
   ✅ 保存: 8511_1400_日証金_自己株式の取得状況に関するお知らせ.pdf
   ✅ 保存: 9072_1400_ニッコンHD_コーポレートガバナンス・コードに関する当社の取り組み.pdf
   ✅ 保存: 9072_1400_ニッコンHD_当社取締役会の実効性に関する評価結果の概要について.pdf
   ✅ 保存: 9412_1400_スカパーJSAT_2026年6月末現在 加入件数について.pdf
   ✅ 保存: 9531_1400_東瓦斯_自己株式の取得状況に関するお知らせ.pdf
   ✅ 保存: 3467_1300_アグレ都市デザイン_定款の一部変更に関するお知らせ.pdf
   ✅ 保存: 6101_1300_ツガミ_自己株式の取得状況に関するお知らせ.pdf
   ✅ 保存: 6104_1300_芝浦機械_南欧市場における射出成形機事業の収益基盤の強化に向けたSHIBAURA MACHINE EUROPE S.R.L.合弁会社化の検討開始について.pdf
   ✅ 保存: 9519_1300_レノバ_軽米西ソーラー発電所の操業再開に関するお知らせ.pdf
   ✅ 保存: 4591_1230_G-リボミック_軟骨無形成症治療薬(umedaptanib pegol)の国内第III相臨床試験における第一例目の症例登録のお知らせ.pdf
   ✅ 保存: 7012_1230_川崎重_海外募集による新株式の発行並びに2031年及び2033年満期ユーロ円建転換社債型新株予約権付社債(トランジションCB)の発行に関するお知らせ.pdf
   ✅ 保存: 587A_1215_E-インベスコQQQ_インベスコQQQトラスト シリーズ1 に関する日々の開示事項.pdf
   ✅ 保存: 1326_1200_E-ワールド_SPDRゴールド・シェアに関する日々の開示事項.pdf
   ✅ 保存: 2659_1200_サンエー_自己株式の取得状況に関するお知らせ.pdf
   ✅ 保存: 3070_1200_G-ジェリービーンズ_サンリオキャラクターズ(Sanrio Characters)正式ライセンス取得のアパレルブランドを展開するAurenとの独占販売契約の締結に関するお知らせ.pdf
   ✅ 保存: 3070_1200_G-ジェリービーンズ_サンリオキャラクターズ(Sanrio Characters)正式ライセンス取得のアパレルブランドを展開するAurenとの独占販売契約の締結に関するお知らせ 補足資料.pdf
   ✅ 保存: 6180_1200_G-GMOメディア_自己株式の取得状況に関するお知らせ.pdf
   ✅ 保存: 8742_1200_小林洋行_2026年6月の月間売買実績(速報値)に関するお知らせ.pdf
   ✅ 保存: 9235_1135_G-売れるネットG_【売上14.63億円】【黒字】モバイルシステム・モバイル通信会社「パロットビーク株式会社」株式取得による完全子会社化に関する補足説明資料.pdf
   ✅ 保存: 4056_1130_G-ニューラル_親会社以外の支配株主の異動に関するお知らせ.pdf
   ✅ 保存: 6273_1130_SMC_自己株式の取得状況に関するお知らせ.pdf
   ✅ 保存: 7063_1130_G-Birdman_系統用蓄電池設備の完工及び運用開始に関するお知らせ.pdf
   ✅ 保存: 8167_1130_リテールパートナーズ_自己株式の取得状況に関するお知らせ.pdf
   ✅ 保存: 9235_1130_G-売れるネットG_株式交付によるパロットビーク株式会社の子会社化及び子会社(特定子会社)の異動に関するお知らせ.pdf
   ✅ 保存: 2371_1100_カカクコム_当社の資本政策に関する法的拘束力を有する提案書の受領のお知らせ.pdf
   ✅ 保存: 2371_1100_カカクコム_(変更)「Kamgras 1株式会社による当社株券等に対する公開買付けに関する賛同の意見表明及び応募推奨のお知らせ」の一部変更に関するお知らせ.pdf
   ✅ 保存: 2488_1100_JTP_自己株式の取得状況に関するお知らせ.pdf
   ✅ 保存: 6579_1100_G-ログリー_財務報告に係る内部統制の開示すべき重要な不備に関するお知らせ.pdf
   ✅ 保存: 2185_1030_シイエム・シイ_自己株式の取得状況に関するお知らせ.pdf
   ✅ 保存: 5013_1000_ユシロ_自己株式の取得状況に関するお知らせ.pdf
   ✅ 保存: 5574_1000_G-ABEJA_NEDOの採択を受け、「製造現場視触覚データ収集によるVTLA基盤モデルに向けたデータセットの構築」に参画.pdf
   ✅ 保存: 8560_1000_宮崎太銀_自己株式の取得状況に関するお知らせ.pdf
   ✅ 保存: 9644_1000_タナベコンサルG_自己株式の取得状況に関するお知らせ.pdf
   ✅ 保存: 2338_0900_クオンタムS_AIインフラストラクチャ(AIDC)事業におけるデータセンター容量確保に向けた基本条件合意及び保証金の支払いに関するお知らせ.pdf
   ✅ 保存: 9076_0850_セイノーHD_社外取締役の辞任に関するお知らせ.pdf
   ✅ 保存: 4578_0830_大塚HD_IgA腎症治療薬「VOYXACT(シベプレンリマブ)」フェーズ3試験において2年間にわたりeGFR(推算糸球体濾過量)を改善.pdf
   ✅ 保存: 4594_0830_G-ブライトパス_BP2202に係る米国食品医薬品局(FDA)への治験申請(IND)提出のお知らせ.pdf
   ...Page 003 を確認中
   📝 一覧CSV保存: TDnet_Sorted_20260702.csv
   📝 一覧CSV保存（ルート）: TDnet_Sorted_20260702.csv
   📊 日別統計: page_access=3, pdf_success=146, excluded=9

============================================================
✅ ①完了（範囲取得）
   期間: 20260702 ～ 20260702 （mode=day）
   一覧ページアクセス合計: 3
   PDFダウンロード成功合計: 146
   除外件数合計: 9
   保存ルート: G:\マイドライブ\TDnet_Downloads

$ C:\Users\onok\AppData\Local\Python\pythoncore-3.14-64\python.exe -u ②a②bは２つフリーワード検索.py analyze --target 20260702 --save-root G:\マイドライブ\TDnet_Downloads --keywords 価格交渉 増産 価格改定 価格転嫁 値上 想定以上 上方修正 下方修正 想定以下 未達 大幅 計画を上 計画を下 計画以 需要回復 需要の回復 需要が増 需要が低 悪化 グローバルニッチトップ トップシェア シェア拡大 レアアース
ルート: G:\マイドライブ\TDnet_Downloads
対象指定: 20260702 mode= day from= 20260702 to= 20260702
対象フォルダ数: 1
検索キーワード: ['価格交渉', '増産', '価格改定', '価格転嫁', '値上', '想定以上', '上方修正', '下方修正', '想定以下', '未達', '大幅', '計画を上', '計画を下', '計画以', '需要回復', '需要の回復', '需要が増', '需要が低', '悪化', 'グローバルニッチトップ', 'トップシェア', 'シェア拡大', 'レアアース']
総PDF数（推定）: 146
[1/1] 日付フォルダ 20260702 を処理中... (このフォルダ内PDF数: 146)
  進捗: 50/146 件のPDFを解析済み
  進捗: 100/146 件のPDFを解析済み
  進捗: 146/146 件のPDFを解析済み
  → 日付フォルダ 20260702 のヒットPDF数: 11

✅ ②A 完了（解析専用・キーワード別ページ列）
解析PDF数: 146
ヒットPDF数: 11
出力CSV: Analysis_Hits_free_word_20260702.csv
保存先: G:\マイドライブ\TDnet_Downloads

$ C:\Users\onok\AppData\Local\Python\pythoncore-3.14-64\python.exe -u ②a②bは２つフリーワード検索.py distribute --target 20260702 --save-root G:\マイドライブ\TDnet_Downloads --no-stop-on-empty-meta

✅ ②B 完了（配布用CSV作成・キーワード別ページ列）
出力: PDF_Search_Result_Distribution_free_word_20260702_sh.csv
キーワード列: ['価格交渉', '増産', '価格改定', '価格転嫁', '値上', '想定以上', '上方修正', '下方修正', '想定以下', '未達', '大幅', '計画を上', '計画を下', '計画以', '需要回復', '需要の回復', '需要が増', '需要が低', '悪化', 'グローバルニッチトップ', 'トップシェア', 'シェア拡大', 'レアアース']
突合除外件数: 0
空欄アラート件数: 0

============================================
 Done: 2026-07-02 23:03:09
============================================
