============================================
 TDnet auto run: 20260605
 Start: 2026-06-05 23:00:01
============================================

$ C:\Users\onok\AppData\Local\Python\pythoncore-3.14-64\python.exe -u ①_tdnetアクセスしてダウンロードする処理（月日付別フォルダ保存）.py --target 20260605 --save-root G:\マイドライブ\TDnet_Downloads
🎯 対象指定: 20260605（mode=day, from=20260605, to=20260605）
📁 保存ルート: G:\マイドライブ\TDnet_Downloads

============================================================
📅 日付: 20260605 を処理します
   ...Page 001 を確認中
   ✅ 保存: 2160_1840_G-GNI_あゆみ製薬ホールディングス株式会社の完全子会社化について.pdf
   ✅ 保存: 2894_1830_石井食_(訂正)「2026年3月期通期決算説明資料」の一部訂正について.pdf
   ✅ 保存: 2894_1830_石井食_(訂正・数値データ訂正)「2026年3月期決算短信〔日本基準〕(連結)」の一部訂正について.pdf
   ✅ 保存: 3288_1830_オープンハウスG_(訂正)「ストックオプション(新株予約権)の発行内容確定に関するお知らせ」の一部訂正について.pdf
   ✅ 保存: 6574_1810_G-コンヴァノ_(訂正)「2026 年3月期 通期決算説明資料」の一部訂正について.pdf
   ✅ 保存: 4674_1800_クレスコ_独立役員届出書.pdf
   ✅ 保存: 7984_1800_コクヨ_株主優待制度の変更に関するお知らせ.pdf
   ✅ 保存: 3279_1730_R-API_資金の借入れに関するお知らせ.pdf
   ✅ 保存: 3662_1730_エイチームHD_2026年7月期 第3四半期 決算説明資料.pdf
   ✅ 保存: 3662_1730_エイチームHD_2026年7月期 第3四半期データブック.pdf
   ✅ 保存: 4902_1730_コニカミノルタ_主要株主の異動に関するお知らせ.pdf
   ✅ 保存: 6777_1730_santecHD_2026年3月期 決算説明資料.pdf
   ✅ 保存: 2337_1720_いちご_自己株式の取得結果および取得終了のお知らせ.pdf
   ✅ 保存: 3664_1715_G-WIZE_第三者割当により発行された第39回新株予約権(行使価額修正条項付)の大量行使に関するお知らせ.pdf
   ✅ 保存: 2321_1700_G-ソフトフロントH_定款一部変更に関するお知らせ.pdf
   ✅ 保存: 2331_1700_ALSOK_(訂正)「TCG2511 株式会社による日本ドライケミカル株式会社の普通株式に対する公開買付けの開始に関するお知らせ」の訂正に関するお知らせ.pdf
   ✅ 保存: 2340_1700_極楽湯HD_純資産減少割合の確定に関するお知らせ.pdf
   ✅ 保存: 2914_1700_JT_譲渡制限付株式報酬及びパフォーマンス・シェア・ユニットとしての自己株式の処分に関するお知らせ.pdf
   ✅ 保存: 2928_1700_A-RIZAP G_自己株式の取得状況に関するお知らせ.pdf
   ✅ 保存: 310A_1700_P-サーティーフォー_TOKYO PRO Marketへの上場目的の開示について.pdf
   ✅ 保存: 325A_1700_G-TENTIAL_自己株式の取得状況に関するお知らせ.pdf
   ✅ 保存: 6081_1700_G-アライドアーキ_元従業員に対する損害賠償請求訴訟の提起に関するお知らせ.pdf
   ✅ 保存: 6081_1700_G-アライドアーキ_(訂正)「第三者割当により発行された行使価額修正条項付第22回新株予約権の月間行使状況に関するお知らせ」の一部訂正について.pdf
   ✅ 保存: 6772_1700_コスモス電_短期売買に係る「利益関係書類」(写)の受領及び返還請求について.pdf
   ✅ 保存: 7502_1700_プラザHD_自己株式の取得及び自己株式立会外買付取引(ToSTNeT-3)による自己株式の買付けに関するお知らせ.pdf
   ✅ 保存: 8766_1700_東京海上_自己株式の取得状況に関するお知らせ.pdf
   ✅ 保存: 186A_1630_G-アストロスケール_海外一般募集による2029年満期ユーロ円建CB並びに第三者割当による新株式及び第1回無担保CBの発行に係る払込完了に関するお知らせ.pdf
   ✅ 保存: 3288_1630_オープンハウスG_ストックオプション(新株予約権)の発行内容確定に関するお知らせ.pdf
   ✅ 保存: 393A_1630_P-RitaX_(開示事項の変更)「資金の借入に関するお知らせ」の一部変更に関するお知らせ.pdf
   ✅ 保存: 4671_1630_ファルコHD_自己株式の取得状況に関するお知らせ.pdf
   ✅ 保存: 6574_1630_G-コンヴァノ_(再訂正・数値データ訂正)2026年3月期決算短信〔IFRS〕(連結)の一部訂正について.pdf
   ✅ 保存: 6574_1630_G-コンヴァノ_(再訂正)「業績予想と実績値との差異に関するお知らせ」の一部訂正について.pdf
   ✅ 保存: 7078_1630_G-INC HD_(訂正・数値データ訂正)「2026年3月期 決算短信 〔日本基準〕(連結)」の一部訂正について.pdf
   ✅ 保存: 7078_1630_G-INC HD_(訂正)「2026年3月期 決算補足資料」の一部訂正について.pdf
   ✅ 保存: 7078_1630_G-INC HD_(訂正)「2026 年3月期通期業績予想と実績値との差異に関するお知らせ」の一部訂正について.pdf
   ✅ 保存: 7531_1630_清和中央_福岡証券取引所本則市場への重複上場のお知らせ.pdf
   ✅ 保存: 8746_1630_unbanked_取締役の異動(社内取締役への変更)に関するお知らせ.pdf
   ✅ 保存: 9686_1630_東洋テック_(訂正)「2026年3月期決算説明動画配信に関するお知らせ」の一部訂正について.pdf
   ✅ 保存: 184A_1620_G-学びエイド_主要株主の異動に関するお知らせ.pdf
   ✅ 保存: 9201_1615_JAL_第1回社債型種類株式の発行に係る発行登録の取下げに関するお知らせ.pdf
   ✅ 保存: 2160_1600_G-GNI_あゆみ製薬ホールディングス株式会社の全株式の取得(完全子会社化)及び 第三者割当による新株式の発行(現物出資)に関するお知らせ.pdf
   ✅ 保存: 2160_1600_G-GNI_主要株主及び主要株主である筆頭株主の異動に関するお知らせ.pdf
   ✅ 保存: 2162_1600_nms HD_東京証券取引所への「改善報告書」の提出に関するお知らせ.pdf
   ✅ 保存: 245A_1600_G-INGS_2026年8月期5月度 直営店売上高速報、店舗数推移について.pdf
   ✅ 保存: 2981_1600_G-ランディックス_支配株主等に関する事項について.pdf
   ✅ 保存: 3046_1600_JINSHD_2026年5月度(2026年8月期)月次売上状況(速報)等について.pdf
   ✅ 保存: 3066_1600_JBイレブン_第三者割当による第7回新株予約権及び第8回新株予約権 (行使価額修正型新株予約権への転換権付)の発行に関するお知らせ.pdf
   ✅ 保存: 3547_1600_ユニシアHD_月次速報(2026年5月度).pdf
   ✅ 保存: 3816_1600_大和コン_2026年7月期 第3四半期決算短信〔日本基準〕(連結).pdf
   ✅ 保存: 4436_1600_G-ミンカブ_(訂正・数値データ訂正)「2026年3月期 決算短信〔日本基準〕(連結)」の一部訂正について.pdf
   ✅ 保存: 4493_1600_G-サイバーセキュリ_(訂正)適時開示資料「2026年12月期 第1四半期 決算説明資料」の一部訂正について.pdf
   ✅ 保存: 5576_1600_オービーシステム_支配株主等に関する事項について.pdf
   ✅ 保存: 6309_1600_巴工業_業績予想の修正に関するお知らせ.pdf
   ✅ 保存: 6309_1600_巴工業_剰余金の配当(中間配当)および期末配当予想の修正に関するお知らせ.pdf
   ✅ 保存: 6562_1600_G-ジーニー_ディップ株式会社との資本業務提携及び第三者割当による自己株式処分、新任取締役候補者の選任、親会社以外の支配株主の異動に関するお知らせ.pdf
   ✅ 保存: 6562_1600_G-ジーニー_取締役・監査役候補者選定に関するお知らせ.pdf
   ✅ 保存: 7610_1600_テイツー_2026年5月の月次売上概況のお知らせ.pdf
   ✅ 保存: 7674_1600_G-NATTYHD_月次報告(2026年5月度).pdf
   ✅ 保存: 8739_1600_スパークス_2026年5月度(速報値)月末運用資産残高のお知らせ.pdf
   ✅ 保存: 8917_1600_ファースト住建_令和8年10月期 第2四半期(中間期)決算短信〔日本基準〕(連結).pdf
   ✅ 保存: 8995_1600_誠建設_公益財団法人財務会計基準機構への加入状況及び加入に関する考え方等に関するお知らせ.pdf
   ✅ 保存: 8995_1600_誠建設_支配株主等に関する事項について.pdf
   ✅ 保存: 9366_1600_サンリツ_2026年3月期決算説明会資料.pdf
   ✅ 保存: 9425_1600_ReYuuJapan_第三者割当による転換価額修正条項付新株予約権付社債の発行及び第三者割当による新株予約権の発行に係る払込完了に関するお知らせ.pdf
   ✅ 保存: 9635_1600_武蔵野興_支配株主等に関する事項について.pdf
   ✅ 保存: 9896_1600_JKHD_第三者割当による自己株式処分に関するお知らせ.pdf
   ✅ 保存: 9973_1600_KOZOHD_2026年12月期 5月度月次前年比データ(速報値)についてのお知らせ.pdf
   ✅ 保存: 6999_1550_KOA_(訂正・数値データ訂正)「2026年3月期 決算短信〔日本基準〕(連結)」、「2026年3月期 決算補足資料」及び「2026年3月期 決算説明会資料」の一部訂正について.pdf
   ✅ 保存: 3733_1545_ソフトウェアS_2026年10月期第2四半期決算短信〔日本基準〕(連結).pdf
   ✅ 保存: 3174_1540_ハピネス&D_月次売上高前年比等(速報)に関するお知らせ.pdf
   ✅ 保存: 3854_1540_アイル_2026年7月期 第3四半期決算短信〔日本基準〕(連結).pdf
   ✅ 保存: 6814_1540_古野電気_(訂正)「投資単位の引下げに関する考え方及び方針等について」の一部訂正について.pdf
   ✅ 保存: 7609_1540_ダイトロン_当社の従業員に対する譲渡制限付株式としての自己株式の処分の払込完了に関するお知らせ.pdf
   ✅ 保存: 8105_1540_BitcoinJPN_定款の一部変更に関するお知らせ.pdf
   ✅ 保存: 8105_1540_BitcoinJPN_取締役の異動に関するお知らせ.pdf
   ✅ 保存: 8105_1540_BitcoinJPN_役員向け長期インセンティブ制度の導入並びに改定に関するお知らせ(RSUの改定・PSUの導入・有償ストックオプションの発行).pdf
   ✅ 保存: 8105_1540_BitcoinJPN_海外子会社設立に関するお知らせ.pdf
   ✅ 保存: 137A_1530_G-Cocolive_自己株式の取得状況に関するお知らせ.pdf
   ✅ 保存: 138A_1530_G-光フードサービス_2026年11月期5月度 売上速報についてのお知らせ.pdf
   ✅ 保存: 1835_1530_東鉄工_有識者調査委員会設置に関するお知らせ.pdf
   ✅ 保存: 205A_1530_G-ロゴスHD_(開示事項の経過)事業譲受完了及び資金の借入に関するお知らせ.pdf
   ✅ 保存: 2186_1530_ソーバル_主要株主である筆頭株主及び主要株主の異動(見込み)に関するお知らせ.pdf
   ✅ 保存: 2353_1530_日駐_2026年7月期第3四半期決算短信〔日本基準〕(連結).pdf
   ✅ 保存: 2353_1530_日駐_自己株式取得に係る事項の決定に関するお知らせ.pdf
   ✅ 保存: 2413_1530_エムスリー_株式会社ワイズマンの株式の取得(連結子会社化)に関するお知らせ.pdf
   ✅ 保存: 2413_1530_エムスリー_ワイズマンの連結子会社化について(補足資料).pdf
   ✅ 保存: 2477_1530_手間いらず_自己株式取得に係る事項の決定に関するお知らせ.pdf
   ✅ 保存: 2782_1530_セリア_2026年5月度の月次売上高前年比及び店舗数.pdf
   ✅ 保存: 2801_1530_キッコマン_自己株式の取得状況に関するお知らせ.pdf
   ✅ 保存: 3086_1530_Jフロント_自己株式の取得状況及び取得終了に関するお知らせ.pdf
   ✅ 保存: 3179_1530_シュッピン_「Map Camera」の楽天市場店の営業再開について.pdf
   ✅ 保存: 3193_1530_エターナルホスピG_株式分割、株式分割に伴う定款の一部変更および 株主優待制度の変更に関するお知らせ.pdf
   ✅ 保存: 3193_1530_エターナルホスピG_米国中間持株会社(特定子会社)の設立に関するお知らせ.pdf
   ✅ 保存: 3193_1530_エターナルホスピG_2026年7月期 第3四半期決算短信〔日本基準〕(連結).pdf
   ✅ 保存: 3193_1530_エターナルホスピG_月次報告(2026年5月度).pdf
   ✅ 保存: 3287_1530_R-星野_ポートフォリオ運営実績に関するお知らせ(2026年4月度).pdf
   ✅ 保存: 3360_1530_シップHD_自己株式取得に係る事項の決定に関するお知らせ.pdf
   ✅ 保存: 3469_1530_デュアルタップ_連結子会社における会社分割(吸収分割)による事業承継に関するお知らせ.pdf
   ✅ 保存: 3487_1530_R-CREロジ_投資法人債の発行登録書提出に関するお知らせ.pdf
   ✅ 保存: 3549_1530_クスリのアオキHD_2026年5月度 月次営業速報に関するお知らせ.pdf
   ...Page 002 を確認中
   ✅ 保存: 3549_1530_クスリのアオキHD_自己株式の取得状況に関するお知らせ.pdf
   ✅ 保存: 3608_1530_TSI HD_月次売上情報(前年比)のお知らせ.pdf
   ✅ 保存: 3623_1530_G-BS_自己株式の取得状況及び取得終了に関するお知らせ.pdf
   ✅ 保存: 3661_1530_エムアップHD_剰余金の配当に関するお知らせ.pdf
   ✅ 保存: 3662_1530_エイチームHD_2026年7月期 第3四半期決算短信〔日本基準〕(連結).pdf
   ✅ 保存: 3690_1530_イルグルム_2026年5月の月次売上高(速報)に関するお知らせ.pdf
   ✅ 保存: 3915_1530_テラスカイ_ブリッジインターナショナルグループ株式会社との資本業務提携及び第三者割当による自己株式処分の引受に関するお知らせ.pdf
   ✅ 保存: 3997_1530_トレードワークス_投資有価証券の売却に伴う特別損失の計上及び特別利益(受贈益)の計上見込みに関するお知らせ.pdf
   ✅ 保存: 401A_1530_R-霞ヶ関ホテル_ホテル運営実績に関するお知らせ(2026年4月度).pdf
   ✅ 保存: 4056_1530_G-ニューラル_(訂正)「2026 年12月期(第9期) 第1四半期決算説明資料」の一部訂正について.pdf
   ✅ 保存: 4063_1530_信越化_自己株式の取得状況に関するお知らせ.pdf
   ✅ 保存: 409A_1530_オリオンビール_自己株式取得状況および取得終了に関するお知らせ.pdf
   ✅ 保存: 4263_1530_G-サスメド_塩野義製薬株式会社との販売提携に関する契約に係るマイルストン達成のお知らせ.pdf
   ✅ 保存: 436A_1530_G-サイバーSOL_2026年4月期 決算短信〔IFRS〕(非連結).pdf
   ✅ 保存: 436A_1530_G-サイバーSOL_2026年4月期 通期 決算説明資料.pdf
   ✅ 保存: 436A_1530_G-サイバーSOL_事業計画及び成長可能性に関する事項.pdf
   ✅ 保存: 4502_1530_武田薬_(訂正・数値データ訂正)修正後発事象による引当金の計上および「2026年3月期決算短信〔IFRS〕(連結)」の修正について.pdf
   ✅ 保存: 4586_1530_G-メドレック_第三者割当てによる第35回新株予約権(行使価額修正条項付)の発行に係る払込完了に関するお知らせ.pdf
   ✅ 保存: 4888_1530_G-ステラファーマ_株式及び新株予約権発行プログラム設定契約に基づく第2回第三者割当による新株式及び新株予約権の発行に関するお知らせ.pdf
   ✅ 保存: 5121_1530_藤コンポ_自己株式の取得状況に関するお知らせ.pdf
   ✅ 保存: 5137_1530_G-スマートドライブ_2026年9月期第2四半期 質疑応答集(追加).pdf
   ✅ 保存: 5622_1530_P-ワンビ_東京証券取引所 TOKYO PRO Marketへの上場目的の開示.pdf
   ✅ 保存: 5742_1530_NIC_固定資産の譲渡に関するお知らせ.pdf
   ✅ 保存: 6040_1530_G-日本スキー_2026年7月期第3四半期 決算短信[日本基準](連結).pdf
   ✅ 保存: 6040_1530_G-日本スキー_2026年7月期日本スキー場開発(株)月次速報開示.pdf
   ✅ 保存: 6045_1530_G-レントラックス_非上場の親会社等の決算情報に関するお知らせ.pdf
   ✅ 保存: 6046_1530_リンクバル_2026年9月期 第2四半期 決算に関する質疑応答集.pdf
   ✅ 保存: 6448_1530_ブラザー_自己株式の取得状況に関するお知らせ.pdf
   ✅ 保存: 6532_1530_ベイカレント_自己株式の取得状況に関するお知らせ.pdf
   ✅ 保存: 6596_1530_P-筑波精工_定款一部変更及び取締役候補者に関するお知らせ.pdf
   ✅ 保存: 6675_1530_サクサ_役員報酬の自主返納、役員報酬テーブルの改定および役員賞与の不支給に関するお知らせ.pdf
   ✅ 保存: 6675_1530_サクサ_2028年3月期以降の配当方針(DOE4%または総還元性向100%)に関するお知らせ.pdf
   ✅ 保存: 6675_1530_サクサ_固定資産の譲渡方針の決定および新工場建設に関するお知らせについて.pdf
   ✅ 保存: 6675_1530_サクサ_「株式給付信託(J-ESOP)」導入の検討および「退職給付制度改定」の検討開始に関するお知らせ.pdf
   ✅ 保存: 6675_1530_サクサ_事業構造変革に伴うネクストキャリア支援制度(転進支援制度)の実施について.pdf
   ✅ 保存: 6675_1530_サクサ_中期経営計画(2026-2029)『変革から成長へ』の策定に関するお知らせ.pdf
   ✅ 保存: 6675_1530_サクサ_譲渡制限付株式の付与のための業績連動型報酬制度導入のお知らせ.pdf
   ✅ 保存: 6675_1530_サクサ_連結業績予想の修正に関するお知らせ.pdf
   ✅ 保存: 6850_1530_チノー_自己株式の取得状況に関するお知らせ.pdf
   ✅ 保存: 6866_1530_日置電_連結業績予想及び配当予想の修正に関するお知らせ.pdf
   ✅ 保存: 6866_1530_日置電_自己株式取得に係る事項の決定に関するお知らせ.pdf
   ✅ 保存: 6981_1530_村田製_自己株式の取得状況に関するお知らせ.pdf
   ✅ 保存: 7039_1530_G-ブリッジグループ_株式会社テラスカイとの資本業務提携及び第三者割当による自己株式の処分に関するお知らせ.pdf
   ✅ 保存: 7039_1530_G-ブリッジグループ_テラスカイ社との資本業務提携の補足説明資料.pdf
   ✅ 保存: 7039_1530_G-ブリッジグループ_自己株式取得に係る事項の決定に関するお知らせ.pdf
   ✅ 保存: 7039_1530_G-ブリッジグループ_東京証券取引所スタンダード市場への市場区分変更申請に向けた準備に関するお知らせ.pdf
   ✅ 保存: 7127_1530_一家ホールディングス_(株)一家ダイニングプロジェクト 飲食事業部 月次報告(2026年5月度).pdf
   ✅ 保存: 7134_1530_アップガレージG_2027年3月期 5月度月次売上状況(速報)等について.pdf
   ✅ 保存: 7138_1530_G-TORICO_イーサリアム(ETH)のプットオプション売取引状況に関するお知らせ.pdf
   ✅ 保存: 7273_1530_イクヨ_自己株式の取得状況に関するお知らせ.pdf
   ✅ 保存: 7378_1530_G-アシロ_自己株式の取得状況に関するお知らせ.pdf
   ✅ 保存: 7417_1530_南陽_自己株式の取得状況に関するお知らせ.pdf
   ✅ 保存: 7422_1530_東邦レマック_東邦レマック株式会社5月度月次業績ご報告.pdf
   ✅ 保存: 7679_1530_薬王堂HD_2026年5月度 月次速報に関するお知らせ.pdf
   ✅ 保存: 7694_1530_G-いつも_2026年3月期 通期決算 投資家のみなさまからのご質問と当社見解.pdf
   ✅ 保存: 8253_1530_クレセゾン_(訂正・数値データ訂正)「2026年3月期 決算短信〔IFRS〕(連結)」の一部訂正について.pdf
   ✅ 保存: 8336_1530_武蔵野銀_自己株式の取得状況に関するお知らせ.pdf
   ✅ 保存: 8439_1530_東京センチュリー_(訂正)「2026年3月期決算IR資料」の一部訂正について.pdf
   ✅ 保存: 9005_1530_東急_自己株式の取得状況に関するお知らせ.pdf
   ✅ 保存: 9022_1530_JR東海_自己株式の取得状況に関するお知らせ.pdf
   ✅ 保存: 9237_1530_G-笑美面_連結子会社によるリースによる固定資産の賃貸借に関するお知らせ.pdf
   ✅ 保存: 9405_1530_朝日放送グループHD_支配株主等に関する事項について.pdf
   ✅ 保存: 9505_1530_北陸電力_(訂正)「2026年3月期 決算短信〔日本基準〕(連結)」の一部訂正について.pdf
   ✅ 保存: 9678_1530_カナモト_株主優待品一部変更のお知らせ.pdf
   ✅ 保存: 9678_1530_カナモト_社員持株会向け譲渡制限付株式インセンティブとしての自己株式の処分に関するお知らせ.pdf
   ✅ 保存: 9678_1530_カナモト_自己株式の消却に関するお知らせ.pdf
   ✅ 保存: 9678_1530_カナモト_「自己株式取得に係る事項の決定に関するお知らせ」の一部変更に係る事項の決定に関するお知らせ.pdf
   ✅ 保存: 9678_1530_カナモト_剰余金の配当(中間配当)および配当予想の修正(増配)に関するお知らせ.pdf
   ✅ 保存: 9678_1530_カナモト_2026年10月期 第2四半期(中間期)決算短信〔日本基準〕(連結).pdf
   ✅ 保存: 9757_1530_船井総研HD_連結子会社(船井総合研究所)におけるSapporo PRO Frontier MarketのS-Adviser資格取得に関するお知らせ.pdf
   ✅ 保存: 9876_1530_コックス_2027年2月期 5月度 月次売上高前年比速報のお知らせ.pdf
   ✅ 保存: 7426_1520_山大_主要株主の異動に関するお知らせ.pdf
   ✅ 保存: 9478_1520_SE H&I_2026年3月期 決算説明会資料.pdf
   ✅ 保存: 1964_1500_中外炉_自己株式の取得状況及び取得終了に関するお知らせ.pdf
   ✅ 保存: 2997_1500_G-ストレージ王_2026年5月月次実績.pdf
   ✅ 保存: 3191_1500_ジョイフル本田_役員人事に関するお知らせ.pdf
   ✅ 保存: 490A_1500_P-センス・トラスト_定款一部変更及び監査役会設置並びに会計監査人選任に関するお知らせ.pdf
   ✅ 保存: 6572_1500_オープンG_(訂正)「上場維持基準への適合に向けた計画に基づく進捗状況(改善期間入り)及び計画期間の変更について」の一部訂正について.pdf
   ✅ 保存: 6986_1500_双葉電子_政策保有株式の縮減方針および政策保有株式の売却に伴う特別利益計上見込みに関するお知らせ.pdf
   ✅ 保存: 6986_1500_双葉電子_グループ経営基盤の強靭化を目的とした基幹システム刷新のお知らせ.pdf
   ✅ 保存: 7176_1500_P-シンプレクスFH_TOKYO PRO Marketへの上場目的の開示について.pdf
   ✅ 保存: 7922_1500_三光産業_株式併合並びに単元株式数の定めの廃止及び定款の一部変更に係る承認決議に関するお知らせ.pdf
   ✅ 保存: 8203_1500_MrMaxHD_2026年5月度 MrMax月次の売上状況について.pdf
   ✅ 保存: 6085_1445_G-アーキテクツSJ_事業計画及び成長可能性に関する事項.pdf
   ✅ 保存: 2730_1440_エディオン_(訂正)「株式会社ヤマダホールディングスと株式会社エディオンの持株会社方式による経営統合に関する基本合意書の締結について」の一部訂正について.pdf
   ✅ 保存: 1914_1430_日基礎_(訂正・数値データ訂正)「令和8年3月期 決算短信〔日本基準〕(連結)」の一部訂正について.pdf
   ✅ 保存: 3181_1430_買取王国_2026年5月 月次売上概況.pdf
   ✅ 保存: 7265_1430_エイケン工業_2026年10月期 第2四半期(中間期)決算短信〔日本基準〕(非連結).pdf
   ✅ 保存: 7265_1430_エイケン工業_2026年10月期第2四半期(中間期)業績予想と実績値の差異に関するお知らせ.pdf
   ✅ 保存: 8200_1430_リンガーハット_2026年5月度 月次情報.pdf
   ✅ 保存: 9997_1430_ベルーナ_2026年3月期 決算説明会資料.pdf
   ✅ 保存: 2998_1400_G-クリアル_当社主要KPI(2026年5月度)に関するお知らせ.pdf
   ✅ 保存: 3058_1400_三洋堂HD_2027年3月期5月度の月次売上高前年比及び店舗数について.pdf
   ✅ 保存: 490A_1400_P-センス・トラスト_(再訂正)「2026年3月期 決算短信[日本基準](非連結)」の一部訂正について.pdf
   ✅ 保存: 7441_1400_Misumi_自己株式の取得状況に関するお知らせ.pdf
   ✅ 保存: 7506_1400_ハウスローゼ_2027年3月期5月度売上高に関するお知らせ(単体).pdf
   ✅ 保存: 8043_1400_スターゼン_無担保社債の発行条件決定に関するお知らせ.pdf
   ✅ 保存: 8281_1330_ゼビオHD_ストックオプションとしての新株予約権の割当てに関するお知らせ.pdf
   ✅ 保存: 8746_1325_unbanked_臨時株主総会の決議結果について.pdf
   ✅ 保存: 5592_1310_G-くすりの窓口_配当支払開始予定日の変更に関するお知らせ.pdf
   ...Page 003 を確認中
   ✅ 保存: 134A_1300_P-アプライズ_TOKYO PRO Market への上場目的の開示について.pdf
   ✅ 保存: 2804_1300_ブルドックソース_自己株式取得状況に関するお知らせ.pdf
   ✅ 保存: 7381_1300_CCIグループ_自己株式の取得状況に関するお知らせ.pdf
   ✅ 保存: 7409_1300_G-AeroEdge_(開示事項の経過)グローバル大手航空機関連メーカー向け航空機関連部品の量産開始のお知らせ.pdf
   ✅ 保存: 9904_1300_ベリテ_2026年5月度 前年比速報.pdf
   ✅ 保存: 4923_1230_COTA_サイバー攻撃によるシステム障害発生のお知らせ(第4報).pdf
   ✅ 保存: 1326_1200_E-ワールド_SPDRゴールド・シェアに関する日々の開示事項.pdf
   ✅ 保存: 1812_1200_鹿島_自己株式の取得状況に関するお知らせ.pdf
   ✅ 保存: 284A_1200_P-フクヤ建設_TOKYO PRO Marketへの上場目的の開示について.pdf
   ✅ 保存: 5592_1200_G-くすりの窓口_自己株式取得に係る事項の決定に関するお知らせ.pdf
   ✅ 保存: 5902_1200_ホッカンHD_2026年3月期 決算説明会資料.pdf
   ✅ 保存: 6292_1200_カワタ_2026年3月期決算説明会資料.pdf
   ✅ 保存: 6292_1200_カワタ_インド駐在員事務所開設に関するお知らせ(第2報).pdf
   ✅ 保存: 6763_1200_帝通工_2026年3月期決算説明会資料.pdf
   ✅ 保存: 7279_1200_ハイレックス_2026年10月期 第2四半期(中間期)決算短信〔日本基準〕(連結).pdf
   ✅ 保存: 8894_1200_REVOLUTION_当社子会社のクラウドファンド案件における契約締結に関するお知らせ.pdf
   ✅ 保存: 9244_1200_G-デジタリフト_2026年9月期 第2四半期決算に関する質疑応答集.pdf
   ✅ 保存: 2730_1130_エディオン_株式会社ヤマダホールディングスと株式会社エディオンの持株会社方式による経営統合に関する基本合意書の締結について.pdf
   ✅ 保存: 3495_1130_香陵住販_(訂正)「第3回ストックオプション(新株予約権)発行内容確定のお知らせ」の一部訂正について.pdf
   ✅ 保存: 6417_1130_SANKYO_子会社設立に関するお知らせ.pdf
   ✅ 保存: 9831_1130_ヤマダHD_株式会社ヤマダホールディングスと株式会社エディオン の持株会社方式による経営統合に関する基本合意書の締結について.pdf
   ✅ 保存: 9832_1130_オートバックス_2027年3月期 5月度 月次売上概況(速報)についてのお知らせ.pdf
   ✅ 保存: 3663_1100_セルシス_中間配当予想の修正(増配)に関するお知らせ.pdf
   ✅ 保存: 3663_1100_セルシス_2026年5月度月次事業進捗レポートのお知らせ.pdf
   ✅ 保存: 4819_1100_デジタルガレージ_ベインキャピタル・プライベート・エクイティ・LP 及びLINEヤフー株式会社による株式会社カカクコムの資本政策に関する提案書の提出について.pdf
   ✅ 保存: 5461_1100_中部鋼鈑_自己株式の取得状況に関するお知らせ.pdf
   ✅ 保存: 8084_1100_RYODEN_自己株式立会外買付取引(ToSTNeT-3)による自己株式の取得結果に関するお知らせ.pdf
   ✅ 保存: 8766_1100_東京海上_自己株式の取得状況に関するお知らせ.pdf
   ✅ 保存: 9532_1100_大瓦斯_自己株式の取得状況に関するお知らせ.pdf
   ✅ 保存: 3317_1030_フライングG_2027年3月期5月度 月次業績のお知らせ.pdf
   ✅ 保存: 5391_1030_A&Aマテリアル_2026年3月期 決算説明会.pdf
   ✅ 保存: 9984_1030_ソフトバンクグループ_国内ハイブリッド社債(利払繰延条項付)の条件決定に関するお知らせ.pdf
   ✅ 保存: 2813_1000_和弘食品_支配株主等に関する事項について.pdf
   ✅ 保存: 6859_1000_エスペック_自己株式の取得状況に関するお知らせ.pdf
   ✅ 保存: 8255_1000_アクシアル_5月度月次業績推移(前年比).pdf
   ✅ 保存: 2345_0930_HODL1_暗号資産(イーサリアム)保有状況に関するお知らせ(2026年5月末時点).pdf
   ✅ 保存: 7670_0930_オーウエル_2026年3月期決算説明資料.pdf
   ✅ 保存: 322A_0900_P-ヒメジ理化_TOKYO PRO Marketへの上場目的の開示について.pdf
   ✅ 保存: 4881_0900_G-ファンペップ_第13回新株予約権(行使価額修正条項付)の大量行使に関するお知らせ.pdf
   ✅ 保存: 7760_0850_IMV_2026年9月期(中間期)決算説明資料.pdf
   ✅ 保存: 4578_0830_大塚HD_IgA腎症治療薬「VOYXACT(シベプレンリマブ)」 フェーズ3試験における良好な腎機能(eGFR)データを発表.pdf
   ✅ 保存: 7366_0800_LITALICO_自己株式の取得状況および取得終了に関するお知らせ.pdf
   ✅ 保存: 7777_0800_G-3Dマトリックス_業績予想の修正に関するお知らせ.pdf
   ...Page 004 を確認中
   📝 一覧CSV保存: TDnet_Sorted_20260605.csv
   📝 一覧CSV保存（ルート）: TDnet_Sorted_20260605.csv
   📊 日別統計: page_access=4, pdf_success=243, excluded=7

============================================================
✅ ①完了（範囲取得）
   期間: 20260605 ～ 20260605 （mode=day）
   一覧ページアクセス合計: 4
   PDFダウンロード成功合計: 243
   除外件数合計: 7
   保存ルート: G:\マイドライブ\TDnet_Downloads

$ C:\Users\onok\AppData\Local\Python\pythoncore-3.14-64\python.exe -u ②a②bは２つフリーワード検索.py analyze --target 20260605 --save-root G:\マイドライブ\TDnet_Downloads --keywords 価格交渉 増産 価格改定 価格転嫁 値上 想定以上 上方修正 下方修正 想定以下 未達 大幅 計画を上 計画を下 計画以 需要回復 需要の回復 需要が増 需要が低 悪化 グローバルニッチトップ トップシェア シェア拡大 レアアース
ルート: G:\マイドライブ\TDnet_Downloads
対象指定: 20260605 mode= day from= 20260605 to= 20260605
対象フォルダ数: 1
検索キーワード: ['価格交渉', '増産', '価格改定', '価格転嫁', '値上', '想定以上', '上方修正', '下方修正', '想定以下', '未達', '大幅', '計画を上', '計画を下', '計画以', '需要回復', '需要の回復', '需要が増', '需要が低', '悪化', 'グローバルニッチトップ', 'トップシェア', 'シェア拡大', 'レアアース']
総PDF数（推定）: 243
[1/1] 日付フォルダ 20260605 を処理中... (このフォルダ内PDF数: 243)
  進捗: 50/243 件のPDFを解析済み
  進捗: 100/243 件のPDFを解析済み
  進捗: 150/243 件のPDFを解析済み
  進捗: 200/243 件のPDFを解析済み
  進捗: 243/243 件のPDFを解析済み
  → 日付フォルダ 20260605 のヒットPDF数: 44

✅ ②A 完了（解析専用・キーワード別ページ列）
解析PDF数: 243
ヒットPDF数: 44
出力CSV: Analysis_Hits_free_word_20260605.csv
保存先: G:\マイドライブ\TDnet_Downloads

$ C:\Users\onok\AppData\Local\Python\pythoncore-3.14-64\python.exe -u ②a②bは２つフリーワード検索.py distribute --target 20260605 --save-root G:\マイドライブ\TDnet_Downloads --no-stop-on-empty-meta

✅ ②B 完了（配布用CSV作成・キーワード別ページ列）
出力: PDF_Search_Result_Distribution_free_word_20260605_sh.csv
キーワード列: ['価格交渉', '増産', '価格改定', '価格転嫁', '値上', '想定以上', '上方修正', '下方修正', '想定以下', '未達', '大幅', '計画を上', '計画を下', '計画以', '需要回復', '需要の回復', '需要が増', '需要が低', '悪化', 'グローバルニッチトップ', 'トップシェア', 'シェア拡大', 'レアアース']
突合除外件数: 0
空欄アラート件数: 0

============================================
 Done: 2026-06-05 23:04:59
============================================
