🎯 対象指定: 20260422（mode=day, from=20260422, to=20260422）
📁 保存ルート: G:\マイドライブ\TDnet_Downloads

============================================================
📅 日付: 20260422 を処理します
   ...Page 001 を確認中
   ✅ 保存: 8715_2000_アニコム HD_新任社外取締役候補者の選任に関するお知らせ.pdf
   ✅ 保存: 4188_1800_三菱ケミカルグループ_英国におけるエチレン・ビニルアルコール共重合樹脂「ソアノール」投資計画の見直しに関するお知らせ.pdf
   ✅ 保存: 4413_1800_ボードルア_2026年2月期 通期決算説明会書き起こし.pdf
   ✅ 保存: 2342_1745_トランスジェニックG_「エクソンヒト化マウス」に関する米国特許査定のお知らせ.pdf
   ✅ 保存: 2499_1715_日本和装_自己株式の消却に関するお知らせ (会社法第178条の規定に基づく自己株式の消却).pdf
   ✅ 保存: 130A_1700_G-VIS_新川崎研究所の移転完了及び川崎研究所開所のお知らせ.pdf
   ✅ 保存: 161A_1700_P-三葉_当座貸越契約の締結に関するお知らせ.pdf
   ✅ 保存: 2901_1700_ウェルディッシュ_独立調査委員会の設置並びに委員の選任に関するお知らせ.pdf
   ✅ 保存: 3010_1700_ポラリスHD_上場維持基準への適合および当社株式の監理銘柄(確認中)指定解除に関するお知らせ.pdf
   ✅ 保存: 306A_1700_F-テクロ_臨時株主総会招集のための基準日設定およびFukuoka PRO Market における当社株式の上場廃止申請に関するお知らせ.pdf
   ✅ 保存: 310A_1700_P-サーティーフォー_(開示事項の経過)財務制限条項への抵触に関する金融機関との協議結果について.pdf
   ✅ 保存: 3750_1700_ADR120S_代表取締役の異動に関するお知らせ.pdf
   ✅ 保存: 4720_1700_城南進研_上場維持基準への適合及び当社株式の監理銘柄(確認中)指定解除に関するお知らせ.pdf
   ✅ 保存: 6554_1700_G-エスユーエス_2026年9月期第2四半期(中間期)連結業績予想の修正に関するお知らせ.pdf
   ✅ 保存: 7709_1700_クボテック_当社株式の上場廃止の決定及び整理銘柄への指定に関するお知らせ.pdf
   ✅ 保存: 7906_1700_ヨネックス_社外取締役候補者の選任に関するお知らせ.pdf
   ✅ 保存: 7906_1700_ヨネックス_取締役の報酬額の改定、取締役に対する譲渡制限付株式報酬制度の改定及び業績連動型譲渡制限付株式報酬制度の導入に関するお知らせ.pdf
   ✅ 保存: 3370_1645_フジタコーポ_上場維持基準への適合及び当社株式の監理銘柄(確認中)指定解除に関するお知らせ.pdf
   ✅ 保存: 4344_1645_ソースネクスト_株式報酬型ストックオプション(新株予約権)の発行内容確定に関するお知らせ.pdf
   ✅ 保存: 4344_1645_ソースネクスト_ストックオプション(新株予約権)の発行内容確定に関するお知らせ.pdf
   ✅ 保存: 3234_1630_R-森ヒルズ_資産運用会社である森ビル・インベストメントマネジメント株式会社と森ビル不動産投資顧問 株式会社の合併契約締結及び定款の一部変更に関するお知らせ.pdf
   ✅ 保存: 335A_1630_G-ミライロ_新規事業「ミライロ・キャリア」の開始に関するお知らせ.pdf
   ✅ 保存: 6232_1630_G-ACSL_2025年第2回乃至2025年第7回新株予約権の行使完了に関するお知らせ.pdf
   ✅ 保存: 7363_1630_G-ベビーカレンダー_公認会計士等の異動及び一時会計監査人の選任に関するお知らせ.pdf
   ✅ 保存: 8952_1630_R-ジャパン_第三者割当による新投資口発行における発行口数の確定に関するお知らせ.pdf
   ✅ 保存: 9632_1630_スバル興_公正取引委員会からの排除措置命令および課徴金納付命令について.pdf
   ✅ 保存: 3634_1625_ソケッツ_東証スタンダード市場上場維持基準適合について.pdf
   ✅ 保存: 3634_1620_ソケッツ_スタンダード市場上場維持基準の適合及び監理銘柄(確認中)指定解除に関するお知らせ.pdf
   ✅ 保存: 1783_1600_fantasista_(開示事項の経過)株式会社アモティの株式取得(子会社化)に関するお知らせ.pdf
   ✅ 保存: 2338_1600_クオンタムS_連結子会社における新規資金の借入に関するお知らせ.pdf
   ✅ 保存: 3226_1600_R-三井不アコモ_借入金の期限前弁済実施に関するお知らせ.pdf
   ✅ 保存: 3667_1600_enish_新たな事業(アクティブトレジャリー事業)の検討開始に関するお知らせ.pdf
   ✅ 保存: 3944_1600_古林紙工_譲渡制限付株式報酬としての自己株式処分に関するお知らせ.pdf
   ✅ 保存: 4258_1600_G-網屋_譲渡制限付株式報酬及び業績連動型株式報酬としての自己株式処分に関するお知らせ.pdf
   ✅ 保存: 4395_1600_G-アクリート_Forward Edge-AI Singapore Pte.Ltd.への出資に関するお知らせ.pdf
   ✅ 保存: 4548_1600_生化学_癒着防止材SI-449の日本における製造販売承認の取得と販売提携先の決定に関するお知らせ.pdf
   ✅ 保存: 5576_1600_オービーシステム_2026年3月期 決算短信〔日本基準〕(連結).pdf
   ✅ 保存: 5576_1600_オービーシステム_2026年3月期 通期決算補足説明資料.pdf
   ✅ 保存: 5576_1600_オービーシステム_剰余金の配当(増配)に関するお知らせ.pdf
   ✅ 保存: 6146_1600_ディスコ_2026年3月期 決算短信〔日本基準〕(連結).pdf
   ✅ 保存: 6146_1600_ディスコ_業績予想のお知らせ.pdf
   ✅ 保存: 6146_1600_ディスコ_剰余金の配当に関するお知らせ.pdf
   ✅ 保存: 7217_1600_テイン_自己株式の消却に関するお知らせ.pdf
   ✅ 保存: 7273_1600_イクヨ_(訂正)河西工業株式会社(証券コード_7256)株式の買集め行為に該当する株式取得についてのお知らせ.pdf
   ✅ 保存: 7462_1600_CAPITA_連結子会社株式の追加取得による完全子会社化に関するお知らせ.pdf
   ✅ 保存: 7462_1600_CAPITA_定款の一部変更に関するお知らせ.pdf
   ✅ 保存: 7462_1600_CAPITA_取締役候補者及び取締役(監査等委員)候補者選任のお知らせ.pdf
   ✅ 保存: 7674_1600_G-NATTYHD_事業計画及び成長可能性に関する事項.pdf
   ✅ 保存: 8107_1600_キムラタン_役員人事に関するお知らせ.pdf
   ✅ 保存: 8107_1600_キムラタン_2026年3月期通期連結業績予想の修正に関するお知らせ.pdf
   ✅ 保存: 8979_1600_R-スターツPR_国内不動産信託受益権の譲渡に関するお知らせ.pdf
   ✅ 保存: 8979_1600_R-スターツPR_2026年10月期(第42期)の運用状況及び分配金の予想の修正に関するお知らせ.pdf
   ✅ 保存: 9024_1600_西武ホールディングス_(変更)「当社連結子会社の株式会社西武不動産による株式会社イーグランド(3294)に対する公開買付けの開始に関するお知らせ」及び公開買付開始公告の.pdf
   ✅ 保存: 6018_1545_阪神内燃機工業_2026年3月期業績予想の修正及び配当予想の修正に関するお知らせ.pdf
   ✅ 保存: 9348_1545_G-ispace_資金の借入及び借入金の返済に関するお知らせ.pdf
   ✅ 保存: 9249_1540_日本エコシステム_札幌証券取引所本則市場への上場に関するお知らせ.pdf
   ✅ 保存: 352A_1531_G-LOIVE_財務上の特約が付された金銭消費貸借契約の締結及び特定当座貸越契約の締結に関するお知らせ.pdf
   ✅ 保存: 7177_1531_GMOFHD_2026年3月の月次業績(速報)に関するお知らせ.pdf
   ✅ 保存: 7177_1531_GMOFHD_2026年12月期第1四半期連結決算(速報)及び配当予想の修正に関するお知らせ.pdf
   ✅ 保存: 1434_1530_JESCO HD_2026年8月期第2四半期決算説明会資料.pdf
   ✅ 保存: 1776_1530_三住道路_親会社である三井住友建設株式会社による当社株式に対する公開買付けの結果に関するお知らせ.pdf
   ✅ 保存: 2936_1530_G-ベースフード_定款一部変更に関するお知らせ.pdf
   ✅ 保存: 2936_1530_G-ベースフード_取締役候補者の選任に関するお知らせ.pdf
   ✅ 保存: 3023_1530_ラサ商事_代表取締役の異動(退任)に関するお知らせ.pdf
   ✅ 保存: 3023_1530_ラサ商事_役員人事に関するお知らせ.pdf
   ✅ 保存: 3030_1530_ハブ_剰余金の配当に関するお知らせ.pdf
   ✅ 保存: 3093_1530_トレファク_剰余金の配当(期末配当)に関するお知らせ.pdf
   ✅ 保存: 3123_1530_サイボー_社外取締役候補者の選任に関するお知らせ.pdf
   ✅ 保存: 3205_1530_ダイドー_通期業績予想の修正に関するお知らせ.pdf
   ✅ 保存: 3232_1530_三重交通GHD_個別決算における特別損失の計上に関するお知らせ.pdf
   ✅ 保存: 3249_1530_R-産業ファ_(訂正)「2026年1月期 決算短信(REIT)」の一部訂正に関するお知らせ.pdf
   ✅ 保存: 3249_1530_R-産業ファ_国内不動産信託受益権の取得及び貸借に関するお知らせ.pdf
   ✅ 保存: 3249_1530_R-産業ファ_資金の借入(新規借入)に関するお知らせ.pdf
   ✅ 保存: 3466_1530_R-ラサールロジ_2026年2月期 決算短信(REIT).pdf
   ✅ 保存: 3810_1530_サイバーステップHD_合弁会社(連結子会社)設立及び子会社における新たな事業の開始に関するお知らせ.pdf
   ✅ 保存: 3810_1530_サイバーステップHD_子会社の異動を伴う株式の取得に関する株式譲渡契約締結のお知らせ.pdf
   ✅ 保存: 3837_1530_アドソル日進_取締役候補者及び監査役候補者の決定に関するお知らせ.pdf
   ✅ 保存: 3837_1530_アドソル日進_従業員(役職者)に対する譲渡制限付株式報酬としての自己株式の処分に関するお知らせ.pdf
   ✅ 保存: 4389_1530_G-プロパティDBK_主要株主の異動に関するお知らせ.pdf
   ✅ 保存: 4521_1530_科研薬_Johnson & Johnsonとのライセンス契約に係るマイルストン達成およびマイルストン収入の受領等に伴う2026年3月期連結業績予想修正に関するお知らせ.pdf
   ✅ 保存: 4556_1530_カイノス_自己株式の消却に関するお知らせ.pdf
   ✅ 保存: 4556_1530_カイノス_株式併合、単元株式数の定めの廃止及び定款の一部変更に関するお知らせ.pdf
   ✅ 保存: 4577_1530_ダイト_自己株式の取得状況及び取得終了に関するお知らせ.pdf
   ✅ 保存: 4615_1530_神東塗料_固定資産の譲渡による特別損失の計上及び2026年3月期通期の業績予想の修正並びに役員報酬の減額に関するお知らせ.pdf
   ✅ 保存: 4840_1530_トライアイズ_主要株主の異動に関するお知らせ.pdf
   ✅ 保存: 5076_1530_インフロニアHD_インフロニア・ホールディングス株式会社の子会社(三井住友建設株式会社)による三井住建道路株式会社株式(1776)に対する公開買付けの結果に関するお知らせ.pdf
   ✅ 保存: 5279_1530_日本興業_通期連結業績予想の修正に関するお知らせ.pdf
   ✅ 保存: 6071_1530_IBJ_譲渡制限付株式報酬としての自己株式の処分の払込完了に関するお知らせ.pdf
   ✅ 保存: 6182_1530_G-メタリアル_役員人事に関するお知らせ.pdf
   ✅ 保存: 6182_1530_G-メタリアル_その他資本剰余金の処分に関するお知らせ.pdf
   ✅ 保存: 6186_1530_一蔵_株主優待制度の一部拡充に関するお知らせ.pdf
   ✅ 保存: 6492_1530_岡野バル_業績予想の修正に関するお知らせ.pdf
   ✅ 保存: 6492_1530_岡野バル_剰余金の配当および配当予想の修正に関するお知らせ.pdf
   ✅ 保存: 6540_1530_船場_譲渡制限付株式報酬としての新株式の発行の払込完了に関するお知らせ.pdf
   ✅ 保存: 6653_1530_正興電機製作所_2026年12月期第1四半期決算短信〔日本基準〕(連結).pdf
   ✅ 保存: 6653_1530_正興電機製作所_譲渡制限付株式報酬としての自己株式の処分に関するお知らせ.pdf
   ✅ 保存: 7036_1530_G-イーエムネットJ_第13回定時株主総会の継続会の開催日等に関するお知らせ.pdf
   ✅ 保存: 7138_1530_G-TORICO_営業外費用(暗号資産評価損)の計上及び2026年3月期通期連結業績予想の修正に関するお知らせ.pdf
   ✅ 保存: 7254_1530_ユニバンス_従業員に対する譲渡制限付株式付与制度の導入に関するお知らせ.pdf
   ✅ 保存: 7372_1530_G-デコルテHD_株式会社エミュ及び株式会社エミュLabの株式取得(完全子会社化)に関するお知らせ.pdf
   ...Page 002 を確認中
   ✅ 保存: 7527_1530_システムソフト_第三者割当による新株式の発行に係る払込完了及び第6回新株予約権の取得・消却の完了に関するお知らせ.pdf
   ✅ 保存: 7554_1530_幸楽苑_役員の異動に関するお知らせ.pdf
   ✅ 保存: 7554_1530_幸楽苑_新役員体制に関するお知らせ.pdf
   ✅ 保存: 7719_1530_東京衡機_調査委員会の設置に関するお知らせ.pdf
   ✅ 保存: 7995_1530_バルカー_当社の元従業員による不正行為に関するお知らせ.pdf
   ✅ 保存: 8060_1530_キヤノンMJ_2026年12月期 第1四半期決算短信[日本基準](連結).pdf
   ✅ 保存: 8060_1530_キヤノンMJ_2026年12月期 第1四半期決算説明資料.pdf
   ✅ 保存: 8150_1530_三信電気_本社移転に関するお知らせ.pdf
   ✅ 保存: 8961_1530_R-森トラスト_2026年2月期 決算短信(REIT).pdf
   ✅ 保存: 8961_1530_R-森トラスト_2026年2月期(第48期)決算説明資料.pdf
   ✅ 保存: 8961_1530_R-森トラスト_資金の借入れに関するお知らせ.pdf
   ✅ 保存: 8986_1530_R-大和証券リビング_資金の借入れに関するお知らせ.pdf
   ✅ 保存: 9214_1530_G-リカバリー_当社子会社取締役に対するストックオプション(新株予約権)の発行に関するお知らせ.pdf
   ✅ 保存: 9253_1530_G-スローガン_監査等委員会設置会社への移行に伴う定款の一部変更に関するお知らせ.pdf
   ✅ 保存: 9253_1530_G-スローガン_監査等委員会設置会社への移行に伴う役員報酬制度の改定及び譲渡制限付株式報酬制度の導入に関するお知らせ.pdf
   ✅ 保存: 9338_1530_G-INFORICH_事後交付型株式報酬制度としての新株式発行に関するお知らせ.pdf
   ✅ 保存: 9338_1530_G-INFORICH_自己株式の消却に関するお知らせ.pdf
   ✅ 保存: 6620_1500_宮越HD_会計監査人の異動に関するお知らせ.pdf
   ✅ 保存: 6969_1500_松尾電機_役員の異動に関するお知らせ.pdf
   ✅ 保存: 6941_1450_山一電機_当社グループのフィリピン子会社におけるランサムウェア被害発生のお知らせ.pdf
   ✅ 保存: 3269_1430_R-ADR_コミットメントライン契約の更新に関するお知らせ.pdf
   ✅ 保存: 1662_1400_石油資源_「JAPEX 経営計画2026-2035」の策定について.pdf
   ✅ 保存: 2108_1400_甜菜糖_商号の変更に関するお知らせ.pdf
   ✅ 保存: 2108_1400_甜菜糖_役員等の異動に関するお知らせ.pdf
   ✅ 保存: 3936_1400_G-グローバルウェイ_特定子会社(孫会社)の異動に関するお知らせ.pdf
   ✅ 保存: 5458_1400_高砂鉄_役員人事について.pdf
   ✅ 保存: 8522_1400_名古屋銀_業績予想の修正に関するお知らせ.pdf
   ✅ 保存: 8522_1400_名古屋銀_期末配当予想の修正(増配)に関するお知らせ.pdf
   ✅ 保存: 5830_1330_いよぎんHD_自己株式の取得状況及び取得終了に関するお知らせ.pdf
   ✅ 保存: 2798_1300_Y’s_2026年2月期 決算説明資料.pdf
   ✅ 保存: 8304_1300_あおぞら_取締役に対する業績連動型譲渡制限付株式報酬制度の導入に関するお知らせ.pdf
   ✅ 保存: 9644_1300_タナベコンサルG_株主優待内容の一部変更(デジタルギフトへの変更)に関するお知らせ.pdf
   ✅ 保存: 6059_1230_ウチヤマHD_主要株主および主要株主である筆頭株主の異動に関するお知らせ.pdf
   ✅ 保存: 1793_1200_大本組_業績予想及び配当予想の修正に関するお知らせ.pdf
   ✅ 保存: 3070_1200_G-ジェリービーンズ_株式会社バイオセラーとの業務提携契約締結(生ごみ処理ソリューション事業)及び生ごみ処理機の受注契約締結に関するお知らせ.pdf
   ✅ 保存: 3681_1200_ブイキューブ_スポンサー基本契約の代替提案の提案状況に関するお知らせ.pdf
   ✅ 保存: 4834_1200_キャリアバンク_株式会社北洋銀行による当社株式に対する公開買付けの結果並びに親会社、主要株主である筆頭株主及び主要株主の異動に関するお知らせ.pdf
   ✅ 保存: 5592_1200_G-くすりの窓口_株式会社テクノネットワークの株式取得(完全子会社化)および株式会社ケイングのグループ会社化に関するお知らせ.pdf
   ✅ 保存: 7273_1200_イクヨ_河西工業株式会社(証券コード_7256)株式の買集め行為に該当する株式取得についてのお知らせ.pdf
   ✅ 保存: 7273_1200_イクヨ_(開示事項の経過)第三者割当による自己株式の処分(1円譲渡) に関するお知らせ(詳細決定).pdf
   ✅ 保存: 8524_1200_北洋銀行_キャリアバンク株式会社株式(証券コード_4834)に対する公開買付けの結果及び子会社の異動に関するお知らせ.pdf
   ✅ 保存: 1326_1145_E-ワールド_SPDRゴールド・シェアに関する日々の開示事項.pdf
   ✅ 保存: 189A_1130_G-D&Mカンパニー_MedTech Group株式会社との資本業務提携及び第三者割当増資の引受けに関するお知らせ.pdf
   ✅ 保存: 296A_1130_G-令和AH_2026年3月期 決算短信〔日本基準〕(連結).pdf
   ✅ 保存: 296A_1130_G-令和AH_2026年3月期 決算補足説明資料.pdf
   ✅ 保存: 296A_1130_G-令和AH_期末配当予想の修正(増配)に関するお知らせ.pdf
   ✅ 保存: 4272_1100_日化薬_監査役の異動に関するお知らせ.pdf
   ✅ 保存: 6111_1100_旭精機_当社ウェブサイトにおける障害の発生について(第1報).pdf
   ✅ 保存: 9501_1100_東電力HD_原子力損害賠償・廃炉等支援機構からの資金の交付について.pdf
   ✅ 保存: 4885_1030_室町ケミカル_株式の立会外分売終了に関するお知らせ.pdf
   ✅ 保存: 3189_1000_ANAP_当社グループによるビットコイン購入に関するお知らせ.pdf
   ✅ 保存: 6235_1000_オプトラン_支配株主等に関する事項について.pdf
   ✅ 保存: 2934_0850_G-Jフロンティア_自治体向け防災医療ソリューション事業の開始に関するお知らせ.pdf
   ✅ 保存: 8953_0840_R-都市ファンド_(訂正)「2026年2月期 決算短信(REIT)」の一部訂正に関するお知らせ.pdf
   ✅ 保存: 555A_0800_P-北王GROUP_東京証券取引所 TOKYO PRO Market への上場のお知らせ.pdf
   ✅ 保存: 555A_0800_P-北王GROUP_東京証券取引所 TOKYO PRO Mareket 上場に伴う当社決算情報等のお知らせ.pdf
   ✅ 保存: 555A_0800_P-北王GROUP_流動性プロバイダーの指定のお知らせ.pdf
   ✅ 保存: 555A_0800_P-北王GROUP_東京証券取引所 TOKYO PRO Marketへの上場目的の開示.pdf
   ✅ 保存: 558A_0800_G-SQUEEZE_東京証券取引所グロース市場への上場に伴う当社決算情報等のお知らせ.pdf
   ✅ 保存: 558A_0800_G-SQUEEZE_事業計画及び成長可能性に関する事項について.pdf
   ✅ 保存: 558A_0800_G-SQUEEZE_主要株主の異動に関するお知らせ.pdf
   ...Page 003 を確認中
   📝 一覧CSV保存: TDnet_Sorted_20260422.csv
   📝 一覧CSV保存（ルート）: TDnet_Sorted_20260422.csv
   📊 日別統計: page_access=3, pdf_success=161, excluded=24

============================================================
✅ ①完了（範囲取得）
   期間: 20260422 ～ 20260422 （mode=day）
   一覧ページアクセス合計: 3
   PDFダウンロード成功合計: 161
   除外件数合計: 24
   保存ルート: G:\マイドライブ\TDnet_Downloads
ルート: G:\マイドライブ\TDnet_Downloads
対象指定: 20260422 mode= day from= 20260422 to= 20260422
対象フォルダ数: 1
検索キーワード: ['価格交渉', '増産', '価格改定', '価格転嫁', '値上', '想定以上', '上方修正', '下方修正', '想定以下', '未達', '大幅', '計画を上', '計画を下', '計画以', '需要回復', '需要の回復', '需要が増', '需要が低', '悪化', 'グローバルニッチトップ', 'トップシェア', 'シェア拡大', 'レアアース']
総PDF数（推定）: 161
[1/1] 日付フォルダ 20260422 を処理中... (このフォルダ内PDF数: 161)
  進捗: 50/161 件のPDFを解析済み
  進捗: 100/161 件のPDFを解析済み
  進捗: 150/161 件のPDFを解析済み
  進捗: 161/161 件のPDFを解析済み
  → 日付フォルダ 20260422 のヒットPDF数: 14

✅ ②A 完了（解析専用・キーワード別ページ列）
解析PDF数: 161
ヒットPDF数: 14
出力CSV: Analysis_Hits_free_word_20260422.csv
保存先: G:\マイドライブ\TDnet_Downloads

✅ ②B 完了（配布用CSV作成・キーワード別ページ列）
出力: PDF_Search_Result_Distribution_free_word_20260422_sh.csv
キーワード列: ['価格交渉', '増産', '価格改定', '価格転嫁', '値上', '想定以上', '上方修正', '下方修正', '想定以下', '未達', '大幅', '計画を上', '計画を下', '計画以', '需要回復', '需要の回復', '需要が増', '需要が低', '悪化', 'グローバルニッチトップ', 'トップシェア', 'シェア拡大', 'レアアース']
突合除外件数: 0
空欄アラート件数: 0
