============================================
 TDnet auto run: 20260529
 Start: 2026-05-29 23:00:01
============================================

$ C:\Users\onok\AppData\Local\Python\pythoncore-3.14-64\python.exe -u ①_tdnetアクセスしてダウンロードする処理（月日付別フォルダ保存）.py --target 20260529 --save-root G:\マイドライブ\TDnet_Downloads
🎯 対象指定: 20260529（mode=day, from=20260529, to=20260529）
📁 保存ルート: G:\マイドライブ\TDnet_Downloads

============================================================
📅 日付: 20260529 を処理します
   ...Page 001 を確認中
   ✅ 保存: 2162_2030_nms HD_その他の関係会社である株式会社ワールドホールディングスによる当社株式に対する公開買付けに関する賛同及び応募中立の意見表明に関するお知らせ.pdf
   ✅ 保存: 2429_2030_ワールドHD_nmsホールディングス株式会社(証券コード_2162)に対する公開買付けの開始に関するお知らせ.pdf
   ✅ 保存: 5525_1900_P-フロンティアHD_臨時株主総会開催日及び付議議案の決定に関するお知らせ.pdf
   ✅ 保存: 3645_1830_G-メディカルネット_当社株式の監理銘柄(審査中)指定に関するお知らせ.pdf
   ✅ 保存: 3645_1830_G-メディカルネット_東京証券取引所スタンダード市場への市場区分変更申請に関するお知らせ.pdf
   ✅ 保存: 8143_1830_ラピーヌ_(スタンダード市場)上場維持基準の適合に向けた計画に基づく進捗状況(改善期間入り)について.pdf
   ✅ 保存: 3863_1819_日本紙_米国子会社日本ダイナウェーブ・パッケージングにおける事故の状況について(第二報).pdf
   ✅ 保存: 4069_1810_G-BlueMeme_持株会社体制への移行に伴う吸収分割契約締結及び定款の一部変更 (商号及び事業目的の一部変更)に関するお知らせ.pdf
   ✅ 保存: 1879_1800_新日本建_役員人事に関するお知らせ.pdf
   ✅ 保存: 1879_1800_新日本建_株主優待制度導入に関するお知らせ.pdf
   ✅ 保存: 2334_1800_G-イオレ_役員人事に関するお知らせ.pdf
   ✅ 保存: 306A_1800_F-テクロ_臨時株主総会の決議結果及び上場廃止申請に関するお知らせ.pdf
   ✅ 保存: 3175_1800_APHD_中期経営計画の策定に関するお知らせ.pdf
   ✅ 保存: 317A_1800_P-SMSDTech_チェックフィールド株式会社の株式取得(完全子会社化)に関するお知らせ.pdf
   ✅ 保存: 4175_1800_G-coly_(開示事項の変更)ウォルト・ディズニー・ジャパン株式会社との取引契約に基づく新規オンラインゲームサービス開始予定時期変更のお知らせ.pdf
   ✅ 保存: 4286_1800_CLホールディングス_ストックオプション(新株予約権)の割当てに関するお知らせ.pdf
   ✅ 保存: 8746_1800_unbanked_(開示事項の経過)株主による臨時株主総会の招集請求の撤回に関するお知らせ.pdf
   ✅ 保存: 9238_1800_G-バリューC_2026年2月期 決算短信〔日本基準〕(非連結).pdf
   ✅ 保存: 9238_1800_G-バリューC_2026年2月期業績予想と実績値との差異に関するお知らせ.pdf
   ✅ 保存: 9238_1800_G-バリューC_決算短信の開示が期末後 50 日を超えたことに関するお知らせ.pdf
   ✅ 保存: 9238_1800_G-バリューC_過年度有価証券報告書等の訂正報告書の提出及び過年度決算短信等の訂正に関するお知らせ.pdf
   ✅ 保存: 9238_1800_G-バリューC_(数値データ訂正)2025年2月期 第3四半期決算短信[日本基準](非連結).pdf
   ✅ 保存: 9238_1800_G-バリューC_(数値データ訂正)2025年2月期 決算短信[日本基準](非連結).pdf
   ✅ 保存: 9238_1800_G-バリューC_(数値データ訂正)2026年2月期 第1四半期決算短信[日本基準](非連結).pdf
   ✅ 保存: 9238_1800_G-バリューC_(数値データ訂正)2026年2月期 第2四半期(中間期)決算短信[日本基準](非連結).pdf
   ✅ 保存: 9238_1800_G-バリューC_(数値データ訂正)2026年2月期 第3四半期決算短信[日本基準](非連結).pdf
   ✅ 保存: 9238_1800_G-バリューC_内部統制報告書の訂正報告書の提出に関するお知らせ.pdf
   ✅ 保存: 9238_1800_G-バリューC_財務報告に係る内部統制の開示すべき重要な不備に関するお知らせ.pdf
   ✅ 保存: 9238_1800_G-バリューC_特別損失の計上に関するお知らせ.pdf
   ✅ 保存: 9238_1800_G-バリューC_取締役の辞任に関するお知らせ.pdf
   ✅ 保存: 9238_1800_G-バリューC_支配株主等に関する事項について.pdf
   ✅ 保存: 3495_1740_香陵住販_第3回ストックオプション(新株予約権)発行内容確定のお知らせ.pdf
   ✅ 保存: 7879_1735_ノダ_特別利益(投資有価証券売却益)の計上に関するお知らせ.pdf
   ✅ 保存: 3697_1730_SHIFT_SHIFT×ライズ・コンサルティング・グループ_業務提携のさらなる連携強化に合意.pdf
   ✅ 保存: 3697_1730_SHIFT_営業外費用(連結)特別損失(個別・連結)の計上見込みに関するお知らせ.pdf
   ✅ 保存: 402A_1730_G-アクセルスペース_Exolaunchと新たに衛星の打上げに合意.pdf
   ✅ 保存: 4069_1730_G-BlueMeme_監査等委員会設置会社への移行および定款の一部変更に関するお知らせ.pdf
   ✅ 保存: 4443_1730_Sansan_主要株主の異動に関するお知らせ.pdf
   ✅ 保存: 5122_1730_オカモト_2026年3月期決算説明会資料について.pdf
   ✅ 保存: 5707_1730_東邦鉛_A種優先株式の普通株式への一部転換のお知らせ.pdf
   ✅ 保存: 6890_1730_フェローテック_(開示事項の経過)決算説明資料および中期経営計画(ローリングプラン)資料の開示について.pdf
   ✅ 保存: 9168_1730_G-ライズ_SHIFT×ライズ・コンサルティング・グループ 業務提携のさらなる連携強化に合意.pdf
   ✅ 保存: 9760_1730_進学会HD_営業外費用の計上及び個別業績における前期実績との差異に関するお知らせ.pdf
   ✅ 保存: 5856_1715_エルアイイーエイチ_臨時株主総会の決議結果および監査役(1名)の就任辞退に関するお知らせ.pdf
   ✅ 保存: 164A_1700_P-アップルパーク_定款一部変更に関するお知らせ.pdf
   ✅ 保存: 293A_1700_P-BABY JOB_支配株主等に関する事項について.pdf
   ✅ 保存: 3391_1700_ツルハHD_支配株主等に関する事項について.pdf
   ✅ 保存: 3512_1700_日フエルト_自己株式の取得状況及び取得終了に関するお知らせ.pdf
   ✅ 保存: 3557_1700_G-U&C_公益財団法人財務会計基準機構への加入状況及び加入に関する考え方等に関するお知らせ.pdf
   ✅ 保存: 361A_1700_P-リビングハウス_支配株主等に関する事項について.pdf
   ✅ 保存: 3624_1700_G-アクセルM_第三者割当による新株式の発行、主要株主である筆頭株主及び親会社の異動並びにコミットメント型タームローン・ファシリティ契約の締結に関するお知らせ.pdf
   ✅ 保存: 3624_1700_G-アクセルM_本資金調達パッケージに関する補足説明資料.pdf
   ✅ 保存: 3624_1700_G-アクセルM_役員人事の内定に関するお知らせ.pdf
   ✅ 保存: 4174_1700_アピリッツ_ストックオプション(新株予約権)の発行内容確定に関するお知らせ.pdf
   ✅ 保存: 4242_1700_タカギセイコー_2026年3月期 決算説明会資料.pdf
   ✅ 保存: 434A_1700_P-LOOPLACE_支配株主等に関する事項について.pdf
   ✅ 保存: 4444_1700_G-インフォネット_代表取締役の異動に関するお知らせ.pdf
   ✅ 保存: 4444_1700_G-インフォネット_取締役候補者及び監査役候補者の選任に関するお知らせ.pdf
   ✅ 保存: 470A_1700_P-ローカル_支配株主等に関する事項について.pdf
   ✅ 保存: 4838_1700_SSSK HD_剰余金の配当に関するお知らせ.pdf
   ✅ 保存: 4838_1700_SSSK HD_資本準備金の額の減少及びその他資本剰余金への振替に関するお知らせ.pdf
   ✅ 保存: 4838_1700_SSSK HD_公認会計士等の異動に関するお知らせ.pdf
   ✅ 保存: 485A_1700_G-パワーエックス_ストック・オプション(新株予約権)の発行内容確定に関するお知らせ.pdf
   ✅ 保存: 5838_1700_楽天銀行_フィンテック事業再編に関する頻出質問への回答.pdf
   ✅ 保存: 6574_1700_G-コンヴァノ_アクセルマーク株式会社(証券コード 3624)の株式の取得(連結子会社化)並びにコミ ットメント型タームローン・ファシリティ契約の締結に関するお知らせ.pdf
   ✅ 保存: 6574_1700_G-コンヴァノ_アクセルマーク株式会社の株式の取得(連結子会社化)並びにコミットメント型タームローン・ファシリティ契約の締結に関する補足説明資料.pdf
   ✅ 保存: 6574_1700_G-コンヴァノ_2026年3月期 中期経営計画(事業計画及び成長可能性に関する事項).pdf
   ✅ 保存: 6706_1700_電気興_(訂正・数値データ訂正)「2026年3月期 決算短信〔日本基準〕(連結)」の一部訂正について.pdf
   ✅ 保存: 6706_1700_電気興_(訂正)「2026年3月期 通期連結業績予想値と実績値との差異及び通期個別業績と前期実績との差異に関するお知らせ」の一部訂正について.pdf
   ✅ 保存: 6706_1700_電気興_剰余金の配当に関するお知らせ.pdf
   ✅ 保存: 6706_1700_電気興_役員の異動に関するお知らせ.pdf
   ✅ 保存: 6706_1700_電気興_公認会計士等の異動に関するお知らせ.pdf
   ✅ 保存: 6857_1700_アドバンテス_自己株式の取得状況に関するお知らせ.pdf
   ✅ 保存: 7075_1700_G-QLS_当社連結子会社における事業譲受け及び固定資産の取得に関するお知らせ.pdf
   ✅ 保存: 7075_1700_G-QLS_当社連結子会社における株式取得に関するお知らせ.pdf
   ✅ 保存: 8439_1700_東京センチュリー_支配株主等に関する事項について.pdf
   ✅ 保存: 9216_1700_ビーウィズ_当社株式の監理銘柄(確認中)指定に関するお知らせ.pdf
   ✅ 保存: 9225_1700_G-ブリッジコンサル_有償ストック・オプション(新株予約権)の発行内容確定に関するお知らせ.pdf
   ✅ 保存: 9243_1700_P-富士テクノHD_2026年3月期 決算短信〔日本基準〕(連結).pdf
   ✅ 保存: 9243_1700_P-富士テクノHD_特別損失の計上及び2026年3月期連結業績予想と実績値との差異(下方修正)に関するお知らせ.pdf
   ✅ 保存: 9243_1700_P-富士テクノHD_剰余金の配当に関するお知らせ.pdf
   ✅ 保存: 9243_1700_P-富士テクノHD_TOKYO PRO Marketへの上場目的の開示に関するお知らせ.pdf
   ✅ 保存: 9284_1700_I-カナディアンソラ_資産運用会社における組織改編および人事異動に関するお知らせ.pdf
   ✅ 保存: 9713_1700_ロイヤルホテル_2026年3月期 決算説明会資料.pdf
   ✅ 保存: 9790_1700_福井コンピ_支配株主等に関する事項について.pdf
   ✅ 保存: 9790_1700_福井コンピ_非上場の親会社等の決算に関するお知らせ.pdf
   ✅ 保存: 3479_1645_G-TKP_事業計画及び成長可能性に関する事項.pdf
   ✅ 保存: 3479_1645_G-TKP_支配株主等に関する事項について.pdf
   ✅ 保存: 3479_1645_G-TKP_譲渡制限付株式報酬としての新株式発行に関するお知らせ.pdf
   ✅ 保存: 2330_1640_フォーサイド_特別調査委員会の設置に関するお知らせ.pdf
   ✅ 保存: 6574_1640_G-コンヴァノ_(訂正・数値データ訂正)「2026年3月期決算短信〔IFRS〕(連結)」の 一部訂正について.pdf
   ✅ 保存: 7815_1640_東京ボード工業_上場維持基準の適合に向けた計画に基づく進捗状況及び計画書の更新(決算期変更に伴う改善期間及び計画期間の変更)について.pdf
   ✅ 保存: 1946_1630_トーエネック_支配株主等に関する事項について.pdf
   ✅ 保存: 4377_1630_G-ワンキャリア_決算に関するよくある質問と回答.pdf
   ✅ 保存: 4381_1630_G-ビープラッツ_(開示事項の経過)社債に係る財務上の特約に定める事由の発生に関する社債権者との協議結果について.pdf
   ✅ 保存: 4381_1630_G-ビープラッツ_第三者割当による第7回新株予約権(行使価額修正条項付)の発行に関するお知らせ.pdf
   ✅ 保存: 5721_1630_エスクリプトエナジー_定款一部変更に関するお知らせ.pdf
   ✅ 保存: 6228_1630_ジェイ・イー・ティ_財務報告に係る内部統制の開示すべき重要な不備に関するお知らせ.pdf
   ✅ 保存: 6228_1630_ジェイ・イー・ティ_内部統制報告書の訂正報告書の提出に関するお知らせ.pdf
   ✅ 保存: 6228_1630_ジェイ・イー・ティ_2025年12月期有価証券報告書の提出完了に関するお知らせ.pdf
   ...Page 002 を確認中
   ✅ 保存: 6294_1630_オカダアイヨン_2026年3月期決算説明会 動画および書き起こし公開のお知らせ.pdf
   ✅ 保存: 6307_1630_サンセイ_剰余金の配当に関するお知らせ.pdf
   ✅ 保存: 6307_1630_サンセイ_代表取締役の異動(追加)及び役員人事に関するお知らせ.pdf
   ✅ 保存: 6307_1630_サンセイ_当社株式等の大規模買付行為に関する対応策(買収への対応方針)継続に関するお知らせ.pdf
   ✅ 保存: 6616_1630_トレックスセミ_2025年度「当社取締役会の実効性の分析・評価」結果の概要について.pdf
   ✅ 保存: 7531_1630_清和中央_福岡証券取引所本則市場への上場承認に関するお知らせ.pdf
   ✅ 保存: 8132_1630_シナネンHD_簡易株式交換によるEスマートエナジー株式会社の完全子会社化に関するお知らせ.pdf
   ✅ 保存: 9627_1630_アインHD_投資単位の引下げに関する考え方及び方針について.pdf
   ✅ 保存: 184A_1600_G-学びエイド_NOVAホールディングス株式会社による当社株式に対する公開買付けの結果並びに親会社その他の関係会社主要株主及び筆頭株主の異動に関するお知らせ.pdf
   ✅ 保存: 185A_1600_P-リサイクルテック_(訂正)「2026年2月期 決算短信〔日本基準〕(連結)」の一部訂正について.pdf
   ✅ 保存: 185A_1600_P-リサイクルテック_支配株主等に関する事項について.pdf
   ✅ 保存: 249A_1600_P-ヒューマンA_取締役に対するストック・オプションとしての報酬等の額及び内容に関するお知らせ.pdf
   ✅ 保存: 249A_1600_P-ヒューマンA_定款一部変更及び会計監査人選任に関するお知らせ.pdf
   ✅ 保存: 3104_1600_富士紡HD_(訂正)「譲渡制限付株式報酬制度の改定に関するお知らせ」の一部訂正について.pdf
   ✅ 保存: 311A_1600_P-NPT_(再訂正)「定款一部変更に関するお知らせ」の一部訂正について.pdf
   ✅ 保存: 3156_1600_レスター_剰余金の配当に関するお知らせ.pdf
   ✅ 保存: 336A_1600_G-ダイナミクマップ_事業計画及び成長可能性に関する説明資料.pdf
   ✅ 保存: 3392_1600_デリカフーズHD_第三者割当により発行される第1回無担保転換社債型新株予約権付社債及び第1回新株予約権の払込完了に関するお知らせ.pdf
   ✅ 保存: 3402_1600_東レ_曽田香料株式会社の株式譲渡について.pdf
   ✅ 保存: 3719_1600_AIストーム_(訂正・数値データ訂正)「令和8年12月期第1四半期決算短信〔日本基準〕(非連結)」の一部訂正について.pdf
   ✅ 保存: 3856_1600_Abalance_(変更)調査委員会の調査期間見通し変更に関するお知らせ.pdf
   ✅ 保存: 4177_1600_G-i-plug_よくある質問と回答(2026年3月期通期決算).pdf
   ✅ 保存: 4360_1600_マナック・ケミカルP_役員の異動に関するお知らせ.pdf
   ✅ 保存: 445A_1600_P-東洋コーポ_2026年3月期 決算短信〔日本基準〕(連結).pdf
   ✅ 保存: 445A_1600_P-東洋コーポ_営業外費用の計上に関するお知らせ.pdf
   ✅ 保存: 4503_1600_アステラス薬_社外取締役辞任のお知らせ及び第 21 期定時株主総会付議議案の一部撤回に関するお知らせ.pdf
   ✅ 保存: 4645_1600_市進HD_支配株主等に関する事項について.pdf
   ✅ 保存: 4735_1600_京進_上場維持基準への適合に向けた計画(改善期間入り)について.pdf
   ✅ 保存: 4762_1600_XNET_剰余金の配当に関するお知らせ.pdf
   ✅ 保存: 5288_1600_アジアパイルHD_剰余金の配当に関するお知らせ.pdf
   ✅ 保存: 5617_1600_P-ウィル・ドゥ_支配株主等に関する事項について.pdf
   ✅ 保存: 6036_1600_KeePer技研_2026年6月期第3四半期 決算説明会資料.pdf
   ✅ 保存: 6557_1600_G-AIAI_取締役(監査等委員である取締役及び社外取締役を除く。)に対するストック・オプションとしての報酬等の額および内容に関するお知らせ.pdf
   ✅ 保存: 6557_1600_G-AIAI_取締役(監査等委員である取締役及び社外取締役を除く。)に対する譲渡制限付株式報酬制度の改定に関するお知らせ.pdf
   ✅ 保存: 6557_1600_G-AIAI_定款の一部変更に関するお知らせ.pdf
   ✅ 保存: 6557_1600_G-AIAI_役員人事に関するお知らせ.pdf
   ✅ 保存: 6572_1600_オープンG_上場維持基準への適合に向けた計画に基づく進捗状況(改善期間入り)及び計画期間の変更について.pdf
   ✅ 保存: 6736_1600_サン電子_2026年3月期決算説明会資料.pdf
   ✅ 保存: 6772_1600_コスモス電_(訂正・数値データ訂正)「2026年3月期決算短信〔日本基準〕(連結)」の一部訂正について.pdf
   ✅ 保存: 6806_1600_ヒロセ電_自己株式消却に関するお知らせ.pdf
   ✅ 保存: 6819_1600_伊豆シャボテンR_剰余金の配当に関するお知らせ.pdf
   ✅ 保存: 7462_1600_CAPITA_バイオ・サイト・キャピタル株式会社の100%子会社化完了に関するお知らせ(経過開示).pdf
   ✅ 保存: 7609_1600_ダイトロン_業績連動型株式報酬制度に基づく自己株式の処分の払込完了に関するお知らせ.pdf
   ✅ 保存: 7726_1600_黒田精工_役員の異動に関するお知らせ.pdf
   ✅ 保存: 7777_1600_G-3Dマトリックス_取締役の辞任に関するお知らせ.pdf
   ✅ 保存: 7781_1600_平山_株式取得(持分法適用関連会社化)のお知らせ.pdf
   ✅ 保存: 8014_1600_蝶理_支配株主等に関する事項について.pdf
   ✅ 保存: 8035_1600_東エレク_株式分割及び株式分割に伴う定款の一部変更に関するお知らせ.pdf
   ✅ 保存: 8035_1600_東エレク_自己株式の取得枠設定に関するお知らせ.pdf
   ✅ 保存: 8035_1600_東エレク_当社取締役会の実効性に関する評価結果の概要について.pdf
   ✅ 保存: 8143_1600_ラピーヌ_支配株主等に関する事項について.pdf
   ✅ 保存: 8708_1600_アイザワ証G_第20回無担保社債発行に関するお知らせ.pdf
   ✅ 保存: 8783_1600_abc_資金使途の変更に関するお知らせ.pdf
   ✅ 保存: 9005_1600_東急_代表取締役の異動に関するお知らせ.pdf
   ✅ 保存: 9222_1600_P-manaby_監査等委員会設置会社への移行、定款の一部変更及び会計監査人の選任に関するお知らせ.pdf
   ✅ 保存: 9272_1600_G-ブティックス_自己株式の取得状況に関するお知らせ.pdf
   ✅ 保存: 9326_1600_G-関通HD_事業計画及び成長可能性に関する事項.pdf
   ✅ 保存: 9366_1600_サンリツ_新任執行役員候補者の選任及び執行役員の異動、組織変更及び当該組織変更に伴う人事異動に関するお知らせ.pdf
   ✅ 保存: 9405_1600_朝日放送グループHD_親会社等の決算に関するお知らせ.pdf
   ✅ 保存: 9409_1600_テレビ朝日HD_親会社等の決算に関するお知らせ.pdf
   ✅ 保存: 9744_1600_メイテックGHD_分配可能額を超えた前期の中間配当金に関する外部専門家による調査チームの調査結果及び再発防止策について.pdf
   ✅ 保存: 9744_1600_メイテックGHD_剰余金の配当に関するお知らせ.pdf
   ✅ 保存: 9788_1600_ナック_従業員持株会向け譲渡制限付株式インセンティブとしての自己株式の処分に関するお知らせ.pdf
   ✅ 保存: 9861_1600_吉野家HD_譲渡制限付株式報酬としての自己株式の処分に関するお知らせ.pdf
   ✅ 保存: 9950_1600_ハチバン_有価証券報告書の提出予定日の変更について.pdf
   ✅ 保存: 9973_1600_KOZOHD_第三者割当により発行された第16回新株予約権(行使価額修正条項付)の大量行使に関するお知らせ.pdf
   ✅ 保存: 1773_1550_YTL_2026年6月期第3四半期(2026年1月~2026年3月)決算短信.pdf
   ✅ 保存: 2652_1545_まんだらけ_2026年9月期売上高推移報告について.pdf
   ✅ 保存: 3803_1545_G-イメージ情_非上場の親会社等の決算情報に関するお知らせ.pdf
   ✅ 保存: 4334_1545_ユークス_コミットメントライン契約の締結に関するお知らせ.pdf
   ✅ 保存: 7619_1545_田中商事_(訂正・数値データ訂正)「2026年3月期決算短信〔日本基準〕(連結)」の一部訂正について.pdf
   ✅ 保存: 9159_1545_G-WTOKYO_主要株主の異動(予定)に関するお知らせ.pdf
   ✅ 保存: 3174_1540_ハピネス&D_資金の借入に関するお知らせ.pdf
   ✅ 保存: 7127_1535_一家ホールディングス_2026年3月期決算説明会資料.pdf
   ✅ 保存: 7812_1531_クレステック_連結子会社からの配当金受領に関するお知らせ.pdf
   ✅ 保存: 9449_1531_GMO_無担保社債発行に関するお知らせ.pdf
   ✅ 保存: 1380_1530_秋川牧園_剰余金の配当に関するお知らせ.pdf
   ✅ 保存: 1380_1530_秋川牧園_公益財団法人財務会計基準機構への加入状況及び加入に関する考え方等に関するお知らせ.pdf
   ✅ 保存: 1726_1530_Br.HD_当社株式の上場廃止のお知らせ.pdf
   ✅ 保存: 1799_1530_第一建設_代表取締役及び役員等の異動に関するお知らせ.pdf
   ✅ 保存: 1981_1530_協和日成_自己株式の消却に関するお知らせ.pdf
   ✅ 保存: 198A_1530_G-ポストプライム_非上場の親会社等の決算に関するお知らせ.pdf
   ✅ 保存: 2121_1530_MIXI_当社創業者笠原健治氏(取締役)による当社株式の役員及び正社員等に対する贈与のお知らせ.pdf
   ✅ 保存: 2164_1530_地域新聞社_株式分割及び株式分割に伴う定款の一部変更に関するお知らせ.pdf
   ✅ 保存: 2323_1530_fonfun_非上場の親会社等の決算に関するお知らせ.pdf
   ✅ 保存: 2334_1530_G-イオレ_第14回新株予約権(行使価額修正条項付)の大量行使に関するお知らせ.pdf
   ✅ 保存: 2353_1530_日駐_非上場の親会社等の決算情報に関するお知らせ.pdf
   ✅ 保存: 2586_1530_G-フルッタフルッタ_第三者割当による第14回新株予約権(行使価額修正条項付)の大量行使に関するお知らせ.pdf
   ✅ 保存: 2590_1530_DyDo_2027年1月期5月度販売状況のお知らせ.pdf
   ✅ 保存: 2669_1530_カネ美食品_支配株主等に関する事項について.pdf
   ✅ 保存: 2815_1530_アリアケ_非上場の親会社等の決算に関するお知らせ.pdf
   ✅ 保存: 2815_1530_アリアケ_支配株主等に関する事項について.pdf
   ✅ 保存: 2815_1530_アリアケ_取締役会の実効性に関する評価結果の概要について.pdf
   ✅ 保存: 2936_1530_G-ベースフード_主要株主である筆頭株主の異動に関するお知らせ.pdf
   ✅ 保存: 304A_1530_G-フォルシア_支配株主等に関する事項について.pdf
   ✅ 保存: 3063_1530_G-jGroup_事業計画及び成長可能性に関する事項.pdf
   ✅ 保存: 3064_1530_MRO_自己株式の消却に関するお知らせ.pdf
   ✅ 保存: 3088_1530_マツキヨココカラ_自己株式の消却完了に関するお知らせ.pdf
   ✅ 保存: 3109_1530_シキボウ_コミットメントライン契約に基づく借入の実施について.pdf
   ✅ 保存: 3185_1530_G-夢展望_事業計画及び成長可能性に関する事項.pdf
   ...Page 003 を確認中
   ✅ 保存: 3260_1530_エスポア_支配株主に関する事項について.pdf
   ✅ 保存: 3280_1530_エストラスト_支配株主等に関する事項について.pdf
   ✅ 保存: 3448_1530_P-清鋼材_2026年3月期 決算短信〔日本基準〕(連結).pdf
   ✅ 保存: 3448_1530_P-清鋼材_特別損失の計上及び通期連結業績予想と実績値との差異に関するお知らせ.pdf
   ✅ 保存: 3455_1530_R-HCM_国内不動産信託受益権の譲渡に関するお知らせ.pdf
   ✅ 保存: 3455_1530_R-HCM_2027年1月期の運用状況の予想及び分配予想の修正に関するお知らせ.pdf
   ✅ 保存: 3471_1530_R-三井不ロジパーク_資産運用会社における役員の変更予定に関するお知らせ.pdf
   ✅ 保存: 3472_1530_R-日本ホテル&レジ_アパホールディングス株式会社による本投資法人の借入金に対する債務保証の終了に関するお知らせ.pdf
   ✅ 保存: 3632_1530_グリーHD_連結子会社に対する債権放棄に関するお知らせ.pdf
   ✅ 保存: 3632_1530_グリーHD_事業統括会社(中間持株会社)設立および現物出資による子会社の異動に関するお知らせ.pdf
   ✅ 保存: 3678_1530_メディアドゥ_2026年2月期 通期決算FAQ.pdf
   ✅ 保存: 3762_1530_テクマト_役員の異動に関するお知らせ.pdf
   ✅ 保存: 3777_1530_G-環境フレンドリー_次世代AIインフラ事業への参画を目的とした AI Tech Tomakomai株式会社の株式取得(子会社化)及び固定資産の取得に関するお知らせ.pdf
   ✅ 保存: 3810_1530_サイバーステップHD_第三者割当による第42回新株予約権の行使状況及び消滅並びに特別利益の計上に関するお知らせ.pdf
   ✅ 保存: 3810_1530_サイバーステップHD_第三者割当により調達した資金の支出予定時期の変更に関するお知らせ.pdf
   ✅ 保存: 3864_1530_三菱紙_剰余金の配当に関するお知らせ.pdf
   ✅ 保存: 3864_1530_三菱紙_当社取締役等に対する業績連動型株式報酬制度の内容の一部改定に関するお知らせ.pdf
   ✅ 保存: 3929_1530_G-ソーシャルワイヤ_株式会社SEIRYOの株式取得(完全子会社化)に関するお知らせ.pdf
   ✅ 保存: 3987_1530_G-エコモット_連結子会社の事業譲受及び新たな事業の開始並びに特別損失の計上に関するお知らせ.pdf
   ✅ 保存: 3992_1530_ニーズウェル_非上場の親会社等の決算情報に関するお知らせ.pdf
   ✅ 保存: 4014_1530_G-カラダノート_(開示事項の経過)株式会社FPOの株式取得(子会社化)の株式取得日の変更に関するお知らせ.pdf
   ✅ 保存: 4088_1530_エア・ウォーター_改善計画の策定方針に関するお知らせ.pdf
   ✅ 保存: 4113_1530_田岡化学工業_資本コストや株価を意識した経営の実現に向けた対応に関するお知らせ.pdf
   ✅ 保存: 4260_1530_G-ハイブリッドテク_連結子会社による事業譲受に関するお知らせ.pdf
   ✅ 保存: 4369_1530_トリケミカル_2027年1月期 第1四半期決算短信〔日本基準〕(連結).pdf
   ✅ 保存: 4373_1530_シンプレクスHD_募集新株予約権(業績条件付有償ストックオプション)の発行に関するお知らせ.pdf
   ✅ 保存: 4527_1530_ロート薬_Thann Oryza Co., Ltd. の株式取得完了に関するお知らせ.pdf
   ✅ 保存: 4570_1530_G-免疫生物研究所_事業計画及び成長可能性に関する説明.pdf
   ✅ 保存: 4627_1530_ナトコ_2026年10月期 第2四半期(中間期)決算短信〔日本基準〕(連結).pdf
   ✅ 保存: 4627_1530_ナトコ_2026年10月期第2四半期累計期間の連結業績予想値と実績値の差異に関するお知らせ.pdf
   ✅ 保存: 4684_1530_オービック_自己株式の消却完了に関するお知らせ.pdf
   ✅ 保存: 4691_1530_ワシントンホテル_(訂正・数値データ訂正)「2026年3月期 決算短信〔日本基準〕(非連結)」の一部訂正に関するお知らせ.pdf
   ✅ 保存: 4707_1530_キタック_令和8年10月期第2四半期(中間期)決算短信〔日本基準〕(連結).pdf
   ✅ 保存: 4716_1530_日本オラクル_人事異動に関するお知らせ.pdf
   ✅ 保存: 5271_1530_トーヨーアサノ_支配株主等に関する事項について.pdf
   ✅ 保存: 5271_1530_トーヨーアサノ_親会社等の決算に関するお知らせ.pdf
   ✅ 保存: 554A_1530_G-バトンズ_2026年3月期決算説明資料.pdf
   ✅ 保存: 554A_1530_G-バトンズ_事業計画及び成長可能性に関する事項.pdf
   ✅ 保存: 5571_1530_エキサイトHD_役員人事に関するお知らせ.pdf
   ✅ 保存: 5870_1530_G-ナルネット_(訂正)「2026年3月期決算説明資料_成長可能性に関する事項及び中期経営計画」の一部訂正について.pdf
   ✅ 保存: 5884_1530_G-クラダシ_株式会社中京電力の株式の取得(子会社化) に関するお知らせ.pdf
   ✅ 保存: 5884_1530_G-クラダシ_補足説明資料_株式会社中京電力の株式の取得(子会社化) に関するお知らせ.pdf
   ✅ 保存: 6045_1530_G-レントラックス_取締役候補者の選任及び定款の一部変更に関するお知らせ.pdf
   ✅ 保存: 6045_1530_G-レントラックス_会計監査人の異動に関するお知らせ.pdf
   ✅ 保存: 6141_1530_DMG森精機_第6回無担保永久社債(劣後特約付)の発行条件決定に関するお知らせ.pdf
   ✅ 保存: 6185_1530_SMN_執行役員に対する譲渡制限付株式としての自己株式処分の払込完了に関するお知らせ.pdf
   ✅ 保存: 6201_1530_豊田織_当社株式の上場廃止のお知らせ.pdf
   ✅ 保存: 6257_1530_藤商事_剰余金の配当に関するお知らせ.pdf
   ✅ 保存: 6328_1530_荏原実業_従業員に対する譲渡制限付株式としての自己株式の処分の払込完了に関するお知らせ.pdf
   ✅ 保存: 6335_1530_東京機_組織変更、役員の担当変更および人事異動に関するお知らせ.pdf
   ✅ 保存: 6445_1530_ジャノメ_自己株式の消却完了に関するお知らせ.pdf
   ✅ 保存: 6508_1530_明電舎_投資単位の引下げに対する考え方及び方針について.pdf
   ✅ 保存: 6562_1530_G-ジーニー_持分法適用関連会社であるJAPAN AI株式会社における資金調達に関するお知らせ.pdf
   ✅ 保存: 6562_1530_G-ジーニー_連結子会社による孫会社の異動を伴う株式の取得に関するお知らせ.pdf
   ✅ 保存: 6588_1530_東芝テック_2026年度 経営方針説明会 資料公開のお知らせ.pdf
   ✅ 保存: 6625_1530_JALCO HD_高圧系統用蓄電所に関する土地及び系統連系に係る権利取得に関するお知らせ.pdf
   ✅ 保存: 6882_1530_三社電機製作所_剰余金の配当に関するお知らせ.pdf
   ✅ 保存: 6961_1530_エンプラス_剰余金の配当に関するお知らせ.pdf
   ✅ 保存: 6999_1530_KOA_連結子会社の解散及び清算に関するお知らせ.pdf
   ✅ 保存: 7036_1530_G-イーエムネットJ_事業計画及び成長可能性に関する事項.pdf
   ✅ 保存: 7038_1530_フロンティアM_譲渡制限付株式報酬としての新株発行の払込完了に関するお知らせ.pdf
   ✅ 保存: 7067_1530_G-ブランディング_剰余金の配当に関するお知らせ.pdf
   ✅ 保存: 7084_1530_G-SmileHD_定款の一部変更に関するお知らせ.pdf
   ✅ 保存: 7084_1530_G-SmileHD_役員人事に関するお知らせ.pdf
   ✅ 保存: 7134_1530_アップガレージG_2026年3月期決算 質疑応答集(2).pdf
   ✅ 保存: 7157_1530_ライフネット生命_連結子会社の株式譲渡による連結除外、及び資本業務提携の一部変更に関するお知らせ.pdf
   ✅ 保存: 7273_1530_イクヨ_第三者割当による自己株式の処分(1円譲渡)の払込完了に関するお知らせ.pdf
   ✅ 保存: 7318_1530_G-セレンディップ_2026年3月期 通期決算説明会資料.pdf
   ✅ 保存: 7512_1530_イオン北海_支配株主等に関する事項について.pdf
   ✅ 保存: 7630_1530_壱番屋_支配株主等に関する事項について.pdf
   ✅ 保存: 7630_1530_壱番屋_譲渡制限付株式報酬としての自己株式の処分に関するお知らせ.pdf
   ✅ 保存: 7689_1530_G-コパ_事業計画及び成長可能性に関する事項.pdf
   ✅ 保存: 7689_1530_G-コパ_支配株主等に関する事項について.pdf
   ✅ 保存: 7746_1530_岡本硝子_当社株券等の大量買付行為への対応策(買収への対応方針)の継続について.pdf
   ✅ 保存: 7807_1530_幸和製作所_支配株主等に関する事項について.pdf
   ✅ 保存: 7994_1530_オカムラ_長期ビジョンと中期経営計画2028の策定に関するお知らせ.pdf
   ✅ 保存: 8005_1530_スクロール_譲渡制限付株式報酬としての自己株式の処分に関するお知らせ.pdf
   ✅ 保存: 8005_1530_スクロール_従業員持株会向け譲渡制限付株式インセンティブとしての自己株式の処分に関するお知らせ.pdf
   ✅ 保存: 8005_1530_スクロール_「株式会社スクロール コーポレートガバナンス・ガイドライン」改定に関するお知らせ.pdf
   ✅ 保存: 8070_1530_東京産_2026年3月期決算説明会資料.pdf
   ✅ 保存: 8093_1530_極東貿易_連結子会社からの配当金受領に関するお知らせ.pdf
   ✅ 保存: 8136_1530_サンリオ_当社常務取締役の不適切な報酬受給の疑いに関する特別調査委員会の調査報告書の受領および今後の当社の対応について.pdf
   ✅ 保存: 8136_1530_サンリオ_第66回定時株主総会の継続会の開催について.pdf
   ✅ 保存: 8136_1530_サンリオ_業績連動型株式報酬制度の導入に関するお知らせ.pdf
   ✅ 保存: 8166_1530_タカキュー_支配株主等に関する事項について.pdf
   ✅ 保存: 8289_1530_OlympicG_(訂正・数値データ訂正)「2026年2月期 決算短信〔日本基準〕(連結)」の一部訂正について.pdf
   ✅ 保存: 8473_1530_SBI_株式会社W TOKYO(証券コード_9159)株式の買集め行為に該当する株式取得についてのお知らせ.pdf
   ✅ 保存: 8554_1530_南日本銀_第2次中期経営計画の策定について.pdf
   ✅ 保存: 8881_1530_日神グループHD_2026年3月期決算説明動画公開のお知らせ.pdf
   ✅ 保存: 8938_1530_G-グロームHD_(開示の経過)系統用蓄電所の土地及び設備ならびに電力接続権の取得に関するお知らせ.pdf
   ✅ 保存: 8953_1530_R-都市ファンド_コミットメントライン契約期限の延長に関するお知らせ.pdf
   ✅ 保存: 8976_1530_R-大和OF_国内不動産信託受益権の一部譲渡完了に関するお知らせ(第2回).pdf
   ✅ 保存: 9107_1530_川崎船_自己株式取得及び自己株式立会外買付取引(ToSTNeT-3)による自己株式の買付けに係る事項の決定に関するお知らせ.pdf
   ✅ 保存: 9168_1530_G-ライズ_取締役、執行役員及び従業員に対する譲渡制限付株式報酬としての自己株式の処分に関するお知らせ.pdf
   ✅ 保存: 9168_1530_G-ライズ_支配株主等に関する事項について.pdf
   ✅ 保存: 9267_1530_ゲンキードラッグ_2026年6月期 5月度月次営業速報.pdf
   ✅ 保存: 9301_1530_三菱倉_組織改正及び人事異動に関するお知らせ.pdf
   ✅ 保存: 9419_1530_ワイヤレスゲート_2026年12月期 第1四半期決算に関する質疑応答集(2).pdf
   ✅ 保存: 9602_1530_東宝_FACT BOOK 2026.pdf
   ✅ 保存: 9616_1530_共立メンテ_2026年4月度 経営情報 Monthly Report.pdf
   ...Page 004 を確認中
   ✅ 保存: 9651_1530_日プロ_組織変更および人事異動に関するお知らせ.pdf
   ✅ 保存: 9782_1530_ディーエムエス_公益財団法人財務会計基準機構への加入状況および加入に関する考え方等に関するお知らせ.pdf
   ✅ 保存: 9927_1530_ワットマン_株式併合並びに単元株式数の定めの廃止及び定款の一部変更に係る承認決議に関するお知らせ.pdf
   ✅ 保存: 9941_1530_太洋物産_2026年9月期第2四半期 決算説明資料.pdf
   ✅ 保存: 9997_1530_ベルーナ_役員選任に関するお知らせ.pdf
   ✅ 保存: 1452_1500_P-横浜ライト工業_支配株主等に関する事項について.pdf
   ✅ 保存: 152A_1500_P-オプティ_支配株主等に関する事項について.pdf
   ✅ 保存: 2461_1500_ファンコミ_従業員持株会を通じた譲渡制限付株式付与のための第三者割当による自己株式の処分の払込完了及び一部失権に関するお知らせ.pdf
   ✅ 保存: 255A_1500_ジーエルテクノHD_連結子会社からの配当金受領に関するお知らせ.pdf
   ✅ 保存: 279A_1500_P-インターグ_剰余金の配当及び記念配当に関するお知らせ.pdf
   ✅ 保存: 4507_1500_塩野義薬_オピオイド誘発性便秘症治療薬ナルデメジンの中国における新薬承認取得について.pdf
   ✅ 保存: 4633_1500_サカタインクス_自己株式の消却完了に関するお知らせ.pdf
   ✅ 保存: 5531_1500_P-中山不動産_資金の借入れに関するお知らせ.pdf
   ✅ 保存: 6151_1500_日東工器_親会社等の決算に関するお知らせ.pdf
   ✅ 保存: 6151_1500_日東工器_支配株主等に関する事項について.pdf
   ✅ 保存: 6467_1500_ニチダイ_(開示事項の経過)インドにおける出資(合弁会社化)日程変更のお知らせ.pdf
   ✅ 保存: 7247_1500_ミクニ_令和8年3月期 決算短信〔日本基準〕(連結).pdf
   ✅ 保存: 7247_1500_ミクニ_(訂正・数値データ訂正)「令和8年3月期 第3四半期決算短信〔日本基準〕(連結)」の一部訂正について.pdf
   ✅ 保存: 7247_1500_ミクニ_(訂正・数値データ訂正)「令和8年3月期 第1四半期決算短信〔日本基準〕(連結)」の一部訂正について.pdf
   ✅ 保存: 7247_1500_ミクニ_(訂正・数値データ訂正)「令和7年3月期 第3四半期決算短信〔日本基準〕(連結)」の一部訂正について.pdf
   ✅ 保存: 7247_1500_ミクニ_(訂正・数値データ訂正)「令和7年3月期 第1四半期決算短信〔日本基準〕(連結)」の一部訂正について.pdf
   ✅ 保存: 7247_1500_ミクニ_過年度の決算短信の訂正及び過年度の有価証券報告書等の訂正予定に関するお知らせ.pdf
   ✅ 保存: 7247_1500_ミクニ_令和8年3月期決算短信の開示が期末後50日を超えたことに関するお知らせ.pdf
   ✅ 保存: 7247_1500_ミクニ_社内調査チームの調査結果及び再発防止策に関するお知らせ.pdf
   ✅ 保存: 7276_1500_小糸製_自己株式取得に係る事項の決定に関するお知らせ.pdf
   ✅ 保存: 7276_1500_小糸製_会計監査人の異動に関するお知らせ.pdf
   ✅ 保存: 7488_1500_ヤガミ_2026年4月期 決算短信[日本基準](連結).pdf
   ✅ 保存: 7488_1500_ヤガミ_配当予想の修正に関するお知らせ.pdf
   ✅ 保存: 7488_1500_ヤガミ_支配株主等に関する事項について.pdf
   ✅ 保存: 7819_1500_粧美堂_2026年9月期第2四半期決算説明会資料.pdf
   ✅ 保存: 8015_1500_豊田通商_支配株主等に関する事項について.pdf
   ✅ 保存: 8198_1500_MV東海_支配株主等に関する事項について.pdf
   ✅ 保存: 9156_1500_P-はなHD_剰余金の配当に関するお知らせ.pdf
   ✅ 保存: 6247_1430_日阪製作_2026年3月期決算 新中期経営計画 説明会資料.pdf
   ✅ 保存: 7555_1430_大田花き_剰余金の配当に関するお知らせ.pdf
   ✅ 保存: 7555_1430_大田花き_支配株主等に関する事項について.pdf
   ✅ 保存: 7555_1430_大田花き_公益財団法人財務会計基準機構への加入状況及び加入に関する考え方等に関するお知らせ.pdf
   ✅ 保存: 3329_1420_東和フード_2026年4月期 決算短信〔日本基準〕(非連結).pdf
   ✅ 保存: 3329_1420_東和フード_2026年4月期通期業績予想と実績との差異および剰余金の配当(増配)に関するお知らせ.pdf
   ✅ 保存: 3329_1420_東和フード_取締役候補者および執行役員の選任に関するお知らせ.pdf
   ✅ 保存: 6085_1420_G-アーキテクツSJ_上場維持基準(時価総額)への適合及び上場維持基準の適合に向けた計画(流通株式比率、純資産基準)に関するお知らせ.pdf
   ✅ 保存: 3133_1400_G-海帆_株式会社ビッグハンズとの業務提携契約締結及びフィジカルAIを活用した スマート厨房化プロジェクト開始に関するお知らせ.pdf
   ✅ 保存: 3133_1400_G-海帆_(開示事項の変更)「連結子会社による固定資産の取得に関するお知らせ」の一部変更について.pdf
   ✅ 保存: 3269_1400_R-ADR_国内不動産の取得に関するお知らせ≪レジディア横濱戸部≫.pdf
   ✅ 保存: 3269_1400_R-ADR_資産運用会社における取締役の異動に関するお知らせ.pdf
   ✅ 保存: 4761_1400_さくらKCS_(訂正)「役員退職慰労金制度の廃止及び譲渡制限付株式報酬制度の導入に関するお知らせ」の一部訂正について.pdf
   ✅ 保存: 7638_1400_NEW ART_剰余金の配当(期末配当)に関するお知らせ.pdf
   ✅ 保存: 9740_1400_CSP_支配株主等に関する事項について.pdf
   ✅ 保存: 3826_1330_SI_業績条件付株式報酬としての自己株式の処分に関するお知らせ.pdf
   ✅ 保存: 9310_1330_トランスシティ_自己株式取得に係る事項の決定に関するお知らせ.pdf
   ✅ 保存: 4644_1300_イマジニア_非上場の親会社等の決算に関するお知らせ.pdf
   ✅ 保存: 6228_1300_ジェイ・イー・ティ_2025年12月期決算短信〔日本基準〕(連結).pdf
   ✅ 保存: 6228_1300_ジェイ・イー・ティ_2025年12月期通期連結業績予想値と実績値との差異に関するお知らせ.pdf
   ✅ 保存: 6228_1300_ジェイ・イー・ティ_通期個別業績と前期実績との差異に関するお知らせ.pdf
   ✅ 保存: 6228_1300_ジェイ・イー・ティ_2025年12月期決算短信の開示が期末後50日を超えたことに関するお知らせ.pdf
   ✅ 保存: 6228_1300_ジェイ・イー・ティ_過年度有価証券報告書等の訂正報告書の提出及び過年度決算短信等の訂正に関するお知らせ.pdf
   ✅ 保存: 6228_1300_ジェイ・イー・ティ_(訂正・数値データ訂正)「2025年12月期 第3四半期決算短信[日本基準](連結)」の一部訂正に関するお知らせ.pdf
   ✅ 保存: 6228_1300_ジェイ・イー・ティ_(訂正・数値データ訂正)「2025年12月期 第1四半期決算短信[日本基準](連結)」の一部訂正に関するお知らせ.pdf
   ✅ 保存: 6228_1300_ジェイ・イー・ティ_(訂正・数値データ訂正)「2024年12月期 第3四半期決算短信[日本基準](連結)」の一部訂正に関するお知らせ.pdf
   ✅ 保存: 6228_1300_ジェイ・イー・ティ_特別損失の計上に関するお知らせ.pdf
   ✅ 保存: 7062_1300_G-フレアス_2026年3月期決算説明資料.pdf
   ✅ 保存: 7211_1300_三菱自_新中長期ビジョン発表に関するお知らせ.pdf
   ✅ 保存: 7368_1300_表示灯_2026年3月期 通期決算説明会資料.pdf
   ✅ 保存: 4972_1255_綜研化学_新中期経営計画「Advance 2028」策定に関するお知らせ.pdf
   ✅ 保存: 4972_1255_綜研化学_2026年3月期 決算説明会資料.pdf
   ✅ 保存: 6089_1245_ウィルグループ_(訂正・数値データ訂正)「2026年3月期 決算短信〔IFRS〕(連結)」の一部訂正について.pdf
   ✅ 保存: 3245_1230_ディア・ライフ_収益不動産(中村橋)の取得に関するお知らせ.pdf
   ✅ 保存: 3245_1230_ディア・ライフ_収益不動産(千代田区九段北)の取得に関するお知らせ.pdf
   ✅ 保存: 4118_1230_カネカ_計画「3年の仕掛」2026の策定に関するお知らせ.pdf
   ✅ 保存: 6988_1230_日東電_新中期経営計画「Nitto RISE 2028」策定に関するお知らせ.pdf
   ✅ 保存: 9444_1215_トーシンHD_臨時株主総会の決議結果及び代表取締役の異動に関するお知らせ.pdf
   ✅ 保存: 1326_1210_E-ワールド_SPDRゴールド・シェアに関する日々の開示事項.pdf
   ✅ 保存: 3083_1200_スターシーズ_連結子会社におけるサーバー関連商品の仕入及び販売に関するお知らせ.pdf
   ✅ 保存: 4099_1200_四国化成HD_株式分割及び株式分割に伴う配当予想の修正に関するお知らせ.pdf
   ✅ 保存: 7570_1200_橋本総業HD_役員人事に関するお知らせ.pdf
   ✅ 保存: 2395_1130_新日科学_剰余金の配当(期末配当)に関するお知らせ.pdf
   ✅ 保存: 449A_1130_SSSPヘッジ無_2026年4月期 決算短信(2025年11月17日~2026年4月20日).pdf
   ✅ 保存: 450A_1130_SSSPヘッジ有_2026年4月期 決算短信(2025年11月17日~2026年4月20日).pdf
   ✅ 保存: 451A_1130_SSSP高配当_2026年4月期 決算短信(2025年11月17日~2026年4月20日).pdf
   ✅ 保存: 8729_1130_ソニーFG_IR説明会(2026年5月).pdf
   ✅ 保存: 9045_1130_京阪HD_京阪ホールディングス株式会社第41回無担保社債の発行について.pdf
   ✅ 保存: 2674_1100_ハードオフ_支配株主等に関する事項について.pdf
   ✅ 保存: 2674_1100_ハードオフ_親会社等の決算に関するお知らせ.pdf
   ✅ 保存: 3548_1100_バロック_支配株主等に関する事項について.pdf
   ✅ 保存: 3548_1100_バロック_非上場の親会社等に関する事項について.pdf
   ✅ 保存: 3977_1100_A-フュージョン_公益財団法人財務会計基準機構への加入状況に関するお知らせ.pdf
   ✅ 保存: 8570_1100_イオンFS_支配株主等に関する事項について.pdf
   ✅ 保存: 8570_1100_イオンFS_定款の一部変更に関するお知らせ.pdf
   ✅ 保存: 2437_1045_シンワワイズ_非上場の親会社等の決算情報に関するお知らせ.pdf
   ✅ 保存: 452A_1030_iSSPカバコ_2026年4月期 決算短信(2025 年11月10日~2026年4月18日).pdf
   ✅ 保存: 453A_1030_iS米債カバコ_2026年4月期 決算短信(2025 年11月10日~2026年4月18日).pdf
   ✅ 保存: 471A_1030_NSグループ_自己株式立会外買付取引(ToSTNet-3)による自己株式の取得結果及び取得終了に関するお知らせ.pdf
   ✅ 保存: 135A_1000_G-VRAIN_支配株主等に関する事項について.pdf
   ✅ 保存: 135A_1000_G-VRAIN_事業計画及び成長可能性に関する事項.pdf
   ...Page 005 を確認中
   ✅ 保存: 2266_1000_六甲バター_自己株式立会外買付取引(ToSTNeT-3)による自己株式の取得結果及び自己株式取得終了に関するお知らせ.pdf
   ✅ 保存: 9557_0950_G-エアクロ_株式の立会外分売終了についてのお知らせ.pdf
   ✅ 保存: 4043_0900_トクヤマ_中期経営計画策定に関するお知らせ.pdf
   ✅ 保存: 4043_0900_トクヤマ_当社および当社グループ会社従業員に対する株式交付制度の導入に関するお知らせ.pdf
   ✅ 保存: 8058_0900_三菱商事_子会社間の合併及び特定子会社の異動に関するお知らせ.pdf
   ✅ 保存: 9616_0845_共立メンテ_2026年3月期 決算説明資料.pdf
   ✅ 保存: 9790_0845_福井コンピ_(訂正)「主要株主の異動に関するお知らせ」の一部訂正に関するお知らせ.pdf
   ✅ 保存: 6503_0830_三菱電_三菱電機 IR Day 2026 説明会資料(新中期経営戦略)公開のお知らせ.pdf
   ✅ 保存: 6503_0830_三菱電_三菱電機 IR Day 2026 説明会資料(インフラビジネスエリア)公開のお知らせ.pdf
   ✅ 保存: 6503_0830_三菱電_三菱電機 IR Day 2026 説明会資料(FAシステム事業)公開のお知らせ.pdf
   ✅ 保存: 6503_0830_三菱電_三菱電機 IR Day 2026 説明会資料(ライフビジネスエリア)公開のお知らせ.pdf
   ✅ 保存: 6503_0830_三菱電_三菱電機 IR Day 2026 説明会資料(半導体・デバイス事業)公開のお知らせ.pdf
   ...Page 006 を確認中
   📝 一覧CSV保存: TDnet_Sorted_20260529.csv
   📝 一覧CSV保存（ルート）: TDnet_Sorted_20260529.csv
   📊 日別統計: page_access=6, pdf_success=406, excluded=9

============================================================
✅ ①完了（範囲取得）
   期間: 20260529 ～ 20260529 （mode=day）
   一覧ページアクセス合計: 6
   PDFダウンロード成功合計: 406
   除外件数合計: 9
   保存ルート: G:\マイドライブ\TDnet_Downloads

$ C:\Users\onok\AppData\Local\Python\pythoncore-3.14-64\python.exe -u ②a②bは２つフリーワード検索.py analyze --target 20260529 --save-root G:\マイドライブ\TDnet_Downloads --keywords 価格交渉 増産 価格改定 価格転嫁 値上 想定以上 上方修正 下方修正 想定以下 未達 大幅 計画を上 計画を下 計画以 需要回復 需要の回復 需要が増 需要が低 悪化 グローバルニッチトップ トップシェア シェア拡大 レアアース
ルート: G:\マイドライブ\TDnet_Downloads
対象指定: 20260529 mode= day from= 20260529 to= 20260529
対象フォルダ数: 1
検索キーワード: ['価格交渉', '増産', '価格改定', '価格転嫁', '値上', '想定以上', '上方修正', '下方修正', '想定以下', '未達', '大幅', '計画を上', '計画を下', '計画以', '需要回復', '需要の回復', '需要が増', '需要が低', '悪化', 'グローバルニッチトップ', 'トップシェア', 'シェア拡大', 'レアアース']
総PDF数（推定）: 406
[1/1] 日付フォルダ 20260529 を処理中... (このフォルダ内PDF数: 406)
  進捗: 50/406 件のPDFを解析済み
  進捗: 100/406 件のPDFを解析済み
  進捗: 150/406 件のPDFを解析済み
  進捗: 200/406 件のPDFを解析済み
  進捗: 250/406 件のPDFを解析済み
  進捗: 300/406 件のPDFを解析済み
  進捗: 350/406 件のPDFを解析済み
  進捗: 400/406 件のPDFを解析済み
  進捗: 406/406 件のPDFを解析済み
  → 日付フォルダ 20260529 のヒットPDF数: 72

✅ ②A 完了（解析専用・キーワード別ページ列）
解析PDF数: 406
ヒットPDF数: 72
出力CSV: Analysis_Hits_free_word_20260529.csv
保存先: G:\マイドライブ\TDnet_Downloads

$ C:\Users\onok\AppData\Local\Python\pythoncore-3.14-64\python.exe -u ②a②bは２つフリーワード検索.py distribute --target 20260529 --save-root G:\マイドライブ\TDnet_Downloads --no-stop-on-empty-meta

✅ ②B 完了（配布用CSV作成・キーワード別ページ列）
出力: PDF_Search_Result_Distribution_free_word_20260529_sh.csv
キーワード列: ['価格交渉', '増産', '価格改定', '価格転嫁', '値上', '想定以上', '上方修正', '下方修正', '想定以下', '未達', '大幅', '計画を上', '計画を下', '計画以', '需要回復', '需要の回復', '需要が増', '需要が低', '悪化', 'グローバルニッチトップ', 'トップシェア', 'シェア拡大', 'レアアース']
突合除外件数: 0
空欄アラート件数: 0

============================================
 Done: 2026-05-29 23:07:52
============================================
