============================================
 TDnet auto run: 20260527
 Start: 2026-05-27 23:00:01
============================================

$ C:\Users\onok\AppData\Local\Python\pythoncore-3.14-64\python.exe -u ①_tdnetアクセスしてダウンロードする処理（月日付別フォルダ保存）.py --target 20260527 --save-root G:\マイドライブ\TDnet_Downloads
🎯 対象指定: 20260527（mode=day, from=20260527, to=20260527）
📁 保存ルート: G:\マイドライブ\TDnet_Downloads

============================================================
📅 日付: 20260527 を処理します
   ...Page 001 を確認中
   ✅ 保存: 2479_1830_ジェイテック_2026年3月期 決算説明資料.pdf
   ✅ 保存: 3260_1810_エスポア_会計監査人からの辞任届受領に関するお知らせ.pdf
   ✅ 保存: 3260_1810_エスポア_2026年2月期有価証券報告書に係る監査報告書の意見不表明.pdf
   ✅ 保存: 4222_1800_児玉化_(訂正・数値データ訂正)「2026年3月期 決算短信〔日本基準〕(連結)」の一部訂正について.pdf
   ✅ 保存: 4222_1800_児玉化_(開示事項の変更)連結子会社における固定資産の譲渡に関するデューデリジェンス期間の延長について.pdf
   ✅ 保存: 7991_1740_マミヤオーピー_2026年3月期 剰余金の配当に関するお知らせ.pdf
   ✅ 保存: 4679_1730_田谷_「継続企業の前提に関する注記」の記載解消に関するお知らせ.pdf
   ✅ 保存: 9204_1730_G-スカイマーク_剰余金の配当に関するお知らせ.pdf
   ✅ 保存: 6033_1715_G-エクストリーム_(訂正)取締役候補者および監査役候補者の選任に関するお知らせの一部訂正について.pdf
   ✅ 保存: 3226_1700_R-三井不アコモ_資金の借入れに関するお知らせ.pdf
   ✅ 保存: 3546_1700_アレンザHD_株式併合並びに単元株式数の定めの廃止及び定款の一部変更に係る承認決議に関するお知らせ.pdf
   ✅ 保存: 3557_1700_G-U&C_事業計画及び成長可能性に関する事項.pdf
   ✅ 保存: 3563_1700_F&LC_合弁会社(子会社)の設立及び特定子会社の異動に関するお知らせ.pdf
   ✅ 保存: 3967_1700_G-エルテス_(訂正・数値データ訂正)「2026年2月期 決算短信[日本基準](連結)」の一部訂正について.pdf
   ✅ 保存: 3967_1700_G-エルテス_(訂正)「通期個別業績実績値と前期実績値との差異に関するお知らせ」の一部訂正に関するお知らせ.pdf
   ✅ 保存: 4015_1700_G-ペイクラウドHD_2026年4月 月次業績報告.pdf
   ✅ 保存: 4373_1700_シンプレクスHD_剰余金の配当に関するお知らせ.pdf
   ✅ 保存: 5022_1700_P-レボインター_特別調査委員会の構成決定及び調査目的並びに決算発表の延期に関するお知らせ.pdf
   ✅ 保存: 542A_1700_G-ビタブリッドJ_(訂正)「2026年2月期 決算説明資料」の一部訂正について.pdf
   ✅ 保存: 5885_1700_ジーデップアドバンス_当社株式の貸借銘柄選定に関するお知らせ.pdf
   ✅ 保存: 5994_1700_ファインシンター_業績連動報酬(役員賞与相当)の減額に関するお知らせ.pdf
   ✅ 保存: 6273_1700_SMC_取締役に対する業績連動報酬制度の改定に関するお知らせ.pdf
   ✅ 保存: 6273_1700_SMC_投資単位の引下げに関する考え方及び方針等について.pdf
   ✅ 保存: 6533_1700_オーケストラHD_SALTOの株式取得(連結子会社化)に関するお知らせ.pdf
   ✅ 保存: 6706_1700_電気興_主要株主の異動に関するお知らせ.pdf
   ✅ 保存: 7691_1700_P-CChan_TOKYO PRO Market への上場目的の開示について.pdf
   ✅ 保存: 7691_1700_P-CChan_監査等委員会設置会社への移行および定款の一部変更に関するお知らせ.pdf
   ✅ 保存: 7794_1700_G-イーディーピー_第三者割当による新株式及び第18回新株予約権(行使価額修正条項付)の発行に関するお知らせ.pdf
   ✅ 保存: 7794_1700_G-イーディーピー_第三者割当による新株式及び行使価額修正条項付第18回新株予約権の発行に関する補足説明資料.pdf
   ✅ 保存: 3294_1655_イーグランド_株式会社西武不動産による当社株式に係る株式売渡請求を行うことの決定、当該株式売渡請求に係る承認及び当社株式の上場廃止に関するお知らせ.pdf
   ✅ 保存: 4978_1640_G-リプロセル_株式及び新株予約権発行プログラム設定契約締結に係る発行登録並びに第三者割当による新株式及び新株予約権の発行に関するお知らせ.pdf
   ✅ 保存: 3150_1630_グリムス_剰余金の配当に関するお知らせ.pdf
   ✅ 保存: 3640_1630_電算_役員人事に関するお知らせ.pdf
   ✅ 保存: 3925_1630_ダブルスタンダード_代表取締役の異動に関するお知らせ.pdf
   ✅ 保存: 4316_1630_G-ビーマップ_資本金及び資本準備金の額の減少並びに資本剰余金の処分に関するお知らせ.pdf
   ✅ 保存: 4316_1630_G-ビーマップ_特別損失の計上並びに (訂正)(数値データ訂正)「2026年3月期決算短信〔日本基準〕(連結)」の一部訂正について.pdf
   ✅ 保存: 438A_1630_G-インフキュリオン_資本準備金の額の減少及び剰余金の処分に関するお知らせ.pdf
   ✅ 保存: 438A_1630_G-インフキュリオン_役員人事に関するお知らせ.pdf
   ✅ 保存: 4829_1630_日本エンタープライズ_持株会社体制への移行の検討開始に関するお知らせ.pdf
   ✅ 保存: 6366_1630_千代化建_(差替)2026年2月6日付「2026年3月期 第3四半期 決算概要」の差し替えについて.pdf
   ✅ 保存: 6366_1630_千代化建_(差替)2026年5月11日付「2026年3月期 決算概要」の差し替えについて.pdf
   ✅ 保存: 6366_1630_千代化建_(差替)2026年5月11日付「経営現況報告」の差し替えについて.pdf
   ✅ 保存: 7078_1630_G-INC HD_決算期(事業年度の末日)の変更及び定款一部変更に関するお知らせ.pdf
   ✅ 保存: 7078_1630_G-INC HD_譲渡制限付株式報酬制度の導入に関するお知らせ.pdf
   ✅ 保存: 7291_1630_日本プラスト_自己株式の取得及び自己株式立会外買付取引(ToSTNeT-3)による自己株式の買付けに関するお知らせ.pdf
   ✅ 保存: 7241_1620_フタバ産_支配株主等に関する事項について.pdf
   ✅ 保存: 4387_1615_G-ZUU_役員人事に関するお知らせ.pdf
   ✅ 保存: 4387_1615_G-ZUU_資本準備金の額の減少及び剰余金の処分に関するお知らせ.pdf
   ✅ 保存: 4387_1615_G-ZUU_当社連結子会社によるファンド(特定子会社)の設立に関するお知らせ.pdf
   ✅ 保存: 6147_1615_ヤマザキ_東京証券取引所における当社株式の上場廃止の決定及び整理銘柄への指定に関するお知らせ.pdf
   ✅ 保存: 8951_1615_R-ビルF_資金の借換に関するお知らせ.pdf
   ✅ 保存: 9444_1610_トーシンHD_株主による招集に係る臨時株主総会における株主総会検査役の選任に関するお知らせ.pdf
   ✅ 保存: 3863_1605_日本紙_米国子会社日本ダイナウェーブ・パッケージングにおける事故の状況について.pdf
   ✅ 保存: 2492_1600_インフォマート_スパイダープラス株式会社との資本業務提携に関するお知らせ.pdf
   ✅ 保存: 2656_1600_ベクターHD_第38期定時株主総会開催の決定、定款一部変更、並びに取締役及び会計監査人の選任に関するお知らせ.pdf
   ✅ 保存: 2884_1600_ヨシムラ・F・HD_取締役及び執行役員に対する譲渡制限付株式としての新株式発行に関するお知らせ.pdf
   ✅ 保存: 304A_1600_G-フォルシア_事業計画及び成長可能性に関する説明資料.pdf
   ✅ 保存: 3121_1600_マーチャント_外部協力者に対する第三者割当による自己株式の処分に関するお知らせ.pdf
   ✅ 保存: 3628_1600_G-データHR_役員の異動に関するお知らせ.pdf
   ✅ 保存: 4046_1600_大阪ソーダ_(訂正・数値データ訂正)「2026年3月期 決算短信〔日本基準〕(連結)」の一部訂正について.pdf
   ✅ 保存: 4166_1600_G-かっこ_株式会社Anycloudの株式取得に向けた株式譲渡契約締結に関するお知らせ.pdf
   ✅ 保存: 4192_1600_G-スパイダープラス_連結子会社(ベトナム子会社)における事業休止に関するお知らせ.pdf
   ✅ 保存: 4192_1600_G-スパイダープラス_株式会社インフォマートとの資本業務提携契約の締結、代表取締役による株式の売出し及び、支配株主の異動に関するお知らせ.pdf
   ✅ 保存: 4429_1600_G-リックソフト_事業計画及び成長可能性に関する説明資料.pdf
   ✅ 保存: 4657_1600_環境管理_組織変更及び人事異動に関するお知らせ.pdf
   ✅ 保存: 4883_1600_G-モダリス_第三者割当による第19回新株予約権(行使価額修正条項付)及び第2回無担保社債(私募債)の発行並びに新株予約権の買取契約の締結に関するお知らせ.pdf
   ✅ 保存: 4883_1600_G-モダリス_資金調達に関する補足説明資料.pdf
   ✅ 保存: 6489_1600_前沢工_当社株式の上場廃止のお知らせ.pdf
   ✅ 保存: 6555_1600_MSコンサル_取締役の業績連動報酬に関するお知らせ.pdf
   ✅ 保存: 6555_1600_MSコンサル_支配株主等に関する事項について.pdf
   ✅ 保存: 6955_1600_FDK_定款一部変更に関するお知らせ.pdf
   ✅ 保存: 7162_1600_アストマックス_株主提案に対する当社取締役会意見に関するお知らせ.pdf
   ✅ 保存: 7608_1600_SKジャパン_取締役の役付変更に関するお知らせ.pdf
   ✅ 保存: 7608_1600_SKジャパン_支配株主等(その他の関係会社)に関する事項について.pdf
   ✅ 保存: 7925_1600_前沢化成_当社株式の上場廃止のお知らせ.pdf
   ✅ 保存: 8105_1600_BitcoinJPN_(開示事項の経過)子会社等における新規事業(AIインフラ投資事業)の開始およびファンドへの出資に関するお知らせ.pdf
   ✅ 保存: 8961_1600_R-森トラスト_資金の借入れに関するお知らせ.pdf
   ✅ 保存: 8968_1600_R-福岡_資産運用会社における取締役の退任及び就任に関するお知らせ.pdf
   ✅ 保存: 9337_1600_G-トリドリ_募集新株予約権(有償ストック・オプション)の発行内容確定に関するお知らせ.pdf
   ✅ 保存: 9360_1600_鈴与シンワ_剰余金の配当に関するお知らせ.pdf
   ✅ 保存: 9425_1600_ReYuuJapan_(再訂正)新株予約権付社債発行プログラム設定契約の締結、第三者割当による転換価額修正条項付新株予約権付社債の発行及び第三者割当による新株予約権の発行.pdf
   ✅ 保存: 9257_1555_G-YCP_当社子会社による当社JDRの取得状況に関するお知らせ.pdf
   ✅ 保存: 9257_1555_G-YCP_当社子会社による立会外終値取引(ToSTNeT-2)を通じた当社JDRの買付けに関するお知らせ.pdf
   ✅ 保存: 3771_1545_システムリサーチ_剰余金の配当に関するお知らせ.pdf
   ✅ 保存: 8130_1545_サンゲツ_2026年3月期 決算説明資料.pdf
   ✅ 保存: 8130_1545_サンゲツ_「中期経営計画 2029」説明資料.pdf
   ✅ 保存: 8737_1545_あかつき本社_2027年3月期連結業績予想と新5か年経営数値目標の策定に関するお知らせ.pdf
   ✅ 保存: 8737_1545_あかつき本社_役員人事に関するお知らせ.pdf
   ✅ 保存: 8737_1545_あかつき本社_剰余金の配当に関するお知らせ.pdf
   ✅ 保存: 2371_1540_カカクコム_(訂正)Kamgras 1株式会社による公開買付届出書の訂正届出書の提出に伴う 公開買付開始公告の訂正に関するお知らせ.pdf
   ✅ 保存: 2391_1540_プラネット_2026年7月期第3四半期決算短信〔日本基準〕(非連結).pdf
   ✅ 保存: 1711_1530_SDSHD_代表取締役の異動に関するお知らせ.pdf
   ✅ 保存: 2138_1530_クルーズ_定款変更に関するお知らせ.pdf
   ✅ 保存: 2175_1530_SMS_(訂正)「役員人事に関するお知らせ」の一部訂正について.pdf
   ✅ 保存: 2342_1530_トランスジェニックG_当社連結子会社による当社孫会社の吸収合併および連結子会社間の吸収合併に関するお知らせ.pdf
   ✅ 保存: 2370_1530_G-MDNT_2026年9月期第2四半期決算説明会資料.pdf
   ✅ 保存: 2612_1530_かどや製油_支配株主等に関する事項について.pdf
   ✅ 保存: 2669_1530_カネ美食品_当社取締役会の実効性に関する評価結果の概要について.pdf
   ✅ 保存: 2726_1530_パルグループHD_自己株式取得に係る事項の決定に関するお知らせ.pdf
   ✅ 保存: 2918_1530_わらべや_札幌工場で発生した火災に関するお知らせ(第3報).pdf
   ...Page 002 を確認中
   ✅ 保存: 2918_1530_わらべや_資本コストや株価を意識した経営の実現に向けた対応について(アップデート).pdf
   ✅ 保存: 3087_1530_ドトル日レス_譲渡制限付株式報酬としての自己株式の処分に関するお知らせ.pdf
   ✅ 保存: 3093_1530_トレファク_取締役会の実効性評価の結果の概要に関するお知らせ.pdf
   ✅ 保存: 3093_1530_トレファク_(追加)2026年2月期 通期決算 質疑応答集 (2026_5_27更新).pdf
   ✅ 保存: 3269_1530_R-ADR_金利スワップ契約締結に関するお知らせ.pdf
   ✅ 保存: 3281_1530_R-GLP_資金の借入れに関するお知らせ.pdf
   ✅ 保存: 3451_1530_R-トーセイ・リート_資金の借入先及び利率の決定に関するお知らせ.pdf
   ✅ 保存: 3558_1530_G-ジェイドグループ_通期連結業績予想の公表に関するお知らせ.pdf
   ✅ 保存: 3562_1530_No.1_当社の役員の人事に関するお知らせ.pdf
   ✅ 保存: 3627_1530_テクミラ_(訂正・数値データ訂正)「2026年2月期 決算短信〔日本基準〕(連結)」の一部訂正について.pdf
   ✅ 保存: 3686_1530_DLE_役員の異動に関するお知らせ.pdf
   ✅ 保存: 3787_1530_テクノマセマ_2026年3月期_第26期_決算説明会資料.pdf
   ✅ 保存: 3804_1530_システム ディ_非上場の親会社等の決算に関するお知らせ.pdf
   ✅ 保存: 3922_1530_PRTIMES_支配株主等に関する事項について.pdf
   ✅ 保存: 4027_1530_テイカ_自己株式の消却完了に関するお知らせ.pdf
   ✅ 保存: 4047_1530_関電化_剰余金の配当に関するお知らせ.pdf
   ✅ 保存: 4174_1530_アピリッツ_ストックオプション(新株予約権)の発行に関するお知らせ.pdf
   ✅ 保存: 4179_1530_G-ジーネクスト_定款一部変更のお知らせ.pdf
   ✅ 保存: 4235_1530_UFHD_事後交付型譲渡制限付株式(リストリクテッド・ストック・ユニット)付与制度に 基づく自己株式の処分に関するお知らせ.pdf
   ✅ 保存: 4265_1530_G-IGS_役員選任に関するお知らせ.pdf
   ✅ 保存: 4270_1530_G-BeeX_支配株主等に関する事項について.pdf
   ✅ 保存: 4365_1530_松本油脂_非上場の親会社等の決算情報に関するお知らせ.pdf
   ✅ 保存: 4389_1530_G-プロパティDBK_役員人事に関するお知らせ.pdf
   ✅ 保存: 4389_1530_G-プロパティDBK_剰余金の配当に関するお知らせ.pdf
   ✅ 保存: 4484_1530_G-ランサーズ_自己株式の取得状況及び取得終了に関するお知らせ.pdf
   ✅ 保存: 4494_1530_バリオセキュア_株式交換契約に係る定時株主総会の承認可決に関するお知らせ.pdf
   ✅ 保存: 4494_1530_バリオセキュア_支配株主等に関する事項について.pdf
   ✅ 保存: 4547_1530_キッセイ薬_急性骨髄性白血病治療薬オルタシデニブの国内製造販売承認申請のお知らせ.pdf
   ✅ 保存: 457A_1530_P-ルリアン_東京証券取引所 TOKYO PRO Marketへの上場目的の開示.pdf
   ✅ 保存: 4588_1530_G-オンコリスバイオ_腫瘍溶解ウイルスOBP-301の欧州での内視鏡投与に関する特許付与予定通知発行のお知らせ.pdf
   ✅ 保存: 4689_1530_LINEヤフー_(経過開示)連結子会社(LINE MAN CORPORATION PTE. LTD.)の株式取得に関するタイ関係当局の許認可等の取得状況及び今後の見通しに関するお知らせ.pdf
   ✅ 保存: 544A_1530_GMSグループ_子会社の保有する当社株式の取得に関するお知らせ.pdf
   ✅ 保存: 5727_1530_邦チタニウム_当社株式の上場廃止に関するお知らせ.pdf
   ✅ 保存: 6183_1530_ベル24HD_支配株主等に関する事項について.pdf
   ✅ 保存: 6197_1530_ソラスト_株式併合並びに単元株式数の定めの廃止及び定款の一部変更に関する臨時株主総会開催のお知らせ.pdf
   ✅ 保存: 6197_1530_ソラスト_自己株式の消却に関するお知らせ.pdf
   ✅ 保存: 6197_1530_ソラスト_取締役の選任に関するお知らせ.pdf
   ✅ 保存: 6337_1530_テセック_(訂正)「2026年3月期 決算補足説明資料(連結)」の一部訂正に関するお知らせ.pdf
   ✅ 保存: 6383_1530_ダイフク_社外監査役の辞任に関するお知らせ.pdf
   ✅ 保存: 6545_1530_G-IIF_連結子会社からの配当金受領に関するお知らせ.pdf
   ✅ 保存: 6578_1530_コレックHD_譲渡制限付株式報酬としての新株式の発行に関するお知らせ.pdf
   ✅ 保存: 6578_1530_コレックHD_2026年2月期 通期決算発表における質疑応答(要旨)について.pdf
   ✅ 保存: 6651_1530_日東工_(訂正)「2026年3月期 決算短信〔日本基準〕(連結)」の一部訂正について.pdf
   ✅ 保存: 6670_1530_MCJ_株式併合、単元株式数の定めの廃止及び定款の一部変更に係る承認決議に関するお知らせ.pdf
   ✅ 保存: 6753_1530_シャープ_(訂正・数値データ訂正)「2026年3月期 決算短信〔日本基準〕(連結)」の一部訂正について.pdf
   ✅ 保存: 6857_1530_アドバンテス_事後交付型譲渡制限付株式ユニット制度に基づく自己株式の処分の払込完了に関するお知らせ.pdf
   ✅ 保存: 6862_1530_ミナトHD_自己株式取得に係る事項の決定に関するお知らせ(会社法第165条第2項の規定による定款の定めに基づく自己株式の取得).pdf
   ✅ 保存: 6862_1530_ミナトHD_剰余金の配当に関するお知らせ.pdf
   ✅ 保存: 6862_1530_ミナトHD_当社役員人事および当社グループ会社の代表取締役の異動に関するお知らせ.pdf
   ✅ 保存: 6862_1530_ミナトHD_取締役及び監査等委員である取締役の報酬額改定、並びに取締役に対する譲渡制限付株式の付与のための報酬改定に関するお知らせ.pdf
   ✅ 保存: 6997_1530_日ケミコン_B種種類株主によるB種種類株式の普通株式を対価とする取得請求権の行使に関するお知らせ.pdf
   ✅ 保存: 7072_1530_G-インテM_譲渡制限付株式報酬としての自己株式の処分に関するお知らせ.pdf
   ✅ 保存: 7072_1530_G-インテM_2026年9月期 第2四半期 決算質疑応答集.pdf
   ✅ 保存: 7173_1530_東京きらぼしFG_連結子会社からの配当金受領に関するお知らせ.pdf
   ✅ 保存: 7173_1530_東京きらぼしFG_第1回第一種優先株式の当社普通株式への転換及び消却完了に関するお知らせ.pdf
   ✅ 保存: 7602_1530_レダックス_社外取締役の逝去及び退任に関するお知らせ.pdf
   ✅ 保存: 7602_1530_レダックス_取締役候補者の決定に関するお知らせ.pdf
   ✅ 保存: 7698_1530_アイスコ_剰余金の配当に関するお知らせ.pdf
   ✅ 保存: 7698_1530_アイスコ_執行役員の異動に関するお知らせ.pdf
   ✅ 保存: 7745_1530_A&DホロンHD_2026年3月期決算説明資料.pdf
   ✅ 保存: 7794_1530_G-イーディーピー_「中期経営計画2028」策定に関するお知らせ.pdf
   ✅ 保存: 7803_1530_G-ブシロード_連結子会社の異動(株式譲渡)、特別利益の計上(見込み)、 及び通期連結業績予想の修正に関するお知らせ.pdf
   ✅ 保存: 8103_1530_明和産_(訂正・数値データ訂正)「2026年3月期 決算短信〔日本基準〕(連結)」の一部訂正について.pdf
   ✅ 保存: 8103_1530_明和産_(訂正)「2025年度連結決算概要」の一部訂正について.pdf
   ✅ 保存: 8267_1530_イオン_第25回新株予約権(2026年度株式報酬型ストックオプション)の発行枠決定について.pdf
   ✅ 保存: 8273_1530_イズミ_取締役等に対する譲渡制限付株式としての自己株式処分に関するお知らせ.pdf
   ✅ 保存: 8793_1530_NECキャピ_執行役員に対する譲渡制限付株式報酬制度導入に関するお知らせ.pdf
   ✅ 保存: 8955_1530_R-Jプライム_借入金の期限前弁済に関するお知らせ.pdf
   ✅ 保存: 8966_1530_R-平和RE_資金の借入れ(利率決定)に関するお知らせ.pdf
   ✅ 保存: 8967_1530_R-ニホンロジ_本日公表のプレスリリースに関する補足説明資料.pdf
   ✅ 保存: 8967_1530_R-ニホンロジ_2026年7月期及び2027年1月期の運用状況及び分配金の予想の修正に関するお知らせ.pdf
   ✅ 保存: 8967_1530_R-ニホンロジ_国内不動産信託受益権の譲渡に関するお知らせ.pdf
   ✅ 保存: 8972_1530_R-KDX不動産_資金の借入れに関するお知らせ(シリーズ0052).pdf
   ✅ 保存: 8976_1530_R-大和OF_金利スワップ契約の締結に関するお知らせ.pdf
   ✅ 保存: 8984_1530_R-ハウスリート_資金の借入れ(金利決定)に関するお知らせ.pdf
   ✅ 保存: 9005_1530_東急_(訂正・数値データ訂正)「2026年3月期 決算短信〔日本基準〕(連結)」の一部訂正について.pdf
   ✅ 保存: 9005_1530_東急_(訂正)「2026年3月期 決算概況資料」の一部訂正について.pdf
   ✅ 保存: 9005_1530_東急_(訂正)「2026年3月期 決算説明会資料」の一部訂正について.pdf
   ✅ 保存: 9409_1530_テレビ朝日HD_株主提案に対する当社取締役会意見に関するお知らせ.pdf
   ✅ 保存: 9409_1530_テレビ朝日HD_支配株主等に関する事項について.pdf
   ✅ 保存: 9409_1530_テレビ朝日HD_持分法適用関連会社の異動(連結子会社化)に関するお知らせ.pdf
   ✅ 保存: 9434_1530_ソフトバンク_(開示事項の経過)連結子会社(LINE MAN CORPORATION PTE. LTD.)の株式取得に関するタイ関係当局の許認可等の取得状況および今後の見通しに関するお知らせ.pdf
   ✅ 保存: 9856_1530_ケーユーHD_監査等委員である取締役の異動に関するお知らせ.pdf
   ✅ 保存: 9984_1530_ソフトバンクグループ_(開示事項の経過)連結子会社(LINE MAN CORPORATION PTE. LTD.)の株式取得に関するタイ関係当局の許認可等の取得状況および今後の見通しに関するお知らせ.pdf
   ✅ 保存: 6897_1515_ツインバード_役員人事に関するお知らせ.pdf
   ✅ 保存: 9072_1515_ニッコンHD_(訂正)「代表取締役の異動および取締役候補者内定に関するお知らせ」 の一部訂正について.pdf
   ✅ 保存: 1723_1500_日本電技_2026年3月期 決算説明会資料のお知らせ.pdf
   ✅ 保存: 4015_1500_G-ペイクラウドHD_(開示事項の経過)当社連結子会社の本店移転に関するお知らせ.pdf
   ✅ 保存: 6173_1500_G-アクアライン_主要株主である筆頭株主の異動、(変更)「主要株主の異動(予定)及び株式会社SAIASによる株式会社アクアライン株式(証券コード6173)の取得に関するお知らせ」.pdf
   ✅ 保存: 6366_1500_千代化建_コミットメントライン契約の締結及び劣後金銭消費貸借契約の期限前返済に関するお知らせ.pdf
   ✅ 保存: 7297_1500_カーメイト_(訂正)「2026年3月期 決算短信〔日本基準〕(連結)」の一部訂正について.pdf
   ✅ 保存: 9286_1500_I-エネクスインフラ_管理会社における監査役の異動に関するお知らせ.pdf
   ✅ 保存: 9890_1500_マキヤ_(訂正)自己株式に係る取得及び公開買付け、第三者割当による自己株式の処分、神戸物産との資本業務提携、主要株主である筆頭株主・その他の関係会社の異動.pdf
   ✅ 保存: 2300_1400_きょくと_公益財団法人財務会計基準機構への加入状況及び加入に関する考え方等に関するお知らせ.pdf
   ✅ 保存: 6054_1400_リブセンス_従業員に対する譲渡制限付株式報酬としての自己株式の処分の払込完了に関するお知らせ.pdf
   ✅ 保存: 7192_1400_日本モーゲージS_(訂正版2)2026年3月期 決算説明資料.pdf
   ✅ 保存: 9982_1400_タキヒヨー_「当社株券等の大規模買付行為への対応方針(買収への対応方針)」における 独立委員会委員の一部変更に関するお知らせ.pdf
   ✅ 保存: 9982_1400_タキヒヨー_自己株式の消却に関するお知らせ.pdf
   ✅ 保存: 9982_1400_タキヒヨー_固定資産の譲渡に関するお知らせ.pdf
   ✅ 保存: 2469_1330_ヒビノ_2026年3月期決算説明資料.pdf
   ...Page 003 を確認中
   ✅ 保存: 2976_1330_A-Nグランデ_剰余金の配当に関するお知らせ.pdf
   ✅ 保存: 2976_1330_A-Nグランデ_役員等の異動に関するお知らせ.pdf
   ✅ 保存: 6033_1330_G-エクストリーム_取締役候補者および監査役候補者の選任に関するお知らせ.pdf
   ✅ 保存: 6033_1330_G-エクストリーム_剰余金の配当に関するお知らせ.pdf
   ✅ 保存: 6033_1330_G-エクストリーム_定款一部変更に関するお知らせ.pdf
   ✅ 保存: 7273_1330_イクヨ_役員人事に関するお知らせ.pdf
   ✅ 保存: 7273_1330_イクヨ_剰余金の配当に関するお知らせ.pdf
   ✅ 保存: 7273_1330_イクヨ_株主優待制度(ビットコイン提供)に関するお知らせ.pdf
   ✅ 保存: 7273_1330_イクヨ_桜美林大学との産学連携の包括協定締結、および成長ファンド組成に関するお知らせ.pdf
   ✅ 保存: 3548_1300_バロック_剰余金の配当に関するお知らせ.pdf
   ✅ 保存: 3777_1300_G-環境フレンドリー_(開示事項の経過)古里蓄電所の試運転開始のお知らせ.pdf
   ✅ 保存: 8616_1300_東海東京_2026年3月期経営戦略説明会.pdf
   ✅ 保存: 9778_1300_昴_支配株主等に関する事項について.pdf
   ✅ 保存: 9778_1300_昴_投資単位の引下げに関する考え方及び方針等について.pdf
   ✅ 保存: 2892_1230_日食化_剰余金の配当に関するお知らせ.pdf
   ✅ 保存: 3928_1200_マイネット_2026年12月期 第1四半期 決算説明会 エグゼクティブサマリー.pdf
   ✅ 保存: 3928_1200_マイネット_2026年12月期 第1四半期 決算説明会 書き起こし要約.pdf
   ✅ 保存: 7571_1200_ヤマノHD_2026年3月期 決算説明資料.pdf
   ✅ 保存: 8927_1200_明豊エンター_当第3四半期連結累計期間の販売および仕入実績に関するお知らせ.pdf
   ✅ 保存: 1326_1140_E-ワールド_SPDRゴールド・シェアに関する日々の開示事項.pdf
   ✅ 保存: 6993_1130_大黒屋_当社連結子会社の保有有価証券の売却による特別利益(投資有価証券売却益)の計上に関するお知らせ.pdf
   ✅ 保存: 8244_1130_近鉄百貨店_支配株主等に関する事項について.pdf
   ✅ 保存: 6473_1100_ジェイテクト_欧州自動車事業の譲渡に向けた株式等譲渡契約締結に関するお知らせ.pdf
   ✅ 保存: 7524_1100_マルシェ_(訂正)「2026年3月期 決算短信[日本基準](非連結)」の一部訂正について.pdf
   ✅ 保存: 9223_1100_G-ASNOVA_剰余金の配当に関するお知らせ.pdf
   ✅ 保存: 2117_1030_ウェルネオシュガー_中期経営計画「WELLNEO Vision 2027」の一部見直しについて.pdf
   ✅ 保存: 2117_1030_ウェルネオシュガー_2026年3月期決算・中期経営計画説明会 資料.pdf
   ✅ 保存: 3664_1030_G-WIZE_ソラナ(SOL)の取得状況に関するお知らせ.pdf
   ✅ 保存: 6178_1030_日本郵政_自己株式立会外買付取引(ToSTNeT-3)による自己株式の取得結果及び取得終了に関するお知らせ.pdf
   ✅ 保存: 6770_1030_アルプスアルパイン_(訂正)「剰余金の配当に関するお知らせ」の一部訂正について.pdf
   ✅ 保存: 7227_1030_アスカ_非上場の親会社等の決算に関するお知らせ.pdf
   ✅ 保存: 5969_1015_ロブテックス_剰余金の配当(期末配当)に関するお知らせ.pdf
   ✅ 保存: 2670_1000_ABCマート_支配株主等に関する事項について.pdf
   ✅ 保存: 3495_1000_香陵住販_自己株式立会外買付取引(ToSTNeT-3)による自己株式の取得結果及び自己株式の取得終了に関するお知らせ.pdf
   ✅ 保存: 4406_1000_新日本理化_中期経営計画の策定に関するお知らせ.pdf
   ✅ 保存: 5892_1000_G-yutori_取締役の退任に関するお知らせ.pdf
   ✅ 保存: 6482_1000_YUSHIN_自己株式立会外買付取引(ToSTNeT-3)による自己株式の取得結果及び取得終了に関するお知らせ.pdf
   ✅ 保存: 6638_1000_Mimaki_2026年3月期 通期 決算説明会資料.pdf
   ✅ 保存: 1882_0900_東亜道_2026年3月期決算説明会資料.pdf
   ✅ 保存: 4875_0800_メディシノバ_MN-001(タイペルカスト)の2型糖尿病に起因する高中性脂肪血症及び脂肪肝疾患に関するフェーズ2臨床試験の最終患者最終来院完了に関するお知らせ.pdf
   ✅ 保存: 574A_0800_P-LASSIC_東京証券取引所 TOKYO PRO Market 上場のお知らせ.pdf
   ✅ 保存: 574A_0800_P-LASSIC_東京証券取引所 TOKYO PRO Market上場に伴う当社決算情報等のお知らせ.pdf
   ✅ 保存: 574A_0800_P-LASSIC_流動性プロバイダーの指定のお知らせ.pdf
   ✅ 保存: 9249_0800_日本エコシステム_福岡証券取引所本則市場への上場に関するお知らせ.pdf
   ...Page 004 を確認中
   📝 一覧CSV保存: TDnet_Sorted_20260527.csv
   📝 一覧CSV保存（ルート）: TDnet_Sorted_20260527.csv
   📊 日別統計: page_access=4, pdf_success=244, excluded=7

============================================================
✅ ①完了（範囲取得）
   期間: 20260527 ～ 20260527 （mode=day）
   一覧ページアクセス合計: 4
   PDFダウンロード成功合計: 244
   除外件数合計: 7
   保存ルート: G:\マイドライブ\TDnet_Downloads

$ C:\Users\onok\AppData\Local\Python\pythoncore-3.14-64\python.exe -u ②a②bは２つフリーワード検索.py analyze --target 20260527 --save-root G:\マイドライブ\TDnet_Downloads --keywords 価格交渉 増産 価格改定 価格転嫁 値上 想定以上 上方修正 下方修正 想定以下 未達 大幅 計画を上 計画を下 計画以 需要回復 需要の回復 需要が増 需要が低 悪化 グローバルニッチトップ トップシェア シェア拡大 レアアース
ルート: G:\マイドライブ\TDnet_Downloads
対象指定: 20260527 mode= day from= 20260527 to= 20260527
対象フォルダ数: 1
検索キーワード: ['価格交渉', '増産', '価格改定', '価格転嫁', '値上', '想定以上', '上方修正', '下方修正', '想定以下', '未達', '大幅', '計画を上', '計画を下', '計画以', '需要回復', '需要の回復', '需要が増', '需要が低', '悪化', 'グローバルニッチトップ', 'トップシェア', 'シェア拡大', 'レアアース']
総PDF数（推定）: 244
[1/1] 日付フォルダ 20260527 を処理中... (このフォルダ内PDF数: 244)
  進捗: 50/244 件のPDFを解析済み
  進捗: 100/244 件のPDFを解析済み
  進捗: 150/244 件のPDFを解析済み
  進捗: 200/244 件のPDFを解析済み
  進捗: 244/244 件のPDFを解析済み
  → 日付フォルダ 20260527 のヒットPDF数: 40

✅ ②A 完了（解析専用・キーワード別ページ列）
解析PDF数: 244
ヒットPDF数: 40
出力CSV: Analysis_Hits_free_word_20260527.csv
保存先: G:\マイドライブ\TDnet_Downloads

$ C:\Users\onok\AppData\Local\Python\pythoncore-3.14-64\python.exe -u ②a②bは２つフリーワード検索.py distribute --target 20260527 --save-root G:\マイドライブ\TDnet_Downloads --no-stop-on-empty-meta

✅ ②B 完了（配布用CSV作成・キーワード別ページ列）
出力: PDF_Search_Result_Distribution_free_word_20260527_sh.csv
キーワード列: ['価格交渉', '増産', '価格改定', '価格転嫁', '値上', '想定以上', '上方修正', '下方修正', '想定以下', '未達', '大幅', '計画を上', '計画を下', '計画以', '需要回復', '需要の回復', '需要が増', '需要が低', '悪化', 'グローバルニッチトップ', 'トップシェア', 'シェア拡大', 'レアアース']
突合除外件数: 0
空欄アラート件数: 0

============================================
 Done: 2026-05-27 23:04:55
============================================
