============================================
 TDnet auto run: 20260610
 Start: 2026-06-10 23:00:02
============================================

$ C:\Users\onok\AppData\Local\Python\pythoncore-3.14-64\python.exe -u ①_tdnetアクセスしてダウンロードする処理（月日付別フォルダ保存）.py --target 20260610 --save-root G:\マイドライブ\TDnet_Downloads
🎯 対象指定: 20260610（mode=day, from=20260610, to=20260610）
📁 保存ルート: G:\マイドライブ\TDnet_Downloads

============================================================
📅 日付: 20260610 を処理します
   ...Page 001 を確認中
   ✅ 保存: 7050_1925_G-フロンティアI_事業譲受に関するお知らせ.pdf
   ✅ 保存: 3926_1700_オープンドア_ストック・オプション(新株予約権)の発行内容確定に関するお知らせ.pdf
   ✅ 保存: 5016_1700_JX金属_自己株式の消却に関するお知らせ.pdf
   ✅ 保存: 5022_1700_P-レボインター_第27期定時株主総会議案の一部撤回に関するお知らせ及び 関連する適時開示資料の取下げについて.pdf
   ✅ 保存: 5022_1700_P-レボインター_公認会計士等との監査契約解除に関するお知らせ.pdf
   ✅ 保存: 5856_1700_エルアイイーエイチ_上場廃止後の当社株式の取り扱いに関するお知らせ.pdf
   ✅ 保存: 6470_1700_大豊工業_主要株主の異動に関するお知らせ.pdf
   ✅ 保存: 9850_1700_グルメ杵屋_募集新株予約権(有償ストック・オプション)の発行に関するお知らせ.pdf
   ✅ 保存: 6573_1655_G-CRAVIA_(開示事項の経過) 次世代ソリューション「POCA i」国内導入第1弾となる販売店基本契約締結及び導入決定に関するお知らせ.pdf
   ✅ 保存: 6521_1645_G-オキサイド_パフォーマンス・シェア・ユニット(PSU)に基づく新株式発行に関するお知らせ.pdf
   ✅ 保存: 2751_1630_テンポスHD_2026年4月期決算短信〔日本基準〕(連結).pdf
   ✅ 保存: 2751_1630_テンポスHD_2026年4月期 通期 会社説明資料.pdf
   ✅ 保存: 2751_1630_テンポスHD_定款の一部変更のお知らせ.pdf
   ✅ 保存: 3768_1630_リスクモンスター_自己株式の取得状況に関するお知らせ.pdf
   ✅ 保存: 6875_1630_メガチップス_自己株式の取得及び自己株式立会外買付取引(ToSTNeT-3)による 自己株式の買付けに関するお知らせ.pdf
   ✅ 保存: 7815_1630_東京ボード工業_(開示事項の経過)佐倉工場生産再開に関するお知らせ.pdf
   ✅ 保存: 3175_1615_APHD_(開示事項の変更)第三者割当増資による普通株式及び優先株式の発行に係る払込期日並びに資本金等の額の減少の日程の変更について.pdf
   ✅ 保存: 7678_1615_あさくま_2027年1月期 第1四半期決算短信[日本基準](非連結).pdf
   ✅ 保存: 7678_1615_あさくま_自己株式の取得及び自己株式立会外買付取引(ToSTNeT-3)による自己株式の買付けに関するお知らせ.pdf
   ✅ 保存: 1786_1600_オリエンタル白石_(変更)「伊藤忠商事株式会社との資本業務提携契約の締結、第三者割当による新株式の発行、及び主要株主である筆頭株主の異動に関するお知らせ」の一部.pdf
   ✅ 保存: 2736_1600_フェスタリアHD_【フェスタリアHD】国内事業月次売上速報(5月速報).pdf
   ✅ 保存: 3175_1600_APHD_月次営業レポート(2026年5月度).pdf
   ✅ 保存: 3279_1600_R-API_コミットメントライン及び極度借入枠の設定に関するお知らせ.pdf
   ✅ 保存: 3399_1600_山岡家_2027年1月期5月度売上高速報及び概況等について.pdf
   ✅ 保存: 3524_1600_日東網_通期業績予想の修正に関するお知らせ.pdf
   ✅ 保存: 3817_1600_SRAHD_2026年5月 月次売上高速報.pdf
   ✅ 保存: 4166_1600_G-かっこ_株式取得(子会社化)に伴う財務上の特約が付された金銭消費貸借契約の締結について.pdf
   ✅ 保存: 4222_1600_児玉化_自己株式取得に係る事項の決定に関するお知らせ.pdf
   ✅ 保存: 4524_1600_仁丹_「内部統制システム構築の基本方針」の一部改定について.pdf
   ✅ 保存: 4762_1600_XNET_新中期経営計画「Next STEP 2029」策定に関するお知らせ.pdf
   ✅ 保存: 4884_1600_G-クリングル_臨時株主総会招集のための基準日設定に関するお知らせ.pdf
   ✅ 保存: 4884_1600_G-クリングル_ストックオプション(新株予約権)の発行に関するお知らせ.pdf
   ✅ 保存: 5132_1600_G-pluszero_2026年10月期第2四半期決算説明資料.pdf
   ✅ 保存: 5132_1600_G-pluszero_2026年10月期第2四半期(中間期)決算短信〔日本基準〕(非連結).pdf
   ✅ 保存: 5132_1600_G-pluszero_第7回新株予約権(有償ストック・オプション)の取得及び消却に関するお知らせ.pdf
   ✅ 保存: 6072_1600_地盤ネットHD_新規事業に関する検討状況および今後の方針について.pdf
   ✅ 保存: 6824_1600_新コスモス_支配株主等に関する事項について.pdf
   ✅ 保存: 6988_1600_日東電_自己株式取得状況に関するお知らせ.pdf
   ✅ 保存: 7476_1600_アズワン_2026年5月度単体月次業績(速報)のお知らせ.pdf
   ✅ 保存: 7886_1600_ヤマトモビMfg_通期連結業績予想と実績の差異に関するお知らせ.pdf
   ✅ 保存: 7886_1600_ヤマトモビMfg_第71回定時株主総会開催日変更に関するお知らせ.pdf
   ✅ 保存: 7917_1600_ZACROS_(訂正・数値データ訂正)「2026 年3月期 決算短信〔日本基準〕(連結)」の一部訂正について.pdf
   ✅ 保存: 7918_1600_ヴィアHD_2026年5月度 月次速報.pdf
   ✅ 保存: 9632_1600_スバル興_2027年1月期 第1四半期決算短信〔日本基準〕(連結).pdf
   ✅ 保存: 4334_1545_ユークス_2027年1月期第1四半期決算短信〔日本基準〕(連結).pdf
   ✅ 保存: 6103_1540_オークマ_自己株式の取得状況に関するお知らせ.pdf
   ✅ 保存: 141A_1530_G-トライアル_2026年5月度 月次売上高速報(小売).pdf
   ✅ 保存: 198A_1530_G-ポストプライム_第三者割当による新株式及び第7回新株予約権の払込完了に関するお知らせ.pdf
   ✅ 保存: 2294_1530_柿安本店_2026年4月期決算短信〔日本基準〕(連結).pdf
   ✅ 保存: 2294_1530_柿安本店_2027年4月期5月度の売上高についてのお知らせ.pdf
   ✅ 保存: 2683_1530_魚喜_譲渡制限付株式報酬としての自己株式の処分に関するお知らせ.pdf
   ✅ 保存: 274A_1530_ガーデン_2027年2月期5月度 直営店売上速報についてのお知らせ.pdf
   ✅ 保存: 3028_1530_アルペン_期末配当予想の修正(増配)に関するお知らせ.pdf
   ✅ 保存: 3064_1530_MRO_2026年12月期5月度月次業績に関するお知らせ.pdf
   ✅ 保存: 3093_1530_トレファク_譲渡制限付株式報酬としての自己株式の処分に関するお知らせ.pdf
   ✅ 保存: 3178_1530_チムニー_2026年5月度 月次売上・出店状況について.pdf
   ✅ 保存: 3199_1530_綿半ホールディングス_2027年3月期 月次動向(5月度).pdf
   ✅ 保存: 3204_1530_トーア紡_自己株式の取得状況に関するお知らせ.pdf
   ✅ 保存: 3290_1530_R-Oneリート_資産運用会社の取締役の退任に関するお知らせ.pdf
   ✅ 保存: 3395_1530_サンマルクHD_連結子会社からの配当金受領に関するお知らせ.pdf
   ✅ 保存: 3542_1530_G-VEGA_2026年5月の月次業績に関するお知らせ.pdf
   ✅ 保存: 3556_1530_G-リネットジャパン_自社株価予約取引の期間延長に関するお知らせ.pdf
   ✅ 保存: 3652_1530_G-DMP_上席執行役員制度の導入、組織変更および人事異動に関するお知らせ.pdf
   ✅ 保存: 3758_1530_アエリア_自己株式取得に係る事項の決定に関するお知らせ.pdf
   ✅ 保存: 4014_1530_G-カラダノート_2026年7月期第3四半期決算説明資料.pdf
   ✅ 保存: 4014_1530_G-カラダノート_2026年7月期 第3四半期決算短信〔日本基準〕(非連結).pdf
   ✅ 保存: 4014_1530_G-カラダノート_株主優待制度の再開に関するお知らせ.pdf
   ✅ 保存: 4014_1530_G-カラダノート_資金の借入に関するお知らせ.pdf
   ✅ 保存: 4040_1530_南海化学_2026年3月期 決算説明資料.pdf
   ✅ 保存: 4463_1530_日華化学_代表取締役の異動(辞任)及び化粧品部門長交代に関するお知らせ.pdf
   ✅ 保存: 4496_1530_G-コマースワン_自己株式の取得結果及び取得終了に関するお知らせ.pdf
   ✅ 保存: 4556_1530_カイノス_当社株式の上場廃止のお知らせ.pdf
   ✅ 保存: 4565_1530_ネクセラファーマ_世界の大手製薬企業、クラウド・AIインフラを提供する大手テクノロジー企業と並びOpenFold AI Research Consortiumへの参画を公表.pdf
   ✅ 保存: 4599_1530_G-ステムリム_2026年7月期 第3四半期決算短信〔日本基準〕(非連結).pdf
   ✅ 保存: 4880_1530_セルソース_営業外費用の計上に関するお知らせ.pdf
   ✅ 保存: 4880_1530_セルソース_2026年10月期第2四半期(中間期)決算短信〔日本基準〕(連結).pdf
   ✅ 保存: 4880_1530_セルソース_2026年10月期第2四半期決算説明資料.pdf
   ✅ 保存: 5031_1530_G-モイ_2027年1月期 第1四半期決算短信〔日本基準〕(非連結).pdf
   ✅ 保存: 5031_1530_G-モイ_2027年1月期 第1四半期決算説明資料.pdf
   ✅ 保存: 5032_1530_ANYCOLOR_2026年4月期 決算短信〔日本基準〕(非連結).pdf
   ✅ 保存: 5032_1530_ANYCOLOR_2026年4月期 通期決算説明資料.pdf
   ✅ 保存: 5644_1530_メタルアート_(訂正)Gerbera holdings株式会社による公開買付届出書の訂正届出書の提出に伴う公開買付開始公告の訂正に関するお知らせ.pdf
   ✅ 保存: 5976_1530_ネツレン_自己株式の取得状況に関するお知らせ(会社法第165条第2項の規定による定款の定めに基づく自己株式の取得).pdf
   ✅ 保存: 7046_1530_G-TDSE_当社決算説明会における質疑応答の公開について.pdf
   ✅ 保存: 7049_1530_G-識学_財務上の特約が付された金銭消費貸借契約の締結に関するお知らせ.pdf
   ✅ 保存: 7064_1530_ハウテレビジョン_2027年1月期 第1四半期決算短信〔日本基準〕(連結).pdf
   ✅ 保存: 7064_1530_ハウテレビジョン_2027年1月期 第1四半期 決算説明資料.pdf
   ✅ 保存: 7064_1530_ハウテレビジョン_固定資産の取得及び使用権資産の計上に関するお知らせ.pdf
   ✅ 保存: 7389_1530_あいちFG_退職給付信託返還益(特別利益)の計上見込みに関するお知らせ.pdf
   ✅ 保存: 7532_1530_パンパシフィックHD_月次販売高状況のお知らせ.pdf
   ✅ 保存: 7682_1530_浜木綿_2026年7月期第3四半期決算短信〔日本基準〕(非連結).pdf
   ...Page 002 を確認中
   ✅ 保存: 7878_1530_光・彩_2027年1月期業績予想の修正に関するお知らせ.pdf
   ✅ 保存: 8267_1530_イオン_イオン(株)5月度連結営業概況.pdf
   ✅ 保存: 8331_1530_千葉銀_自己株式の取得状況に関するお知らせ.pdf
   ✅ 保存: 8929_1530_青山財産_譲渡制限付株式報酬としての自己株式の処分の払込完了に関するお知らせ.pdf
   ✅ 保存: 8975_1530_R-いちごオフィス_資産の譲渡のお知らせ (いちご半蔵門ビル、いちご西池袋ビル、いちご九段ビル、いちご人形町ビル).pdf
   ✅ 保存: 8975_1530_R-いちごオフィス_2026年10月期の運用状況および分配予想の上方修正のお知らせ.pdf
   ✅ 保存: 9166_1530_G-GENDA_2027年1月期 第1四半期決算短信〔日本基準〕(連結).pdf
   ✅ 保存: 9166_1530_G-GENDA_数値データ集(Data Book)の新規開示に関するお知らせ.pdf
   ✅ 保存: 9307_1530_杉村倉庫_自己株式の取得状況及び取得終了に関するお知らせ.pdf
   ✅ 保存: 9927_1530_ワットマン_2027年3月期5月度 月次売上状況(単体)のお知らせ.pdf
   ✅ 保存: 2003_1500_日東富士_支配株主等に関する事項について.pdf
   ✅ 保存: 2910_1500_ロックフィルド_2026年4月期通期業績予想と実績値の差異に関するお知らせ.pdf
   ✅ 保存: 2910_1500_ロックフィルド_2026年4月期 決算短信〔日本基準〕(連結).pdf
   ✅ 保存: 2910_1500_ロックフィルド_2026年4月期 決算説明資料.pdf
   ✅ 保存: 4894_1500_G-クオリプス_2026年3月期 決算説明資料.pdf
   ✅ 保存: 5184_1500_ニチリン_親会社等の決算内容のお知らせ.pdf
   ✅ 保存: 5482_1500_愛知鋼_支配株主等に関する事項について.pdf
   ✅ 保存: 6194_1500_アトラエ_2026年9月期通期業績予想の修正に関するお知らせ.pdf
   ✅ 保存: 6194_1500_アトラエ_2026年9月期配当予想の修正(増配)に関するお知らせ.pdf
   ✅ 保存: 6577_1500_G-ベストワンドット_2026年7月期第3四半期決算説明資料.pdf
   ✅ 保存: 8101_1500_GSIクレオス_2026年3月期 決算説明会.pdf
   ✅ 保存: 8747_1500_豊トラスティ証券_連結総資産の減少に関するお知らせ.pdf
   ✅ 保存: 8864_1500_空港施設_譲渡制限付株式報酬としての自己株式の処分の払込完了に関するお知らせ.pdf
   ✅ 保存: 9890_1500_マキヤ_2027年3月期 月次売上速報(5月度)のお知らせ.pdf
   ✅ 保存: 7435_1450_ナ・デックス_(開示事項の経過報告)2026年4月期 決算発表の延期に関するお知らせ.pdf
   ✅ 保存: 4026_1430_神島化学工業_2026年4月期 決算短信〔日本基準〕(非連結).pdf
   ✅ 保存: 2163_1400_アルトナー_2027年1月期 第1四半期決算短信〔日本基準〕(連結).pdf
   ✅ 保存: 2163_1400_アルトナー_2027年1月期 第1四半期決算短信補足説明資料.pdf
   ✅ 保存: 2903_1400_シノブフーズ_自己株式の取得状況に関するお知らせ.pdf
   ✅ 保存: 4193_1400_ファブリカHD_2027年3月期 月次売上高推移のお知らせ.pdf
   ✅ 保存: 2929_1330_ファーマフーズ_2026年7月期 第3四半期決算短信〔日本基準〕(連結).pdf
   ✅ 保存: 2929_1330_ファーマフーズ_2026年7月期 第3四半期 決算補足説明資料.pdf
   ✅ 保存: 587A_1330_E-インベスコQQQ_インベスコQQQトラスト シリーズ1に関する日々の開示事項.pdf
   ✅ 保存: 6577_1330_G-ベストワンドット_2026年7月期 第3四半期決算短信〔日本基準〕(連結).pdf
   ✅ 保存: 6577_1330_G-ベストワンドット_業績予想の修正に関するお知らせ.pdf
   ✅ 保存: 6577_1330_G-ベストワンドット_期末配当予想の修正(増配)に関するお知らせ.pdf
   ✅ 保存: 9027_1330_ロジネットJ_譲渡制限付株式報酬としての自己株式の処分の払込完了に関するお知らせ.pdf
   ✅ 保存: 9433_1330_KDDI_自己株式の公開買付けの結果に関するお知らせ.pdf
   ✅ 保存: 4441_1300_トビラシステムズ_2026年10月期第2四半期 決算説明動画と書き起こし公開のお知らせ.pdf
   ✅ 保存: 5711_1300_三菱マ_(訂正)「2026 年3 月期 決算補足説明資料」の一部訂正について.pdf
   ✅ 保存: 7170_1300_P-中央グループ_東京証券取引所 TOKYO PRO Marketへの上場目的の開示.pdf
   ✅ 保存: 9388_1300_Q-パパネッツ_譲渡制限付株式報酬としての自己株式の処分の払込完了に関するお知らせ.pdf
   ✅ 保存: 9644_1300_タナベコンサルG_自己株式取得に係る事項の決定に関するお知らせ.pdf
   ✅ 保存: 9956_1300_バローHD_2027年3月期 5月度月次営業情報に関するお知らせ.pdf
   ✅ 保存: 6625_1245_JALCO HD_当社子会社における私募リート関連準備の停止並びに当社子会社の代表取締役および役員の異動に関するお知らせ.pdf
   ✅ 保存: 6785_1230_鈴木_人事異動に関するお知らせ.pdf
   ✅ 保存: 6785_1230_鈴木_従業員持株会向け譲渡制限付株式インセンティブ制度の導入に関するお知らせ.pdf
   ✅ 保存: 9435_1230_光通信_自己株式の取得結果及び取得終了に関するお知らせ.pdf
   ✅ 保存: 3271_1200_グロバル社_株式併合並びに単元株式数の定めの廃止及び定款の一部変更に関する臨時株主総会開催のお知らせ.pdf
   ✅ 保存: 3271_1200_グロバル社_自己株式の消却に関するお知らせ.pdf
   ✅ 保存: 4441_1200_トビラシステムズ_2026年10月期 第2四半期(中間期)決算短信〔日本基準〕(非連結).pdf
   ✅ 保存: 4441_1200_トビラシステムズ_2026年10月期第2四半期 決算説明資料.pdf
   ✅ 保存: 9245_1200_G-リベロ_2026年5月度 月次売上高(速報)および主要KPIに関するお知らせ.pdf
   ✅ 保存: 1326_1150_E-ワールド_SPDRゴールド・シェアに関する日々の開示事項.pdf
   ✅ 保存: 3317_1130_フライングG_2026年3月期決算説明会 主な質疑応答(要旨).pdf
   ✅ 保存: 485A_1130_G-パワーエックス_IRに関するよくあるご質問とご回答.pdf
   ✅ 保存: 7812_1130_クレステック_通期連結業績予想及び配当予想の修正に関するお知らせ.pdf
   ✅ 保存: 9984_1130_ソフトバンクグループ_2021年発行米ドル建普通社債の期限前償還完了のお知らせ.pdf
   ✅ 保存: 7936_1040_アシックス_連結子会社との会社分割(簡易吸収分割)及び子会社の再編方針決定に関するお知らせ.pdf
   ✅ 保存: 2183_1030_リニカル_2026年3月期 決算説明会資料.pdf
   ✅ 保存: 2674_1000_ハードオフ_2027年3月期 5月度店舗売上高および出店状況についてのお知らせ.pdf
   ✅ 保存: 3032_1000_ゴルフ・ドゥ_2026年5月度 ゴルフドゥ!店舗売上高前年対比に関するお知らせ.pdf
   ✅ 保存: 7059_0930_コプロHD_2026年3月期通期 アナリスト・個人投資家合同決算説明会 質疑応答要旨.pdf
   ✅ 保存: 7936_0905_アシックス_当社に関する一部報道について.pdf
   ✅ 保存: 8410_0900_セブン銀行_2026年5月 月次データ(単体).pdf
   ✅ 保存: 2334_0830_G-イオレ_(訂正・数値データ訂正)「2026 年3月期 決算短信〔日本基準〕(連結)」の一部訂正について.pdf
   ✅ 保存: 2334_0830_G-イオレ_(訂正)「2026年3月期通期 決算補足説明資料」ならびに「2027年3月期以降の事業計画及び成長可能性に関する事項」の一部訂正について.pdf
   ✅ 保存: 433A_0830_P-MJE_TOKYO PRO Market への上場目的の開示.pdf
   ✅ 保存: 9271_0830_G-和心_主要株主の異動、新株予約権の行使に関するお知らせ.pdf
   ...Page 003 を確認中
   📝 一覧CSV保存: TDnet_Sorted_20260610.csv
   📝 一覧CSV保存（ルート）: TDnet_Sorted_20260610.csv
   📊 日別統計: page_access=3, pdf_success=160, excluded=20

============================================================
✅ ①完了（範囲取得）
   期間: 20260610 ～ 20260610 （mode=day）
   一覧ページアクセス合計: 3
   PDFダウンロード成功合計: 160
   除外件数合計: 20
   保存ルート: G:\マイドライブ\TDnet_Downloads

$ C:\Users\onok\AppData\Local\Python\pythoncore-3.14-64\python.exe -u ②a②bは２つフリーワード検索.py analyze --target 20260610 --save-root G:\マイドライブ\TDnet_Downloads --keywords 価格交渉 増産 価格改定 価格転嫁 値上 想定以上 上方修正 下方修正 想定以下 未達 大幅 計画を上 計画を下 計画以 需要回復 需要の回復 需要が増 需要が低 悪化 グローバルニッチトップ トップシェア シェア拡大 レアアース
ルート: G:\マイドライブ\TDnet_Downloads
対象指定: 20260610 mode= day from= 20260610 to= 20260610
対象フォルダ数: 1
検索キーワード: ['価格交渉', '増産', '価格改定', '価格転嫁', '値上', '想定以上', '上方修正', '下方修正', '想定以下', '未達', '大幅', '計画を上', '計画を下', '計画以', '需要回復', '需要の回復', '需要が増', '需要が低', '悪化', 'グローバルニッチトップ', 'トップシェア', 'シェア拡大', 'レアアース']
総PDF数（推定）: 160
[1/1] 日付フォルダ 20260610 を処理中... (このフォルダ内PDF数: 160)
  進捗: 50/160 件のPDFを解析済み
  進捗: 100/160 件のPDFを解析済み
  進捗: 150/160 件のPDFを解析済み
  進捗: 160/160 件のPDFを解析済み
  → 日付フォルダ 20260610 のヒットPDF数: 32

✅ ②A 完了（解析専用・キーワード別ページ列）
解析PDF数: 160
ヒットPDF数: 32
出力CSV: Analysis_Hits_free_word_20260610.csv
保存先: G:\マイドライブ\TDnet_Downloads

$ C:\Users\onok\AppData\Local\Python\pythoncore-3.14-64\python.exe -u ②a②bは２つフリーワード検索.py distribute --target 20260610 --save-root G:\マイドライブ\TDnet_Downloads --no-stop-on-empty-meta

✅ ②B 完了（配布用CSV作成・キーワード別ページ列）
出力: PDF_Search_Result_Distribution_free_word_20260610_sh.csv
キーワード列: ['価格交渉', '増産', '価格改定', '価格転嫁', '値上', '想定以上', '上方修正', '下方修正', '想定以下', '未達', '大幅', '計画を上', '計画を下', '計画以', '需要回復', '需要の回復', '需要が増', '需要が低', '悪化', 'グローバルニッチトップ', 'トップシェア', 'シェア拡大', 'レアアース']
突合除外件数: 0
空欄アラート件数: 0

============================================
 Done: 2026-06-10 23:03:27
============================================
