============================================
 TDnet auto run: 20260522
 Start: 2026-05-22 23:00:01
============================================

$ C:\Users\onok\AppData\Local\Python\pythoncore-3.14-64\python.exe -u ①_tdnetアクセスしてダウンロードする処理（月日付別フォルダ保存）.py --target 20260522 --save-root G:\マイドライブ\TDnet_Downloads
🎯 対象指定: 20260522（mode=day, from=20260522, to=20260522）
📁 保存ルート: G:\マイドライブ\TDnet_Downloads

============================================================
📅 日付: 20260522 を処理します
   ...Page 001 を確認中
   ✅ 保存: 7791_1900_ドリームベッド_(訂正)2026年3月期決算[日本基準](非連結)及び中期経営計画「Creating Value for Dreams」に関するお知らせ.pdf
   ✅ 保存: 6535_1833_アイモバイル_総務省からのふるさと納税制度の持続的発展に向けた要請に関する当社見解.pdf
   ✅ 保存: 9449_1831_GMO_連結子会社株式の売却株式数及び個別業績における特別利益の計上額の確定に関するお知らせ.pdf
   ✅ 保存: 3917_1830_G-アイリッジ_取締役候補者の選任に関するお知らせ.pdf
   ✅ 保存: 9946_1815_ミニストップ_第20回新株予約権(株式報酬型ストックオプション)の発行について.pdf
   ✅ 保存: 1301_1730_極洋_2026年3月期決算IR説明会資料.pdf
   ✅ 保存: 2217_1730_モロゾフ_譲渡制限付株式報酬としての自己株式の処分の払込完了に関するお知らせ.pdf
   ✅ 保存: 2752_1730_フジオフードG本社_譲渡制限付株式報酬としての新株式発行の払込完了に関するお知らせ.pdf
   ✅ 保存: 7578_1730_ニチリョク_(訂正・数値データ訂正)「2025年3月期 第1四半期決算短信〔日本基準〕(非連結)」の一部訂正のお知らせ.pdf
   ✅ 保存: 7578_1730_ニチリョク_(訂正・数値データ訂正)「2025年3月期 第3四半期決算短信〔日本基準〕(非連結)」の一部訂正 のお知らせ.pdf
   ✅ 保存: 7578_1730_ニチリョク_(訂正・数値データ訂正)「2025年3月期 決算短信〔日本基準〕(非連結)」の一部訂正のお知らせ.pdf
   ✅ 保存: 7578_1730_ニチリョク_(訂正・数値データ訂正)「2026年3月期 第1四半期決算短信〔日本基準〕(非連結)」の一部訂正 のお知らせ.pdf
   ✅ 保存: 7578_1730_ニチリョク_(訂正・数値データ訂正)「2026年3月期 第2四半期(中間期)決算短信〔日本基準〕(非連結)」 の一部訂正のお知らせ.pdf
   ✅ 保存: 7578_1730_ニチリョク_(訂正・数値データ訂正)「2026年3月期 第3四半期決算短信〔日本基準〕(非連結)」の一部訂正 のお知らせ.pdf
   ✅ 保存: 9439_1730_MHグループ_第三者割当による新株式発行及び第2回新株予約権の発行並びに主要株主及びその他の関係会社の異動(見込み)に関するお知らせ.pdf
   ✅ 保存: 9439_1730_MHグループ_臨時株主総会の開催日及び付議議案の決定に関するお知らせ.pdf
   ✅ 保存: 9439_1730_MHグループ_役員人事に関するお知らせ.pdf
   ✅ 保存: 9439_1730_MHグループ_第三者割当による新株式発行及び第2回新株予約権の発行並びに主要株主及びその他の関連会社の異動(見込み)に関するお知らせの補足説明資料.pdf
   ✅ 保存: 3306_1725_日製麻_取締役(監査等委員である取締役を除く。)および監査等委員である取締役に対する譲渡制限付株式報酬制度の導入に関するお知らせ.pdf
   ✅ 保存: 4088_1720_エア・ウォーター_経営体制の見直しに伴う取締役・監査役の異動、および執行役員の異動、ならびに組織変更に関するお知らせ.pdf
   ✅ 保存: 2667_1715_イメージワン_共同出資による「AI Data Partners株式会社」の設立に関するお知らせ.pdf
   ✅ 保存: 4390_1715_ips_役員人事に関するお知らせ.pdf
   ✅ 保存: 7063_1715_G-Birdman_共同出資による「AI Data Partners株式会社」の設立に関するお知らせ.pdf
   ✅ 保存: 8783_1715_abc_共同出資による「AI Data Partners 株式会社」の設立に関するお知らせ.pdf
   ✅ 保存: 9425_1715_ReYuuJapan_共同出資による「AI Data Partners株式会社」の設立に関するお知らせ.pdf
   ✅ 保存: 3306_1710_日製麻_監査等委員である取締役以外の取締役、監査等委員である取締役および補欠の監査等委員である取締役候補者の選任に関するお知らせ.pdf
   ✅ 保存: 1447_1700_G-SAAFHD_(開示事項の経過)当社取締役による地位確認仮処分の申立ておよび当社による地位確認仮処分の申立ての取下げに関するお知らせ.pdf
   ✅ 保存: 2154_1700_オープンアップG_2026年4月度 国内技術社員在籍数・稼働率の月次開示に関するお知らせ.pdf
   ✅ 保存: 263A_1700_P-デジタルキューブ_第三者割当による募集株式発行に関するお知らせ.pdf
   ✅ 保存: 2700_1700_木徳神糧_譲渡制限付株式報酬としての自己株式の処分の払込完了に関するお知らせ.pdf
   ✅ 保存: 2768_1700_双日_株式会社ジャパンインベストメントアドバイザー(証券コード 7172)株式の買集め行為に該当する株式取得についてのお知らせ.pdf
   ✅ 保存: 3137_1700_ファンデリー_役員人事に関するお知らせ.pdf
   ✅ 保存: 4078_1700_堺化学_2026年3月期本決算説明会スライド.pdf
   ✅ 保存: 5391_1700_A&Aマテリアル_自己株式を活用した第三者割当による第1回新株予約権及び第2回新株予約権(固定行使価額型)の発行に関するお知らせ.pdf
   ✅ 保存: 5391_1700_A&Aマテリアル_自己株式の消却に関するお知らせ.pdf
   ✅ 保存: 5391_1700_A&Aマテリアル_剰余金の配当に関するお知らせ.pdf
   ✅ 保存: 7087_1700_ウイルテック_新任取締役候補者の決定に関するお知らせ.pdf
   ✅ 保存: 7172_1700_JIA_双日株式会社との資本業務提携、第三者割当による自己株式処分及び新株式発行、株式の売出し他に関するお知らせ.pdf
   ✅ 保存: 7270_1700_SUBARU_(訂正)「自己株式取得に係る事項の決定及び自己株式の消却に関するお知らせ」の一部訂正について.pdf
   ✅ 保存: 7990_1700_グローブライド_2026年3月期 決算および中期経営計画説明資料.pdf
   ✅ 保存: 8715_1700_アニコム HD_2026年4月度 月次経営パラメータに関するお知らせ.pdf
   ✅ 保存: 9790_1700_福井コンピ_(変更)「当社と株式会社ダイテックホールディングの合併契約及び統合契約の締結並びに商号変更及び定款の一部変更に関するお知らせ」の一部変更について.pdf
   ✅ 保存: 9790_1700_福井コンピ_(変更)「合併に伴う代表取締役の異動(追加選任)に関するお知らせ」の一部変更について.pdf
   ✅ 保存: 2998_1645_G-クリアル_自己株式立会外買付取引(ToSTNeT-3)による自己株式の買付けに関するお知らせ.pdf
   ✅ 保存: 4506_1640_住友ファーマ_第三者割当増資の結果(不実施)に関するお知らせ.pdf
   ✅ 保存: 2183_1630_リニカル_2026年3月期決算補足説明資料(受注残高情報の更新).pdf
   ✅ 保存: 3079_1630_DVx_代表取締役の異動(追加選定)および役員人事に関するお知らせ.pdf
   ✅ 保存: 3320_1630_クロスプラス_株式会社シャルズの株式取得(子会社化)に関するお知らせ.pdf
   ✅ 保存: 3320_1630_クロスプラス_譲渡制限付株式報酬としての自己株式の処分に関するお知らせ.pdf
   ✅ 保存: 418A_1630_ウリドキ_株式の立会外分売の今後の実施予定に関するお知らせ.pdf
   ✅ 保存: 4635_1630_東インキ_(訂正・数値データ)「2026年3月期 決算短信〔日本基準〕(連結)」.pdf
   ✅ 保存: 4635_1630_東インキ_(訂正)「2027年3月期業績予想・2026年3月期決算概況および資本コストや株価を意識した経営の実現に向けた対応(2026年5月アップデート版)」.pdf
   ✅ 保存: 5970_1630_ジーテクト_剰余金の配当に関するお知らせ.pdf
   ✅ 保存: 5970_1630_ジーテクト_支配株主等に関する事項について.pdf
   ✅ 保存: 6173_1630_G-アクアライン_上場廃止後の当社株式の取り扱いに関するお知らせ.pdf
   ✅ 保存: 6721_1630_ウインテスト_支配株主(親会社)等に関する事項について.pdf
   ✅ 保存: 8707_1630_岩井コスモ_役員人事に関するお知らせ.pdf
   ✅ 保存: 8707_1630_岩井コスモ_剰余金の配当に関するお知らせ.pdf
   ✅ 保存: 9799_1630_旭情報_機関投資家・アナリスト向け決算説明会資料の公開に関するお知らせ.pdf
   ✅ 保存: 5384_1620_FUJIMI_当社取締役会の実効性に関する自己評価結果の概要について.pdf
   ✅ 保存: 9867_1610_ソレキア_役員の異動に関するお知らせ.pdf
   ✅ 保存: 1418_1600_インターライフ_支配株主等に関する事項について.pdf
   ✅ 保存: 1720_1600_東急建設_定款一部変更に関するお知らせ.pdf
   ✅ 保存: 1848_1600_富士ピー・エス_剰余金の配当に関するお知らせ.pdf
   ✅ 保存: 2162_1600_nms HD_連結子会社における構造改革の実施及び特別損失の計上に関するお知らせ.pdf
   ✅ 保存: 2338_1600_クオンタムS_持分法適用関連会社の完全子会社化に関するお知らせ.pdf
   ✅ 保存: 2338_1600_クオンタムS_AIインフラストラクチャ(AIDC)事業推進に関するお知らせ.pdf
   ✅ 保存: 268A_1600_リガク_株式の売出し及び主要株主の異動に関するお知らせ.pdf
   ✅ 保存: 3055_1600_ほくたけ_定款の一部変更に関するお知らせ.pdf
   ✅ 保存: 3222_1600_U.S.M.H_重要人事異動に関するお知らせ.pdf
   ✅ 保存: 3222_1600_U.S.M.H_支配株主等に関する事項について.pdf
   ✅ 保存: 3222_1600_U.S.M.H_譲渡制限付株式報酬としての自己株式の処分に関するお知らせ.pdf
   ✅ 保存: 3222_1600_U.S.M.H_株式報酬型ストックオプション(新株予約権)の発行(割当)について.pdf
   ✅ 保存: 3571_1600_ソトー_(訂正)「2026 年3月期業績予想と実績値との差異に関するお知らせ」 の一部訂正について.pdf
   ✅ 保存: 3571_1600_ソトー_(訂正・数値データ訂正) 「2026 年3月期 決算短信〔日本基準〕(連結)」の一部訂正に関するお知らせ.pdf
   ✅ 保存: 3571_1600_ソトー_特別利益(補助金収入)の計上に関するお知らせ.pdf
   ✅ 保存: 3676_1600_デジハHD_譲渡制限付株式報酬制度の継続に関するお知らせ.pdf
   ✅ 保存: 3676_1600_デジハHD_定款一部変更に関するお知らせ.pdf
   ✅ 保存: 3676_1600_デジハHD_監査等委員会設置会社への移行及び役員人事に関するお知らせ.pdf
   ✅ 保存: 3750_1600_ADR120S_定款の一部変更に関するお知らせ.pdf
   ✅ 保存: 4493_1600_G-サイバーセキュリ_自己株式取得に係る事項の決定に関するお知らせ.pdf
   ✅ 保存: 456A_1600_G-ヒューマンメイド_譲渡制限付株式報酬としての新株式の発行に関するお知らせ.pdf
   ✅ 保存: 4691_1600_ワシントンホテル_代表取締役の異動(退任)及び役員候補者選任に関するお知らせ.pdf
   ✅ 保存: 4714_1600_リソー教育G_執行役員の異動に関するお知らせ.pdf
   ✅ 保存: 4920_1600_日本色材_上場維持基準への適合に向けた計画(改善期間入り)について.pdf
   ✅ 保存: 5131_1600_G-リンカーズ_2026年7月期通期業績予想の修正に関するお知らせ.pdf
   ✅ 保存: 5189_1600_桜ゴム_剰余金の配当に関するお知らせ.pdf
   ✅ 保存: 5189_1600_桜ゴム_役員の異動に関するお知らせ.pdf
   ✅ 保存: 5284_1600_ヤマウHD_剰余金の配当に関するお知らせ.pdf
   ✅ 保存: 567A_1600_P-ディープラス_無担保社債(ESG私募債)の発行及び資金の借入に関するお知らせ.pdf
   ✅ 保存: 6047_1600_Gunosy_東京証券取引所スタンダード市場への市場区分変更承認およびプライム市場上場維持基準への適合に向けた計画の取り下げに関するお知らせ.pdf
   ✅ 保存: 6157_1600_日進工具_剰余金の配当に関するお知らせ.pdf
   ✅ 保存: 6240_1600_ヤマシンフィルタ_2026年3月期決算説明資料.pdf
   ✅ 保存: 6334_1600_明治機_剰余金の配当に関するお知らせ.pdf
   ✅ 保存: 6334_1600_明治機_役員の異動に関するお知らせ.pdf
   ✅ 保存: 6506_1600_安川電_新長期経営計画「2035年ビジョン」および新中期経営計画「Dash 35」の策定について.pdf
   ✅ 保存: 6555_1600_MSコンサル_代表取締役の異動及び役員人事に関するお知らせ.pdf
   ✅ 保存: 6800_1600_ヨコオ_(訂正・数値データ訂正) 「2026年3月期 決算短信〔日本基準〕(連結)」の一部訂正に関するお知らせ.pdf
   ✅ 保存: 6800_1600_ヨコオ_(訂正)適時開示書類「剰余金の配当(期末配当)に関するお知らせ」 の一部訂正について.pdf
   ✅ 保存: 6837_1600_京写_役員の異動に関するお知らせ.pdf
   ...Page 002 を確認中
   ✅ 保存: 6837_1600_京写_「長期ビジョン2036」および「中期経営計画2029」に関するお知らせ.pdf
   ✅ 保存: 6908_1600_イリソ電子工業_取締役候補者の選任に関するお知らせ.pdf
   ✅ 保存: 6908_1600_イリソ電子工業_剰余金の配当に関するお知らせ.pdf
   ✅ 保存: 6908_1600_イリソ電子工業_第60回定時株主総会の継続会の開催方針に関するお知らせ.pdf
   ✅ 保存: 6926_1600_OKAYA_役員の異動に関するお知らせ.pdf
   ✅ 保存: 6964_1600_サンコー_取締役の選任に関するお知らせ.pdf
   ✅ 保存: 7057_1600_エヌ・シー・エヌ_剰余金の配当に関するお知らせ.pdf
   ✅ 保存: 7057_1600_エヌ・シー・エヌ_株式会社エヌ・シー・エヌ(証券コード 7057)に対する公開買付けに準ずる行為として政令で定める買集め行為に関するお知らせ.pdf
   ✅ 保存: 7425_1600_初穂商事_譲渡制限付株式報酬としての自己株式の処分の払込完了に関するお知らせ.pdf
   ✅ 保存: 7460_1600_ヤギ_(訂正・数値データ訂正)「2026年3月期 決算短信〔日本基準〕(連結)」及び「2026年3月期決算補足説明資料」の一部訂正について.pdf
   ✅ 保存: 7460_1600_ヤギ_剰余金の配当(期末配当)に関するお知らせ.pdf
   ✅ 保存: 7946_1600_光陽社_剰余金の配当に関するお知らせ.pdf
   ✅ 保存: 8029_1600_ルックHD_譲渡制限付株式報酬としての新株式の発行の払込完了に関するお知らせ.pdf
   ✅ 保存: 8076_1600_カノークス_定款一部変更に関するお知らせ.pdf
   ✅ 保存: 8076_1600_カノークス_剰余金の配当に関するお知らせ.pdf
   ✅ 保存: 8793_1600_NECキャピ_当社初の個人投資家向け社債発行条件決定のお知らせ.pdf
   ✅ 保存: 8793_1600_NECキャピ_第32回及び第33回無担保社債発行のお知らせ.pdf
   ✅ 保存: 8984_1600_R-ハウスリート_資金の借入れ及び借入金の返済に関するお知らせ.pdf
   ✅ 保存: 9211_1600_G-エフ・コード_財務上の特約が付された金銭消費貸借契約の締結に関するお知らせ.pdf
   ✅ 保存: 9366_1600_サンリツ_取締役候補者の選任に関するお知らせ.pdf
   ✅ 保存: 9385_1600_ショーエイコーポ_定款一部変更に関するお知らせ.pdf
   ✅ 保存: 9385_1600_ショーエイコーポ_剰余金の配当に関するお知らせ.pdf
   ✅ 保存: 9385_1600_ショーエイコーポ_役員の異動に関するお知らせ.pdf
   ✅ 保存: 9513_1600_Jパワー_(開示事項の経過)株主提案に対する当社取締役会意見に関するお知らせ.pdf
   ✅ 保存: 9692_1600_シーイーシー_2027年1月期第2四半期(中間期)の連結業績予想の修正(上方修正)および中間配当予想の修正(増配)に関するお知らせ.pdf
   ✅ 保存: 2175_1550_SMS_「企業価値最大化に向けたロードマップ」に関する補足説明.pdf
   ✅ 保存: 2819_1545_エバラ食品工業_剰余金の配当に関するお知らせ.pdf
   ✅ 保存: 3733_1545_ソフトウェアS_2026年10月期 4月度月次売上高等に関するお知らせ.pdf
   ✅ 保存: 9220_1545_エフビー介護サービス_2026年3月期 決算補足資料.pdf
   ✅ 保存: 2440_1540_ぐるなび_定款の一部変更に関するお知らせ.pdf
   ✅ 保存: 250A_1540_シマダヤ_剰余金の配当(期末配当)に関するお知らせ.pdf
   ✅ 保存: 7709_1540_クボテック_2026年3月期計算書類等及び連結計算書類に係る監査意見不表明に関するお知らせ.pdf
   ✅ 保存: 7709_1540_クボテック_(訂正・数値データ訂正)「2026年3月期決算短信[日本基準](連結)」の一部訂正について.pdf
   ✅ 保存: 9878_1540_セキド_(訂正・数値データ訂正)「2026年3月期 決算短信〔日本基準〕(非連結)」の一部訂正及び特別損失の計上について.pdf
   ✅ 保存: 2993_1531_長栄_当社取締役に対する譲渡制限付株式報酬制度の改定に関するお知らせ.pdf
   ✅ 保存: 3932_1531_アカツキ_剰余金の配当に関するお知らせ.pdf
   ✅ 保存: 3932_1531_アカツキ_取締役に対するストック・オプションとしての報酬等の額及び内容に関するお知らせ.pdf
   ✅ 保存: 1429_1530_日本アクア_(訂正)「2026年12月期 第1四半期 決算説明会資料」における 市場環境に関する情報の一部訂正について.pdf
   ✅ 保存: 143A_1530_G-イシン_連結子会社の吸収合併(略式合併)に関するお知らせ.pdf
   ✅ 保存: 1724_1530_シンクレイヤ_譲渡制限付株式報酬としての自己株式の処分の払込完了に関するお知らせ.pdf
   ✅ 保存: 1758_1530_太洋基礎_譲渡制限付株式報酬としての自己株式の処分の払込完了に関するお知らせ.pdf
   ✅ 保存: 1758_1530_太洋基礎_役員の異動に関するお知らせ.pdf
   ✅ 保存: 1976_1530_明星工業_役員等の異動ならびに業務委嘱に関するお知らせ.pdf
   ✅ 保存: 2127_1530_日本M&A_資本準備金の額の減少に関するお知らせ.pdf
   ✅ 保存: 212A_1530_フィットイージー_剰余金の配当(中間配当)に関するお知らせ.pdf
   ✅ 保存: 2179_1530_成学社_譲渡制限付株式報酬制度の導入に関するお知らせ.pdf
   ✅ 保存: 2292_1530_S FOODS_取締役及び従業員に対する譲渡制限付株式としての自己株式の処分に関するお知らせ.pdf
   ✅ 保存: 2315_1530_CAICA D_完全子会社との会社分割(簡易吸収分割)に関するお知らせ.pdf
   ✅ 保存: 2469_1530_ヒビノ_剰余金の配当に関するお知らせ.pdf
   ✅ 保存: 2469_1530_ヒビノ_資本コストや株価を意識した経営の実現に向けた対応について(アップデート).pdf
   ✅ 保存: 2469_1530_ヒビノ_連結子会社間の合併に関するお知らせ.pdf
   ✅ 保存: 2469_1530_ヒビノ_代表取締役の役職変更に関するお知らせ.pdf
   ✅ 保存: 2469_1530_ヒビノ_執行役員の選任に関するお知らせ.pdf
   ✅ 保存: 2668_1530_タビオ_支配株主等に関する事項について.pdf
   ✅ 保存: 2668_1530_タビオ_親会社等の決算に関するお知らせ.pdf
   ✅ 保存: 2686_1530_ジーフット_株式併合並びに単元株式数の定めの廃止及び定款の一部変更の承認決議に関するお知らせ.pdf
   ✅ 保存: 2686_1530_ジーフット_執行役員の選任並びに役付執行役員の選定について.pdf
   ✅ 保存: 2686_1530_ジーフット_機構改革および人事異動について.pdf
   ✅ 保存: 2689_1530_オルバヘルスケアHD_臨時株主総会招集のための基準日設定に関するお知らせ.pdf
   ✅ 保存: 2689_1530_オルバヘルスケアHD_オルバヘルスケアホールディングスとディーブイエックスとの株式交換契約の締結、商号の変更及び定款の一部変更、並びに、代表取締役の異動等に関す.pdf
   ✅ 保存: 278A_1530_G-テラドローン_当社海外子会社で発生した火災につきまして(第五報).pdf
   ✅ 保存: 2805_1530_エスビー食_資本コストや株価を意識した経営の実現に向けた対応について.pdf
   ✅ 保存: 2805_1530_エスビー食_当社株式の大規模買付行為に関する対応方針(買収への対応方針)の更新について.pdf
   ✅ 保存: 2875_1530_東洋水産_株主提案に関する書面の受領および当社取締役会の意見に関するお知らせ.pdf
   ✅ 保存: 2936_1530_G-ベースフード_有償ストック・オプション(新株予約権)の発行内容確定に関するお知らせ.pdf
   ✅ 保存: 299A_1530_G-クラシル_投資家の皆様より多く寄せられた質問と回答 (2026年5月).pdf
   ✅ 保存: 3038_1530_神戸物産_2026年4月度 月次IRニュース.pdf
   ✅ 保存: 3070_1530_G-ジェリービーンズ_固定資産(営業権)の取得に関するお知らせ.pdf
   ✅ 保存: 3070_1530_G-ジェリービーンズ_固定資産(営業権)の取得に関するお知らせに関する補足資料.pdf
   ✅ 保存: 3079_1530_DVx_オルバヘルスケアホールディングスとディーブイエックスとの株式交換契約の締結、並びに、親会社、主要株主及び主要株主である筆頭株主の異動等に関するお知らせ.pdf
   ✅ 保存: 3097_1530_物語コーポ_当社子会社(孫会社)における固定資産の取得に関するお知らせ.pdf
   ✅ 保存: 3224_1530_G-Gオイスター_完全子会社間の合併に関するお知らせ.pdf
   ✅ 保存: 3226_1530_R-三井不アコモ_国内不動産の取得に関するお知らせ(パークキューブ八王子).pdf
   ✅ 保存: 3462_1530_R-NMF_資金の借入れ(金利決定)に関するお知らせ.pdf
   ✅ 保存: 3544_1530_サツドラHD_内部調査委員会の設置に関するお知らせ.pdf
   ✅ 保存: 3634_1530_ソケッツ_取締役候補者の選任に関するお知らせ.pdf
   ✅ 保存: 3634_1530_ソケッツ_ストック・オプション(新株予約権)の発行に関するお知らせ.pdf
   ✅ 保存: 3692_1530_G-FFRI_剰余金の配当に関するお知らせ.pdf
   ✅ 保存: 3694_1530_オプティム_2026年3月期 決算説明会資料.pdf
   ✅ 保存: 3758_1530_アエリア_譲渡制限付株式報酬としての自己株式処分の払込完了に関するお知らせ.pdf
   ✅ 保存: 377A_1530_エージェントIGHD_2026年12月期 第1四半期決算 質疑応答集.pdf
   ✅ 保存: 3810_1530_サイバーステップHD_第三者割当による第42回新株予約権の行使状況に関するお知らせ.pdf
   ✅ 保存: 3844_1530_コムチュア_代表取締役の異動および取締役の候補者選任ならびに人事異動に関するお知らせ.pdf
   ✅ 保存: 3844_1530_コムチュア_コムチュアグループ 2027年3月期以降の事業方針.pdf
   ✅ 保存: 3850_1530_NTTDIM_中期経営計画策定に関するお知らせ.pdf
   ✅ 保存: 3853_1530_アステリア_定款の一部変更に関するお知らせ.pdf
   ✅ 保存: 3927_1530_フーバーブレイン_2026年3月期 決算説明会動画及び資料公開について.pdf
   ✅ 保存: 3928_1530_マイネット_譲渡制限付株式報酬としての自己株式の処分払込完了に関するお知らせ.pdf
   ✅ 保存: 3976_1530_G-シャノン_2026年12月期第1四半期決算説明資料(テキスト詳細版).pdf
   ✅ 保存: 3976_1530_G-シャノン_2026年12月期第1四半期決算説明資料(スマホ向けサマリ版).pdf
   ✅ 保存: 3997_1530_トレードワークス_譲渡制限付株式報酬としての自己株式の処分の払込完了に関するお知らせ.pdf
   ✅ 保存: 4017_1530_G-クリーマ_(訂正・数値データ訂正)「2026年2月期 決算短信〔日本基準〕(連結)」の一部訂正に関するお知らせ.pdf
   ✅ 保存: 4017_1530_G-クリーマ_(訂正)「2026年2月期 第4四半期および通期 決算説明資料」および「2027年2月期 事業計画及び成長可能性に関する事項」に関する一部訂正について.pdf
   ✅ 保存: 4041_1530_日曹達_剰余金の配当に関するお知らせ.pdf
   ✅ 保存: 4041_1530_日曹達_資本準備金の額の減少に関するお知らせ.pdf
   ✅ 保存: 4100_1530_戸田工_支配株主等に関する事項について.pdf
   ✅ 保存: 4170_1530_G-KaizenPF_取締役及び執行役員に対する譲渡制限付株式としての新株式発行の払込完了に関するお知らせ.pdf
   ✅ 保存: 4259_1530_G-エクサウィザーズ_MS&ADグループとの合弁会社設立に関するお知らせ.pdf
   ✅ 保存: 4259_1530_G-エクサウィザーズ_譲渡制限付株式報酬制度の導入に関するお知らせ.pdf
   ✅ 保存: 4343_1530_イオンファン_支配株主等に関する事項について.pdf
   ...Page 003 を確認中
   ✅ 保存: 4417_1530_G-グローバルセキュ_自己株式取得に係る事項の決定に関するお知らせ.pdf
   ✅ 保存: 4417_1530_G-グローバルセキュ_取締役候補者の決定に関するお知らせ.pdf
   ✅ 保存: 4436_1530_G-ミンカブ_取締役会の実効性に関する評価結果の概要について.pdf
   ✅ 保存: 4436_1530_G-ミンカブ_役員人事に関するお知らせ.pdf
   ✅ 保存: 4449_1530_ギフティ_株式会社Kyashとの資本業務提携に関するお知らせ.pdf
   ✅ 保存: 4544_1530_HUグループHD_剰余金の配当に関するお知らせ.pdf
   ✅ 保存: 4544_1530_HUグループHD_定款の一部変更に関するお知らせ.pdf
   ✅ 保存: 4571_1530_G-NANO_取締役の報酬額改定および譲渡制限付株式報酬制度の改定に関するお知らせ.pdf
   ✅ 保存: 4685_1530_菱友システム_人事異動に関するお知らせ.pdf
   ✅ 保存: 4809_1530_パラカ_令和8年9月期 第2四半期決算説明資料.pdf
   ✅ 保存: 4816_1530_東映アニメ_役員の異動に関するお知らせおよび上席執行役員制度の導入、上席執行役員の選任に関するお知らせ.pdf
   ✅ 保存: 4832_1530_JFE-SI_株主提案に対する当社取締役会意見に関するお知らせ.pdf
   ✅ 保存: 4849_1530_エン_取締役候補者及び監査等委員である取締役候補者の選任に関するお知らせ.pdf
   ✅ 保存: 4887_1530_サワイグループHD_連結子会社からの配当金受領に関するお知らせ.pdf
   ✅ 保存: 4887_1530_サワイグループHD_完全子会社間の吸収合併に関するお知らせ.pdf
   ✅ 保存: 4973_1530_高純度化_役員人事に関するお知らせ.pdf
   ✅ 保存: 4973_1530_高純度化_剰余金の配当に関するお知らせ.pdf
   ✅ 保存: 4978_1530_G-リプロセル_連結子会社(REPROCELL USA Inc.)に対する補助金の交付決定に関するお知らせ.pdf
   ✅ 保存: 504A_1530_G-イノバセル_譲渡制限付株式報酬としての新株式の発行の払込完了に関するお知らせ.pdf
   ✅ 保存: 5121_1530_藤コンポ_生産拠点集約に関するお知らせ.pdf
   ✅ 保存: 5137_1530_G-スマートドライブ_2026年9月期第2四半期 質疑応答集.pdf
   ✅ 保存: 5821_1530_平河ヒューテ_定款の一部変更に関するお知らせ.pdf
   ✅ 保存: 5871_1530_SOLIZE HD_譲渡制限付株式報酬としての自己株式の処分の払込完了に関するお知らせ.pdf
   ✅ 保存: 6027_1530_弁護士ドットコム_定款一部変更に関するお知らせ.pdf
   ✅ 保存: 6045_1530_G-レントラックス_2027年3月期4月度の月次売上高等のお知らせ.pdf
   ✅ 保存: 6045_1530_G-レントラックス_出資先からの配当金受領に関するお知らせ.pdf
   ✅ 保存: 6050_1530_Eガーディアン_株式会社アウトソーシングコミュニケーションズの株式取得(完全子会社化)に向けた株式譲渡契約締結に関するお知らせ.pdf
   ✅ 保存: 6086_1530_G-シンメンテHD_事業計画及び成長可能性に関する事項.pdf
   ✅ 保存: 6093_1530_エスクローAJ_事業譲受に関するお知らせ.pdf
   ✅ 保存: 6166_1530_G-中村超硬_代表取締役の異動に関するお知らせ.pdf
   ✅ 保存: 6228_1530_ジェイ・イー・ティ_代表取締役及び取締役の役職変更に関するお知らせ.pdf
   ✅ 保存: 6250_1530_やまびこ_2026年12月期第1四半期 決算説明資料.pdf
   ✅ 保存: 6267_1530_ゼネパッカー_非上場の親会社等の決算情報に関するお知らせ.pdf
   ✅ 保存: 6346_1530_キクカワ_投資単位の引下げに関する考え方及び方針等について.pdf
   ✅ 保存: 6627_1530_テラプローブ_当社従業員に対する譲渡制限付株式としての自己株式処分の価額決定に関するお知らせ.pdf
   ✅ 保存: 6702_1530_富士通_(訂正)「2025年度 決算概要」の一部訂正について.pdf
   ✅ 保存: 6810_1530_マクセル_(訂正・数値データ訂正)「2026年3月期決算短信[日本基準](連結)」の一部訂正に関するお知らせ.pdf
   ✅ 保存: 6810_1530_マクセル_剰余金の配当(期末配当)に関するお知らせ.pdf
   ✅ 保存: 6820_1530_アイコム_2026年3月期 決算説明会資料.pdf
   ✅ 保存: 6820_1530_アイコム_2027年3月期~2023年3月期 中期経営計画2030.pdf
   ✅ 保存: 6871_1530_日マイクロニクス_譲渡制限付株式報酬としての自己株式の処分の払込完了に関するお知らせ.pdf
   ✅ 保存: 6902_1530_デンソー_従業員持株会向け譲渡制限付株式インセンティブとしての自己株式の処分に関するお知らせ.pdf
   ✅ 保存: 6902_1530_デンソー_役員報酬制度の改定に関するお知らせ.pdf
   ✅ 保存: 6902_1530_デンソー_信託型株式報酬制度の導入及び制度導入に伴う自己株式の処分に関するお知らせ.pdf
   ✅ 保存: 6905_1530_コーセル_(訂正)「連結子会社の異動(株式譲渡)に関するお知らせ」の一部訂正について.pdf
   ✅ 保存: 6923_1530_スタンレー電_2026年3月期 通期決算 (第121期)_中期経営計画.pdf
   ✅ 保存: 6925_1530_ウシオ電_従業員持株会に対する譲渡制限付株式としての自己株式の処分価額の決定に関するお知らせ.pdf
   ✅ 保存: 7031_1530_G-インバウンド_(訂正・数値データ訂正)2026年3月期 決算短信〔日本基準〕(連結)の一部訂正に関するお知らせ.pdf
   ✅ 保存: 7031_1530_G-インバウンド_(訂正)2026 年3月期 決算説明資料の一部訂正に関するお知らせ.pdf
   ✅ 保存: 7046_1530_G-TDSE_業績連動型株式報酬制度(パフォーマンス・シェア)導入に関するお知らせ.pdf
   ✅ 保存: 7049_1530_G-識学_事業計画及び成長可能性に関する事項の開示.pdf
   ✅ 保存: 7094_1530_G-NexTone_剰余金の配当に関するお知らせ.pdf
   ✅ 保存: 7215_1530_ファルテック_取締役候補者及び監査役候補者ならびに補欠監査役候補者の決定に関するお知らせ.pdf
   ✅ 保存: 7215_1530_ファルテック_剰余金の配当(無配)に関するお知らせ.pdf
   ✅ 保存: 7282_1530_豊田合_支配株主等に関する事項について.pdf
   ✅ 保存: 7578_1530_ニチリョク_2026年3月期決算短信の開示が期末後50日を超えたことに関するお知らせ.pdf
   ✅ 保存: 7603_1530_ジーイエット_支配株主等に関する事項について.pdf
   ✅ 保存: 7603_1530_ジーイエット_第36回定時株主総会における議決権行使結果に関するお知らせ.pdf
   ✅ 保存: 7679_1530_薬王堂HD_代表取締役の異動および役員人事に関するお知らせ.pdf
   ✅ 保存: 7715_1530_長野計器_剰余金の配当に関するお知らせ.pdf
   ✅ 保存: 7932_1530_ニッピ_人事異動に関するお知らせ.pdf
   ✅ 保存: 8060_1530_キヤノンMJ_自己株式の取得状況及び取得終了に関するお知らせ.pdf
   ✅ 保存: 8086_1530_ニプロ_定款一部変更に関するお知らせ.pdf
   ✅ 保存: 8093_1530_極東貿易_完全子会社の吸収合併及び特別損失(抱合せ株式消滅差損)の計上に関するお知らせ.pdf
   ✅ 保存: 8226_1530_理経_譲渡制限付株式報酬制度の導入に関するお知らせ.pdf
   ✅ 保存: 8410_1530_セブン銀行_定款の一部変更に関するお知らせ.pdf
   ✅ 保存: 8410_1530_セブン銀行_役員の異動に関するお知らせ.pdf
   ✅ 保存: 8410_1530_セブン銀行_当社取締役に対する業績連動型株式報酬制度の継続及び一部改定に関するお知らせ.pdf
   ✅ 保存: 8410_1530_セブン銀行_当社執行役員及び当社一部従業員に対する業績連動型株式報酬制度の継続に関するお知らせ.pdf
   ✅ 保存: 8570_1530_イオンFS_第20回株式報酬型ストックオプションとしての新株予約権発行枠決定について.pdf
   ✅ 保存: 8698_1530_マネックスG_2026年3月期の剰余金の配当(期末配当)に関するお知らせ.pdf
   ✅ 保存: 8700_1530_丸八証券_取締役(監査等委員である取締役を除く。)および監査等委員である取締役の候補者選任に関するお知らせ.pdf
   ✅ 保存: 8700_1530_丸八証券_剰余金の配当に関するお知らせ.pdf
   ✅ 保存: 8704_1530_トレイダーズHD_役員退職慰労金制度廃止及び打ち切り支給に関するお知らせ.pdf
   ✅ 保存: 8704_1530_トレイダーズHD_監査等委員である取締役に対する譲渡制限付株式報酬制度の導入に関するお知らせ.pdf
   ✅ 保存: 8704_1530_トレイダーズHD_社外取締役(監査等委員である取締役を除く)に対する譲渡制限付株式報酬制度の導入に関するお知らせ.pdf
   ✅ 保存: 8704_1530_トレイダーズHD_役員の異動に関するお知らせ.pdf
   ✅ 保存: 8704_1530_トレイダーズHD_定款一部変更に関するお知らせ.pdf
   ✅ 保存: 8704_1530_トレイダーズHD_剰余金の配当に関するお知らせ.pdf
   ✅ 保存: 8793_1530_NECキャピ_剰余金の配当に関するお知らせ.pdf
   ✅ 保存: 8848_1530_レオパレス21_2026年3月期 決算説明会 当社説明・質疑応答.pdf
   ✅ 保存: 8869_1530_明和地所_取締役候補者の選任に関するお知らせ.pdf
   ✅ 保存: 8869_1530_明和地所_剰余金の配当に関するお知らせ.pdf
   ✅ 保存: 8869_1530_明和地所_組織改正並びに役員人事・人事異動に関するお知らせ.pdf
   ✅ 保存: 8944_1530_ランビジネス_販売用の不動産の売却に関するお知らせ.pdf
   ✅ 保存: 8976_1530_R-大和OF_資金の借入(グリーンローン含む)に関するお知らせ.pdf
   ✅ 保存: 8986_1530_R-大和証券リビング_国内不動産及び国内不動産信託受益権の取得(賃貸物件3物件)及び 国内不動産信託受益権の譲渡(ヘルスケア施設2物件)に関するお知らせ.pdf
   ✅ 保存: 8986_1530_R-大和証券リビング_補足説明資料 資産の取得及び譲渡の概要.pdf
   ✅ 保存: 8999_1530_グランディ_剰余金の配当に関するお知らせ.pdf
   ✅ 保存: 8999_1530_グランディ_役員の異動に関するお知らせ.pdf
   ✅ 保存: 8999_1530_グランディ_中期経営計画の数値目標修正に関するお知らせ.pdf
   ✅ 保存: 9162_1530_G-ブリーチ_子会社の設立に関するお知らせ.pdf
   ✅ 保存: 9165_1530_G-クオルテック_業績予想及び配当予想の修正に関するお知らせ.pdf
   ✅ 保存: 9166_1530_G-GENDA_GENDA 売上進捗レポート発行に関するお知らせ【2026年5月】.pdf
   ✅ 保存: 9202_1530_ANA_中間配当制度の導入に伴う定款の一部変更に関するお知らせ.pdf
   ✅ 保存: 9202_1530_ANA_業績連動型株式報酬制度の改定に関するお知らせ.pdf
   ✅ 保存: 9252_1530_G-ラストワンマイル_2026年4月度月次主要KPIに関するお知らせ.pdf
   ✅ 保存: 9257_1530_G-YCP_剰余金の配当(期末配当)に係る分配金の単価決定に関するお知らせ.pdf
   ✅ 保存: 9330_1530_G-揚羽_2026年9月期第2四半期決算 質疑応答集.pdf
   ✅ 保存: 9416_1530_ビジョン_自己株式取得に係る事項の決定に関するお知らせ.pdf
   ...Page 004 を確認中
   ✅ 保存: 9419_1530_ワイヤレスゲート_2026年12月期 第1四半期決算に関する質疑応答集.pdf
   ✅ 保存: 9519_1530_レノバ_定款一部変更に関するお知らせ.pdf
   ✅ 保存: 9557_1530_G-エアクロ_株式の立会外分売についてのお知らせ.pdf
   ✅ 保存: 9564_1530_FCE_2026年9月期第2四半期 決算説明会 スクリプト並びに質疑応答要旨.pdf
   ✅ 保存: 9849_1530_共同紙_役員の異動に関するお知らせ.pdf
   ✅ 保存: 139A_1500_P-東日本地所_東京証券取引所TOKYO PRO Market への上場目的の開示.pdf
   ✅ 保存: 1420_1500_サンヨーH_財務上の特約が付されたシンジケートローン契約の締結に関するお知らせ.pdf
   ✅ 保存: 1951_1500_エクシオグループ_代表取締役および役員の異動に関するお知らせ.pdf
   ✅ 保存: 1951_1500_エクシオグループ_株主提案に対する当社取締役会意見に関するお知らせ.pdf
   ✅ 保存: 2293_1500_滝沢ハム_投資有価証券売却に伴う特別利益の計上見込みに関するお知らせ.pdf
   ✅ 保存: 2763_1500_エフティグループ_取締役候補者の選任に関するお知らせ.pdf
   ✅ 保存: 3131_1500_シンデンハイテク_取締役及び監査役の異動に関するお知らせ.pdf
   ✅ 保存: 3431_1500_宮地エンジ_2026年3月期決算説明会資料.pdf
   ✅ 保存: 3577_1500_東海染工_定款一部変更に関するお知らせ.pdf
   ✅ 保存: 3779_1500_J・エスコムHD_(開示事項の経過)連結子会社における控訴判決に関するお知らせ.pdf
   ✅ 保存: 417A_1500_ブルーゾーンHD_役員に対する株式報酬制度の導入に関するお知らせ.pdf
   ✅ 保存: 4202_1500_ダイセル_中期戦略 Accelerate 2030.pdf
   ✅ 保存: 4202_1500_ダイセル_配当予想の修正に関するお知らせ.pdf
   ✅ 保存: 4678_1500_秀英_新任取締役候補者の選任に関するお知らせ.pdf
   ✅ 保存: 5101_1500_浜ゴム_譲渡制限付株式報酬としての自己株式の処分の払込完了に関するお知らせ.pdf
   ✅ 保存: 5184_1500_ニチリン_譲渡制限付株式報酬としての自己株式処分の払込完了に関するお知らせ.pdf
   ✅ 保存: 7291_1500_日本プラスト_2026年3月期決算説明資料1部 2026年3月期決算説明.pdf
   ✅ 保存: 7291_1500_日本プラスト_2026年3月期決算説明資料2部 第6次中期経営計画振り返りと2027年3月期経営方針.pdf
   ✅ 保存: 7314_1500_小田原機_当社及び当社子会社の従業員に対する譲渡制限付株式としての 新株式の発行の払込完了及び一部失権に関するお知らせ.pdf
   ✅ 保存: 7820_1500_ニホンフラッシュ_剰余金の配当に関するお知らせ.pdf
   ✅ 保存: 7820_1500_ニホンフラッシュ_役員の異動に関するお知らせ.pdf
   ✅ 保存: 7908_1500_KIMOTO_2026年3月期 決算説明会.pdf
   ✅ 保存: 9035_1500_第一交通_定款一部変更に関するお知らせ.pdf
   ✅ 保存: 9035_1500_第一交通_剰余金の配当に関するお知らせ.pdf
   ✅ 保存: 9035_1500_第一交通_取締役の異動に関するお知らせ.pdf
   ✅ 保存: 9428_1500_クロップス_役員人事に関するお知らせ.pdf
   ✅ 保存: 9991_1500_ジェコス_定款の一部変更に関するお知らせ.pdf
   ✅ 保存: 1720_1430_東急建設_(訂正)「2026 年3月期 決算短信〔日本基準〕(連結)」の一部訂正について.pdf
   ✅ 保存: 5713_1430_住友鉱_2026年3月期(第101期)剰余金の配当に関するお知らせ.pdf
   ✅ 保存: 9085_1430_中央バス_役員の異動に関すお知らせ.pdf
   ✅ 保存: 9110_1430_ユナイテド海_剰余金の配当に関するお知らせ.pdf
   ✅ 保存: 1433_1400_ベステラ_譲渡制限付株式報酬としての自己株式の処分の払込完了に関するお知らせ.pdf
   ✅ 保存: 1776_1400_三住道路_自己株式の消却に関するお知らせ.pdf
   ✅ 保存: 2676_1400_高千穂交_2026年3月期 決算説明会資料.pdf
   ✅ 保存: 3878_1400_巴川コーポ_役員退職慰労金制度の廃止及び譲渡制限付株式報酬制度の導入を含む取締役の報酬制度の改定に関するお知らせ.pdf
   ✅ 保存: 3878_1400_巴川コーポ_剰余金の配当に関するお知らせ.pdf
   ✅ 保存: 4709_1400_IDホールディングス_2026年3月期 決算説明資料.pdf
   ✅ 保存: 5269_1400_日コンクリ_剰余金の配当に関するお知らせ.pdf
   ✅ 保存: 5269_1400_日コンクリ_完全子会社(NCマネジメントサービス株式会社)の吸収合併および特別損失(抱合せ株式消滅差損)の計上に関するお知らせ.pdf
   ✅ 保存: 5832_1400_ちゅうぎんFG_(追加)「2026年3月期決算短信〔日本基準〕(連結)」補足説明資料の追加に関するお知らせ.pdf
   ✅ 保存: 7476_1400_アズワン_2026年3月期 決算説明会資料.pdf
   ✅ 保存: 7937_1400_ツツミ_支配株主等に関する事項について.pdf
   ✅ 保存: 8061_1400_西華産_剰余金の配当に関するお知らせ.pdf
   ✅ 保存: 9304_1400_渋沢倉_自己株式取得に係る事項の決定および自己株式の消却に関するお知らせ.pdf
   ✅ 保存: 9305_1320_ヤマタネ_剰余金の配当に関するお知らせ.pdf
   ✅ 保存: 9305_1320_ヤマタネ_機構改革(組織名称の決定)及び役員等の異動に関するお知らせ.pdf
   ✅ 保存: 9941_1320_太洋物産_主要株主及び主要株主である筆頭株主の異動に関するお知らせ.pdf
   ✅ 保存: 2117_1300_ウェルネオシュガー_2026年10月1日付連結子会社との合併後の当社の組織体制および役員等人事に関するお知らせ.pdf
   ✅ 保存: 2117_1300_ウェルネオシュガー_(変更)「取締役の異動および執行役員の退任に関するお知らせ」の一部変更について.pdf
   ✅ 保存: 2117_1300_ウェルネオシュガー_(開示事項の経過)子会社の吸収合併に関するお知らせ.pdf
   ✅ 保存: 3739_1300_コムシード_取締役の異動に関するお知らせ.pdf
   ✅ 保存: 3774_1300_IIJ_(訂正)「2026年3月期 連結業績説明資料」の一部訂正について.pdf
   ✅ 保存: 4998_1300_フマキラー_剰余金の配当に関するお知らせ.pdf
   ✅ 保存: 560A_1300_P-オカダコーポ_臨時株主総会招集のための基準日設定及び臨時株主総会の開催並びに付議議案の決定に関するお知らせ.pdf
   ✅ 保存: 7381_1300_CCIグループ_剰余金の配当に関するお知らせ.pdf
   ✅ 保存: 7896_1300_セブン工_剰余金の配当に関するお知らせ.pdf
   ✅ 保存: 8075_1300_神鋼商_剰余金の配当に関するお知らせ.pdf
   ✅ 保存: 8075_1300_神鋼商_支配株主等に関する事項について.pdf
   ✅ 保存: 8343_1300_秋田銀_中期経営計画における経営目標の一部修正について.pdf
   ✅ 保存: 9823_1300_マミーマートHD_2026年9月期 中間期決算説明会資料.pdf
   ✅ 保存: 7794_1250_G-イーディーピー_2026年3月期決算説明資料.pdf
   ✅ 保存: 6625_1245_JALCO HD_第3回及び第5回無担保普通社債の期限前償還並びに第12回無担保普通社債の発行に関するお知らせ.pdf
   ✅ 保存: 3001_1230_片倉_特別利益(投資有価証券売却益)の計上及び業績予想の修正に関するお知らせ.pdf
   ✅ 保存: 7602_1230_レダックス_合弁会社である株式会社Freedom Japanにおける第三者割当増資の払い込み完了に関するお知らせ.pdf
   ✅ 保存: 2750_1200_石光商事_譲渡制限付株式報酬としての自己株式の処分に関するお知らせ.pdf
   ✅ 保存: 2750_1200_石光商事_剰余金の配当に関するお知らせ.pdf
   ✅ 保存: 7494_1200_コナカ_(経過開示)連結子会社における財務上の特約が付された金銭消費貸借契約に係る財務上の特約に定める事由の発生並びに解消に関するお知らせ.pdf
   ✅ 保存: 7878_1200_光・彩_親会社等に係る決算に関するお知らせ.pdf
   ✅ 保存: 8914_1200_エリアリンク_譲渡制限付株式報酬としての自己株式処分の割当完了に関するお知らせ.pdf
   ✅ 保存: 1326_1155_E-ワールド_SPDRゴールド・シェアに関する日々の開示事項.pdf
   ✅ 保存: 2502_1130_アサヒ_2026年12月期第1四半期決算の発表延期に伴う事業の進捗状況に関するお知らせ.pdf
   ✅ 保存: 2502_1130_アサヒ_2025年12月期通期決算の発表日に関するお知らせ.pdf
   ✅ 保存: 2502_1130_アサヒ_2026年12月期の中間配当予想に関するお知らせ.pdf
   ✅ 保存: 8958_1130_R-グロバル_(訂正)「第45期(2026年3月期)決算説明資料」の一部訂正について.pdf
   ✅ 保存: 365A_1115_伊澤タオル_自己株式立会外買付取引(ToSTNeT-3)による自己株式の取得結果(不成立)および取得終了に関するお知らせ.pdf
   ✅ 保存: 418A_1105_ウリドキ_株式の立会外分売中止に関するお知らせ.pdf
   ✅ 保存: 5287_1100_イトーヨーギョー_役員退職慰労金制度の廃止に関するお知らせ.pdf
   ✅ 保存: 9324_1100_安田倉_(開示事項の経過)投資有価証券売却益(特別利益)の計上見込みに関するお知らせ.pdf
   ✅ 保存: 9501_1100_東電力HD_原子力損害賠償・廃炉等支援機構からの資金の交付について.pdf
   ✅ 保存: 3121_1030_マーチャント_自己株式立会外買付取引(ToSTNeT-3)による自己株式の取得結果に関するお知らせ.pdf
   ✅ 保存: 3675_1030_クロスマーケティング_2026年6月期 第3四半期決算・会社説明資料.pdf
   ✅ 保存: 7255_1030_桜井製作_自己株式立会外買付取引(ToSTNeT-3)による自己株式の取得結果に関するお知らせ.pdf
   ✅ 保存: 8104_1030_クワザワHD_2026年3月期 決算補足説明資料.pdf
   ✅ 保存: 9247_1030_TREHD_「TRE中期経営計画2030」ご説明資料.pdf
   ✅ 保存: 1595_1010_NZAM Jリート_2026年4月期 決算短信(2025年10月16日~2026年4月15日).pdf
   ✅ 保存: 2086_1010_NZAM SP5H_2026年4月期 決算短信(2025年10月16日~2026年4月15日).pdf
   ✅ 保存: 2087_1010_NZAM NQ1H_2026年4月期 決算短信(2025年10月16日~2026年4月15日).pdf
   ✅ 保存: 2088_1010_NZAM DowH_2026年4月期 決算短信(2025年10月16日~2026年4月15日).pdf
   ✅ 保存: 1379_1000_ホクト_配当目標の設定(DOE目標の新設)に関するお知らせ.pdf
   ✅ 保存: 1379_1000_ホクト_2026年3月期 決算説明資料.pdf
   ...Page 005 を確認中
   ✅ 保存: 2623_1000_iSユロIG社債ヘジ_2026年4月期 決算短信(2025年10月12日~2026年4月11日).pdf
   ✅ 保存: 488A_1000_iS円高フォーカス_2026年4月期 決算短信(2025年12月15日~2026年4月11日).pdf
   ✅ 保存: 5579_1000_GSI_2026年3月期 決算説明資料.pdf
   ✅ 保存: 6444_1000_サンデン_第三者割当による新株式の発行に係る発行価額等の決定に関するお知らせ.pdf
   ✅ 保存: 7433_1000_伯東_(訂正)『「信託型従業員持株インセンティブ・プラン(E-Ship)」の導入に伴う第三者割当による自己株式の処分に関するお知らせ』の一部訂正について.pdf
   ✅ 保存: 7538_1000_大水_自己株式立会外買付取引(ToSTNeT-3)による自己株式の取得結果に関するお知らせ.pdf
   ✅ 保存: 4091_0930_日本酸素HD_2026年3月期 通期決算説明会資料.pdf
   ✅ 保存: 3042_0905_セキュアヴェイル_2026年3月期 決算説明資料 株式会社セキュアヴェイル(3042).pdf
   ✅ 保存: 6703_0850_OKI_投資有価証券売却益(特別利益)の計上に関するお知らせ.pdf
   ✅ 保存: 6420_0830_ガリレイ_公認会計士等の異動に関するお知らせ.pdf
   ✅ 保存: 7073_0830_G-ジェイック_支配株主等に関する事項について.pdf
   ✅ 保存: 4588_0730_G-オンコリスバイオ_腫瘍溶解ウイルス テロメライシン注の製造販売承認に関する薬事審議会 再生医療等製品・生物由来技術部会結果のお知らせ.pdf
   ...Page 006 を確認中
   📝 一覧CSV保存: TDnet_Sorted_20260522.csv
   📝 一覧CSV保存（ルート）: TDnet_Sorted_20260522.csv
   📊 日別統計: page_access=6, pdf_success=407, excluded=9

============================================================
✅ ①完了（範囲取得）
   期間: 20260522 ～ 20260522 （mode=day）
   一覧ページアクセス合計: 6
   PDFダウンロード成功合計: 407
   除外件数合計: 9
   保存ルート: G:\マイドライブ\TDnet_Downloads

$ C:\Users\onok\AppData\Local\Python\pythoncore-3.14-64\python.exe -u ②a②bは２つフリーワード検索.py analyze --target 20260522 --save-root G:\マイドライブ\TDnet_Downloads --keywords 価格交渉 増産 価格改定 価格転嫁 値上 想定以上 上方修正 下方修正 想定以下 未達 大幅 計画を上 計画を下 計画以 需要回復 需要の回復 需要が増 需要が低 悪化 グローバルニッチトップ トップシェア シェア拡大 レアアース
ルート: G:\マイドライブ\TDnet_Downloads
対象指定: 20260522 mode= day from= 20260522 to= 20260522
対象フォルダ数: 1
検索キーワード: ['価格交渉', '増産', '価格改定', '価格転嫁', '値上', '想定以上', '上方修正', '下方修正', '想定以下', '未達', '大幅', '計画を上', '計画を下', '計画以', '需要回復', '需要の回復', '需要が増', '需要が低', '悪化', 'グローバルニッチトップ', 'トップシェア', 'シェア拡大', 'レアアース']
総PDF数（推定）: 407
[1/1] 日付フォルダ 20260522 を処理中... (このフォルダ内PDF数: 407)
  進捗: 50/407 件のPDFを解析済み
  進捗: 100/407 件のPDFを解析済み
  進捗: 150/407 件のPDFを解析済み
  進捗: 200/407 件のPDFを解析済み
  進捗: 250/407 件のPDFを解析済み
  進捗: 300/407 件のPDFを解析済み
  進捗: 350/407 件のPDFを解析済み
  進捗: 400/407 件のPDFを解析済み
  進捗: 407/407 件のPDFを解析済み
  → 日付フォルダ 20260522 のヒットPDF数: 67

✅ ②A 完了（解析専用・キーワード別ページ列）
解析PDF数: 407
ヒットPDF数: 67
出力CSV: Analysis_Hits_free_word_20260522.csv
保存先: G:\マイドライブ\TDnet_Downloads

$ C:\Users\onok\AppData\Local\Python\pythoncore-3.14-64\python.exe -u ②a②bは２つフリーワード検索.py distribute --target 20260522 --save-root G:\マイドライブ\TDnet_Downloads --no-stop-on-empty-meta

✅ ②B 完了（配布用CSV作成・キーワード別ページ列）
出力: PDF_Search_Result_Distribution_free_word_20260522_sh.csv
キーワード列: ['価格交渉', '増産', '価格改定', '価格転嫁', '値上', '想定以上', '上方修正', '下方修正', '想定以下', '未達', '大幅', '計画を上', '計画を下', '計画以', '需要回復', '需要の回復', '需要が増', '需要が低', '悪化', 'グローバルニッチトップ', 'トップシェア', 'シェア拡大', 'レアアース']
突合除外件数: 0
空欄アラート件数: 0

============================================
 Done: 2026-05-22 23:08:16
============================================
