============================================
 TDnet auto run: 20260601
 Start: 2026-06-01 23:00:01
============================================

$ C:\Users\onok\AppData\Local\Python\pythoncore-3.14-64\python.exe -u ①_tdnetアクセスしてダウンロードする処理（月日付別フォルダ保存）.py --target 20260601 --save-root G:\マイドライブ\TDnet_Downloads
🎯 対象指定: 20260601（mode=day, from=20260601, to=20260601）
📁 保存ルート: G:\マイドライブ\TDnet_Downloads

============================================================
📅 日付: 20260601 を処理します
   ...Page 001 を確認中
   ✅ 保存: 7486_1830_サンリン_太陽光発電施設における電気ケーブルの盗難被害等に関するお知らせ.pdf
   ✅ 保存: 3447_1800_信和_2026年3月期 決算説明会資料.pdf
   ✅ 保存: 7602_1800_レダックス_(訂正・数値データ訂正)「2026年3月期決算短信〔日本基準〕(連結)」の一部訂正について.pdf
   ✅ 保存: 7602_1800_レダックス_(訂正)2026 年3月期 決算説明資料の一部訂正に関するお知らせ.pdf
   ✅ 保存: 8570_1800_イオンFS_第19回新株予約権(株式報酬型ストックオプション)の発行価額確定について.pdf
   ✅ 保存: 9302_1800_三井倉HD_自己株式の取得状況に関するお知らせ.pdf
   ✅ 保存: 5013_1750_ユシロ_2026年3月期 決算説明会資料.pdf
   ✅ 保存: 268A_1745_リガク_売出価格等の決定に関するお知らせ.pdf
   ✅ 保存: 2183_1730_リニカル_剰余金の配当に関するお知らせ.pdf
   ✅ 保存: 3840_1730_PATH_商号の変更及び定款の一部変更に関するお知らせ.pdf
   ✅ 保存: 3840_1730_PATH_取締役(監査等委員である取締役を除く)候補者選任に関するお知らせ.pdf
   ✅ 保存: 409A_1730_オリオンビール_自己株式の取得状況(途中経過)に関するお知らせ.pdf
   ✅ 保存: 6498_1730_キッツ_(開示事項の経過)株式会社ブイテックスの株式の取得(子会社化)完了に関するお知らせ.pdf
   ✅ 保存: 7426_1730_山大_ナイス株式会社による当社株式に対する公開買付けに関する賛同の意見表明及び応募推奨のお知らせ.pdf
   ✅ 保存: 8089_1730_ナイス_株式会社山大(証券コード_7426)に対する公開買付けの開始に関するお知らせ.pdf
   ✅ 保存: 7779_1715_G-サイバダイン-議_米Pegasus Tech Ventures, Inc.との戦略的業務提携および戦略投資共同推進のお知らせ.pdf
   ✅ 保存: 229A_1700_P-アスミHD_株式譲渡実行日の延期に関するお知らせ.pdf
   ✅ 保存: 3423_1700_エスイー_新中期経営計画の策定に関するお知らせ.pdf
   ✅ 保存: 358A_1700_P-ゼン・ランド_資金の借入に関するお知らせ.pdf
   ✅ 保存: 3656_1700_KLab_ビットコイン及びゴールドの追加購入に関する月次報告.pdf
   ✅ 保存: 5122_1700_オカモト_自己株式取得状況(途中経過)に関するお知らせ.pdf
   ✅ 保存: 5890_1700_P-オフィスバスター_東京証券取引所 TOKYO PRO Market への上場目的の開示について.pdf
   ✅ 保存: 6059_1700_ウチヤマHD_第三者割当による第2回及び第3回新株予約権(行使価額修正型新株予約権への転換権付)の月間行使状況に関するお知らせ.pdf
   ✅ 保存: 6059_1700_ウチヤマHD_2027年3月期対前年比較月次速報.pdf
   ✅ 保存: 6239_1700_ナガオカ_自己株式の取得及び自己株式立会外買付取引(ToSTNeT-3)による自己株式の買付けに関するお知らせ.pdf
   ✅ 保存: 6613_1700_G-QDレーザ_TDK株式会社との網膜投影技術によるXRグラス向け光学エンジンの事業協力及び特別利益の発生に関するお知らせ.pdf
   ✅ 保存: 6613_1700_G-QDレーザ_2027年3月期通期業績予想の修正に関するお知らせ.pdf
   ✅ 保存: 7273_1700_イクヨ_その他の関係会社の異動に関するお知らせ.pdf
   ✅ 保存: 7578_1700_ニチリョク_2026年3月期計算書類等に係る監査意見不表明に関するお知らせ.pdf
   ✅ 保存: 7643_1700_ダイイチ_2026年9月期5月度の売上高前年比に関するお知らせ.pdf
   ✅ 保存: 8316_1700_三井住友_自己株式の取得状況に関するお知らせ.pdf
   ✅ 保存: 8628_1700_松井証_2026年5月の月間売買実績・取引口座数等(速報値)のお知らせ.pdf
   ✅ 保存: 9069_1700_センコーグループHD_分配可能額を超えた自己株式の取得に関する第三者委員会調査報告書の受領及び今後の対応に関するお知らせ.pdf
   ✅ 保存: 7794_1645_G-イーディーピー_第三者割当による新株式及び第18回新株予約権(行使価額修正条項付) の発行条件等の決定に関するお知らせ.pdf
   ✅ 保存: 9107_1645_川崎船_自己株式立会外買付取引(ToSTNeT-3)による自己株式の買付けに関するお知らせ.pdf
   ✅ 保存: 195A_1630_G-MUSCAT G_個別決算における関係会社株式評価損の計上及び (訂正・数値データ訂正)「2026年3月期 決算短信〔日本基準〕(連結)」の 一部訂正に関するお知らせ.pdf
   ✅ 保存: 265A_1630_G-エイチエムコム_株式会社MILIZEとの業務委託基本契約締結に関するお知らせ.pdf
   ✅ 保存: 3187_1630_G-ミラタップ_自己株式の取得状況に関するお知らせ.pdf
   ✅ 保存: 4445_1630_G-リビンT_自己株式の取得状況に関するお知らせ.pdf
   ✅ 保存: 4449_1630_ギフティ_ギフティグループ株式会社の新規上場承認に関するお知らせ.pdf
   ✅ 保存: 6200_1630_インソース_組織変更及び人事異動に関するお知らせ.pdf
   ✅ 保存: 6721_1630_ウインテスト_第三者割当による第13回新株予約権(行使価額修正条項付)の月間行使状況に関するお知らせ.pdf
   ✅ 保存: 6971_1630_京セラ_自己株式立会外買付取引(ToSTNeT-3)による自己株式の取得に関するお知らせ.pdf
   ✅ 保存: 7501_1630_ティムコ_主要株主及び主要株主である筆頭株主の異動に関するお知らせ.pdf
   ✅ 保存: 9049_1630_京福電鉄_「京福グループ中期経営計画2028」(2026年度~2028年度)の策定について.pdf
   ✅ 保存: 9401_1630_TBSHD_自己株式の取得状況に関するお知らせ.pdf
   ✅ 保存: 7255_1615_桜井製作_自己株式の取得状況に関するお知らせ.pdf
   ✅ 保存: 4890_1601_G-坪田ラボ_第三者割当による新株予約権(行使価額修正選択権付)の発行に関するお知らせ.pdf
   ✅ 保存: 1515_1600_日鉄鉱_自己株式の取得状況に関するお知らせ.pdf
   ✅ 保存: 2164_1600_地域新聞社_第11回新株予約権(行使価額修正条項付)の月間行使状況に関するお知らせ.pdf
   ✅ 保存: 2170_1600_LINK&M_自己株式の取得状況(途中経過)に関するお知らせ.pdf
   ✅ 保存: 2326_1600_デジアーツ_自己株式の取得状況に関するお知らせ.pdf
   ✅ 保存: 2338_1600_クオンタムS_第三者割当による第13回新株予約権(行使価額修正条項付)の月間行使状況に関するお知らせ.pdf
   ✅ 保存: 2721_1600_JHD_第三者割当により発行された第10回新株予約権(行使価額修正条項付)の月間行使状況に関するお知らせ.pdf
   ✅ 保存: 2981_1600_G-ランディックス_主要株主である筆頭株主の異動に関するお知らせおよび公開買付に準ずる行為として政令で定める買集め行為に関するお知らせ.pdf
   ✅ 保存: 3077_1600_ホリイフード_(開示事項の経過)鮨桝食品株式会社の株式取得(子会社化)に関するお知らせ.pdf
   ✅ 保存: 3121_1600_マーチャント_自己株式取得に係る事項の進捗状況に関するお知らせ.pdf
   ✅ 保存: 3121_1600_マーチャント_株式会社TIGEREYE の株式取得(持分法適用関連会社化)に関する譲渡予約契約締結のお知らせ ~次世代の社会基盤を目指すAI企業への資本参加~.pdf
   ✅ 保存: 3133_1600_G-海帆_第三者割当により発行された第9回新株予約権(行使価額修正条項付)の月間行使状況に関するお知らせ.pdf
   ✅ 保存: 3179_1600_シュッピン_2026年5月度月次情報の開示に関するお知らせ.pdf
   ✅ 保存: 3434_1600_アルファCo_2026年3月期 決算説明資料.pdf
   ✅ 保存: 3437_1600_特殊電極_主要株主及び主要株主である筆頭株主かつその他の関係会社の異動(予定)に関するお知らせ.pdf
   ✅ 保存: 3569_1600_セーレン_自己株式取得状況に関するお知らせ.pdf
   ✅ 保存: 3667_1600_enish_第三者割当により発行された第22回新株予約権(行使価額修正条項付)の月間行使状況に関するお知らせ.pdf
   ✅ 保存: 3823_1600_WHY HOW DO_第三者割当による第16回新株予約権(行使価額修正条項付)の月間行使状況に関するお知らせ.pdf
   ✅ 保存: 3979_1600_G-うるる_自己株式の取得状況に関するお知らせ.pdf
   ✅ 保存: 3985_1600_テモナ_2026年9月期(FY26)中間期 決算説明資料.pdf
   ✅ 保存: 3993_1600_PKSHA_自己株式の取得状況に関するお知らせ.pdf
   ✅ 保存: 4502_1600_武田薬_新株式発行に係る発行登録の取下げ及び新たな発行登録に関するお知らせ.pdf
   ✅ 保存: 4563_1600_G-アンジェス_行使価額修正条項付新株予約権の月間行使状況に関するお知らせ.pdf
   ✅ 保存: 4572_1600_G-カルナバイオ_docirbrutinib(AS-1763)開発促進新株予約権(行使価額修正条項付)の月間行使状況に関するお知らせ.pdf
   ✅ 保存: 4582_1600_G-シンバイオ製薬_第三者割当により発行された第58回新株予約権及び第66回新株予約権(行使価額修正条項付)の 月間行使状況に関するお知らせ.pdf
   ✅ 保存: 4584_1600_G-キッズ・バイオ_第三者割当による第4回無担保転換社債型新株予約権付社債及び第23回新株予約権の月間行使状況に関するお知らせ.pdf
   ✅ 保存: 4674_1600_クレスコ_自己株式の取得状況に関するお知らせ(会社法第459条第1項の規定による当社定款の定めに基づく自己株式の取得).pdf
   ✅ 保存: 4890_1600_G-坪田ラボ_子会社の異動を伴う株式取得に関するお知らせ.pdf
   ✅ 保存: 5341_1600_ASAHI EITO_第三者割当により発行された第12回新株予約権(行使価額修正条項付)の月間行使状況に関するお知らせ.pdf
   ✅ 保存: 5575_1600_G-Globee_自己株式の取得状況に関するお知らせ.pdf
   ✅ 保存: 5589_1600_オートサーバー_2026年12月期5月度 ASNET取引台数実績(速報値).pdf
   ✅ 保存: 6151_1600_日東工器_2026年3月期 決算説明会資料.pdf
   ✅ 保存: 6174_1600_P-デンタス_TOKYO PRO Marketへの上場目的の開示.pdf
   ✅ 保存: 6419_1600_マースグループHD_自己株式の取得状況に関するお知らせ.pdf
   ✅ 保存: 6737_1600_EIZO_自己株式の取得状況に関するお知らせ.pdf
   ✅ 保存: 6806_1600_ヒロセ電_自己株式の取得状況に関するお知らせ.pdf
   ✅ 保存: 6837_1600_京写_自己株式の取得状況に関するお知らせ.pdf
   ✅ 保存: 7278_1600_エクセディ_自己株式の取得状況に関するお知らせ.pdf
   ✅ 保存: 7578_1600_ニチリョク_第3回新株予約権(行使価額修正条項付)の月間行使状況に関するお知らせ.pdf
   ✅ 保存: 7578_1600_ニチリョク_第4回新株予約権(行使価額修正条項付)の月間行使状況に関するお知らせ.pdf
   ✅ 保存: 7776_1600_G-セルシード_第25回新株予約権(行使価額修正条項付)の月間行使状況に関するお知らせ.pdf
   ✅ 保存: 7865_1600_ピープル_2027年1月期第1四半期決算短信〔日本基準〕(非連結).pdf
   ✅ 保存: 7865_1600_ピープル_第1四半期業績予想と実績値との差異に関するお知らせ.pdf
   ✅ 保存: 7865_1600_ピープル_ピープル株式会社 2027年1月期4月度 月次業績ハイライト.pdf
   ✅ 保存: 7946_1600_光陽社_自己株式の取得状況に関するお知らせ.pdf
   ✅ 保存: 8101_1600_GSIクレオス_自己株式の取得状況に関するお知らせ.pdf
   ✅ 保存: 8105_1600_BitcoinJPN_第三者割当により発行された行使価額修正条項付第1回新株予約権の月間行使状況に関するお知らせ.pdf
   ✅ 保存: 8105_1600_BitcoinJPN_第三者割当により発行された行使価額修正条項付第1回新株予約権の大量行使に関するお知らせ.pdf
   ✅ 保存: 8174_1600_日瓦斯_自己株式の取得状況(途中経過)に関するお知らせ.pdf
   ✅ 保存: 8237_1600_松屋_2026年5月売上速報.pdf
   ✅ 保存: 8306_1600_三菱UFJ_自己株式の取得状況に関するお知らせ.pdf
   ✅ 保存: 8308_1600_りそなHD_自己株式の取得状況に関するお知らせ.pdf
   ✅ 保存: 8309_1600_三井住友トラストG_自己株式の取得状況に関するお知らせ.pdf
   ...Page 002 を確認中
   ✅ 保存: 8411_1600_みずほ_自己株式の取得状況に関するお知らせ.pdf
   ✅ 保存: 8783_1600_abc_自己株式の取得状況に関するお知らせ.pdf
   ✅ 保存: 9246_1600_G-プロジェクトHD_自己株式の取得状況に関するお知らせ.pdf
   ✅ 保存: 9765_1600_オオバ_自己株式の取得状況に関するお知らせ.pdf
   ✅ 保存: 9791_1600_ビケンテクノ_株主優待の一部内容変更に関するお知らせ.pdf
   ✅ 保存: 9973_1600_KOZOHD_第三者割当により発行された第16回新株予約権(行使価額修正条項付)の月間行使状況に関するお知らせ.pdf
   ✅ 保存: 6580_1550_G-ライトアップ_自己株式の取得状況に関するお知らせ.pdf
   ✅ 保存: 9253_1550_G-スローガン_自己株式の取得状況に関するお知らせ.pdf
   ✅ 保存: 6457_1545_グローリー_自己株式の取得状況に関するお知らせ.pdf
   ✅ 保存: 8059_1545_第一実業_自己株式の取得状況に関するお知らせ.pdf
   ✅ 保存: 5216_1540_倉元_第9回新株予約権(固定行使価額型)の行使状況に関するお知らせ.pdf
   ✅ 保存: 5333_1540_NGK_自己株式の消却完了に関するお知らせ.pdf
   ✅ 保存: 6676_1540_BUFFALO_自己株式の取得状況に関するお知らせ.pdf
   ✅ 保存: 9408_1540_BSNメディアHD_BSNグループ中期経営計画策定に関するお知らせ.pdf
   ✅ 保存: 410A_1531_G-GMOコマース_自己株式の取得状況に関するお知らせ.pdf
   ✅ 保存: 175A_1530_G-ウィルスマート_第三者割当による新株式発行の払込完了に関するお知らせ.pdf
   ✅ 保存: 175A_1530_G-ウィルスマート_新株予約権(ストックオプション)の行使価額の調整に関するお知らせ.pdf
   ✅ 保存: 190A_1530_G-Chordia_第9回新株予約権(行使価額修正条項付)の月間行使状況に関するお知らせ.pdf
   ✅ 保存: 1942_1530_関電工_(訂正・数値データ訂正)「2026年3月期 決算短信〔日本基準〕(連結)」の一部訂正のお知らせ.pdf
   ✅ 保存: 212A_1530_フィットイージー_2026年10月期 5月度 主要KPI(会員数及び店舗数)についてのお知らせ.pdf
   ✅ 保存: 219A_1530_G-ハートシード_他家iPS細胞由来心筋球(HS-001)の第I_II相治験(LAPiS試験)解析結果に関するお知らせ.pdf
   ✅ 保存: 2288_1530_丸大食_自己株式の取得状況に関するお知らせ.pdf
   ✅ 保存: 2331_1530_ALSOK_自己株式の取得状況に関するお知らせ.pdf
   ✅ 保存: 2334_1530_G-イオレ_第14回新株予約権(行使価額修正条項付)の月間行使状況に関するお知らせ.pdf
   ✅ 保存: 2337_1530_いちご_自己株式の取得状況のお知らせ.pdf
   ✅ 保存: 2370_1530_G-MDNT_第三者割当による第20回新株予約権(行使価額修正条項付)の月間行使状況に関するお知らせ.pdf
   ✅ 保存: 2408_1530_KG情報_自己株式の取得状況に関するお知らせ.pdf
   ✅ 保存: 2413_1530_エムスリー_自己株式の取得状況に関するお知らせ (会社法第459条第1項の規定による定款の定めに基づく自己株式の取得).pdf
   ✅ 保存: 2531_1530_宝HLD_自己株式の取得状況(途中経過)に関するお知らせ.pdf
   ✅ 保存: 2533_1530_オエノンHD_自己株式取得状況に関するお知らせ.pdf
   ✅ 保存: 2540_1530_養命酒_株式併合並びに単元株式数の定めの廃止及び定款の一部変更に係る承認決議に関するお知らせ.pdf
   ✅ 保存: 2586_1530_G-フルッタフルッタ_第三者割当による第14回新株予約権(行使価額修正条項付)の月間行使状況に関するお知らせ.pdf
   ✅ 保存: 2593_1530_伊藤園_2026年4月期決算短信[日本基準](連結).pdf
   ✅ 保存: 2593_1530_伊藤園_2026年4月期 通期決算説明会資料.pdf
   ✅ 保存: 2670_1530_ABCマート_連結子会社ABC-MART KOREA, INC.による韓国シューズセレクトショップFOLDER事業譲受けに関するお知らせ.pdf
   ✅ 保存: 2762_1530_SANKO MF_第三者割当により発行された新株式、第3回無担保転換社債型新株予約権付社債及び第8回新株予約権の払込完了に関するお知らせ.pdf
   ✅ 保存: 2875_1530_東洋水産_(訂正)「株主提案に関する書面の受領および当社取締役会の意見に関するお知らせ」の一部訂正について.pdf
   ✅ 保存: 2875_1530_東洋水産_自己株式の取得状況に関するお知らせ.pdf
   ✅ 保存: 292A_1530_P-エスアイイー_東京証券取引所 TOKYO PRO Marketへの上場目的の開示.pdf
   ✅ 保存: 2975_1530_スター・マイカHD_第三者割当による新株式発行の払込完了に関するお知らせ.pdf
   ✅ 保存: 3086_1530_Jフロント_自己株式の取得状況に関するお知らせ.pdf
   ✅ 保存: 3099_1530_ミツコシイセタン_自己株式の取得状況(途中経過)に関するお知らせ.pdf
   ✅ 保存: 3107_1530_ダイワボHD_自己株式の取得状況に関するお知らせ.pdf
   ✅ 保存: 3234_1530_R-森ヒルズ_資産運用会社における変更登録の申請、業務方法書の変更及び兼業業務の届出に関するお知らせ.pdf
   ✅ 保存: 3234_1530_R-森ヒルズ_自己投資口の取得状況に関するお知らせ.pdf
   ✅ 保存: 3246_1530_コーセーアールイー_非上場の親会社等の決算に関するお知らせ.pdf
   ✅ 保存: 3280_1530_エストラスト_定款の一部変更に関するお知らせ.pdf
   ✅ 保存: 3281_1530_R-GLP_自己投資口の取得状況に関するお知らせ.pdf
   ✅ 保存: 3288_1530_オープンハウスG_自己株式の取得状況に関するお知らせ.pdf
   ✅ 保存: 3350_1530_メタプラネット_自己株式の取得状況に関するお知らせ.pdf
   ✅ 保存: 3350_1530_メタプラネット_第三者割当により発行された第27回新株予約権(行使価額修正条項、mNAV条項、下限行使価額修正条項及び行使停止条項付)の月間行使状況に関するお知らせ.pdf
   ✅ 保存: 3358_1530_Trailhead_第5回新株予約権(行使価額修正条項付)の月間行使状況に関するお知らせ.pdf
   ✅ 保存: 3377_1530_バイク王_執行役員の人事異動に関するお知らせ.pdf
   ✅ 保存: 3415_1530_トウキョウベース_自己株式の取得状況及び取得終了に関するお知らせ.pdf
   ✅ 保存: 3466_1530_R-ラサールロジ_自己投資口の取得状況に関するお知らせ.pdf
   ✅ 保存: 3556_1530_G-リネットジャパン_第25回新株予約権(行使価額修正条項付)の月間行使状況に関するお知らせ.pdf
   ✅ 保存: 3645_1530_G-メディカルネット_取締役の辞任に関するお知らせ.pdf
   ✅ 保存: 3659_1530_ネクソン_自己株式の取得状況に関するお知らせ(会社法第165条第2項の規定による定款の定めに基づく自己株式の取得).pdf
   ✅ 保存: 3664_1530_G-WIZE_第三者割当による第39回新株予約権(行使価額修正条項付)の発行価額の払込完了に関するお知らせ.pdf
   ✅ 保存: 3672_1530_オルトプラス_第三者割当により発行された第11回新株予約権(行使価額修正条項付の月間行使状況に関するお知らせ.pdf
   ✅ 保存: 3696_1530_セレス_自己株式の取得状況に関するお知らせ.pdf
   ✅ 保存: 3773_1530_G-AMI_自己株式の取得状況に関するお知らせ.pdf
   ✅ 保存: 3903_1530_gumi_第26回新株予約権(行使価額修正条項付)の月間行使状況に関するお知らせ.pdf
   ✅ 保存: 3927_1530_フーバーブレイン_連結子会社からの配当金受領に関するお知らせ.pdf
   ✅ 保存: 3935_1530_エディア_自己株式の取得状況に関するお知らせ.pdf
   ✅ 保存: 3950_1530_ザ・パック_自己株式の取得状況に関するお知らせ.pdf
   ✅ 保存: 3970_1530_イノベーション_第三者割当による第8回及び第9回新株予約権(行使価額修正条項付)の月間行使状況に関するお知らせ.pdf
   ✅ 保存: 3997_1530_トレードワークス_過年度の有価証券報告書等の訂正報告書の提出及び過年度の決算短信等の訂正に関するお知らせ.pdf
   ✅ 保存: 3997_1530_トレードワークス_(訂正・数値データ訂正)「2025年12月期 決算短信〔日本基準〕(連結)」の一部訂正について.pdf
   ✅ 保存: 3997_1530_トレードワークス_自己株式取得状況に関するお知らせ.pdf
   ✅ 保存: 4015_1530_G-ペイクラウドHD_自己株式の取得状況に関するお知らせ.pdf
   ✅ 保存: 4045_1530_東亜合_自己株式の取得状況に関するお知らせ.pdf
   ✅ 保存: 4118_1530_カネカ_自己株式の取得状況に関するお知らせ.pdf
   ✅ 保存: 411A_1530_P-マリタイムバンク_東京証券取引所TOKYO PRO Market上場目的の開示に関するお知らせ.pdf
   ✅ 保存: 4187_1530_大有機化_資本業務提携に関するお知らせ.pdf
   ✅ 保存: 4287_1530_ジャストプラ_自己株式の取得状況に関するお知らせ.pdf
   ✅ 保存: 4307_1530_NRI_自己株式の取得状況に関するお知らせ.pdf
   ✅ 保存: 437A_1530_P-ジェイウェイブ_定款の一部変更に関するお知らせ.pdf
   ✅ 保存: 437A_1530_P-ジェイウェイブ_TOKYO PRO Market への上場目的の開示について.pdf
   ✅ 保存: 4443_1530_Sansan_自己株式の取得状況に関するお知らせ.pdf
   ✅ 保存: 4544_1530_HUグループHD_自己株式の取得状況に関するお知らせ.pdf
   ✅ 保存: 4571_1530_G-NANO_第22回新株予約権(行使価額修正条項付)の月間行使状況に関するお知らせ.pdf
   ✅ 保存: 4576_1530_G-DWTI_第13回新株予約権(行使価額修正条項付)の月間行使状況に関するお知らせ.pdf
   ✅ 保存: 4577_1530_ダイト_自己株式の消却完了に関するお知らせ.pdf
   ✅ 保存: 4591_1530_G-リボミック_第三者割当により発行された第19回新株予約権(行使価額修正条項付)の月間行使状況に関するお知らせ.pdf
   ✅ 保存: 4598_1530_G-DELTA-P_第11回新株予約権(行使価額修正条項付新株予約権)の 月間行使状況に関するお知らせ.pdf
   ✅ 保存: 4685_1530_菱友システム_代表取締役の異動に関するお知らせ.pdf
   ✅ 保存: 4685_1530_菱友システム_(変更)「人事異動に関するお知らせ」の一部変更について.pdf
   ✅ 保存: 4776_1530_CYBOZU_自己株式の取得状況に関するお知らせ.pdf
   ✅ 保存: 4840_1530_トライアイズ_第17回新株予約権(行使価額修正条項付)の月間行使状況に関するお知らせ.pdf
   ✅ 保存: 4881_1530_G-ファンペップ_Crafton Biotechnologyとの共同研究開始のお知らせ.pdf
   ✅ 保存: 4881_1530_G-ファンペップ_第13回新株予約権(行使価額修正条項付)の月間行使状況に関するお知らせ.pdf
   ✅ 保存: 4882_1530_G-ペルセウス_行使価額修正条項付新株予約権の月間行使状況に関するお知らせ.pdf
   ✅ 保存: 4891_1530_G-ティムス_第10回新株予約権(行使価額修正条項付)の月間行使状況に関するお知らせ.pdf
   ✅ 保存: 5019_1530_出光興産_自己株式の取得状況に関するお知らせ.pdf
   ✅ 保存: 5020_1530_ENEOS_自己株式の取得状況(途中経過)に関するお知らせ.pdf
   ✅ 保存: 5187_1530_クリエート_自己株式の取得状況に関するお知らせ.pdf
   ✅ 保存: 5214_1530_日電硝_自己株式の取得状況に関するお知らせ.pdf
   ✅ 保存: 5253_1530_G-カバー_自己株式の取得状況(途中経過)に関するお知らせ.pdf
   ✅ 保存: 5257_1530_ノバシステム_自己株式の取得状況に関するお知らせ.pdf
   ...Page 003 を確認中
   ✅ 保存: 5280_1530_ヨシコン_自己株式の市場買付けに関するお知らせ.pdf
   ✅ 保存: 5334_1530_日特殊陶_自己株式の取得状況に関するお知らせ(会社法第459条第1項の規定による定款の定めに基づく自己株式の取得).pdf
   ✅ 保存: 5393_1530_ニチアス_自己株式の取得状況に関するお知らせ.pdf
   ✅ 保存: 550A_1530_ソフトテックス_(再訂正・数値データ訂正)「2026年3月期 決算短信〔日本基準〕(非連結)」の一部訂正のお知らせ.pdf
   ✅ 保存: 550A_1530_ソフトテックス_(訂正)2026年3月期 決算説明資料.pdf
   ✅ 保存: 550A_1530_ソフトテックス_剰余金の配当に関するお知らせ.pdf
   ✅ 保存: 5532_1530_G-リアルゲイト_ヒューリック株式会社を割当先とする第三者割当による新株式発行の払込完了に関するお知らせ.pdf
   ✅ 保存: 5707_1530_東邦鉛_第三者割当により発行された行使価額修正条項付第1回新株予約権の月間行使状況に関するお知らせ.pdf
   ✅ 保存: 5721_1530_エスクリプトエナジー_取締役候補者の選任に関するお知らせ.pdf
   ✅ 保存: 5929_1530_三和HD_自己株式の取得状況に関するお知らせ.pdf
   ✅ 保存: 5933_1530_アルインコ_自己株式の取得状況に関するお知らせ.pdf
   ✅ 保存: 5943_1530_ノーリツ_自己株式の取得状況(途中経過)に関するお知らせ.pdf
   ✅ 保存: 5959_1530_岡部_自己株式の取得状況に関するお知らせ.pdf
   ✅ 保存: 6031_1530_G-ZETA_自己株式の取得状況に関するお知らせ.pdf
   ✅ 保存: 6050_1530_Eガーディアン_(開示事項の経過)株式会社アウトソーシングコミュニケーションズの株式取得(完全子会社化)完了のお知らせ.pdf
   ✅ 保存: 6071_1530_IBJ_株式会社 IBJ(結婚相談所事業)2026年5月KPIについて.pdf
   ✅ 保存: 6098_1530_リクルートHD_自己株式の取得状況について.pdf
   ✅ 保存: 6191_1530_エアトリ_自己株式の取得状況に関するお知らせ.pdf
   ✅ 保存: 6199_1530_セラク_自己株式の取得状況に関するお知らせ.pdf
   ✅ 保存: 6240_1530_ヤマシンフィルタ_自己株式の取得状況に関するお知らせ.pdf
   ✅ 保存: 6265_1530_コンバム_当社執行役員及び従業員に対する譲渡制限付株式報酬としての自己株式処分の払込完了に関するお知らせ.pdf
   ✅ 保存: 6298_1530_ワイエイシイHD_自己株式の取得終了に関するお知らせ.pdf
   ✅ 保存: 6316_1530_丸山製_自己株式の取得状況に関するお知らせ.pdf
   ✅ 保存: 6361_1530_荏原製_自己株式の取得状況に関するお知らせ.pdf
   ✅ 保存: 6370_1530_栗田工_自己株式の取得状況に関するお知らせ.pdf
   ✅ 保存: 6380_1530_オリチエン工業_第1回新株予約権の月間権利行使状況に関するお知らせ.pdf
   ✅ 保存: 6454_1530_マックス_自己株式の取得状況に関するお知らせ.pdf
   ✅ 保存: 6481_1530_THK_(開示事項の経過)連結子会社の異動(株式譲渡)及び債権譲渡の完了に関するお知らせ.pdf
   ✅ 保存: 6562_1530_G-ジーニー_2026年3月期連結業績予想数値と実績値の差異及び個別業績の前期実績値との差異に関するお知らせ(日本基準).pdf
   ✅ 保存: 6562_1530_G-ジーニー_(訂正・数値データ訂正)「2026年3月期 決算短信〔IFRS〕(連結)」の一部訂正について.pdf
   ✅ 保存: 6727_1530_ワコム_自己株式の取得状況に関するお知らせ.pdf
   ✅ 保存: 6787_1530_メイコー_子会社の商号変更に関するお知らせ.pdf
   ✅ 保存: 6845_1530_アズビル_自己株式の取得状況に関するお知らせ.pdf
   ✅ 保存: 6853_1530_共和電_自己株式の取得状況に関するお知らせ.pdf
   ✅ 保存: 6853_1530_共和電_当社及び当社子会社の従業員に対する譲渡制限付株式としての自己株式処分の払込完了及び一部失権に関するお知らせ.pdf
   ✅ 保存: 6862_1530_ミナトHD_自己株式の取得状況に関するお知らせ(会社法第165条第2項の規定による定款の定めに基づく自己株式の取得).pdf
   ✅ 保存: 6952_1530_カシオ計_自己株式の取得状況に関するお知らせ.pdf
   ✅ 保存: 6965_1530_浜松ホトニク_自己株式の取得状況に関するお知らせ.pdf
   ✅ 保存: 6997_1530_日ケミコン_B種種類株主によるB種種類株式の普通株式を対価とする取得請求権の行使に関するお知らせ.pdf
   ✅ 保存: 7058_1530_共栄セキュリティ_当社の連結子会社の合併による特定子会社の異動に関するお知らせ.pdf
   ✅ 保存: 7058_1530_共栄セキュリティ_株式会社アコードセキュリティの株式の取得(子会社化)に関するお知らせ.pdf
   ✅ 保存: 7138_1530_G-TORICO_第三者割当により発行された第11回新株予約権(行使価額修正条項及び行使停止条項付)の月間行使状況に関するお知らせ.pdf
   ✅ 保存: 7199_1530_プレミアグループ_自己株式の取得状況に関するお知らせ.pdf
   ✅ 保存: 7213_1530_レシップHD_自己株式の取得状況(途中経過)に関するお知らせ.pdf
   ✅ 保存: 7245_1530_大同メタル_自己株式の取得状況に関するお知らせ.pdf
   ✅ 保存: 7270_1530_SUBARU_自己株式の取得状況に関するお知らせ.pdf
   ✅ 保存: 7287_1530_日本精機_2026年3月期 決算説明会 書き起こし(質疑応答あり).pdf
   ✅ 保存: 7309_1530_シマノ_自己株式の取得状況に関するお知らせ.pdf
   ✅ 保存: 7320_1530_G-Solvvy_自己株式の取得状況に関するお知らせ.pdf
   ✅ 保存: 7367_1530_セルム_自己株式の取得状況に関するお知らせ.pdf
   ✅ 保存: 7564_1530_ワークマン_2027年3月期 月次前年比速報に関するお知らせ.pdf
   ✅ 保存: 7683_1530_ダブルエー_2027年1月期5月度単体月次概況(速報)のお知らせ.pdf
   ✅ 保存: 7898_1530_ウッドワン_資本コストや株価を意識した経営の実現に向けた対応の進捗状況について.pdf
   ✅ 保存: 7911_1530_TOPPAN HD_自己株式の取得状況に関するお知らせ.pdf
   ✅ 保存: 7912_1530_大日印_自己株式の取得状況に関するお知らせ.pdf
   ✅ 保存: 7957_1530_フジコピアン_第三者割当による第2回新株予約権(行使価額修正条項付)の月間行使状況に関するお知らせ.pdf
   ✅ 保存: 7981_1530_タカラスタン_自己株式の取得状況に関するお知らせ.pdf
   ✅ 保存: 7990_1530_グローブライド_自己株式の取得状況に関するお知らせ.pdf
   ✅ 保存: 8093_1530_極東貿易_自己株式の取得状況に関するお知らせ.pdf
   ✅ 保存: 8132_1530_シナネンHD_自己株式の取得状況(途中経過)に関するお知らせ.pdf
   ✅ 保存: 8242_1530_H2Oリテイル_自己株式の取得状況に関するお知らせ(会社法第459条第1項の規定による定款の定めに基づく自己株式の取得).pdf
   ✅ 保存: 8254_1530_さいか屋_第三者割当により発行された第1回新株予約権(行使価額修正条項付)の月間行使状況に関するお知らせ.pdf
   ✅ 保存: 8344_1530_山形銀_自己株式の取得状況に関するお知らせ.pdf
   ✅ 保存: 8377_1530_ほくほく_自己株式の取得状況に関するお知らせ.pdf
   ✅ 保存: 8418_1530_山口FG_自己株式の取得状況に関するお知らせ.pdf
   ✅ 保存: 8518_1530_アジア投資_2025年第2回新株予約権(行使価額修正条項付)の月間行使状況に関するお知らせ.pdf
   ✅ 保存: 8742_1530_小林洋行_自己株式の取得状況に関するお知らせ.pdf
   ✅ 保存: 8802_1530_三菱地所_自己株式の取得状況に関するお知らせ.pdf
   ✅ 保存: 8850_1530_スターツ_役員の異動に関するお知らせ.pdf
   ✅ 保存: 8920_1530_東祥_自己株式の取得状況に関するお知らせ.pdf
   ✅ 保存: 8938_1530_G-グロームHD_アライアンス先医療機関の施設数・病床数に関するお知らせ.pdf
   ✅ 保存: 8953_1530_R-都市ファンド_国内不動産信託受益権の譲渡に関するお知らせ【エディオン京橋店(底地)】.pdf
   ✅ 保存: 8953_1530_R-都市ファンド_本日のプレスリリースに関する補足説明資料.pdf
   ✅ 保存: 8976_1530_R-大和OF_特定関係法人の異動に関するお知らせ.pdf
   ✅ 保存: 9007_1530_小田急_自己株式の取得状況に関するお知らせ.pdf
   ✅ 保存: 9143_1530_SGホールディングス_当社子会社に対する行政処分に関するお知らせ.pdf
   ✅ 保存: 9166_1530_G-GENDA_自己株式の取得状況に関するお知らせ(会社法第165条第2項の規定による定款の定めに基づく自己株式の取得).pdf
   ✅ 保存: 9307_1530_杉村倉庫_自己株式の取得状況に関するお知らせ.pdf
   ✅ 保存: 9399_1530_ビート_第三者割当による行使価額修正条項付新株予約権の月間行使状況に関するお知らせ.pdf
   ✅ 保存: 9404_1530_日テレHD_自己株式の取得状況に関するお知らせ.pdf
   ✅ 保存: 9435_1530_光通信_自己株式の取得状況に関するお知らせ.pdf
   ✅ 保存: 9436_1530_沖縄セルラー_自己株式の取得状況に関するお知らせ.pdf
   ✅ 保存: 9552_1530_クオンツ総研HD_自己株式の取得状況に関するお知らせ.pdf
   ✅ 保存: 9619_1530_イチネンHD_三菱商事アグリサービス株式会社及びエムシー・ファーティコム株式会社の株式取得(子会社化)の完了並びに商号変更等に関するお知らせ.pdf
   ✅ 保存: 9627_1530_アインHD_業績予想の修正(上方修正)及び期末配当予想の修正(増配)に関するお知らせ.pdf
   ✅ 保存: 9678_1530_カナモト_自己株式の取得状況(途中経過)に関するお知らせ.pdf
   ✅ 保存: 9678_1530_カナモト_2026年10月期業績予想の修正に関するお知らせ.pdf
   ✅ 保存: 9682_1530_DTS_自己株式の取得状況に関するお知らせ.pdf
   ✅ 保存: 9735_1530_セコム_自己株式の取得状況に関するお知らせ.pdf
   ✅ 保存: 9735_1530_セコム_投資単位の引下げに関する考え方及び方針等について.pdf
   ✅ 保存: 9769_1530_学究社_代表執行役の異動内定に関するお知らせ.pdf
   ✅ 保存: 9780_1530_ハリマビステム_自己株式の取得状況に関するお知らせ.pdf
   ✅ 保存: 9878_1530_セキド_第三者割当により発行された第18回新株予約権(行使価額修正条項及び行使停止条項付)の月間行使状況に関するお知らせ.pdf
   ✅ 保存: 9903_1530_カンセキ_中期経営計画(2027年2月期~2029年2月期)策定のお知らせ.pdf
   ✅ 保存: 9941_1530_太洋物産_有償ストック・オプション(第8回新株予約権)の払込完了に関するお知らせ.pdf
   ✅ 保存: 9941_1530_太洋物産_税制適格ストックオプション(第7回新株予約権)の発行内容確定に関するお知らせ.pdf
   ✅ 保存: 9941_1530_太洋物産_(訂正)「有償ストック・オプション(第8回新株予約権)の発行に関するお知らせ」の一部訂正について.pdf
   ✅ 保存: 1420_1500_サンヨーH_第3回新株予約権(行使価額修正条項付新株予約権)の月間行使状況に関するお知らせ.pdf
   ✅ 保存: 1885_1500_東亜建_取締役会の実効性評価結果の概要について.pdf
   ...Page 004 を確認中
   ✅ 保存: 1951_1500_エクシオグループ_自己株式の取得状況に関するお知らせ.pdf
   ✅ 保存: 2809_1500_キユーピー_自己株式の取得状況(途中経過)に関するお知らせ.pdf
   ✅ 保存: 3058_1500_三洋堂HD_2026年3月期 決算説明会資料.pdf
   ✅ 保存: 3106_1500_クラボウ_自己株式の取得状況に関するお知らせ.pdf
   ✅ 保存: 3719_1500_AIストーム_第三者割当により発行された行使価額修正条項付第10回新株予約権の月間行使状況に関するお知らせ.pdf
   ✅ 保存: 4095_1500_日パーカライ_自己株式の取得状況に関するお知らせ (会社法第165条第2項の規定による定款の定めに基づく自己株式の取得).pdf
   ✅ 保存: 5184_1500_ニチリン_自己株式取得状況に関するお知らせ.pdf
   ✅ 保存: 5423_1500_東製鉄_自己株式の取得状況に関するお知らせ.pdf
   ✅ 保存: 6282_1500_オイレス工_自己株式の取得状況に関するお知らせ.pdf
   ✅ 保存: 6351_1500_鶴見製_自己株式の取得状況に関するお知らせ.pdf
   ✅ 保存: 6413_1500_理想科学_自己株式の取得状況に関するお知らせ.pdf
   ✅ 保存: 6969_1500_松尾電機_公益財団法人財務会計基準機構への加入状況及び加入に関する考え方等に関するお知らせ.pdf
   ✅ 保存: 6969_1500_松尾電機_支配株主等に関する事項について.pdf
   ✅ 保存: 7419_1500_ノジマ_自己株式の取得状況に関するお知らせ.pdf
   ✅ 保存: 7520_1500_エコス_自己株式の取得状況(途中経過)に関するお知らせ.pdf
   ✅ 保存: 8145_1500_中部水_株主提案に対する当社取締役会の意見に関するお知らせ.pdf
   ✅ 保存: 8237_1500_松屋_(訂正)「役員等の異動に関するお知らせ」 の一部訂正について.pdf
   ✅ 保存: 8596_1500_九州リースサービス_支配株主等に関する事項について.pdf
   ✅ 保存: 8713_1500_フィデアHD_自己株式の取得状況に関するお知らせ.pdf
   ✅ 保存: 8747_1500_豊トラスティ証券_連結総資産の減少に関するお知らせ.pdf
   ✅ 保存: 9042_1500_阪急阪神_自己株式の取得状況に関するお知らせ.pdf
   ✅ 保存: 9962_1500_ミスミG_自己株式の取得状況に関するお知らせ.pdf
   ✅ 保存: 6273_1445_SMC_自己株式の取得状況に関するお知らせ.pdf
   ✅ 保存: 4238_1430_ミライアル_財務上の特約が付されたシンジケートローン契約締結に関するお知らせ.pdf
   ✅ 保存: 4238_1430_ミライアル_自己株式の取得に係る事項の決定及び自己株式の消却に関するお知らせ.pdf
   ✅ 保存: 4238_1430_ミライアル_2027年1月期第1四半期連結業績予想の修正に関するお知らせ.pdf
   ✅ 保存: 5713_1430_住友鉱_自己株式の取得状況及び取得終了並びに自己株式の消却に関するお知らせ.pdf
   ✅ 保存: 7337_1430_ひろぎんHD_自己株式の取得状況に関するお知らせ.pdf
   ✅ 保存: 8255_1430_アクシアル_2026年3月期 決算説明会資料.pdf
   ✅ 保存: 8617_1430_光世証_自己株式の取得状況に関するお知らせ.pdf
   ✅ 保存: 3151_1400_バイタルKSK_自己株式の取得状況に関するお知らせ.pdf
   ✅ 保存: 4246_1400_DNC_自己株式の取得状況に関するお知らせ.pdf
   ✅ 保存: 4403_1400_日油_自己株式の取得状況に関するお知らせ.pdf
   ✅ 保存: 4534_1400_持田薬_自己株式の取得状況に関するお知らせ.pdf
   ✅ 保存: 4826_1400_CIJ_自己株式の取得状況および取得終了に関するお知らせ.pdf
   ✅ 保存: 6403_1400_水道機工_株式併合並びに単元株式数の定めの廃止及び定款の一部変更に係る 承認決議に関するお知らせ.pdf
   ✅ 保存: 6574_1400_G-コンヴァノ_(訂正)「個別決算における特別損失の計上及び個別業績の差異に関するお知らせ」の一部訂正について.pdf
   ✅ 保存: 6574_1400_G-コンヴァノ_(訂正)「業績予想と実績値との差異に関するお知らせ」の一部訂正について.pdf
   ✅ 保存: 7192_1400_日本モーゲージS_剰余金配当に関するお知らせ.pdf
   ✅ 保存: 7192_1400_日本モーゲージS_当社及び子会社役員人事に関するお知らせ.pdf
   ✅ 保存: 7716_1400_ナカニシ_自己株式の取得状況に関するお知らせ.pdf
   ✅ 保存: 7716_1400_ナカニシ_事後交付型譲渡制限付株式ユニット制度に基づく自己株式の処分の払込完了に関するお知らせ.pdf
   ✅ 保存: 7886_1400_ヤマトモビMfg_定款の一部変更に関するお知らせ.pdf
   ✅ 保存: 8051_1400_山善_自己株式の取得状況に関するお知らせ.pdf
   ✅ 保存: 8061_1400_西華産_自己株式の取得状況に関するお知らせ.pdf
   ✅ 保存: 8511_1400_日証金_貸借取引貸付金・貸付有価証券等の平均残高のお知らせ.pdf
   ✅ 保存: 8544_1400_京葉銀_自己株式の取得状況に関するお知らせ.pdf
   ✅ 保存: 9036_1400_東部ネット_自己株式の取得状況に関するお知らせ.pdf
   ✅ 保存: 9824_1400_泉州電業_自己株式取得状況に関するお知らせ.pdf
   ✅ 保存: 1898_1330_世紀東急_2026年3月期 決算説明会資料.pdf
   ✅ 保存: 1480_1300_NF企業価値_NEXT FUNDS 野村企業価値分配指数連動型上場投信 決算短信.pdf
   ✅ 保存: 2251_1300_JGBダブルインバ_NEXT FUNDS JPX国債先物ダブルインバース指数連動型上場投信 中間決算短信.pdf
   ✅ 保存: 2518_1300_NF日本株女性活躍_NEXT FUNDS MSCI日本株女性活躍指数(セレクト)連動型上場投信 決算短信.pdf
   ✅ 保存: 2643_1300_日本株セレクトETF_NEXT FUNDS MSCIジャパンカントリー指数(セレクト)連動型上場投信 決算短信.pdf
   ✅ 保存: 4231_1300_タイガーポリ_自己株式取得状況に関するお知らせ.pdf
   ✅ 保存: 4583_1300_G-カイオム_第23回新株予約権(行使価額修正条項付)の月間行使状況に関するお知らせ.pdf
   ✅ 保存: 4935_1300_リベルタ_第7回新株予約権(行使価額修正条項付)の月間行使状況に関するお知らせ.pdf
   ✅ 保存: 546A_1300_MIRAINI_MIRAINIグループ経営方針説明会.pdf
   ✅ 保存: 560A_1300_P-オカダコーポ_TOKYO PRO Marketへの上場目的の開示について.pdf
   ✅ 保存: 6104_1300_芝浦機械_最高技術責任者の異動及び役員の異動に関するお知らせ.pdf
   ✅ 保存: 6301_1300_コマツ_自己株式の取得状況に関するお知らせ.pdf
   ✅ 保存: 7296_1300_FCC_自己株式の取得状況に関するお知らせ.pdf
   ✅ 保存: 7686_1300_ひとまいる_第3回新株予約権(行使価額修正条項付)の月間行使状況に関するお知らせ.pdf
   ✅ 保存: 8032_1300_紙パル商_自己株式の取得状況に関するお知らせ.pdf
   ✅ 保存: 8078_1300_阪和興_自己株式の取得状況に関するお知らせ.pdf
   ✅ 保存: 8381_1300_山陰合銀_自己株式の取得状況に関するお知らせ.pdf
   ✅ 保存: 9303_1300_住友倉_自己株式の取得状況に関するお知らせ.pdf
   ✅ 保存: 9355_1300_リンコー_支配株主等に関する事項について.pdf
   ✅ 保存: 9709_1300_NCS&A_自己株式の取得状況に関するお知らせ.pdf
   ✅ 保存: 6085_1245_G-アーキテクツSJ_連結子会社の異動および特別損失の発生に関するお知らせ.pdf
   ✅ 保存: 1429_1230_日本アクア_(追加修正)「2026年12月期 第1四半期 決算説明会資料」の一部修正について.pdf
   ✅ 保存: 4966_1230_上村工業_自己株式の取得状況に関するお知らせ.pdf
   ✅ 保存: 6592_1230_マブチモーター_自己株式の取得状況に関するお知らせ.pdf
   ✅ 保存: 7606_1230_Uアローズ_自己株式の取得状況に関するお知らせ (会社法第165条第2項の規定による定款の定めに基づく自己株式の取得).pdf
   ✅ 保存: 3557_1200_G-U&C_2026年5月度 月次報告.pdf
   ✅ 保存: 6111_1200_旭精機_当社ウェブサイトにおける障害の発生について(第2報).pdf
   ✅ 保存: 6521_1200_G-オキサイド_従業員向け事後交付型株式報酬(PSU)権利判定結果に関するお知らせ.pdf
   ✅ 保存: 8143_1200_ラピーヌ_公益財団法人財務会計基準機構への加入状況及び加入に関する考え方等に関するお知らせ.pdf
   ✅ 保存: 8237_1200_松屋_第157期定時株主総会における議決権行使の結果に関するお知らせ.pdf
   ✅ 保存: 8927_1200_明豊エンター_2026年5月 月次仕入及び販売に関するお知らせ.pdf
   ✅ 保存: 1326_1150_E-ワールド_SPDRゴールド・シェアに関する日々の開示事項.pdf
   ✅ 保存: 253A_1130_ETSグループ_(開示事項の経過)親会社のアムス・インターナショナル株式会社と連結子会社の会社分割による 事業譲受の完了に関するお知らせ.pdf
   ✅ 保存: 3571_1130_ソトー_連結子会社における債権の取立不能のおそれに関するお知らせ.pdf
   ✅ 保存: 3719_1130_AIストーム_第三者割当による第10回新株予約権の大量行使に関するお知らせ.pdf
   ✅ 保存: 7037_1130_テノ._(開示事項の経過)こどもファースト・ジャパン株式会社の株式の取得(子会社化)に係る株式取得日程に関するお知らせ.pdf
   ✅ 保存: 7161_1130_じもとHD_当社子会社における債権の取立不能又は取立遅延のおそれに関するお知らせ.pdf
   ✅ 保存: 147A_1100_G-ソラコム_役員人事に関するお知らせ.pdf
   ✅ 保存: 3407_1100_旭化成_自己株式の取得状況に関するお知らせ.pdf
   ✅ 保存: 5195_1100_バンドー化_自己株式の取得状況に関するお知らせ.pdf
   ✅ 保存: 575A_1100_前澤HD_前澤ホールディングス株式会社の設立に関するお知らせ.pdf
   ✅ 保存: 6302_1100_住友重_自己株式取得の取得状況に関するお知らせ(会社法第165条第2項の規定による定款の定めに基づく自己株式の取得).pdf
   ✅ 保存: 7461_1100_キムラ_公益財団法人財務会計基準機構への加入状況及び加入に関する考え方等に関するお知らせ.pdf
   ✅ 保存: 8011_1100_三陽商_自己株式の取得状況(途中経過)に関するお知らせ.pdf
   ✅ 保存: 6055_1030_Jマテリアル_(訂正)「2026年3月期 決算短信〔日本基準〕(連結)」の一部訂正について.pdf
   ✅ 保存: 6858_1030_小野測器_自己株式の取得状況に関するお知らせ.pdf
   ✅ 保存: 8255_1030_アクシアル_自己株式の取得状況に関するお知らせ.pdf
   ✅ 保存: 9799_1030_旭情報_自己株式の取得状況に関するお知らせ.pdf
   ...Page 005 を確認中
   ✅ 保存: 4884_1015_G-クリングル_第三者割当により発行された第16回新株予約権(行使価額修正条項付)の月間行使状況に関するお知らせ.pdf
   ✅ 保存: 3551_1000_ダイニック_自己株式の取得状況(途中経過)に関するお知らせ.pdf
   ✅ 保存: 3580_1000_小松マテーレ_自己株式の取得状況に関するお知らせ.pdf
   ✅ 保存: 6517_1000_デンヨー_自己株式の取得状況に関するお知らせ.pdf
   ✅ 保存: 6929_1000_日セラミック_自己株式の取得状況に関するお知らせ.pdf
   ✅ 保存: 9759_1000_NSD_自己株式の取得状況に関するお知らせ.pdf
   ✅ 保存: 3329_0935_東和フード_2026年5月度売上高速報(前期対比).pdf
   ✅ 保存: 6357_0930_三精テクノロジーズ_自己株式の取得結果及び取得終了に関するお知らせ.pdf
   ✅ 保存: 7793_0930_G-イメージマジック_自己株式の取得状況に関するお知らせ.pdf
   ✅ 保存: 6699_0915_ダイヤHD_第三者割当により発行された第8回新株予約権(行使価額修正条項付)の月間行使状況に関するお知らせ.pdf
   ✅ 保存: 5122_0905_オカモト_2026年3月期決算説明に関する質疑応答について.pdf
   ✅ 保存: 4507_0900_塩野義薬_抗新型コロナウイルス(SARS-CoV-2)薬 エンシトレルビル フマル酸の COVID-19 曝露後発症予防における米国FDAの承認について.pdf
   ✅ 保存: 6620_0900_宮越HD_「ワールド・イノベーション・センター(WIC)」 設計の進捗について.pdf
   ✅ 保存: 6644_0900_大崎電_自己株式の取得状況に関するお知らせ.pdf
   ✅ 保存: 7480_0900_スズデン_2027年3月期5月度売上高推移速報についてのお知らせ(個別).pdf
   ✅ 保存: 8053_0850_住友商_自己株式の取得状況に関するお知らせ.pdf
   ✅ 保存: 8002_0845_丸紅_自己株式の取得状況に関するお知らせ.pdf
   ✅ 保存: 4684_0830_オービック_自己株式の取得状況に関するお知らせ.pdf
   ✅ 保存: 7366_0800_LITALICO_自己株式の取得状況に関するお知らせ.pdf
   ...Page 006 を確認中
   📝 一覧CSV保存: TDnet_Sorted_20260601.csv
   📝 一覧CSV保存（ルート）: TDnet_Sorted_20260601.csv
   📊 日別統計: page_access=6, pdf_success=415, excluded=8

============================================================
✅ ①完了（範囲取得）
   期間: 20260601 ～ 20260601 （mode=day）
   一覧ページアクセス合計: 6
   PDFダウンロード成功合計: 415
   除外件数合計: 8
   保存ルート: G:\マイドライブ\TDnet_Downloads

$ C:\Users\onok\AppData\Local\Python\pythoncore-3.14-64\python.exe -u ②a②bは２つフリーワード検索.py analyze --target 20260601 --save-root G:\マイドライブ\TDnet_Downloads --keywords 価格交渉 増産 価格改定 価格転嫁 値上 想定以上 上方修正 下方修正 想定以下 未達 大幅 計画を上 計画を下 計画以 需要回復 需要の回復 需要が増 需要が低 悪化 グローバルニッチトップ トップシェア シェア拡大 レアアース
ルート: G:\マイドライブ\TDnet_Downloads
対象指定: 20260601 mode= day from= 20260601 to= 20260601
対象フォルダ数: 1
検索キーワード: ['価格交渉', '増産', '価格改定', '価格転嫁', '値上', '想定以上', '上方修正', '下方修正', '想定以下', '未達', '大幅', '計画を上', '計画を下', '計画以', '需要回復', '需要の回復', '需要が増', '需要が低', '悪化', 'グローバルニッチトップ', 'トップシェア', 'シェア拡大', 'レアアース']
総PDF数（推定）: 415
[1/1] 日付フォルダ 20260601 を処理中... (このフォルダ内PDF数: 415)
  進捗: 50/415 件のPDFを解析済み
  進捗: 100/415 件のPDFを解析済み
  進捗: 150/415 件のPDFを解析済み
  進捗: 200/415 件のPDFを解析済み
  進捗: 250/415 件のPDFを解析済み
  進捗: 300/415 件のPDFを解析済み
  進捗: 350/415 件のPDFを解析済み
  進捗: 400/415 件のPDFを解析済み
  進捗: 415/415 件のPDFを解析済み
  → 日付フォルダ 20260601 のヒットPDF数: 32

✅ ②A 完了（解析専用・キーワード別ページ列）
解析PDF数: 415
ヒットPDF数: 32
出力CSV: Analysis_Hits_free_word_20260601.csv
保存先: G:\マイドライブ\TDnet_Downloads

$ C:\Users\onok\AppData\Local\Python\pythoncore-3.14-64\python.exe -u ②a②bは２つフリーワード検索.py distribute --target 20260601 --save-root G:\マイドライブ\TDnet_Downloads --no-stop-on-empty-meta

✅ ②B 完了（配布用CSV作成・キーワード別ページ列）
出力: PDF_Search_Result_Distribution_free_word_20260601_sh.csv
キーワード列: ['価格交渉', '増産', '価格改定', '価格転嫁', '値上', '想定以上', '上方修正', '下方修正', '想定以下', '未達', '大幅', '計画を上', '計画を下', '計画以', '需要回復', '需要の回復', '需要が増', '需要が低', '悪化', 'グローバルニッチトップ', 'トップシェア', 'シェア拡大', 'レアアース']
突合除外件数: 0
空欄アラート件数: 0

============================================
 Done: 2026-06-01 23:08:19
============================================
