============================================
 TDnet auto run: 20260630
 Start: 2026-06-30 23:00:01
============================================

$ C:\Users\onok\AppData\Local\Python\pythoncore-3.14-64\python.exe -u ①_tdnetアクセスしてダウンロードする処理（月日付別フォルダ保存）.py --target 20260630 --save-root G:\マイドライブ\TDnet_Downloads
🎯 対象指定: 20260630（mode=day, from=20260630, to=20260630）
📁 保存ルート: G:\マイドライブ\TDnet_Downloads

============================================================
📅 日付: 20260630 を処理します
   ...Page 001 を確認中
   ✅ 保存: 6557_2000_G-AIAI_事業計画及び成長可能性に関する事項.pdf
   ✅ 保存: 7363_1915_G-ベビーカレンダー_2025年12月期決算短信〔日本基準〕(非連結).pdf
   ✅ 保存: 7363_1910_G-ベビーカレンダー_2026年12月期 第1四半期決算短信〔日本基準〕(非連結).pdf
   ✅ 保存: 7363_1905_G-ベビーカレンダー_2025年12月期通期業績予想値と実績値との差異に関するお知らせ.pdf
   ✅ 保存: 7578_1900_ニチリョク_【再訂正】過年度の決算短信等の訂正に関するお知らせ.pdf
   ✅ 保存: 7578_1900_ニチリョク_財務報告に係る内部統制の開示すべき重要な不備及び「内部統制報告書の訂正報告書」の提出に関するお知らせ.pdf
   ✅ 保存: 7363_1855_G-ベビーカレンダー_当社が運営する一部のチャンネルにおける収益化停止に関するお知らせ.pdf
   ✅ 保存: 6034_1850_G-MRT_中期経営計画.pdf
   ✅ 保存: 3850_1845_NTTDIM_支配株主等に関する事項について.pdf
   ✅ 保存: 7363_1845_G-ベビーカレンダー_(数値データ訂正)2024年12月期 第3四半期決算短信〔日本基準〕(非連結).pdf
   ✅ 保存: 7363_1845_G-ベビーカレンダー_(数値データ訂正)2024年12月期 決算短信〔日本基準〕(非連結).pdf
   ✅ 保存: 7363_1845_G-ベビーカレンダー_(数値データ訂正)2025年12月期 第1四半期決算短信〔日本基準〕(非連結).pdf
   ✅ 保存: 7363_1845_G-ベビーカレンダー_(数値データ訂正)2025年12月期 第2四半期決算短信〔日本基準〕(非連結).pdf
   ✅ 保存: 7363_1845_G-ベビーカレンダー_(数値データ訂正)2025年12月期 第3四半期決算短信〔日本基準〕(非連結).pdf
   ✅ 保存: 2180_1840_サニーサイドアップ_(訂正)「株式会社アカツキによる当社株券等に対する公開買付けの結果並びに親会社及び主要株主である筆頭株主の異動に関するお知らせ」の一部訂正に.pdf
   ✅ 保存: 7363_1830_G-ベビーカレンダー_特別損失の計上に関するお知らせ.pdf
   ✅ 保存: 7363_1830_G-ベビーカレンダー_2025年12月期決算短信の開示が期末後50日を超えたことに関するお知らせ.pdf
   ✅ 保存: 9850_1830_グルメ杵屋_(開示事項の経過)募集新株予約権(有償ストックオプション)の発行内容確定に関するお知らせ.pdf
   ✅ 保存: 7991_1815_マミヤオーピー_支配株主等に関する事項について.pdf
   ✅ 保存: 299A_1800_G-クラシル_支配株主等に関する事項について.pdf
   ✅ 保存: 3133_1800_G-海帆_資金の借入に関するお知らせ.pdf
   ✅ 保存: 3908_1800_コラボス_中期経営計画策定のお知らせ.pdf
   ✅ 保存: 3922_1800_PRTIMES_譲渡制限付株式報酬としての新株式の払込完了に関するお知らせ.pdf
   ✅ 保存: 6208_1800_石川製_支配株主等に関する事項について.pdf
   ✅ 保存: 184A_1750_G-学びエイド_役員人事に関するお知らせ.pdf
   ✅ 保存: 2667_1745_イメージワン_資金貸付に関するお知らせ.pdf
   ✅ 保存: 3260_1745_エスポア_系統用蓄電池用地及び発電設備等への送電系統に係る権利の売却に関するお知らせ.pdf
   ✅ 保存: 3260_1745_エスポア_新たな販売用不動産(系統用蓄電池の発電設備等への送電系統に係る権利)の取得に関するお知らせ.pdf
   ✅ 保存: 3260_1745_エスポア_第三者委員会による調査の一時中断のお知らせ.pdf
   ✅ 保存: 1447_1730_G-SAAFHD_事業計画及び成長可能性に関する事項_中期経営計画(MTG2028).pdf
   ✅ 保存: 330A_1730_G-TalentX_事業計画及び成長可能性に関する事項.pdf
   ✅ 保存: 3583_1730_オーベクス_非上場の親会社等の決算に関するお知らせ.pdf
   ✅ 保存: 3840_1730_PATH_非上場の親会社等の決算に関するお知らせ.pdf
   ✅ 保存: 4425_1730_G-Kudan_事業計画及び成長可能性に関する説明資料 ―フィジカルAIの発展をリードする空間知覚.pdf
   ✅ 保存: 544A_1730_GMSグループ_監査等委員である取締役の辞任に関するお知らせ.pdf
   ✅ 保存: 7084_1730_G-SmileHD_「Family Wellness Company」への進化 事業計画及び成長可能性に関する事項.pdf
   ✅ 保存: 7363_1730_G-ベビーカレンダー_過年度有価証券報告書等の訂正報告書の提出及び過年度決算短信等の訂正に関するお知らせ.pdf
   ✅ 保存: 7363_1730_G-ベビーカレンダー_2024年12月期 内部統制報告書の訂正報告書提出に関するお知らせ.pdf
   ✅ 保存: 7363_1730_G-ベビーカレンダー_財務報告に係る内部統制の開示すべき重要な不備に関するお知らせ.pdf
   ✅ 保存: 9760_1730_進学会HD_支配株主等に関する事項について.pdf
   ✅ 保存: 6092_1715_エンバイオHD_支配株主等に関する事項について.pdf
   ✅ 保存: 6548_1715_G-旅工房_臨時株主総会における決議事項の決議結果に関するお知らせ.pdf
   ✅ 保存: 6574_1715_G-コンヴァノ_(中止)「決算期(事業年度の末日)の変更及び定款の一部変更に関するお知らせ」の一部変更について.pdf
   ✅ 保存: 8746_1715_unbanked_(開示事項の経過)主要株主の異動に関するお知らせ及びMaaaaRuホールディングス株式会社との資本提携の解消に向けた協議の状況.pdf
   ✅ 保存: 1382_1700_ホーブ_当社株式の監理銘柄(確認中)指定に関するお知らせ.pdf
   ✅ 保存: 1433_1700_ベステラ_投資有価証券売却益(特別利益)の計上に関するお知らせ.pdf
   ✅ 保存: 1780_1700_ヤマウラ_親会社等の決算に関するお知らせ.pdf
   ✅ 保存: 1780_1700_ヤマウラ_支配株主等に関する事項について.pdf
   ✅ 保存: 2764_1700_ひらまつ_その他関係会社の決算に関するお知らせ.pdf
   ✅ 保存: 2764_1700_ひらまつ_支配株主等に関するお知らせ.pdf
   ✅ 保存: 326A_1700_P-エアロラボ_支配株主等に関する事項について.pdf
   ✅ 保存: 3282_1700_R-コンフォリア_資金の借入れに関するお知らせ.pdf
   ✅ 保存: 3401_1700_帝人_(訂正)「譲渡制限付株式報酬及び業績連動型株式報酬としての自己株式の処分に関するお知らせ」の一部訂正について.pdf
   ✅ 保存: 3419_1700_アートグリーン_社外取締役の辞任に関するお知らせ.pdf
   ✅ 保存: 3486_1700_グローバルリンクM_(開示事項の経過)SAGLアドバイザーズ株式会社の株式取得の完了及び同社の商号変更等に関するお知らせ.pdf
   ✅ 保存: 3681_1700_ブイキューブ_当社株式の上場廃止のお知らせ.pdf
   ✅ 保存: 4444_1700_G-インフォネット_支配株主等に関する事項について.pdf
   ✅ 保存: 460A_1700_G-BRANU_ストックオプション(新株予約権)の発行内容確定に関するお知らせ.pdf
   ✅ 保存: 5022_1700_P-レボインター_2026年3月期発行者情報の提出遅延に関するお知らせ.pdf
   ✅ 保存: 6305_1700_日立建機_支配株主等(その他の関係会社)に関する事項について.pdf
   ✅ 保存: 6579_1700_G-ログリー_(訂正・数値データ訂正)「2026年3月期 決算短信〔日本基準〕(連結)」の一部訂正について.pdf
   ✅ 保存: 7487_1700_小津産業_通期連結業績予想の修正に関するお知らせ.pdf
   ✅ 保存: 7886_1700_ヤマトモビMfg_財務報告に係る内部統制の開示すべき重要な不備に関するお知らせ.pdf
   ✅ 保存: 7886_1700_ヤマトモビMfg_支配株主等に関する事項について.pdf
   ✅ 保存: 8012_1700_長瀬産_役員報酬制度の変更に関するお知らせ.pdf
   ✅ 保存: 8518_1700_アジア投資_非上場の親会社等(その他の関係会社)の決算情報.pdf
   ✅ 保存: 8518_1700_アジア投資_支配株主等(その他の関係会社)に関するお知らせ.pdf
   ✅ 保存: 8746_1700_unbanked_財務報告に係る内部統制の開示すべき重要な不備に関するお知らせ.pdf
   ✅ 保存: 4800_1645_オリコン_(変更)「MBOの実施及び応募の推奨に関するお知らせ」の一部変更に関するお知らせ.pdf
   ✅ 保存: 4800_1645_オリコン_臨時株主総会招集のための基準日設定に関するお知らせ.pdf
   ✅ 保存: 4800_1645_オリコン_メディア株式会社によるオリコン株式会社(証券コード_4800)に対する公開買付けの買付条件等の変更に関するお知らせ.pdf
   ✅ 保存: 4575_1640_G-CANBAS_2026年6月期の通期業績予想に関するお知らせ.pdf
   ✅ 保存: 5484_1640_東北鋼_その他の関係会社である大同特殊鋼株式会社による当社株式に対する公開買付けの結果並びに親会社及びその他の関係会社の異動に関するお知らせ.pdf
   ✅ 保存: 2180_1630_サニーサイドアップ_代表取締役の異動に関するお知らせ.pdf
   ✅ 保存: 254A_1630_AIフュージョンCG_支配株主等に関する事項について.pdf
   ✅ 保存: 3476_1630_R-投資法人みらい_資産運用会社における人事異動に関するお知らせ.pdf
   ✅ 保存: 3909_1630_ショーケース_支配株主等に関する事項について.pdf
   ✅ 保存: 4078_1630_堺化学_第4回無担保転換社債型新株予約権付社債の転換完了及び自己株式の取得に係る事項の決定に関するお知らせ.pdf
   ✅ 保存: 4413_1630_ボードルア_有償ストック・オプション(新株予約権)の発行内容確定に関するお知らせ.pdf
   ✅ 保存: 442A_1630_G-クラシコ_新株予約権(無償ストック・オプション)の発行内容確定に関するお知らせ.pdf
   ✅ 保存: 4568_1630_第一三共_当社取締役等に対する中計業績連動株式報酬としての自己株式の処分に関するお知らせ.pdf
   ✅ 保存: 7078_1630_G-INC HD_事業計画及び成長可能性に関する説明資料.pdf
   ✅ 保存: 7255_1630_桜井製作_公益財団法人財務会計基準機構への加入状況及び加入に関する考え方等に関するお知らせ.pdf
   ✅ 保存: 7255_1630_桜井製作_支配株主の関する事項について.pdf
   ✅ 保存: 7255_1630_桜井製作_非上場の親会社等の決算情報に関するお知らせ.pdf
   ✅ 保存: 7272_1630_ヤマハ発_完全子会社ヤマハモーターパワープロダクツ株式会社の吸収合併(簡易合併・略式合併)及び債権放棄について.pdf
   ✅ 保存: 7485_1630_岡谷鋼機_令和9年2月期 第1四半期決算短信〔日本基準〕(連結).pdf
   ✅ 保存: 9941_1630_太洋物産_臨時株主総会の決議に関するお知らせ.pdf
   ✅ 保存: 4323_1615_日本システム技術_(訂正)「自己株式取得に係る事項の決定に関するお知らせ」の一部訂正について.pdf
   ✅ 保存: 191A_1600_P-ミモザ_支配株主等に関する事項について.pdf
   ✅ 保存: 2158_1600_G-FRONTEO_事業計画及び成長可能性に関する事項.pdf
   ✅ 保存: 2371_1600_カカクコム_支配株主等に関する事項について.pdf
   ✅ 保存: 254A_1600_AIフュージョンCG_定時株主総会における決議結果に関するお知らせ.pdf
   ✅ 保存: 272A_1600_グリーンクロスHD_剰余金の配当に関するお知らせ.pdf
   ✅ 保存: 272A_1600_グリーンクロスHD_「特別奨励金スキーム(自己株式処分型)」の導入について.pdf
   ✅ 保存: 272A_1600_グリーンクロスHD_第三者割当による自己株式の処分に関するお知らせ.pdf
   ✅ 保存: 3010_1600_ポラリスHD_支配株主等に関する事項について.pdf
   ✅ 保存: 303A_1600_G-visumo_事業計画及び成長可能性に関する事項.pdf
   ✅ 保存: 303A_1600_G-visumo_支配株主等に関する事項について.pdf
   ✅ 保存: 3069_1600_JFLAHD_公益財団法人財務会計基準機構への加入状況及び加入に関する考え方等に関するお知らせ.pdf
   ...Page 002 を確認中
   ✅ 保存: 3069_1600_JFLAHD_支配株主等に関する事項について.pdf
   ✅ 保存: 3105_1600_日清紡HD_日清紡メカトロニクス株式会社による成形品事業の譲渡のための吸収分割及び株式譲渡(孫会社の異動)に関するお知らせ.pdf
   ✅ 保存: 3105_1600_日清紡HD_株主優待制度の廃止に関するお知らせ.pdf
   ✅ 保存: 3105_1600_日清紡HD_(開示事項の経過)マイクロデバイス事業の構造改革に伴う早期退職優遇制度の実施結果に関するお知らせ.pdf
   ✅ 保存: 3138_1600_富士山マガジン_連結子会社による事業の譲受に関する基本合意書締結のお知らせ.pdf
   ✅ 保存: 321A_1600_P-ヒューマンSHD_支配株主等に関する事項について.pdf
   ✅ 保存: 3405_1600_クラレ_監査役の辞任に関するお知らせ.pdf
   ✅ 保存: 3628_1600_G-データHR_取締役選任および執行役員の退任に関するお知らせ.pdf
   ✅ 保存: 3628_1600_G-データHR_支配株主等に関する事項について.pdf
   ✅ 保存: 3646_1600_駅探_支配株主等に関する事項について.pdf
   ✅ 保存: 3646_1600_駅探_非上場の親会社等の決算情報に関するお知らせ.pdf
   ✅ 保存: 3667_1600_enish_TVアニメ『弱虫ペダル』新作アプリ「弱虫ペダル レゾナンス・ペダイズム」配信開始日決定のお知らせ.pdf
   ✅ 保存: 3727_1600_G-APLIX_株式会社HUMANLIFEとの業務提携契約の締結に関するお知らせ.pdf
   ✅ 保存: 3763_1600_プロシップ_(訂正・数値データ訂正)「2026年3月期決算短信〔日本基準〕(連結)」の一部訂正について.pdf
   ✅ 保存: 3808_1600_オーケーウェブ_(開示事項の経過)簡易株式交換によるJINEN株式会社の完全子会社化完了のお知らせ.pdf
   ✅ 保存: 3835_1600_eBASE_株式会社KSP-SPの株式取得(子会社化)完了に関するお知らせ.pdf
   ✅ 保存: 3849_1600_A-NTL_公益財団法人財務会計基準機構への加入状況及び加入に関する考え方等に関するおsh知らせ.pdf
   ✅ 保存: 3849_1600_A-NTL_支配株主等に関する事項について.pdf
   ✅ 保存: 3856_1600_Abalance_第27期有価証券報告書提出期限延長に係る承認のお知らせ.pdf
   ✅ 保存: 3905_1600_G-データセクション_事業計画及び成長可能性に関する事項.pdf
   ✅ 保存: 3945_1600_スパバック_親会社等の決算に関するお知らせ.pdf
   ✅ 保存: 3945_1600_スパバック_支配株主等に関する事項について.pdf
   ✅ 保存: 4069_1600_G-BlueMeme_支配株主等に関する事項について.pdf
   ✅ 保存: 4069_1600_G-BlueMeme_有価証券報告書の提出期限延長申請書の承認に関するお知らせ.pdf
   ✅ 保存: 4240_1600_クラスターT_公益財団法人財務会計基準機構への加入状況及び加入に関する考え方等について.pdf
   ✅ 保存: 429A_1600_テクセンド_支配株主等に関する事項について.pdf
   ✅ 保存: 4387_1600_G-ZUU_支配株主等に関する事項について.pdf
   ✅ 保存: 4427_1600_G-EduLab_非上場の親会社等の決算に関するお知らせ.pdf
   ✅ 保存: 4584_1600_G-キッズ・バイオ_事業計画及び成長可能性に関する事項.pdf
   ✅ 保存: 4584_1600_G-キッズ・バイオ_支配株主等に関する事項について.pdf
   ✅ 保存: 4668_1600_明光ネット_執行役員の担当業務変更及び重要な使用人の選任、担当業務変更に関するお知らせ.pdf
   ✅ 保存: 4762_1600_XNET_支配株主等に関する事項について.pdf
   ✅ 保存: 4833_1600_G-Defコンサル_事業計画及び成長可能性に関する事項.pdf
   ✅ 保存: 4833_1600_G-Defコンサル_2027年3月期通期業績予想の公表に関するお知らせ.pdf
   ✅ 保存: 4833_1600_G-Defコンサル_公益財団法人財務会計基準機構への加入状況及び加入に関する考え方等に関するお知らせ.pdf
   ✅ 保存: 4882_1600_G-ペルセウス_(訂正)「事業計画及び成長可能性に関する事項」の一部訂正について.pdf
   ✅ 保存: 4894_1600_G-クオリプス_事業計画及び成長可能性に関する事項.pdf
   ✅ 保存: 4894_1600_G-クオリプス_投資単位の引下げに関する考え方及び方針等について.pdf
   ✅ 保存: 5074_1600_テスホールディングス_株式会社Yによるテスホールディングス株式会社株券(証券コード5074)に対する公開買付けに準ずる行為として政令で定める買集め行為に関するお知らせ.pdf
   ✅ 保存: 5858_1600_G-STG_事業計画及び成長可能性に関する事項.pdf
   ✅ 保存: 5994_1600_ファインシンター_特別利益(投資有価証券売却益)の計上に関するお知らせ.pdf
   ✅ 保存: 6072_1600_地盤ネットHD_非上場の親会社等の決算情報に関するお知らせ.pdf
   ✅ 保存: 6072_1600_地盤ネットHD_支配株主等に関する事項について.pdf
   ✅ 保存: 6091_1600_ウエスコHD_自己株式の消却に関するお知らせ.pdf
   ✅ 保存: 6195_1600_G-ホープ_譲渡制限付株式報酬としての自己株式の処分に関するお知らせ.pdf
   ✅ 保存: 6366_1600_千代化建_A種優先株式の一部取得及び消却の完了並びにコミットメントライン契約の締結及び劣後金銭消費貸借契約の期限前返済完了に関するお知らせ.pdf
   ✅ 保存: 6527_1600_P-ワカ製作所_東京証券取引所 TOKYO PRO Market への上場目的の開示.pdf
   ✅ 保存: 6740_1600_JDI_上場維持基準への適合に向けた計画に基づく進捗状況について.pdf
   ✅ 保存: 6740_1600_JDI_支配株主等に関する事項について.pdf
   ✅ 保存: 6840_1600_AKIBA_代表取締役の異動に関するお知らせ.pdf
   ✅ 保存: 6840_1600_AKIBA_公益財団法人財務会計基準機構への加入状況及び加入に関する考え方等に関するお知らせ.pdf
   ✅ 保存: 6908_1600_イリソ電子工業_2026年3月期有価証券報告書の提出期限延長に係る承認のお知らせ.pdf
   ✅ 保存: 6964_1600_サンコー_支配株主等に関する事項について.pdf
   ✅ 保存: 6995_1600_東海理電_譲渡制限付株式報酬としての自己株式の処分の払込完了に関するお知らせ.pdf
   ✅ 保存: 7043_1600_G-アルー_子会社の解散及び清算並びに特別損失の計上見込に関するお知らせ.pdf
   ✅ 保存: 7217_1600_テイン_支配株主等に関する事項について.pdf
   ✅ 保存: 7217_1600_テイン_公益財団法人財務会計基準機構への加入状況および加入に関する考え方等に関するお知らせ.pdf
   ✅ 保存: 7343_1600_G-ブロードマインド_事業計画及び成長可能性に関する説明資料.pdf
   ✅ 保存: 7343_1600_G-ブロードマインド_支配株主等(その他の関係会社)に関する事項について.pdf
   ✅ 保存: 7377_1600_DNホールディングス_執行役員の異動に関するお知らせ.pdf
   ✅ 保存: 7399_1600_ナンシン_公益財団法人財務会計基準機構への加入状況及び加入に関する考え方等に関するお知らせ.pdf
   ✅ 保存: 7460_1600_ヤギ_自己株式の消却完了に関するお知らせ.pdf
   ✅ 保存: 7490_1600_日新商_支配株主等に関する事項について.pdf
   ✅ 保存: 7516_1600_コーナン商_株式会社バローホールディングスとの資本業務提携及び第三者割当による自己株式の処分に関するお知らせ.pdf
   ✅ 保存: 7918_1600_ヴィアHD_事業再生計画に係る債権者間協定の変更に関するお知らせ.pdf
   ✅ 保存: 8035_1600_東エレク_(訂正)「株式報酬型ストックオプション(新株予約権)の発行に関するお知らせ」の一部訂正について.pdf
   ✅ 保存: 8708_1600_アイザワ証G_第21回無担保社債発行に関するお知らせ.pdf
   ✅ 保存: 8894_1600_REVOLUTION_連結子会社WeCapital株式会社の元代表取締役への訴訟について一部取り下げのお知らせ.pdf
   ✅ 保存: 8894_1600_REVOLUTION_非上場の親会社等の決算に関するお知らせ.pdf
   ✅ 保存: 8894_1600_REVOLUTION_資金の借入(リファイナンス)に関するお知らせ.pdf
   ✅ 保存: 8960_1600_R-ユナイテド_(開示事項の経過)資産の取得に関するお知らせ(バウンシー・バイ・リーガ 福岡博多).pdf
   ✅ 保存: 9243_1600_P-富士テクノHD_支配株主等に関する事項について.pdf
   ✅ 保存: 9366_1600_サンリツ_譲渡制限付株式報酬としての自己株式の処分に関するお知らせ.pdf
   ✅ 保存: 9366_1600_サンリツ_財務上の特約が付された金銭消費貸借契約の締結に関するお知らせ.pdf
   ✅ 保存: 9425_1600_ReYuuJapan_蓄電池設備及び土地に係る権利取得に関するお知らせ.pdf
   ✅ 保存: 9625_1600_セレスポ_公益財団法人財務会計基準機構への加入状況及び加入に関する考え方等に関するお知らせ.pdf
   ✅ 保存: 9625_1600_セレスポ_支配株主等に関する事項について.pdf
   ✅ 保存: 9625_1600_セレスポ_非上場の親会社等の決算情報について.pdf
   ✅ 保存: 9799_1600_旭情報_自己株式の消却完了に関するお知らせ.pdf
   ✅ 保存: 9861_1600_吉野家HD_連結子会社の吸収合併(簡易合併・略式合併) に関するお知らせ.pdf
   ✅ 保存: 9956_1600_バローHD_コーナン商事株式会社との資本業務提携契約締結に関するお知らせ.pdf
   ✅ 保存: 9956_1600_バローHD_株式分割及び株式分割に伴う定款の一部変更、 配当予想の修正(増配)並びに株主優待制度の一部変更に関するお知らせ.pdf
   ✅ 保存: 9956_1600_バローHD_新株式発行及び株式売出しに関するお知らせ.pdf
   ✅ 保存: 2935_1550_ピックルスHD_2027年2月期 第1四半期決算短信〔日本基準〕(連結).pdf
   ✅ 保存: 2935_1550_ピックルスHD_株式報酬型ストックオプション(新株予約権)の発行に関するお知らせ.pdf
   ✅ 保存: 2652_1545_まんだらけ_2026年9月期売上高推移報告について.pdf
   ✅ 保存: 3444_1545_菊池製作所_代表取締役および役員の異動に関するお知らせ.pdf
   ✅ 保存: 3471_1545_R-三井不ロジパーク_資産運用会社の組織変更に関するお知らせ.pdf
   ✅ 保存: 4179_1545_G-ジーネクスト_事業計画及び成長可能性に関する事項.pdf
   ✅ 保存: 8881_1545_日神グループHD_支配株主等に関する事項について.pdf
   ✅ 保存: 8006_1540_ユアサフナ_支配株主等に関する事項について.pdf
   ✅ 保存: 6156_1535_エーワン精密_内部統制システムの構築に関する基本方針の一部改定に関するお知らせ.pdf
   ✅ 保存: 9612_1535_ラックランド_長期売掛金に係る債権譲渡契約の締結に関するお知らせ.pdf
   ✅ 保存: 352A_1531_G-LOIVE_事業計画及び成長可能性に関する事項.pdf
   ✅ 保存: 1436_1530_G-グリーンエナジー_系統用蓄電所の開発・運用を目的とした合弁事業の実施に向けた東証グロース市場上場の株式会社クラダシとの基本合意に関して.pdf
   ✅ 保存: 147A_1530_G-ソラコム_事業計画及び成長可能性に関する説明資料.pdf
   ✅ 保存: 147A_1530_G-ソラコム_支配株主等に関する事項について.pdf
   ✅ 保存: 1514_1530_住石HD_連結子会社からの配当金受領に関するお知らせ.pdf
   ✅ 保存: 1909_1530_日本ドライケミカル_TCG2511株式会社による当社株式に対する公開買付けの結果並びに親会社、主要株主及び主要株主である筆頭株主の異動に関するお知らせ.pdf
   ✅ 保存: 192A_1530_G-インテグループ_2026年5月期 決算短信〔日本基準〕(非連結).pdf
   ...Page 003 を確認中
   ✅ 保存: 192A_1530_G-インテグループ_2026年5月期 決算説明資料.pdf
   ✅ 保存: 192A_1530_G-インテグループ_2026年5月期配当予想の修正に関するお知らせ.pdf
   ✅ 保存: 192A_1530_G-インテグループ_事業計画及び成長可能性に関する事項.pdf
   ✅ 保存: 2134_1530_キタハマキャピタル_財務報告に係る内部統制の開示すべき重要な不備に関するお知らせ.pdf
   ✅ 保存: 2226_1530_湖池屋_支配株主等に関する事項について.pdf
   ✅ 保存: 2266_1530_六甲バター_投資有価証券売却に伴う特別利益の計上見込みに関するお知らせ.pdf
   ✅ 保存: 2323_1530_fonfun_支配株主等に関する事項について.pdf
   ✅ 保存: 2327_1530_NSSOL_支配株主等に関する事項について.pdf
   ✅ 保存: 2331_1530_ALSOK_TCG2511株式会社による日本ドライケミカル株式会社の普通株式に対する公開買付けの結果に関するお知らせ.pdf
   ✅ 保存: 2379_1530_ディップ_当社取締役に対する業績連動型株式報酬制度(役員報酬BIP信託)の継続に関するお知らせ.pdf
   ✅ 保存: 2454_1530_オールアバウト_支配株主等に関する事項について.pdf
   ✅ 保存: 2467_1530_VLCセキュリティ_第11回新株予約権の取得及び消滅に関するお知らせ.pdf
   ✅ 保存: 2586_1530_G-フルッタフルッタ_事業計画及び成長可能性に関する事項.pdf
   ✅ 保存: 2590_1530_DyDo_2027年1月期6月度販売状況のお知らせ.pdf
   ✅ 保存: 2656_1530_ベクターHD_特別利益の計上に関するお知らせ.pdf
   ✅ 保存: 2656_1530_ベクターHD_支配株主に関する事項について.pdf
   ✅ 保存: 2656_1530_ベクターHD_非上場の親会社等の決算に関するお知らせ.pdf
   ✅ 保存: 2685_1530_アンドエスティHD_2027年2月期 第1四半期決算短信〔日本基準〕(連結).pdf
   ✅ 保存: 2685_1530_アンドエスティHD_2027年2月期 第1四半期決算説明会資料.pdf
   ✅ 保存: 2705_1530_大戸屋HD_支配株主等に関する事項について.pdf
   ✅ 保存: 2705_1530_大戸屋HD_投資単位の引き下げに関する考え方及び方針について.pdf
   ✅ 保存: 2926_1530_篠崎屋_配当予想の修正(復配)に関するお知らせ.pdf
   ✅ 保存: 2972_1530_R-サンケイRE_今後の運営施策に関するお知らせ.pdf
   ✅ 保存: 2975_1530_スター・マイカHD_2026年11月期 第2四半期(中間期)決算短信〔日本基準〕(連結).pdf
   ✅ 保存: 2975_1530_スター・マイカHD_2026年11月期 第2四半期(中間期)決算説明資料.pdf
   ✅ 保存: 2997_1530_G-ストレージ王_非上場の親会社等の決算に関するお知らせ.pdf
   ✅ 保存: 3031_1530_ラクーンHD_業績連動型有償ストック・オプション(新株予約権)の発行内容確定に関するお知らせ.pdf
   ✅ 保存: 3040_1530_ソリトンシステムズ_非上場の親会社等の決算に関するお知らせ.pdf
   ✅ 保存: 3086_1530_Jフロント_2027年2月期 第1四半期決算短信〔IFRS〕(連結).pdf
   ✅ 保存: 3086_1530_Jフロント_2027年2月期 第1四半期 業績説明資料.pdf
   ✅ 保存: 3086_1530_Jフロント_2027年2月期 第1四半期決算説明会_参考資料_.pdf
   ✅ 保存: 3086_1530_Jフロント_当社グループ従業員向け株式交付制度の導入に伴う自己株式処分に関するお知らせ.pdf
   ✅ 保存: 3086_1530_Jフロント_株式会社大丸松坂屋百貨店 大丸下関店の営業終了に関するお知らせ.pdf
   ✅ 保存: 3089_1530_テクノアルファ_2026年11月期 第2四半期(中間期)決算短信[日本基準](連結).pdf
   ✅ 保存: 3109_1530_シキボウ_コミットメントライン契約に基づく借入の実施について.pdf
   ✅ 保存: 3111_1530_オーミケンシ_第161期(2026年3月期)有価証券報告書の提出期限延長申請に係る承認のお知らせ.pdf
   ✅ 保存: 3113_1530_UNIVA・Oak_支配株主等に関する事項.pdf
   ✅ 保存: 3133_1530_G-海帆_事業計画及び成長可能性に関する事項.pdf
   ✅ 保存: 3249_1530_R-産業ファ_コミットメントライン契約期限の延長に関するお知らせ.pdf
   ✅ 保存: 3279_1530_R-API_保有する不動産にかかる賃貸借契約の締結及びテナントの異動(契約終了及び 延長契約締結)に関するお知らせ(A-FLAG 札幌).pdf
   ✅ 保存: 3371_1530_ソフトクリエHD_自己株式の市場買付に関するお知らせ.pdf
   ✅ 保存: 3448_1530_P-清鋼材_支配株主等に関する事項について.pdf
   ✅ 保存: 3449_1530_テクノフレックス_(開示事項の変更)貯水機能付給水管「マルチアクア」に関する技術供与のお知らせ.pdf
   ✅ 保存: 3491_1530_G-GA TECH_(開示事項の経過)エスピーシー証券株式会社の株式取得(子会社化)完了に関するお知らせ.pdf
   ✅ 保存: 3494_1530_マリオン_通期業績予想(上方修正)および期末配当予想(増配)の修正に関する お知らせ.pdf
   ✅ 保存: 3612_1530_ワールド_執行役員就任に関するお知らせ.pdf
   ✅ 保存: 366A_1530_G-ウェルネスC_支配株主等に関する事項について.pdf
   ✅ 保存: 3691_1530_G-デジタルプラス_資金の借入及び当座貸越契約の締結に関するお知らせ.pdf
   ✅ 保存: 3696_1530_セレス_特定子会社の異動に関するお知らせ.pdf
   ✅ 保存: 3696_1530_セレス_Link-Uグループ株式会社(証券コード_4446)株式の買集め行為に該当する株式取得に関するお知らせ.pdf
   ✅ 保存: 3796_1530_いい生活_第27期定時株主総会における議決権行使結果に関するお知らせ.pdf
   ✅ 保存: 389A_1530_P-八光オート_TOKYO PRO Marketへの上場目的の開示について.pdf
   ✅ 保存: 3904_1530_G-カヤック_株式会社ブレインサービスの株式取得(子会社化及び孫会社化) に関するお知らせ.pdf
   ✅ 保存: 3916_1530_DIT_組織変更及び人事異動に関するお知らせ.pdf
   ✅ 保存: 3918_1530_PCIHD_(開示事項の経過)当社連結子会社との合併契約締結(簡易合併・略式合併)に関するお知らせ.pdf
   ✅ 保存: 3925_1530_ダブルスタンダード_支配株主等に関する事項について.pdf
   ✅ 保存: 3935_1530_エディア_譲渡制限付株式報酬としての自己株式の処分の払込完了に関するお知らせ.pdf
   ✅ 保存: 3950_1530_ザ・パック_固定資産(工場用地)の取得に関するお知らせ.pdf
   ✅ 保存: 4023_1530_クレハ_自己株式の消却完了に関するお知らせ.pdf
   ✅ 保存: 402A_1530_G-アクセルスペース_(開示事項の経過)AxelLiner Laboratoryの提供に関する請負契約書をJAXAと締結.pdf
   ✅ 保存: 4040_1530_南海化学_投資家・株主の皆さまから寄せられたご質問と回答について.pdf
   ✅ 保存: 4088_1530_エア・ウォーター_有価証券報告書の提出期限延長に係る承認のお知らせ.pdf
   ✅ 保存: 4260_1530_G-ハイブリッドテク_(開示事項の訂正)完全子会社の吸収合併(簡易合併・略式合併)に関するお知らせ.pdf
   ✅ 保存: 4288_1530_アズジェント_公益財団法人財務会計基準機構への加入状況及び加入に関する考え方等に関するお知らせ.pdf
   ✅ 保存: 428A_1530_サイプレスHD_非上場の親会社等の決算に関するお知らせ.pdf
   ✅ 保存: 4374_1530_G-ロボペイ_第28回新株予約権(有償ストック・オプション)の発行内容確定に関するお知らせ.pdf
   ✅ 保存: 4377_1530_G-ワンキャリア_決算に関するよくある質問と回答.pdf
   ✅ 保存: 437A_1530_P-ジェイウェイブ_支配株主等に関するお知らせ.pdf
   ✅ 保存: 438A_1530_G-インフキュリオン_支配株主等に関する事項について.pdf
   ✅ 保存: 441A_1530_G-NE_(開示事項の経過)Cafe24 Corp. との「業務提携契約書」の締結に関するお知らせ.pdf
   ✅ 保存: 4424_1530_G-Amazia_特別利益の計上及び業績予想の修正に関するお知らせ.pdf
   ✅ 保存: 4436_1530_G-ミンカブ_事業計画及び成長可能性に関する説明資料.pdf
   ✅ 保存: 4442_1530_G-バルテスHD_事業計画及び成長可能性に関する資料.pdf
   ✅ 保存: 4499_1530_Speee_(開示事項の経過)SOMPOホールディングス株式会社との合弁会社の設立を目的とした会社分割及び新設会社の第三者割当増資に関する最終契約締結のお知らせ.pdf
   ✅ 保存: 4565_1530_ネクセラファーマ_アッヴィ社との神経疾患を対象とした創薬提携において10百万米ドルのマイルストンを受領.pdf
   ✅ 保存: 4571_1530_G-NANO_事業計画及び成長可能性に関する事項.pdf
   ✅ 保存: 4588_1530_G-オンコリスバイオ_腫瘍溶解ウイルスOBP-301の論文発表に関するお知らせ.pdf
   ✅ 保存: 4612_1530_日ペイントHD_親会社等の決算に関するお知らせ.pdf
   ✅ 保存: 4667_1530_アイサンテクノロ_第56期定時株主総会継続会の開催日等に関するお知らせ.pdf
   ✅ 保存: 4689_1530_LINEヤフー_支配株主等に関する事項について.pdf
   ✅ 保存: 4736_1530_日本ラッド_支配株主等に関する事項について.pdf
   ✅ 保存: 4819_1530_デジタルガレージ_支配株主等に関する事項について.pdf
   ✅ 保存: 4832_1530_JFE-SI_支配株主等に関する事項について.pdf
   ✅ 保存: 4902_1530_コニカミノルタ_(開示事項の経過)連結子会社株式譲渡に係る対価株式の売却完了に関するお知らせ.pdf
   ✅ 保存: 4911_1530_資生堂_長期インセンティブ型報酬としての業績連動型株式報酬制度に基づく株式ユニットの付与に関するお知らせ.pdf
   ✅ 保存: 5125_1530_G-ファインズ_(訂正・数値データ訂正)「2026年6月期 第3四半期決算短信〔日本基準〕(連結)」に一部訂正について.pdf
   ✅ 保存: 5125_1530_G-ファインズ_(訂正)「2026年6月期 第3四半期_決算説明資料」の一部訂正について.pdf
   ✅ 保存: 5471_1530_大同特鋼_東北特殊鋼株式会社(証券コード_5484)に対する公開買付けの結果及び子会社の異動に関するお知らせ.pdf
   ✅ 保存: 554A_1530_G-バトンズ_(訂正)「事業計画及び成長可能性に関する事項」の一部訂正について.pdf
   ✅ 保存: 554A_1530_G-バトンズ_役員体制に関するお知らせ.pdf
   ✅ 保存: 5884_1530_G-クラダシ_株式会社グリーンエナジー&カンパニーとの合弁事業の実施に向けた基本合意に関して.pdf
   ✅ 保存: 5967_1530_TONE_業績予想の修正(上方修正)および配当予想の修正(増配)に関するお知らせ.pdf
   ✅ 保存: 6069_1530_G-Trends_事業計画及び成長可能性に関する事項.pdf
   ✅ 保存: 6069_1530_G-Trends_支配株主等に関する事項について.pdf
   ✅ 保存: 6104_1530_芝浦機械_最高技術責任者の異動及び役員の異動に関するお知らせ.pdf
   ✅ 保存: 6104_1530_芝浦機械_譲渡制限付株式報酬としての自己株式の処分に関するお知らせ.pdf
   ✅ 保存: 6185_1530_SMN_支配株主等に関する事項について.pdf
   ✅ 保存: 6228_1530_ジェイ・イー・ティ_代表取締役の異動(辞任)及び取締役の辞任に関するお知らせ.pdf
   ✅ 保存: 6228_1530_ジェイ・イー・ティ_再発防止策の策定及び関係者の処分に関するお知らせ.pdf
   ✅ 保存: 6430_1530_ダイコク電_固定資産の取得に関するお知らせ.pdf
   ...Page 004 を確認中
   ✅ 保存: 6504_1530_富士電機_投資単位の引下げに関する考え方および方針等について.pdf
   ✅ 保存: 6562_1530_G-ジーニー_事業計画及び成長可能性に関する事項.pdf
   ✅ 保存: 6562_1530_G-ジーニー_支配株主等に関する事項.pdf
   ✅ 保存: 6562_1530_G-ジーニー_「内部統制システム整備の基本方針」一部改定に関するお知らせ.pdf
   ✅ 保存: 6562_1530_G-ジーニー_財務報告に係る内部統制の開示すべき重要な不備に関するお知らせ.pdf
   ✅ 保存: 6565_1530_ABホテル_支配株主等に関する事項について.pdf
   ✅ 保存: 6566_1530_要興業_支配株主等に関する事項について.pdf
   ✅ 保存: 6588_1530_東芝テック_非上場の親会社等の決算に関するお知らせ.pdf
   ✅ 保存: 6594_1530_ニデック_第53期(2026年3月期)有価証券報告書の提出期限延長に係る承認のお知らせ.pdf
   ✅ 保存: 6594_1530_ニデック_役員等の異動に関するお知らせ.pdf
   ✅ 保存: 6620_1530_宮越HD_支配株主等に関する事項について.pdf
   ✅ 保存: 6620_1530_宮越HD_親会社等の決算に関するお知らせ.pdf
   ✅ 保存: 6758_1530_ソニーグループ_譲渡制限付株式ユニット(RSU)の付与に関するお知らせ.pdf
   ✅ 保存: 7058_1530_共栄セキュリティ_株式会社太陽興産の株式の取得(子会社化)に関するお知らせ.pdf
   ✅ 保存: 7067_1530_G-ブランディング_事業計画及び成長可能性に関する事項.pdf
   ✅ 保存: 7082_1530_G-ジモティー_カルチュア・コンビニエンス・クラブ株式会社による当社株式に対する公開買付けの結果並びに 主要株主の異動に関するお知らせ.pdf
   ✅ 保存: 7215_1530_ファルテック_支配株主等に関する事項について.pdf
   ✅ 保存: 7267_1530_ホンダ_(変更)「持分法適用関連会社の異動(連結子会社化)に関するお知らせ」の一部変更に関するお知らせ.pdf
   ✅ 保存: 7273_1530_イクヨ_支配株主等に関する事項について.pdf
   ✅ 保存: 7412_1530_アトム_支配株主等に関する事項について.pdf
   ✅ 保存: 7571_1530_ヤマノHD_支配株主等に関する事項について.pdf
   ✅ 保存: 7602_1530_レダックス_支配株主等に関する事項について.pdf
   ✅ 保存: 7602_1530_レダックス_非上場の親会社等の決算に関するお知らせ.pdf
   ✅ 保存: 7640_1530_トップカルチャ_非上場の親会社等の決算に関するお知らせ.pdf
   ✅ 保存: 7794_1530_G-イーディーピー_事業計画及び成長可能性に関する事項.pdf
   ✅ 保存: 7803_1530_G-ブシロード_自己株式取得に係る事項の決定に関するお知らせ.pdf
   ✅ 保存: 7868_1530_広済堂HD_支配株主等に関する事項について.pdf
   ✅ 保存: 7942_1530_JSP_支配株主等に関する事項について.pdf
   ✅ 保存: 8005_1530_スクロール_譲渡制限付株式報酬としての自己株式の処分の払込完了に関するお知らせ.pdf
   ✅ 保存: 8005_1530_スクロール_従業員持株会向け譲渡制限付株式インセンティブとしての自己株式の処分の払込完了及び一部失権に関するお知らせ.pdf
   ✅ 保存: 8078_1530_阪和興_米国Associated Steel Group, LLCの持分取得(連結子会社化)及び連結子会社の増資に関するお知らせ.pdf
   ✅ 保存: 8105_1530_BitcoinJPN_支配株主等に関する事項について.pdf
   ✅ 保存: 8153_1530_モスフード_株式会社ビー・ワイ・オーの株式の取得(子会社化)に関するお知らせ.pdf
   ✅ 保存: 8233_1530_高島屋_2027年2月期 第1四半期 決算短信〔日本基準〕(連結).pdf
   ✅ 保存: 8233_1530_高島屋_2027年2月期 第1四半期 決算説明会資料.pdf
   ✅ 保存: 8358_1530_スルガ銀_支配株主等(その他の関係会社)に関する事項について.pdf
   ✅ 保存: 8591_1530_オリックス_(開示事項の経過)IX NTI Holdings, LLC(米国 PE 投資先_Network Connex)の持分譲渡(子会社の異動)に関するお知らせ.pdf
   ✅ 保存: 8704_1530_トレイダーズHD_支配株主等(その他の関係会社)に関する事項について.pdf
   ✅ 保存: 8793_1530_NECキャピ_支配株主等に関する事項について.pdf
   ✅ 保存: 8836_1530_RISE_支配株主等に関する事項について.pdf
   ✅ 保存: 8836_1530_RISE_公益財団法人財務会計基準機構への加入状況及び加入に関する考え方等に関するお知らせ.pdf
   ✅ 保存: 8918_1530_ランド_特定子会社の異動に関するお知らせ.pdf
   ✅ 保存: 9166_1530_G-GENDA_よくある質問と回答(2026年6月).pdf
   ✅ 保存: 9219_1530_G-ギックス_組織変更及び役員の異動に関するお知らせ.pdf
   ✅ 保存: 9253_1530_G-スローガン_2027年2月期 第1四半期決算短信〔日本基準〕(連結).pdf
   ✅ 保存: 9253_1530_G-スローガン_2027年2月期 第1四半期決算説明資料.pdf
   ✅ 保存: 9257_1530_G-YCP_主要株主の異動に関するお知らせ.pdf
   ✅ 保存: 9257_1530_G-YCP_非上場の親会社等の決算に関するお知らせ.pdf
   ✅ 保存: 9267_1530_ゲンキードラッグ_2026年6月期 6月度月次営業速報.pdf
   ✅ 保存: 9435_1530_光通信_投資単位の引下げに関する考え方及び方針等について.pdf
   ✅ 保存: 9554_1530_G-AViC_直近のよくある問い合わせと回答.pdf
   ✅ 保存: 9616_1530_共立メンテ_2026年5月度 経営情報 Monthly Report.pdf
   ✅ 保存: 9726_1530_KNTCT_(開示事項の経過)B種種類株式の取得および消却の完了に関するお知らせ.pdf
   ✅ 保存: 9769_1530_学究社_支配株主等に関する事項について.pdf
   ✅ 保存: 9997_1530_ベルーナ_支配株主等に関する事項について.pdf
   ✅ 保存: 9997_1530_ベルーナ_非上場の親会社等の決算に関するお知らせ.pdf
   ✅ 保存: 1948_1500_弘電社_臨時株主総会招集のための基準日設定に関するお知らせ.pdf
   ✅ 保存: 3607_1500_クラウディアHD_2026年8月期 第3四半期決算短信〔日本基準〕(連結).pdf
   ✅ 保存: 3607_1500_クラウディアHD_会計監査人の異動に関するお知らせ.pdf
   ✅ 保存: 406A_1500_P-環境のミカタHD_非上場の親会社等の決算に関するお知らせ.pdf
   ✅ 保存: 406A_1500_P-環境のミカタHD_東京証券取引所 TOKYO PRO Market への上場目的の開示.pdf
   ✅ 保存: 490A_1500_P-センス・トラスト_販売用不動産の取得に関するお知らせ.pdf
   ✅ 保存: 5072_1500_P-アートフォース_TOKYO PRO Marketへの上場目的の開示.pdf
   ✅ 保存: 514A_1500_P-孫の手_支配株主等に関する事項について.pdf
   ✅ 保存: 5161_1500_西川ゴム_人事異動に関するお知らせ.pdf
   ✅ 保存: 5252_1500_G-日本ナレッジ_事業計画及び成長可能性に関する事項.pdf
   ✅ 保存: 5531_1500_P-エヌバイテクノ_販売用不動産の売却に関するお知らせ.pdf
   ✅ 保存: 5531_1500_P-エヌバイテクノ_販売用不動産取得のお知らせ.pdf
   ✅ 保存: 5531_1500_P-エヌバイテクノ_資金の借入れに関するお知らせ.pdf
   ✅ 保存: 6457_1500_グローリー_自己株式の消却完了に関するお知らせ.pdf
   ✅ 保存: 6557_1500_G-AIAI_支配株主等に関する事項について.pdf
   ✅ 保存: 6557_1500_G-AIAI_非上場の親会社等の決算に関するお知らせ.pdf
   ✅ 保存: 7538_1500_大水_支配株主等に関する事項について.pdf
   ✅ 保存: 8159_1500_立花エレ_人事異動に関するお知らせ.pdf
   ✅ 保存: 8562_1500_福島銀_支配株主等に関する事項について.pdf
   ✅ 保存: 8747_1500_豊トラスティ証券_連結総資産の減少に関するお知らせ.pdf
   ✅ 保存: 9085_1500_中央バス_投資単位の引下げに関する考え方及び方針等について.pdf
   ✅ 保存: 9335_1500_P-テクノC_「内部統制システムに関する基本方針」の制定に関するお知らせ.pdf
   ✅ 保存: 2164_1430_地域新聞社_主要株主及び主要株主である筆頭株主の異動に関するお知らせ.pdf
   ✅ 保存: 2998_1400_G-クリアル_借入金の期限前返済に関するお知らせ.pdf
   ✅ 保存: 322A_1400_P-ヒメジ理化_代表取締役の異動に関するお知らせ.pdf
   ✅ 保存: 4337_1400_ぴあ_支配株主等に関する事項について.pdf
   ✅ 保存: 4471_1400_三洋化成_支配株主等に関する事項について.pdf
   ✅ 保存: 5592_1400_G-くすりの窓口_第22期定時株主総会質疑応答要旨.pdf
   ✅ 保存: 5592_1400_G-くすりの窓口_定款一部変更に関するお知らせ.pdf
   ✅ 保存: 5644_1400_メタルアート_支配株主等に関する事項について.pdf
   ✅ 保存: 5644_1400_メタルアート_非上場の親会社等の決算情報に関するお知らせ.pdf
   ✅ 保存: 7985_1355_ネポン_財務報告に係る内部統制の開示すべき重要な不備及び内部統制報告書の訂正報告書の提出に関するお知らせ.pdf
   ✅ 保存: 5103_1330_昭和HD_第125回定時株主総会における代表取締役の異動(退任)と取締役選任結果に関するお知らせ.pdf
   ✅ 保存: 6625_1320_JALCO HD_賃貸用不動産の保有目的の変更に関するお知らせ.pdf
   ✅ 保存: 6625_1320_JALCO HD_第13回無担保普通社債の発行及び系統用蓄電池事業に係る匿名組合出資持分の取得に関するお知らせ.pdf
   ✅ 保存: 2737_1300_トーメンデバ_支配株主等に関する事項について.pdf
   ✅ 保存: 2737_1300_トーメンデバ_投資単位の引下げに関する考え方及び方針等について.pdf
   ✅ 保存: 3437_1300_特殊電極_海外子会社設立に関するお知らせ.pdf
   ✅ 保存: 4923_1300_COTA_2026年3月期有価証券報告書の提出期限延長申請の承認に関するお知らせ.pdf
   ✅ 保存: 6428_1300_オーイズミ_支配株主等に関する事項について.pdf
   ✅ 保存: 6580_1300_G-ライトアップ_事業計画及び成長可能性に関する事項.pdf
   ✅ 保存: 7292_1300_村上開明_投資単位の引下げに関する考え方及び方針等について.pdf
   ✅ 保存: 8746_1255_unbanked_(訂正・数値データ訂正)「2026年3月期 決算短信〔日本基準〕(連結)」の一部訂正について.pdf
   ✅ 保存: 3856_1230_Abalance_調査委員会の調査報告書受領に関するお知らせ.pdf
   ...Page 005 を確認中
   ✅ 保存: 3856_1230_Abalance_第27期有価証券報告書提出期限の延長に係る承認申請書提出のお知らせ.pdf
   ✅ 保存: 9206_1230_SFJ_(訂正)「取締役に対する譲渡制限付株式としての新株発行に関するお知らせ」の一部訂正について.pdf
   ✅ 保存: 587A_1215_E-インベスコQQQ_インベスコQQQトラスト シリーズ1 に関する日々の開示事項.pdf
   ✅ 保存: 1326_1200_E-ワールド_SPDRゴールド・シェアに関する日々の開示事項.pdf
   ✅ 保存: 164A_1200_P-アップルパーク_支配株主等に関する事項について.pdf
   ✅ 保存: 1780_1200_ヤマウラ_自己株式立会外買付取引(ToSTNeT-3)による自己株式の取得結果及び自己株式の消却に関するお知らせ.pdf
   ✅ 保存: 311A_1200_P-NPT_臨時株主総会の決議結果及び上場廃止申請に関するお知らせ.pdf
   ✅ 保存: 9165_1200_G-クオルテック_経済産業省「成長型中小企業等研究開発支援事業(Go-Tech事業)」採択に関するお知らせ.pdf
   ✅ 保存: 9235_1135_G-売れるネットG_BCDC.Ai.GPU Data Center設立!NVIDIA B200×液浸冷却で1,500兆円規模のAI・Web3次世代インフラ市場へに関する補足説明資料.pdf
   ✅ 保存: 1429_1130_日本アクア_非上場の親会社等の決算情報に関するお知らせ.pdf
   ✅ 保存: 5031_1130_G-モイ_(開示事項の経過)第三者割当増資による新株式の発行に係る払込完了に関するお知らせ.pdf
   ✅ 保存: 8772_1130_アサックス_支配株主等に関する事項について.pdf
   ✅ 保存: 9235_1130_G-売れるネットG_(開示事項の経過・変更)売れるネット広告社グループ(9235)『BCDC.Ai.GPU Data Center株式会社』を設立及びAI・GPUインフラ事業の内容変更に関するお知らせ.pdf
   ✅ 保存: 1847_1100_イチケン_支配株主等に関する事項について.pdf
   ✅ 保存: 1847_1100_イチケン_親会社等の決算に関するお知らせ.pdf
   ✅ 保存: 2218_1100_日糧パン_支配株主等に関する事項について.pdf
   ✅ 保存: 3848_1100_データアプリ_2026年3月期決算並びに第41回定時株主総会質疑応答集.pdf
   ✅ 保存: 8011_1100_三陽商_2027年2月期 第1四半期決算短信〔日本基準〕(連結).pdf
   ✅ 保存: 8011_1100_三陽商_配当方針の変更及び配当予想の修正(増配)に関するお知らせ.pdf
   ✅ 保存: 2241_1040_MXSダウ_MAXIS NYダウ上場投信 決算短信(2026年5月期).pdf
   ✅ 保存: 2242_1040_MXSダウヘ有_MAXIS NYダウ上場投信(為替ヘッジあり) 決算短信(2026年5月期).pdf
   ✅ 保存: 6460_1030_セガサミーHD_事後交付型リストリクテッド・ストック・ユニット(RSU)制度及び パフォーマンス・シェア・ユニット(PSU)制度に基づく自己株式の処分に関するお知らせ.pdf
   ✅ 保存: 6850_1030_チノー_資本コストや株価を意識した経営の実現に向けた対応について(アップデート).pdf
   ✅ 保存: 7695_1030_G-交換できるくん_支配株主等に関する事項について.pdf
   ✅ 保存: 7779_1030_G-サイバダイン-議_事業計画及び成長可能性に関する説明資料.pdf
   ✅ 保存: 9820_1030_MTジェネック_支配株主等に関する事項について.pdf
   ✅ 保存: 5571_1000_エキサイトHD_支配株主等に関する事項について.pdf
   ✅ 保存: 5918_1000_滝上工_支配株主等に関する事項について.pdf
   ✅ 保存: 7062_1000_G-フレアス_事業計画及び成長可能性に関する説明資料.pdf
   ✅ 保存: 6574_0915_G-コンヴァノ_財務報告に係る内部統制の開示すべき重要な不備に関するお知らせ.pdf
   ✅ 保存: 506A_0800_P-シンカナース_東京証券取引所 TOKYO PRO Marketへの上場目的の開示.pdf
   ✅ 保存: 5592_0800_G-くすりの窓口_非上場の親会社等の決算に関するお知らせ.pdf
   ✅ 保存: 5592_0800_G-くすりの窓口_支配株主等に関する事項について.pdf
   ✅ 保存: 588A_0800_S-アットマークテク_札幌証券取引所Sapporo PRO Frontier Market への上場のお知らせ.pdf
   ✅ 保存: 588A_0800_S-アットマークテク_札幌証券取引所Sapporo PRO Frontier Marketへの上場に伴う当社決算情報等のお知らせ.pdf
   ✅ 保存: 588A_0800_S-アットマークテク_流動性プロバイダー指定のお知らせ.pdf
   ✅ 保存: 588A_0800_S-アットマークテク_札幌証券取引所Sapporo PRO Frontier Market への上場目的の開示に関するお知らせ.pdf
   ✅ 保存: 589A_0800_G-ネイス_事業計画及び成長可能性に関する説明資料.pdf
   ✅ 保存: 589A_0800_G-ネイス_東京証券取引所グロース市場への上場に伴う当社決算情報等のお知らせ.pdf
   ✅ 保存: 589A_0800_G-ネイス_親会社以外の支配株主及び主要株主の異動に関するお知らせ.pdf
   ✅ 保存: 595A_0800_P-不二興産_東京証券取引所 TOKYO PRO Marketへの上場のお知らせ.pdf
   ✅ 保存: 595A_0800_P-不二興産_東京証券取引所 TOKYO PRO Marketへの上場に伴う当社決算情報等のお知らせ.pdf
   ✅ 保存: 595A_0800_P-不二興産_流動性プロバイダーの指定のお知らせ.pdf
   ✅ 保存: 595A_0800_P-不二興産_東京証券取引所 TOKYO PRO Marketへの上場目的の開示について.pdf
   ✅ 保存: 8518_0800_アジア投資_定款の一部変更に関する株主総会議案の撤回に関するお知らせ.pdf
   ...Page 006 を確認中
   📝 一覧CSV保存: TDnet_Sorted_20260630.csv
   📝 一覧CSV保存（ルート）: TDnet_Sorted_20260630.csv
   📊 日別統計: page_access=6, pdf_success=445, excluded=8

============================================================
✅ ①完了（範囲取得）
   期間: 20260630 ～ 20260630 （mode=day）
   一覧ページアクセス合計: 6
   PDFダウンロード成功合計: 445
   除外件数合計: 8
   保存ルート: G:\マイドライブ\TDnet_Downloads

$ C:\Users\onok\AppData\Local\Python\pythoncore-3.14-64\python.exe -u ②a②bは２つフリーワード検索.py analyze --target 20260630 --save-root G:\マイドライブ\TDnet_Downloads --keywords 価格交渉 増産 価格改定 価格転嫁 値上 想定以上 上方修正 下方修正 想定以下 未達 大幅 計画を上 計画を下 計画以 需要回復 需要の回復 需要が増 需要が低 悪化 グローバルニッチトップ トップシェア シェア拡大 レアアース
ルート: G:\マイドライブ\TDnet_Downloads
対象指定: 20260630 mode= day from= 20260630 to= 20260630
対象フォルダ数: 1
検索キーワード: ['価格交渉', '増産', '価格改定', '価格転嫁', '値上', '想定以上', '上方修正', '下方修正', '想定以下', '未達', '大幅', '計画を上', '計画を下', '計画以', '需要回復', '需要の回復', '需要が増', '需要が低', '悪化', 'グローバルニッチトップ', 'トップシェア', 'シェア拡大', 'レアアース']
総PDF数（推定）: 445
[1/1] 日付フォルダ 20260630 を処理中... (このフォルダ内PDF数: 445)
  進捗: 50/445 件のPDFを解析済み
  進捗: 100/445 件のPDFを解析済み
  進捗: 150/445 件のPDFを解析済み
  進捗: 200/445 件のPDFを解析済み
  進捗: 250/445 件のPDFを解析済み
  進捗: 300/445 件のPDFを解析済み
  進捗: 350/445 件のPDFを解析済み
  進捗: 400/445 件のPDFを解析済み
  進捗: 445/445 件のPDFを解析済み
  → 日付フォルダ 20260630 のヒットPDF数: 55

✅ ②A 完了（解析専用・キーワード別ページ列）
解析PDF数: 445
ヒットPDF数: 55
出力CSV: Analysis_Hits_free_word_20260630.csv
保存先: G:\マイドライブ\TDnet_Downloads

$ C:\Users\onok\AppData\Local\Python\pythoncore-3.14-64\python.exe -u ②a②bは２つフリーワード検索.py distribute --target 20260630 --save-root G:\マイドライブ\TDnet_Downloads --no-stop-on-empty-meta

✅ ②B 完了（配布用CSV作成・キーワード別ページ列）
出力: PDF_Search_Result_Distribution_free_word_20260630_sh.csv
キーワード列: ['価格交渉', '増産', '価格改定', '価格転嫁', '値上', '想定以上', '上方修正', '下方修正', '想定以下', '未達', '大幅', '計画を上', '計画を下', '計画以', '需要回復', '需要の回復', '需要が増', '需要が低', '悪化', 'グローバルニッチトップ', 'トップシェア', 'シェア拡大', 'レアアース']
突合除外件数: 0
空欄アラート件数: 0

============================================
 Done: 2026-06-30 23:10:21
============================================
