============================================
 TDnet auto run: 20260623
 Start: 2026-06-23 23:00:01
============================================

$ C:\Users\onok\AppData\Local\Python\pythoncore-3.14-64\python.exe -u ①_tdnetアクセスしてダウンロードする処理（月日付別フォルダ保存）.py --target 20260623 --save-root G:\マイドライブ\TDnet_Downloads
🎯 対象指定: 20260623（mode=day, from=20260623, to=20260623）
📁 保存ルート: G:\マイドライブ\TDnet_Downloads

============================================================
📅 日付: 20260623 を処理します
   ...Page 001 を確認中
   ✅ 保存: 6579_1815_G-ログリー_第20回定時株主総会の継続会の開催方針に関するお知らせ.pdf
   ✅ 保存: 1960_1800_サンテック_当社取締役会の全体としての実効性の評価結果の概要について.pdf
   ✅ 保存: 6753_1800_シャープ_支配株主等に関する事項について.pdf
   ✅ 保存: 8919_1800_カチタス_譲渡制限付株式報酬としての自己株式の処分に関するお知らせ.pdf
   ✅ 保存: 8934_1800_サンフロンティア_譲渡制限付株式報酬としての自己株式の処分に関するお知らせ.pdf
   ✅ 保存: 8934_1800_サンフロンティア_執行役員及び一部従業員に対する譲渡制限付株式としての自己株式の処分に関するお知らせ.pdf
   ✅ 保存: 2437_1730_シンワワイズ_社外取締役の辞任に関するお知らせ.pdf
   ✅ 保存: 4816_1730_東映アニメ_人事異動に関するお知らせ.pdf
   ✅ 保存: 5244_1720_G-jig.jp_役員等の体制に関するお知らせ.pdf
   ✅ 保存: 131A_1700_P-CCNグループ_(訂正)「2026 年3月期 決算短信〔日本基準〕(連結)」の一部訂正について.pdf
   ✅ 保存: 2933_1700_紀文食品_代表取締役の異動ならびに新役員体制の決定に関するお知らせ.pdf
   ✅ 保存: 324A_1700_G-ブッキングR_資本金の額の減少(減資)に関するお知らせ.pdf
   ✅ 保存: 324A_1700_G-ブッキングR_譲渡制限付株式報酬制度の導入に関するお知らせ.pdf
   ✅ 保存: 3326_1700_ランシステム_支配株主等に関する事項について.pdf
   ✅ 保存: 4175_1700_G-coly_(開示事項の経過)ウォルト・ディズニー・ジャパン株式会社との取引契約に基づく新規スマートフォンゲーム公式サイト開設および事前登録開始のお知らせ.pdf
   ✅ 保存: 4564_1700_G-OTS_事業計画及び成長可能性に関する事項.pdf
   ✅ 保存: 4645_1700_市進HD_譲渡制限付株式報酬としての自己株式の処分に関するお知らせ.pdf
   ✅ 保存: 4732_1700_USS_第三者割当による自己株式の処分に関するお知らせ.pdf
   ✅ 保存: 4732_1700_USS_「信託型従業員持株インセンティブ・プラン(E-Ship)」の再導入について.pdf
   ✅ 保存: 4956_1700_コニシ_譲渡制限付株式報酬としての自己株式処分に関するお知らせ.pdf
   ✅ 保存: 5130_1700_P-ヒロHD_資金の借入に関するお知らせ.pdf
   ✅ 保存: 6181_1700_G-タメニー_上場維持基準(純資産基準)への適合に関するお知らせ.pdf
   ✅ 保存: 7201_1700_日産自_取締役人事について.pdf
   ✅ 保存: 7794_1700_G-イーディーピー_譲渡制限付株式報酬としての新株式発行に関するお知らせ.pdf
   ✅ 保存: 3800_1655_ユニリタ_人事異動および組織変更に関するお知らせ.pdf
   ✅ 保存: 8334_1645_群馬銀_譲渡制限付株式報酬及び業績連動型株式報酬としての自己株式の処分に関するお知らせ.pdf
   ✅ 保存: 9171_1635_栗林船_自己株式の取得及び自己株式立会外買付取引(ToSTNeT-3)による自己株式の買付けに関するお知らせ.pdf
   ✅ 保存: 3695_1631_G-GMO-PP_株式の立会外分売実施に関するお知らせ.pdf
   ✅ 保存: 2961_1630_日本調理機_株式分割および株式分割に伴う定款の一部変更ならびに配当予想の修正に関するお知らせ.pdf
   ✅ 保存: 3634_1630_ソケッツ_ストック・オプション(新株予約権)の発行に関するお知らせ.pdf
   ✅ 保存: 5279_1630_日本興業_譲渡制限付株式報酬としての自己株式処分に関するお知らせ.pdf
   ✅ 保存: 6309_1630_巴工業_連結子会社の増資および特定子会社の異動に関するお知らせ.pdf
   ✅ 保存: 6740_1630_JDI_(訂正・数値データ訂正)「2026年3月期 決算短信〔日本基準〕(連結)」の一部訂正について.pdf
   ✅ 保存: 8035_1630_東エレク_代表取締役の異動に関するお知らせ.pdf
   ✅ 保存: 8035_1630_東エレク_株式報酬型ストックオプション(新株予約権)の発行に関するお知らせ.pdf
   ✅ 保存: 8919_1630_カチタス_支配株主等に関する事項.pdf
   ✅ 保存: 9434_1630_ソフトバンク_新株予約権(ストックオプション)の発行に関するお知らせ.pdf
   ✅ 保存: 9434_1630_ソフトバンク_譲渡制限付株式報酬としての自己株式の処分に関するお知らせ.pdf
   ✅ 保存: 9706_1630_日空ビル_羽田空港国内線旅客取扱施設利用料の変更について.pdf
   ✅ 保存: 3237_1615_G-イントランス_新規事業開始、資本業務提携契約締結及び第三者割当による第3回無担保転換社債型新株予約権付社債並びに第11回新株予約権の発行に関するお知らせ.pdf
   ✅ 保存: 3237_1615_G-イントランス_募集新株予約権(有償ストック・オプション)の発行に関するお知らせ.pdf
   ✅ 保存: 2093_1600_上場Tr米債02ラダ_2026年5月期(2025年11月11日~2026年5月10日)決算短信.pdf
   ✅ 保存: 2751_1600_テンポスHD_公益財団法人財務会計基準機構への加入状況及び加入に関する考え方等に関するお知らせ.pdf
   ✅ 保存: 281A_1600_G-インフォメティス_欧州本土への事業展開に向けた取り組み開始に関するお知らせ.pdf
   ✅ 保存: 3121_1600_マーチャント_第三者割当による自己株式の処分による株式会社TIGEREYEの株式の取得(持分法適用関連会社化)のお知らせ.pdf
   ✅ 保存: 351A_1600_P-アクシスITP_TOKYO PRO Marketへの上場目的の開示について.pdf
   ✅ 保存: 366A_1600_G-ウェルネスC_事業計画及び成長可能性に関する事項.pdf
   ✅ 保存: 4216_1600_旭有機材_支配株主等に関する事項について.pdf
   ✅ 保存: 4222_1600_児玉化_剰余金の配当(期末配当)に関するお知らせ.pdf
   ✅ 保存: 4461_1600_第一工業_譲渡制限付株式報酬としての自己株式処分に関するお知らせ.pdf
   ✅ 保存: 4552_1600_JCRファーマ_支配株主等(その他の関係会社)に関する事項について.pdf
   ✅ 保存: 4552_1600_JCRファーマ_譲渡制限付株式報酬としての自己株式の処分に関するお知らせ.pdf
   ✅ 保存: 4552_1600_JCRファーマ_(再訂正)「2025年3月期 決算短信〔日本基準〕(連結)」の一部訂正について.pdf
   ✅ 保存: 4552_1600_JCRファーマ_(訂正・数値データ訂正)「2026 年3 月期 決算短信〔日本基準〕(連結)」の一部訂正について.pdf
   ✅ 保存: 4679_1600_田谷_役員人事に関するお知らせ.pdf
   ✅ 保存: 489A_1600_物流フォーカス_2026年5月期(2025年12月17日~2026年5月15日)決算短信.pdf
   ✅ 保存: 5079_1600_ノバック_2026年4月期 決算説明資料.pdf
   ✅ 保存: 5186_1600_ニッタ_株主提案に係る一部議題の取り下げに関するお知らせ.pdf
   ✅ 保存: 5343_1600_ニッコー_公益財団法人 財務会計基準機構への加入状況について.pdf
   ✅ 保存: 5343_1600_ニッコー_支配株主等に関する事項について.pdf
   ✅ 保存: 5357_1600_ヨータイ_(訂正・数値データ訂正)「2026年3月期 決算短信〔日本基準〕(連結)」の一部訂正について.pdf
   ✅ 保存: 557A_1600_P-フェリエスト_東京証券取引所 TOKYO PRO Marketへの上場目的の開示.pdf
   ✅ 保存: 5820_1600_三ッ星_譲渡制限付株式報酬としての自己株式の処分に関するお知らせ.pdf
   ✅ 保存: 6772_1600_コスモス電_(開示事項の訂正)過去のリリースに関する訂正のお知らせ.pdf
   ✅ 保存: 6772_1600_コスモス電_ガバナンス体制の再構築等について.pdf
   ✅ 保存: 6772_1600_コスモス電_支配株主等に関する事項について.pdf
   ✅ 保存: 6797_1600_名古屋電機工業_取締役及び執行役員人事に関するお知らせ.pdf
   ✅ 保存: 6797_1600_名古屋電機工業_譲渡制限付株式報酬としての自己株式の処分に関するお知らせ.pdf
   ✅ 保存: 6797_1600_名古屋電機工業_任意の指名・報酬委員会設置に関するお知らせ.pdf
   ✅ 保存: 6862_1600_ミナトHD_連結子会社からの配当金受領に関するお知らせ.pdf
   ✅ 保存: 6908_1600_イリソ電子工業_役員人事及び重要人事に関するお知らせ.pdf
   ✅ 保存: 7184_1600_富山第一銀行_役員等の体制に関するお知らせ.pdf
   ✅ 保存: 7184_1600_富山第一銀行_譲渡制限付株式報酬としての自己株式の処分に関するお知らせ.pdf
   ✅ 保存: 7191_1600_イントラスト_支配株主等に関する事項について.pdf
   ✅ 保存: 7235_1600_東ラヂエタ_連結子会社からの配当金受領に関するお知らせ.pdf
   ✅ 保存: 8304_1600_あおぞら_支配株主等に関する事項について.pdf
   ✅ 保存: 8304_1600_あおぞら_株式報酬型ストック・オプション(新株予約権)の発行に関するお知らせ.pdf
   ✅ 保存: 8309_1600_三井住友トラストG_自己株式の取得状況および取得終了ならびに自己株式の消却に関するお知らせ.pdf
   ✅ 保存: 8337_1600_千葉興銀_株式報酬型ストックオプション(新株予約権)の付与に関するお知らせ(募集事項の決定等に関するお知らせ).pdf
   ✅ 保存: 8337_1600_千葉興銀_第2回第七種優先株式の自己株式の取得に係る事項の決定(会社法第459条第1項の規定による定款の定めに基づく自己株式の取得)に関するお知らせ.pdf
   ✅ 保存: 8361_1600_大垣銀_株式報酬型ストック・オプション(新株予約権)の発行に関するお知らせ.pdf
   ✅ 保存: 8508_1600_Jトラスト_(開示事項の経過)当社の株主優待に関するお知らせ.pdf
   ✅ 保存: 8952_1600_R-ジャパン_借入金の期限前弁済及び資金の借入に関するお知らせ.pdf
   ✅ 保存: 8964_1600_R-フロンティア_国内不動産の取得に関するお知らせ_神宮前四丁目ビル_.pdf
   ✅ 保存: 9087_1600_タカセ_譲渡制限付株式報酬としての自己株式処分に関するお知らせ.pdf
   ✅ 保存: 9229_1600_サンウェルズ_支配株主等に関する事項について.pdf
   ✅ 保存: 9360_1600_鈴与シンワ_(訂正・数値データ訂正)「2026年3月期 決算短信〔日本基準〕(連結)」の一部訂正について.pdf
   ✅ 保存: 9366_1600_サンリツ_内部統制システムの構築に関する基本方針.pdf
   ✅ 保存: 9366_1600_サンリツ_当社取締役会の実効性に関する評価結果の概要.pdf
   ✅ 保存: 9625_1600_セレスポ_譲渡制限付株式報酬としての自己株式の処分に関するお知らせ.pdf
   ✅ 保存: 9702_1600_アイエスビー_連結子会社の吸収合併(簡易合併・略式合併)に関するお知らせ.pdf
   ✅ 保存: 9742_1600_アイネス_支配株主等に関する事項について.pdf
   ✅ 保存: 6343_1540_フリージアマク_公益財団法人財務会計基準機構への加入状況及び加入に関する考え方等に関するお知らせ.pdf
   ✅ 保存: 6343_1540_フリージアマク_支配株主等に関する事項について.pdf
   ✅ 保存: 6343_1540_フリージアマク_非上場の親会社等の決算情報に関するお知らせ.pdf
   ✅ 保存: 7014_1540_名村造船_譲渡制限付株式報酬としての新株式の発行に関するお知らせ.pdf
   ✅ 保存: 7927_1540_ムトー精工_譲渡制限付株式報酬としての自己株式の処分に関するお知らせ.pdf
   ✅ 保存: 9073_1540_京極運輸_支配株主等に関する事項について.pdf
   ✅ 保存: 1330_1530_上場225_投資信託約款の一部変更に関するお知らせ.pdf
   ✅ 保存: 1383_1530_ベルグアース_主要株主の異動(予定)に関するお知らせ.pdf
   ...Page 002 を確認中
   ✅ 保存: 141A_1530_G-トライアル_完全子会社との会社分割(簡易吸収分割)に関するお知らせ.pdf
   ✅ 保存: 141A_1530_G-トライアル_財務上の特約の付されたシンジケートローンによる既存借入金のリファイナンス及び営業外費用の計上に関するお知らせ.pdf
   ✅ 保存: 155A_1530_G-情報戦略_株主優待制度の廃止に関するお知らせ.pdf
   ✅ 保存: 1898_1530_世紀東急_支配株主等に関する事項について.pdf
   ✅ 保存: 1898_1530_世紀東急_譲渡制限付株式としての自己株式の処分に関するお知らせ.pdf
   ✅ 保存: 2114_1530_フジ日本_社外取締役および社外監査役との責任限定契約締結に関するお知らせ.pdf
   ✅ 保存: 2246_1530_仏債7-10ヘッジ有_「NEXT FUNDS ブルームバーグ・フランス国債(7-10年)インデックス(為替ヘッジあり)連動型上場投信」保有する債券先物の全決済のお知らせ.pdf
   ✅ 保存: 2698_1530_キャンドゥ_譲渡制限付株式報酬としての自己株式の処分の払込完了に関するお知らせ.pdf
   ✅ 保存: 2805_1530_エスビー食_取締役に対する譲渡制限付株式としての自己株式処分に関するお知らせ.pdf
   ✅ 保存: 291A_1530_G-リスキル_支配株主等に関する事項について.pdf
   ✅ 保存: 302A_1530_G-ビースタイルHD_事業計画及び成長可能性に関する事項.pdf
   ✅ 保存: 302A_1530_G-ビースタイルHD_(訂正)「2025年3月期 決算短信〔日本基準〕(連結)」の一部訂正について.pdf
   ✅ 保存: 302A_1530_G-ビースタイルHD_(訂正・数値データ訂正)「2026年3月期 決算短信〔日本基準〕(連結)」の一部訂正について.pdf
   ✅ 保存: 3038_1530_神戸物産_2026年5月度 月次IRニュース.pdf
   ✅ 保存: 3178_1530_チムニー_新役員体制及び人事異動に関するお知らせ.pdf
   ✅ 保存: 3185_1530_G-夢展望_譲渡制限付株式報酬としての新株式発行に関するお知らせ.pdf
   ✅ 保存: 3440_1530_日創グループ_連結子会社の異動(株式譲渡)及び特別利益の計上に関するお知らせ.pdf
   ✅ 保存: 3487_1530_R-CREロジ_厚木飯山南工場(底地)の取得予定価格の変更に関するお知らせ.pdf
   ✅ 保存: 3487_1530_R-CREロジ_資金の借入れ(借換え及び新規借入れ)に関するお知らせ.pdf
   ✅ 保存: 3834_1530_朝日ネット_譲渡制限付株式報酬としての自己株式の処分に関するお知らせ.pdf
   ✅ 保存: 3918_1530_PCIHD_新役員体制の決定に関するお知らせ.pdf
   ✅ 保存: 3918_1530_PCIHD_支配株主等に関する事項について.pdf
   ✅ 保存: 3970_1530_イノベーション_(訂正)「2026年3月期 決算短信〔日本基準〕(連結)」の一部訂正について.pdf
   ✅ 保存: 3994_1530_マネーフォワード_当社子会社ファンドにおける営業投資有価証券売上高の計上見込みに関するお知らせ.pdf
   ✅ 保存: 4004_1530_レゾナックHD_所在不明株主の株式買取りに関するお知らせ.pdf
   ✅ 保存: 4206_1530_アイカ工_2027年満期ユーロ円建転換社債型新株予約権付社債の転換価額の調整に関するお知らせ.pdf
   ✅ 保存: 4206_1530_アイカ工_譲渡制限付株式報酬としての自己株式の処分に関するお知らせ.pdf
   ✅ 保存: 4228_1530_積水化成_譲渡制限付株式報酬としての自己株式の処分に関するお知らせ.pdf
   ✅ 保存: 4265_1530_G-IGS_Quess International Services Private Limitedとの戦略的協業契約締結に関するお知らせ.pdf
   ✅ 保存: 4343_1530_イオンファン_第19回新株予約権(株式報酬型ストックオプション)の発行価額確定のお知らせ.pdf
   ✅ 保存: 434A_1530_P-LOOPLACE_販売用不動産売却のお知らせ.pdf
   ✅ 保存: 438A_1530_G-インフキュリオン_事業計画及び成長可能性に関する事項.pdf
   ✅ 保存: 4393_1530_G-バンクオブイノベ_「メメントモリWebストア」に関する主なご質問と回答について(2026年6月).pdf
   ✅ 保存: 4498_1530_G-サイバートラスト_(訂正・数値データ訂正)「2026年3月期 決算短信〔日本基準〕(連結)」の一部訂正について.pdf
   ✅ 保存: 4498_1530_G-サイバートラスト_(訂正)「2026年3月期 決算説明資料」の一部訂正について.pdf
   ✅ 保存: 4524_1530_仁丹_支配株主等に関する事項について.pdf
   ✅ 保存: 4547_1530_キッセイ薬_取締役及び執行役員に対する譲渡制限付株式としての自己株式処分に関するお知らせ.pdf
   ✅ 保存: 4549_1530_栄研化_譲渡制限付株式報酬としての自己株式の処分に関するお知らせ.pdf
   ✅ 保存: 4676_1530_フジHD_(訂正・数値データ訂正)「2026年3月期決算短信〔日本基準〕(連結)」の一部訂正について.pdf
   ✅ 保存: 471A_1530_NSグループ_自己株式の取得に係る事項の決定に関するお知らせ.pdf
   ✅ 保存: 4776_1530_CYBOZU_2026年5月度 月次売上高推移のお知らせ.pdf
   ✅ 保存: 4845_1530_スカラ_連結子会社からの配当金受領に関するお知らせ.pdf
   ✅ 保存: 4980_1530_デクセリアルズ_譲渡制限付株式報酬としての自己株式の処分に関するお知らせ.pdf
   ✅ 保存: 5013_1530_ユシロ_取締役の役職名変更に関するお知らせ.pdf
   ✅ 保存: 5013_1530_ユシロ_(開示事項の経過)本社移転日の決定に関するお知らせ.pdf
   ✅ 保存: 5013_1530_ユシロ_譲渡制限付株式報酬としての自己株式の処分に関するお知らせ.pdf
   ✅ 保存: 5076_1530_インフロニアHD_譲渡制限付株式報酬としての自己株式の処分に関するお知らせ.pdf
   ✅ 保存: 5076_1530_インフロニアHD_業績連動型株式報酬制度の改定に関するお知らせ.pdf
   ✅ 保存: 5133_1530_テリロジーHD_株式報酬型ストック・オプション(新株予約権)の発行に関するお知らせ.pdf
   ✅ 保存: 5133_1530_テリロジーHD_取締役会の実効性に関する評価結果の概要について.pdf
   ✅ 保存: 5332_1530_TOTO_譲渡制限付株式報酬としての自己株式の処分に関するお知らせ.pdf
   ✅ 保存: 5401_1530_日本製鉄_2029年満期ユーロ円建転換社債型新株予約権付社債及び2031年満期ユーロ円建転換社債型新株予約権付社債の転換価額の調整に関するお知らせ.pdf
   ✅ 保存: 5884_1530_G-クラダシ_(開示事項の経過)辻・本郷スマートアセット株式会社との合弁事業にかかる進捗状況に関するお知らせ.pdf
   ✅ 保存: 6027_1530_弁護士ドットコム_取締役および監査役の選任に関するお知らせ.pdf
   ✅ 保存: 6027_1530_弁護士ドットコム_支配株主等に関する事項について.pdf
   ✅ 保存: 6093_1530_ミトラG_(開示事項の中止)基本合意契約の解除に関するお知らせ.pdf
   ✅ 保存: 6181_1530_G-タメニー_支配株主等に関する事項について.pdf
   ✅ 保存: 6181_1530_G-タメニー_「継続企業の前提に関する注記」の記載解消に関するお知らせ.pdf
   ✅ 保存: 6186_1530_一蔵_譲渡制限付株式報酬としての新株式発行に関するお知らせ.pdf
   ✅ 保存: 6186_1530_一蔵_資本コストや株価を意識した経営の実現に向けた対応について.pdf
   ✅ 保存: 6186_1530_一蔵_上場維持基準への適合に向けた計画(改善期間入り)について.pdf
   ✅ 保存: 6230_1530_SANEI_代表取締役の異動に関するお知らせ.pdf
   ✅ 保存: 6230_1530_SANEI_役員人事等に関するお知らせ.pdf
   ✅ 保存: 6403_1530_水道機工_当社株式の上場廃止に関するお知らせ.pdf
   ✅ 保存: 6490_1530_PILLAR_譲渡制限付株式報酬としての自己株式の処分に関するお知らせ.pdf
   ✅ 保存: 6573_1530_G-CRAVIA_その他の関係会社の異動に関するお知らせ.pdf
   ✅ 保存: 6728_1530_アルバック_連結子会社の会社分割(新設分割)に関するお知らせ.pdf
   ✅ 保存: 6788_1530_日本トリム_譲渡制限付株式報酬としての自己株式の処分に関するお知らせ.pdf
   ✅ 保存: 6890_1530_フェローテック_(開示事項の経過)2028年満期ユーロ円建転換社債型新株予約権付社債の繰上償還実行のお知らせ.pdf
   ✅ 保存: 7022_1530_サノヤスHD_譲渡制限付株式報酬としての自己株式の処分に関するお知らせ.pdf
   ✅ 保存: 7022_1530_サノヤスHD_従業員持株会向け譲渡制限付株式インセンティブとしての自己株式の処分に関するお知らせ.pdf
   ✅ 保存: 7047_1530_G-ポート_個別決算における連結子会社からの配当金受領に関するお知らせ.pdf
   ✅ 保存: 7075_1530_G-QLS_事業計画及び成長可能性に関する事項.pdf
   ✅ 保存: 7096_1530_G-ステムセル研究所_事業計画及び成長可能性に関する事項.pdf
   ✅ 保存: 7119_1530_G-ハルメクHD_事業計画及び成長可能性に関する事項.pdf
   ✅ 保存: 7198_1530_SBIアルヒ_代表取締役の異動に関するお知らせ.pdf
   ✅ 保存: 7266_1530_今仙電機_譲渡制限付株式報酬としての自己株式の処分に関するお知らせ.pdf
   ✅ 保存: 7296_1530_FCC_譲渡制限付株式報酬としての自己株式の処分に関するお知らせ.pdf
   ✅ 保存: 7730_1530_マニー_執行体制の変更に関するお知らせ.pdf
   ✅ 保存: 7823_1530_アートネイチャー_新役員体制のお知らせ.pdf
   ✅ 保存: 7823_1530_アートネイチャー_株式報酬型ストック・オプション(新株予約権)の発行について.pdf
   ✅ 保存: 7823_1530_アートネイチャー_取締役の異動のお知らせ.pdf
   ✅ 保存: 7832_1530_バンダイナムコ_第21回定時株主総会の議決権行使結果に関するお知らせ.pdf
   ✅ 保存: 7970_1530_信越ポリマ_支配株主等に関する事項について.pdf
   ✅ 保存: 8071_1530_東海エレ_株式の取得(子会社化)に向けた基本合意書締結に関するお知らせ.pdf
   ✅ 保存: 8136_1530_サンリオ_2026年3月期決算短信[日本基準](連結).pdf
   ✅ 保存: 8136_1530_サンリオ_第66期(2026年3月期)決算説明資料.pdf
   ✅ 保存: 8136_1530_サンリオ_剰余金の配当に関するお知らせ.pdf
   ✅ 保存: 8136_1530_サンリオ_2028年満期ユーロ円建転換社債型新株予約権付社債の転換価額の調整に関するお知らせ.pdf
   ✅ 保存: 8377_1530_ほくほく_業績連動型株式報酬制度に基づく自己株式の処分に関するお知らせ.pdf
   ✅ 保存: 8591_1530_オリックス_代表執行役の異動に関するお知らせ.pdf
   ✅ 保存: 8591_1530_オリックス_役員人事および機構改革に関するお知らせ.pdf
   ✅ 保存: 9221_1530_フルハシEPO_取締役に対する譲渡制限付株式としての自己株式処分に関するお知らせ.pdf
   ✅ 保存: 9253_1530_G-スローガン_譲渡制限付株式報酬としての自己株式の処分に関するお知らせ.pdf
   ✅ 保存: 9367_1530_大東港運_資本コストや株価を意識した経営の実現に向けた対応について(アップデート).pdf
   ✅ 保存: 9416_1530_ビジョン_自己株式の取得状況及び取得終了に関するお知らせ.pdf
   ✅ 保存: 9551_1530_メタウォーター_役員人事に関するお知らせ.pdf
   ✅ 保存: 9551_1530_メタウォーター_支配株主等に関する事項について(2026年3月期).pdf
   ✅ 保存: 9551_1530_メタウォーター_譲渡制限付株式報酬としての自己株式の処分に関するお知らせ.pdf
   ✅ 保存: 9552_1530_クオンツ総研HD_自己株式の取得状況および取得終了に関するお知らせ.pdf
   ...Page 003 を確認中
   ✅ 保存: 9682_1530_DTS_譲渡制限付株式報酬としての自己株式処分に関するお知らせ.pdf
   ✅ 保存: 9682_1530_DTS_社員持株会向け譲渡制限付株式交付としての自己株式の処分に関するお知らせ.pdf
   ✅ 保存: 1447_1500_G-SAAFHD_当社取締役による地位確認仮処分の申立て および当社取締役による地位確認仮処分命令決定に関するお知らせ.pdf
   ✅ 保存: 255A_1500_ジーエルテクノHD_譲渡制限付株式報酬としての自己株式の処分に関するお知らせ.pdf
   ✅ 保存: 2763_1500_エフティグループ_自己株式の消却に関するお知らせ.pdf
   ✅ 保存: 2763_1500_エフティグループ_支配株主等に関する事項について.pdf
   ✅ 保存: 4437_1500_G-GDH_事業計画及び成長可能性に関する事項.pdf
   ✅ 保存: 4725_1500_CACHD_投資有価証券売却益(特別利益)の計上見込みに関するお知らせ.pdf
   ✅ 保存: 5446_1500_北越メタル_支配株主等に関する事項について.pdf
   ✅ 保存: 562A_1500_P-寶結_TOKYO PRO Market への上場目的の開示に関するお知らせ.pdf
   ✅ 保存: 6262_1500_PEGASUS_譲渡制限付株式報酬としての自己株式の処分に関するお知らせ.pdf
   ✅ 保存: 6262_1500_PEGASUS_Be Brave株式会社による当社株式の大量買付等を踏まえた当社株券等の大規模買付行為等に関する対応方針の継続承認及び独立委員会の委員選任に関するお知らせ.pdf
   ✅ 保存: 6382_1500_トリニ工_支配株主等に関する事項について.pdf
   ✅ 保存: 6382_1500_トリニ工_譲渡制限付株式報酬としての自己株式の処分に関するお知らせ.pdf
   ✅ 保存: 6459_1500_大和冷機_三浦電子株式会社の株式の取得(子会社化)に関するお知らせ.pdf
   ✅ 保存: 7670_1500_オーウエル_取締役会の実効性評価の結果の概要に関するお知らせ.pdf
   ✅ 保存: 7919_1500_野崎印_資本コストや株価を意識した経営の実現に向けた対応について(アップデート).pdf
   ✅ 保存: 7919_1500_野崎印_固定資産の譲渡に関するお知らせ.pdf
   ✅ 保存: 8076_1500_カノークス_取締役(監査等委員である取締役を除く。)及び執行役員に対する譲渡制限付株式報酬としての自己株式処分に関するお知らせ.pdf
   ✅ 保存: 8278_1500_フジ_資本コストや株価を意識した経営の実現に向けた対応について(アップデート).pdf
   ✅ 保存: 8392_1500_大分銀_株式報酬型ストック・オプション(新株予約権)の発行に関するお知らせ.pdf
   ✅ 保存: 8537_1500_大光銀_譲渡制限付株式報酬としての自己株式の処分に関するお知らせ.pdf
   ✅ 保存: 9341_1500_GENOVA_執行役員人事に関するお知らせ.pdf
   ✅ 保存: 3245_1430_ディア・ライフ_オフィスビル開発用地の取得に関するお知らせ.pdf
   ✅ 保存: 3778_1430_さくらインターネット_譲渡制限株式報酬としての自己株式の処分に関するお知らせ.pdf
   ✅ 保存: 2588_1400_プレミアムウォーター_支配株主等に関する事項について.pdf
   ✅ 保存: 5695_1400_パウダテック_譲渡制限付株式報酬としての自己株式の処分に関するお知らせ.pdf
   ✅ 保存: 7938_1400_リーガル_役員報酬減額の継続に関するお知らせ.pdf
   ✅ 保存: 7938_1400_リーガル_「当社株式の大量買付行為への対応方針(買収への対応方針)」に基づく特別委員会委員の一部変更に関するお知らせ.pdf
   ✅ 保存: 8051_1400_山善_完全子会社の吸収合併(簡易合併・略式合併)に関するお知らせ.pdf
   ✅ 保存: 9220_1400_エフビー介護サービス_支配株主等に関する事項について.pdf
   ✅ 保存: 9708_1400_帝国ホテル_支配株主等に関する事項について.pdf
   ✅ 保存: 9959_1400_アシードHD_(訂正・数値データ訂正)2026年3月期 決算短信〔日本基準〕(連結)の一部訂正について.pdf
   ✅ 保存: 8007_1330_高島_譲渡制限付株式報酬としての自己株式の処分に関するお知らせ.pdf
   ✅ 保存: 8424_1330_芙蓉リース_組織改編並びに執行役員の異動および人事異動のお知らせ.pdf
   ✅ 保存: 9305_1320_ヤマタネ_譲渡制限付株式報酬としての自己株式の処分に関するお知らせ.pdf
   ✅ 保存: 9305_1320_ヤマタネ_「コーポレートガバナンスに関する基本方針」一部改定のお知らせ.pdf
   ✅ 保存: 3058_1300_三洋堂HD_組織変更および人事異動に関するお知らせ、並びに役員および執行役員の体制に関するお知らせ.pdf
   ✅ 保存: 3434_1300_アルファCo_譲渡制限付株式報酬としての自己株式処分に関するお知らせ.pdf
   ✅ 保存: 4635_1300_東インキ_確定拠出年金制度への一部移行及び特別利益の計上に関するお知らせ.pdf
   ✅ 保存: 7242_1300_カヤバ_(訂正・数値データ訂正)「2026年3月期 決算短信〔IFRS〕(連結)」の一部訂正について.pdf
   ✅ 保存: 7426_1300_山大_主要株主の異動に関するお知らせ.pdf
   ✅ 保存: 3928_1230_マイネット_第三者割当増資および資本業務提携に関する補足説明資料.pdf
   ✅ 保存: 3928_1230_マイネット_株式会社Zero Gamingとの資本業務提携、第三者割当増資による新株式の発行に関するお知らせ.pdf
   ✅ 保存: 5941_1230_中西製作所_主要株主の異動に関するお知らせ.pdf
   ✅ 保存: 7490_1230_日新商_株式会社EDIANDによる当社株式に対する公開買付けの結果並びに親会社及び主要株主である筆頭株主の異動に関するお知らせ.pdf
   ✅ 保存: 1326_1210_E-ワールド_SPDRゴールド・シェアに関する日々の開示事項.pdf
   ✅ 保存: 587A_1200_E-インベスコQQQ_インベスコQQQトラスト シリーズ1 に関する日々の開示事項.pdf
   ✅ 保存: 7986_1200_日本アイエスケイ_非上場の親会社等の決算に関するお知らせ.pdf
   ✅ 保存: 4124_1130_大阪油化工業_非上場の親会社等の決算に関するお知らせ.pdf
   ✅ 保存: 6330_1130_洋エンジ_(訂正・数値データ訂正)「2026年3月期 決算短信〔日本基準〕(連結)」の一部訂正について.pdf
   ✅ 保存: 381A_1100_iF米国債35H無_2026年5月期(2025年11月11日~2026年5月10日)決算短信.pdf
   ✅ 保存: 3825_1100_REMIX_需給調整市場参入に関するお知らせ.pdf
   ✅ 保存: 382A_1100_iF米国債35H有_2026年5月期(2025年11月11日~2026年5月10日)決算短信.pdf
   ✅ 保存: 4341_1100_西菱電機_支配株主等に関する事項について.pdf
   ✅ 保存: 5955_1100_ワイズHD_支配株主等に関する事項について.pdf
   ✅ 保存: 3181_1000_買取王国_公益財団法人財務会計基準機構への加入状況及び加入に関する考え方に関するお知らせ.pdf
   ✅ 保存: 3750_1000_ADR120S_NeoCella繁殖牝馬向け事業開始に関するお知らせ.pdf
   ✅ 保存: 6287_0830_サトー_当社による株式会社平野屋物産の株式取得(完全子会社化)に関するお知らせ.pdf
   ✅ 保存: 3099_0800_ミツコシイセタン_第18回定時株主総会における議決権行使結果に関するお知らせ.pdf
   ✅ 保存: 584A_0800_G-LiNKX_東京証券取引所グロース市場への上場に伴う当社決算情報等のお知らせ.pdf
   ✅ 保存: 584A_0800_G-LiNKX_事業計画及び成長可能性に関する事項.pdf
   ...Page 004 を確認中
   📝 一覧CSV保存: TDnet_Sorted_20260623.csv
   📝 一覧CSV保存（ルート）: TDnet_Sorted_20260623.csv
   📊 日別統計: page_access=4, pdf_success=262, excluded=8

============================================================
✅ ①完了（範囲取得）
   期間: 20260623 ～ 20260623 （mode=day）
   一覧ページアクセス合計: 4
   PDFダウンロード成功合計: 262
   除外件数合計: 8
   保存ルート: G:\マイドライブ\TDnet_Downloads

$ C:\Users\onok\AppData\Local\Python\pythoncore-3.14-64\python.exe -u ②a②bは２つフリーワード検索.py analyze --target 20260623 --save-root G:\マイドライブ\TDnet_Downloads --keywords 価格交渉 増産 価格改定 価格転嫁 値上 想定以上 上方修正 下方修正 想定以下 未達 大幅 計画を上 計画を下 計画以 需要回復 需要の回復 需要が増 需要が低 悪化 グローバルニッチトップ トップシェア シェア拡大 レアアース
ルート: G:\マイドライブ\TDnet_Downloads
対象指定: 20260623 mode= day from= 20260623 to= 20260623
対象フォルダ数: 1
検索キーワード: ['価格交渉', '増産', '価格改定', '価格転嫁', '値上', '想定以上', '上方修正', '下方修正', '想定以下', '未達', '大幅', '計画を上', '計画を下', '計画以', '需要回復', '需要の回復', '需要が増', '需要が低', '悪化', 'グローバルニッチトップ', 'トップシェア', 'シェア拡大', 'レアアース']
総PDF数（推定）: 262
[1/1] 日付フォルダ 20260623 を処理中... (このフォルダ内PDF数: 262)
  進捗: 50/262 件のPDFを解析済み
  進捗: 100/262 件のPDFを解析済み
  進捗: 150/262 件のPDFを解析済み
  進捗: 200/262 件のPDFを解析済み
  進捗: 250/262 件のPDFを解析済み
  進捗: 262/262 件のPDFを解析済み
  → 日付フォルダ 20260623 のヒットPDF数: 22

✅ ②A 完了（解析専用・キーワード別ページ列）
解析PDF数: 262
ヒットPDF数: 22
出力CSV: Analysis_Hits_free_word_20260623.csv
保存先: G:\マイドライブ\TDnet_Downloads

$ C:\Users\onok\AppData\Local\Python\pythoncore-3.14-64\python.exe -u ②a②bは２つフリーワード検索.py distribute --target 20260623 --save-root G:\マイドライブ\TDnet_Downloads --no-stop-on-empty-meta

✅ ②B 完了（配布用CSV作成・キーワード別ページ列）
出力: PDF_Search_Result_Distribution_free_word_20260623_sh.csv
キーワード列: ['価格交渉', '増産', '価格改定', '価格転嫁', '値上', '想定以上', '上方修正', '下方修正', '想定以下', '未達', '大幅', '計画を上', '計画を下', '計画以', '需要回復', '需要の回復', '需要が増', '需要が低', '悪化', 'グローバルニッチトップ', 'トップシェア', 'シェア拡大', 'レアアース']
突合除外件数: 0
空欄アラート件数: 0

============================================
 Done: 2026-06-23 23:05:37
============================================
