🎯 対象指定: 20260409（mode=day, from=20260409, to=20260409）
📁 保存ルート: G:\マイドライブ\TDnet_Downloads

============================================================
📅 日付: 20260409 を処理します
   ...Page 001 を確認中
   ✅ 保存: 4763_1850_C&R社_2026年2月期 決算説明会資料.pdf
   ✅ 保存: 4432_1830_ウイングアーク_主要株主及びその他の関係会社の異動に関するお知らせ.pdf
   ✅ 保存: 7603_1800_ジーイエット_2026年2月期決算発表の延期に関するお知らせ.pdf
   ✅ 保存: 9876_1800_コックス_第19回新株予約権(株式報酬型ストックオプション)の発行数確定について.pdf
   ✅ 保存: 9876_1800_コックス_代表取締役の異動並びに取締役候補者及び監査役候補者の選任に関するお知らせ.pdf
   ✅ 保存: 7999_1735_MUTOH-HD_自己株式の消却に関するお知らせ.pdf
   ✅ 保存: 7999_1735_MUTOH-HD_株式併合並びに単元株式数の定めの廃止及び定款の一部変更に関する臨時株主総会の開催のお知らせ.pdf
   ✅ 保存: 2683_1700_魚喜_特別損失の計上及び通期業績予想の修正に関するお知らせ.pdf
   ✅ 保存: 2683_1700_魚喜_剰余金の配当に関するお知らせ.pdf
   ✅ 保存: 2683_1700_魚喜_譲渡制限付株式報酬制度の導入に関するお知らせ.pdf
   ✅ 保存: 2683_1700_魚喜_商号の変更及び定款の一部変更に関するお知らせ.pdf
   ✅ 保存: 2683_1700_魚喜_役員人事に関するお知らせ.pdf
   ✅ 保存: 3566_1700_G-ユニネク_ストック・オプションの発行内容確定に関するお知らせ.pdf
   ✅ 保存: 6197_1700_ソラスト_(変更)「MBOの実施及び応募の推奨に関するお知らせ」の一部変更について.pdf
   ✅ 保存: 6197_1700_ソラスト_(訂正)MP-2605株式会社による公開買付届出書の訂正届出書の提出に伴う公開買付開始公告の訂正に関するお知らせ.pdf
   ✅ 保存: 6197_1700_ソラスト_MBOの実施の一環としてのMP-2605株式会社による株式会社ソラスト(証券コード_6197)の普通株式に対する公開買付けに係る買付条件等の変更に関するお知らせ.pdf
   ✅ 保存: 9287_1700_I-JIF_資金の借入(金利決定)に関するお知らせ.pdf
   ✅ 保存: 7752_1645_リコー_子会社(孫会社)持分の譲渡および譲渡益計上に関するお知らせ.pdf
   ✅ 保存: 1447_1630_G-SAAFHD_大規模買付等に関する対応策(買収への対応方針)における買付者等による手続違反の認定について.pdf
   ✅ 保存: 8894_1630_REVOLUTION_販売用不動産の取得及び資金の借入に関するお知らせ.pdf
   ✅ 保存: 9972_1630_アルテック_2026年11月期 第1四半期決算短信〔日本基準〕(連結).pdf
   ✅ 保存: 160A_1600_アズパートナーズ_(開示事項の経過)販売用不動産の売却決済完了に関するお知らせ.pdf
   ✅ 保存: 186A_1600_G-アストロスケール_事業説明会資料(2026年4月).pdf
   ✅ 保存: 3196_1600_ホットランドHD_新株式発行及び株式の売出しに関するお知らせ.pdf
   ✅ 保存: 4461_1600_第一工業_連結子会社からの配当金受領に関するお知らせ.pdf
   ✅ 保存: 4559_1600_ゼリア新薬_執行役員人事に関するお知らせ.pdf
   ✅ 保存: 4829_1600_日本エンタープライズ_2026年5月期 第3四半期決算短信〔日本基準〕(連結).pdf
   ✅ 保存: 4829_1600_日本エンタープライズ_業績予想の修正に関するお知らせ.pdf
   ✅ 保存: 4829_1600_日本エンタープライズ_役員報酬の自主返上に関するお知らせ.pdf
   ✅ 保存: 6157_1600_日進工具_役員の異動に関するお知らせ.pdf
   ✅ 保存: 6279_1600_瑞光_(訂正・数値データ訂正)「2026年2月期 決算短信〔日本基準〕(連結)」の一部訂正について.pdf
   ✅ 保存: 7544_1600_スリーエフ_2026年2月期決算短信〔日本基準〕(連結).pdf
   ✅ 保存: 7544_1600_スリーエフ_2026年2月期 期末決算補足資料(連結).pdf
   ✅ 保存: 7544_1600_スリーエフ_2026年2月期 期末決算説明資料.pdf
   ✅ 保存: 7814_1600_日本創発G_株式会社イムラサンプルの株式の取得による子会社化に関するお知らせ.pdf
   ✅ 保存: 8125_1600_ワキタ_2026年2月期 決算短信〔日本基準〕(連結).pdf
   ✅ 保存: 8125_1600_ワキタ_2026年2月期 連結決算の概要.pdf
   ✅ 保存: 9012_1600_秩父鉄道_特別利益及び特別損失の計上に関するお知らせ.pdf
   ✅ 保存: 9272_1600_G-ブティックス_取締役候補者の選任及び役員人事に関するお知らせ.pdf
   ✅ 保存: 9765_1600_オオバ_2026年5月期 第3四半期決算短信〔日本基準〕(連結).pdf
   ✅ 保存: 9765_1600_オオバ_自己株式取得に係る事項の決定に関するお知らせ.pdf
   ✅ 保存: 9765_1600_オオバ_自己株式の消却に関するお知らせ.pdf
   ✅ 保存: 9765_1600_オオバ_役員の異動ならびに主要人事に関するお知らせ.pdf
   ✅ 保存: 9861_1600_吉野家HD_2026年2月期決算短信〔日本基準〕(連結).pdf
   ✅ 保存: 9861_1600_吉野家HD_当社株式等の大規模買付行為に関する対応策(買収防衛策)の非継続に関するお知らせ.pdf
   ✅ 保存: 9861_1600_吉野家HD_取締役に対する譲渡制限付株式報酬制度の改定に関するお知らせ.pdf
   ✅ 保存: 9946_1600_ミニストップ_2026年2月期決算説明会資料.pdf
   ✅ 保存: 9983_1531_ファーストリテ_2026年8月期 第2四半期(中間期)決算短信〔IFRS会計基準〕(連結).pdf
   ✅ 保存: 9983_1531_ファーストリテ_剰余金の配当に関するお知らせ.pdf
   ✅ 保存: 9983_1531_ファーストリテ_配当予想の修正に関するお知らせ.pdf
   ✅ 保存: 228A_1530_G-オプロ_2026年11月期 第1四半期決算説明資料.pdf
   ✅ 保存: 228A_1530_G-オプロ_2026年11月期 第1四半期決算短信〔日本基準〕(非連結).pdf
   ✅ 保存: 2341_1530_アルバイトタイ_2026年2月期決算短信〔日本基準〕(連結).pdf
   ✅ 保存: 2341_1530_アルバイトタイ_自己株式消却に係る事項の決定に関するお知らせ.pdf
   ✅ 保存: 2540_1530_養命酒_株式会社レノによる当社株式に対する公開買付けの結果並びに親会社、主要株主である筆頭株主及び主要株主の異動に関するお知らせ.pdf
   ✅ 保存: 2669_1530_カネ美食品_固定資産の取得(新工場の建設)に関するお知らせ.pdf
   ✅ 保存: 2669_1530_カネ美食品_2026年2月期 決算短信〔日本基準〕(非連結).pdf
   ✅ 保存: 2669_1530_カネ美食品_2026年2月期 決算説明会資料.pdf
   ✅ 保存: 2686_1530_ジーフット_月次売上高前年比速報のお知らせ.pdf
   ✅ 保存: 2809_1530_キユーピー_2026年11月期 第1四半期決算短信〔日本基準〕(連結).pdf
   ✅ 保存: 2809_1530_キユーピー_2026年11月期 第1四半期決算補足説明資料.pdf
   ✅ 保存: 3093_1530_トレファク_2026年2月期 決算短信〔日本基準〕(連結).pdf
   ✅ 保存: 3093_1530_トレファク_2026年2月期 決算説明資料.pdf
   ✅ 保存: 3093_1530_トレファク_中期経営計画修正に関するお知らせ.pdf
   ✅ 保存: 3097_1530_物語コーポ_2026年6月期 3月度 月次売上高前期比(速報値)及び店舗数のお知らせ.pdf
   ✅ 保存: 3159_1530_丸善CHI_上場維持基準への適合に向けた計画(改善期間入り)について.pdf
   ✅ 保存: 3197_1530_すかいらーくHD_譲渡制限付株式報酬としての自己株式の処分に関するお知らせ.pdf
   ✅ 保存: 3246_1530_コーセーアールイー_(訂正・数値データ訂正)「2026年1月期 決算短信〔日本基準〕(連結)」の一部訂正に関するお知らせ.pdf
   ✅ 保存: 3382_1530_7&iHD_2026年2月期 決算短信〔日本基準〕(連結).pdf
   ✅ 保存: 3382_1530_7&iHD_2026年2月期 決算補足資料.pdf
   ✅ 保存: 3382_1530_7&iHD_2026年2月期 決算説明資料.pdf
   ✅ 保存: 3409_1530_北紡_(開示事項の経過)ビットコイン購入に関するお知らせ.pdf
   ✅ 保存: 3482_1530_ロードスター_募集新株予約権(無償ストック・オプション)の一部発行中止に関するお知らせ.pdf
   ✅ 保存: 3482_1530_ロードスター_「募集新株予約権(有償ストック・オプション)の発行に関するお知らせ」の一部訂正について.pdf
   ✅ 保存: 3490_1530_アズ企画設計_【スマホ向けサマリ版】2026年2月期 決算補足説明資料.pdf
   ✅ 保存: 3490_1530_アズ企画設計_2026年2月期 決算補足説明資料.pdf
   ✅ 保存: 3490_1530_アズ企画設計_2026年2月期 決算短信〔日本基準〕(連結).pdf
   ✅ 保存: 3490_1530_アズ企画設計_剰余金の配当に関するお知らせ.pdf
   ✅ 保存: 3661_1530_エムアップHD_自己株式の取得状況に関するお知らせ.pdf
   ✅ 保存: 436A_1530_G-サイバーSOL_(追加・数値データ追加)「2026年4月期 第3四半期決算短信〔IFRS〕(非連結)」の一部追加について.pdf
   ✅ 保存: 4728_1530_トーセ_2026年8月期 第2四半期(中間期)決算短信〔日本基準〕(連結).pdf
   ✅ 保存: 4763_1530_C&R社_2026年2月期 決算短信〔日本基準〕(連結).pdf
   ✅ 保存: 4763_1530_C&R社_役員人事に関するお知らせ.pdf
   ✅ 保存: 4792_1530_山田コンサル_通期連結業績予想の修正に関するお知らせ.pdf
   ✅ 保存: 4880_1530_セルソース_2026年10月期3月度月次KPI速報.pdf
   ✅ 保存: 5243_1530_G-note_第三者割当による新株式発行の払込完了に関するお知らせ.pdf
   ✅ 保存: 5883_1530_P-GTHD_通期業績予想の修正に関するお知らせ.pdf
   ✅ 保存: 5883_1530_P-GTHD_株式の上場廃止及び株式の取扱いに関するお知らせとご挨拶.pdf
   ✅ 保存: 6040_1530_G-日本スキー_2026年7月期日本スキー場開発(株)月次速報開示.pdf
   ✅ 保存: 6323_1530_ローツェ_2026年2月期 決算短信〔日本基準〕(連結).pdf
   ✅ 保存: 6323_1530_ローツェ_2026年2月期(第41期)決算説明資料.pdf
   ✅ 保存: 6371_1530_椿本チエイン_子会社の設立に関するお知らせ.pdf
   ✅ 保存: 6584_1530_三桜工_ステークホルダーの皆さまから頂戴した質問とそれに対する回答(2026 年3月期第3四半期決算).pdf
   ✅ 保存: 6586_1530_マキタ_自己株式の取得状況に関するお知らせ(会社法第459条第1項及び当社定款の定めに基づく自己株式の取得).pdf
   ✅ 保存: 6814_1530_古野電気_2026年2月期 決算短信〔日本基準〕(連結).pdf
   ✅ 保存: 6814_1530_古野電気_剰余金の配当(増配)に関するお知らせ.pdf
   ✅ 保存: 6814_1530_古野電気_資本コストや株価を意識した経営の実現に向けた対応について(アップデート).pdf
   ✅ 保存: 6814_1530_古野電気_業績連動事後交付型譲渡制限付株式報酬制度の導入に関するお知らせ.pdf
   ✅ 保存: 6814_1530_古野電気_投資単位の引下げに関する考え方及び方針等について.pdf
   ✅ 保存: 7056_1530_P-マルク_株式の上場廃止及び株式の取扱いに関するお知らせとご挨拶.pdf
   ...Page 002 を確認中
   ✅ 保存: 7105_1530_三菱ロジスネクスト_株式併合並びに単元株式数の定めの廃止及び定款の一部変更に係る承認決議に関するお知らせ.pdf
   ✅ 保存: 7137_1530_P-グラントマト_2026年8月期 中間決算短信〔日本基準〕(非連結).pdf
   ✅ 保存: 7157_1530_ライフネット生命_2026年3月の業績速報.pdf
   ✅ 保存: 7513_1530_コジマ_2026年8月期 第2四半期(中間期)決算短信〔日本基準〕(非連結).pdf
   ✅ 保存: 7513_1530_コジマ_2026年8月期 第2四半期(中間期)決算補足説明資料.pdf
   ✅ 保存: 7513_1530_コジマ_通期業績予想の修正及び配当予想の修正(増配)に関するお知らせ.pdf
   ✅ 保存: 7649_1530_スギHD_2026年2月期 決算短信〔日本基準〕(連結).pdf
   ✅ 保存: 7649_1530_スギHD_株式会社セキ薬品の株式追加取得(連結子会社化)に関するお知らせ.pdf
   ✅ 保存: 7649_1530_スギHD_株式分割及びそれに伴う定款の一部変更、配当予想、株主優待制度変更に関するお知らせ.pdf
   ✅ 保存: 7747_1530_アサヒインテック_塞栓剤に関する日本市場における独占販売契約の締結について.pdf
   ✅ 保存: 8016_1530_オンワードHD_2026年2月期決算短信〔日本基準〕(連結).pdf
   ✅ 保存: 8016_1530_オンワードHD_2026年2月期(2025年度)通期 決算説明資料.pdf
   ✅ 保存: 8016_1530_オンワードHD_オンワードグループ中長期経営ビジョン「オンワード・ビジョン2030」 事業領域別計画(進捗および目標)に関するお知らせ.pdf
   ✅ 保存: 8368_1530_百五銀_特定子会社の異動に関するお知らせ.pdf
   ✅ 保存: 8918_1530_ランド_2026年2月期 決算短信〔日本基準〕(連結).pdf
   ✅ 保存: 8918_1530_ランド_剰余金の配当に関するお知らせ.pdf
   ✅ 保存: 8918_1530_ランド_2026年2月期連結業績予想値と決算値の差異に関するお知らせ.pdf
   ✅ 保存: 9414_1530_日本BS放送_2026年8月期第2四半期(中間期)決算短信〔日本基準〕(連結).pdf
   ✅ 保存: 9560_1530_G-プログリット_2026年8月期 第2四半期(中間期)決算短信〔日本基準〕(非連結).pdf
   ✅ 保存: 9560_1530_G-プログリット_2026年8月期 第2四半期決算説明資料.pdf
   ✅ 保存: 9560_1530_G-プログリット_当社取締役等による当社株式取得に関するお知らせ.pdf
   ✅ 保存: 9560_1530_G-プログリット_生成AIの進化と当社事業への影響に関する当社の見解について.pdf
   ✅ 保存: 9560_1530_G-プログリット_剰余金の配当(中間配当)に関するお知らせ.pdf
   ✅ 保存: 9823_1530_マミーマートHD_2026年3月月次業績開示のお知らせ.pdf
   ✅ 保存: 9903_1530_カンセキ_取締役候補者選任に関するお知らせ.pdf
   ✅ 保存: 9903_1530_カンセキ_2026年2月期決算短信〔日本基準〕(非連結).pdf
   ✅ 保存: 5997_1510_協立エアテク_譲渡制限付株式報酬としての自己株式の処分に関するお知らせ.pdf
   ✅ 保存: 5531_1500_P-中山不動産_資金の借入れに関するお知らせ.pdf
   ✅ 保存: 7713_1500_シグマ光機_2026年5月期 第3四半期決算短信〔日本基準〕(連結).pdf
   ✅ 保存: 8198_1500_MV東海_取締役、監査役の候補者に関するお知らせ.pdf
   ✅ 保存: 8203_1500_MrMaxHD_2026年2月期決算短信〔日本基準〕(連結).pdf
   ✅ 保存: 8203_1500_MrMaxHD_2026年2月期 決算ハイライト.pdf
   ✅ 保存: 8203_1500_MrMaxHD_2026年2月期 決算参考資料.pdf
   ✅ 保存: 8747_1500_豊トラスティ証券_連結総資産の増加に関するお知らせ.pdf
   ✅ 保存: 2303_1400_ドーン_2026年5月期第3四半期決算短信〔日本基準〕(非連結).pdf
   ✅ 保存: 2303_1400_ドーン_配当予想の修正(増配)に関するお知らせ.pdf
   ✅ 保存: 2674_1400_ハードオフ_投資有価証券売却益(特別利益)の計上に関するお知らせ.pdf
   ✅ 保存: 3245_1400_ディア・ライフ_収益不動産の取得に関するお知らせ.pdf
   ✅ 保存: 4995_1400_サンケイ化_2026年11月期 第1四半期決算短信〔日本基準〕(連結).pdf
   ✅ 保存: 6525_1400_KOKUSAI_主要株主である筆頭株主の異動に関するお知らせ.pdf
   ✅ 保存: 8267_1340_イオン_第24回新株予約権(2025年度株式報酬型ストックオプション)の発行数確定について.pdf
   ✅ 保存: 4343_1330_イオンファン_2026年2月期決算短信〔日本基準〕(連結).pdf
   ✅ 保存: 4343_1330_イオンファン_営業外収益及び特別損失の計上に関するお知らせ.pdf
   ✅ 保存: 4343_1330_イオンファン_役員候補の決定に関するお知らせ.pdf
   ✅ 保存: 4343_1330_イオンファン_2026年2月期決算補足資料.pdf
   ✅ 保存: 4343_1330_イオンファン_「中期経営計画(2026年度~2030年度)」策定に関するお知らせ.pdf
   ✅ 保存: 7512_1330_イオン北海_2026年2月期 決算短信〔日本基準〕(非連結).pdf
   ✅ 保存: 7512_1330_イオン北海_特別損失の計上に関するお知らせ.pdf
   ✅ 保存: 7512_1330_イオン北海_2026年2月期 決算補足資料(第48期).pdf
   ✅ 保存: 7512_1330_イオン北海_2026年2月期(第48期) 決算説明会 資料.pdf
   ✅ 保存: 7512_1330_イオン北海_資本準備金の額の減少に関するお知らせ.pdf
   ✅ 保存: 7512_1330_イオン北海_代表取締役及び役員の異動に関するお知らせ.pdf
   ✅ 保存: 7512_1330_イオン北海_株式報酬型ストックオプションとしての新株予約権発行について(発行個数等確定).pdf
   ✅ 保存: 7512_1330_イオン北海_「内部統制システムの構築に関する基本方針」改定に関するお知らせ.pdf
   ✅ 保存: 8198_1330_MV東海_2026年2月期 決算短信〔日本基準〕(連結).pdf
   ✅ 保存: 8198_1330_MV東海_2026年2月期 決算参考資料.pdf
   ✅ 保存: 8267_1330_イオン_2026年2月期 決算説明会資料.pdf
   ✅ 保存: 8267_1330_イオン_2026年2月期 決算短信〔日本基準〕(連結).pdf
   ✅ 保存: 8267_1330_イオン_2026年2月期 決算補足資料(第101期).pdf
   ✅ 保存: 8267_1330_イオン_特別損失(減損損失)の計上に関するお知らせ.pdf
   ✅ 保存: 8267_1330_イオン_特別利益(段階取得に係る差益)の計上に関するお知らせ.pdf
   ✅ 保存: 9876_1330_コックス_株主優待制度変更(拡充)に関するお知らせ.pdf
   ✅ 保存: 9876_1330_コックス_2026年2月期決算短信〔日本基準〕(連結).pdf
   ✅ 保存: 2653_1300_イオン九州_2026年2月期 決算短信〔日本基準〕(連結).pdf
   ✅ 保存: 2653_1300_イオン九州_2026年2月期(第54期) 決算補足資料.pdf
   ✅ 保存: 2653_1300_イオン九州_2026年2月期(2025年度)決算説明会資料.pdf
   ✅ 保存: 2653_1300_イオン九州_株式報酬型ストックオプションとしての新株予約権発行に関するお知らせ.pdf
   ✅ 保存: 2653_1300_イオン九州_取締役候補者の選任に関するお知らせ.pdf
   ✅ 保存: 194A_1230_G-WOLVES_動物用幹細胞上清液を用いたアンチエイジング研究(再生医療分野)共同研究コンソーシアム立ち上げのお知らせ.pdf
   ✅ 保存: 2698_1230_キャンドゥ_個別業績の前期実績値との差異に関するお知らせ.pdf
   ✅ 保存: 2698_1230_キャンドゥ_2026年2月期 決算短信[日本基準](連結).pdf
   ✅ 保存: 2698_1230_キャンドゥ_2026年2月期 決算説明資料.pdf
   ✅ 保存: 6592_1230_マブチモーター_株式報酬としての自己株式の処分に関するお知らせ.pdf
   ✅ 保存: 1326_1200_E-ワールド_SPDRゴールド・シェアに関する日々の開示事項.pdf
   ✅ 保存: 4432_1200_ウイングアーク_2026年2月期 決算短信〔IFRS〕(連結).pdf
   ✅ 保存: 4432_1200_ウイングアーク_剰余金の配当に関するお知らせ.pdf
   ✅ 保存: 4432_1200_ウイングアーク_役員人事に関するお知らせ.pdf
   ✅ 保存: 4680_1130_ラウンドワン_第46期(2026年3月期)3月の売上の状況に関するお知らせ(速報).pdf
   ✅ 保存: 4800_1130_オリコン_非上場の親会社等の決算に関するお知らせ.pdf
   ✅ 保存: 8194_1130_ライフコーポ_2026年2月期 決算短信〔日本基準〕(連結).pdf
   ✅ 保存: 8194_1130_ライフコーポ_2026年2月期 決算・参考資料.pdf
   ✅ 保存: 8194_1130_ライフコーポ_支配株主等に関する事項について.pdf
   ✅ 保存: 8194_1130_ライフコーポ_剰余金の配当(増配)及び次期配当予想に関するお知らせ.pdf
   ✅ 保存: 3226_1100_R-三井不アコモ_国内不動産の取得及び譲渡完了に関するお知らせ(取得_パークアクシス押上レジデンス他計2物件、譲渡_パークアクシス月島他計2物件).pdf
   ✅ 保存: 3391_1000_ツルハHD_2026年2月期 決算短信〔日本基準〕(連結).pdf
   ✅ 保存: 3391_1000_ツルハHD_特別損失の計上に関するお知らせ.pdf
   ✅ 保存: 3391_1000_ツルハHD_中期経営計画(2027年2月期~2029年2月期)策定に関するお知らせ.pdf
   ✅ 保存: 1433_0900_ベステラ_当社工事現場における事故発生に関するお詫びとお知らせ.pdf
   ✅ 保存: 4565_0830_ネクセラファーマ_イーライリリー社との代謝性疾患を対象とした研究開発提携において2つ目の開発マイルストンを達成.pdf
   ✅ 保存: 550A_0800_ソフトテックス_東京証券取引所スタンダード市場及び名古屋証券取引所メイン市場への上場に伴う当社決算情報等のお知らせ.pdf
   ...Page 003 を確認中
   📝 一覧CSV保存: TDnet_Sorted_20260409.csv
   📝 一覧CSV保存（ルート）: TDnet_Sorted_20260409.csv
   📊 日別統計: page_access=3, pdf_success=190, excluded=7

============================================================
✅ ①完了（範囲取得）
   期間: 20260409 ～ 20260409 （mode=day）
   一覧ページアクセス合計: 3
   PDFダウンロード成功合計: 190
   除外件数合計: 7
   保存ルート: G:\マイドライブ\TDnet_Downloads
ルート: G:\マイドライブ\TDnet_Downloads
対象指定: 20260409 mode= day from= 20260409 to= 20260409
対象フォルダ数: 1
検索キーワード: ['価格交渉', '増産', '価格改定', '価格転嫁', '値上', '想定以上', '上方修正', '下方修正', '想定以下', '未達', '大幅', '計画を上', '計画を下', '計画以', '需要回復', '需要の回復', '需要が増', '需要が低', '悪化', 'グローバルニッチトップ', 'トップシェア', 'シェア拡大', 'レアアース']
総PDF数（推定）: 190
[1/1] 日付フォルダ 20260409 を処理中... (このフォルダ内PDF数: 190)
  進捗: 50/190 件のPDFを解析済み
  進捗: 100/190 件のPDFを解析済み
  進捗: 150/190 件のPDFを解析済み
  進捗: 190/190 件のPDFを解析済み
  → 日付フォルダ 20260409 のヒットPDF数: 47

✅ ②A 完了（解析専用・キーワード別ページ列）
解析PDF数: 190
ヒットPDF数: 47
出力CSV: Analysis_Hits_free_word_20260409.csv
保存先: G:\マイドライブ\TDnet_Downloads

✅ ②B 完了（配布用CSV作成・キーワード別ページ列）
出力: PDF_Search_Result_Distribution_free_word_20260409_sh.csv
キーワード列: ['価格交渉', '増産', '価格改定', '価格転嫁', '値上', '想定以上', '上方修正', '下方修正', '想定以下', '未達', '大幅', '計画を上', '計画を下', '計画以', '需要回復', '需要の回復', '需要が増', '需要が低', '悪化', 'グローバルニッチトップ', 'トップシェア', 'シェア拡大', 'レアアース']
突合除外件数: 0
空欄アラート件数: 0
