============================================
 TDnet auto run: 20260511
 Start: 2026-05-11 23:00:01
============================================

$ C:\Users\onok\AppData\Local\Python\pythoncore-3.14-64\python.exe -u ①_tdnetアクセスしてダウンロードする処理（月日付別フォルダ保存）.py --target 20260511 --save-root G:\マイドライブ\TDnet_Downloads
🎯 対象指定: 20260511（mode=day, from=20260511, to=20260511）
📁 保存ルート: G:\マイドライブ\TDnet_Downloads

============================================================
📅 日付: 20260511 を処理します
   ...Page 001 を確認中
   ✅ 保存: 7490_2100_日新商_MBOの実施及び応募の推奨に関するお知らせ.pdf
   ✅ 保存: 7490_2100_日新商_株式会社 EDIAND による日新商事株式会社(証券コード_7490)の株式に対する公開買付けの開始に関するお知らせ.pdf
   ✅ 保存: 7490_2100_日新商_株主優待制度の廃止に関するお知らせ.pdf
   ✅ 保存: 7490_2100_日新商_通期連結業績予想と実績値との差異に関するお知らせ.pdf
   ✅ 保存: 7490_2100_日新商_2026年3月期 決算短信[日本基準](連結).pdf
   ✅ 保存: 3121_1940_マーチャント_第三者割当による新株式及び第18回新株予約権の発行に係る払込完了に関するお知らせ.pdf
   ✅ 保存: 5988_1900_パイオラックス_2026年3月期決算発表の延期に関するお知らせ.pdf
   ✅ 保存: 4091_1840_日本酸素HD_当社個別決算における関係会社株式評価損の計上に関するお知らせ.pdf
   ✅ 保存: 9237_1830_G-笑美面_自己株式の取得状況に関するお知らせ.pdf
   ✅ 保存: 4222_1800_児玉化_2026年3月期通期業績予想の修正に関するお知らせ.pdf
   ✅ 保存: 4366_1800_ダイトーケミックス_(訂正)「2026年3月期 決算説明資料」の一部訂正に関するお知らせ.pdf
   ✅ 保存: 5534_1730_P-エンゼルグループ_当社連結子会社運営施設における食中毒事故発生に関するお詫びとお知らせ.pdf
   ✅ 保存: 6772_1730_コスモス電_2026年3月期 決算短信〔日本基準〕(連結).pdf
   ✅ 保存: 6772_1730_コスモス電_新役員体制に関するお知らせ.pdf
   ✅ 保存: 6772_1730_コスモス電_業績予想と実績の差異に関するお知らせ.pdf
   ✅ 保存: 9757_1730_船井総研HD_株式報酬型ストックオプション(新株予約権)の発行内容確定に関するお知らせ.pdf
   ✅ 保存: 6479_1700_ミネベアミツミ_2026年3月期通期連結業績予想の修正、金融収益の計上及び通期個別実績見込値と前年実績値との差異に関するお知らせ.pdf
   ✅ 保存: 7516_1700_コーナン商_当社および子会社の役員等の異動に関するお知らせ.pdf
   ✅ 保存: 7966_1700_リンテック_譲渡制限付株式報酬としての自己株式の処分の払込完了に関するお知らせ.pdf
   ✅ 保存: 8173_1700_Joshin_(訂正)適時開示資料「2025年度(2026年3月期)通期決算説明資料」の一部訂正について.pdf
   ✅ 保存: 8850_1700_スターツ_(訂正)「剰余金の配当に関するお知らせ」の一部訂正のお知らせ.pdf
   ✅ 保存: 9069_1700_センコーグループHD_子会社における業績予想の修正に関するお知らせ.pdf
   ✅ 保存: 9214_1700_G-リカバリー_新株予約権(ストック・オプション)の発行内容確定に関するお知らせ.pdf
   ✅ 保存: 9904_1700_ベリテ_業績予想の修正に関するお知らせ.pdf
   ✅ 保存: 9942_1700_ジョイフル_2026年6月期第3四半期決算短信〔日本基準〕(連結).pdf
   ✅ 保存: 1787_1630_ナカボーテック_取締役及び監査役の人事異動に関するお知らせ.pdf
   ✅ 保存: 1787_1630_ナカボーテック_剰余金の配当に関するお知らせ.pdf
   ✅ 保存: 1787_1630_ナカボーテック_2026年3月期 決算短信〔日本基準〕(非連結).pdf
   ✅ 保存: 1787_1630_ナカボーテック_中期経営計画「26 中計」策定のお知らせ.pdf
   ✅ 保存: 2162_1630_nms HD_半期報告書の訂正報告書の提出及び四半期決算短信の訂正に関するお知らせ.pdf
   ✅ 保存: 2162_1630_nms HD_(訂正・数値データ訂正)「2026年3月期 第1四半期決算短信〔日本基準〕(連結)」 の一部訂正のお知らせ.pdf
   ✅ 保存: 2162_1630_nms HD_(訂正・数値データ訂正)「2026年3月期 第2四半期(中間期)決算短信〔日本基準〕(連結)」 の一部訂正のお知らせ.pdf
   ✅ 保存: 2162_1630_nms HD_営業外収益(為替差益)の計上に関するお知らせ.pdf
   ✅ 保存: 2162_1630_nms HD_2026年3月期 第3四半期決算短信〔日本基準〕(連結).pdf
   ✅ 保存: 2162_1630_nms HD_2026年3月期第3四半期決算説明資料.pdf
   ✅ 保存: 2903_1630_シノブフーズ_自己株式の取得及び自己株式立会外買付取引(ToSTNeT-3)による 自己株式の買付けに関するお知らせ.pdf
   ✅ 保存: 2915_1630_ケンコーマヨ_2026年3月期 決算短信〔日本基準〕(連結).pdf
   ✅ 保存: 4547_1630_キッセイ薬_2026年3月期 決算短信〔日本基準〕(連結).pdf
   ✅ 保存: 4547_1630_キッセイ薬_2026年3月期 決算補足資料.pdf
   ✅ 保存: 4547_1630_キッセイ薬_自己株式の取得及び自己株式の消却に関するお知らせ.pdf
   ✅ 保存: 5598_1630_P-Yottavia_自己株式の取得及び自己株式立会外買付取引(ToSTNeT-3)による自己株式の買付けに関するお知らせ.pdf
   ✅ 保存: 6466_1630_TVE_2026年9月期 第2四半期(中間期)決算短信〔日本基準〕(連結).pdf
   ✅ 保存: 7459_1630_メディパル_株式会社PALTAC株式(証券コード_8283)に対する公開買付けの開始に関するお知らせ.pdf
   ✅ 保存: 8066_1630_三谷商_業績予想の修正に関するお知らせ.pdf
   ✅ 保存: 8283_1630_PALTAC_2026年3月期 決算短信〔日本基準〕(非連結).pdf
   ✅ 保存: 8283_1630_PALTAC_2026年3月期 決算説明資料.pdf
   ✅ 保存: 8283_1630_PALTAC_当社親会社である株式会社メディパルホールディングスによる当社株式に対する公開買付けに関する賛同の意見表明及び応募推奨のお知らせ.pdf
   ✅ 保存: 8283_1630_PALTAC_剰余金の配当(無配)に関するお知らせ.pdf
   ✅ 保存: 8283_1630_PALTAC_自己株式の取得中止及び取得状況に関するお知らせ.pdf
   ✅ 保存: 5016_1610_JX金属_2026年3月期決算短信〔IFRS〕(連結).pdf
   ✅ 保存: 5016_1610_JX金属_株主還元方針の変更に関するお知らせ.pdf
   ✅ 保存: 5016_1610_JX金属_自己株式の取得及び自己株式の公開買付けに関するお知らせ.pdf
   ✅ 保存: 5016_1610_JX金属_2029年満期ユーロ円建転換社債型新株予約権付社債及び2031年満期ユーロ円建転換社債型新株予約権付社債の発行に関するお知らせ.pdf
   ✅ 保存: 5016_1610_JX金属_2026年3月期 決算説明資料.pdf
   ✅ 保存: 5016_1610_JX金属_自己株式取得及びユーロ円CB発行に関する補足説明資料.pdf
   ✅ 保存: 5016_1610_JX金属_代表取締役等の異動に関するお知らせ.pdf
   ✅ 保存: 5020_1610_ENEOS_JX金属株式会社による自己株式の公開買付けへの応募および本件応募に伴う利益計上に関するお知らせ.pdf
   ✅ 保存: 1904_1600_大成温調_業績予想の修正に関するお知らせ.pdf
   ✅ 保存: 208A_1600_構造計画HD_2026年6月期 第3四半期決算短信〔日本基準〕(連結).pdf
   ✅ 保存: 208A_1600_構造計画HD_剰余金の配当(第3四半期配当)の決定に関するお知らせ.pdf
   ✅ 保存: 2497_1600_G-UNITED_2026年3月期 決算短信〔日本基準〕(連結).pdf
   ✅ 保存: 2497_1600_G-UNITED_2026年3月期 通期決算説明資料並びに事業計画及び成長可能性に関する事項.pdf
   ✅ 保存: 2497_1600_G-UNITED_剰余金の配当(期末配当)に関するお知らせ.pdf
   ✅ 保存: 2497_1600_G-UNITED_2027年3月期配当予想に関するお知らせ.pdf
   ✅ 保存: 2497_1600_G-UNITED_2027年3月期通期連結業績予想に関するお知らせ.pdf
   ✅ 保存: 2497_1600_G-UNITED_2026年3月期通期連結業績予想と実績値との差異及び個別業績と前期実績値との差異に関するお知らせ.pdf
   ✅ 保存: 2902_1600_太陽化_2026年3月期 決算短信[日本基準](連結).pdf
   ✅ 保存: 2902_1600_太陽化_剰余金の配当に関するお知らせ.pdf
   ✅ 保存: 2902_1600_太陽化_個別業績の前期実績値との差異に関するお知らせ.pdf
   ✅ 保存: 2902_1600_太陽化_役員の異動に関するお知らせ.pdf
   ✅ 保存: 3080_1600_ジェーソン_上場維持基準への適合に関するお知らせ.pdf
   ✅ 保存: 3276_1600_JPMC_2026年12月期 4月度月次情報.pdf
   ✅ 保存: 3276_1600_JPMC_2026年12月期 第1四半期決算短信〔日本基準〕(連結).pdf
   ✅ 保存: 3276_1600_JPMC_2026年12月期 第1四半期決算補足説明資料.pdf
   ✅ 保存: 3276_1600_JPMC_非上場の親会社等の決算に関するお知らせ.pdf
   ✅ 保存: 375A_1600_P-YAKHD_臨時株主総会招集のための基準日設定及び臨時株主総会開催並びに付議議案の決定に関するお知らせ.pdf
   ✅ 保存: 3762_1600_テクマト_(訂正)「第42期 通期 決算補足資料」の一部訂正について.pdf
   ✅ 保存: 3945_1600_スパバック_特別利益の計上及び業績予想の修正に関するお知らせ.pdf
   ✅ 保存: 4011_1600_G-ヘッドウォーター_当社取締役等に対する譲渡制限付株式としての新株式発行の払込完了に関するお知らせ.pdf
   ✅ 保存: 4351_1600_山田債権_2026年12月期 第1四半期決算短信〔日本基準〕(連結).pdf
   ✅ 保存: 4366_1600_ダイトーケミックス_2026年3月期 決算短信[日本基準](連結).pdf
   ✅ 保存: 4366_1600_ダイトーケミックス_2026年3月期 決算説明資料.pdf
   ✅ 保存: 4366_1600_ダイトーケミックス_中期経営計画の更新に関するお知らせ.pdf
   ✅ 保存: 4366_1600_ダイトーケミックス_公益財団法人財務会計基準機構への加入状況及び加入に関する考え方等に関するお知らせ.pdf
   ✅ 保存: 4368_1600_扶桑化学_2026年3月期 決算短信〔日本基準〕(連結).pdf
   ✅ 保存: 4368_1600_扶桑化学_新中期経営計画「飛躍2030」に関するお知らせ.pdf
   ✅ 保存: 4719_1600_アルファシステムズ_2026年3月期 決算短信〔日本基準〕(非連結).pdf
   ✅ 保存: 4719_1600_アルファシステムズ_代表取締役の異動に関するお知らせ.pdf
   ✅ 保存: 4719_1600_アルファシステムズ_剰余金の配当(増配)に関するお知らせ.pdf
   ✅ 保存: 4820_1600_EMシステムズ_譲渡制限付株式報酬としての自己株式の処分の払込完了に関するお知らせ.pdf
   ✅ 保存: 4925_1600_HABA_2026年3月期通期連結業績予想数値と実績値の差異に関するお知らせ.pdf
   ✅ 保存: 4925_1600_HABA_2026年3月期 決算短信〔日本基準〕(連結).pdf
   ...Page 002 を確認中
   ✅ 保存: 4925_1600_HABA_取締役候補者の選任に関するお知らせ.pdf
   ✅ 保存: 509A_1600_I-Gライト・再エネ_太陽光発電所月次発電電力量実績及び出力制御に関するお知らせ(2026年4月).pdf
   ✅ 保存: 5254_1600_G-Arent_自己株式の取得状況に関するお知らせ (会社法第459条第1項の規定による定款の定めに基づく自己株式の取得).pdf
   ✅ 保存: 5821_1600_平河ヒューテ_2026年3月期 決算短信〔日本基準〕(連結).pdf
   ✅ 保存: 5821_1600_平河ヒューテ_2026年3月期 決算説明資料.pdf
   ✅ 保存: 5821_1600_平河ヒューテ_中期経営計画の策定に関するお知らせ.pdf
   ✅ 保存: 5902_1600_ホッカンHD_2026年3月期決算短信〔日本基準〕(連結).pdf
   ✅ 保存: 5902_1600_ホッカンHD_剰余金の配当に関するお知らせ.pdf
   ✅ 保存: 5902_1600_ホッカンHD_定款一部変更に関するお知らせ.pdf
   ✅ 保存: 6023_1600_ダイハツインフィ_(訂正)「2026年3月期決算短信〔日本基準〕(連結)」の一部訂正について.pdf
   ✅ 保存: 6023_1600_ダイハツインフィ_(訂正)「監査等委員会設置会社への移行および定款の一部変更に関するお知らせ」の一部訂正について.pdf
   ✅ 保存: 6165_1600_パンチ_2026年3月期 通期連結業績予想及び配当予想の修正に関するお知らせ.pdf
   ✅ 保存: 6322_1600_タクミナ_2026年3月期 決算短信〔日本基準〕(連結).pdf
   ✅ 保存: 6322_1600_タクミナ_剰余金の配当(増配)に関するお知らせ.pdf
   ✅ 保存: 6616_1600_トレックスセミ_通期業績予想の修正に関するお知らせ.pdf
   ✅ 保存: 6806_1600_ヒロセ電_2026年3月期 決算短信〔IFRS〕(連結).pdf
   ✅ 保存: 6806_1600_ヒロセ電_投資単位の引下げに関する考え方及び方針等について.pdf
   ✅ 保存: 6806_1600_ヒロセ電_剰余金の配当に関するお知らせ.pdf
   ✅ 保存: 6806_1600_ヒロセ電_個別業績の前期実績値との差異に関するお知らせ.pdf
   ✅ 保存: 7128_1600_ユニソルHD_2026年12月期 第1四半期決算短信〔日本基準〕(連結).pdf
   ✅ 保存: 7128_1600_ユニソルHD_2026年12月期 第1四半期決算説明資料.pdf
   ✅ 保存: 7259_1600_アイシン_自己株式の取得状況に関するお知らせ.pdf
   ✅ 保存: 7460_1600_ヤギ_2026年3月期 決算短信〔日本基準〕(連結).pdf
   ✅ 保存: 7460_1600_ヤギ_2026年3月期決算補足説明資料.pdf
   ✅ 保存: 7460_1600_ヤギ_期末配当予想の修正(増配)に関するお知らせ.pdf
   ✅ 保存: 7460_1600_ヤギ_役員の異動に関するお知らせ.pdf
   ✅ 保存: 7460_1600_ヤギ_自己株式の消却に関するお知らせ.pdf
   ✅ 保存: 7460_1600_ヤギ_中期経営計画2029策定に関するお知らせ.pdf
   ✅ 保存: 7460_1600_ヤギ_株主還元方針の変更(総還元性向の導入及び配当性向の変更)に関するお知らせ.pdf
   ✅ 保存: 7460_1600_ヤギ_株式分割及び株式分割に伴う定款の一部変更に関するお知らせ.pdf
   ✅ 保存: 7460_1600_ヤギ_自己株式取得に係る事項の決定に関するお知らせ (会社法第165条第2項の規定による定款の定めに基づく自己株式の取得).pdf
   ✅ 保存: 7460_1600_ヤギ_譲渡制限付株式報酬制度の改定に関するお知らせ.pdf
   ✅ 保存: 7462_1600_CAPITA_販売用不動産の譲渡に関するお知らせ.pdf
   ✅ 保存: 7537_1600_丸文_2026年3月期決算短信〔日本基準〕(連結).pdf
   ✅ 保存: 7537_1600_丸文_配当方針の変更(配当性向およびDOEの引き上げ)に関するお知らせ.pdf
   ✅ 保存: 7537_1600_丸文_2026年3月期決算補足資料.pdf
   ✅ 保存: 7567_1600_栄電子_2026年3月期連結業績予想の修正及び剰余金の配当に関するお知らせ.pdf
   ✅ 保存: 7593_1600_VTHD_通期業績予想の修正に関するお知らせ.pdf
   ✅ 保存: 7721_1600_東京計器_2026年3月期 決算短信[日本基準](連結).pdf
   ✅ 保存: 7721_1600_東京計器_東京計器株式会社 2026年3月期 決算説明資料.pdf
   ✅ 保存: 7846_1600_パイロット_2026年12月期第1四半期決算短信〔日本基準〕(連結).pdf
   ✅ 保存: 8098_1600_稲畑産_2026年3月期 決算短信〔日本基準〕(連結).pdf
   ✅ 保存: 8098_1600_稲畑産_株主還元の基本方針の一部変更(DOE指標導入等)に関するお知らせ.pdf
   ✅ 保存: 8098_1600_稲畑産_代表取締役の異動に関するお知らせ.pdf
   ✅ 保存: 8237_1600_松屋_2026年4月売上報告.pdf
   ✅ 保存: 8518_1600_アジア投資_(開示事項の経過)KICホールディングス株式会社の子会社化に伴う特別利益計上のお知らせ.pdf
   ✅ 保存: 8518_1600_アジア投資_「従来連結基準による見込値」の修正に関するお知らせ.pdf
   ✅ 保存: 9319_1600_中央倉庫_自己株式の取得状況および取得終了に関するお知らせ.pdf
   ✅ 保存: 9425_1600_ReYuuJapan_2026年10月期第2四半期(中間期)及び通期業績予想の修正に関するお知らせ.pdf
   ✅ 保存: 9828_1600_ゲンキGDC_2026年3月期決算短信〔日本基準〕(連結).pdf
   ✅ 保存: 9828_1600_ゲンキGDC_特別損失の計上及び個別業績の前期実績値との差異に関するお知らせ.pdf
   ✅ 保存: 2327_1545_NSSOL_株主提案に対する当社取締役会意見に関するお知らせ.pdf
   ✅ 保存: 3771_1545_システムリサーチ_2026年3月期決算短信〔日本基準〕(連結).pdf
   ✅ 保存: 3771_1545_システムリサーチ_役員人事に関するお知らせ.pdf
   ✅ 保存: 6632_1545_JVCKW_(訂正)「JVCケンウッド 決算説明資料 2026年3月期(IFRS)」の一部訂正について.pdf
   ✅ 保存: 7634_1545_星医療_当社株式等の大規模買付行為等への対応方針(買収への対応方針)の導入に関するお知らせ.pdf
   ✅ 保存: 7634_1545_星医療_2026年3月期 決算短信〔日本基準〕(連結).pdf
   ✅ 保存: 2224_1540_コモ_2026年3月期 決算短信〔日本基準〕(連結).pdf
   ✅ 保存: 2224_1540_コモ_完全子会社の吸収合併に伴う特別利益(抱合せ株式消滅差益)の発生及び非連結決算への移行並びに2027年3月期個別業績予想に関するお知らせ.pdf
   ✅ 保存: 2811_1540_カゴメ_2026年12月期 第1四半期決算短信[IFRS](連結)(監査法人による期中レビュ―の完了).pdf
   ✅ 保存: 3435_1540_サンコーテクノ_業績予想の修正に関するお知らせ.pdf
   ✅ 保存: 4062_1540_イビデン_2026年3月期 決算短信[日本基準](連結).pdf
   ✅ 保存: 4062_1540_イビデン_決算短信補足資料(2026年3月期).pdf
   ✅ 保存: 4062_1540_イビデン_2026年3月期通期連結業績の予想値と実績値との差異及び減損損失(特別損失)の計上に関するお知らせ.pdf
   ✅ 保存: 4062_1540_イビデン_期末配当予想の修正(増配)に関するお知らせ.pdf
   ✅ 保存: 4062_1540_イビデン_「当社取締役会の実効性の分析・評価」結果の概要について.pdf
   ✅ 保存: 4884_1540_G-クリングル_2026年9月期第2四半期決算短信〔日本基準〕(非連結).pdf
   ✅ 保存: 4960_1540_ケミプロ化成_2026年3月期決算短信〔日本基準〕(非連結).pdf
   ✅ 保存: 6622_1540_ダイヘン_2026年3月期 決算短信〔日本基準〕(連結).pdf
   ✅ 保存: 6622_1540_ダイヘン_剰余金の配当(増配)に関するお知らせ.pdf
   ✅ 保存: 7357_1540_ジオコード_支配株主等に関する事項について.pdf
   ✅ 保存: 9664_1540_御園座_令和8年3月期 決算短信〔日本基準〕(非連結).pdf
   ✅ 保存: 9664_1540_御園座_業績予想と実績値との差異に関するお知らせ.pdf
   ✅ 保存: 130A_1530_G-VIS_2026年12月期 第1四半期決算短信〔日本基準〕(非連結).pdf
   ✅ 保存: 130A_1530_G-VIS_減損処理に伴う特別損失の発生に関するお知らせ.pdf
   ✅ 保存: 130A_1530_G-VIS_2026年12月期 第1四半期 決算説明資料.pdf
   ✅ 保存: 130A_1530_G-VIS_SpiroChem と Veritas In Silico、mRNA標的化合物の共同探索研究契約締結のお知らせ.pdf
   ✅ 保存: 1333_1530_Umios_2026年度 3月期 決算短信〔日本基準〕(連結).pdf
   ✅ 保存: 1333_1530_Umios_剰余金の配当(増配)に関するお知らせ.pdf
   ✅ 保存: 1333_1530_Umios_2026年3月期 決算補足資料.pdf
   ✅ 保存: 1333_1530_Umios_株式給付信託(BBT及びJ-ESOP)への追加拠出に関するお知らせ.pdf
   ✅ 保存: 1333_1530_Umios_完全子会社Umiosロジ株式会社の株式譲渡に伴う連結子会社の異動に関するお知らせ.pdf
   ✅ 保存: 1375_1530_ユキグニファクトリー_2026年3月期 決算短信〔IFRS〕(連結).pdf
   ✅ 保存: 1375_1530_ユキグニファクトリー_2026年3月期 決算説明資料.pdf
   ✅ 保存: 1375_1530_ユキグニファクトリー_通期連結業績予想と実績値との差異、個別業績の前期実績との差異及び剰余金の配当(増配)に関するお知らせ.pdf
   ✅ 保存: 1414_1530_ショーボンド_2026年6月期 第3四半期決算短信〔日本基準〕(連結).pdf
   ✅ 保存: 141A_1530_G-トライアル_2026年4月度 月次売上高速報(小売).pdf
   ✅ 保存: 189A_1530_G-D&Mカンパニー_株主優待制度の導入に関するお知らせ.pdf
   ✅ 保存: 1992_1530_神田通機_2026年3月期 決算短信〔日本基準〕(連結).pdf
   ✅ 保存: 1992_1530_神田通機_配当予想の修正(増配)に関するお知らせ.pdf
   ✅ 保存: 2122_1530_Iスペース_2026年9月期第2四半期(中間期)の連結業績予想の修正に関するお知らせ.pdf
   ✅ 保存: 2201_1530_森永菓_2026年3月期決算短信〔日本基準〕(連結).pdf
   ✅ 保存: 2201_1530_森永菓_剰余金の配当に関するお知らせ.pdf
   ✅ 保存: 2294_1530_柿安本店_2026年4月期4月度の売上高および第4四半期の売上高についてのお知らせ.pdf
   ✅ 保存: 2408_1530_KG情報_自己株式取得に係る事項の決定に関するお知らせ.pdf
   ✅ 保存: 2438_1530_G-アスカネット_事業譲受に関するお知らせ.pdf
   ✅ 保存: 2488_1530_JTP_2026年3月期 決算短信〔日本基準〕(非連結).pdf
   ...Page 003 を確認中
   ✅ 保存: 2488_1530_JTP_特別損失の計上に関するお知らせ.pdf
   ✅ 保存: 2488_1530_JTP_剰余金の配当(増配)に関するお知らせ.pdf
   ✅ 保存: 2613_1530_Jオイル_2026年3月期 決算短信〔日本基準〕(連結).pdf
   ✅ 保存: 2613_1530_Jオイル_海外子会社の異動を伴う株式の譲渡(売却)に関するお知らせ.pdf
   ✅ 保存: 2613_1530_Jオイル_支配株主等に関する事項について.pdf
   ✅ 保存: 262A_1530_インターメスティック_2026年4月度(2026年12月期)国内月次売上速報.pdf
   ✅ 保存: 265A_1530_G-エイチエムコム_【補足説明資料】コラボテクノ株式会社の株式取得(子会社化)完了に関するお知らせ.pdf
   ✅ 保存: 265A_1530_G-エイチエムコム_(開示事項の経過)コラボテクノ株式会社の株式取得(子会社化)完了に関するお知らせ.pdf
   ✅ 保存: 2686_1530_ジーフット_月次売上高前年比速報のお知らせ.pdf
   ✅ 保存: 2702_1530_マクドナルド_月次IRニュース.pdf
   ✅ 保存: 2818_1530_ピエトロ_2026年3月期 業績予想の再修正に関するお知らせ.pdf
   ✅ 保存: 3064_1530_MRO_自己株式の取得状況及び取得終了に関するお知らせ.pdf
   ✅ 保存: 3064_1530_MRO_2026年12月期4月度月次業績に関するお知らせ.pdf
   ✅ 保存: 3070_1530_G-ジェリービーンズ_(開示事項の経過)グローバルクラウドエステートとの資本業務提携及び子会社新設の件に関するお知らせ.pdf
   ✅ 保存: 3137_1530_ファンデリー_株式の立会外分売に関するお知らせ.pdf
   ✅ 保存: 3157_1530_ジオリーブグループ_中期経営計画策定に関するお知らせ.pdf
   ✅ 保存: 3157_1530_ジオリーブグループ_2026年3月期 決算短信〔日本基準〕(連結).pdf
   ✅ 保存: 3160_1530_大光_月次売上高及び前年比についてのお知らせ.pdf
   ✅ 保存: 3199_1530_綿半ホールディングス_2026年3月期決算短信〔日本基準〕(連結).pdf
   ✅ 保存: 3199_1530_綿半ホールディングス_剰余金の配当に関するお知らせ.pdf
   ✅ 保存: 3199_1530_綿半ホールディングス_特別損失の計上に関するお知らせ.pdf
   ✅ 保存: 3199_1530_綿半ホールディングス_2027年3月期 月次動向(4月度).pdf
   ✅ 保存: 3204_1530_トーア紡_自己株式の取得状況に関するお知らせ.pdf
   ✅ 保存: 3281_1530_R-GLP_資産運用会社における重要な使用人の異動に関するお知らせ.pdf
   ✅ 保存: 3281_1530_R-GLP_資産運用会社における役員の変更に関するお知らせ.pdf
   ✅ 保存: 3288_1530_オープンハウスG_2026年9月期 第2四半期(中間期)決算短信〔日本基準〕(連結).pdf
   ✅ 保存: 3288_1530_オープンハウスG_2026年9月期 第2四半期(中間期)決算説明資料.pdf
   ✅ 保存: 3288_1530_オープンハウスG_業績予想の修正に関するお知らせ.pdf
   ✅ 保存: 3289_1530_東急不HD_2026年3月期 決算短信〔日本基準〕(連結).pdf
   ✅ 保存: 3289_1530_東急不HD_剰余金の配当に関するお知らせ.pdf
   ✅ 保存: 3294_1530_イーグランド_2026年3月期 決算短信〔日本基準〕(非連結).pdf
   ✅ 保存: 3317_1530_フライングG_2026年3月期 決算短信〔日本基準〕(非連結).pdf
   ✅ 保存: 3317_1530_フライングG_剰余金の配当(増配及び記念配当の実施)に関するお知らせ.pdf
   ✅ 保存: 3317_1530_フライングG_2026年3月期業績予想と実績値の差異に関するお知らせ.pdf
   ✅ 保存: 3317_1530_フライングG_役員の異動に関するお知らせ.pdf
   ✅ 保存: 3358_1530_Trailhead_2026年4月の月次売上高(速報)に関するお知らせ.pdf
   ✅ 保存: 3371_1530_ソフトクリエHD_2026年3月期 決算短信〔日本基準〕(連結).pdf
   ✅ 保存: 3409_1530_北紡_(開示事項の経過)ビットコイン購入に関するお知らせ.pdf
   ✅ 保存: 3433_1530_トーカロ_2026年3月期決算短信〔日本基準〕(連結).pdf
   ✅ 保存: 3433_1530_トーカロ_剰余金の配当(増配)に関するお知らせ.pdf
   ✅ 保存: 3433_1530_トーカロ_新中期経営計画「TOCALO2030」策定に関するお知らせ.pdf
   ✅ 保存: 3442_1530_MIEコーポ_剰余金の配当に関するお知らせ.pdf
   ✅ 保存: 3661_1530_エムアップHD_自己株式の取得状況に関するお知らせ.pdf
   ✅ 保存: 3744_1530_サイオス_2026年12月期 第1四半期決算短信〔日本基準〕(連結).pdf
   ✅ 保存: 3744_1530_サイオス_2026年12月期 第1四半期決算説明資料.pdf
   ✅ 保存: 3970_1530_G-イノベーション_2026年3月期 決算補足資料.pdf
   ✅ 保存: 3970_1530_G-イノベーション_2026年3月期 決算補足資料(スマートフォン版サマリ).pdf
   ✅ 保存: 3970_1530_G-イノベーション_2026年3月期 決算短信〔日本基準〕(連結).pdf
   ✅ 保存: 3970_1530_G-イノベーション_営業投資有価証券評価損(連結・個別)並びに特別損失(個別)の計上に関するお知らせ.pdf
   ✅ 保存: 4208_1530_UBE_業績予想の修正に関するお知らせ.pdf
   ✅ 保存: 4242_1530_タカギセイコー_業績予想の修正に関するお知らせ.pdf
   ✅ 保存: 4260_1530_G-ハイブリッドテク_自己株式の取得状況に関するお知らせ.pdf
   ✅ 保存: 4385_1530_メルカリ_2026年6月期 第3四半期決算短信〔IFRS〕(連結).pdf
   ✅ 保存: 4385_1530_メルカリ_FY2026.6 3Q決算説明資料.pdf
   ✅ 保存: 4385_1530_メルカリ_通期連結業績予想の修正に関するお知らせ.pdf
   ✅ 保存: 438A_1530_G-インフキュリオン_2026年3月期 通期決算説明資料.pdf
   ✅ 保存: 438A_1530_G-インフキュリオン_2026年3月期 決算短信〔日本基準〕(連結).pdf
   ✅ 保存: 438A_1530_G-インフキュリオン_2026年3月期通期連結業績予想と実績値との差異に関するお知らせ.pdf
   ✅ 保存: 438A_1530_G-インフキュリオン_特別損失(投資有価証券評価損)の計上に関するお知らせ.pdf
   ✅ 保存: 4552_1530_JCRファーマ_通期連結業績予想の修正に関するお知らせ.pdf
   ✅ 保存: 4553_1530_東和薬品_減損損失の計上、当社個別決算における関係会社株式評価損の計上ならびに業績予想の修正に関するお知らせ.pdf
   ✅ 保存: 4565_1530_ネクセラファーマ_GPCR標的プログラムの導出契約の進捗およびシリーズA資金調達への一部出資に関するお知らせ.pdf
   ✅ 保存: 4568_1530_第一三共_自己株式の消却に関するお知らせ.pdf
   ✅ 保存: 4568_1530_第一三共_2026年3月期 決算短信〔IFRS〕(連結).pdf
   ✅ 保存: 4568_1530_第一三共_決算補足資料(2025年度決算).pdf
   ✅ 保存: 4568_1530_第一三共_2025年度決算および第6期(2026-2030年度)中期経営計画 説明会.pdf
   ✅ 保存: 4583_1530_G-カイオム_譲渡制限付株式報酬としての新株式の払込完了に関するお知らせ.pdf
   ✅ 保存: 4598_1530_G-DELTA-P_DFP-10917の商標の国際登録とNDA承認取得の見通しに関するお知らせ.pdf
   ✅ 保存: 4613_1530_関ペイント_当社取締役等に対する業績連動型株式報酬制度の一部改定について.pdf
   ✅ 保存: 4613_1530_関ペイント_2026年3月期決算短信〔日本基準〕(連結).pdf
   ✅ 保存: 4617_1530_中国塗料_2026年3月期 決算短信〔日本基準〕(連結).pdf
   ✅ 保存: 4617_1530_中国塗料_長期ビジョンの一部変更及び新中期経営計画の策定に関するお知らせ.pdf
   ✅ 保存: 4627_1530_ナトコ_株式会社トウペの株式取得(完全子会社化)に関するお知らせ.pdf
   ✅ 保存: 4736_1530_日本ラッド_第55期(2026年3月期)決算説明資料.pdf
   ✅ 保存: 4736_1530_日本ラッド_2026年3月期 決算短信〔日本基準〕(連結).pdf
   ✅ 保存: 4816_1530_東映アニメ_業績予想の修正及び配当予想の修正に関するお知らせ.pdf
   ✅ 保存: 4886_1530_あすか製薬HD_2026年3月期 決算短信補足資料.pdf
   ✅ 保存: 4886_1530_あすか製薬HD_株主提案に対する当社取締役会の意見に関するお知らせ.pdf
   ✅ 保存: 4886_1530_あすか製薬HD_剰余金の配当(増配)および配当方針の変更に関するお知らせ.pdf
   ✅ 保存: 4886_1530_あすか製薬HD_2026年3月期決算短信〔日本基準〕(連結).pdf
   ✅ 保存: 4886_1530_あすか製薬HD_役員および執行役員の異動に関するお知らせ.pdf
   ✅ 保存: 4927_1530_ポーラオルHD_2026年12月期 第1四半期決算短信〔日本基準〕(連結).pdf
   ✅ 保存: 4927_1530_ポーラオルHD_2026年12月期 第1四半期 決算補足資料.pdf
   ✅ 保存: 4951_1530_エステー_2026年3月期 決算短信〔日本基準〕(連結).pdf
   ✅ 保存: 4951_1530_エステー_2026年3月期 決算短信補足資料.pdf
   ✅ 保存: 4951_1530_エステー_中期経営計画の数値目標の修正に関するお知らせ.pdf
   ✅ 保存: 4951_1530_エステー_取締役候補者および執行役の就任内定に関するお知らせ.pdf
   ✅ 保存: 5121_1530_藤コンポ_2026年3月期決算短信〔日本基準〕(連結).pdf
   ✅ 保存: 5283_1530_高見澤_2026年6月期 第3四半期決算短信〔日本基準〕(連結).pdf
   ✅ 保存: 5310_1530_東洋炭素_2026年12月期 第1四半期決算短信〔日本基準〕(連結).pdf
   ✅ 保存: 5393_1530_ニチアス_2026年3月期 決算短信〔日本基準〕(連結).pdf
   ✅ 保存: 5393_1530_ニチアス_株式交付制度の導入に伴う自己株式の処分に関するお知らせ.pdf
   ✅ 保存: 5393_1530_ニチアス_当社および当社子会社等の従業員に対する株式交付制度の詳細決定に関するお知らせ.pdf
   ✅ 保存: 5393_1530_ニチアス_自己株式取得に係る事項の決定に関するお知らせ.pdf
   ✅ 保存: 5535_1530_ミガロHD_2026年3月期 決算短信〔日本基準〕(連結).pdf
   ✅ 保存: 5535_1530_ミガロHD_2026年3月期 決算説明資料.pdf
   ✅ 保存: 5603_1530_虹技_2026年3月期 決算短信〔日本基準〕(連結).pdf
   ✅ 保存: 5727_1530_邦チタニウム_代表取締役の異動に関するお知らせ.pdf
   ✅ 保存: 5842_1530_G-インテグラル_2026年12月期 第1四半期決算短信〔IFRS〕(連結).pdf
   ✅ 保存: 5842_1530_G-インテグラル_2026年12月期 第1四半期決算説明資料.pdf
   ...Page 004 を確認中
   ✅ 保存: 5842_1530_G-インテグラル_インテグラル・リアルエステート・ファンド1号ファイナルクロージングに関するお知らせ.pdf
   ✅ 保存: 5915_1530_駒井ハルテック_業績予想の修正に関するお知らせ.pdf
   ✅ 保存: 5946_1530_長府製_2026年12月期 第1四半期決算短信[日本基準](連結).pdf
   ✅ 保存: 5958_1530_三洋工_2026年3月期 決算短信〔日本基準〕(連結).pdf
   ✅ 保存: 5958_1530_三洋工_剰余金の配当に関するお知らせ.pdf
   ✅ 保存: 5958_1530_三洋工_中期経営計画の進捗に関するお知らせ.pdf
   ✅ 保存: 5958_1530_三洋工_譲渡制限付株式報酬制度の導入に関するお知らせ.pdf
   ✅ 保存: 5991_1530_ニッパツ_株主提案に対する当社取締役会意見に関するお知らせ.pdf
   ✅ 保存: 5991_1530_ニッパツ_連結業績予想と実績値との差異および個別実績の前期実績値との差異に関するお知らせ.pdf
   ✅ 保存: 5991_1530_ニッパツ_2026年3月期 決算短信〔日本基準〕(連結).pdf
   ✅ 保存: 6031_1530_G-ZETA_2026年12月期 第1四半期決算説明資料.pdf
   ✅ 保存: 6031_1530_G-ZETA_2026年12月期 第1四半期決算短信〔日本基準〕(連結).pdf
   ✅ 保存: 6046_1530_リンクバル_2026年9月期 第2四半期(中間期)決算短信〔日本基準〕(連結).pdf
   ✅ 保存: 6046_1530_リンクバル_2026年9月期第2四半期 決算補足説明資料.pdf
   ✅ 保存: 6208_1530_石川製_2026年3月期決算短信〔日本基準〕(連結).pdf
   ✅ 保存: 6208_1530_石川製_剰余金の配当(増配)に関するお知らせ.pdf
   ✅ 保存: 6208_1530_石川製_通期連結業績予想値と実績値との差異及び通期個別業績実績値の前期実績値との差異に関するお知らせ.pdf
   ✅ 保存: 6208_1530_石川製_新任取締役候補者の選任に関するお知らせ.pdf
   ✅ 保存: 6228_1530_ジェイ・イー・ティ_代表取締役の異動(追加)に関するお知らせ.pdf
   ✅ 保存: 6228_1530_ジェイ・イー・ティ_2026年12月期第1四半期決算短信の開示が四半期末後45日を超えることに関するお知らせ.pdf
   ✅ 保存: 6248_1530_横田製作所_2026年3月期 決算短信〔日本基準〕(非連結).pdf
   ✅ 保存: 6248_1530_横田製作所_剰余金の配当に関するお知らせ.pdf
   ✅ 保存: 6277_1530_ホソカワミクロン_2026年9月期第2四半期(中間期)決算短信〔日本基準〕(連結).pdf
   ✅ 保存: 6277_1530_ホソカワミクロン_剰余金の配当(中間配当)に関するお知らせ.pdf
   ✅ 保存: 6277_1530_ホソカワミクロン_2026年9月期配当予想の修正(創業110周年記念配当)に関するお知らせ.pdf
   ✅ 保存: 6315_1530_TOWA_2026年3月期 決算短信〔日本基準〕(連結).pdf
   ✅ 保存: 6328_1530_荏原実業_2026年12月期 第1四半期決算短信〔日本基準〕(連結).pdf
   ✅ 保存: 6328_1530_荏原実業_2026年12月期 第1四半期決算補足説明資料.pdf
   ✅ 保存: 6335_1530_東京機_業績予想の修正に関するお知らせ.pdf
   ✅ 保存: 6335_1530_東京機_法人税等調整額(益)の計上に関するお知らせ.pdf
   ✅ 保存: 6481_1530_THK_第1四半期決算短信(連結・IFRS).pdf
   ✅ 保存: 6481_1530_THK_業績予想の修正に関するお知らせ.pdf
   ✅ 保存: 6588_1530_東芝テック_2026年3月期 決算短信〔日本基準〕(連結).pdf
   ✅ 保存: 6588_1530_東芝テック_2025年度 決算説明資料.pdf
   ✅ 保存: 6588_1530_東芝テック_2026年3月期通期決算における個別業績の決算値と前事業年度の実績値との差異に関するお知らせ.pdf
   ✅ 保存: 6588_1530_東芝テック_特別損失(貸倒引当金繰入額)の計上に関するお知らせ.pdf
   ✅ 保存: 6588_1530_東芝テック_支配株主等に関する事項について.pdf
   ✅ 保存: 6677_1530_エスケーエレク_2026年9月期 第2四半期(中間期)決算短信〔日本基準〕(連結).pdf
   ✅ 保存: 6677_1530_エスケーエレク_2026年9月期第2四半期累計期間(中間期)業績予想と実績値の差異および通期個別業績予想に関するお知らせ.pdf
   ✅ 保存: 6678_1530_テクノメディカ_2026年3月期 決算短信〔日本基準〕(非連結).pdf
   ✅ 保存: 6678_1530_テクノメディカ_配当方針の変更に関するお知らせ.pdf
   ✅ 保存: 6678_1530_テクノメディカ_剰余金の配当に関するお知らせ.pdf
   ✅ 保存: 6730_1530_アクセル_剰余金の配当(増配)に関するお知らせ.pdf
   ✅ 保存: 6730_1530_アクセル_2026年3月期 決算短信〔日本基準〕(連結).pdf
   ✅ 保存: 6730_1530_アクセル_2026年3月期 決算説明資料.pdf
   ✅ 保存: 6730_1530_アクセル_当社の従業員に対する譲渡制限付株式制度の導入に関するお知らせ.pdf
   ✅ 保存: 6744_1530_能美防災_2026年3月期 決算短信〔日本基準〕(連結).pdf
   ✅ 保存: 6744_1530_能美防災_2026年3月期 決算説明資料.pdf
   ✅ 保存: 6744_1530_能美防災_剰余金の配当に関するお知らせ.pdf
   ✅ 保存: 6995_1530_東海理電_2026年3月期決算発表日に関するお知らせ.pdf
   ✅ 保存: 6997_1530_日ケミコン_B種種類株主によるB種種類株式の普通株式を対価とする取得請求権の行使に関するお知らせ.pdf
   ✅ 保存: 7266_1530_今仙電機_連結業績予想の修正に関するお知らせ.pdf
   ✅ 保存: 7366_1530_LITALICO_2026年3月期決算短信〔IFRS〕(連結).pdf
   ✅ 保存: 7366_1530_LITALICO_自己株式取得に係る事項の決定に関するお知らせ.pdf
   ✅ 保存: 7366_1530_LITALICO_2026年3月期決算説明資料.pdf
   ✅ 保存: 7366_1530_LITALICO_本店移転及び固定資産の賃借に関するお知らせ.pdf
   ✅ 保存: 7422_1530_東邦レマック_特別利益(役員退職慰労引当金戻入額)の計上に関するお知らせ.pdf
   ✅ 保存: 7564_1530_ワークマン_2026年3月期 決算短信[日本基準](非連結).pdf
   ✅ 保存: 7564_1530_ワークマン_2026年3月期 決算説明会資料.pdf
   ✅ 保存: 7564_1530_ワークマン_2026年3月期 決算補足資料.pdf
   ✅ 保存: 7564_1530_ワークマン_剰余金の配当に関するお知らせ.pdf
   ✅ 保存: 7564_1530_ワークマン_役員の異動に関するお知らせ.pdf
   ✅ 保存: 7564_1530_ワークマン_投資単位の引下げに関する考え方及び方針について.pdf
   ✅ 保存: 7615_1530_京都きもの友禅HD_2026年3月期 決算短信〔日本基準〕(連結).pdf
   ✅ 保存: 7615_1530_京都きもの友禅HD_2026年3月期 決算補足説明資料.pdf
   ✅ 保存: 7615_1530_京都きもの友禅HD_資本金の額の減少に関するお知らせ.pdf
   ✅ 保存: 7743_1530_シード_2026年3月期通期業績予想値と実績値との差異に関するお知らせ.pdf
   ✅ 保存: 7743_1530_シード_2026年3月期決算短信〔日本基準〕(連結).pdf
   ✅ 保存: 7743_1530_シード_中期経営計画の進捗状況と今後の重点課題更新のお知らせ.pdf
   ✅ 保存: 7885_1530_タカノ_2026年3月期 決算短信〔日本基準〕(連結).pdf
   ✅ 保存: 7938_1530_リーガル_業績予想の修正に関するお知らせ.pdf
   ✅ 保存: 7951_1530_ヤマハ_2026年3月期 決算短信〔IFRS〕(連結).pdf
   ✅ 保存: 7951_1530_ヤマハ_2026年3月期 決算の概要と2027年3月期 業績予想について[IFRS].pdf
   ✅ 保存: 7951_1530_ヤマハ_2026年3月期 決算説明会資料.pdf
   ✅ 保存: 7951_1530_ヤマハ_役員人事に関するお知らせ.pdf
   ✅ 保存: 7955_1530_クリナップ_2026年3月期決算短信〔日本基準〕(連結).pdf
   ✅ 保存: 7955_1530_クリナップ_2026年3月期通期連結業績予想値と実績値との差異及び剰余金の配当(増配)に関するお知らせ.pdf
   ✅ 保存: 8207_1530_テンアライド_特別損失の計上に関するお知らせ.pdf
   ✅ 保存: 8207_1530_テンアライド_2026年3月期 決算短信〔日本基準〕(連結).pdf
   ✅ 保存: 8207_1530_テンアライド_2026年3月期 連結業績予想値と実績値との差異に関するお知らせ.pdf
   ✅ 保存: 8207_1530_テンアライド_取締役候補者決定に関するお知らせ.pdf
   ✅ 保存: 8267_1530_イオン_イオン(株)4月度連結営業概況.pdf
   ✅ 保存: 8267_1530_イオン_グループ中期経営計画(2026年~2030年度)の策定について.pdf
   ✅ 保存: 8334_1530_群馬銀_2026年3月期 決算短信〔日本基準〕(連結).pdf
   ✅ 保存: 8334_1530_群馬銀_2026年3月期 決算の概要.pdf
   ✅ 保存: 8439_1530_東京センチュリー_2026年3月期 決算短信〔日本基準〕(連結).pdf
   ✅ 保存: 8439_1530_東京センチュリー_2026年3月期決算IR資料.pdf
   ✅ 保存: 8439_1530_東京センチュリー_剰余金の配当(増配)に関するお知らせ.pdf
   ✅ 保存: 8439_1530_東京センチュリー_長期ビジョンおよび中期経営計画の策定に関するお知らせ.pdf
   ✅ 保存: 8591_1530_オリックス_2026年3月期 決算短信〔米国基準〕(連結).pdf
   ✅ 保存: 8591_1530_オリックス_2026年3月期の剰余金配当および2027年3月期の配当予想について.pdf
   ✅ 保存: 8591_1530_オリックス_自己株式取得に係る事項の決定に関するお知らせ.pdf
   ✅ 保存: 8591_1530_オリックス_取締役候補者の決定ならびに三委員会の委員構成について.pdf
   ✅ 保存: 8591_1530_オリックス_役員人事のお知らせ.pdf
   ✅ 保存: 8591_1530_オリックス_定款一部変更に関するお知らせ.pdf
   ✅ 保存: 8725_1530_MS&AD_2026年3月期(通期)の連結業績予想の修正に関するお知らせ.pdf
   ✅ 保存: 8835_1530_太平洋発_2026年3月期通期業績予想値と実績値との差異に関するお知らせ.pdf
   ✅ 保存: 8835_1530_太平洋発_2026年3月期 決算短信〔日本基準〕(連結).pdf
   ✅ 保存: 8934_1530_サンフロンティア_2026年3月期決算短信〔日本基準〕(連結).pdf
   ✅ 保存: 8934_1530_サンフロンティア_2026年3月期 決算説明資料.pdf
   ...Page 005 を確認中
   ✅ 保存: 8934_1530_サンフロンティア_次期配当予想に関するお知らせ.pdf
   ✅ 保存: 8934_1530_サンフロンティア_中期経営計画の見直しに関するお知らせ.pdf
   ✅ 保存: 8934_1530_サンフロンティア_取締役候補者の選任に関するお知らせ.pdf
   ✅ 保存: 8975_1530_R-いちごオフィス_ポートフォリオ稼働率速報値(2026年4月末時点)のお知らせ.pdf
   ✅ 保存: 9006_1530_京急_2026年3月期 決算短信〔日本基準〕(連結).pdf
   ✅ 保存: 9006_1530_京急_2026年3月期 決算補足説明資料.pdf
   ✅ 保存: 9006_1530_京急_自己株式取得に係る事項の決定に関するお知らせ.pdf
   ✅ 保存: 9006_1530_京急_社外取締役の異動に関するお知らせ.pdf
   ✅ 保存: 9006_1530_京急_特別利益の計上に関するお知らせ.pdf
   ✅ 保存: 9068_1530_丸全運_2026年3月期 決算短信〔日本基準〕(連結).pdf
   ✅ 保存: 9068_1530_丸全運_剰余金の配当(期末配当)に関するお知らせ.pdf
   ✅ 保存: 9068_1530_丸全運_人事異動のお知らせ.pdf
   ✅ 保存: 9068_1530_丸全運_当社株式等の大規模買付行為に関する対応策(買収への対応方針)の継続について.pdf
   ✅ 保存: 9069_1530_センコーグループHD_Umiosロジ株式会社の株式の取得(子会社化)に関するお知らせ.pdf
   ✅ 保存: 9090_1530_AZ-COM丸和HD_2026年3月期 決算短信〔日本基準〕(連結).pdf
   ✅ 保存: 9090_1530_AZ-COM丸和HD_2026年3月期 個別業績における前事業年度実績値との差異に関するお知らせ.pdf
   ✅ 保存: 9090_1530_AZ-COM丸和HD_2026年3月期 決算補足資料.pdf
   ✅ 保存: 9090_1530_AZ-COM丸和HD_当社役員人事の内定並びに子会社代表取締役の異動に関するお知らせ.pdf
   ✅ 保存: 9142_1530_JR九州_2026年3月期 決算短信[日本基準](連結).pdf
   ✅ 保存: 9142_1530_JR九州_剰余金の配当に関するお知らせ.pdf
   ✅ 保存: 9142_1530_JR九州_「JR九州グループ中期経営計画2025-2027」のアップデートについて.pdf
   ✅ 保存: 9142_1530_JR九州_役員の異動に関するお知らせ(代表取締役の異動を含む).pdf
   ✅ 保存: 9166_1530_G-GENDA_当社連結子会社による株式会社トーシンパックの株式の取得(連結子会社化)に関するお知らせ.pdf
   ✅ 保存: 9202_1530_ANA_自己株式の取得状況に関するお知らせ.pdf
   ✅ 保存: 9235_1530_G-売れるネットG_連結子会社の決算期変更に関するお知らせ.pdf
   ✅ 保存: 9405_1530_朝日放送グループHD_2026年3月期 決算短信〔日本基準〕(連結).pdf
   ✅ 保存: 9405_1530_朝日放送グループHD_2026年3月期 決算補足資料.pdf
   ✅ 保存: 9405_1530_朝日放送グループHD_役員の異動に関するお知らせ.pdf
   ✅ 保存: 9434_1530_ソフトバンク_2026年3月期 決算短信〔IFRS〕(連結).pdf
   ✅ 保存: 9533_1530_東邦瓦斯_自己株式の取得状況に関するお知らせ.pdf
   ✅ 保存: 9543_1530_静岡ガス_2026年12月期 第1四半期決算短信〔日本基準〕(連結).pdf
   ✅ 保存: 9543_1530_静岡ガス_2026年12月期 第1四半期決算 補足説明資料.pdf
   ✅ 保存: 9622_1530_スペース_譲渡制限付株式報酬としての自己株式処分の払込完了に関するお知らせ.pdf
   ✅ 保存: 9699_1530_ニシオHD_2026年9月期 第2四半期(中間期)決算短信〔日本基準〕(連結).pdf
   ✅ 保存: 9812_1530_テーオーHD_当社取締役及び当社子会社代表取締役の辞任に関するお知らせ.pdf
   ✅ 保存: 9820_1530_MTジェネック_2026年3月期決算短信〔日本基準〕(連結).pdf
   ✅ 保存: 9820_1530_MTジェネック_代表取締役の異動に関するお知らせ.pdf
   ✅ 保存: 9832_1530_オートバックス_2026年3月期 決算短信〔日本基準〕(連結).pdf
   ✅ 保存: 9854_1530_愛眼_2026年3月期 決算短信〔日本基準〕(連結).pdf
   ✅ 保存: 9869_1530_加藤産業_2026年9月期 第2四半期(中間期)決算短信〔日本基準〕(連結).pdf
   ✅ 保存: 1420_1500_サンヨーH_2026年3月期 決算短信〔日本基準〕(連結).pdf
   ✅ 保存: 1420_1500_サンヨーH_剰余金の配当に関するお知らせ.pdf
   ✅ 保存: 1420_1500_サンヨーH_通期業績予想と実績との差異に関するお知らせ.pdf
   ✅ 保存: 1447_1500_G-SAAFHD_特別損益の計上に関するお知らせ.pdf
   ✅ 保存: 1447_1500_G-SAAFHD_2026年3月期 決算説明会資料.pdf
   ✅ 保存: 1447_1500_G-SAAFHD_2026年3月期 決算短信〔日本基準〕(連結).pdf
   ✅ 保存: 1515_1500_日鉄鉱_業績予想の修正及び期末配当予想の修正に関するお知らせ.pdf
   ✅ 保存: 1826_1500_佐田建_2026年3月期 決算短信〔日本基準〕(連結).pdf
   ✅ 保存: 1882_1500_東亜道_2026年3月期決算短信〔日本基準〕(連結).pdf
   ✅ 保存: 1882_1500_東亜道_2026年3月期 特別損失(減損損失)の発生及び連結業績予想と実績値との差異に関するお知らせ.pdf
   ✅ 保存: 1882_1500_東亜道_2026年3月期剰余金の配当に関するお知らせ.pdf
   ✅ 保存: 1882_1500_東亜道_中期経営計画の見直しに関するお知らせ.pdf
   ✅ 保存: 1929_1500_日特建_2026年3月期通期業績予想値と実績値の差異に関するお知らせ.pdf
   ✅ 保存: 1929_1500_日特建_2026年3月期 決算短信〔日本基準〕(連結).pdf
   ✅ 保存: 1929_1500_日特建_2026年3月期 決算説明資料.pdf
   ✅ 保存: 1929_1500_日特建_中期経営計画2026(2026年度~2028年度)の策定について.pdf
   ✅ 保存: 1929_1500_日特建_支配株主等に関する事項について.pdf
   ✅ 保存: 2009_1500_鳥越粉_2026年12月期第1四半期決算短信〔日本基準〕(連結).pdf
   ✅ 保存: 204A_1500_P-タイヨーパッケー_2026年9月期 中間決算短信〔日本基準〕(非連結).pdf
   ✅ 保存: 2763_1500_エフティグループ_2026年3月期第決算短信〔IFRS〕(連結).pdf
   ✅ 保存: 2763_1500_エフティグループ_2026年3月期決算説明資料.pdf
   ✅ 保存: 2763_1500_エフティグループ_2026年3月期業績予想と実績値の差異に関するお知らせ.pdf
   ✅ 保存: 2763_1500_エフティグループ_剰余金の配当に関するお知らせ.pdf
   ✅ 保存: 2816_1500_ダイショー_2026年3月期 決算短信〔日本基準〕(非連結).pdf
   ✅ 保存: 2816_1500_ダイショー_剰余金の配当に関するお知らせ.pdf
   ✅ 保存: 2816_1500_ダイショー_代表取締役および役員の異動に関するお知らせ.pdf
   ✅ 保存: 3066_1500_JBイレブン_2027年3月期 4月度 店舗月次売上・店舗数のお知らせ.pdf
   ✅ 保存: 3132_1500_マクニカHD_2026年3月期 決算短信〔日本基準〕(連結).pdf
   ✅ 保存: 3132_1500_マクニカHD_2026年3月期 決算説明資料(プレゼン編).pdf
   ✅ 保存: 3132_1500_マクニカHD_2026年3月期 決算説明資料(データ編).pdf
   ✅ 保存: 3143_1500_オーウイル_2026年3月期 決算短信〔日本基準〕(連結).pdf
   ✅ 保存: 3143_1500_オーウイル_株主優待制度の導入に関するお知らせ.pdf
   ✅ 保存: 3951_1500_朝日印刷_2026年3月期 決算短信〔日本基準〕(連結).pdf
   ✅ 保存: 3951_1500_朝日印刷_2026年3月期 決算補足説明資料.pdf
   ✅ 保存: 3951_1500_朝日印刷_剰余金の配当に関するお知らせ.pdf
   ✅ 保存: 3951_1500_朝日印刷_配当方針変更に関するお知らせ.pdf
   ✅ 保存: 3951_1500_朝日印刷_中期経営計画の策定に関するお知らせ.pdf
   ✅ 保存: 4091_1500_日本酸素HD_2026年3月期 決算短信〔IFRS〕(連結).pdf
   ✅ 保存: 4091_1500_日本酸素HD_2026年3月期 第4四半期 決算電話会議資料(決算補足資料).pdf
   ✅ 保存: 4091_1500_日本酸素HD_剰余金の配当に関するお知らせ.pdf
   ✅ 保存: 417A_1500_ブルーゾーンHD_2026年3月期 決算短信〔日本基準〕(連結).pdf
   ✅ 保存: 417A_1500_ブルーゾーンHD_剰余金の配当に関するお知らせ.pdf
   ✅ 保存: 417A_1500_ブルーゾーンHD_定款の一部変更に関するお知らせ.pdf
   ✅ 保存: 417A_1500_ブルーゾーンHD_取締役候補者、執行役員の選任および当社子会社の役員の異動に関するお知らせ.pdf
   ✅ 保存: 4202_1500_ダイセル_(個別決算)連結子会社からの配当金受領および債務保証損失引当金繰入額計上に関するお知らせ.pdf
   ✅ 保存: 4491_1500_Cマネージメント_令和8年3月期 決算短信[日本基準](連結).pdf
   ✅ 保存: 4633_1500_サカタインクス_2026年12月期 第1四半期決算短信〔日本基準〕(連結).pdf
   ✅ 保存: 4633_1500_サカタインクス_2026年12月期 第1四半期 決算補足説明資料.pdf
   ✅ 保存: 4633_1500_サカタインクス_自己株式の消却に関するお知らせ.pdf
   ✅ 保存: 5531_1500_P-中山不動産_資金の借入れに関するお知らせ.pdf
   ✅ 保存: 6226_1500_守谷輸送機工業_剰余金の配当(増配)に関するお知らせ.pdf
   ✅ 保存: 6226_1500_守谷輸送機工業_2026年3月期 決算短信[日本基準](非連結).pdf
   ✅ 保存: 6226_1500_守谷輸送機工業_2026年3月期 決算 中期経営計画説明資料.pdf
   ✅ 保存: 6480_1500_日トムソン_2026年3月期 決算短信〔日本基準〕(連結).pdf
   ✅ 保存: 6480_1500_日トムソン_業績予想と実績値との差異および剰余金の配当に関するお知らせ.pdf
   ✅ 保存: 6480_1500_日トムソン_自己株式取得に係る事項の決定に関するお知らせ.pdf
   ✅ 保存: 6768_1500_タムラ製_2026年3月期 決算短信〔日本基準〕(連結).pdf
   ✅ 保存: 6768_1500_タムラ製_転身支援制度特別措置の結果、特別損失の計上および通期連結業績予想と実績値の差異に関するお知らせ.pdf
   ✅ 保存: 6768_1500_タムラ製_中国連結子会社の異動(持分譲渡)に関するお知らせ.pdf
   ✅ 保存: 7461_1500_キムラ_2026年3月期 決算短信〔日本基準〕(連結).pdf
   ...Page 006 を確認中
   ✅ 保存: 7931_1500_未来工業_(訂正・数値データ訂正)「2026 年3月期 決算短信〔日本基準〕(連結)」の一部訂正について.pdf
   ✅ 保存: 8416_1500_高知銀行_監査等委員会設置会社への移行および定款の一部変更に関するお知らせ.pdf
   ✅ 保存: 8416_1500_高知銀行_連結業績の前期実績との差異に関するお知らせ.pdf
   ✅ 保存: 8416_1500_高知銀行_2026年3月期 決算短信〔日本基準〕(連結).pdf
   ✅ 保存: 8416_1500_高知銀行_中期経営計画における計画数値(KGI)の見直しおよび本部組織変更に関するお知らせ.pdf
   ✅ 保存: 8562_1500_福島銀_業績予想の修正に関するお知らせ.pdf
   ✅ 保存: 8747_1500_豊トラスティ証券_連結総資産の減少に関するお知らせ.pdf
   ✅ 保存: 9342_1500_G-スマサポ_2026年9月期 第2四半期(中間期)決算短信〔日本基準〕(非連結).pdf
   ✅ 保存: 9342_1500_G-スマサポ_2026年9月期第2四半期決算説明資料.pdf
   ✅ 保存: 9535_1500_広島ガス_2026年3月期決算短信〔日本基準〕(連結).pdf
   ✅ 保存: 9991_1500_ジェコス_通期個別業績の前期実績との差異に関するお知らせ.pdf
   ✅ 保存: 9991_1500_ジェコス_2026年3月期 決算短信〔日本基準〕(連結).pdf
   ✅ 保存: 9991_1500_ジェコス_剰余金の配当(2026年3月期期末配当)に関するお知らせ.pdf
   ✅ 保存: 9991_1500_ジェコス_株主優待制度の導入に関するお知らせ.pdf
   ✅ 保存: 7213_1440_レシップHD_2026年3月期 決算短信〔日本基準〕(連結).pdf
   ✅ 保存: 1783_1430_fantasista_(開示事項の経過)株式会社アモティの株式取得(子会社化)に関する払込完了のお知らせ.pdf
   ✅ 保存: 1795_1430_マサル_2026年9月期第2四半期(中間期)業績予想の修正に関するお知らせ.pdf
   ✅ 保存: 2588_1430_プレミアムウォーター_通期連結業績予想(IFRS)の修正に関するお知らせ.pdf
   ✅ 保存: 2810_1430_ハウス食G_2026年3月期 決算短信〔日本基準〕(連結).pdf
   ✅ 保存: 2810_1430_ハウス食G_2026年3月期 通期 決算説明会資料.pdf
   ✅ 保存: 2810_1430_ハウス食G_2026年3月期 通期 決算説明会ファクトデータ.pdf
   ✅ 保存: 2810_1430_ハウス食G_第八次中期計画の見直しに関するお知らせ.pdf
   ✅ 保存: 2810_1430_ハウス食G_剰余金の配当(増配)に関するお知らせ.pdf
   ✅ 保存: 2810_1430_ハウス食G_利益配分に関する基本方針変更(DOE指標導入)のお知らせ.pdf
   ✅ 保存: 2810_1430_ハウス食G_自己株式の消却に関するお知らせ.pdf
   ✅ 保存: 2810_1430_ハウス食G_自己株式取得に係る事項の決定に関するお知らせ.pdf
   ✅ 保存: 2810_1430_ハウス食G_特別利益(投資有価証券売却益)の計上見込みに関するお知らせ.pdf
   ✅ 保存: 5713_1430_住友鉱_2026年3月期 決算短信〔IFRS〕(連結).pdf
   ✅ 保存: 5713_1430_住友鉱_2026年3月期(第101期)配当予想の修正(増配)に関するお知らせ.pdf
   ✅ 保存: 5713_1430_住友鉱_自己株式取得に係る事項の決定及び自己株式の消却に関するお知らせ.pdf
   ✅ 保存: 6366_1430_千代化建_2026年3月期 決算短信〔日本基準〕(連結).pdf
   ✅ 保存: 6366_1430_千代化建_2026年3月期 決算概要.pdf
   ✅ 保存: 6366_1430_千代化建_A種優先株式の一部取得及び消却に関するお知らせ.pdf
   ✅ 保存: 6366_1430_千代化建_経営現況報告.pdf
   ✅ 保存: 6366_1430_千代化建_支配株主等に関する事項について.pdf
   ✅ 保存: 8377_1430_ほくほく_2026年3月期 決算短信〔日本基準〕(連結).pdf
   ✅ 保存: 8377_1430_ほくほく_ほくほくフィナンシャルグループの役員等の異動に関するお知らせ.pdf
   ✅ 保存: 8377_1430_ほくほく_自己株式取得に係る事項の決定及び自己株式の消却に関するお知らせ.pdf
   ✅ 保存: 8377_1430_ほくほく_定款の一部変更に関するお知らせ.pdf
   ✅ 保存: 8377_1430_ほくほく_資本準備金の額の減少に関するお知らせ.pdf
   ✅ 保存: 5607_1420_中央可鍛_2026年3月期決算短信〔日本基準〕(連結).pdf
   ✅ 保存: 5607_1420_中央可鍛_投資有価証券売却益(特別利益)の計上に関するお知らせ.pdf
   ✅ 保存: 5607_1420_中央可鍛_剰余金の配当(増配)に関するお知らせ.pdf
   ✅ 保存: 5607_1420_中央可鍛_取締役候補者の選任に関するお知らせ.pdf
   ✅ 保存: 5607_1420_中央可鍛_株主優待内容の変更(拡充)に関するお知らせ.pdf
   ✅ 保存: 1813_1415_不動テトラ_2026年3月期決算短信〔日本基準〕(連結).pdf
   ✅ 保存: 1813_1415_不動テトラ_2026年3月期(連結)決算補足説明資料.pdf
   ✅ 保存: 1882_1400_東亜道_役員の異動に関するお知らせ.pdf
   ✅ 保存: 2698_1400_キャンドゥ_2026年4月度 月次売上高前年比速報.pdf
   ✅ 保存: 2903_1400_シノブフーズ_2026年3月期 決算短信〔日本基準〕(連結).pdf
   ✅ 保存: 2903_1400_シノブフーズ_剰余金の配当に関するお知らせ.pdf
   ✅ 保存: 2903_1400_シノブフーズ_自己株式取得に係る事項の決定に関するお知らせ.pdf
   ✅ 保存: 2903_1400_シノブフーズ_自己株式の消却に関するお知らせ.pdf
   ✅ 保存: 2903_1400_シノブフーズ_資本コストや株価を意識した経営の実現に向けた対応について(更新).pdf
   ✅ 保存: 2903_1400_シノブフーズ_中期経営計画 進捗報告 2026年3月期.pdf
   ✅ 保存: 2998_1400_G-クリアル_当社主要KPI(2026年4月度)に関するお知らせ.pdf
   ✅ 保存: 4186_1400_東応化_2026年12月期第1四半期決算短信〔日本基準〕(連結).pdf
   ✅ 保存: 4186_1400_東応化_2026年12月期第1四半期決算説明資料.pdf
   ✅ 保存: 4189_1400_KHネオケム_2026年12月期 第1四半期決算短信〔日本基準〕(連結).pdf
   ✅ 保存: 4189_1400_KHネオケム_株式給付信託(BBT)への追加拠出に関するお知らせ.pdf
   ✅ 保存: 4403_1400_日油_役員の異動等に関するお知らせ.pdf
   ✅ 保存: 4403_1400_日油_自己株式取得に係る事項の決定に関するお知らせ.pdf
   ✅ 保存: 4403_1400_日油_業績連動型株式報酬制度の一部改定に関するお知らせ.pdf
   ✅ 保存: 4403_1400_日油_2026年3月期 決算短信〔日本基準〕(連結).pdf
   ✅ 保存: 5867_1400_G-エスネット_2026年12月期第1四半期決算短信〔日本基準〕(連結).pdf
   ✅ 保存: 5867_1400_G-エスネット_2026年12月期第1四半期決算説明資料.pdf
   ✅ 保存: 5867_1400_G-エスネット_自己株式の処分および新株式発行による当社社員への譲渡制限付株式(RS)付与に関するお知らせ.pdf
   ✅ 保存: 6326_1400_クボタ_自己株式の取得状況に関するお知らせ.pdf
   ✅ 保存: 6647_1400_森尾電_通期業績予想及び配当予想の修正に関するお知らせ.pdf
   ✅ 保存: 7192_1400_日本モーゲージS_2026年3月期 決算短信〔日本基準〕(連結).pdf
   ✅ 保存: 7192_1400_日本モーゲージS_2026年3月期 決算説明資料.pdf
   ✅ 保存: 7270_1400_SUBARU_2026年3月期通期連結業績予想の修正に関するお知らせ.pdf
   ✅ 保存: 7994_1400_オカムラ_(訂正・数値データ訂正)「2026年3月期決算短信〔日本基準〕(連結)」の一部訂正のお知らせ.pdf
   ✅ 保存: 8850_1400_スターツ_剰余金の配当に関するお知らせ.pdf
   ✅ 保存: 8850_1400_スターツ_2026年3月期 決算短信〔日本基準〕(連結).pdf
   ✅ 保存: 8850_1400_スターツ_個別業績の前期実績値との差異に関するお知らせ.pdf
   ✅ 保存: 9048_1400_名鉄_連結子会社の異動(株式等譲渡)に関するお知らせ.pdf
   ✅ 保存: 9304_1400_渋沢倉_2026年3月期 決算短信〔日本基準〕(連結).pdf
   ✅ 保存: 9304_1400_渋沢倉_2026年3月期 決算説明資料.pdf
   ✅ 保存: 9304_1400_渋沢倉_剰余金の配当(増配)および次期配当予想に関するお知らせ.pdf
   ✅ 保存: 9304_1400_渋沢倉_代表取締役の役職の異動ならびに関連する人事異動に関するお知らせ.pdf
   ✅ 保存: 9304_1400_渋沢倉_株式等取得(子会社化)に向けた株式等譲渡契約締結のお知らせ.pdf
   ✅ 保存: 9471_1400_文渓堂_監査役の異動に関するお知らせ.pdf
   ✅ 保存: 9471_1400_文渓堂_2026年3月期 決算短信〔日本基準〕(連結).pdf
   ✅ 保存: 9471_1400_文渓堂_剰余金の配当に関するお知らせ.pdf
   ...Page 007 を確認中
   ✅ 保存: 9193_1330_東汽船_2026年3月期 業績予想の修正に関するお知らせ.pdf
   ✅ 保存: 9906_1330_藤井産業_業績予想の修正及び配当予想の修正に関するお知らせ.pdf
   ✅ 保存: 3577_1320_東海染工_2026年3月期 決算短信〔日本基準〕(連結).pdf
   ✅ 保存: 7199_1315_プレミアグループ_2026年3月期決算短信〔IFRS〕 (連結).pdf
   ✅ 保存: 7199_1315_プレミアグループ_新中期経営計画の策定に関するお知らせ.pdf
   ✅ 保存: 7199_1315_プレミアグループ_2026年3月期 決算説明資料.pdf
   ✅ 保存: 1807_1300_佐藤渡辺_2026年3月期 決算短信〔日本基準〕(連結).pdf
   ✅ 保存: 1807_1300_佐藤渡辺_中期経営計画の見直しに関するお知らせ.pdf
   ✅ 保存: 3447_1300_信和_2026年3月期 決算短信〔IFRS〕(連結).pdf
   ✅ 保存: 3447_1300_信和_会計監査人の異動に関するお知らせ.pdf
   ✅ 保存: 4624_1300_イサム塗料_2026年3月期 決算短信〔日本基準〕(連結).pdf
   ✅ 保存: 4624_1300_イサム塗料_剰余金の配当に関するお知らせ.pdf
   ✅ 保存: 5202_1300_板硝子_2026年3月期 決算短信〔IFRS〕(連結).pdf
   ✅ 保存: 5202_1300_板硝子_2026年3月期 通期決算説明資料.pdf
   ✅ 保存: 5202_1300_板硝子_2026年3月期通期業績予想と実績値との差異に関するお知らせ.pdf
   ✅ 保存: 5406_1300_神戸鋼_2026年3月期 決算短信〔日本基準〕(連結).pdf
   ✅ 保存: 5406_1300_神戸鋼_2025年度 決算説明資料.pdf
   ✅ 保存: 5406_1300_神戸鋼_株式会社神戸製鋼所による神鋼鋼線工業株式会社の完全子会社化に関する株式交換契約締結(簡易株式交換)のお知らせ.pdf
   ✅ 保存: 5406_1300_神戸鋼_株式給付信託(BBT)への追加拠出に関するお知らせ.pdf
   ✅ 保存: 5660_1300_神鋼鋼線_2026年3月期 決算短信[日本基準](連結).pdf
   ✅ 保存: 5660_1300_神鋼鋼線_2026年3月期通期連結業績予想値と実績値との差異および、剰余金の配当に関するお知らせ.pdf
   ✅ 保存: 5660_1300_神鋼鋼線_株式会社神戸製鋼所による神鋼鋼線工業株式会社の完全子会社化に関する株式交換契約締結(簡易株式交換)のお知らせ.pdf
   ✅ 保存: 6364_1300_AIRMAN_2026年3月期 決算短信〔日本基準〕(連結).pdf
   ✅ 保存: 6364_1300_AIRMAN_剰余金の配当に関するお知らせ.pdf
   ✅ 保存: 6928_1300_エノモト_2026年3月期決算短信〔日本基準〕(連結).pdf
   ✅ 保存: 6928_1300_エノモト_2026年3月期 決算補足資料.pdf
   ✅ 保存: 7636_1300_ハンズマン_2026年6月期 第3四半期決算短信〔日本基準〕(非連結).pdf
   ✅ 保存: 9273_1300_コーア商事HD_2026年6月期 第3四半期決算短信〔日本基準〕(連結).pdf
   ✅ 保存: 9273_1300_コーア商事HD_2026年6月期 第3四半期決算 決算補足資料.pdf
   ✅ 保存: 9904_1300_ベリテ_2026年4月度 前年比速報.pdf
   ✅ 保存: 2326_1230_デジアーツ_自己株式取得に係る事項の決定に関するお知らせ.pdf
   ✅ 保存: 2892_1230_日食化_自己株式の取得状況に関するお知らせ.pdf
   ✅ 保存: 3777_1230_G-環境フレンドリー_(開示事項の経過)韓国太陽光発電事業に係る特別目的会社株式の取得(連結子会社化)に関するお知らせ.pdf
   ✅ 保存: 6625_1230_JALCO HD_(開示事項の経過)連結子会社における販売用不動産取得に関するお知らせ.pdf
   ✅ 保存: 7399_1230_ナンシン_(訂正)「自己株式立会外買付取引(ToSTNeT-3)による自己株式の取得結果 及び取得終了に関するお知らせ」の一部訂正について.pdf
   ✅ 保存: 7443_1230_横浜魚類_2026年3月期 決算短信〔日本基準〕(非連結).pdf
   ✅ 保存: 7443_1230_横浜魚類_役員人事に関するお知らせ.pdf
   ✅ 保存: 7606_1230_Uアローズ_2026年3月期決算短信〔日本基準〕(連結).pdf
   ✅ 保存: 7606_1230_Uアローズ_個別業績の前期実績との差異に関するお知らせ.pdf
   ✅ 保存: 7606_1230_Uアローズ_剰余金の配当(増配)に関するお知らせ.pdf
   ✅ 保存: 7606_1230_Uアローズ_自己株式取得に係る事項の決定に関するお知らせ (会社法第165条第2項の規定による定款の定めに基づく自己株式の取得).pdf
   ✅ 保存: 7606_1230_Uアローズ_会社分割による持株会社体制移行に伴う吸収分割契約の締結および 定款の一部変更(商号および事業目的等の一部変更)に関するお知らせ.pdf
   ✅ 保存: 8336_1220_武蔵野銀_2026年3月期 決算短信〔日本基準〕(連結).pdf
   ✅ 保存: 8336_1220_武蔵野銀_定款一部変更に関するお知らせ.pdf
   ✅ 保存: 8336_1220_武蔵野銀_取締役向け株式報酬制度の一部改定に関するお知らせ.pdf
   ✅ 保存: 9101_1210_郵船_剰余金の配当に関するお知らせ.pdf
   ✅ 保存: 9101_1210_郵船_2026年3月期 決算短信〔日本基準〕(連結).pdf
   ✅ 保存: 1833_1200_奥村組_営業外収益(為替予約評価益)の計上に関するお知らせ.pdf
   ✅ 保存: 1833_1200_奥村組_業績予想及び配当予想の修正に関するお知らせ.pdf
   ✅ 保存: 2790_1200_ナフコ_2026年3月期 決算説明会資料.pdf
   ✅ 保存: 3287_1200_R-星野_ポートフォリオ運営実績に関するお知らせ(2026年3月度).pdf
   ✅ 保存: 5035_1200_G-HOUSEI_2026年12月期第1四半期決算短信〔日本基準〕(連結).pdf
   ✅ 保存: 8914_1200_エリアリンク_2026年4月度 月次実績.pdf
   ✅ 保存: 2722_1150_IKホールディングス_2026年4月度連結月次情報のお知らせ.pdf
   ✅ 保存: 4404_1150_ミヨシ油脂_2026年12月期 第1四半期決算短信〔日本基準〕(連結).pdf
   ✅ 保存: 1326_1140_E-ワールド_SPDRゴールド・シェアに関する日々の開示事項.pdf
   ✅ 保存: 2395_1130_新日科学_2026年3月期 決算短信〔日本基準〕(連結).pdf
   ✅ 保存: 2395_1130_新日科学_2026年3月期 決算説明会資料.pdf
   ✅ 保存: 2395_1130_新日科学_(開示事項の経過)米国連結子会社Satsuma社における経鼻片頭痛薬「Atzumi」の事業展開について.pdf
   ✅ 保存: 2674_1130_ハードオフ_2027年3月期 4月度店舗売上高および出店状況についてのお知らせ.pdf
   ✅ 保存: 2730_1130_エディオン_2026年3月期 決算短信〔日本基準〕(連結).pdf
   ✅ 保存: 2730_1130_エディオン_剰余金の配当に関するお知らせ.pdf
   ✅ 保存: 3401_1130_帝人_2026年3月期 決算短信〔IFRS〕(連結).pdf
   ✅ 保存: 3401_1130_帝人_減損損失および関係会社株式売却益の計上(連結)ならびに特別損益(個別)の計上に関するお知らせ.pdf
   ✅ 保存: 3401_1130_帝人_2025年度決算 および 2026年度業績見通し.pdf
   ✅ 保存: 3401_1130_帝人_帝人グループ 中期経営計画 2026-2028.pdf
   ✅ 保存: 4203_1130_住友ベーク_2026年3月期 決算短信〔IFRS〕(連結).pdf
   ✅ 保存: 4203_1130_住友ベーク_2026年3月期 決算説明会資料.pdf
   ✅ 保存: 9739_1130_NSW_剰余金の配当(増配)に関するお知らせ.pdf
   ✅ 保存: 9739_1130_NSW_2026年3月期決算短信〔日本基準〕(連結).pdf
   ✅ 保存: 9739_1130_NSW_2026年3月期決算補足資料.pdf
   ✅ 保存: 5243_1100_G-note_投資家の皆さまから多く寄せられた質問と回答(2026年11月期第1四半期決算).pdf
   ✅ 保存: 5451_1100_ヨドコウ_2026年3月期 決算短信〔日本基準〕(連結).pdf
   ✅ 保存: 5451_1100_ヨドコウ_2026年3月期 財務諸表の概要 補足資料.pdf
   ✅ 保存: 5451_1100_ヨドコウ_2026年3月期 剰余金の配当に関するお知らせ.pdf
   ✅ 保存: 5451_1100_ヨドコウ_資本コストや株価を意識した経営の実現に向けた対応について(アップデート).pdf
   ✅ 保存: 5451_1100_ヨドコウ_連結子会社の持分譲渡に向けた基本合意書解除および譲渡候補先変更のお知らせ.pdf
   ✅ 保存: 9238_1015_G-バリューC_(訂正)取引先との取引停止に関するお知らせ.pdf
   ✅ 保存: 2926_1000_篠崎屋_2026年9月期 4月度月次店舗売上のお知らせ.pdf
   ✅ 保存: 3032_1000_ゴルフ・ドゥ_2026年4月度 ゴルフドゥ!店舗売上高前年対比に関するお知らせ.pdf
   ✅ 保存: 4401_1000_ADEKA_自己株式の取得状況に関するお知らせ.pdf
   ✅ 保存: 7049_1000_G-識学_2027年2月期プラットフォームサービス月次売上高(4月度)のお知らせ -.pdf
   ✅ 保存: 7399_1000_ナンシン_自己株式立会外買付取引(ToSTNeT-3)による自己株式の取得結果 及び取得終了に関するお知らせ.pdf
   ✅ 保存: 7442_1000_中山福_自己株式立会外買付取引(ToSTNeT-3)による自己株式の取得結果及び取得終了に関するお知らせ.pdf
   ✅ 保存: 7570_1000_橋本総業HD_2026年3月期 決算短信〔日本基準〕(連結).pdf
   ✅ 保存: 7570_1000_橋本総業HD_2027年3月期配当予想(11期連続の増配)に関するお知らせ.pdf
   ✅ 保存: 9832_0920_オートバックス_一部報道について.pdf
   ✅ 保存: 9927_0900_ワットマン_2027年3月期4月度 月次売上状況(単体)のお知らせ.pdf
   ...Page 008 を確認中
   ✅ 保存: 3133_0855_G-海帆_第2回無担保普通社債の繰上償還(完済)に関するお知らせ.pdf
   ✅ 保存: 9744_0845_メイテックGHD_分配可能額を超えた前期の中間配当金について.pdf
   ✅ 保存: 3133_0830_G-海帆_再生可能エネルギーを活用した長期売電契約の運転開始期限(売電開始期限)の延長及び延長に伴う遅延損害金発生のお知らせ.pdf
   ...Page 009 を確認中
   📝 一覧CSV保存: TDnet_Sorted_20260511.csv
   📝 一覧CSV保存（ルート）: TDnet_Sorted_20260511.csv
   📊 日別統計: page_access=9, pdf_success=665, excluded=40

============================================================
✅ ①完了（範囲取得）
   期間: 20260511 ～ 20260511 （mode=day）
   一覧ページアクセス合計: 9
   PDFダウンロード成功合計: 665
   除外件数合計: 40
   保存ルート: G:\マイドライブ\TDnet_Downloads

$ C:\Users\onok\AppData\Local\Python\pythoncore-3.14-64\python.exe -u ②a②bは２つフリーワード検索.py analyze --target 20260511 --save-root G:\マイドライブ\TDnet_Downloads --keywords 価格交渉 増産 価格改定 価格転嫁 値上 想定以上 上方修正 下方修正 想定以下 未達 大幅 計画を上 計画を下 計画以 需要回復 需要の回復 需要が増 需要が低 悪化 グローバルニッチトップ トップシェア シェア拡大 レアアース
ルート: G:\マイドライブ\TDnet_Downloads
対象指定: 20260511 mode= day from= 20260511 to= 20260511
対象フォルダ数: 1
検索キーワード: ['価格交渉', '増産', '価格改定', '価格転嫁', '値上', '想定以上', '上方修正', '下方修正', '想定以下', '未達', '大幅', '計画を上', '計画を下', '計画以', '需要回復', '需要の回復', '需要が増', '需要が低', '悪化', 'グローバルニッチトップ', 'トップシェア', 'シェア拡大', 'レアアース']
総PDF数（推定）: 665
[1/1] 日付フォルダ 20260511 を処理中... (このフォルダ内PDF数: 665)
  進捗: 50/665 件のPDFを解析済み
  進捗: 100/665 件のPDFを解析済み
  進捗: 150/665 件のPDFを解析済み
  進捗: 200/665 件のPDFを解析済み
  進捗: 250/665 件のPDFを解析済み
  進捗: 300/665 件のPDFを解析済み
  進捗: 350/665 件のPDFを解析済み
  進捗: 400/665 件のPDFを解析済み
  進捗: 450/665 件のPDFを解析済み
  進捗: 500/665 件のPDFを解析済み
  進捗: 550/665 件のPDFを解析済み
  進捗: 600/665 件のPDFを解析済み
  進捗: 650/665 件のPDFを解析済み
  進捗: 665/665 件のPDFを解析済み
  → 日付フォルダ 20260511 のヒットPDF数: 229

✅ ②A 完了（解析専用・キーワード別ページ列）
解析PDF数: 665
ヒットPDF数: 229
出力CSV: Analysis_Hits_free_word_20260511.csv
保存先: G:\マイドライブ\TDnet_Downloads

$ C:\Users\onok\AppData\Local\Python\pythoncore-3.14-64\python.exe -u ②a②bは２つフリーワード検索.py distribute --target 20260511 --save-root G:\マイドライブ\TDnet_Downloads --no-stop-on-empty-meta

✅ ②B 完了（配布用CSV作成・キーワード別ページ列）
出力: PDF_Search_Result_Distribution_free_word_20260511_sh.csv
キーワード列: ['価格交渉', '増産', '価格改定', '価格転嫁', '値上', '想定以上', '上方修正', '下方修正', '想定以下', '未達', '大幅', '計画を上', '計画を下', '計画以', '需要回復', '需要の回復', '需要が増', '需要が低', '悪化', 'グローバルニッチトップ', 'トップシェア', 'シェア拡大', 'レアアース']
突合除外件数: 0
空欄アラート件数: 0

============================================
 Done: 2026-05-11 23:13:05
============================================
