🎯 対象指定: 20260413（mode=day, from=20260413, to=20260413）
📁 保存ルート: G:\マイドライブ\TDnet_Downloads

============================================================
📅 日付: 20260413 を処理します
   ...Page 001 を確認中
   ✅ 保存: 5821_1830_平河ヒューテ_株式無償割当てによる1株に満たない端数の処理に伴う自己株式の買取りに関するお知らせ.pdf
   ✅ 保存: 3323_1815_レカム_子会社の年次決算情報に関するお知らせ.pdf
   ✅ 保存: 2303_1800_ドーン_株式分割及び定款の一部変更に関するお知らせ.pdf
   ✅ 保存: 3776_1730_BBタワー_主要株主である筆頭株主の異動に関するお知らせ.pdf
   ✅ 保存: 8107_1730_キムラタン_(訂正)「(開示事項の中止)「不動産の売却に関するお知らせ」の中止に関するお知らせ」の一部訂正について.pdf
   ✅ 保存: 2972_1700_R-サンケイRE_2026年2月期の運用状況及び分配金の予想の修正(無配)及び減損損失の計上に関するお知らせ.pdf
   ✅ 保存: 3482_1700_ロードスター_募集新株予約権(無償ストック・オプション)の発行内容確定に関するお知らせ.pdf
   ✅ 保存: 3896_1700_阿波製紙_特別利益(補助金収入)の計上および業績予想の修正に関するお知らせ.pdf
   ✅ 保存: 4371_1700_G-CCT_シグマクシス・ホールディングス社による当社株式の取得に関する開示について.pdf
   ✅ 保存: 4920_1700_日本色材_2026年2月期 決算短信〔日本基準〕(連結).pdf
   ✅ 保存: 4920_1700_日本色材_譲渡制限付株式報酬制度の導入に関するお知らせ.pdf
   ✅ 保存: 5025_1700_G-マーキュリー_業績予想の修正に関するお知らせ.pdf
   ✅ 保存: 6209_1700_リケンNPR_国内の素形材事業の一部生産終了に関するお知らせ.pdf
   ✅ 保存: 6209_1700_リケンNPR_子会社であるRCA社によるHastings Holding Corp.株式の取得について.pdf
   ✅ 保存: 6342_1700_太平製作所_取締役の個別報酬における決定プロセスの改定に関するお知らせ.pdf
   ✅ 保存: 8289_1700_OlympicG_減損損失の計上及び業績予想と実績との差異に関するお知らせ.pdf
   ✅ 保存: 8289_1700_OlympicG_2026年2月期 決算短信〔日本基準〕(連結).pdf
   ✅ 保存: 8518_1700_アジア投資_2025年第2回新株予約権(行使価額修正条項付)の大量行使に関するお知らせ.pdf
   ✅ 保存: 9284_1700_I-カナディアンソラ_運用資産における発電停止に関するお知らせ.pdf
   ✅ 保存: 9517_1700_イーレックス_役員人事に関するお知らせ.pdf
   ✅ 保存: 3823_1645_WHY HOW DO_第2回無担保普通社債の発行に係る払込完了に関するお知らせ.pdf
   ✅ 保存: 3823_1645_WHY HOW DO_第三者割当による第16回新株予約権(行使価額修正条項付)、第17回乃至第19回新株予約権の発行に係る払込完了に関するお知らせ.pdf
   ✅ 保存: 131A_1630_P-CCNグループ_自己株式の取得及び自己株式立会外買付取引(ToSTNeT-3)による自己株式の買付けに関するお知らせ.pdf
   ✅ 保存: 3260_1630_エスポア_2026年2月期決算短信発表の延期に関するお知らせ.pdf
   ✅ 保存: 464A_1630_G-QPSHD_2026年5月期 第3四半期 決算短信〔日本基準〕(連結).pdf
   ✅ 保存: 464A_1630_G-QPSHD_業績予想修正に関するお知らせ.pdf
   ✅ 保存: 464A_1630_G-QPSHD_営業外収益及び営業外費用の計上に関するお知らせ.pdf
   ✅ 保存: 464A_1630_G-QPSHD_2026年5月期第3四半期決算説明資料.pdf
   ✅ 保存: 490A_1630_P-センス・トラスト_販売用不動産の取得に関するお知らせ.pdf
   ✅ 保存: 6200_1630_インソース_組織変更及び人事異動に関するお知らせ.pdf
   ✅ 保存: 7049_1630_G-識学_2026年2月期決算短信〔日本基準〕(連結).pdf
   ✅ 保存: 7049_1630_G-識学_2026年2月期通期決算説明資料.pdf
   ✅ 保存: 7815_1630_東京ボード工業_2026年2月期決算発表の延期に関するお知らせ.pdf
   ✅ 保存: 8107_1630_キムラタン_(開示事項の中止)「不動産の売却に関するお知らせ」の中止に関するお知らせ.pdf
   ✅ 保存: 2687_1615_CVSベイ_2026年2月期 決算短信〔日本基準〕(連結).pdf
   ✅ 保存: 5578_1605_G-ARアドバンスト_2026年8月期第2四半期 決算説明資料.pdf
   ✅ 保存: 1401_1600_G-エムビーエス_2026年5月期第3四半期決算短信〔日本基準〕(非連結).pdf
   ✅ 保存: 2124_1600_JAC_当社取締役に対する譲渡制限付株式報酬としての自己株式の処分の払込完了に関するお知らせ.pdf
   ✅ 保存: 2736_1600_フェスタリアHD_【フェスタリアHD】国内事業月次売上速報(3月速報).pdf
   ✅ 保存: 2736_1600_フェスタリアHD_2026年8月期 第2四半期(中間期)決算短信〔日本基準〕(連結).pdf
   ✅ 保存: 2736_1600_フェスタリアHD_2026年8月期 第2四半期(中間期)連結業績予想と実績値との差異に関するお知らせ.pdf
   ✅ 保存: 3063_1600_G-jGroup_2026年2月期決算説明資料.pdf
   ✅ 保存: 3063_1600_G-jGroup_(訂正・数値データ訂正)「2026年2月期決算短信〔日本基準〕(連結)」の一部訂正について.pdf
   ✅ 保存: 3080_1600_ジェーソン_2026年2月期 決算短信〔日本基準〕(連結).pdf
   ✅ 保存: 3080_1600_ジェーソン_2026年2月期 決算説明資料.pdf
   ✅ 保存: 3121_1600_マーチャント_国際財務報告基準(IFRS 会計基準)の任意適用に関するお知らせ.pdf
   ✅ 保存: 323A_1600_G-フライヤー_2026年2月期決算短信〔日本基準〕(連結).pdf
   ✅ 保存: 323A_1600_G-フライヤー_2026年2月期通期 決算説明資料.pdf
   ✅ 保存: 3276_1600_JPMC_2026年12月期 3月度月次情報.pdf
   ✅ 保存: 3679_1600_じげん_個別決算における営業外収益の計上に関するお知らせ.pdf
   ✅ 保存: 373A_1600_G-リップス_2026年8月期 第2四半期決算説明資料.pdf
   ✅ 保存: 373A_1600_G-リップス_株主優待制度の詳細決定に関するお知らせ.pdf
   ✅ 保存: 373A_1600_G-リップス_2026年8月期 第2四半期(中間期)決算短信〔日本基準〕(非連結).pdf
   ✅ 保存: 3907_1600_シリコンスタジオ_2026年11月期 第1四半期決算補足説明資料.pdf
   ✅ 保存: 3907_1600_シリコンスタジオ_2026年11月期 第1四半期決算短信〔日本基準〕(非連結).pdf
   ✅ 保存: 3907_1600_シリコンスタジオ_受注損失引当金繰入額の計上に関するお知らせ.pdf
   ✅ 保存: 4199_1600_G-ワンプラ_2026年8月期 第2四半期(中間期)決算短信〔日本基準〕(非連結).pdf
   ✅ 保存: 4199_1600_G-ワンプラ_2026年8月期 第2四半期決算説明資料.pdf
   ✅ 保存: 4199_1600_G-ワンプラ_特別損失(減損損失)の計上に関するお知らせ.pdf
   ✅ 保存: 4820_1600_EMシステムズ_譲渡制限付株式報酬としての自己株式の処分に関するお知らせ.pdf
   ✅ 保存: 4829_1600_日本エンタープライズ_2026年5月期 第3四半期決算説明資料.pdf
   ✅ 保存: 5022_1600_P-レボインター_営業外収益(補助金収入)の計上に関するお知らせ.pdf
   ✅ 保存: 505A_1600_ギークリー_コミットメントライン契約締結に関するお知らせ.pdf
   ✅ 保存: 505A_1600_ギークリー_2026年5月期配当予想の修正(上場記念配当)に関するお知らせ.pdf
   ✅ 保存: 505A_1600_ギークリー_2026年5月期 第3四半期決算短信〔日本基準〕(非連結).pdf
   ✅ 保存: 5246_1600_G-ELEMENTS_2026年11月期 第1四半期決算短信〔日本基準〕(連結).pdf
   ✅ 保存: 5246_1600_G-ELEMENTS_2026年11月期 第1四半期決算説明資料.pdf
   ✅ 保存: 5246_1600_G-ELEMENTS_2026年11月期第1四半期決算において想定されるご質問への回答について.pdf
   ✅ 保存: 5578_1600_G-ARアドバンスト_2026年8月期 第2四半期(中間期)決算短信〔日本基準〕(連結).pdf
   ✅ 保存: 5578_1600_G-ARアドバンスト_2026年8月期第2四半期(中間期)連結業績予想と実績との差異及び通期連結業績予想の修正に関するお知らせ.pdf
   ✅ 保存: 5856_1600_エルアイイーエイチ_(修正)株主による臨時株主総会招集請求の修正に関するお知らせ.pdf
   ✅ 保存: 5892_1600_G-yutori_株式会社heart relationの全株式の取得(完全子会社化)に関するお知らせ及び第三者割当による新株式の発行に関するお知らせ.pdf
   ✅ 保存: 5892_1600_G-yutori_資金の借入に関するお知らせ.pdf
   ✅ 保存: 6088_1600_シグマクシスHD_当社による株式会社コアコンセプト・テクノロジー(証券コード4371)株式の取得について.pdf
   ✅ 保存: 6195_1600_G-ホープ_連結子会社の吸収合併に関するお知らせ.pdf
   ✅ 保存: 6419_1600_マースグループHD_業績予想の修正に関するお知らせ.pdf
   ✅ 保存: 7524_1600_マルシェ_2026年3月度の月次料飲売上状況について.pdf
   ✅ 保存: 7585_1600_かんなん_2026年6月期 月次売上状況について(3月度).pdf
   ✅ 保存: 7865_1600_ピープル_ピープル株式会社 2027年1月期3月度 月次業績ハイライト.pdf
   ✅ 保存: 9331_1600_G-キャスター_2026年8月期 第2四半期(中間期)決算短信〔日本基準〕(連結).pdf
   ✅ 保存: 9331_1600_G-キャスター_2026年8月期 第2四半期(中間期)決算説明資料.pdf
   ✅ 保存: 9418_1600_U-NEXT_2026年8月期 第2四半期(中間期)決算短信[日本基準](連結).pdf
   ✅ 保存: 9418_1600_U-NEXT_2026年8月期 第2四半期決算説明資料.pdf
   ✅ 保存: 9418_1600_U-NEXT_剰余金の配当に関するお知らせ.pdf
   ✅ 保存: 9661_1600_歌舞伎_2026年2月期 通期連結業績予想と実績との差異に関するお知らせ.pdf
   ✅ 保存: 9661_1600_歌舞伎_2026年2月期決算短信〔日本基準〕(連結).pdf
   ✅ 保存: 2282_1540_日ハム_自己株式の消却に関するお知らせ.pdf
   ✅ 保存: 5216_1540_倉元_事業再生ADR再生計画に基づく債務の完済及び事業再生ADR手続の終結に関するお知らせ.pdf
   ✅ 保存: 6159_1540_ミクロン精密_2026年8月期 第2四半期(中間期)決算短信〔日本基準〕(連結).pdf
   ✅ 保存: 6159_1540_ミクロン精密_2026年8月期第2四半期(中間期)業績予想と実績値との差異に関するお知らせ.pdf
   ✅ 保存: 6676_1540_BUFFALO_通期連結業績予想の修正に関するお知らせ.pdf
   ✅ 保存: 6676_1540_BUFFALO_執行役員に対する譲渡制限付株式としての自己株式の処分に関するお知らせ.pdf
   ✅ 保存: 8141_1535_新光商_通期連結業績予想及び期末配当予想の修正に関するお知らせ.pdf
   ✅ 保存: 9235_1535_G-売れるネットG_売上3億円・譲受後実力収益力0.9億円のコールセンター&BPO事業会社「株式会社Step y’s」子会社化で今期売上取込は約9.5億円に到達.pdf
   ✅ 保存: 5250_1531_GMOプライム_2026年12月期 第1四半期決算短信〔日本基準〕(連結).pdf
   ✅ 保存: 5250_1531_GMOプライム_決算期(事業年度の末日)の変更に伴う通期業績予想の修正に関するお知らせ.pdf
   ✅ 保存: 5250_1531_GMOプライム_2026年12月期 第1四半期決算説明資料.pdf
   ✅ 保存: 130A_1530_G-VIS_武田薬品とのmRNA標的低分子医薬品共同創薬研究の終了に関するお知らせ.pdf
   ✅ 保存: 1434_1530_JESCO HD_2026年8月期 第2四半期(中間期) 決算短信〔日本基準〕(連結).pdf
   ✅ 保存: 198A_1530_G-ポストプライム_2026年5月期第3四半期 決算説明資料.pdf
   ...Page 002 を確認中
   ✅ 保存: 198A_1530_G-ポストプライム_2026年5月期第3四半期決算短信〔日本基準〕(連結).pdf
   ✅ 保存: 202A_1530_G-豆蔵_当社株式の上場廃止に関するお知らせ.pdf
   ✅ 保存: 2153_1530_イージェイHD_2026年5月期 第3四半期決算短信〔日本基準〕(連結).pdf
   ✅ 保存: 2186_1530_ソーバル_2026年2月期決算短信〔日本基準〕(連結).pdf
   ✅ 保存: 2186_1530_ソーバル_株主優待内容の拡充に関するお知らせ.pdf
   ✅ 保存: 2186_1530_ソーバル_取締役候補者及び補欠監査役候補者の選任に関するお知らせ.pdf
   ✅ 保存: 2286_1530_林兼産_役員の異動に関するお知らせ.pdf
   ✅ 保存: 2437_1530_シンワワイズ_2026年5月期 第3四半期決算短信〔日本基準〕(連結).pdf
   ✅ 保存: 2437_1530_シンワワイズ_株主優待制度の変更に関するお知らせ.pdf
   ✅ 保存: 2462_1530_ライク_2026年5月期 第3四半期決算短信〔日本基準〕(連結).pdf
   ✅ 保存: 2462_1530_ライク_株主優待制度の変更に関するお知らせ.pdf
   ✅ 保存: 2485_1530_ティア_会社分割(吸収分割)による子会社への事業承継に関する.pdf
   ✅ 保存: 2497_1530_G-UNITED_連結子会社の異動(株式譲渡による持分法適用関連会社への異動)に関するお知らせ.pdf
   ✅ 保存: 2656_1530_ベクターHD_通期連結業績予想の修正並びに営業外費用及び特別損益の計上に関するお知らせ.pdf
   ✅ 保存: 276A_1530_G-ククレブ_2026年8月期第2四半期(中間期)決算短信〔日本基準〕(連結).pdf
   ✅ 保存: 276A_1530_G-ククレブ_業績予想の上方修正に関するお知らせ.pdf
   ✅ 保存: 276A_1530_G-ククレブ_2026年8月期第2四半期 決算説明資料.pdf
   ✅ 保存: 276A_1530_G-ククレブ_販売用不動産の売却に関するお知らせ.pdf
   ✅ 保存: 276A_1530_G-ククレブ_株式会社ココペリとの業務提携に関するお知らせ.pdf
   ✅ 保存: 2789_1530_カルラ_監査役の辞任及び補欠監査役の監査役就任に関するお知らせ.pdf
   ✅ 保存: 3030_1530_ハブ_2026年2月期決算短信〔日本基準〕(非連結).pdf
   ✅ 保存: 3030_1530_ハブ_2026年2月期決算補足説明資料.pdf
   ✅ 保存: 3030_1530_ハブ_通期業績予想と実績値との差異及び配当予想の修正(特別配当)に関するお知らせ.pdf
   ✅ 保存: 3075_1530_銚子丸_2026年2月期 決算短信[日本基準](非連結).pdf
   ✅ 保存: 3111_1530_オーミケンシ_2026年3月期決算発表の延期に関するお知らせ.pdf
   ✅ 保存: 3111_1530_オーミケンシ_(開示事項の経過)サイバー攻撃によるシステム障害についてのお知らせ.pdf
   ✅ 保存: 3160_1530_大光_月次売上高及び前年比についてのお知らせ.pdf
   ✅ 保存: 3168_1530_MERF_2026年8月期第2四半期(中間期)決算短信〔日本基準〕(連結).pdf
   ✅ 保存: 3190_1530_ホットマン_監査役辞任および監査役候補者選任に関するお知らせ.pdf
   ✅ 保存: 3236_1530_プロパスト_2026年5月期第3四半期決算短信〔日本基準〕(連結).pdf
   ✅ 保存: 3236_1530_プロパスト_連結決算への移行に伴う連結業績予想の公表及び個別業績予想の修正(取り下げ)に関するお知らせ.pdf
   ✅ 保存: 3281_1530_R-GLP_分配金の除斥期間経過に関するお知らせ.pdf
   ✅ 保存: 3281_1530_R-GLP_規約一部変更及び役員選任に関するお知らせ.pdf
   ✅ 保存: 3281_1530_R-GLP_自己投資口取得及び消却に係る事項の決定に関するお知らせ.pdf
   ✅ 保存: 3281_1530_R-GLP_2026年2月期(第28期) 決算説明資料.pdf
   ✅ 保存: 3281_1530_R-GLP_2026 年2 月期 決算短信(REIT).pdf
   ✅ 保存: 3349_1530_コスモス薬品_2026年5月期 第3四半期決算短信〔日本基準〕(連結).pdf
   ✅ 保存: 3350_1530_メタプラネット_MPJPY(スポンサー付きレベル1ADR(米国預託証券)プログラム)に係る 発行手数料無料期間の設定に関するお知らせ.pdf
   ✅ 保存: 340A_1530_G-ジグザグ_2026年5月期 第3四半期決算短信〔日本基準〕(非連結).pdf
   ✅ 保存: 340A_1530_G-ジグザグ_2026年5月期第3四半期決算説明資料.pdf
   ✅ 保存: 340A_1530_G-ジグザグ_2026年5月期第3四半期決算説明資料文字おこし.pdf
   ✅ 保存: 3562_1530_No.1_2026年2月期 決算短信〔日本基準〕(連結).pdf
   ✅ 保存: 3562_1530_No.1_2026年2月期連結業績予想値と実績値との差異に関するお知らせ.pdf
   ✅ 保存: 3562_1530_No.1_2026年2月期 決算説明資料.pdf
   ✅ 保存: 3562_1530_No.1_剰余金の配当に関するお知らせ.pdf
   ✅ 保存: 3562_1530_No.1_連結子会社からの配当金受領に関するお知らせ.pdf
   ✅ 保存: 3612_1530_ワールド_上場廃止となった子会社(株式会社ライトオン)に関する決算開示について.pdf
   ✅ 保存: 3623_1530_G-BS_譲渡制限付株式報酬としての自己株式処分の払込完了に関するお知らせ.pdf
   ✅ 保存: 3678_1530_メディアドゥ_2026年2月期 決算短信〔日本基準〕(連結).pdf
   ✅ 保存: 3678_1530_メディアドゥ_取締役候補者、監査役候補者の選任及び執行体制に関するお知らせ.pdf
   ✅ 保存: 3760_1530_ケイブ_2026年5月期第3四半期決算短信〔日本基準〕(連結).pdf
   ✅ 保存: 3760_1530_ケイブ_株主優待制度の一部変更に関するお知らせ.pdf
   ✅ 保存: 3760_1530_ケイブ_特別損失(事業撤退損)の計上及び営業外収益(保険解約返戻金)の発生に関するお知らせ.pdf
   ✅ 保存: 3760_1530_ケイブ_通期業績予想の公表及び配当予想の修正(無配)に関するお知らせ.pdf
   ✅ 保存: 3760_1530_ケイブ_第三者割当による新株式発行に関するお知らせ.pdf
   ✅ 保存: 3922_1530_PRTIMES_2026年2月期 決算短信〔日本基準〕(連結).pdf
   ✅ 保存: 3922_1530_PRTIMES_配当予想の修正(増配)に関するお知らせ.pdf
   ✅ 保存: 3922_1530_PRTIMES_2025年度 通期決算説明資料.pdf
   ✅ 保存: 3922_1530_PRTIMES_Milestone 2030 中期経営目標説明資料.pdf
   ✅ 保存: 3996_1530_サインポスト_2026年2月期 決算短信〔日本基準〕(非連結).pdf
   ✅ 保存: 3996_1530_サインポスト_2026年2月期通期業績予想と実績値との差異に関するお知らせ.pdf
   ✅ 保存: 4017_1530_G-クリーマ_会計監査人の異動に関するお知らせ.pdf
   ✅ 保存: 4017_1530_G-クリーマ_資本準備金の額の減少及び剰余金の処分に関するお知らせ.pdf
   ✅ 保存: 4167_1530_G-ココペリ_ククレブ・アドバイザーズ株式会社との業務提携に関するお知らせ.pdf
   ✅ 保存: 4176_1530_G-ココナラ_2026年8月期 第2四半期(中間期)決算短信〔日本基準〕(連結).pdf
   ✅ 保存: 4176_1530_G-ココナラ_2026年8月期第2四半期決算説明資料.pdf
   ✅ 保存: 4206_1530_アイカ工_(開示事項の経過)インドStylam Industries Limitedへの公開買付け実施に向けた進捗状況のお知らせ.pdf
   ✅ 保存: 4397_1530_G-チームスピリット_2026年8月期 第2四半期(中間期)決算短信〔日本基準〕(連結).pdf
   ✅ 保存: 4397_1530_G-チームスピリット_2026年8月期 第2四半期決算説明資料.pdf
   ✅ 保存: 4434_1530_サーバーワークス_中東情勢の緊迫化に伴う当社グループへの影響のお知らせ.pdf
   ✅ 保存: 4449_1530_ギフティ_現下の中東情勢による当社の事業及び業績への影響に関するお知らせ.pdf
   ✅ 保存: 446A_1530_G-ノースサンド_AIの進化に関する当社の見解.pdf
   ✅ 保存: 4530_1530_久光薬_2026年2月期 決算短信〔日本基準〕(連結).pdf
   ✅ 保存: 4530_1530_久光薬_役員人事.pdf
   ✅ 保存: 463A_1530_インテリックスHD_2026年5月期 第3四半期決算短信〔日本基準〕(連結).pdf
   ✅ 保存: 463A_1530_インテリックスHD_2026年5月期 第3四半期 決算説明資料.pdf
   ✅ 保存: 5034_1530_G-unerry_本社移転及び定款一部変更に関するお知らせ.pdf
   ✅ 保存: 542A_1530_G-ビタブリッドJ_2026年2月期決算短信〔日本基準〕(非連結).pdf
   ✅ 保存: 542A_1530_G-ビタブリッドJ_2026年2月期 決算説明資料.pdf
   ✅ 保存: 547A_1530_ムニノバHD_臨時株主総会招集のための基準日設定に関するお知らせ.pdf
   ✅ 保存: 5967_1530_TONE_2026年5月期 第3四半期決算短信〔日本基準〕(連結).pdf
   ✅ 保存: 6182_1530_G-メタリアル_(開示事項の経過)連結子会社である株式会社ロゼッタにおける重要な新機能開発に関するお知らせ-エージェンティックAI搭載により、ほぼ完全自動翻訳を実現-.pdf
   ✅ 保存: 6266_1530_タツモ_譲渡制限付株式報酬としての自己株式の処分に関するお知らせ.pdf
   ✅ 保存: 6505_1530_東洋電_2026年5月期 第3四半期決算短信〔日本基準〕(連結).pdf
   ✅ 保存: 6634_1530_JNグループ_2026年11月期第1四半期決算短信〔日本基準〕(連結).pdf
   ✅ 保存: 6634_1530_JNグループ_営業外費用の計上に関するお知らせ.pdf
   ✅ 保存: 6835_1530_アライドHD_自己株式の取得状況および取得終了に関するお知らせ.pdf
   ✅ 保存: 6838_1530_多摩川HD_第三者割当により発行された第16回新株予約権(行使価額修正選択権付)の大量行使に関するお知らせ.pdf
   ✅ 保存: 7085_1530_カーブスHD_連結子会社からの配当金受領に関するお知らせ.pdf
   ✅ 保存: 7085_1530_カーブスHD_新株予約権(有償ストック・オプション及び税制適格ストック・オプション)の発行に関するお知らせ.pdf
   ✅ 保存: 7085_1530_カーブスHD_株主優待制度の変更(拡充)及びチェーン創設20 周年記念特別優待実施に関するお知らせ.pdf
   ✅ 保存: 7085_1530_カーブスHD_通期業績予想の修正(上方修正)及び配当予想の修正(記念配当増配)に関するお知らせ.pdf
   ✅ 保存: 7085_1530_カーブスHD_2026年8月期第2四半期(中間期)決算補足説明資料.pdf
   ✅ 保存: 7085_1530_カーブスHD_2026年8月期第2四半期(中間期)決算短信〔日本基準〕(連結).pdf
   ✅ 保存: 7370_1530_G-Enjin_2026年5月期 第3四半期決算短信〔日本基準〕(連結).pdf
   ✅ 保存: 7370_1530_G-Enjin_2026年5月期 第3四半期決算説明資料.pdf
   ✅ 保存: 7370_1530_G-Enjin_業績予想の修正に関するお知らせ.pdf
   ✅ 保存: 7370_1530_G-Enjin_自己株式の取得状況に関するお知らせ.pdf
   ✅ 保存: 7370_1530_G-Enjin_2026年5月期 月次売上(3月度)のお知らせ.pdf
   ✅ 保存: 7516_1530_コーナン商_2026年2月期 決算短信〔日本基準〕(連結).pdf
   ...Page 003 を確認中
   ✅ 保存: 7516_1530_コーナン商_2026年2月期 決算説明会資料.pdf
   ✅ 保存: 7599_1530_IDOM_2026年2月期 決算短信〔日本基準〕(連結).pdf
   ✅ 保存: 7599_1530_IDOM_剰余金の配当に関するお知らせ.pdf
   ✅ 保存: 7928_1530_旭化学_2026年8月期第2四半期(中間期)業績予想と実績値との差異及び通期業績予想の修正に関するお知らせ.pdf
   ✅ 保存: 7928_1530_旭化学_2026年8月期 第2四半期(中間期)決算短信〔日本基準〕(連結).pdf
   ✅ 保存: 7928_1530_旭化学_2026年8月期第2四半期 決算説明資料.pdf
   ✅ 保存: 7972_1530_イトーキ_譲渡制限付株式報酬としての自己株式処分に関するお知らせ.pdf
   ✅ 保存: 8181_1530_東天紅_2026年2月期 決算短信[日本基準](非連結).pdf
   ✅ 保存: 8181_1530_東天紅_繰延税金資産の計上及び通期業績予想と実績値との差異に関するお知らせ.pdf
   ✅ 保存: 8254_1530_さいか屋_第三者割当により発行された第1回新株予約権(行使価額修正条項付)の大量行使に関するお知らせ.pdf
   ✅ 保存: 8563_1530_大東銀_第7次中期経営計画の策定について.pdf
   ✅ 保存: 8591_1530_オリックス_筑波リース株式会社の会社分割(簡易吸収分割)に関するお知らせ.pdf
   ✅ 保存: 8766_1530_東京海上_Berkshire Hathaway Inc.傘下の主要保険会社National Indemnity Company に対する第三者割当による自己株式の処分の払込完了に関するお知らせ.pdf
   ✅ 保存: 8798_1530_アドバンスクリエイト_脳科学×生成AIがビジネスモデルを変える~次世代のマーケティング手法により営業KPIが向上~.pdf
   ✅ 保存: 9168_1530_G-ライズ_剰余金の配当に関するお知らせ.pdf
   ✅ 保存: 9168_1530_G-ライズ_連結子会社の増資(特定子会社化)に関するお知らせ.pdf
   ✅ 保存: 9168_1530_G-ライズ_代表取締役の異動に関するお知らせ.pdf
   ✅ 保存: 9168_1530_G-ライズ_2026年2月期 決算短信〔IFRS〕(連結).pdf
   ✅ 保存: 9168_1530_G-ライズ_2026年2月期 通期決算説明会資料.pdf
   ✅ 保存: 9235_1530_G-売れるネットG_コールセンターおよびBPO事業会社「株式会社Step y’s」株式取得(子会社化)に関する基本合意書締結のお知らせ.pdf
   ✅ 保存: 9264_1530_ポエック_2026年8月期 第2四半期(中間期)決算短信〔日本基準〕(連結).pdf
   ✅ 保存: 9278_1530_ブックオフGHD_業績予想の修正に関するお知らせ.pdf
   ✅ 保存: 9278_1530_ブックオフGHD_2026年5月期 第3四半期決算短信〔日本基準〕(連結).pdf
   ✅ 保存: 9278_1530_ブックオフGHD_2026年5月期 第3四半期決算補足資料.pdf
   ✅ 保存: 9740_1530_CSP_2026年2月期 決算短信〔日本基準〕(連結).pdf
   ✅ 保存: 9740_1530_CSP_役員の異動に関するお知らせ.pdf
   ✅ 保存: 9793_1530_ダイセキ_定款の一部変更に関するお知らせ.pdf
   ✅ 保存: 9831_1530_ヤマダHD_2026年3月期 通期業績予想の修正に関するお知らせ.pdf
   ✅ 保存: 9846_1530_天満屋ス_2026年2月期 決算短信〔日本基準〕(連結).pdf
   ✅ 保存: 9846_1530_天満屋ス_配当予想の修正(増配)に関するお知らせ.pdf
   ✅ 保存: 9948_1530_アークス_2026年2月期 決算短信〔日本基準〕(連結).pdf
   ✅ 保存: 9948_1530_アークス_当社の役員異動等に関するお知らせ.pdf
   ✅ 保存: 9948_1530_アークス_(開示事項の変更)剰余金の配当(増配)に関するお知らせ.pdf
   ✅ 保存: 9948_1530_アークス_当社株式の大規模買付行為に関する対応方針(買収への対応方針)継続の件.pdf
   ✅ 保存: 3065_1515_ライフフーズ_2026年2月期決算短信〔日本基準〕(非連結).pdf
   ✅ 保存: 3065_1515_ライフフーズ_2026年2月期通期業績予想と実績値との差異に関するお知らせ.pdf
   ✅ 保存: 139A_1500_P-東日本地所_2026年8月期 中間決算短信〔日本基準〕(連結).pdf
   ✅ 保存: 152A_1500_P-オプティ_2026年2月期 決算短信〔日本基準〕(非連結).pdf
   ✅ 保存: 284A_1500_P-フクヤ建設_2026年8月期中間決算短信 〔日本基準〕(連結).pdf
   ✅ 保存: 3132_1500_マクニカHD_よくある質問と回答(2026年3月期第3四半期).pdf
   ✅ 保存: 3143_1500_オーウイル_連結子会社株式の追加取得による完全子会社化に関するお知らせ.pdf
   ✅ 保存: 6217_1500_津田駒工_令和8年11月期第1四半期決算短信[日本基準](連結).pdf
   ✅ 保存: 8095_1500_アステナHD_2026年11月期 第1四半期決算短信〔日本基準〕(連結).pdf
   ✅ 保存: 8167_1500_リテールパートナーズ_2026年2月期 決算短信[日本基準](連結).pdf
   ✅ 保存: 8167_1500_リテールパートナーズ_2026年2月期 決算参考資料.pdf
   ✅ 保存: 8167_1500_リテールパートナーズ_自己株式の取得に係る事項の決定に関するお知らせ.pdf
   ✅ 保存: 9663_1500_ナガワ_投資単位の引下げに関する考え方および方針等について.pdf
   ✅ 保存: 9259_1430_G-タカヨシHD_新規事業本部の創設および取締役の管掌変更に関するお知らせ.pdf
   ✅ 保存: 1419_1400_タマホーム_2026年5月期第3四半期 決算説明会(テレフォンカンファレンス)に関する質疑応答概要の公開について.pdf
   ✅ 保存: 2991_1400_ランドネット_2026年3月度 月次業績速報.pdf
   ✅ 保存: 6547_1400_グリーンズ_出店計画に関するお知らせ(大分県大分市).pdf
   ✅ 保存: 6547_1400_グリーンズ_出店計画に関するお知らせ(北海道旭川市).pdf
   ✅ 保存: 7937_1400_ツツミ_配当予想の修正(増配)に関するお知らせ.pdf
   ✅ 保存: 8387_1400_四国銀_中期経営計画の策定.pdf
   ✅ 保存: 8387_1400_四国銀_株主還元方針の変更に関するお知らせ.pdf
   ✅ 保存: 9519_1400_レノバ_2026 年3 月売電量のお知らせ.pdf
   ✅ 保存: 9982_1400_タキヒヨー_2026年2月期 決算短信〔日本基準〕(連結).pdf
   ✅ 保存: 9982_1400_タキヒヨー_定款一部変更(事業目的の追加)に関するお知らせ.pdf
   ✅ 保存: 9982_1400_タキヒヨー_取締役の異動に関するお知らせ.pdf
   ✅ 保存: 9982_1400_タキヒヨー_株主提案に対する当社取締役会意見に関するお知らせ.pdf
   ✅ 保存: 9444_1350_トーシンHD_仮監査役(一時監査役職務代行者)の選任に関するお知らせ.pdf
   ✅ 保存: 3649_1300_ファインデックス_譲渡制限付株式報酬としての自己株式処分の払込完了に関するお知らせ.pdf
   ✅ 保存: 7434_1300_オータケ_配当予想の修正に関するお知らせ.pdf
   ✅ 保存: 7434_1300_オータケ_2026年5月期 第3四半期決算短信〔日本基準〕(連結).pdf
   ✅ 保存: 9835_1300_ジュンテンド_(訂正)「2026年2月期本決算補足説明資料」の一部訂正に関するお知らせ.pdf
   ✅ 保存: 3778_1200_さくらインターネット_生成AI向け大口案件の受注に関するお知らせ.pdf
   ✅ 保存: 4440_1200_ヴィッツ_2026年8月期 第2四半期(中間期)決算短信〔日本基準〕(連結).pdf
   ✅ 保存: 1326_1140_E-ワールド_SPDRゴールド・シェアに関する日々の開示事項.pdf
   ✅ 保存: 4062_1140_イビデン_当社ウェブサイトにおける障害の発生について(第1報).pdf
   ✅ 保存: 4057_1130_G-インタファクトリ_2026年5月期 第3四半期決算短信〔日本基準〕(非連結).pdf
   ...Page 004 を確認中
   ✅ 保存: 6330_1130_洋エンジ_(訂正)「A種優先株式の普通株式への転換のお知らせ」の一部訂正について.pdf
   ✅ 保存: 3664_1100_G-WIZE_ソラナ(SOL)の取得状況に関するお知らせ.pdf
   ✅ 保存: 3608_1000_TSI HD_2026年2月期 通期決算説明会資料.pdf
   ✅ 保存: 2338_0900_クオンタムS_連結子会社によるグローバル産業投資ファンド設立に向けた基本合意書締結に関するお知らせ.pdf
   ✅ 保存: 4565_0830_ネクセラファーマ_当社提携先であるニューロクライン社による成人の統合失調症患者を対象としたNBI-1117570のフェーズ2試験における被験者投与開始のお知らせ.pdf
   ✅ 保存: 4596_0830_G-窪田製薬HD_「Kubota Glass」月額制サブスクリプションサービス開始のお知らせ.pdf
   ...Page 005 を確認中
   📝 一覧CSV保存: TDnet_Sorted_20260413.csv
   📝 一覧CSV保存（ルート）: TDnet_Sorted_20260413.csv
   📊 日別統計: page_access=5, pdf_success=276, excluded=38

============================================================
✅ ①完了（範囲取得）
   期間: 20260413 ～ 20260413 （mode=day）
   一覧ページアクセス合計: 5
   PDFダウンロード成功合計: 276
   除外件数合計: 38
   保存ルート: G:\マイドライブ\TDnet_Downloads
ルート: G:\マイドライブ\TDnet_Downloads
対象指定: 20260413 mode= day from= 20260413 to= 20260413
対象フォルダ数: 1
検索キーワード: ['価格交渉', '増産', '価格改定', '価格転嫁', '値上', '想定以上', '上方修正', '下方修正', '想定以下', '未達', '大幅', '計画を上', '計画を下', '計画以', '需要回復', '需要の回復', '需要が増', '需要が低', '悪化', 'グローバルニッチトップ', 'トップシェア', 'シェア拡大', 'レアアース']
総PDF数（推定）: 276
[1/1] 日付フォルダ 20260413 を処理中... (このフォルダ内PDF数: 276)
  進捗: 50/276 件のPDFを解析済み
  進捗: 100/276 件のPDFを解析済み
  進捗: 150/276 件のPDFを解析済み
  進捗: 200/276 件のPDFを解析済み
  進捗: 250/276 件のPDFを解析済み
  進捗: 276/276 件のPDFを解析済み
  → 日付フォルダ 20260413 のヒットPDF数: 90

✅ ②A 完了（解析専用・キーワード別ページ列）
解析PDF数: 276
ヒットPDF数: 90
出力CSV: Analysis_Hits_free_word_20260413.csv
保存先: G:\マイドライブ\TDnet_Downloads

✅ ②B 完了（配布用CSV作成・キーワード別ページ列）
出力: PDF_Search_Result_Distribution_free_word_20260413_sh.csv
キーワード列: ['価格交渉', '増産', '価格改定', '価格転嫁', '値上', '想定以上', '上方修正', '下方修正', '想定以下', '未達', '大幅', '計画を上', '計画を下', '計画以', '需要回復', '需要の回復', '需要が増', '需要が低', '悪化', 'グローバルニッチトップ', 'トップシェア', 'シェア拡大', 'レアアース']
突合除外件数: 0
空欄アラート件数: 0
