🎯 対象指定: 20260415（mode=day, from=20260415, to=20260415）
📁 保存ルート: G:\マイドライブ\TDnet_Downloads

============================================================
📅 日付: 20260415 を処理します
   ...Page 001 を確認中
   ✅ 保存: 4372_1915_G-ユミルリンク_(訂正)「譲渡制限付株式報酬としての自己株式の処分に関するお知らせ」の一部訂正について.pdf
   ✅ 保存: 3548_1900_バロック_(訂正)「2026 年2月期 通期 決算補足説明資料」の一部訂正に関するお知らせ.pdf
   ✅ 保存: 3548_1900_バロック_(訂正)「中期経営計画」の一部訂正に関するお知らせ.pdf
   ✅ 保存: 7077_1830_G-ALiNK_(訂正)代表取締役の異動に関するお知らせ.pdf
   ✅ 保存: 7077_1830_G-ALiNK_(訂正)2026年2月期通期業績予想と実績値の差異及び特別損失の計上に関するお知らせ.pdf
   ✅ 保存: 7077_1830_G-ALiNK_(訂正)2026年2月期 決算短信〔日本基準〕(連結)の一部訂正について.pdf
   ✅ 保存: 1445_1800_P-ひかりHD_2026年8月期 中間決算短信〔日本基準〕(連結).pdf
   ✅ 保存: 2667_1800_イメージワン_(訂正)「資本金及び資本準備金の額の減少並びに剰余金の処分に関するお知らせ」の一部訂正について.pdf
   ✅ 保存: 4288_1800_アズジェント_上場維持基準への適合及び当社株式の監理銘柄(確認中)指定解除に関するお知らせ.pdf
   ✅ 保存: 433A_1740_P-MJE_通期業績予想の修正に関するお知らせ.pdf
   ✅ 保存: 9073_1740_京極運輸_上場維持基準への適合および当社株式の監理銘柄(確認中)指定解除に関するお知らせ.pdf
   ✅ 保存: 4598_1735_G-DELTA-P_DFP-17729の臨床第2_3相比較試験の進捗状況に関するお知らせ.pdf
   ✅ 保存: 4923_1730_COTA_サイバー攻撃によるシステム障害発生のお知らせ(第3報).pdf
   ✅ 保存: 7255_1705_桜井製作_当社株式の上場廃止の決定及び整理銘柄の指定に関するお知らせ.pdf
   ✅ 保存: 226A_1700_P-勝美ジャパン_(変更)「子会社の設立に関するお知らせ」の一部変更について.pdf
   ✅ 保存: 2814_1700_佐藤食品_上場維持基準への適合及び当社株式の監理銘柄(確認中)指定解除に関するお知らせ.pdf
   ✅ 保存: 3195_1700_G-ジェネパ_東京証券取引所スタンダード市場への市場区分変更申請に関するお知らせ.pdf
   ✅ 保存: 326A_1700_P-エアロラボ_通期連結業績予想の修正(下方修正)に関するお知らせ.pdf
   ✅ 保存: 3326_1700_ランシステム_上場維持基準への適合及び当社株式の監理銘柄(確認中)指定解除に関するお知らせ.pdf
   ✅ 保存: 3483_1700_P-翔栄_(開示事項の経過)販売用不動産の取得完了及び資金の借入に関するお知らせ.pdf
   ✅ 保存: 4310_1700_DI_剰余金の配当に関するお知らせ.pdf
   ✅ 保存: 4445_1700_G-リビンT_株式分割、株式分割に伴う定款の一部変更、自己株式取得に係る事項の一部変更および株主優待制度の変更に関するお知らせ.pdf
   ✅ 保存: 4755_1700_楽天グループ_当社取締役及び当社子会社従業員に対するストックオプション(新株予約権)の付与について.pdf
   ✅ 保存: 4755_1700_楽天グループ_当社の取締役で当社執行役員を兼務する者に対する退職時報酬型ストックオプション(新株予約権)の付与について.pdf
   ✅ 保存: 4892_1700_G-サイフューズ_新株予約権の取得及び消却並びに資金使途の変更に関する決定のお知らせ.pdf
   ✅ 保存: 527A_1700_P-NOSESHOP_臨時株主総会招集のための基準日設定及び臨時株主総会の開催並びに付議議案の決定に関するお知らせ.pdf
   ✅ 保存: 5856_1700_エルアイイーエイチ_臨時株主総会付議議案の決定および定款一部変更に関するお知らせ.pdf
   ✅ 保存: 7059_1700_コプロHD_(訂正)2026 年 3 月度 在籍技術者数、稼働技術者数・稼働率の月次開示に関するお知らせ.pdf
   ✅ 保存: 7345_1700_G-アイパートナーズ_重要な経営指標の推移に関するお知らせ.pdf
   ✅ 保存: 7946_1700_光陽社_東京証券取引所における当社株式の上場廃止の決定及び整理銘柄の指定に関するお知らせ.pdf
   ✅ 保存: 9249_1700_日本エコシステム_札幌証券取引所本則市場への重複上場承認に関するお知らせ.pdf
   ✅ 保存: 7602_1650_レダックス_上場維持基準への適合及び当社株式の監理銘柄(確認中)指定解除に関するお知らせ.pdf
   ✅ 保存: 8604_1650_野村_自己株式の取得結果および取得終了に関するお知らせ.pdf
   ✅ 保存: 4619_1645_日特塗料_社外取締役候補者の選任及び退任役員に関するお知らせ.pdf
   ✅ 保存: 6396_1645_宇野沢鉄_上場維持基準への適合及び当社株式の監理銘柄(確認中)指定解除に関するお知らせ.pdf
   ✅ 保存: 4840_1640_トライアイズ_中長期成長戦略「TRIiS2.0」発表のお知らせ.pdf
   ✅ 保存: 3153_1630_八洲電機_取締役候補者選任のお知らせ.pdf
   ✅ 保存: 3153_1630_八洲電機_自己株式の取得及び自己株式立会外買付取引(ToSTNeT-3)による自己株式の買付けに関するお知らせ.pdf
   ✅ 保存: 4565_1630_ネクセラファーマ_J-ESOP導入による新株式発行、RSU制度に基づく新株式発行および過年度のRSU制度に基づく新株式発行の発行価額等の決定に関するお知らせ.pdf
   ✅ 保存: 6142_1630_富士精工_自己株式立会外買付取引(N-NET3)による自己株式の取得結果及び自己株式取得終了ならびに自己株式の消却に関するお知らせ.pdf
   ✅ 保存: 6177_1630_G-AppBank_有償ストックオプション(第16回新株予約権)の発行に関するお知らせ.pdf
   ✅ 保存: 6548_1630_G-旅工房_「改善計画・状況報告書」の公表に関するお知らせ.pdf
   ✅ 保存: 6548_1630_G-旅工房_内部管理体制の強化に関するお知らせ.pdf
   ✅ 保存: 7185_1630_ヒロセ通商_2026年3月度 月次概況(速報)に関するお知らせ.pdf
   ✅ 保存: 7901_1630_マツモト_主要株主及び主要株主である筆頭株主の異動(予定)及び公開買付けに準ずる行為として政令で定める買集め行為に関するお知らせ.pdf
   ✅ 保存: 8001_1630_伊藤忠_JR東日本不動産株式会社と伊藤忠都市開発株式会社の吸収合併に関するお知らせ.pdf
   ✅ 保存: 8105_1630_BitcoinJPN_上場維持基準への適合及び当社株式の監理銘柄(確認中)指定解除に関するお知らせ.pdf
   ✅ 保存: 9020_1630_JR東_JR東日本不動産株式会社と伊藤忠都市開発株式会社の吸収合併に関するお知らせ.pdf
   ✅ 保存: 9433_1630_KDDI_連結子会社の増資(特定子会社化)に関するお知らせ.pdf
   ✅ 保存: 7985_1620_ネポン_東京証券取引所における当社株式の上場廃止の決定及び整理銘柄の指定に関するお知らせ.pdf
   ✅ 保存: 334A_1603_G-VPJ_株式分割および株式分割に伴う定款の一部変更に関するお知らせ.pdf
   ✅ 保存: 1783_1600_fantasista_第9回新株予約権の一部譲渡承認に関するお知らせ(Green Partners 有限責任事業組合に対する譲渡).pdf
   ✅ 保存: 1783_1600_fantasista_第9回新株予約権の一部譲渡承認に関するお知らせ(ABCキャピタル投資事業有限責任組合に対する譲渡).pdf
   ✅ 保存: 207A_1600_P-ライジング_(開示事項の経過)固定資産取得に伴う資金の借入 (コミットメント期間付きタームローン契約)に関するお知らせ.pdf
   ✅ 保存: 2134_1600_キタハマキャピタル_第三者割当による第15回新株予約権の発行及び第三者割当契約締結に関するお知らせ.pdf
   ✅ 保存: 2751_1600_テンポスHD_株式会社テンポスホールディングスによる株式会社明和製作所の完全子会社化に関する株式交換(簡易株式交換)のお知らせ.pdf
   ✅ 保存: 2884_1600_ヨシムラ・F・HD_2026年2月期 決算短信〔日本基準〕(連結).pdf
   ✅ 保存: 2884_1600_ヨシムラ・F・HD_2026年2月期決算説明及び中期経営計画.pdf
   ✅ 保存: 2884_1600_ヨシムラ・F・HD_通期連結業績予想値と実績値の差異に関するお知らせ.pdf
   ✅ 保存: 2884_1600_ヨシムラ・F・HD_株主優待制度の拡充に関するお知らせ.pdf
   ✅ 保存: 3121_1600_マーチャント_外部協力者に対する第三者割当による自己株式の処分の中止に関するお知らせ.pdf
   ✅ 保存: 3306_1600_日製麻_持株会社体制への移行に伴う分割準備会社設立に関するお知らせ.pdf
   ✅ 保存: 3648_1600_AGS_子会社の吸収合併(簡易合併・略式合併)に関するお知らせ.pdf
   ✅ 保存: 3648_1600_AGS_配当予想の修正(増配)に関するお知らせ.pdf
   ✅ 保存: 3648_1600_AGS_役員人事内定に関するお知らせ.pdf
   ✅ 保存: 3678_1600_メディアドゥ_2026年2月期 通期決算説明資料.pdf
   ✅ 保存: 3979_1600_G-うるる_2026年3月 月次IRレポート (NJSS月次情報含む).pdf
   ✅ 保存: 431A_1600_G-ユーソナー_譲渡制限付株式としての自己株式の処分に関するお知らせ.pdf
   ✅ 保存: 431A_1600_G-ユーソナー_従業員持株会に対する譲渡制限付株式としての自己株式処分に関するお知らせ.pdf
   ✅ 保存: 4666_1600_パーク24_2026年10月期 速報数値 3月度.pdf
   ✅ 保存: 4884_1600_G-クリングル_米国子会社への増資に関するお知らせ.pdf
   ✅ 保存: 5079_1600_ノバック_役員の異動に関するお知らせ.pdf
   ✅ 保存: 5834_1600_G-SBIリーシング_オペレーティング・リース事業ファンドへの立替出資のお知らせ.pdf
   ✅ 保存: 6561_1600_G-HANATOUR_九州営業所移転に関するお知らせ.pdf
   ✅ 保存: 7043_1600_G-アルー_2026年3月度 etudes月次KPI(速報)のお知らせ.pdf
   ✅ 保存: 7093_1600_G-アディッシュ_譲渡制限付株式報酬としての自己株式の処分に関するお知らせ.pdf
   ✅ 保存: 7136_1600_P-ウェルビンG_TOKYO PRO Market における当社株式の上場廃止申請に関するお知らせ.pdf
   ✅ 保存: 7136_1600_P-ウェルビンG_グループ内組織再編(吸収分割・新設分割)に関するお知らせ.pdf
   ✅ 保存: 7343_1600_G-ブロードマインド_通期連結業績予想の修正及び配当予想の修正(増配)に関するお知らせ.pdf
   ✅ 保存: 7624_1600_NaITO_役員の異動に関するお知らせ.pdf
   ✅ 保存: 7678_1600_あさくま_株式分割及び株式優待制度の実質的拡充に関するお知らせ.pdf
   ✅ 保存: 7725_1600_インターアクション_2026年5月期第3四半期決算説明会資料 (スピーチ原稿).pdf
   ✅ 保存: 7725_1600_インターアクション_2026年5月期第3四半期決算説明会 質疑応答(要旨).pdf
   ✅ 保存: 7984_1600_コクヨ_譲渡制限付株式報酬としての自己株式の処分の払込完了に関するお知らせ.pdf
   ✅ 保存: 9145_1600_ビーイングHD_当社グループ月次連結営業収益に関するお知らせ(2026年3月度 速報版).pdf
   ✅ 保存: 3195_1550_G-ジェネパ_2026年3月度月次売上高前年同月比についてのお知らせ.pdf
   ✅ 保存: 4014_1533_G-カラダノート_(開示事項の経過)株式会社FPOの株式取得(子会社化)の実行決定及び和解による訴訟終了に関するお知らせ.pdf
   ✅ 保存: 4014_1533_G-カラダノート_株式会社FPOのグループ化に伴うシナジーについてご説明補足資料.pdf
   ✅ 保存: 148A_1530_G-ハッチ・ワーク_有償ストック・オプション(新株予約権)の発行に関するお知らせ.pdf
   ✅ 保存: 1514_1530_住石HD_業績予想及び配当予想の修正に関するお知らせ.pdf
   ✅ 保存: 2127_1530_日本M&A_連結子会社の役員の異動等に関するお知らせ.pdf
   ✅ 保存: 2206_1530_グリコ_自己株式の取得状況に関するお知らせ.pdf
   ✅ 保存: 2206_1530_グリコ_連結子会社からの配当金受領に関するお知らせ.pdf
   ✅ 保存: 2334_1530_G-イオレ_募集新株予約権(有償ストック・オプション)の発行内容確定に関するお知らせ.pdf
   ✅ 保存: 2590_1530_DyDo_当社株式の大規模買付行為への対応策(買収への対応方針)の継続承認および独立委員会の委員選任に関するお知らせ.pdf
   ✅ 保存: 2590_1530_DyDo_譲渡制限付株式報酬としての自己株式の処分に関するお知らせ.pdf
   ...Page 002 を確認中
   ✅ 保存: 2656_1530_ベクターHD_当社に対する訴訟の一部取下げに関するお知らせ.pdf
   ✅ 保存: 2698_1530_キャンドゥ_(訂正・数値データ訂正)「2026年2月期 決算短信〔日本基準〕(連結)」の一部訂正について.pdf
   ✅ 保存: 291A_1530_G-リスキル_監査等委員会設置会社への移行、定款の一部変更及び役員の異動に関するお知らせ.pdf
   ✅ 保存: 2927_1530_AFC-HD_(開示内容の変更)連結子会社株式会社さいか屋の資本金および資本準備金の額の減少等の効力発生日の変更に関するお知らせ.pdf
   ✅ 保存: 2978_1530_G-ツクルバ_第三者割当による新株式発行に係る払込完了に関するお知らせ.pdf
   ✅ 保存: 3086_1530_Jフロント_2026年3月度 J.フロントリテイリング 連結売上収益報告(IFRS).pdf
   ✅ 保存: 3091_1530_ブロンコB_組織変更及び人事異動に関するお知らせ.pdf
   ✅ 保存: 3091_1530_ブロンコB_譲渡制限付株式報酬としての自己株式の処分に関するお知らせ.pdf
   ✅ 保存: 3135_1530_マーケットエンター_月次連結売上高(速報).pdf
   ✅ 保存: 3186_1530_ネクステージ_会社分割(簡易吸収分割)に関するお知らせ.pdf
   ✅ 保存: 3252_1530_地主_譲渡制限付株式報酬としての自己株式の処分の払込完了に関するお知らせ.pdf
   ✅ 保存: 338A_1530_G-Zenmu_譲渡制限付株式報酬としての新株式発行に関するお知らせ.pdf
   ✅ 保存: 3391_1530_ツルハHD_(開示事項の経過)イオン株式会社による当社株式に対する公開買付け後の株式取得の完了に関するお知らせ.pdf
   ✅ 保存: 339A_1530_G-プログレス_2026年2月期 決算説明会 プレゼンテーションスクリプト.pdf
   ✅ 保存: 3449_1530_テクノフレックス_業績予想の修正に関するお知らせ.pdf
   ✅ 保存: 3543_1530_コメダ_剰余金の配当に関するお知らせ.pdf
   ✅ 保存: 3565_1530_アセンテック_支配株主等に関する事項について.pdf
   ✅ 保存: 3673_1530_ブロドリーフ_譲渡制限付株式報酬としての自己株式の処分に関するお知らせ.pdf
   ✅ 保存: 401A_1530_R-霞ヶ関ホテル_借入金の期限前弁済に関するお知らせ.pdf
   ✅ 保存: 4250_1530_Q-フロンティア_2026年11月期 第1四半期決算短信〔日本基準〕(連結).pdf
   ✅ 保存: 428A_1530_サイプレスHD_フランチャイズ事業開始に関するお知らせ.pdf
   ✅ 保存: 4343_1530_イオンファン_2027年2月期 3月度の売上概況.pdf
   ✅ 保存: 4568_1530_第一三共_第一三共ヘルスケアの株式譲渡(連結子会社の異動)に関するお知らせ.pdf
   ✅ 保存: 4599_1530_G-ステムリム_再生誘導医薬レダセムチド(HMGB1ペプチド)における虚血性心筋症患者を対象とした第1_2相医師主導治験の患者組み入れ完了のお知らせ.pdf
   ✅ 保存: 4882_1530_G-ペルセウス_株式報酬型ストック・オプション(新株予約権)の発行に関するお知らせ.pdf
   ✅ 保存: 4891_1530_G-ティムス_ストック・オプションとしての新株予約権の発行に関するお知らせ.pdf
   ✅ 保存: 4911_1530_資生堂_完全子会社(資生堂インタラクティブビューティー株式会社)の 吸収合併(簡易合併・略式合併)に関するお知らせ.pdf
   ✅ 保存: 4911_1530_資生堂_完全子会社(資生堂クリエイティブ株式会社)の吸収合併(簡易合併・略式合併)に関するお知らせ.pdf
   ✅ 保存: 4972_1530_綜研化学_役員の異動に関するお知らせ.pdf
   ✅ 保存: 5013_1530_ユシロ_定款一部変更に関するお知らせ.pdf
   ✅ 保存: 5025_1530_G-マーキュリー_(訂正)「2026年2月期決算短信〔日本基準〕(非連結)」の一部訂正について.pdf
   ✅ 保存: 5074_1530_テスホールディングス_子会社による財務上の特約が付された金銭消費貸借契約の締結に関するお知らせ.pdf
   ✅ 保存: 6027_1530_弁護士ドットコム_資金の借入れに関するお知らせ.pdf
   ✅ 保存: 6027_1530_弁護士ドットコム_特別損失の計上に関するお知らせ.pdf
   ✅ 保存: 6042_1530_ニッキ_役員人事に関するお知らせ.pdf
   ✅ 保存: 6078_1530_バリューHR_募集新株予約権(有償ストック・オプション)の発行内容確定に関するお知らせ.pdf
   ✅ 保存: 6167_1530_冨士ダイス_代表取締役の異動(増員)及び取締役(監査等委員である取締役を除く。)候補者選任に関するお知らせ.pdf
   ✅ 保存: 6298_1530_ワイエイシイHD_株主提案権行使に係る書面の受領に関するお知らせ.pdf
   ✅ 保存: 6627_1530_テラプローブ_2026年12月期3度の月次連結売上高(速報)に関するお知らせ.pdf
   ✅ 保存: 6721_1530_ウインテスト_募集新株予約権(有償ストック・オプション)の発行に関するお知らせ.pdf
   ✅ 保存: 6866_1530_日置電_2026年12月期 第1四半期決算短信〔日本基準〕(連結).pdf
   ✅ 保存: 6890_1530_フェローテック_リストリクテッド・ストック・ユニット(RSU)としての自己株式処分に関するお知らせ.pdf
   ✅ 保存: 6923_1530_スタンレー電_(開示事項の変更)財務上の特約が付された金銭消費貸借契約の締結について.pdf
   ✅ 保存: 7038_1530_フロンティアM_譲渡制限付株式報酬としての新株発行に関するお知らせ.pdf
   ✅ 保存: 7317_1530_G-松屋R&D_受取配当金に関する営業外収益の計上に関するお知らせ.pdf
   ✅ 保存: 7515_1530_マルヨシセンター_2026年2月期決算短信〔日本基準〕(連結).pdf
   ✅ 保存: 7515_1530_マルヨシセンター_2026年2月期(2025年度) 決算補足資料.pdf
   ✅ 保存: 7515_1530_マルヨシセンター_業績予想と実績値との差異に関するお知らせ.pdf
   ✅ 保存: 7604_1530_梅の花グループ_連結子会社からの配当金受領に関するお知らせ.pdf
   ✅ 保存: 7649_1530_スギHD_スギホールディングス株式会社 2026年3月度 月次速報に関するお知らせ.pdf
   ✅ 保存: 7811_1530_中本パックス_(訂正・数値データ訂正)「2026年2月期 決算短信〔日本基準〕(連結)」の一部訂正に関するお知らせ.pdf
   ✅ 保存: 8001_1530_伊藤忠_日立建機株式会社の追加持分取得完了に関するお知らせ.pdf
   ✅ 保存: 8233_1530_高島屋_2026年3月度 高島屋営業報告.pdf
   ✅ 保存: 8242_1530_H2Oリテイル_投資有価証券の売却に伴う特別利益の計上額確定に関するお知らせ.pdf
   ✅ 保存: 8254_1530_さいか屋_(開示内容の変更)資本金および資本準備金の額の減少等の効力発生日の変更に関するお知らせ.pdf
   ✅ 保存: 8267_1530_イオン_(開示事項の経過)株式会社ツルハホールディングス(証券コード3391)に対する公開買付け後の株式取得の完了に関するお知らせ.pdf
   ✅ 保存: 8613_1530_丸三証_2026年3月期 決算速報値に関するお知らせ.pdf
   ✅ 保存: 8968_1530_R-福岡_2026年2月期 決算短信(REIT).pdf
   ✅ 保存: 8968_1530_R-福岡_福岡リート投資法人 第43期決算説明資料(2025年9月1日~2026年2月28日).pdf
   ✅ 保存: 8968_1530_R-福岡_規約一部変更及び役員選任に関するお知らせ.pdf
   ✅ 保存: 9060_1530_日ロジテム_代表取締役の異動(社長交代)に関するお知らせ.pdf
   ✅ 保存: 9166_1530_G-GENDA_GENDA売上進捗レポート発行に関するお知らせ【2026年4月】.pdf
   ✅ 保存: 9235_1530_G-売れるネットG_臨時株主総会の招集のための基準日設定及び臨時株主総会開催に関するお知らせ.pdf
   ✅ 保存: 9279_1530_ギフトHD_株主優待制度のポイント化への変更及び 優待内容拡充に関するお知らせ.pdf
   ✅ 保存: 9997_1530_ベルーナ_3月度 月次売上高前年同月比(速報値)に関するお知らせ.pdf
   ✅ 保存: 1452_1500_P-横浜ライト工業_2026年2月期 決算短信〔日本基準〕(連結).pdf
   ✅ 保存: 1452_1500_P-横浜ライト工業_2026年2月期の個別業績の前期実績値との差異に関するお知らせ.pdf
   ✅ 保存: 1452_1500_P-横浜ライト工業_法人税等調整額(損)の計上に関するお知らせ.pdf
   ✅ 保存: 2344_1500_平安レイ_株式併合及び定款の一部変更に係る承認決議に関するお知らせ.pdf
   ✅ 保存: 2461_1500_ファンコミ_2026年12月期3月度 月次業績速報のお知らせ.pdf
   ✅ 保存: 362A_1500_P-エクシオHD_担当J-Adviserおよび流動性プロバイダーの異動に関するお知らせ.pdf
   ✅ 保存: 362A_1500_P-エクシオHD_執行役員制度の導入に関するお知らせ.pdf
   ✅ 保存: 4659_1500_エイジス_2026年3月度売上高対前年同月比のお知らせ.pdf
   ✅ 保存: 6516_1500_山洋電気_指名委員会の設置に関するお知らせ.pdf
   ✅ 保存: 7183_1500_あんしん保証_資金の借入に関するお知らせ.pdf
   ✅ 保存: 7847_1500_グラファイトD_2026年2月期 決算短信〔日本基準〕(非連結).pdf
   ✅ 保存: 8705_1500_日産証券グループ_特別損失(固定資産の減損損失)の計上に関するお知らせ.pdf
   ✅ 保存: 8904_1500_AVANTIA_2026年8月期 第2四半期決算説明会資料.pdf
   ✅ 保存: 2975_1430_スター・マイカHD_住宅設備の供給条件調整及び受注停止等の報道に係る当社業績への影響について.pdf
   ✅ 保存: 4116_1430_大日精化_「当社株式の大規模買付行為に関する対応方針(買収への対応方針)」の継続に関するお知らせ.pdf
   ✅ 保存: 2300_1400_きょくと_2026年2月期決算短信〔日本基準〕(非連結).pdf
   ✅ 保存: 2300_1400_きょくと_2026年2月期通期業績予想値と実績の差異.pdf
   ✅ 保存: 8001_1400_伊藤忠_監査役の異動に関するお知らせ.pdf
   ✅ 保存: 4015_1300_G-ペイクラウドHD_自己株式の取得に係る事項の決定に関するお知らせ.pdf
   ✅ 保存: 274A_1230_ガーデン_(訂正)決算説明資料の一部訂正について.pdf
   ✅ 保存: 3634_1230_ソケッツ_スタンダード市場上場維持基準の適合に関する経過報告.pdf
   ✅ 保存: 4893_1230_G-ノイルイミューン_譲渡制限付株式報酬としての新株式発行に関するお知らせ.pdf
   ✅ 保存: 6294_1200_オカダアイヨン_取締役の異動および役員人事に関するお知らせ.pdf
   ✅ 保存: 1326_1140_E-ワールド_SPDRゴールド・シェアに関する日々の開示事項.pdf
   ✅ 保存: 3198_1130_SFPHD_(訂正・数値データ訂正)「2026年2月期 決算短信〔日本基準〕(連結)」の一部訂正について.pdf
   ✅ 保存: 351A_1130_P-アクシスITP_自己株式立会外買付取引(ToSTNeT-3)による自己株式の取得結果に関するお知らせ.pdf
   ✅ 保存: 4058_1130_G-トヨクモ_譲渡制限付株式報酬としての自己株式の処分に関するお知らせ.pdf
   ✅ 保存: 4058_1130_G-トヨクモ_2026年3月度 月次売上速報に関するお知らせ.pdf
   ✅ 保存: 9602_1100_東宝_自己株式立会外買付取引(ToSTNeT-3)による自己株式の取得結果および取得終了に関するお知らせ.pdf
   ...Page 003 を確認中
   ✅ 保存: 3547_1000_ユニシアHD_2026年11月期 第1四半期決算補足説明資料.pdf
   ✅ 保存: 4920_1000_日本色材_自己株式立会外買付取引(ToSTNeT-3)による自己株式取得結果及び自己株式取得終了に関するお知らせ.pdf
   ✅ 保存: 7059_1000_コプロHD_2026年3月度 在籍技術者数、稼働技術者数・稼働率の月次開示に関するお知らせ.pdf
   ✅ 保存: 1882_0930_東亜道_株主代表訴訟の和解に関するお知らせ.pdf
   ✅ 保存: 3823_0930_WHY HOW DO_第22期(2026年4月期)半期報告書の提出完了に関するお知らせ.pdf
   ✅ 保存: 153A_0900_G-カウリス_自己株式の取得状況に関するお知らせ.pdf
   ✅ 保存: 4881_0900_G-ファンペップ_第13回新株予約権(行使価額修正条項付)の大量行使に関するお知らせ.pdf
   ✅ 保存: 8919_0830_カチタス_住宅設備受注停止の報道に係る当社業績への影響について.pdf
   ✅ 保存: 560A_0800_P-オカダコーポ_東京証券取引所TOKYO PRO Marketへの上場のお知らせ.pdf
   ✅ 保存: 560A_0800_P-オカダコーポ_東京証券取引所TOKYO PRO Marketへの上場に伴う当社決算情報等のお知らせ.pdf
   ✅ 保存: 560A_0800_P-オカダコーポ_流動性プロバイダーの指定のお知らせ.pdf
   ...Page 004 を確認中
   📝 一覧CSV保存: TDnet_Sorted_20260415.csv
   📝 一覧CSV保存（ルート）: TDnet_Sorted_20260415.csv
   📊 日別統計: page_access=4, pdf_success=201, excluded=13

============================================================
✅ ①完了（範囲取得）
   期間: 20260415 ～ 20260415 （mode=day）
   一覧ページアクセス合計: 4
   PDFダウンロード成功合計: 201
   除外件数合計: 13
   保存ルート: G:\マイドライブ\TDnet_Downloads
ルート: G:\マイドライブ\TDnet_Downloads
対象指定: 20260415 mode= day from= 20260415 to= 20260415
対象フォルダ数: 1
検索キーワード: ['価格交渉', '増産', '価格改定', '価格転嫁', '値上', '想定以上', '上方修正', '下方修正', '想定以下', '未達', '大幅', '計画を上', '計画を下', '計画以', '需要回復', '需要の回復', '需要が増', '需要が低', '悪化', 'グローバルニッチトップ', 'トップシェア', 'シェア拡大', 'レアアース']
総PDF数（推定）: 201
[1/1] 日付フォルダ 20260415 を処理中... (このフォルダ内PDF数: 201)
  進捗: 50/201 件のPDFを解析済み
  進捗: 100/201 件のPDFを解析済み
  進捗: 150/201 件のPDFを解析済み
  進捗: 200/201 件のPDFを解析済み
  進捗: 201/201 件のPDFを解析済み
  → 日付フォルダ 20260415 のヒットPDF数: 26

✅ ②A 完了（解析専用・キーワード別ページ列）
解析PDF数: 201
ヒットPDF数: 26
出力CSV: Analysis_Hits_free_word_20260415.csv
保存先: G:\マイドライブ\TDnet_Downloads

✅ ②B 完了（配布用CSV作成・キーワード別ページ列）
出力: PDF_Search_Result_Distribution_free_word_20260415_sh.csv
キーワード列: ['価格交渉', '増産', '価格改定', '価格転嫁', '値上', '想定以上', '上方修正', '下方修正', '想定以下', '未達', '大幅', '計画を上', '計画を下', '計画以', '需要回復', '需要の回復', '需要が増', '需要が低', '悪化', 'グローバルニッチトップ', 'トップシェア', 'シェア拡大', 'レアアース']
突合除外件数: 0
空欄アラート件数: 0
