============================================
 TDnet auto run: 20260714
 Start: 2026-07-14 23:00:01
============================================

$ C:\Users\onok\AppData\Local\Python\pythoncore-3.14-64\python.exe -u ①_tdnetアクセスしてダウンロードする処理（月日付別フォルダ保存）.py --target 20260714 --save-root G:\マイドライブ\TDnet_Downloads
🎯 対象指定: 20260714（mode=day, from=20260714, to=20260714）
📁 保存ルート: G:\マイドライブ\TDnet_Downloads

============================================================
📅 日付: 20260714 を処理します
   ...Page 001 を確認中
   ✅ 保存: 2667_1800_イメージワン_株式の取得(子会社化)に関するお知らせ.pdf
   ✅ 保存: 4728_1800_トーセ_2026年8月期 第3四半期決算説明 質疑応答集.pdf
   ✅ 保存: 4990_1800_昭和化_その他の関係会社の異動に関するお知らせ.pdf
   ✅ 保存: 8143_1800_ラピーヌ_2027年2月期 第1四半期決算短信[日本基準](連結).pdf
   ✅ 保存: 7745_1750_A&DホロンHD_当社連結子会社に対する行政処分に関するお知らせ.pdf
   ✅ 保存: 510A_1745_P-ハートアップ_営業外収益(補助金収入)の計上に関するお知らせ.pdf
   ✅ 保存: 510A_1745_P-ハートアップ_特別損失(減損損失)の計上に関するお知らせ.pdf
   ✅ 保存: 510A_1745_P-ハートアップ_2026年5月期 決算短信〔日本基準〕(非連結).pdf
   ✅ 保存: 510A_1745_P-ハートアップ_通期業績予想と実績の差異に関するお知らせ.pdf
   ✅ 保存: 7059_1745_コプロHD_連結子会社間の吸収合併及び存続会社の商号変更に関するお知らせ.pdf
   ✅ 保存: 3777_1730_G-環境フレンドリー_連結子会社の商号変更及び事業目的の追加に関するお知らせ.pdf
   ✅ 保存: 8141_1730_新光商_(変更)「加賀電子株式会社による当社株式に対する公開買付けに関する意見表明に関するお知らせ」の一部変更について.pdf
   ✅ 保存: 8141_1730_新光商_2027年3月期の配当予想の修正(無配)に関するお知らせ.pdf
   ✅ 保存: 8154_1730_加賀電子_新光商事株式会社(証券コード_8141)の普通株式に対する公開買付けに係る公開買付期間延長のお知らせ.pdf
   ✅ 保存: 9278_1730_ブックオフGHD_(訂正)2026 年5 月期 決算短信〔日本基準〕(連結)の一部訂正について.pdf
   ✅ 保存: 9326_1730_G-関通HD_譲渡制限付株式報酬としての自己株式処分の払込完了に関するお知らせ.pdf
   ✅ 保存: 7012_1720_川崎重_海外募集による新株式の発行並びに2031年及び2033年満期ユーロ円建転換社債型新株予約権付社債(トランジションCB)の発行に係る発行条件等の決定に関するお知らせ.pdf
   ✅ 保存: 144A_1700_P-エネルギーパワー_連結子会社における固定資産の取得及び資金の借入に関するお知らせ.pdf
   ✅ 保存: 226A_1700_P-勝美ジャパン_業績予想及び配当予想の修正に関するお知らせ.pdf
   ✅ 保存: 226A_1700_P-勝美ジャパン_2026年11月期 中間決算短信〔日本基準〕(非連結).pdf
   ✅ 保存: 2388_1700_G-ウェッジHD_(経過開示、訂正)親会社、支配株主、その他の関係会社の異動、及び主要株主の異動の訂正に関するお知らせ.pdf
   ✅ 保存: 2764_1700_ひらまつ_ひらまつIRレポート(月次売上速報).pdf
   ✅ 保存: 2882_1700_イートアンドHD_両輪経営の強化に向けた事業資本提携について.pdf
   ✅ 保存: 2882_1700_イートアンドHD_事業提携に関するお知らせ.pdf
   ✅ 保存: 2882_1700_イートアンドHD_第三者割当により発行される第9回新株予約権に関するお知らせ.pdf
   ✅ 保存: 293A_1700_P-BABY JOB_2027年2月期 第1四半期決算短信〔日本基準〕(連結).pdf
   ✅ 保存: 3221_1700_ヨシックスHD_2027年3月期 6月度 店舗数の状況及び月次売上高前年対比のお知らせ.pdf
   ✅ 保存: 3810_1700_サイバーステップHD_株式会社3rdの株式取得に係る株式譲渡契約の合意解約及び子会社の異動に関するお知らせ.pdf
   ✅ 保存: 4920_1700_日本色材_2027年2月期 第1四半期決算短信〔日本基準〕(連結).pdf
   ✅ 保存: 524A_1700_P-田村ビルズG_2026年5月期 決算短信〔日本基準〕(連結).pdf
   ✅ 保存: 5721_1700_エスクリプトエナジー_第10回新株予約権の行使期間終了および累計行使状況ならびに発行済株式総数(2026年6月30日時点)に関するお知らせ.pdf
   ✅ 保存: 9215_1700_G-CaSy_2026年11月期 第2四半期(中間期)決算短信〔日本基準〕(連結).pdf
   ✅ 保存: 9215_1700_G-CaSy_2026年11月期 第2四半期 決算説明資料.pdf
   ✅ 保存: 9215_1700_G-CaSy_2026年11月期 第2四半期決算説明.pdf
   ✅ 保存: 4885_1650_室町ケミカル_2026年5月期 決算説明資料.pdf
   ✅ 保存: 5280_1650_ヨシコン_譲渡制限付株式報酬としての自己株式の処分に関するお知らせ.pdf
   ✅ 保存: 323A_1630_G-フライヤー_2027年2月期第1四半期決算短信〔日本基準〕(連結).pdf
   ✅ 保存: 323A_1630_G-フライヤー_2027年2月期第1四半期 決算説明資料.pdf
   ✅ 保存: 3387_1630_クリレスHD_合併により上場廃止となったSFPホールディングス株式会社に関する決算開示のお知らせ.pdf
   ✅ 保存: 3387_1630_クリレスHD_2027年2月期第1四半期決算短信〔IFRS〕(連結).pdf
   ✅ 保存: 3387_1630_クリレスHD_2027年2月期第1四半期決算(補足説明資料).pdf
   ✅ 保存: 3678_1630_メディアドゥ_2027年2月期 第1四半期決算短信〔日本基準〕(連結).pdf
   ✅ 保存: 3678_1630_メディアドゥ_2027年2月期 第1四半期決算説明資料.pdf
   ✅ 保存: 3955_1630_イムラ_人事異動に関するお知らせ.pdf
   ✅ 保存: 464A_1630_G-QPSHD_2026年5月期決算短信〔日本基準〕(連結).pdf
   ✅ 保存: 464A_1630_G-QPSHD_事業計画及び成長可能性に関する事項.pdf
   ✅ 保存: 464A_1630_G-QPSHD_営業外収益及び営業外費用の計上に関するお知らせ.pdf
   ✅ 保存: 5956_1630_トーソー_譲渡制限付株式報酬としての自己株式の処分に関するお知らせ.pdf
   ✅ 保存: 6142_1630_富士精工_自己株式立会外買付取引(N-NET3)による自己株式の買付けに関するお知らせ.pdf
   ✅ 保存: 6225_1630_エコム_通期業績予想の修正に関するお知らせ.pdf
   ✅ 保存: 9313_1630_丸八倉_自己株式の取得及び自己株式立会外買付取引(ToSTNeT-3)による自己株式の買付けに関するお知らせ.pdf
   ✅ 保存: 6091_1610_ウエスコHD_自己株式の取得および自己株式立会外買付取引(ToSTNeT-3)による自己株式の買付けならびに自己株式の消却に関するお知らせ.pdf
   ✅ 保存: 7269_1610_スズキ_業績連動型譲渡制限付株式報酬としての自己株式の処分に関するお知らせ.pdf
   ✅ 保存: 4885_1605_室町ケミカル_2026年5月期決算短信〔日本基準〕(非連結).pdf
   ✅ 保存: 4885_1605_室町ケミカル_特別損失の計上および通期業績予想と実績値の差異に関するお知らせ.pdf
   ✅ 保存: 4885_1605_室町ケミカル_中期経営計画の計画値更新および計画期間の延長に関するお知らせ.pdf
   ✅ 保存: 135A_1600_G-VRAIN_2027年2月期 第1四半期決算短信〔日本基準〕(非連結).pdf
   ✅ 保存: 135A_1600_G-VRAIN_2027年2月期 第1四半期決算説明資料.pdf
   ✅ 保存: 135A_1600_G-VRAIN_2027年2月期 第1四半期決算内容に関する質疑応答.pdf
   ✅ 保存: 304A_1600_G-フォルシア_2027年2月期第1四半期決算短信〔日本基準〕(非連結).pdf
   ✅ 保存: 304A_1600_G-フォルシア_2027年2月期 第1四半期決算説明資料.pdf
   ✅ 保存: 304A_1600_G-フォルシア_繰延税金資産の計上に関するお知らせ.pdf
   ✅ 保存: 3083_1600_スターシーズ_2027年2月期 第1四半期決算短信〔日本基準〕(連結).pdf
   ✅ 保存: 3490_1600_アズ企画設計_第三者割当による第7回及び第8回新株予約権(行使価額修正条項選択権付)並びに第9回新株予約権(行使価額固定型)の発行条件等の決定に関するお知らせ.pdf
   ✅ 保存: 3647_1600_アスリナ_2026年8月期第3四半期決算短信〔日本基準〕(連結).pdf
   ✅ 保存: 3647_1600_アスリナ_固定資産の譲渡及び特別利益の計上に関するお知らせ.pdf
   ✅ 保存: 3967_1600_G-エルテス_2027年2月期 第1四半期決算短信〔日本基準〕(連結).pdf
   ✅ 保存: 3967_1600_G-エルテス_2027年2月期 第1四半期 決算説明資料.pdf
   ✅ 保存: 3967_1600_G-エルテス_(開示事項の経過)特別損失の計上に関するお知らせ.pdf
   ✅ 保存: 3979_1600_G-うるる_2026年6月 月次IRレポート (NJSS月次情報含む).pdf
   ✅ 保存: 4059_1600_まぐまぐ_福岡証券取引所Q-boardへの重複上場承認に関するお知らせ.pdf
   ✅ 保存: 4193_1600_ファブリカHD_サイバー攻撃による不正アクセス及び情報漏洩等に関するお知らせとお詫び.pdf
   ✅ 保存: 4429_1600_G-リックソフト_2027年2月期第1四半期決算短信〔日本基準〕(連結).pdf
   ✅ 保存: 4429_1600_G-リックソフト_2027年2月期第1四半期決算補足資料.pdf
   ✅ 保存: 4668_1600_明光ネット_2026年8月期第3四半期決算短信〔日本基準〕(連結).pdf
   ✅ 保存: 4668_1600_明光ネット_2026年8月期剰余金の配当(増配)に関するお知らせ.pdf
   ✅ 保存: 4668_1600_明光ネット_株主優待制度の変更及び拡充に関するお知らせ.pdf
   ✅ 保存: 4709_1600_IDホールディングス_自己株式の取得状況に関するお知らせ(会社法第165条第2項の規定による定款の定めに基づく自己株式の取得).pdf
   ✅ 保存: 4829_1600_日本エンタープライズ_2026年5月期 決算説明資料.pdf
   ✅ 保存: 505A_1600_ギークリー_2026年5月期配当予想の修正(増配)に関するお知らせ.pdf
   ✅ 保存: 505A_1600_ギークリー_2026年5月期 決算短信〔日本基準〕(非連結).pdf
   ✅ 保存: 5246_1600_G-ELEMENTS_2026年11月期 第2四半期(中間期)決算短信〔日本基準〕(連結).pdf
   ✅ 保存: 5246_1600_G-ELEMENTS_2026年11月期 第2四半期決算説明資料.pdf
   ✅ 保存: 5246_1600_G-ELEMENTS_2026年11月期第2四半期決算において想定されるご質問への回答について.pdf
   ✅ 保存: 5246_1600_G-ELEMENTS_通期連結業績予想の修正に関するお知らせ.pdf
   ✅ 保存: 5527_1600_G-propetec_2026年11月期 第2四半期(中間期)決算短信〔日本基準〕(連結).pdf
   ✅ 保存: 5527_1600_G-propetec_2026年11月期第2四半期決算説明資料.pdf
   ✅ 保存: 5527_1600_G-propetec_2026年11月期第2四半期決算説明資料データ集.pdf
   ✅ 保存: 5578_1600_G-ARアドバンスト_2026年8月期 第3四半期決算短信〔日本基準〕(連結).pdf
   ✅ 保存: 5578_1600_G-ARアドバンスト_2026年8月期第3四半期 決算説明資料.pdf
   ✅ 保存: 567A_1600_P-ディープラス_2026年11月期中間決算短信〔日本基準〕(非連結).pdf
   ✅ 保存: 5706_1600_三井金属_譲渡制限付株式報酬としての新株式の発行に関するお知らせ.pdf
   ✅ 保存: 6025_1600_日本PCサービス_2026年8月期 第3四半期決算短信〔日本基準〕(連結).pdf
   ✅ 保存: 6425_1600_ユニバーサル_TRLEI四半期業績のお知らせ(2026年12月期第2四半期 速報値).pdf
   ✅ 保存: 6494_1600_NFK-HD_特別利益(貸倒引当金戻入益)の計上に関するお知らせ.pdf
   ✅ 保存: 6932_1600_遠藤照明_執行役員の異動に関するお知らせ.pdf
   ✅ 保存: 7162_1600_アストマックス_2027年3月期6月度の発電状況のお知らせ.pdf
   ✅ 保存: 7434_1600_オータケ_第74期定時株主総会の継続会の開催方針に関するお知らせ.pdf
   ...Page 002 を確認中
   ✅ 保存: 7434_1600_オータケ_剰余金の配当に関するお知らせ.pdf
   ✅ 保存: 7585_1600_かんなん_2026年6月期 月次売上状況について(6月度).pdf
   ✅ 保存: 7782_1600_シンシア_支配株主への資金の貸し付けに関するお知らせ.pdf
   ✅ 保存: 8783_1600_abc_(開示事項の経過)フィジカルAIロボット事業の推進状況に関するお知らせ.pdf
   ✅ 保存: 9326_1600_G-関通HD_2027年2月期 第1四半期決算短信〔日本基準〕(連結).pdf
   ✅ 保存: 9326_1600_G-関通HD_2027年2月期第1四半期 決算説明資料.pdf
   ✅ 保存: 9326_1600_G-関通HD_株主優待制度の変更に関するお知らせ.pdf
   ✅ 保存: 9331_1600_G-キャスター_2026年8月期 第3四半期決算短信〔日本基準〕(連結).pdf
   ✅ 保存: 9331_1600_G-キャスター_2026年8月期 第3四半期決算説明資料.pdf
   ✅ 保存: 9331_1600_G-キャスター_連結業績予想の修正及び中期経営計画の取り下げに関するお知らせ.pdf
   ✅ 保存: 8963_1545_R-INV_資金の借入れ(グリーンローン他による借換え)に関するお知らせ.pdf
   ✅ 保存: 8963_1545_R-INV_金利スワップ契約締結に関するお知らせ.pdf
   ✅ 保存: 365A_1535_伊澤タオル_営業外収益(為替差益)の計上に関するお知らせ.pdf
   ✅ 保存: 2901_1531_ウェルディッシュ_2026年8月期第3四半期決算短信の開示が四半期末後45日を超えることに関するお知らせ.pdf
   ✅ 保存: 138A_1530_G-光フードサービス_2026年11月期 第2四半期(中間期)決算短信〔日本基準〕(非連結).pdf
   ✅ 保存: 138A_1530_G-光フードサービス_2026年11月期 第2四半期決算説明資料.pdf
   ✅ 保存: 1419_1530_タマホーム_2026年5月期 決算短信〔日本基準〕(連結).pdf
   ✅ 保存: 1419_1530_タマホーム_2026年5月期 決算説明資料.pdf
   ✅ 保存: 1419_1530_タマホーム_2026年5月期 決算短信補足資料.pdf
   ✅ 保存: 1419_1530_タマホーム_中期経営計画「タマステップ2031」策定に関するお知らせ.pdf
   ✅ 保存: 1419_1530_タマホーム_2026年6月度 受注速報.pdf
   ✅ 保存: 1419_1530_タマホーム_特別利益及び特別損失の計上に関するお知らせ.pdf
   ✅ 保存: 1434_1530_JESCO HD_2026年8月期 第3四半期 決算短信〔日本基準〕(連結).pdf
   ✅ 保存: 156A_1530_G-マテリアルG_2026年8月期 第3四半期決算短信〔日本基準〕(連結).pdf
   ✅ 保存: 156A_1530_G-マテリアルG_2026年8月期第3四半期決算説明資料.pdf
   ✅ 保存: 156A_1530_G-マテリアルG_国際財務報告基準(IFRS)の任意適用開始に関するお知らせ.pdf
   ✅ 保存: 189A_1530_G-D&Mカンパニー_2026年5月期決算短信〔日本基準〕(連結).pdf
   ✅ 保存: 189A_1530_G-D&Mカンパニー_投資資産残高(連結)に関するお知らせ(2026年6月).pdf
   ✅ 保存: 189A_1530_G-D&Mカンパニー_2026年5月期決算説明資料.pdf
   ✅ 保存: 2153_1530_イージェイHD_資本コストや株価を意識した経営の実現に向けた取り組みについて.pdf
   ✅ 保存: 2153_1530_イージェイHD_当社創立20周年の周年記念配当の実施に関するお知らせ.pdf
   ✅ 保存: 2153_1530_イージェイHD_2026年5月期 決算短信〔日本基準〕(連結).pdf
   ✅ 保存: 228A_1530_G-オプロ_2026年11月期 第2四半期(中間期)決算短信〔日本基準〕(非連結).pdf
   ✅ 保存: 228A_1530_G-オプロ_2026年11月期 第2四半期決算説明資料.pdf
   ✅ 保存: 2292_1530_S FOODS_2027年2月期第1四半期決算短信〔日本基準〕(連結).pdf
   ✅ 保存: 2292_1530_S FOODS_創業60周年記念株主優待の実施と株主優待制度の一部変更に関するお知らせ.pdf
   ✅ 保存: 2471_1530_エスプール_2026年11月期 第2四半期(中間期)決算短信〔IFRS〕(連結).pdf
   ✅ 保存: 2471_1530_エスプール_2026年11月期 第2四半期 決算説明資料.pdf
   ✅ 保存: 2471_1530_エスプール_2026年11月期第2四半期(中間期)の連結業績予想値と実績値との差異に関するお知らせ.pdf
   ✅ 保存: 2483_1530_翻訳センター_譲渡制限付株式報酬としての自己株式処分に関するお知らせ.pdf
   ✅ 保存: 263A_1530_P-デジタルキューブ_本社移転に関するお知らせ.pdf
   ✅ 保存: 263A_1530_P-デジタルキューブ_TOKYO PRO Market への上場目的の開示.pdf
   ✅ 保存: 2668_1530_タビオ_2027年2月期 第1四半期決算短信〔日本基準〕(連結).pdf
   ✅ 保存: 2668_1530_タビオ_2027年2月期 第1四半期決算説明資料.pdf
   ✅ 保存: 2705_1530_大戸屋HD_譲渡制限付株式報酬としての新株式の発行に関するお知らせ.pdf
   ✅ 保存: 2722_1530_IKホールディングス_2026年5月期 決算短信〔日本基準〕(連結).pdf
   ✅ 保存: 2722_1530_IKホールディングス_特別損失の計上及び通期連結業績予想と実績との差異に関するお知らせ.pdf
   ✅ 保存: 2722_1530_IKホールディングス_中期経営計画の取り下げに関するお知らせ.pdf
   ✅ 保存: 2722_1530_IKホールディングス_2026年5月期通期決算説明資料.pdf
   ✅ 保存: 274A_1530_ガーデン_株主優待制度の拡充に関するお知らせ.pdf
   ✅ 保存: 274A_1530_ガーデン_2027年2月期 第1四半期決算短信〔日本基準〕(非連結).pdf
   ✅ 保存: 274A_1530_ガーデン_2027年2月期第1四半期決算説明資料.pdf
   ✅ 保存: 276A_1530_G-ククレブ_2026年8月期第3四半期 決算短信〔日本基準〕(連結).pdf
   ✅ 保存: 276A_1530_G-ククレブ_2026年8月期第3四半期 決算説明資料.pdf
   ✅ 保存: 276A_1530_G-ククレブ_配当予想の上方修正に関するお知らせ.pdf
   ✅ 保存: 276A_1530_G-ククレブ_2026年8月期 第3四半期 決算説明 WEB動画配信に関するお知らせおよび投資家の皆さまからの主なご質問と当社見解について.pdf
   ✅ 保存: 276A_1530_G-ククレブ_熊本市における物流施設開発プロジェクトへの出資に伴う特定子会社の異動に関するお知らせ.pdf
   ✅ 保存: 276A_1530_G-ククレブ_株式会社エルラインとの業務提携に関するお知らせ.pdf
   ✅ 保存: 276A_1530_G-ククレブ_販売用不動産向けの特別当座貸越契約の締結に関するお知らせ.pdf
   ✅ 保存: 276A_1530_G-ククレブ_当社の従業員に対する譲渡制限付株式報酬としての新株式の発行に関するお知らせ.pdf
   ✅ 保存: 276A_1530_G-ククレブ_本店移転日決定に関するお知らせ.pdf
   ✅ 保存: 2882_1530_イートアンドHD_2027年2月期第1四半期 決算説明資料.pdf
   ✅ 保存: 2882_1530_イートアンドHD_中長期経営計画の公表延期に関するお知らせ.pdf
   ✅ 保存: 2882_1530_イートアンドHD_業績予想の修正に関するお知らせ.pdf
   ✅ 保存: 2882_1530_イートアンドHD_2027年2月期 第1四半期決算短信〔日本基準〕(連結).pdf
   ✅ 保存: 3030_1530_ハブ_2027年2月期第1四半期決算短信〔日本基準〕(非連結).pdf
   ✅ 保存: 3030_1530_ハブ_2027年2月期第1四半期決算補足説明資料.pdf
   ✅ 保存: 3045_1530_カワサキ_2026年8月期 第3四半期決算短信[日本基準]〔非連結〕.pdf
   ✅ 保存: 3139_1530_ラクト・ジャパン_2026年11月期 第2四半期(中間期)決算短信〔日本基準〕(連結).pdf
   ✅ 保存: 3139_1530_ラクト・ジャパン_新会社(孫会社)設立に関するお知らせ.pdf
   ✅ 保存: 3139_1530_ラクト・ジャパン_長期ビジョン「LACTO VISION 2032 Ver.2.0」策定のお知らせ.pdf
   ✅ 保存: 3160_1530_大光_2026年5月期 決算短信〔日本基準〕(連結).pdf
   ✅ 保存: 3160_1530_大光_2026年5月期 決算説明資料.pdf
   ✅ 保存: 3160_1530_大光_役員人事に関するお知らせ.pdf
   ✅ 保存: 3160_1530_大光_個別業績の前期実績との差異に関するお知らせ.pdf
   ✅ 保存: 3160_1530_大光_役員報酬の減額に関するお知らせ.pdf
   ✅ 保存: 3179_1530_シュッピン_臨時株主総会招集のための基準日設定に関するお知らせ.pdf
   ✅ 保存: 3179_1530_シュッピン_2026年5月度月次情報に関するお知らせ.pdf
   ✅ 保存: 3223_1530_エスエルディー_2027年2月期 第1四半期決算短信〔日本基準〕(非連結).pdf
   ✅ 保存: 3223_1530_エスエルディー_2027年2月期第1四半期決算説明資料.pdf
   ✅ 保存: 3267_1530_フィル・カンパニー_2026年11月期通期連結業績予想の修正に関するお知らせ.pdf
   ✅ 保存: 3267_1530_フィル・カンパニー_2026年11月期第2四半期(中間期)決算短信[日本基準](連結).pdf
   ✅ 保存: 3267_1530_フィル・カンパニー_2026年11月期2Q決算説明資料.pdf
   ✅ 保存: 3297_1530_東武住販_2026年5月期決算短信〔日本基準〕(非連結).pdf
   ✅ 保存: 3297_1530_東武住販_業績予想と実績との差異に関するお知らせ.pdf
   ✅ 保存: 3297_1530_東武住販_剰余金の配当に関するお知らせ.pdf
   ✅ 保存: 3297_1530_東武住販_第4次中期経営計画(2026~2028 年度)の公表延期に関するお知らせ.pdf
   ✅ 保存: 3391_1530_ツルハHD_2027 年2月期第1四半期決算短信(監査法人による期中レビューの完了).pdf
   ✅ 保存: 339A_1530_G-プログレス_2027年2月期 第1四半期決算短信〔IFRS〕(連結).pdf
   ✅ 保存: 339A_1530_G-プログレス_2027年2月期 第1四半期 決算説明資料.pdf
   ✅ 保存: 340A_1530_G-ジグザグ_2026年5月期決算短信〔日本基準〕(連結).pdf
   ✅ 保存: 340A_1530_G-ジグザグ_2026年5月期通期決算説明資料.pdf
   ✅ 保存: 340A_1530_G-ジグザグ_事業計画及び成長可能性に関する事項.pdf
   ✅ 保存: 3501_1530_SUMINOE_2026年5月期決算短信〔日本基準〕(連結).pdf
   ✅ 保存: 3501_1530_SUMINOE_代表取締役の異動(社長交代)に関するお知らせ.pdf
   ✅ 保存: 353A_1530_エレコミ_2026年5月期 決算短信〔日本基準〕(非連結).pdf
   ✅ 保存: 353A_1530_エレコミ_2026年5月期 決算補足説明資料.pdf
   ✅ 保存: 3562_1530_No.1_2027年2月期 第1四半期決算説明資料.pdf
   ✅ 保存: 3562_1530_No.1_2027年2月期 第1四半期決算短信〔日本基準〕(連結).pdf
   ✅ 保存: 3608_1530_TSI HD_2027年2月期 第1四半期決算短信〔日本基準〕(連結).pdf
   ...Page 003 を確認中
   ✅ 保存: 365A_1530_伊澤タオル_2027年2月期第1四半期決算説明資料.pdf
   ✅ 保存: 365A_1530_伊澤タオル_2027年2月期第1四半期決算短信〔日本基準〕(非連結).pdf
   ✅ 保存: 3664_1530_G-WIZE_ソラナ(SOL)の取得状況に関するお知らせ.pdf
   ✅ 保存: 3760_1530_ケイブ_2026年5月期決算短信〔日本基準〕(連結).pdf
   ✅ 保存: 3760_1530_ケイブ_2026年5月期連結業績予想と実績値との差異に関するお知らせ.pdf
   ✅ 保存: 3922_1530_PRTIMES_2027年2月期 第1四半期決算短信〔日本基準〕(連結).pdf
   ✅ 保存: 3922_1530_PRTIMES_2026年度第1四半期決算説明資料.pdf
   ✅ 保存: 3923_1530_ラクス_株式会社プラスアルファ・コンサルティングの株式追加取得(持分法適用関連会社化)および同社との資本業務提携契約に関する覚書の締結に関するお知らせ.pdf
   ✅ 保存: 3923_1530_ラクス_2027年3月期月次売上高(6月度)のお知らせ.pdf
   ✅ 保存: 3977_1530_A-フュージョン_2027年2月期第1四半期決算短信[日本基準](非連結).pdf
   ✅ 保存: 3983_1530_オロ_2026年12月期月次情報のお知らせ(6月度).pdf
   ✅ 保存: 3991_1530_G-ウォンテッドリー_2026年8月期 第3四半期決算短信〔日本基準〕(連結).pdf
   ✅ 保存: 3991_1530_G-ウォンテッドリー_2026年8月期 第3四半期 決算説明資料.pdf
   ✅ 保存: 402A_1530_G-アクセルスペース_2026年5月期決算短信〔日本基準〕(連結).pdf
   ✅ 保存: 402A_1530_G-アクセルスペース_2026年5月期 通期 決算補足説明資料.pdf
   ✅ 保存: 402A_1530_G-アクセルスペース_財務上の特約が付された当座貸越契約及び限度貸付契約の変更のお知らせ.pdf
   ✅ 保存: 403A_1530_P-北條組_2026年5月期 決算短信〔日本基準〕(連結).pdf
   ✅ 保存: 403A_1530_P-北條組_剰余金の配当に関するお知らせ.pdf
   ✅ 保存: 4071_1530_プラスアルファ_ラクスとの資本業務提携に関する覚書の締結、当社株式の売出し、並びに主要株主、主要株主である筆頭株主及びその他の関係会社の異動の予定に関するお知.pdf
   ✅ 保存: 4183_1530_三井化学_(開示事項の経過)米国Ultradent社買収に伴う新会社設立に関するお知らせ.pdf
   ✅ 保存: 4198_1530_テンダ_2026年5月期決算短信〔日本基準〕(連結).pdf
   ✅ 保存: 4198_1530_テンダ_2026年5月期 通期決算説明資料.pdf
   ✅ 保存: 4198_1530_テンダ_取締役候補者の選任に関するお知らせ.pdf
   ✅ 保存: 4250_1530_Q-フロンティア_2026年11月期第2四半期(中間期)連結業績予想と実績値との差異に関するお知らせ.pdf
   ✅ 保存: 4250_1530_Q-フロンティア_2026年11月期 第2四半期(中間期)決算短信〔日本基準〕(連結).pdf
   ✅ 保存: 4317_1530_レイ_令和9年2月期第1四半期決算短信〔日本基準〕(連結).pdf
   ✅ 保存: 4430_1530_東海ソフト_剰余金の配当に関するお知らせ.pdf
   ✅ 保存: 4430_1530_東海ソフト_2026年5月期 決算短信〔日本基準〕(連結).pdf
   ✅ 保存: 4430_1530_東海ソフト_2026年5月期 決算説明資料.pdf
   ✅ 保存: 4441_1530_トビラシステムズ_株式会社プロディライトとの資本業務提携に関するお知らせ.pdf
   ✅ 保存: 4576_1530_G-DWTI_「Bondlido」の米国販売提携並びに上市時期について.pdf
   ✅ 保存: 4586_1530_G-メドレック_Terrainとの米国における“Bondlido”販売提携と上市時期について.pdf
   ✅ 保存: 4616_1530_川上塗料_2026年11月期 第2四半期(中間期)決算短信〔日本基準〕(連結).pdf
   ✅ 保存: 4616_1530_川上塗料_業績予想と実績との差異に関するお知らせ.pdf
   ✅ 保存: 4883_1530_G-モダリス_事業計画及び成長可能性に関する事項.pdf
   ✅ 保存: 4934_1530_G-Pアンチエイジ_連結子会社の解散及び清算に関するお知らせ.pdf
   ✅ 保存: 4934_1530_G-Pアンチエイジ_執行役員人事に関するお知らせ.pdf
   ✅ 保存: 542A_1530_G-ビタブリッドJ_2027年2月期 第1四半期決算短信〔日本基準〕(非連結).pdf
   ✅ 保存: 542A_1530_G-ビタブリッドJ_2027年2月期 第1四半期決算説明資料.pdf
   ✅ 保存: 5575_1530_G-Globee_2026年5月期 通期決算説明資料.pdf
   ✅ 保存: 5575_1530_G-Globee_2026年5月期 通期決算短信〔日本基準〕(非連結).pdf
   ✅ 保存: 5580_1530_G-プロディライト_2026年8月期第3四半期決算短信[日本基準](連結).pdf
   ✅ 保存: 5580_1530_G-プロディライト_2026年8月期第3四半期決算説明資料.pdf
   ✅ 保存: 5580_1530_G-プロディライト_トビラシステムズ株式会社との資本業務提携に関するお知らせ.pdf
   ✅ 保存: 5704_1530_G-JMC_取締役の辞任に関するお知らせ.pdf
   ✅ 保存: 575A_1530_前澤HD_上場廃止となった子会社(前澤工業株式会社)に関する決算開示について.pdf
   ✅ 保存: 575A_1530_前澤HD_当社子会社(前澤工業株式会社)における剰余金の配当に関するお知らせ.pdf
   ✅ 保存: 575A_1530_前澤HD_共同株式移転による1株に満たない端数の処理に伴う自己株式の買取に係る事項の決定に関するお知らせ.pdf
   ✅ 保存: 575A_1530_前澤HD_特別利益(負ののれん発生益)の計上に関するお知らせ.pdf
   ✅ 保存: 575A_1530_前澤HD_2027年3月期の連結業績予想および配当予想に関するお知らせ.pdf
   ✅ 保存: 575A_1530_前澤HD_株主優待制度導入に関するお知らせ.pdf
   ✅ 保存: 581A_1530_G-GO_繰延税金資産の計上及び2026年5月期 通期連結業績予想値と決算値との差異について.pdf
   ✅ 保存: 581A_1530_G-GO_2026年5月期 決算短信〔日本基準〕(連結).pdf
   ✅ 保存: 581A_1530_G-GO_2026年5月期 通期決算説明資料.pdf
   ✅ 保存: 581A_1530_G-GO_事業計画及び成長可能性に関する事項.pdf
   ✅ 保存: 5885_1530_ジーデップアドバンス_2026年5月期決算短信〔日本基準〕(非連結).pdf
   ✅ 保存: 5885_1530_ジーデップアドバンス_2026年5月期決算補足説明資料及び中期経営計画.pdf
   ✅ 保存: 5888_1530_G-ダイワサイクル_2027年1月期6月度 売上速報に関するお知らせ.pdf
   ✅ 保存: 5958_1530_三洋工_譲渡制限付株式報酬としての自己株式の処分に関するお知らせ.pdf
   ✅ 保存: 5958_1530_三洋工_社員持株会向け譲渡制限付株式インセンティブとしての自己株式の処分に関するお知らせ.pdf
   ✅ 保存: 6083_1530_ERI HD_2026年5月期決算短信〔日本基準〕(連結).pdf
   ✅ 保存: 6083_1530_ERI HD_剰余金の配当(増配)に関するお知らせ.pdf
   ✅ 保存: 6083_1530_ERI HD_2026年5月期決算説明資料.pdf
   ✅ 保存: 6083_1530_ERI HD_中期経営計画の数値目標修正に関するお知らせ.pdf
   ✅ 保存: 6083_1530_ERI HD_資本コストや株価を意識した経営の実現に向けた対応について(アップデート).pdf
   ✅ 保存: 6240_1530_ヤマシンフィルタ_株主優待制度の変更及び拡充に関するお知らせ.pdf
   ✅ 保存: 6306_1530_日工_譲渡制限付株式報酬としての自己株式の処分の払込完了に関するお知らせ.pdf
   ✅ 保存: 6496_1530_中北製作所_投資単位の引下げに関する考え方及び方針等について.pdf
   ✅ 保存: 6496_1530_中北製作所_2026年5月期通期連結業績予想と実績との差異に関するお知らせ.pdf
   ✅ 保存: 6496_1530_中北製作所_2026年5月期決算短信〔日本基準〕(連結).pdf
   ✅ 保存: 6578_1530_コレックHD_2027年2月期 第1四半期決算短信〔日本基準〕(連結).pdf
   ✅ 保存: 6578_1530_コレックHD_2027年2月期 第1四半期決算説明資料.pdf
   ✅ 保存: 6634_1530_JNグループ_2026年11月期中間決算短信〔日本基準〕(連結).pdf
   ✅ 保存: 6634_1530_JNグループ_営業外費用の計上に関するお知らせ.pdf
   ✅ 保存: 6658_1530_シライ電子_譲渡制限付株式報酬としての自己株式の処分に関するお知らせ.pdf
   ✅ 保存: 6923_1530_スタンレー電_株式報酬としての自己株式処分の払込完了に関するお知らせ.pdf
   ✅ 保存: 6966_1530_三井ハイテク_連結子会社からの配当金受領に関するお知らせ.pdf
   ✅ 保存: 7077_1530_G-ALiNK_2027年2月期 第1四半期決算短信〔日本基準〕(連結).pdf
   ✅ 保存: 7077_1530_G-ALiNK_2027年2月期 第1四半期決算説明資料.pdf
   ✅ 保存: 7083_1530_G-AHCグループ_2026年11月期第2四半期(中間期)決算短信〔日本基準〕(連結).pdf
   ✅ 保存: 7083_1530_G-AHCグループ_2026年11月期第2四半期(中間期)連結・個別業績予想と実績値との差異に関するお知らせ.pdf
   ✅ 保存: 7083_1530_G-AHCグループ_2026年11月期 第2四半期 決算説明資料.pdf
   ✅ 保存: 7083_1530_G-AHCグループ_新規事業の開始に関するお知らせ.pdf
   ✅ 保存: 7412_1530_アトム_譲渡制限付株式報酬としての自己株式の処分に関するお知らせ.pdf
   ✅ 保存: 7447_1530_ナガイレーベ_執行役員制度の導入および役員人事に関するお知らせ.pdf
   ✅ 保存: 7459_1530_メディパル_通期連結業績予想の修正に関するお知らせ.pdf
   ✅ 保存: 7459_1530_メディパル_2027年3月期配当予想の修正に関するお知らせ.pdf
   ✅ 保存: 7459_1530_メディパル_連結子会社からの配当金受領に関するお知らせ.pdf
   ✅ 保存: 7532_1530_パンパシフィックHD_上場廃止となった子会社(株式会社Olympicグループ)に関する決算開示について.pdf
   ✅ 保存: 7599_1530_IDOM_2027年2月期第1四半期決算短信〔日本基準〕(連結).pdf
   ✅ 保存: 7616_1530_コロワイド_譲渡制限付株式報酬としての自己株式の処分に関するお知らせ.pdf
   ✅ 保存: 7673_1530_ダイコー通産_配当予想の修正(増配)に関するお知らせ.pdf
   ✅ 保存: 7673_1530_ダイコー通産_2026年5月期 決算短信〔日本基準〕(非連結).pdf
   ✅ 保存: 7673_1530_ダイコー通産_2026年5月期 決算補足説明資料.pdf
   ✅ 保存: 7689_1530_G-コパ_2027年2月期第1四半期決算短信〔日本基準〕(非連結).pdf
   ✅ 保存: 7689_1530_G-コパ_2027年2月期 第1四半期決算説明資料.pdf
   ✅ 保存: 7888_1530_三光合成_2026年5月期決算短信[日本基準](連結).pdf
   ✅ 保存: 7888_1530_三光合成_2026年5月期通期業績予想(連結)と実績との差異及び特別損失の計上に関するお知らせ.pdf
   ✅ 保存: 7888_1530_三光合成_2026年5月期個別業績の前期実績値との差異に関するお知らせ.pdf
   ✅ 保存: 7888_1530_三光合成_個別決算における特別損失の計上に関するお知らせ.pdf
   ...Page 004 を確認中
   ✅ 保存: 7888_1530_三光合成_(訂正)「2025年5月期決算短信[日本基準](連結)の一部訂正について.pdf
   ✅ 保存: 7894_1530_丸東産_2027年2月期 第1四半期決算短信〔日本基準〕(連結).pdf
   ✅ 保存: 8237_1530_松屋_2027年2月期 第1四半期決算短信〔日本基準〕(連結).pdf
   ✅ 保存: 8273_1530_イズミ_2027年2月期 第1四半期決算短信〔日本基準〕(連結).pdf
   ✅ 保存: 8273_1530_イズミ_2027年2月期(2026年度)第1四半期 決算補足資料.pdf
   ✅ 保存: 8273_1530_イズミ_2027年2月期 第1四半期 決算説明会資料.pdf
   ✅ 保存: 8601_1530_大和証G_譲渡制限付株式報酬としての自己株式処分の払込完了に関するお知らせ.pdf
   ✅ 保存: 8628_1530_松井証_ストック・オプション(新株予約権)の発行に関するお知らせ.pdf
   ✅ 保存: 8793_1530_NECキャピ_特定子会社の異動に関するお知らせ.pdf
   ✅ 保存: 8904_1530_AVANTIA_2026年8月期 第3四半期決算短信〔日本基準〕(連結).pdf
   ✅ 保存: 9168_1530_G-ライズ_2027年2月期 第1四半期決算短信〔IFRS〕(連結).pdf
   ✅ 保存: 9168_1530_G-ライズ_2027年2月期 第1四半期決算説明会資料.pdf
   ✅ 保存: 9264_1530_ポエック_2026年8月期 第3四半期決算短信〔日本基準〕(連結).pdf
   ✅ 保存: 9812_1530_テーオーHD_2026年5月期 決算短信〔日本基準〕(連結).pdf
   ✅ 保存: 9812_1530_テーオーHD_剰余金の配当(無配)に関するお知らせ.pdf
   ✅ 保存: 9993_1530_ヤマザワ_2027年2月期 第1四半期決算短信〔日本基準〕(連結).pdf
   ✅ 保存: 194A_1518_G-WOLVES_鳥取ファクトリーの再稼働に伴う「キチンナノファイバー」事業の受注開始のお知らせ.pdf
   ✅ 保存: 3065_1515_ライフフーズ_2027年2月期 第1四半期決算短信〔日本基準〕(非連結).pdf
   ✅ 保存: 9449_1501_GMO_「グループAI推進本部」の設立及び担当役員人事に関するお知らせ.pdf
   ✅ 保存: 1967_1500_ヤマト_譲渡制限付株式報酬としての自己株式の処分の払込完了に関するお知らせ.pdf
   ✅ 保存: 2872_1500_セイヒョー_2027年2月期 第1四半期決算短信〔日本基準〕(非連結).pdf
   ✅ 保存: 2872_1500_セイヒョー_2027年2月期 第1四半期決算説明資料.pdf
   ✅ 保存: 2872_1500_セイヒョー_特別損失(固定資産除却損)の計上に関するお知らせ.pdf
   ✅ 保存: 4673_1500_川崎地質_2026年11月期第2四半期(中間期)決算短信〔日本基準〕(連結).pdf
   ✅ 保存: 501A_1500_P-プレシャスパート_臨時株主総会招集のための基準日設定及び臨時株主総会の開催並びに付議議案(定款の一部変更並びに会計監査人の選任)に関するお知らせ.pdf
   ✅ 保存: 6142_1500_富士精工_2027年2月期 第1四半期決算短信〔日本基準〕(連結).pdf
   ✅ 保存: 6142_1500_富士精工_2027年2月期第2四半期(中間期)及び通期連結業績予想の修正に関するお知らせ.pdf
   ✅ 保存: 6142_1500_富士精工_投資有価証券売却に伴う特別利益の計上見込みに関するお知らせ.pdf
   ✅ 保存: 6142_1500_富士精工_自己株式取得に係る事項の決定に関するお知らせ.pdf
   ✅ 保存: 6142_1500_富士精工_中期経営計画資料更新に関するお知らせ.pdf
   ✅ 保存: 6474_1500_不二越_2026年11月期 第2四半期(中間期)決算短信〔日本基準〕(連結).pdf
   ✅ 保存: 6474_1500_不二越_2026年11月期第2四半期(中間期)の業績予想と実績との差異及び通期業績予想の修正並びに配当予想の修正に関するお知らせ.pdf
   ✅ 保存: 7183_1500_あんしん保証_資金の借入に関するお知らせ.pdf
   ✅ 保存: 7520_1500_エコス_2027年2月期 第1四半期決算短信[日本基準](連結).pdf
   ✅ 保存: 7713_1500_シグマ光機_2026年5月期 決算短信〔日本基準〕(連結).pdf
   ✅ 保存: 7847_1500_グラファイトD_2027年2月期 第1四半期決算短信〔日本基準〕(非連結).pdf
   ✅ 保存: 8085_1500_ナラサキ_取締役及び執行役員に対する譲渡制限付株式としての自己株式処分に関するお知らせ.pdf
   ✅ 保存: 3181_1430_買取王国_2027年2月期 第1四半期決算短信〔日本基準〕(非連結).pdf
   ✅ 保存: 1815_1400_鉄建建設_株式分割及び株式分割に伴う定款の一部変更並びに配当予想の修正(増配)に関するお知らせ.pdf
   ✅ 保存: 7022_1400_サノヤスHD_自己株式の取得状況に関するお知らせ.pdf
   ✅ 保存: 8043_1400_スターゼン_取締役、執行役員及び従業員に対する譲渡制限付株式としての自己株式処分に関するお知らせ.pdf
   ✅ 保存: 8304_1400_あおぞら_株式報酬型ストック・オプション(新株予約権)の発行内容確定に関するお知らせ.pdf
   ✅ 保存: 9027_1400_ロジネットJ_譲渡制限付株式報酬としての自己株式の処分の払込完了に関するお知らせ.pdf
   ✅ 保存: 9444_1400_トーシンHD_(訂正・数値データ訂正)「2025年4月期 決算短信〔日本基準〕(連結)」の一部訂正について.pdf
   ✅ 保存: 9444_1400_トーシンHD_(訂正・数値データ訂正)「2026年4月期 第1四半期決算短信〔日本基準〕(連結)」の一部訂正について.pdf
   ✅ 保存: 9444_1400_トーシンHD_(訂正・数値データ訂正)「2026年4月期 第2四半期(中間期)決算短信〔日本基準〕(連結)」の一部訂正について.pdf
   ✅ 保存: 9444_1400_トーシンHD_(訂正・数値データ訂正)「2026年4月期 第3四半期決算短信〔日本基準〕(連結)」の一部訂正について.pdf
   ✅ 保存: 9444_1400_トーシンHD_2026年4月期 決算短信〔日本基準〕(連結).pdf
   ✅ 保存: 9444_1400_トーシンHD_特別損失(減損損失)の計上に関するお知らせ.pdf
   ✅ 保存: 9444_1400_トーシンHD_過年度の決算短信等の訂正に関するお知らせ.pdf
   ✅ 保存: 9444_1400_トーシンHD_2026年4月期決算短信の開示が期末後50日を超えたことに関するお知らせ.pdf
   ✅ 保存: 9601_1400_松竹_2027年2月期第1四半期決算短信〔日本基準〕(連結).pdf
   ✅ 保存: 9601_1400_松竹_2027年2月期第1四半期決算説明資料.pdf
   ✅ 保存: 9936_1400_王将フード_譲渡制限付株式報酬としての自己株式の処分に関するお知らせ.pdf
   ✅ 保存: 3177_1330_ありがとうS_2027年2月期 第1四半期決算短信〔日本基準〕(連結).pdf
   ✅ 保存: 3892_1300_岡山製紙_2026年5月期 決算短信[日本基準](非連結).pdf
   ✅ 保存: 4015_1300_G-ペイクラウドHD_2026年8月期 第3四半期決算短信〔日本基準〕(連結).pdf
   ✅ 保存: 4015_1300_G-ペイクラウドHD_2026年8月期第3四半期 決算説明資料.pdf
   ✅ 保存: 7218_1300_田中精密_譲渡制限付株式報酬としての自己株式の処分の払込完了に関するお知らせ.pdf
   ✅ 保存: 7686_1300_ひとまいる_月次報告(2026年6月度).pdf
   ✅ 保存: 8558_1300_東和銀_有価証券売却益の計上見込みに関するお知らせ.pdf
   ✅ 保存: 9837_1300_モリト_2026年11月期第2四半期(中間期)決算短信〔日本基準〕(連結).pdf
   ✅ 保存: 9837_1300_モリト_2026年11月期第2四半期決算概要.pdf
   ✅ 保存: 9837_1300_モリト_第9次中期経営計画「ACTION 1000」策定に関するお知らせ.pdf
   ✅ 保存: 9837_1300_モリト_利益配分に関する基本方針の変更(DOE基準引き上げおよび累進配当の導入)に関するお知らせ.pdf
   ✅ 保存: 9837_1300_モリト_自己株式の取得状況および取得終了に関するお知らせ.pdf
   ✅ 保存: 9837_1300_モリト_自己株式取得に係る事項の決定に関するお知らせ.pdf
   ✅ 保存: 4597_1230_G-ソレイジア_エピシルのブラジルにおける販売開始に向けた届出のお知らせ.pdf
   ✅ 保存: 587A_1210_E-インベスコQQQ_インベスコQQQトラスト シリーズ1 に関する日々の開示事項.pdf
   ✅ 保存: 1812_1200_鹿島_自己株式の取得状況及び取得終了に関するお知らせ.pdf
   ✅ 保存: 2763_1200_エフティグループ_主要株主の異動に関するお知らせ.pdf
   ✅ 保存: 3048_1200_ビックカメラ_2026年8月期 第3四半期決算短信〔日本基準〕(連結).pdf
   ✅ 保存: 3374_1200_内外テック_譲渡制限付株式報酬としての新株式発行に関するお知らせ.pdf
   ✅ 保存: 4432_1200_ウイングアーク_2027年2月期 1四半期決算短信〔IFRS〕(連結).pdf
   ✅ 保存: 4432_1200_ウイングアーク_自己株式取得に係る事項の決定に関するお知らせ.pdf
   ✅ 保存: 4432_1200_ウイングアーク_株主優待制度の新設に関するお知らせ.pdf
   ✅ 保存: 4440_1200_ヴィッツ_2026年8月期の連結業績予想の修正に関するお知らせ.pdf
   ✅ 保存: 4440_1200_ヴィッツ_2026年8月期 第3四半期決算短信〔日本基準〕(連結).pdf
   ✅ 保存: 6521_1200_G-オキサイド_2027年2月期 第1四半期決算短信〔日本基準〕(連結).pdf
   ✅ 保存: 6521_1200_G-オキサイド_2027年2月期 第1四半期決算補足説明資料.pdf
   ✅ 保存: 6521_1200_G-オキサイド_2027年2月期 第1四半期決算補足説明資料(スクリプト付).pdf
   ✅ 保存: 6521_1200_G-オキサイド_従業員に対する譲渡制限付株式報酬としての新株式の発行に関するお知らせ.pdf
   ✅ 保存: 7608_1200_SKジャパン_令和9年2月期 第1四半期決算短信〔日本基準〕(連結).pdf
   ✅ 保存: 7805_1200_プリントネット_2026年8月期 第3四半期決算短信〔日本基準〕(非連結).pdf
   ✅ 保存: 7805_1200_プリントネット_2026年8月期第3四半期 決算補足説明資料.pdf
   ✅ 保存: 1326_1150_E-ワールド_SPDRゴールド・シェアに関する日々の開示事項.pdf
   ✅ 保存: 2388_1130_G-ウェッジHD_2026年7月13日付昭和ホールディングス株式会社の適時開示について.pdf
   ✅ 保存: 4465_1130_ニイタカ_自己株式立会外買付取引(ToSTNeT-3)による自己株式の取得結果に関するお知らせ.pdf
   ✅ 保存: 2934_1100_G-Jフロンティア_業績予想の修正及び特別損失の計上に関するお知らせ.pdf
   ✅ 保存: 3634_1100_ソケッツ_福岡証券取引所への重複上場申請に関する取締役会決議のお知らせ.pdf
   ✅ 保存: 7085_1030_カーブスHD_自己株式立会外買付取引(ToSTNeT-3)による自己株式の取得結果に関するお知らせ.pdf
   ...Page 005 を確認中
   ✅ 保存: 131A_1000_P-CCNグループ_自己株式立会外買付取引(ToSTNeT-3)による自己株式の取得結果及び取得終了に関するお知らせ.pdf
   ✅ 保存: 6522_0850_G-アスタリスク_【アスタリスク】POS「Salasee(セラシー)」、三井住友カードの決済プラットフォーム「stera」との連携に関するお知らせ.pdf
   ✅ 保存: 4523_0830_エーザイ_抗Aβ抗体「レケンビ」の皮下注射製剤「LEQEMBI IQLIK」が早期アルツハイマー病に対する初期療法として米国FDAより承認取得.pdf
   ✅ 保存: 2164_0800_地域新聞社_買収への対応方針に基づく共同協調行為の再度の認定並びに新株予約権の無償割当て等及び定時株主総会における追認に関するお知らせ.pdf
   ...Page 006 を確認中
   📝 一覧CSV保存: TDnet_Sorted_20260714.csv
   📝 一覧CSV保存（ルート）: TDnet_Sorted_20260714.csv
   📊 日別統計: page_access=6, pdf_success=393, excluded=16

============================================================
✅ ①完了（範囲取得）
   期間: 20260714 ～ 20260714 （mode=day）
   一覧ページアクセス合計: 6
   PDFダウンロード成功合計: 393
   除外件数合計: 16
   保存ルート: G:\マイドライブ\TDnet_Downloads

$ C:\Users\onok\AppData\Local\Python\pythoncore-3.14-64\python.exe -u ②a②bは２つフリーワード検索.py analyze --target 20260714 --save-root G:\マイドライブ\TDnet_Downloads --keywords 価格交渉 増産 価格改定 価格転嫁 値上 想定以上 上方修正 下方修正 想定以下 未達 大幅 計画を上 計画を下 計画以 需要回復 需要の回復 需要が増 需要が低 悪化 グローバルニッチトップ トップシェア シェア拡大 レアアース
ルート: G:\マイドライブ\TDnet_Downloads
対象指定: 20260714 mode= day from= 20260714 to= 20260714
対象フォルダ数: 1
検索キーワード: ['価格交渉', '増産', '価格改定', '価格転嫁', '値上', '想定以上', '上方修正', '下方修正', '想定以下', '未達', '大幅', '計画を上', '計画を下', '計画以', '需要回復', '需要の回復', '需要が増', '需要が低', '悪化', 'グローバルニッチトップ', 'トップシェア', 'シェア拡大', 'レアアース']
総PDF数（推定）: 393
[1/1] 日付フォルダ 20260714 を処理中... (このフォルダ内PDF数: 393)
  進捗: 50/393 件のPDFを解析済み
  進捗: 100/393 件のPDFを解析済み
  進捗: 150/393 件のPDFを解析済み
  進捗: 200/393 件のPDFを解析済み
  進捗: 250/393 件のPDFを解析済み
  進捗: 300/393 件のPDFを解析済み
  進捗: 350/393 件のPDFを解析済み
  進捗: 393/393 件のPDFを解析済み
  → 日付フォルダ 20260714 のヒットPDF数: 134

✅ ②A 完了（解析専用・キーワード別ページ列）
解析PDF数: 393
ヒットPDF数: 134
出力CSV: Analysis_Hits_free_word_20260714.csv
保存先: G:\マイドライブ\TDnet_Downloads

$ C:\Users\onok\AppData\Local\Python\pythoncore-3.14-64\python.exe -u ②a②bは２つフリーワード検索.py distribute --target 20260714 --save-root G:\マイドライブ\TDnet_Downloads --no-stop-on-empty-meta

✅ ②B 完了（配布用CSV作成・キーワード別ページ列）
出力: PDF_Search_Result_Distribution_free_word_20260714_sh.csv
キーワード列: ['価格交渉', '増産', '価格改定', '価格転嫁', '値上', '想定以上', '上方修正', '下方修正', '想定以下', '未達', '大幅', '計画を上', '計画を下', '計画以', '需要回復', '需要の回復', '需要が増', '需要が低', '悪化', 'グローバルニッチトップ', 'トップシェア', 'シェア拡大', 'レアアース']
突合除外件数: 0
空欄アラート件数: 0

============================================
 Done: 2026-07-14 23:09:49
============================================
