============================================
 TDnet auto run: 20260528
 Start: 2026-05-28 23:00:11
============================================

$ C:\Users\onok\AppData\Local\Python\pythoncore-3.14-64\python.exe -u ①_tdnetアクセスしてダウンロードする処理（月日付別フォルダ保存）.py --target 20260528 --save-root G:\マイドライブ\TDnet_Downloads
🎯 対象指定: 20260528（mode=day, from=20260528, to=20260528）
📁 保存ルート: G:\マイドライブ\TDnet_Downloads

============================================================
📅 日付: 20260528 を処理します
   ...Page 001 を確認中
   ✅ 保存: 7037_1900_テノ._特別利益及び特別損失の計上に関するお知らせ.pdf
   ✅ 保存: 7203_1845_トヨタ自_(開示事項の変更・訂正)「会社分割(簡易吸収分割)に関するお知らせ」の一部変更・訂正について.pdf
   ✅ 保存: 6574_1825_G-コンヴァノ_(訂正)「決算期(事業年度の末日)の変更及び定款の一部変更に関するお知らせ」の一部訂正について.pdf
   ✅ 保存: 5028_1800_G-セカンドサイト_従業員に対する譲渡制限付株式としての自己株式の処分に関するお知らせ.pdf
   ✅ 保存: 5821_1800_平河ヒューテ_(訂正・数値データ訂正)「2026年3月期 決算短信〔日本基準〕(連結)」の一部訂正について.pdf
   ✅ 保存: 6521_1800_G-オキサイド_事業計画及び成長可能性に関する事項.pdf
   ✅ 保存: 7803_1800_G-ブシロード_(訂正・数値データ訂正)連結子会社の異動(株式譲渡)、特別利益の計上(見込み)、及び通期連結業績予想の修正に関するお知らせ.pdf
   ✅ 保存: 8968_1800_R-福岡_(訂正)「資産運用会社における取締役の退任及び就任に関するお知らせ」の一部訂正について.pdf
   ✅ 保存: 9790_1800_福井コンピ_主要株主の異動に関するお知らせ.pdf
   ✅ 保存: 3175_1745_APHD_第三者割当による普通株式及び優先株式の発行、定款の一部変更並びに資本金等の額の減少に関するお知らせ.pdf
   ✅ 保存: 3175_1745_APHD_取締役候補の選任に関するお知らせ.pdf
   ✅ 保存: 2338_1730_クオンタムS_上場維持基準(純資産基準)への適合に向けた計画(改善期間入り)について.pdf
   ✅ 保存: 266A_1730_P-グローカルマーケ_東京証券取引所 TOKYO PRO Marketへの上場目的の開示.pdf
   ✅ 保存: 3896_1730_阿波製紙_第5次中期経営計画策定のお知らせ.pdf
   ✅ 保存: 4060_1730_G-rakumo_(訂正)「2026年12月期 第1四半期決算説明資料」の一部訂正について.pdf
   ✅ 保存: 4800_1730_オリコン_MBOの実施及び応募の推奨に関するお知らせ.pdf
   ✅ 保存: 4800_1730_オリコン_メディア株式会社によるオリコン株式会社(証券コード_4800)に対する公開買付けの開始に関するお知らせ.pdf
   ✅ 保存: 4800_1730_オリコン_2027年3月期配当予想の修正(無配)に関するお知らせ.pdf
   ✅ 保存: 4800_1730_オリコン_当社株券等の大量買付行為への対応策(買収への対応方針)の非継続(廃止)について.pdf
   ✅ 保存: 7118_1730_伸和ホールディングス_取締役候補者及び監査役候補者の選任に関するお知らせ.pdf
   ✅ 保存: 9348_1730_G-ispace_(訂正・数値データ訂正)「2026年3月期 決算短信」及び「2026年3月期通期 決算説明資料」の一部訂正についてのお知らせ.pdf
   ✅ 保存: 9348_1730_G-ispace_定款一部変更に関するお知らせ.pdf
   ✅ 保存: 4069_1715_G-BlueMeme_持株会社体制への移行準備開始及び監査等委員会設置会社への移行に関するお知らせ.pdf
   ✅ 保存: 4069_1715_G-BlueMeme_第20期定時株主総会の継続会の開催方針に関するお知らせ.pdf
   ✅ 保存: 3905_1710_G-データセクション_(訂正・数値データ訂正)「2026年3月期 決算短信〔日本基準〕(連結)」の一部訂正に関するお知らせ.pdf
   ✅ 保存: 1822_1700_大豊建_主要株主の異動に関するお知らせ.pdf
   ✅ 保存: 2321_1700_G-ソフトフロントH_代表取締役の異動及び役員の異動に関するお知らせ.pdf
   ✅ 保存: 2332_1700_クエスト_2026年3月期 決算説明資料.pdf
   ✅ 保存: 2593_1700_伊藤園_業績予想(連結・個別)の修正に関するお知らせ.pdf
   ✅ 保存: 2894_1700_石井食_譲渡制限付株式報酬制度の導入に関するお知らせ.pdf
   ✅ 保存: 2927_1700_AFC-HD_連結子会社株式会社さいか屋の新株予約権の行使状況及び今後の見通しに関するお知らせ.pdf
   ✅ 保存: 310A_1700_P-サーティーフォー_資金の借入に関するお知らせ.pdf
   ✅ 保存: 3133_1700_G-海帆_臨時株主総会招集のための基準日設定に関するお知らせ.pdf
   ✅ 保存: 3223_1700_エスエルディー_親会社の異動に関するお知らせ.pdf
   ✅ 保存: 3223_1700_エスエルディー_支配株主等に関する事項について.pdf
   ✅ 保存: 3223_1700_エスエルディー_非上場の親会社等の決算に関するお知らせ.pdf
   ✅ 保存: 3260_1700_エスポア_当社株式の監理銘柄(確認中)の指定に関するお知らせ.pdf
   ✅ 保存: 4069_1700_G-BlueMeme_(開示事項の経過)2026年3月期決算発表の日程変更に関するお知らせ (経緯及び過年度までの暫定影響額について).pdf
   ✅ 保存: 4069_1700_G-BlueMeme_通期業績予想の修正に関するお知らせ.pdf
   ✅ 保存: 456A_1700_G-ヒューマンメイド_当社株式の貸借銘柄選定に関するお知らせ.pdf
   ✅ 保存: 4761_1700_さくらKCS_人事異動に関するお知らせ.pdf
   ✅ 保存: 6039_1700_G-日本動物高度医療_連結子会社からの配当金受領に関するお知らせ.pdf
   ✅ 保存: 7217_1700_テイン_剰余金の配当に関するお知らせ.pdf
   ✅ 保存: 8143_1700_ラピーヌ_投資有価証券売却益(特別利益)の計上に関するお知らせ.pdf
   ✅ 保存: 8143_1700_ラピーヌ_(訂正・数値データ訂正)「2026年2月期 決算短信〔日本基準〕(連結)」の 一部訂正について.pdf
   ✅ 保存: 8254_1700_さいか屋_新株予約権の行使状況及び今後の見通しに関するお知らせ.pdf
   ✅ 保存: 8518_1700_アジア投資_定款の一部変更に関するお知らせ.pdf
   ✅ 保存: 9083_1700_神姫バス_組織変更及び役員人事に関するお知らせ.pdf
   ✅ 保存: 7719_1650_東京衡機_当社役員人事および人事異動に関するお知らせ.pdf
   ✅ 保存: 7745_1650_A&DホロンHD_当社連結子会社および同社執行役員に対する略式命令について.pdf
   ✅ 保存: 5573_1645_P-働楽HD_2026年3月期 決算短信〔日本基準〕(連結).pdf
   ✅ 保存: 5573_1645_P-働楽HD_剰余金の配当に関するお知らせ.pdf
   ✅ 保存: 2266_1630_六甲バター_自己株式の取得及び自己株式立会外買付取引(ToSTNeT-3)による自己株式の買付けに関するお知らせ.pdf
   ✅ 保存: 2454_1630_オールアバウト_資本金の額の減少及び剰余金の処分に関するお知らせ.pdf
   ✅ 保存: 2454_1630_オールアバウト_役員の異動に関するお知らせ.pdf
   ✅ 保存: 3063_1630_G-jGroup_株主優待制度の変更(拡充)に関するお知らせ.pdf
   ✅ 保存: 3063_1630_G-jGroup_創業30周年記念株主優待の実施に関するお知らせ.pdf
   ✅ 保存: 3063_1630_G-jGroup_配当予想の修正(30周年記念配当 増配)に関するお知らせ.pdf
   ✅ 保存: 3063_1630_G-jGroup_譲渡制限付株式報酬としての新株式発行に関するお知らせ.pdf
   ✅ 保存: 3063_1630_G-jGroup_第5回新株予約権(行使価額修正条項選択権付)の行使停止要請通知に関するお知らせ.pdf
   ✅ 保存: 3063_1630_G-jGroup_第5回新株予約権(行使価額修正条項選択権付)の取得及び消却に関するお知らせ.pdf
   ✅ 保存: 3279_1630_R-API_国内不動産信託受益権の譲渡に係る譲渡先変更に関するお知らせ(神戸旧居留地25番館).pdf
   ✅ 保存: 3418_1630_G-バルニバービ_(開示事項の変更)固定資産取得に係る総投資額の変更に関するお知らせ.pdf
   ✅ 保存: 3476_1630_R-投資法人みらい_国内不動産信託受益権の譲渡に関するお知らせ(THINGS青山).pdf
   ✅ 保存: 3810_1630_サイバーステップHD_主要株主の異動に関するお知らせ.pdf
   ✅ 保存: 471A_1630_NSグループ_自己株式の取得及び自己株式立会外買付取引(ToSTNet-3)による自己株式の買付けに関するお知らせ.pdf
   ✅ 保存: 5290_1630_ベルテクス_「当社ならびに主要子会社(ベルテクス株式会社)における役員人事に関するお知らせ」の一部変更について.pdf
   ✅ 保存: 6993_1630_大黒屋_代表取締役の異動及び役員人事に関するお知らせ.pdf
   ✅ 保存: 8077_1630_トルク_上場維持基準への適合に関するお知らせ.pdf
   ✅ 保存: 8337_1630_千葉興銀_役員の異動に関するお知らせ.pdf
   ✅ 保存: 9557_1630_G-エアクロ_株式の立会外分売実施についてのお知らせ.pdf
   ✅ 保存: 132A_1600_P-アイエヌHD_当社連結子会社における資金の借入に関するお知らせ.pdf
   ✅ 保存: 2152_1600_幼児活動研究会_支配株主等に関する事項について.pdf
   ✅ 保存: 2152_1600_幼児活動研究会_公益財団法人財務会計基準機構への加入状況及び加入に関する考え方等に関するお知らせ.pdf
   ✅ 保存: 251A_1600_P-ニューロマジック_業績連動型報酬制度の改定に関するお知らせ.pdf
   ✅ 保存: 251A_1600_P-ニューロマジック_支配株主等に関する事項について.pdf
   ✅ 保存: 2882_1600_イートアンドHD_譲渡制限付株式報酬としての新株式の発行に関するお知らせ.pdf
   ✅ 保存: 3010_1600_ポラリスHD_不正アクセス(Booking.com アカウント)に関するお知らせ.pdf
   ✅ 保存: 3306_1600_日製麻_監査等委員である取締役以外の取締役候補者の辞退に関するお知らせ.pdf
   ✅ 保存: 3495_1600_香陵住販_2026年9月期第2四半期決算説明資料.pdf
   ✅ 保存: 4429_1600_G-リックソフト_取締役に対する譲渡制限付株式としての自己株式の処分に関するお知らせ.pdf
   ✅ 保存: 445A_1600_P-東洋コーポ_通期連結業績予想の修正に関するお知らせ.pdf
   ✅ 保存: 4584_1600_G-キッズ・バイオ_その他の関係会社の異動に関するお知らせ.pdf
   ✅ 保存: 4645_1600_市進HD_役員体制に関するお知らせ.pdf
   ✅ 保存: 4661_1600_OLC_支配株主等に関する事項について.pdf
   ✅ 保存: 4925_1600_HABA_第2次中期経営計画の数値目標の修正に関するお知らせ.pdf
   ✅ 保存: 5076_1600_インフロニアHD_当社子会社における役員報酬の自主返上等について.pdf
   ✅ 保存: 5858_1600_G-STG_剰余金の配当に関するお知らせ.pdf
   ✅ 保存: 6195_1600_G-ホープ_定款一部変更及び補欠監査役選任に関するお知らせ.pdf
   ✅ 保存: 6378_1600_木村化工_大規模買付行為への対応方針(買収への対応方針)継続に関するお知らせ.pdf
   ✅ 保存: 6432_1600_竹内製作所_投資単位引き下げに関する考え方および方針について.pdf
   ✅ 保存: 6840_1600_AKIBA_代表取締役及び役員の異動(予定)に関するお知らせ.pdf
   ✅ 保存: 7040_1600_サン・ライフHD_譲渡制限付株式報酬制度の導入に関するお知らせ.pdf
   ✅ 保存: 7059_1600_コプロHD_支配株主等に関する事項について.pdf
   ✅ 保存: 7176_1600_P-シンプレクスFH_2026年3月期 決算短信〔日本基準〕(連結).pdf
   ✅ 保存: 7176_1600_P-シンプレクスFH_2026年3月期の連結業績及び個別業績の前期実績値との差異に関するお知らせ.pdf
   ✅ 保存: 7247_1600_ミクニ_令和8年3月期決算発表日の決定に関するお知らせ.pdf
   ✅ 保存: 7425_1600_初穂商事_株式分割、株式分割に伴う定款の一部変更及び配当予想の修正に関するお知らせ.pdf
   ✅ 保存: 7516_1600_コーナン商_役員の委嘱事項の変更等に関するお知らせ.pdf
   ✅ 保存: 7608_1600_SKジャパン_譲渡制限付株式報酬としての新株式発行に関するお知らせ.pdf
   ...Page 002 を確認中
   ✅ 保存: 7695_1600_G-交換できるくん_持株会社体制への移行に伴う新設分割及び定款変更(事業目的の変更)に関するお知らせ.pdf
   ✅ 保存: 8011_1600_三陽商_譲渡制限付株式報酬としての自己株式の処分に関するお知らせ.pdf
   ✅ 保存: 8289_1600_OlympicG_株式交換契約に係る定時株主総会の承認可決に関するお知らせ.pdf
   ✅ 保存: 8289_1600_OlympicG_自己株式の消却に関するお知らせ.pdf
   ✅ 保存: 8729_1600_ソニーFG_不正事案の未然防止・早期発見に向けたソニー生命の取組進捗について.pdf
   ✅ 保存: 8898_1600_センチュリー21_支配株主等に関する事項について.pdf
   ✅ 保存: 8898_1600_センチュリー21_公益財団法人財務会計基準機構への加入状況及び加入に関する考え方等に関するお知らせ.pdf
   ✅ 保存: 9270_1600_G-バリュエンスHD_新株予約権(ストックオプション)の消却に関するお知らせ.pdf
   ✅ 保存: 9272_1600_G-ブティックス_募集新株予約権(税制適格ストック・オプション及び有償ストック・オプション)の発行内容確定に関するお知らせ.pdf
   ✅ 保存: 9446_1600_サカイHD_株主還元方針の変更に関するお知らせ.pdf
   ✅ 保存: 9661_1600_歌舞伎_支配株主等に関する事項について.pdf
   ✅ 保存: 9828_1600_ゲンキGDC_2026年3月期 決算説明会資料.pdf
   ✅ 保存: 4598_1555_G-DELTA-P_DFP-17729の臨床第2_3相比較試験の第2相部分の症例登録完了に関するお知らせ.pdf
   ✅ 保存: 8059_1545_第一実業_株主優待制度の新設に関するお知らせ.pdf
   ✅ 保存: 6777_1540_santecHD_事後交付型株式報酬制度の導入に関するお知らせ.pdf
   ✅ 保存: 7357_1540_ジオコード_取締役の体制に関するお知らせ.pdf
   ✅ 保存: 1711_1530_SDSHD_第11回ストックオプション(新株予約権)の発行内容確定に関するお知らせ.pdf
   ✅ 保存: 2246_1530_仏債7-10ヘッジ有_「NEXT FUNDS ブルームバーグ・フランス国債(7-10年)インデックス(為替ヘッジあり)連動型上場投信」の信託終了にかかる約款変更のお知らせ.pdf
   ✅ 保存: 2311_1530_エプコ_(訂正)「2026年12月期第1四半期決算説明資料」の一部訂正について.pdf
   ✅ 保存: 2341_1530_アルバイトタイ_支配株主等に関する事項について.pdf
   ✅ 保存: 265A_1530_G-エイチエムコム_2026 年12月期第1四半期決算 FAQ.pdf
   ✅ 保存: 2678_1530_アスクル_2026年5月期5月度月次業績のお知らせ.pdf
   ✅ 保存: 2742_1530_ハローズ_株式報酬型ストックオプション(新株予約権)の発行について.pdf
   ✅ 保存: 276A_1530_G-ククレブ_販売用不動産の売却に関するお知らせ.pdf
   ✅ 保存: 2877_1530_日東ベスト_剰余金の配当に関するお知らせ.pdf
   ✅ 保存: 2930_1530_北の達人_支配株主等に関する事項について.pdf
   ✅ 保存: 3030_1530_ハブ_支配株主等に関する事項について.pdf
   ✅ 保存: 3030_1530_ハブ_人事異動に関するお知らせ.pdf
   ✅ 保存: 3075_1530_銚子丸_支配株主等に関する事項について.pdf
   ✅ 保存: 3166_1530_OCHI・HD_剰余金の配当に関するお知らせ.pdf
   ✅ 保存: 3166_1530_OCHI・HD_定款一部変更に関するお知らせ.pdf
   ✅ 保存: 3166_1530_OCHI・HD_組織変更及び役職の異動に関するお知らせ.pdf
   ✅ 保存: 3182_1530_オイシックスラ大地_会計監査人の異動に関するお知らせ.pdf
   ✅ 保存: 3198_1530_SFPHD_支配株主等に関する事項について.pdf
   ✅ 保存: 3252_1530_地主_2026年12月期 第1四半期決算に関する質疑応答.pdf
   ✅ 保存: 3269_1530_R-ADR_国内不動産の取得に関するお知らせ≪レジディア武蔵小山≫.pdf
   ✅ 保存: 3296_1530_R-日本リート_国内不動産信託受益権の譲渡に関するお知らせ(築地フロント).pdf
   ✅ 保存: 3387_1530_クリレスHD_支配株主等に関する事項について.pdf
   ✅ 保存: 339A_1530_G-プログレス_譲渡制限付株式報酬としての自己株式の処分に関するお知らせ.pdf
   ✅ 保存: 3612_1530_ワールド_譲渡制限付株式報酬としての自己株式の処分に関するお知らせ.pdf
   ✅ 保存: 3750_1530_ADR120S_セルーション遠心分離器の新規受注に関するお知らせ.pdf
   ✅ 保存: 3996_1530_サインポスト_従業員に対する株式報酬制度導入に関するお知らせ.pdf
   ✅ 保存: 4023_1530_クレハ_譲渡制限付株式報酬としての自己株式の処分の払込完了に関するお知らせ.pdf
   ✅ 保存: 4056_1530_G-ニューラル_連結子会社からの配当金受領に関するお知らせ.pdf
   ✅ 保存: 4317_1530_レイ_譲渡制限付株式報酬としての自己株式の処分に関するお知らせ.pdf
   ✅ 保存: 4374_1530_G-ロボペイ_2026年4月度 月次リカーリング収益のお知らせ.pdf
   ✅ 保存: 4384_1530_ラクスル_当社株式の上場廃止に関するお知らせ.pdf
   ✅ 保存: 4389_1530_G-プロパティDBK_2026年3月期決算説明会資料(事業計画及び成長可能性に関する事項).pdf
   ✅ 保存: 4389_1530_G-プロパティDBK_(訂正)適時開示資料「剰余金の配当に関するお知らせ」の一部訂正について.pdf
   ✅ 保存: 4570_1530_G-免疫生物研究所_2026年3月期(第44期)決算説明資料.pdf
   ✅ 保存: 4689_1530_LINEヤフー_(訂正)「2026年3月期 決算短信[IFRS](連結)」の一部訂正について.pdf
   ✅ 保存: 4813_1530_ACCESS_譲渡制限付株式報酬としての自己株式処分の払込完了に関するお知らせ.pdf
   ✅ 保存: 4975_1530_JCU_剰余金の配当に関するお知らせ.pdf
   ✅ 保存: 5025_1530_G-マーキュリー_支配株主等に関する事項について.pdf
   ✅ 保存: 5290_1530_ベルテクス_自己株式取得に係る事項の決定に関するお知らせ.pdf
   ✅ 保存: 5290_1530_ベルテクス_自己株式の消却に関するお知らせ.pdf
   ✅ 保存: 542A_1530_G-ビタブリッドJ_事業計画及び成長可能性に関する事項.pdf
   ✅ 保存: 5974_1530_中国工_剰余金の配当に関するお知らせ.pdf
   ✅ 保存: 6047_1530_Gunosy_連結子会社からの配当金受領並びに業績予想(個別)の修正に関するお知らせ.pdf
   ✅ 保存: 6093_1530_エスクローAJ_取締役及び執行役員人事に関するお知らせ.pdf
   ✅ 保存: 6224_1530_G-JRC_事業計画及び成長可能性に関する事項.pdf
   ✅ 保存: 6471_1530_日本精工_剰余金の配当に関するお知らせ.pdf
   ✅ 保存: 6543_1530_日宣_譲渡制限付株式報酬としての自己株式の処分に関するお知らせ.pdf
   ✅ 保存: 6578_1530_コレックHD_支配株主等に関する事項について.pdf
   ✅ 保存: 6584_1530_三桜工_2026年3月期 決算説明会資料.pdf
   ✅ 保存: 6594_1530_ニデック_機構改革および役員等の異動に関するお知らせ.pdf
   ✅ 保存: 6615_1530_UMCエレ_(訂正・数値データ訂正)「2026 年3月期 決算短信〔日本基準〕(連結)」の一部訂正について.pdf
   ✅ 保存: 6659_1530_メディアリンクス_(開示事項の経過)会計監査人の異動に関するお知らせ.pdf
   ✅ 保存: 6702_1530_富士通_剰余金の配当に関するお知らせ.pdf
   ✅ 保存: 6702_1530_富士通_「中長期経営ビジョン2035」策定に関するお知らせ.pdf
   ✅ 保存: 6754_1530_アンリツ_従業員持株会に対する譲渡制限付株式としての自己株式処分に関するお知らせ.pdf
   ✅ 保存: 6863_1530_ニレコ_剰余金の配当に関するお知らせ.pdf
   ✅ 保存: 6890_1530_フェローテック_定款の一部変更に関するお知らせ.pdf
   ✅ 保存: 7181_1530_かんぽ生命保険_2026年3月末エンベディッド・バリューの開示について.pdf
   ✅ 保存: 7276_1530_小糸製_自己株式の取得状況及び取得終了に関するお知らせ.pdf
   ✅ 保存: 7649_1530_スギHD_支配株主等に関する事項について.pdf
   ✅ 保存: 7911_1530_TOPPAN HD_剰余金の配当に関するお知らせ.pdf
   ✅ 保存: 8008_1530_4°C HD_「当社株式の大規模買付行為に関する対応策(買収への対応方針)」に基づく 独立委員会委員の一部交代に関するお知らせ.pdf
   ✅ 保存: 8013_1530_ナイガイ_報告セグメントの変更に関するお知らせ.pdf
   ✅ 保存: 8016_1530_オンワードHD_譲渡制限付株式報酬としての自己株式の処分に関するお知らせ.pdf
   ✅ 保存: 8139_1530_ナガホリ_リ・ジェネレーション株式会社らによる当社株式を対象とする買集め行為を踏まえた買収への対応方針の継続・更新について.pdf
   ✅ 保存: 8181_1530_東天紅_支配株主等に関する事項について.pdf
   ✅ 保存: 8181_1530_東天紅_非上場の親会社等の決算に関するお知らせ.pdf
   ✅ 保存: 8237_1530_松屋_役員等の異動に関するお知らせ.pdf
   ✅ 保存: 8411_1530_みずほ_株主提案の撤回に関する書面の受領および第24期定時株主総会の付議事項について.pdf
   ✅ 保存: 8801_1530_三井不_自己株式の取得状況および取得終了に関するお知らせ.pdf
   ✅ 保存: 8931_1530_和田興産_役員の担当委嘱に関するお知らせ.pdf
   ✅ 保存: 8951_1530_R-ビルF_資金の借入に関するお知らせ.pdf
   ✅ 保存: 9060_1530_日ロジテム_(訂正・数値データ訂正)「2026年3月期決算短信〔日本基準〕(連結)」の一部訂正に関するお知らせ.pdf
   ✅ 保存: 9060_1530_日ロジテム_剰余金の配当に関するお知らせ.pdf
   ✅ 保存: 9060_1530_日ロジテム_定款の一部変更に関するお知らせ.pdf
   ✅ 保存: 9060_1530_日ロジテム_役員の異動に関するお知らせ.pdf
   ✅ 保存: 9065_1530_山九_不動産管理会社(子会社)の設立に関するお知らせ.pdf
   ✅ 保存: 9166_1530_G-GENDA_よくある質問と回答(2026年5月).pdf
   ✅ 保存: 9271_1530_G-和心_自己株式の取得状況および取得終了に関するお知らせ.pdf
   ✅ 保存: 9537_1530_北陸瓦斯_剰余金の配当に関するお知らせ.pdf
   ✅ 保存: 9537_1530_北陸瓦斯_役員および重要な使用人の異動に関するお知らせ.pdf
   ✅ 保存: 9537_1530_北陸瓦斯_支配株主等に関する事項について.pdf
   ✅ 保存: 9602_1530_東宝_役員人事に関するお知らせ.pdf
   ✅ 保存: 9602_1530_東宝_取締役及び執行役員に対する譲渡制限付株式報酬としての自己株式処分に関するお知らせ.pdf
   ...Page 003 を確認中
   ✅ 保存: 9716_1530_乃村工芸_譲渡制限付株式報酬としての自己株式の処分に関するお知らせ.pdf
   ✅ 保存: 9716_1530_乃村工芸_業績条件型譲渡制限付株式報酬としての自己株式の処分に関するお知らせ.pdf
   ✅ 保存: 9793_1530_ダイセキ_譲渡制限付株式報酬としての自己株式の処分に関するお知らせ.pdf
   ✅ 保存: 9849_1530_共同紙_債権の取立不能又は取立遅延のおそれに関するお知らせ.pdf
   ✅ 保存: 9903_1530_カンセキ_支配株主等に関する事項について.pdf
   ✅ 保存: 9903_1530_カンセキ_株式報酬型ストック・オプション(新株予約権)の発行について.pdf
   ✅ 保存: 9984_1530_ソフトバンクグループ_2021年発行米ドル建普通社債の期限前償還に関するお知らせ.pdf
   ✅ 保存: 9993_1530_ヤマザワ_取締役に対する譲渡制限付株式としての自己株式処分に関するお知らせ.pdf
   ✅ 保存: 142A_1500_G-ジンジブ_資本金及び資本準備金の額の減少並びに剰余金の処分に関するお知らせ.pdf
   ✅ 保存: 1776_1500_三住道路_当社株式の上場廃止に関するお知らせ.pdf
   ✅ 保存: 2700_1500_木徳神糧_役員等の異動に関するお知らせ.pdf
   ✅ 保存: 3477_1500_G-フォーライフ_2026年3月期 決算説明資料.pdf
   ✅ 保存: 4432_1500_ウイングアーク_支配株主等に関する事項について.pdf
   ✅ 保存: 4437_1500_G-GDH_定款一部変更に関するお知らせ.pdf
   ✅ 保存: 4437_1500_G-GDH_取締役、監査役及び補欠監査役候補者の選任に関するお知らせ.pdf
   ✅ 保存: 5531_1500_P-中山不動産_販売用不動産取得のお知らせ.pdf
   ✅ 保存: 7287_1500_日本精機_2026年3月期決算説明会資料.pdf
   ✅ 保存: 7741_1500_HOYA_剰余金の配当(期末配当)に関するお知らせ.pdf
   ✅ 保存: 8747_1500_豊トラスティ証券_連結総資産の減少に関するお知らせ.pdf
   ✅ 保存: 9685_1500_KYCOM_2026年3月期 剰余金の配当に関するお知らせ.pdf
   ✅ 保存: 9835_1500_ジュンテンド_鳥取西部農業協同組合、全国農業協同組合連合会鳥取県本部との売買基本契約の締結に関するお知らせ.pdf
   ✅ 保存: 2323_1450_fonfun_2026年3月期通期決算説明会Q&A書き起こし公開およびアーカイブ動画公開のお知らせ.pdf
   ✅ 保存: 3946_1430_トーモク_第3次中期経営計画策定に関するお知らせ.pdf
   ✅ 保存: 7120_1430_SHINKO_役員人事に関するお知らせ.pdf
   ✅ 保存: 7120_1430_SHINKO_定款一部変更に関するお知らせ.pdf
   ✅ 保存: 7120_1430_SHINKO_株式会社TACの株式取得(子会社化)に関するお知らせ.pdf
   ✅ 保存: 7120_1430_SHINKO_業績条件型譲渡制限付株式報酬制度の導入に関するお知らせ.pdf
   ✅ 保存: 4593_1415_G-ヘリオス_NEDO公募課題「AIの安全性確保に関する研究開発・検証等の推進事業」開発成果の発表に関するお知らせ.pdf
   ✅ 保存: 1975_1400_朝日工_(訂正)「中期経営計画策定に関するお知らせ」の一部訂正について.pdf
   ✅ 保存: 5078_1400_セレコーポレーション_支配株主等に関する事項について.pdf
   ✅ 保存: 5992_1400_中央発条_「中計アップデート 2025年度_1年目の振返り」の策定に関するお知らせ.pdf
   ✅ 保存: 7245_1400_大同メタル_剰余金の配当に関するお知らせ.pdf
   ✅ 保存: 7494_1400_コナカ_財務上の特約が付された金銭消費貸借契約の弁済期限の変更に関するお知らせ.pdf
   ✅ 保存: 3245_1330_ディア・ライフ_収益不動産の取得に関するお知らせ.pdf
   ✅ 保存: 3490_1330_アズ企画設計_販売用不動産の売却及び借入金の返済に関するお知らせ.pdf
   ✅ 保存: 7213_1330_レシップHD_2026年3月期 通期決算説明資料.pdf
   ✅ 保存: 7590_1330_タカショー_2027年1月期 第1四半期 決算ダイジェスト.pdf
   ✅ 保存: 7590_1330_タカショー_2027年1月期 第1四半期 決算説明資料.pdf
   ✅ 保存: 3558_1300_G-ジェイドグループ_2027年2月期 (2026年度) の業績予想に関して.pdf
   ✅ 保存: 3863_1300_日本紙_中期経営計画2030の公表について.pdf
   ✅ 保存: 4735_1300_京進_2026年2月期 決算・経営方針説明会資料.pdf
   ✅ 保存: 4834_1300_キャリアバンク_自己株式の消却に関するお知らせ.pdf
   ✅ 保存: 4834_1300_キャリアバンク_株式併合、単元株式数の定めの廃止及び定款一部変更に関する臨時株主総会開催のお知らせ.pdf
   ✅ 保存: 5915_1300_駒井ハルテック_主要株主および主要株主である筆頭株主の異動に関するお知らせ.pdf
   ✅ 保存: 6874_1300_協立電機_代表取締役の異動に関するお知らせ.pdf
   ✅ 保存: 1326_1250_E-ワールド_SPDRゴールド・シェアに関する日々の開示事項.pdf
   ✅ 保存: 490A_1200_P-センス・トラスト_(訂正)「2026年3月期決算短信[日本基準](非連結)」の一部訂正について.pdf
   ✅ 保存: 7894_1200_丸東産_支配株主等に関する事項について.pdf
   ✅ 保存: 9235_1135_G-売れるネットG_【売上14.63億円】【黒字】モバイルシステム・モバイル通信会社「パロットビーク株式会社」株式取得による完全子会社化に向けた基本合意締結(補足説明資料).pdf
   ✅ 保存: 3634_1130_ソケッツ_当社係争案件における判決について.pdf
   ✅ 保存: 5711_1130_三菱マ_会社分割(簡易吸収分割)による銅精鉱の購入および電気銅等の販売に係る事業の統合に関する最終契約書の締結について.pdf
   ✅ 保存: 8107_1130_キムラタン_資本金の額の減少並びに剰余金の処分に関するお知らせ.pdf
   ✅ 保存: 9235_1130_G-売れるネットG_【売上14.63億円】【黒字】モバイルシステム・モバイル通信会社「パロットビーク株式会社」株式取得による“完全子会社化”に関する基本合意締結のお知ら.pdf
   ✅ 保存: 6167_1120_冨士ダイス_2026年3月期 決算補足説明資料.pdf
   ✅ 保存: 3667_1100_enish_第2回無担保社債(私募債)の払込完了に関するお知らせ.pdf
   ✅ 保存: 6699_1100_ダイヤHD_第8期定時株主総会の継続会の開催に関するお知らせ.pdf
   ✅ 保存: 6699_1100_ダイヤHD_業績連動型株式報酬制度の一部改定に関するお知らせ.pdf
   ✅ 保存: 7284_1030_盟和産_2026年3月期決算説明会資料.pdf
   ✅ 保存: 2689_1000_オルバヘルスケアHD_(訂正)オルバヘルスケアHDとディーブイエックスとの株式交換契約の締結、商号の変更及び定款の一部変更、並びに、代表取締役の異動等に関するお知らせ.pdf
   ✅ 保存: 3079_1000_DVx_(訂正)オルバヘルスケアHDとディーブイエックスとの株式交換契約の締結、並びに、親会社、主要株主及び主要株主である筆頭株主の異動等に関するお知らせ.pdf
   ✅ 保存: 5805_1000_SWCC_連結子会社の異動を伴う株式譲渡に関するお知らせ.pdf
   ✅ 保存: 6013_1000_タクマ_2026年3月期決算説明会資料.pdf
   ✅ 保存: 7291_1000_日本プラスト_自己株式立会外買付取引(ToSTNeT-3)による自己株式の取得結果及び取得終了に関するお知らせ.pdf
   ✅ 保存: 7414_1000_小野建_2026年3月期 決算説明資料.pdf
   ✅ 保存: 9257_0945_G-YCP_当社子会社による立会外終値取引(ToSTNeT-2)を通じた当社JDRの取得結果に関するお知らせ.pdf
   ✅ 保存: 7943_0930_ニチハ_2026年3月期 決算説明資料.pdf
   ✅ 保存: 3922_0850_PRTIMES_(訂正)「支配株主等に関する事項について」の一部訂正について.pdf
   ✅ 保存: 3070_0830_G-ジェリービーンズ_MYONEとの業務提携に関するお知らせ.pdf
   ✅ 保存: 3070_0830_G-ジェリービーンズ_MYONEとの業務提携に関するお知らせ補足説明資料.pdf
   ✅ 保存: 4776_0830_CYBOZU_(追加)「主要株主である筆頭株主の異動予定に関するお知らせ」の補足情報について.pdf
   ✅ 保存: 7118_0800_伸和ホールディングス_名古屋証券取引所ネクスト市場への上場のお知らせ.pdf
   ✅ 保存: 7118_0800_伸和ホールディングス_事業計画及び成長可能性に関する事項.pdf
   ...Page 004 を確認中
   📝 一覧CSV保存: TDnet_Sorted_20260528.csv
   📝 一覧CSV保存（ルート）: TDnet_Sorted_20260528.csv
   📊 日別統計: page_access=4, pdf_success=272, excluded=7

============================================================
✅ ①完了（範囲取得）
   期間: 20260528 ～ 20260528 （mode=day）
   一覧ページアクセス合計: 4
   PDFダウンロード成功合計: 272
   除外件数合計: 7
   保存ルート: G:\マイドライブ\TDnet_Downloads

$ C:\Users\onok\AppData\Local\Python\pythoncore-3.14-64\python.exe -u ②a②bは２つフリーワード検索.py analyze --target 20260528 --save-root G:\マイドライブ\TDnet_Downloads --keywords 価格交渉 増産 価格改定 価格転嫁 値上 想定以上 上方修正 下方修正 想定以下 未達 大幅 計画を上 計画を下 計画以 需要回復 需要の回復 需要が増 需要が低 悪化 グローバルニッチトップ トップシェア シェア拡大 レアアース
ルート: G:\マイドライブ\TDnet_Downloads
対象指定: 20260528 mode= day from= 20260528 to= 20260528
対象フォルダ数: 1
検索キーワード: ['価格交渉', '増産', '価格改定', '価格転嫁', '値上', '想定以上', '上方修正', '下方修正', '想定以下', '未達', '大幅', '計画を上', '計画を下', '計画以', '需要回復', '需要の回復', '需要が増', '需要が低', '悪化', 'グローバルニッチトップ', 'トップシェア', 'シェア拡大', 'レアアース']
総PDF数（推定）: 272
[1/1] 日付フォルダ 20260528 を処理中... (このフォルダ内PDF数: 272)
  進捗: 50/272 件のPDFを解析済み
MuPDF error: format error: cycle in structure tree

MuPDF error: format error: cycle in structure tree

MuPDF error: format error: cycle in structure tree

  進捗: 100/272 件のPDFを解析済み
  進捗: 150/272 件のPDFを解析済み
  進捗: 200/272 件のPDFを解析済み
  進捗: 250/272 件のPDFを解析済み
  進捗: 272/272 件のPDFを解析済み
  → 日付フォルダ 20260528 のヒットPDF数: 43

✅ ②A 完了（解析専用・キーワード別ページ列）
解析PDF数: 272
ヒットPDF数: 43
出力CSV: Analysis_Hits_free_word_20260528.csv
保存先: G:\マイドライブ\TDnet_Downloads

$ C:\Users\onok\AppData\Local\Python\pythoncore-3.14-64\python.exe -u ②a②bは２つフリーワード検索.py distribute --target 20260528 --save-root G:\マイドライブ\TDnet_Downloads --no-stop-on-empty-meta

✅ ②B 完了（配布用CSV作成・キーワード別ページ列）
出力: PDF_Search_Result_Distribution_free_word_20260528_sh.csv
キーワード列: ['価格交渉', '増産', '価格改定', '価格転嫁', '値上', '想定以上', '上方修正', '下方修正', '想定以下', '未達', '大幅', '計画を上', '計画を下', '計画以', '需要回復', '需要の回復', '需要が増', '需要が低', '悪化', 'グローバルニッチトップ', 'トップシェア', 'シェア拡大', 'レアアース']
突合除外件数: 0
空欄アラート件数: 0

============================================
 Done: 2026-05-28 23:05:24
============================================
