============================================
 TDnet auto run: 20260713
 Start: 2026-07-13 23:00:01
============================================

$ C:\Users\onok\AppData\Local\Python\pythoncore-3.14-64\python.exe -u ①_tdnetアクセスしてダウンロードする処理（月日付別フォルダ保存）.py --target 20260713 --save-root G:\マイドライブ\TDnet_Downloads
🎯 対象指定: 20260713（mode=day, from=20260713, to=20260713）
📁 保存ルート: G:\マイドライブ\TDnet_Downloads

============================================================
📅 日付: 20260713 を処理します
   ...Page 001 を確認中
   ✅ 保存: 2462_1830_ライク_長期経営計画(2027年5月期~2035年5月期)の策定に関するお知らせ.pdf
   ✅ 保存: 8818_1830_京阪神ビ_主要株主の異動に関するお知らせ.pdf
   ✅ 保存: 3236_1820_プロパスト_(訂正)「取締役(監査等委員であるものを除く。)および監査等委員である取締役候補者ならびに補欠の監査等委員である取締役候補者等の決定に関するお知らせ」.pdf
   ✅ 保存: 7870_1800_福島印_従業員持株会に対する譲渡制限付株式としての自己株式処分に関するお知らせ.pdf
   ✅ 保存: 7523_1745_アールビバン_(訂正)MBOの実施及び応募の推奨に関するお知らせ.pdf
   ✅ 保存: 7042_1740_アクセスグループ_株式会社学生情報センターとの業務提携に関するお知らせ.pdf
   ✅ 保存: 589A_1730_G-ネイス_第三者割当増資の結果に関するお知らせ.pdf
   ✅ 保存: 6557_1730_G-AIAI_取締役(監査等委員である取締役及び社外取締役を除く。)に対する新株予約権 (税制適格ストック・オプション)の発行内容確定に関するお知らせ.pdf
   ✅ 保存: 7042_1730_アクセスグループ_取締役等に対する譲渡制限付株式報酬としての新株式発行に関するお知らせ.pdf
   ✅ 保存: 5103_1710_昭和HD_当社が保有する子会社株式等についての処分禁止の仮処分命令の発令に関するお知らせ.pdf
   ✅ 保存: 1793_1700_大本組_譲渡制限付株式報酬としての自己株式処分に関するお知らせ.pdf
   ✅ 保存: 4345_1700_シーティーエス_自己株式の取得状況に関するお知らせ.pdf
   ✅ 保存: 509A_1700_I-Gライト・再エネ_太陽光発電所月次発電電力量実績及び出力制御に関するお知らせ(2026年6月).pdf
   ✅ 保存: 551A_1700_P-IZUMI_株式会社富士設計の株式の取得(子会社化)に関するお知らせ.pdf
   ✅ 保存: 7063_1700_G-Birdman_第9回新株予約権の一部譲渡承認に関するお知らせ.pdf
   ✅ 保存: 7185_1700_ヒロセ通商_譲渡制限付株式報酬としての自己株式処分に関するお知らせ.pdf
   ✅ 保存: 9644_1700_タナベコンサルG_自己株式の取得状況および取得終了に関するお知らせ.pdf
   ✅ 保存: 9942_1700_ジョイフル_資金調達に関するお知らせ.pdf
   ✅ 保存: 9942_1700_ジョイフル_固定資産の取得に関するお知らせ.pdf
   ✅ 保存: 7085_1645_カーブスHD_自己株式立会外買付取引(ToSTNeT-3)による自己株式の買付けに関するお知らせ.pdf
   ✅ 保存: 7815_1640_東京ボード工業_2027年2月期 第1四半期決算短信〔日本基準〕(連結).pdf
   ✅ 保存: 7815_1640_東京ボード工業_2027年2月期連結業績予想の修正に関するお知らせ.pdf
   ✅ 保存: 7815_1640_東京ボード工業_(開示事項の経過)特別損失の計上に関するお知らせ.pdf
   ✅ 保存: 131A_1630_P-CCNグループ_自己株式の取得及び自己株式立会外買付取引(ToSTNeT-3)による自己株式の買付けに関するお知らせ.pdf
   ✅ 保存: 4465_1630_ニイタカ_自己株式立会外買付取引(ToSTNeT-3)による自己株式の買付けに関するお知らせ.pdf
   ✅ 保存: 5974_1630_中国工_譲渡制限付株式報酬としての自己株式の処分の払込完了に関するお知らせ.pdf
   ✅ 保存: 6342_1630_太平製作所_取締役会の実効性評価結果の概要について.pdf
   ✅ 保存: 7185_1630_ヒロセ通商_2026年6月度 月次概況(速報)に関するお知らせ.pdf
   ✅ 保存: 9643_1630_中日興_映画鑑賞料金改定のお知らせ.pdf
   ✅ 保存: 7604_1610_梅の花グループ_(訂正・数値データ訂正)「2026年4月期 決算短信〔日本基準〕(連結)」.pdf
   ✅ 保存: 1401_1600_G-エムビーエス_2026年5月期決算短信〔日本基準〕(非連結).pdf
   ✅ 保存: 1401_1600_G-エムビーエス_投資有価証券評価損(特別損失)の計上に関するお知らせ.pdf
   ✅ 保存: 146A_1600_コロンビア・ワークス_自己株式の取得状況及び取得終了に関するお知らせ.pdf
   ✅ 保存: 1572_1600_H株レバレッジダブル_2026年12月期 中間決算短信(2025年12月5日~2026年6月4日).pdf
   ✅ 保存: 1573_1600_H株インバース_2026年12月期 中間決算短信(2025年12月5日~2026年6月4日).pdf
   ✅ 保存: 1679_1600_NYダウ_2026年12月期 中間決算短信(2025年12月7日~2026年6月6日).pdf
   ✅ 保存: 1963_1600_日揮HD_業績連動型株式報酬としての自己株式の処分に関するお知らせ.pdf
   ✅ 保存: 1963_1600_日揮HD_譲渡制限付株式報酬としての自己株式の処分に関するお知らせ.pdf
   ✅ 保存: 2162_1600_nms HD_株式会社ワールドホールディングスによる当社株式に対する公開買付けの結果及び親会社の異動に関するお知らせ.pdf
   ✅ 保存: 2338_1600_クオンタムS_上場維持基準(純資産基準)への適合に向けた計画の進捗状況について(第1回).pdf
   ✅ 保存: 2338_1600_クオンタムS_営業外収益及び営業外費用の計上に関するお知らせ.pdf
   ✅ 保存: 2338_1600_クオンタムS_2027年2月期第1四半期決算短信〔日本基準〕(連結).pdf
   ✅ 保存: 2429_1600_ワールドHD_nmsホールディングス株式会社(証券コード_2162)に対する公開買付けの結果及び子会社の異動(特定子会社の異動)に関するお知らせ.pdf
   ✅ 保存: 2654_1600_アスモ_2026年6月度 月次実績のお知らせ.pdf
   ✅ 保存: 2736_1600_フェスタリアHD_2026年8月期 第3四半期決算短信〔日本基準〕(連結).pdf
   ✅ 保存: 2736_1600_フェスタリアHD_過年度法人税等の計上に関するお知らせ.pdf
   ✅ 保存: 2736_1600_フェスタリアHD_株主優待制度の拡充に関するお知らせ.pdf
   ✅ 保存: 2736_1600_フェスタリアHD_【フェスタリアHD】国内事業月次売上速報(6月速報).pdf
   ✅ 保存: 3080_1600_ジェーソン_2027年2月期 第1四半期決算短信〔日本基準〕(連結).pdf
   ✅ 保存: 3103_1600_ユニチカ_和解による訴訟の解決に関するお知らせ.pdf
   ✅ 保存: 3121_1600_マーチャント_株式会社TIGEREYE との合弁会社設立のお知らせ ~AI映像制作の展開~.pdf
   ✅ 保存: 3276_1600_JPMC_2026年12月期 6月度月次情報.pdf
   ✅ 保存: 3907_1600_シリコンスタジオ_2026年11月期 第2四半期(中間期)決算短信〔日本基準〕(非連結).pdf
   ✅ 保存: 3907_1600_シリコンスタジオ_2026年11月期 通期業績予想の修正及び配当予想の修正に関するお知らせ.pdf
   ✅ 保存: 4935_1600_リベルタ_第7回新株予約権(行使価額修正条項付)の大量行使に関するお知らせ.pdf
   ✅ 保存: 5244_1600_G-jig.jp_当社取締役による当社株式取得に関するお知らせ.pdf
   ✅ 保存: 6174_1600_P-デンタス_第三者割当による新株式発行に関するお知らせ.pdf
   ✅ 保存: 7725_1600_インターアクション_2026年5月期決算短信〔日本基準〕(連結).pdf
   ✅ 保存: 7725_1600_インターアクション_2026年5月期決算説明会資料.pdf
   ✅ 保存: 7725_1600_インターアクション_株式給付信託(BBT)の改定に関するお知らせ.pdf
   ✅ 保存: 9265_1600_ヤマシタヘルスケア_2026年5月期決算短信〔日本基準〕(連結).pdf
   ✅ 保存: 9265_1600_ヤマシタヘルスケア_剰余金の配当(記念配当の実施)に関するお知らせ.pdf
   ✅ 保存: 9265_1600_ヤマシタヘルスケア_通期連結業績予想と実績値の差異に関するお知らせ.pdf
   ✅ 保存: 9418_1600_U-NEXT_2026年8月期 第3四半期決算短信[日本基準](連結).pdf
   ✅ 保存: 9418_1600_U-NEXT_2026年8月期 第3四半期決算説明資料.pdf
   ✅ 保存: 9661_1600_歌舞伎_2027年2月期 第1四半期決算短信〔日本基準〕(連結).pdf
   ✅ 保存: 2340_1550_極楽湯HD_株式報酬型ストック・オプション(新株予約権)の発行内容確定に関するお知らせ.pdf
   ✅ 保存: 3282_1550_R-コンフォリア_2027年1月期の運用状況の予想の修正及び2027年7月期の運用状況の予想に関するお知らせ.pdf
   ✅ 保存: 3282_1550_R-コンフォリア_新投資口発行及び投資口売出しに関するお知らせ.pdf
   ✅ 保存: 3282_1550_R-コンフォリア_2026年7月13日付で公表したプレスリリースに関する補足説明資料.pdf
   ✅ 保存: 3282_1550_R-コンフォリア_国内不動産及び不動産信託受益権の取得に関するお知らせ(コンフォリア志茂 他4物件).pdf
   ✅ 保存: 3282_1550_R-コンフォリア_国内不動産信託受益権の取得に係る取得価格の決定に関するお知らせ.pdf
   ✅ 保存: 3236_1540_プロパスト_2026年5月期 決算短信〔日本基準〕(連結).pdf
   ✅ 保存: 3236_1540_プロパスト_剰余金の配当(増配)に関するお知らせ.pdf
   ✅ 保存: 3236_1540_プロパスト_取締役(監査等委員であるものを除く。)および監査等委員である取締役候補者ならびに補欠の監査等委員である取締役候補者等の決定に関するお知らせ.pdf
   ✅ 保存: 6159_1540_ミクロン精密_2026年8月期 第3四半期決算短信〔日本基準〕(連結).pdf
   ✅ 保存: 5250_1531_GMOプライム_2026年12月期 第2四半期(中間期)決算短信〔日本基準〕(連結).pdf
   ...Page 002 を確認中
   ✅ 保存: 5250_1531_GMOプライム_2026年12月期 第2四半期決算説明資料.pdf
   ✅ 保存: 130A_1530_G-VIS_人事異動(執行役員)のお知らせ.pdf
   ✅ 保存: 1377_1530_サカタのタネ_2026年5月期 決算短信[日本基準](連結).pdf
   ✅ 保存: 1377_1530_サカタのタネ_2026年5月期 決算短信補足説明資料.pdf
   ✅ 保存: 1377_1530_サカタのタネ_剰余金の配当(増配)に関するお知らせ.pdf
   ✅ 保存: 1377_1530_サカタのタネ_自己株式の取得に係る事項の決定に関するお知らせ.pdf
   ✅ 保存: 1377_1530_サカタのタネ_長期経営計画「PASSION2035」策定に関するお知らせ.pdf
   ✅ 保存: 1942_1530_関電工_譲渡制限付株式報酬としての自己株式の処分に関するお知らせ.pdf
   ✅ 保存: 2186_1530_ソーバル_2027年2月期第1四半期決算短信〔日本基準〕(連結).pdf
   ✅ 保存: 2286_1530_林兼産_譲渡制限付株式報酬としての自己株式の処分に関するお知らせ.pdf
   ✅ 保存: 2305_1530_スタジオアリス_2027年2月期 第1四半期決算短信〔日本基準〕(連結).pdf
   ✅ 保存: 2305_1530_スタジオアリス_2026年6月の月次売上高等について.pdf
   ✅ 保存: 2334_1530_G-イオレ_募集新株予約権(有償ストック・オプション)の発行内容確定に関するお知らせ.pdf
   ✅ 保存: 2462_1530_ライク_2026年5月期 決算短信〔日本基準〕(連結).pdf
   ✅ 保存: 2462_1530_ライク_配当方針の変更に関するお知らせ.pdf
   ✅ 保存: 278A_1530_G-テラドローン_第23回新株予約権(行使価額固定型)の行使に関するお知らせ.pdf
   ✅ 保存: 278A_1530_G-テラドローン_第19回新株予約権(行使価額修正条項付)の大量行使に関するお知らせ.pdf
   ✅ 保存: 3075_1530_銚子丸_2027年2月期 第1四半期決算短信[日本基準](非連結).pdf
   ✅ 保存: 3087_1530_ドトル日レス_2027年2月期 第1四半期決算短信〔日本基準〕(連結).pdf
   ✅ 保存: 3148_1530_クリエイトSDH_2026年5月期 決算短信〔日本基準〕(連結).pdf
   ✅ 保存: 3148_1530_クリエイトSDH_剰余金の配当(増配)に関するお知らせ.pdf
   ✅ 保存: 3160_1530_大光_月次売上高及び前年比についてのお知らせ.pdf
   ✅ 保存: 3168_1530_MERF_2026年8月期通期業績予想の修正に関するお知らせ.pdf
   ✅ 保存: 3168_1530_MERF_2026年8月期 第3四半期決算短信〔日本基準〕(連結).pdf
   ✅ 保存: 3317_1530_フライングG_資本コストや株価を意識した経営の実現に向けた対応について(アップデート).pdf
   ✅ 保存: 3349_1530_コスモス薬品_2026年5月期 決算短信〔日本基準〕(連結).pdf
   ✅ 保存: 3349_1530_コスモス薬品_剰余金の配当に関するお知らせ.pdf
   ✅ 保存: 3457_1530_And Do HLD_業績予想の修正に関するお知らせ.pdf
   ✅ 保存: 3501_1530_SUMINOE_繰延税金資産の取り崩し及び2026年5月期通期業績予想の修正に関するお知らせ.pdf
   ✅ 保存: 3834_1530_朝日ネット_2026年6月末「ASAHIネット」インターネット接続契約数の状況.pdf
   ✅ 保存: 3856_1530_Abalance_臨時株主総会招集のための基準日設定に関するお知らせ.pdf
   ✅ 保存: 3856_1530_Abalance_自己株式の取得状況に関するお知らせ.pdf
   ✅ 保存: 3900_1530_G-クラウドワークス_2026年9月期通期連結業績予想の修正(上方修正)に関するお知らせ.pdf
   ✅ 保存: 3987_1530_G-エコモット_2026年8月期 第3四半期決算短信〔日本基準〕(連結).pdf
   ✅ 保存: 3987_1530_G-エコモット_2026年8月期第3四半期決算説明資料.pdf
   ✅ 保存: 3987_1530_G-エコモット_特別利益(負ののれん発生益)の計上及び繰延税金資産計上に関するお知らせ.pdf
   ✅ 保存: 3987_1530_G-エコモット_株主優待制度の変更(拡充)に関するお知らせ.pdf
   ✅ 保存: 3994_1530_マネーフォワード_2026年11月期 第2四半期決算説明資料.pdf
   ✅ 保存: 3994_1530_マネーフォワード_通期業績予想の修正に関するお知らせ.pdf
   ✅ 保存: 3994_1530_マネーフォワード_2026年11月期第2四半期(中間期)決算短信〔日本基準〕(連結).pdf
   ✅ 保存: 4076_1530_G-シイエヌエス_剰余金の配当(特別配当)に関するお知らせ.pdf
   ✅ 保存: 4076_1530_G-シイエヌエス_2026年5月期 決算短信〔日本基準〕(連結).pdf
   ✅ 保存: 4076_1530_G-シイエヌエス_2026年5月期 決算説明資料.pdf
   ✅ 保存: 4171_1530_グローバルI_株式会社ユーザベースによる当社株式に係る株式売渡請求を行うことの決定、当該株式売渡請求に係る承認及び当社株式の上場廃止に関するお知らせ.pdf
   ✅ 保存: 4171_1530_グローバルI_(開示事項の経過)臨時株主総会の不開催及び基準日の取消しに関するお知らせ.pdf
   ✅ 保存: 4171_1530_グローバルI_譲渡制限付株式の無償取得及び自己株式の消却に関するお知らせ.pdf
   ✅ 保存: 4199_1530_G-ワンプラ_2026年8月期 第3四半期決算短信〔日本基準〕(非連結).pdf
   ✅ 保存: 4199_1530_G-ワンプラ_2026年8月期 第3四半期決算説明資料.pdf
   ✅ 保存: 4199_1530_G-ワンプラ_株式会社サンリオとの新作ゲームの共同開発に関する合意のお知らせ.pdf
   ✅ 保存: 4374_1530_G-ロボペイ_2026年6月度 月次売上高のお知らせ.pdf
   ✅ 保存: 4443_1530_Sansan_当社グループ従業員等に対する株価条件付ストックオプション(新株予約権)の発行に関するお知らせ.pdf
   ✅ 保存: 4443_1530_Sansan_特別利益及び特別損失の計上、繰延税金資産の減少並びに通期連結業績と前期実績との差異に関するお知らせ.pdf
   ✅ 保存: 4443_1530_Sansan_2026年5月期 通期 決算説明資料.pdf
   ✅ 保存: 4443_1530_Sansan_2026年5月期 通期 決算短信〔日本基準〕(連結).pdf
   ✅ 保存: 4465_1530_ニイタカ_2026年5月期 決算短信〔日本基準〕(連結).pdf
   ✅ 保存: 4465_1530_ニイタカ_配当予想の修正(増配)に関するお知らせ.pdf
   ✅ 保存: 4465_1530_ニイタカ_自己株式取得に係る事項の決定に関するお知らせ (会社法第459条第1項の規定による定款の定めに基づく自己株式の取得).pdf
   ✅ 保存: 4569_1530_杏林製薬_アレルギー性結膜炎治療剤「アレジオン眼瞼クリーム0.5%」の日本における共同販売促進契約締結のお知らせ.pdf
   ✅ 保存: 4599_1530_G-ステムリム_再生誘導医薬レダセムチド(HMGB1 断片ペプチド)の心筋症、陳旧性心筋梗塞、およびそれらに起因する慢性心不全を適応症とした特許登録(カナダ)のお知らせ.pdf
   ✅ 保存: 463A_1530_インテリックスHD_2026年5月期 決算短信〔日本基準〕(連結).pdf
   ✅ 保存: 463A_1530_インテリックスHD_2026年5月期 決算説明資料.pdf
   ✅ 保存: 4761_1530_さくらKCS_譲渡制限付株式報酬としての自己株式の処分の払込完了に関するお知らせ.pdf
   ✅ 保存: 4886_1530_あすか製薬HD_譲渡制限付株式報酬としての自己株式の処分に関するお知らせ.pdf
   ✅ 保存: 4886_1530_あすか製薬HD_従業員持株会向け譲渡制限付株式インセンティブとしての自己株式の処分に関するお知らせ.pdf
   ✅ 保存: 4985_1530_アース製薬_当社連結子会社によるシンガポール現地法人(Marvel Clean PTE. LTD.、Marvel Home PTE. LTD.)の株式取得に関するお知らせ.pdf
   ✅ 保存: 4985_1530_アース製薬_機構の変更及び人事異動に関するお知らせ.pdf
   ✅ 保存: 5075_1530_アップコン_株式の立会外分売に関するお知らせ.pdf
   ✅ 保存: 520A_1530_G-ジェイファーマ_取締役及び執行役員に対する譲渡制限付株式報酬としての新株式発行に関するお知らせ.pdf
   ✅ 保存: 5393_1530_ニチアス_取締役および執行役員に対する譲渡制限付株式としての自己株式処分に関するお知らせ.pdf
   ✅ 保存: 547A_1530_ムニノバHD_会社分割(簡易吸収分割) 及び無担保社債の名称変更・連帯保証 に関するお知らせ.pdf
   ✅ 保存: 5536_1530_P-京橋アートレジ_2026年11月期 中間決算短信〔日本基準〕(連結).pdf
   ✅ 保存: 6037_1530_楽待_(訂正)「自己株式の取得状況に関するお知らせ(会社法第165 条第2項の規定による定款の定めに基づく自己株式の取得)」の一部訂正について.pdf
   ✅ 保存: 6093_1530_ミトラG_2027年2月期第1四半期 決算説明における想定質問と回答.pdf
   ✅ 保存: 6454_1530_マックス_譲渡制限付株式報酬としての自己株式の処分に関するお知らせ.pdf
   ✅ 保存: 6522_1530_G-アスタリスク_第三者割当による第9及び第10回新株予約権の発行価額の払込完了に関するお知らせ.pdf
   ✅ 保存: 6584_1530_三桜工_ステークホルダーの皆さまから頂戴した質問とそれに対する回答(2026年3月期通期決算).pdf
   ✅ 保存: 6902_1530_デンソー_完全子会社(株式会社デンソークリエイト)との吸収合併及び完全子会社(デンソーテクノ株式会社)との吸収分割に関する決議のお知らせ.pdf
   ✅ 保存: 7085_1530_カーブスHD_2026年8月期第3四半期決算短信〔日本基準〕(連結).pdf
   ✅ 保存: 7085_1530_カーブスHD_2026年8月期第3四半期 決算補足説明資料.pdf
   ✅ 保存: 7085_1530_カーブスHD_自己株式の取得に関するお知らせ.pdf
   ✅ 保存: 7370_1530_G-Enjin_2026年5月期 決算短信〔日本基準〕(連結).pdf
   ✅ 保存: 7370_1530_G-Enjin_2026年5月期 通期決算説明資料(事業計画及び成長可能性に関する事項).pdf
   ✅ 保存: 7370_1530_G-Enjin_定款の一部変更に関するお知らせ.pdf
   ✅ 保存: 7389_1530_あいちFG_譲渡制限付株式報酬としての自己株式の処分の払込完了に関するお知らせ.pdf
   ✅ 保存: 7426_1530_山大_(変更)「ナイス株式会社による当社株式に対する公開買付けに関する賛同の意見表明及び応募推奨のお知らせ」の一部変更について.pdf
   ✅ 保存: 7513_1530_コジマ_2026年8月期 第3四半期決算短信〔日本基準〕(非連結).pdf
   ✅ 保存: 7513_1530_コジマ_2026年8月期 第3四半期決算補足説明資料.pdf
   ✅ 保存: 7513_1530_コジマ_配当方針の変更及び期末配当予想の修正(増配)に関するお知らせ.pdf
   ✅ 保存: 7513_1530_コジマ_株主優待制度の変更(拡充)に関するお知らせ.pdf
   ✅ 保存: 7513_1530_コジマ_自己株式取得に係る事項の決定に関するお知らせ.pdf
   ✅ 保存: 7875_1530_竹田iP_(開示事項の経過)大英エレクトロニクス株式会社の株式取得(子会社化)完了のお知らせ.pdf
   ✅ 保存: 7979_1530_松風_譲渡制限付株式報酬としての自己株式の処分の払込完了に関するお知らせ.pdf
   ✅ 保存: 8089_1530_ナイス_株式会社山大(証券コード_7426)に対する公開買付けに係る公開買付期間延長のお知らせ.pdf
   ✅ 保存: 8142_1530_トーホー_2026年6月度 月次売上高のお知らせ.pdf
   ✅ 保存: 8181_1530_東天紅_2027年2月期 第1四半期決算短信[日本基準](非連結).pdf
   ✅ 保存: 8247_1530_大和_2027年2月期 第1四半期決算短信〔日本基準〕(連結).pdf
   ✅ 保存: 8360_1530_山梨中銀_譲渡制限付株式報酬としての自己株式の処分に関するお知らせ.pdf
   ✅ 保存: 8595_1530_ジャフコ グループ_譲渡制限付株式報酬としての自己株式の処分に関するお知らせ.pdf
   ✅ 保存: 8750_1530_第一ライフグループ_株式報酬制度に関する新株式発行についての払込完了に関するお知らせ.pdf
   ...Page 003 を確認中
   ✅ 保存: 8954_1530_R-オリックスF_資金の借入及び借入金の期限前弁済に関するお知らせ.pdf
   ✅ 保存: 9068_1530_丸全運_譲渡制限付株式報酬としての自己株式の処分に関するお知らせ.pdf
   ✅ 保存: 9216_1530_ビーウィズ_2026年5月期 決算短信〔日本基準〕(連結).pdf
   ✅ 保存: 9216_1530_ビーウィズ_剰余金の配当に関するお知らせ.pdf
   ✅ 保存: 9226_1530_P-アイガー_2026年11月期 中間決算短信〔日本基準〕(連結).pdf
   ✅ 保存: 9278_1530_ブックオフGHD_2026年5月期業績予想値と実績値との差異及び剰余金の配当に関するお知らせ.pdf
   ✅ 保存: 9278_1530_ブックオフGHD_2026年5月期 決算短信〔日本基準〕(連結).pdf
   ✅ 保存: 9278_1530_ブックオフGHD_2026年5月期決算補足資料.pdf
   ✅ 保存: 9278_1530_ブックオフGHD_2026年5月期決算説明資料.pdf
   ✅ 保存: 9278_1530_ブックオフGHD_FACT BOOK 2026.pdf
   ✅ 保存: 9564_1530_FCE_子会社設立に関するお知らせ.pdf
   ✅ 保存: 9956_1530_バローHD_2027年3月期 6月度月次営業情報に関するお知らせ.pdf
   ✅ 保存: 5949_1500_ユニプレス_譲渡制限付株式報酬としての自己株式の処分に関するお知らせ.pdf
   ✅ 保存: 6217_1500_津田駒工_業績予想の修正に関するお知らせ.pdf
   ✅ 保存: 6217_1500_津田駒工_令和8年11月期第2四半期(中間期)決算短信[日本基準](連結).pdf
   ✅ 保存: 6897_1500_ツインバード_2027年2月期 第1四半期決算短信〔日本基準〕(非連結).pdf
   ✅ 保存: 6897_1500_ツインバード_2027年2月期 第1四半期決算説明資料.pdf
   ✅ 保存: 6897_1500_ツインバード_役員報酬減額の継続に関するお知らせ.pdf
   ✅ 保存: 7276_1500_小糸製_譲渡制限付株式報酬としての自己株式の処分の払込完了に関するお知らせ.pdf
   ✅ 保存: 7743_1500_シード_(開示事項の変更)「固定資産の取得(鴻巣研究所4号棟第二期計画)に関するお知らせ」の 一部変更について.pdf
   ✅ 保存: 8095_1500_アステナHD_業績予想値と実績値の差異に関するお知らせ.pdf
   ✅ 保存: 8095_1500_アステナHD_2026年11月期 第2四半期決算短信〔日本基準〕(連結).pdf
   ✅ 保存: 5644_1445_メタルアート_(変更)「Gerbera holdings株式会社による当社株式に対する 公開買付けに関する賛同の意見表明及び応募推奨のお知らせ」の変更に関するお知らせ.pdf
   ✅ 保存: 5644_1445_メタルアート_Gerbera holdings株式会社による株式会社メタルアート(証券コード_5644)の普通株式に対する公開買付けの買付条件等の変更に関するお知らせ.pdf
   ✅ 保存: 7130_1430_ヤマエグループHD_譲渡制限付株式報酬としての新株式発行に関するお知らせ.pdf
   ✅ 保存: 2991_1400_ランドネット_2026年6月度 月次業績速報.pdf
   ✅ 保存: 8101_1400_GSIクレオス_譲渡制限付株式報酬としての自己株式処分の払込完了に関するお知らせ.pdf
   ✅ 保存: 3536_1330_アクサスHD_令和8年8月期 第3四半期決算短信〔日本基準〕(連結).pdf
   ✅ 保存: 1376_1300_カネコ種苗_2026年5月期決算短信[日本基準](連結).pdf
   ✅ 保存: 1376_1300_カネコ種苗_従業員持株会向け譲渡制限付株式インセンティブとしての自己株式の処分に関するお知らせ.pdf
   ✅ 保存: 3446_1300_JTECCORP_(訂正)「決算期(事業年度の末日)の変更及び定款の一部変更に関するお知らせ」の一部訂正について.pdf
   ✅ 保存: 4834_1300_キャリアバンク_当社株式の上場廃止に関するお知らせ.pdf
   ✅ 保存: 9904_1300_ベリテ_剰余金の配当(第1四半期配当)に関するお知らせ.pdf
   ✅ 保存: 587A_1220_E-インベスコQQQ_インベスコQQQトラスト シリーズ1 に関する日々の開示事項.pdf
   ✅ 保存: 3179_1200_シュッピン_株主による臨時株主総会招集請求に関するお知らせ.pdf
   ✅ 保存: 3928_1200_マイネット_(開示事項の経過)第三者割当増資による新株式の発行に係る払込完了に関するお知らせ.pdf
   ✅ 保存: 1326_1140_E-ワールド_SPDRゴールド・シェアに関する日々の開示事項.pdf
   ✅ 保存: 4057_1130_G-インタファクトリ_2026年5月期 決算短信〔日本基準〕(非連結).pdf
   ✅ 保存: 4057_1130_G-インタファクトリ_通期業績予想と実績値との差異に関するお知らせ.pdf
   ✅ 保存: 5192_1130_三星ベルト_譲渡制限付株式報酬としての自己株式の処分の払込完了に関するお知らせ.pdf
   ✅ 保存: 5631_1130_日製鋼所_中期経営計画「JGP2028」アップデートに関するお知らせ.pdf
   ✅ 保存: 8705_1130_日産証券グループ_2026年6月の月次業績等(速報)に関するお知らせ.pdf
   ✅ 保存: 9934_1130_因幡電産_譲渡制限付株式報酬としての自己株式の処分の払込完了に関するお知らせ.pdf
   ✅ 保存: 4577_1100_ダイト_自己株式立会外買付取引(ToSTNeT-3)による自己株式の取得結果及び自己株式の取得終了に関するお知らせ.pdf
   ✅ 保存: 7487_1100_小津産業_親会社等の決算に関するお知らせ.pdf
   ✅ 保存: 9746_1100_TKC_自己株式の取得結果及び取得終了と自己株式消却のお知らせ.pdf
   ✅ 保存: 4612_1030_日ペイントHD_本日の一部報道に関して.pdf
   ✅ 保存: 9449_1001_GMO_グループCAIO(AI変革最高責任者)人事に関するお知らせ.pdf
   ✅ 保存: 2481_1000_タウンニュース_社外取締役の逝去および退任に関するお知らせ.pdf
   ✅ 保存: 9257_0940_G-YCP_当社子会社による立会外終値取引(ToSTNeT-2)を通じた当社JDRの取得結果に関するお知らせ.pdf
   ✅ 保存: 6336_0930_石井表記_代表取締役会長の逝去および退任に関するお知らせ.pdf
   ✅ 保存: 7523_0845_アールビバン_(訂正)2027年3月期 中間配当及び期末配当予想の修正(無配)に関するお知らせ.pdf
   ✅ 保存: 599A_0800_P-元気な介護_東京証券取引所TOKYO PRO Market及び札幌証券取引所Sapporo PRO Frontier Market上場に伴う当社決算情報等のお知らせ.pdf
   ✅ 保存: 599A_0800_P-元気な介護_東京証券取引所TOKYO PRO Market及び札幌証券取引所Sapporo PRO Frontier Marketへの上場のお知らせ.pdf
   ✅ 保存: 599A_0800_P-元気な介護_流動性プロバイダー指定のお知らせ.pdf
   ✅ 保存: 599A_0800_P-元気な介護_東京証券取引所TOKYO PRO Market及び札幌証券取引所Sapporo PRO Frontier Market上場目的に関するお知らせ.pdf
   ...Page 004 を確認中
   📝 一覧CSV保存: TDnet_Sorted_20260713.csv
   📝 一覧CSV保存（ルート）: TDnet_Sorted_20260713.csv
   📊 日別統計: page_access=4, pdf_success=232, excluded=65

============================================================
✅ ①完了（範囲取得）
   期間: 20260713 ～ 20260713 （mode=day）
   一覧ページアクセス合計: 4
   PDFダウンロード成功合計: 232
   除外件数合計: 65
   保存ルート: G:\マイドライブ\TDnet_Downloads

$ C:\Users\onok\AppData\Local\Python\pythoncore-3.14-64\python.exe -u ②a②bは２つフリーワード検索.py analyze --target 20260713 --save-root G:\マイドライブ\TDnet_Downloads --keywords 価格交渉 増産 価格改定 価格転嫁 値上 想定以上 上方修正 下方修正 想定以下 未達 大幅 計画を上 計画を下 計画以 需要回復 需要の回復 需要が増 需要が低 悪化 グローバルニッチトップ トップシェア シェア拡大 レアアース
ルート: G:\マイドライブ\TDnet_Downloads
対象指定: 20260713 mode= day from= 20260713 to= 20260713
対象フォルダ数: 1
検索キーワード: ['価格交渉', '増産', '価格改定', '価格転嫁', '値上', '想定以上', '上方修正', '下方修正', '想定以下', '未達', '大幅', '計画を上', '計画を下', '計画以', '需要回復', '需要の回復', '需要が増', '需要が低', '悪化', 'グローバルニッチトップ', 'トップシェア', 'シェア拡大', 'レアアース']
総PDF数（推定）: 232
[1/1] 日付フォルダ 20260713 を処理中... (このフォルダ内PDF数: 232)
  進捗: 50/232 件のPDFを解析済み
  進捗: 100/232 件のPDFを解析済み
  進捗: 150/232 件のPDFを解析済み
  進捗: 200/232 件のPDFを解析済み
  進捗: 232/232 件のPDFを解析済み
  → 日付フォルダ 20260713 のヒットPDF数: 50

✅ ②A 完了（解析専用・キーワード別ページ列）
解析PDF数: 232
ヒットPDF数: 50
出力CSV: Analysis_Hits_free_word_20260713.csv
保存先: G:\マイドライブ\TDnet_Downloads

$ C:\Users\onok\AppData\Local\Python\pythoncore-3.14-64\python.exe -u ②a②bは２つフリーワード検索.py distribute --target 20260713 --save-root G:\マイドライブ\TDnet_Downloads --no-stop-on-empty-meta

✅ ②B 完了（配布用CSV作成・キーワード別ページ列）
出力: PDF_Search_Result_Distribution_free_word_20260713_sh.csv
キーワード列: ['価格交渉', '増産', '価格改定', '価格転嫁', '値上', '想定以上', '上方修正', '下方修正', '想定以下', '未達', '大幅', '計画を上', '計画を下', '計画以', '需要回復', '需要の回復', '需要が増', '需要が低', '悪化', 'グローバルニッチトップ', 'トップシェア', 'シェア拡大', 'レアアース']
突合除外件数: 0
空欄アラート件数: 0

============================================
 Done: 2026-07-13 23:05:24
============================================
