============================================
 TDnet auto run: 20260430
 Start: 2026-05-02 00:41:41
============================================

$ C:\Users\onok\AppData\Local\Python\pythoncore-3.14-64\python.exe -u ①_tdnetアクセスしてダウンロードする処理（月日付別フォルダ保存）.py --target 20260430 --save-root G:\マイドライブ\TDnet_Downloads
🎯 対象指定: 20260430（mode=day, from=20260430, to=20260430）
📁 保存ルート: G:\マイドライブ\TDnet_Downloads

============================================================
📅 日付: 20260430 を処理します
   ...Page 001 を確認中
   ✅ 保存: 4527_1900_ロート薬_株主提案に関する書面受領のお知らせ.pdf
   ✅ 保存: 8616_1900_東海東京_2026年3月期通期連結業績と前期実績との差異に関するお知らせ.pdf
   ✅ 保存: 5208_1830_有沢製_中期経営計画の進捗に関するお知らせ.pdf
   ✅ 保存: 8898_1830_センチュリー21_(訂正)「剰余金の配当(期末配当)に関するお知らせ」の一部訂正について.pdf
   ✅ 保存: 5903_1815_SHINPO_(訂正)「MBOの実施及び応募の推奨に関するお知らせ」の一部訂正に関するお知らせ.pdf
   ✅ 保存: 9501_1800_東電力HD_2025年度決算説明資料.pdf
   ✅ 保存: 9501_1800_東電力HD_2026年3月期 決算短信〔日本基準〕(連結).pdf
   ✅ 保存: 9501_1800_東電力HD_特別損益の計上及び通期連結業績予想と実績との差異に関するお知らせ.pdf
   ✅ 保存: 2345_1740_HODL1_第三者割当により発行される第16回新株予約権及び第17回新株予約権の募集に関するお知らせ.pdf
   ✅ 保存: 2345_1740_HODL1_中期経営計画「HODL&BUIDL 2028」策定に関するお知らせ.pdf
   ✅ 保存: 7717_1735_Vテク_通期業績予想及び中期経営計画の修正に関するお知らせ.pdf
   ✅ 保存: 3798_1730_ULSグループ_有償ストックオプション(新株予約権)の発行内容確定に関するお知らせ.pdf
   ✅ 保存: 509A_1730_I-Gライト・再エネ_(訂正)「2026年1月期 決算短信(インフラファンド)」の一部訂正に関するお知らせ.pdf
   ✅ 保存: 6613_1730_G-QDレーザ_2026年3月期通期業績予想の修正に関するお知らせ.pdf
   ✅ 保存: 7512_1730_イオン北海_第25回新株予約権(株式報酬型ストックオプション)の発行価額確定について.pdf
   ✅ 保存: 8938_1730_G-グロームHD_第三者割当による新株式及び第6回新株予約権の発行に関するお知らせ.pdf
   ✅ 保存: 8938_1730_G-グロームHD_新規事業(系統用蓄電池事業)の開始に関するお知らせ.pdf
   ✅ 保存: 278A_1715_G-テラドローン_事業計画及び成長可能性に関する事項.pdf
   ✅ 保存: 278A_1715_G-テラドローン_(訂正・数値データ訂正)「2026年1月期決算短信[日本基準](連結)」の一部訂正に関するお知らせ.pdf
   ✅ 保存: 278A_1715_G-テラドローン_(訂正)「2026年1月期決算説明資料」の一部訂正に関するお知らせ.pdf
   ✅ 保存: 278A_1715_G-テラドローン_支配株主等に関する事項について.pdf
   ✅ 保存: 229A_1700_P-アスミHD_臨時株主総会招集のための基準日設定及び臨時株主総会の開催並びに定款の一部変更に関するお知らせ.pdf
   ✅ 保存: 266A_1700_P-グローカルマーケ_業績予想の修正に関するお知らせ.pdf
   ✅ 保存: 2871_1700_ニチレイ_インドネシアにおける低温物流企業の買収に関するお知らせ.pdf
   ✅ 保存: 3077_1700_ホリイフード_自己株式の取得に関するお知らせ.pdf
   ✅ 保存: 3077_1700_ホリイフード_連結子会社の固定資産譲渡に関するお知らせ.pdf
   ✅ 保存: 3681_1700_ブイキューブ_2025年12月期有価証券報告書の提出完了と当社株式の上場廃止の決定及び整理銘柄への指定に関するお知らせ.pdf
   ✅ 保存: 3931_1700_G-バリューゴルフ_事業計画及び成長可能性に関する事項.pdf
   ✅ 保存: 5598_1700_P-Yottavia_支配株主等に関する事項について.pdf
   ✅ 保存: 5905_1700_日缶_2026年3月期 決算短信〔日本基準〕(連結).pdf
   ✅ 保存: 5905_1700_日缶_業績予想と実績との差異に関するお知らせ.pdf
   ✅ 保存: 5905_1700_日缶_剰余金の配当に関するお知らせ.pdf
   ✅ 保存: 5905_1700_日缶_投資有価証券売却益(特別利益)の計上に関するお知らせ.pdf
   ✅ 保存: 5905_1700_日缶_株主提案に対する書面の受領及び当社取締役会意見に関するお知らせ.pdf
   ✅ 保存: 5905_1700_日缶_役員の異動に関するお知らせ.pdf
   ✅ 保存: 6088_1700_シグマクシスHD_自己株式の取得状況及び取得終了並びに主要株主及び主要株主である筆頭株主の異動に関するお知らせ.pdf
   ✅ 保存: 7129_1700_ミアヘルサHD_(訂正)公開買付けに準ずる行為として政令で定める買集め行為並びにその他の関係会社及び主要株主の異動に関するお知らせ.pdf
   ✅ 保存: 7812_1700_クレステック_連結子会社間の合併に関するお知らせ.pdf
   ✅ 保存: 7901_1700_マツモト_当社株式の監理銘柄(確認中)指定に関するお知らせ.pdf
   ✅ 保存: 8798_1700_アドバンスクリエイト_自己株式(A種種類株式)の消却完了に関するお知らせ.pdf
   ✅ 保存: 9064_1700_ヤマトHD_2026年3月期 決算短信〔日本基準〕(連結).pdf
   ✅ 保存: 9064_1700_ヤマトHD_固定資産の譲渡に伴う特別利益の計上および のれんの一時償却に伴う特別損失の計上に関するお知らせ.pdf
   ✅ 保存: 9229_1700_サンウェルズ_監理銘柄(審査中)指定理由の追加及びプライム市場の上場維持基準への適合状況に関するお知らせ.pdf
   ✅ 保存: 9235_1700_G-売れるネットG_第三者割当による新株式発行に関するお知らせ.pdf
   ✅ 保存: 9511_1700_沖縄電力_(訂正)「役員の異動に関するお知らせ」の一部訂正について.pdf
   ✅ 保存: 5333_1645_NGK_自己株式立会外買付取引(N-NET3)による自己株式の買付価格決定のお知らせ.pdf
   ✅ 保存: 8604_1645_野村_2026年3月期第4四半期 決算説明資料 米国会計基準 (US GAAP).pdf
   ✅ 保存: 3951_1640_朝日印刷_主要株主および主要株主である筆頭株主の異動に関するお知らせ.pdf
   ✅ 保存: 6863_1640_ニレコ_取締役候補者の選任に関するお知らせ.pdf
   ✅ 保存: 1939_1630_四電工_2026年3月期 決算短信〔日本基準〕(連結).pdf
   ✅ 保存: 1939_1630_四電工_代表取締役等の異動に関するお知らせ.pdf
   ✅ 保存: 2484_1630_出前館_従業員に対するストック・オプション(新株予約権)の発行内容確定に関するお知らせ.pdf
   ✅ 保存: 2484_1630_出前館_取締役に対する有償ストック・オプション(新株予約権)の発行内容確定に関するお知らせ.pdf
   ✅ 保存: 3292_1630_R-イオンリート_資産運用会社における取締役の異動に関するお知らせ.pdf
   ✅ 保存: 4813_1630_ACCESS_上場維持基準への適合に向けた計画(改善期間入り)について.pdf
   ✅ 保存: 4813_1630_ACCESS_譲渡制限付株式報酬としての自己株式の処分に関するお知らせ.pdf
   ✅ 保存: 6185_1630_SMN_2026年3月期 決算短信〔日本基準〕(連結).pdf
   ✅ 保存: 6185_1630_SMN_2026年3月期 通期決算・中期経営計画説明資料.pdf
   ✅ 保存: 6185_1630_SMN_中期経営計画策定に関するお知らせ.pdf
   ✅ 保存: 6185_1630_SMN_取締役候補選任に関するお知らせ.pdf
   ✅ 保存: 6185_1630_SMN_執行役員に対する譲渡制限付株式としての自己株式処分に関するお知らせ.pdf
   ✅ 保存: 6391_1630_加地テック_2026年3月期 決算短信[日本基準](非連結).pdf
   ✅ 保存: 6391_1630_加地テック_剰余金の配当に関するお知らせ.pdf
   ✅ 保存: 6391_1630_加地テック_2026中期経営計画(2026年度~2028年度)について.pdf
   ✅ 保存: 6494_1630_NFK-HD_債権の取立不能または取立遅延のおそれによる 貸倒引当金繰入額の計上に関するお知らせ.pdf
   ✅ 保存: 6494_1630_NFK-HD_当社子会社(株式会社キャストリコ)の通期業績予想の修正及び 特別損失の計上に関するお知らせ.pdf
   ✅ 保存: 7162_1630_アストマックス_「株主による臨時株主総会招集請求」取り下げ及び株主提案に関するお知らせ.pdf
   ✅ 保存: 7162_1630_アストマックス_剰余金の配当に関するお知らせ.pdf
   ✅ 保存: 7162_1630_アストマックス_2026年3月期連結業績速報値と2025年3月期連結業績との差異見込みに関するお知らせ.pdf
   ✅ 保存: 7602_1630_レダックス_合弁会社(株式会社Freedom Japan)における株式総数引受契約の締結、および第三者割当増資の実施に関するお知らせ.pdf
   ✅ 保存: 7976_1630_三菱鉛筆_事業提携に関するお知らせ.pdf
   ✅ 保存: 7976_1630_三菱鉛筆_第三者割当により発行される第1回新株予約権及び第1回無担保転換社債型新株予約権付社債の募集に関するお知らせ.pdf
   ✅ 保存: 7976_1630_三菱鉛筆_[補足資料]事業提携及び資金調達について.pdf
   ✅ 保存: 7976_1630_三菱鉛筆_自己株式の取得及び自己株式立会外買付取引(ToSTNeT-3)による自己株式の買付に関するお知らせ.pdf
   ✅ 保存: 7976_1630_三菱鉛筆_譲渡制限付株式報酬としての自己株式の処分に関するお知らせ.pdf
   ✅ 保存: 7976_1630_三菱鉛筆_管理職層に属する従業員向け株式報酬制度の導入に伴う自己株式の処分に関するお知らせ.pdf
   ✅ 保存: 7976_1630_三菱鉛筆_管理職層に属する従業員向け株式報酬制度における株式取得に係る事項の決定に関するお知らせ.pdf
   ✅ 保存: 8714_1630_池田泉州_池田泉州ホールディングスおよび池田泉州銀行における役員の異動に関するお知らせ.pdf
   ✅ 保存: 8714_1630_池田泉州_2026年3月期末の有価証券含み損に関するお知らせ.pdf
   ✅ 保存: 8729_1630_ソニーFG_ソニー生命に対する金融庁からの報告徴求命令の受領ついて.pdf
   ✅ 保存: 9238_1630_G-バリューC_第18期 定時株主総会継続会の開催方針に関するお知らせ.pdf
   ✅ 保存: 9307_1630_杉村倉庫_2026年3月期 決算短信〔日本基準〕(連結).pdf
   ✅ 保存: 9307_1630_杉村倉庫_剰余金の配当(増配)に関するお知らせ.pdf
   ✅ 保存: 9307_1630_杉村倉庫_取締役候補者の選任及び当社の重要な子会社の取締役の異動に関するお知らせ.pdf
   ✅ 保存: 9307_1630_杉村倉庫_自己株式取得に係る事項の決定に関するお知らせ.pdf
   ✅ 保存: 9341_1630_GENOVA_取締役の辞任に関するお知らせ.pdf
   ✅ 保存: 9503_1630_関西電力_2026年3月期 決算短信〔日本基準〕(連結).pdf
   ✅ 保存: 9503_1630_関西電力_取締役・代表執行役等役員人事について.pdf
   ✅ 保存: 9503_1630_関西電力_「関西電力グループ 経営計画2026」の策定について.pdf
   ✅ 保存: 9503_1630_関西電力_株主還元方針の見直しについて.pdf
   ✅ 保存: 6111_1620_旭精機_2026年3月期 決算短信〔日本基準〕(非連結).pdf
   ✅ 保存: 6111_1620_旭精機_2026年3月期 決算短信補足資料.pdf
   ✅ 保存: 6111_1620_旭精機_2026 中期経営計画取り下げに関するお知らせ.pdf
   ✅ 保存: 3070_1610_G-ジェリービーンズ_事業計画及び成長可能性に関する説明資料.pdf
   ✅ 保存: 157A_1600_G-Gモンスター_定款の一部変更に関するお知らせ.pdf
   ✅ 保存: 172A_1600_P-ネオホーム_子会社の設立に関するお知らせ.pdf
   ✅ 保存: 1866_1600_北野建_監査役の辞任に関するお知らせ.pdf
   ✅ 保存: 1867_1600_植木組_役員の異動に関するお知らせ.pdf
   ✅ 保存: 1867_1600_植木組_業績予想の修正に関するお知らせ.pdf
   ✅ 保存: 1867_1600_植木組_剰余金の配当に関するお知らせ.pdf
   ...Page 002 を確認中
   ✅ 保存: 2410_1600_キャリアDC_2026年9月期 第2四半期(中間期)決算短信[日本基準](非連結).pdf
   ✅ 保存: 2410_1600_キャリアDC_2026年9月期 第2四半期決算説明会資料.pdf
   ✅ 保存: 2410_1600_キャリアDC_配当予想の修正(増配)に関するお知らせ.pdf
   ✅ 保存: 2428_1600_ウェルネット_2026年6月期 第3四半期決算短信〔日本基準〕(非連結).pdf
   ✅ 保存: 2428_1600_ウェルネット_2026年6月期第3四半期決算説明資料.pdf
   ✅ 保存: 2428_1600_ウェルネット_業績予想の修正及び配当予想の維持に関するお知らせ.pdf
   ✅ 保存: 244A_1600_G-グロースエクスパ_2026年8月期第2四半期決算Q&A集.pdf
   ✅ 保存: 264A_1600_G-Schoo_自己株式の取得状況及び取得終了に関するお知らせ.pdf
   ✅ 保存: 2721_1600_JHD_第三者割当により発行された第10回新株予約権(行使価額修正条項付)の大量行使に関するお知らせ.pdf
   ✅ 保存: 3657_1600_ポールHD_投資家のみなさまからのご質問について(2026年1月期 決算発表後).pdf
   ✅ 保存: 372A_1600_レント_2026年5月期 第3四半期 決算説明会における質疑応答集.pdf
   ✅ 保存: 3760_1600_ケイブ_2026年5月期第3四半期 決算説明動画と決算説明資料及び事前質問の回答についてのお知らせ.pdf
   ✅ 保存: 3856_1600_Abalance_(開示事項の変更)改善計画・状況報告書の開示延期に関するお知らせ.pdf
   ✅ 保存: 4417_1600_G-グローバルセキュ_2026年3月期 決算説明資料.pdf
   ✅ 保存: 4417_1600_G-グローバルセキュ_2026年3月期 決算短信〔日本基準〕(連結).pdf
   ✅ 保存: 4417_1600_G-グローバルセキュ_2027年3月期 配当予想に関するお知らせ.pdf
   ✅ 保存: 4417_1600_G-グローバルセキュ_剰余金の配当(期末配当)に関するお知らせ.pdf
   ✅ 保存: 4427_1600_G-EduLab_当社連結子会社による孫会社に対する債権放棄に関するお知らせ.pdf
   ✅ 保存: 4762_1600_XNET_2026年3月期 決算短信〔日本基準〕(非連結).pdf
   ✅ 保存: 4762_1600_XNET_新中期経営計画骨子の公表、配当政策の策定および株主優待制度継続に関するお知らせ.pdf
   ✅ 保存: 4762_1600_XNET_代表取締役及び役員の異動に関するお知らせ.pdf
   ✅ 保存: 4777_1600_ガーラ_連結子会社の異動(持分比率の低下による連結範囲からの除外)に関するお知らせ.pdf
   ✅ 保存: 4777_1600_ガーラ_(開示事項の変更)借入資金の更新(期間延長)に関するお知らせ.pdf
   ✅ 保存: 5208_1600_有沢製_2026年3月期 決算短信〔日本基準〕(連結).pdf
   ✅ 保存: 5208_1600_有沢製_2026年3月期 配当予想の修正(増配)に関するお知らせ.pdf
   ✅ 保存: 5208_1600_有沢製_固定資産の取得に関するお知らせ.pdf
   ✅ 保存: 5243_1600_G-note_ストックオプション(新株予約権)の発行内容確定に関するお知らせ.pdf
   ✅ 保存: 5386_1600_鶴弥_業績予想の修正及び配当予想の修正(特別配当)に関するお知らせ.pdf
   ✅ 保存: 5892_1600_G-yutori_株式会社heart relationの全株式の取得(完全子会社化)完了及び第三者割当による新株式の発行に係る払込完了に関するお知らせ.pdf
   ✅ 保存: 5901_1600_洋缶HD_通期連結業績予想の修正(上方修正)に関するお知らせ.pdf
   ✅ 保存: 6268_1600_ナブテスコ_2026年12月期 連結業績予想の修正に関するお知らせ.pdf
   ✅ 保存: 6268_1600_ナブテスコ_2026年12月期第1四半期決算短信〔IFRS〕(連結).pdf
   ✅ 保存: 6617_1600_東光高岳_(訂正) 「2026年3月期 決算補足資料」の一部訂正に関するお知らせ.pdf
   ✅ 保存: 6695_1600_P-キャストリコ_通期業績予想の修正及び特別損失の計上に関するお知らせ.pdf
   ✅ 保存: 6932_1600_遠藤照明_2026年3月期 決算短信〔日本基準〕(連結).pdf
   ✅ 保存: 6932_1600_遠藤照明_剰余金の配当に関するお知らせ.pdf
   ✅ 保存: 6932_1600_遠藤照明_取締役候補者の選任に関するお知らせ.pdf
   ✅ 保存: 7014_1600_名村造船_人事異動および取締役・監査役・執行役員の体制に関するお知らせ.pdf
   ✅ 保存: 7135_1600_ジャパンクラフトHD_株式会社ヴォーグ学園の株式の譲渡に関するお知らせ.pdf
   ✅ 保存: 7442_1600_中山福_2026年3月期 通期連結業績予想の修正に関するお知らせ.pdf
   ✅ 保存: 7984_1600_コクヨ_従業員に対する業績連動型譲渡制限付株式報酬制度に基づく 自己株式の処分の払込完了に関するお知らせ.pdf
   ✅ 保存: 8035_1600_東エレク_2026年3月期決算短信〔日本基準〕(連結).pdf
   ✅ 保存: 8289_1600_OlympicG_支配株主等に関する事項についてのお知らせ.pdf
   ✅ 保存: 8289_1600_OlympicG_親会社等に係る決算に関するお知らせ.pdf
   ✅ 保存: 8309_1600_三井住友トラストG_2026年3月期 連結業績予想及び配当予想の修正に関するお知らせ.pdf
   ✅ 保存: 8368_1600_百五銀_業績予想の修正に関するお知らせ.pdf
   ✅ 保存: 8699_1600_HSHD_2026年3月期決算短信〔日本基準〕(連結).pdf
   ✅ 保存: 8699_1600_HSHD_2026年3月期業績と2025年3月期業績との差異並びに剰余金の配当に関するお知らせ.pdf
   ✅ 保存: 8699_1600_HSHD_持分法による投資利益の計上に関するお知らせ.pdf
   ✅ 保存: 8708_1600_アイザワ証G_第19回無担保社債発行に関するお知らせ.pdf
   ✅ 保存: 8898_1600_センチュリー21_剰余金の配当(期末配当)に関するお知らせ.pdf
   ✅ 保存: 8898_1600_センチュリー21_2026年3月期決算短信〔日本基準〕(非連結).pdf
   ✅ 保存: 8898_1600_センチュリー21_役員の異動に関するお知らせ.pdf
   ✅ 保存: 9385_1600_ショーエイコーポ_中東情勢下における当社グループの安定供給への取り組みについて.pdf
   ✅ 保存: 9513_1600_Jパワー_自己株式の消却に関するお知らせ.pdf
   ✅ 保存: 9742_1600_アイネス_代表取締役の異動および取締役候補者の選任に関するお知らせ.pdf
   ✅ 保存: 9979_1600_大庄_親会社等の決算内容に関するお知らせ.pdf
   ✅ 保存: 2652_1545_まんだらけ_2026年9月期売上高推移報告について.pdf
   ✅ 保存: 6920_1545_レーザーテック_2026年6月期 第3四半期決算短信〔日本基準〕 (連結).pdf
   ✅ 保存: 2769_1540_ヴィレッジV_第三者割当による第7回新株予約権及び第1回無担保転換社債型新株予約権付社債の発行に係る払込完了に関するお知らせ.pdf
   ✅ 保存: 2811_1540_カゴメ_2026年12月期 第1四半期決算短信[IFRS](連結).pdf
   ✅ 保存: 2811_1540_カゴメ_2026年12月期 第1四半期 連結決算[IFRS] 補足資料.pdf
   ✅ 保存: 3839_1540_ODK_特別損失の計上及び通期連結業績予想値と決算値との差異に関するお知らせ.pdf
   ✅ 保存: 3839_1540_ODK_2027年3月期~2029年3月期 中期経営計画について.pdf
   ✅ 保存: 3839_1540_ODK_2026年3月期 決算短信〔日本基準〕(連結).pdf
   ✅ 保存: 5334_1540_日特殊陶_2026年3月期 決算短信〔IFRS〕(連結).pdf
   ✅ 保存: 8704_1540_トレイダーズHD_2026年3月期 決算短信〔日本基準〕(連結).pdf
   ✅ 保存: 9235_1535_G-売れるネットG_アドウェイズ(2489)より取扱高33億円・黒字の「ADWAYS CHINA」及び「ADWAYS ASIA」譲渡契約締結(子会社化)完了!に関する補足説明資料.pdf
   ✅ 保存: 7177_1531_GMOFHD_2026年12月期第1四半期 決算説明資料.pdf
   ✅ 保存: 7177_1531_GMOFHD_剰余金の配当(第1四半期配当)に関するお知らせ.pdf
   ✅ 保存: 7177_1531_GMOFHD_2026年12月期第1四半期決算短信〔日本基準〕(連結).pdf
   ✅ 保存: 1381_1530_アクシーズ_通期連結業績予想の修正に関するお知らせ.pdf
   ✅ 保存: 1381_1530_アクシーズ_2026年6月期 第3四半期決算短信〔日本基準〕(連結).pdf
   ✅ 保存: 198A_1530_G-ポストプライム_取締役辞任のお知らせ.pdf
   ✅ 保存: 2114_1530_フジ日本_2026年3月期決算短信〔日本基準〕(連結).pdf
   ✅ 保存: 2114_1530_フジ日本_支配株主等に関する事項について.pdf
   ✅ 保存: 2127_1530_日本M&A_2026年3月期決算短信[日本基準](連結).pdf
   ✅ 保存: 2127_1530_日本M&A_取締役に対する株式報酬制度の導入に関するお知らせ.pdf
   ✅ 保存: 2127_1530_日本M&A_従業員に対する株式インセンティブの導入に関するお知らせ.pdf
   ✅ 保存: 2127_1530_日本M&A_本社拡張移転に関するお知らせ.pdf
   ✅ 保存: 2164_1530_地域新聞社_第三者割当による新株式及び第11回新株予約権(行使価額修正条項付)の払込完了に関するお知らせ.pdf
   ✅ 保存: 2204_1530_中村屋_株主優待制度の変更に関するお知らせ.pdf
   ✅ 保存: 2323_1530_fonfun_SaaS事業「セールスパフォーマー」の事業譲受に関するお知らせ.pdf
   ✅ 保存: 2323_1530_fonfun_SaaS事業「セールスパフォーマー」の事業譲受に関する補足説明資料.pdf
   ✅ 保存: 2329_1530_東北新社_(開示事項の経過)株式会社グラニフの株式の取得(子会社化)完了に関するお知らせ.pdf
   ✅ 保存: 2395_1530_新日科学_代表取締役の異動および役員人事について.pdf
   ✅ 保存: 2395_1530_新日科学_定款の一部変更に関するお知らせ.pdf
   ✅ 保存: 2489_1530_ADWAYS_(開示事項の経過)連結子会社の異動(株式譲渡)に関する株式譲渡契約締結、及び当社単体における特別損失の計上に関するお知らせ.pdf
   ✅ 保存: 2492_1530_インフォマート_2026年12月期 第1四半期決算短信〔日本基準〕(連結).pdf
   ✅ 保存: 2492_1530_インフォマート_2026年12月期 第1四半期決算説明資料.pdf
   ✅ 保存: 2579_1530_コカ・コーラBJH_2026年12月期 第1四半期決算短信〔IFRS〕(連結).pdf
   ✅ 保存: 2579_1530_コカ・コーラBJH_2026年 第1四半期 決算説明会.pdf
   ✅ 保存: 2590_1530_DyDo_2027年1月期4月度販売状況のお知らせ.pdf
   ✅ 保存: 277A_1530_グロービング_従業員に対する譲渡制限付株式としての自己株式の処分の払込完了及び一部失権に関するお知らせ.pdf
   ✅ 保存: 2926_1530_篠崎屋_2026年9月期 第2四半期(中間期)決算短信〔日本基準〕(非連結).pdf
   ✅ 保存: 2983_1530_G-アールプランナー_事業計画及び成長可能性に関する事項.pdf
   ✅ 保存: 3092_1530_ZOZO_2026年3月期 決算短信〔日本基準〕(連結).pdf
   ✅ 保存: 3092_1530_ZOZO_2026年3月期 決算説明会資料.pdf
   ✅ 保存: 3109_1530_シキボウ_コミットメントライン契約に基づく借入の実施について.pdf
   ✅ 保存: 3137_1530_ファンデリー_2026年3月期 決算短信〔日本基準〕(非連結).pdf
   ...Page 003 を確認中
   ✅ 保存: 3137_1530_ファンデリー_2026年3月期 決算説明資料.pdf
   ✅ 保存: 3137_1530_ファンデリー_株主優待制度の拡充に関するお知らせ.pdf
   ✅ 保存: 3197_1530_すかいらーくHD_株式会社しんぱちの株式の取得(子会社化)完了に関するお知らせ.pdf
   ✅ 保存: 3468_1530_R-スターアジア_メザニンローン債権(メザニン社債)の買入消却に伴う償還に関するお知らせ.pdf
   ✅ 保存: 3482_1530_ロードスター_2026年12月期 第1四半期決算短信〔日本基準〕(連結).pdf
   ✅ 保存: 3482_1530_ロードスター_2026年12月期 第1四半期決算説明資料.pdf
   ✅ 保存: 3496_1530_アズーム_2026年9月期第2四半期(中間期)決算短信[日本基準](連結).pdf
   ✅ 保存: 3496_1530_アズーム_2026年9月期第2四半期 決算説明資料.pdf
   ✅ 保存: 3681_1530_ブイキューブ_(訂正・数値データ訂正)「2025年 12月期 決算短信〔日本基準〕(連結)」の一部訂正について.pdf
   ✅ 保存: 3681_1530_ブイキューブ_2025年12月期有価証券報告書に係る監査報告書の意見不表明及び内部統制監査報告書の意見不表明に関するお知らせ.pdf
   ✅ 保存: 3681_1530_ブイキューブ_財務報告に係る内部統制の開示すべき重要な不備に関するお知らせ.pdf
   ✅ 保存: 3681_1530_ブイキューブ_会計監査人の退任に関するお知らせ.pdf
   ✅ 保存: 3681_1530_ブイキューブ_(開示事項の変更)第26期定時株主総会の継続会の不開催及び臨時株主総会開催に関するお知らせ.pdf
   ✅ 保存: 3681_1530_ブイキューブ_(開示事項の経過)財務上の特約が付された金銭消費貸借契約の条件変更に関するお知らせ.pdf
   ✅ 保存: 3681_1530_ブイキューブ_(開示事項の変更)代表取締役の異動及び役員人事に関するお知らせ.pdf
   ✅ 保存: 3681_1530_ブイキューブ_(訂正)「営業外費用、特別損失の計上及びその他有価証券評価差額金の増加並びに業績予想と実績との差異に関するお知らせ」の一部訂正について.pdf
   ✅ 保存: 368A_1530_北里コーポレーション_2026年3月期決算短信〔日本基準〕(連結).pdf
   ✅ 保存: 368A_1530_北里コーポレーション_連結業績予想と実績値との差異に関するお知らせ.pdf
   ✅ 保存: 3727_1530_G-APLIX_子会社における新たな事業の開始に関するお知らせ.pdf
   ✅ 保存: 3760_1530_ケイブ_第三者割当による新株式発行の払込完了に関するお知らせ.pdf
   ✅ 保存: 3807_1530_G-フィスコ_非上場の親会社等の決算に関するお知らせ.pdf
   ✅ 保存: 3836_1530_アバントグループ_2026年6月期第3四半期決算短信〔日本基準〕(連結).pdf
   ✅ 保存: 3836_1530_アバントグループ_2026年6月期第3四半期決算説明資料.pdf
   ✅ 保存: 3921_1530_ネオジャパン_支配株主等に関する事項について.pdf
   ✅ 保存: 3934_1530_ベネフィットジャパン_業績予想の修正(上方修正)及び配当予想の修正(増配)に関するお知らせ.pdf
   ✅ 保存: 3983_1530_オロ_自己株式の消却完了に関するお知らせ.pdf
   ✅ 保存: 4023_1530_クレハ_減損損失の計上、2026年3月期連結業績予想の修正、配当予想の修正および役員報酬(業績連動報酬)の不支給に関するお知らせ.pdf
   ✅ 保存: 4182_1530_菱瓦斯化_社員持株会向け譲渡制限付株式報酬制度としての自己株式の処分の払込完了及び一部失権に関するお知らせ.pdf
   ✅ 保存: 4270_1530_G-BeeX_事業計画及び成長可能性に関する事項.pdf
   ✅ 保存: 4308_1530_G-Jストリーム_2026年3月期 決算短信〔日本基準〕(連結).pdf
   ✅ 保存: 4318_1530_クイック_2026年3月期決算短信〔日本基準〕(連結).pdf
   ✅ 保存: 4318_1530_クイック_剰余金の配当(増配)、並びに株主還元方針の変更に関するお知らせ.pdf
   ✅ 保存: 4318_1530_クイック_従業員に対する譲渡制限付株式付与制度の導入に関するお知らせ.pdf
   ✅ 保存: 4318_1530_クイック_自己株式の取得に係る事項の決定に関するお知らせ.pdf
   ✅ 保存: 4318_1530_クイック_連結子会社等の異動(株式譲渡)に関するお知らせ.pdf
   ✅ 保存: 4318_1530_クイック_代表取締役の異動等に関するお知らせ.pdf
   ✅ 保存: 4373_1530_シンプレクスHD_シンプレクスグループ中期経営計画「中計2030 -Vision1000-」を策定.pdf
   ✅ 保存: 4373_1530_シンプレクスHD_2026年3月期 決算短信〔IFRS〕(連結).pdf
   ✅ 保存: 4374_1530_G-ロボペイ_2026年3月度 月次リカーリング収益のお知らせ.pdf
   ✅ 保存: 4419_1530_G-Finatext_株式報酬型ストック・オプション(新株予約権)の発行内容確定に関するお知らせ.pdf
   ✅ 保存: 4419_1530_G-Finatext_募集新株予約権(有償ストック・オプション)の発行内容確定に関するお知らせ.pdf
   ✅ 保存: 4588_1530_G-オンコリスバイオ_腫瘍溶解ウイルスOBP-301のIOVC2026発表に関するお知らせ.pdf
   ✅ 保存: 4665_1530_ダスキン_役員の人事に関するお知らせ.pdf
   ✅ 保存: 4665_1530_ダスキン_取締役会の実効性に関する評価結果概要についてのお知らせ.pdf
   ✅ 保存: 4667_1530_アイサンテクノロ_2026年3月期決算短信の開示が期末後50日を超えることに関するお知らせ.pdf
   ✅ 保存: 4691_1530_ワシントンホテル_主要株主の異動(予定)に関するお知らせ.pdf
   ✅ 保存: 4768_1530_大塚商会_2026年12月期 第1四半期決算短信〔日本基準〕(連結).pdf
   ✅ 保存: 4768_1530_大塚商会_2026年12月期 第1四半期決算概要.pdf
   ✅ 保存: 4768_1530_大塚商会_2026年12月期 第1四半期決算説明補足資料.pdf
   ✅ 保存: 4776_1530_CYBOZU_2026年3月度 月次売上高推移のお知らせ.pdf
   ✅ 保存: 485A_1530_G-パワーエックス_大口受注に関するお知らせ.pdf
   ✅ 保存: 5025_1530_G-マーキュリー_事業計画及び成長可能性に関する事項.pdf
   ✅ 保存: 5214_1530_日電硝_2026年12月期第1四半期決算短信〔日本基準〕(連結).pdf
   ✅ 保存: 5280_1530_ヨシコン_2026年3月期剰余金の配当(増配)に関するお知らせ.pdf
   ✅ 保存: 5280_1530_ヨシコン_2026年3月期決算短信〔日本基準〕(連結).pdf
   ✅ 保存: 5280_1530_ヨシコン_自己株式取得に係る事項の決定に関するお知らせ.pdf
   ✅ 保存: 5332_1530_TOTO_2026年3月期 決算短信〔日本基準〕(連結).pdf
   ✅ 保存: 5332_1530_TOTO_2026年3月期 決算説明資料.pdf
   ✅ 保存: 5332_1530_TOTO_通期連結業績予想と実績との差異及び個別業績の前期実績との差異に関するお知らせ.pdf
   ✅ 保存: 5332_1530_TOTO_剰余金の配当(増配)に関するお知らせ.pdf
   ✅ 保存: 5590_1530_G-ネットスターズ_当座借越契約の締結に関するお知らせ.pdf
   ✅ 保存: 5959_1530_岡部_2026年12月期 第1四半期決算短信〔日本基準〕(連結).pdf
   ✅ 保存: 6027_1530_弁護士ドットコム_(開示事項の経過)ミカタ少額短期保険株式会社の株式の取得(連結子会社化)完了のお知らせ.pdf
   ✅ 保存: 6080_1530_M&Aキャピタル_2026年9月期 第2四半期(中間期)決算短信〔IFRS〕(連結).pdf
   ✅ 保存: 6080_1530_M&Aキャピタル_2026年9月期 第2四半期決算説明資料.pdf
   ✅ 保存: 6135_1530_牧野フライス_MMホールディングス株式会社による株式会社牧野フライス製作所株式(証券コード_6135)に対する公開買付けの不実施に関するお知らせ.pdf
   ✅ 保存: 6135_1530_牧野フライス_(開示事項の経過)MMホールディングス株式会社による当社株式に対する公開買付けの不実施に関するお知らせ.pdf
   ✅ 保存: 6135_1530_牧野フライス_配当予想の修正(復配)に関するお知らせ.pdf
   ✅ 保存: 6135_1530_牧野フライス_2026年3月期 決算短信〔日本基準〕(連結).pdf
   ✅ 保存: 6141_1530_DMG森精機_譲渡制限付株式報酬としての自己株式の処分の払込完了及び一部失権に関するお知らせ.pdf
   ✅ 保存: 6196_1530_ストライクG_2026年9月期 第2四半期(中間期)決算短信〔日本基準〕(非連結).pdf
   ✅ 保存: 6196_1530_ストライクG_2026年9月期 第2四半期決算説明資料.pdf
   ✅ 保存: 6196_1530_ストライクG_配当予想の修正(増配)に関するお知らせ.pdf
   ✅ 保存: 6196_1530_ストライクG_連結決算への移行に伴う連結業績予想の公表に関するお知らせ.pdf
   ✅ 保存: 6228_1530_ジェイ・イー・ティ_特別調査委員会の調査報告書受領に関するお知らせ.pdf
   ✅ 保存: 6454_1530_マックス_自己株式取得に係る事項の決定に関するお知らせ.pdf
   ✅ 保存: 6454_1530_マックス_剰余金の配当(増配)及び配当政策の変更に関するお知らせ.pdf
   ✅ 保存: 6454_1530_マックス_2026年3月期 決算短信〔日本基準〕(連結).pdf
   ✅ 保存: 6454_1530_マックス_2026年3月期 決算補足説明資料.pdf
   ✅ 保存: 6454_1530_マックス_2026年3月期決算及び2027年3月期事業計画説明会資料.pdf
   ✅ 保存: 6634_1530_JNグループ_非上場の親会社等の決算に関するお知らせ.pdf
   ✅ 保存: 6770_1530_アルプスアルパイン_2026年3月期決算短信〔日本基準〕(連結).pdf
   ✅ 保存: 6794_1530_フォスター電_定款一部変更に関するお知らせ.pdf
   ✅ 保存: 6794_1530_フォスター電_役員選任に関するお知らせ.pdf
   ✅ 保存: 6817_1530_スミダ_2026年12月期 第1四半期決算短信〔IFRS〕(連結).pdf
   ✅ 保存: 6817_1530_スミダ_2026年12月期第1四半期及び通期決算説明資料.pdf
   ✅ 保存: 6870_1530_日本フェンオール_2026年12月期 第1四半期決算短信〔日本基準〕(連結).pdf
   ✅ 保存: 6961_1530_エンプラス_2026年3月期 決算短信〔日本基準〕(連結).pdf
   ✅ 保存: 6971_1530_京セラ_2026年3月期 決算短信〔IFRS〕(連結).pdf
   ✅ 保存: 6971_1530_京セラ_2026年3月期 決算説明会資料.pdf
   ✅ 保存: 6971_1530_京セラ_剰余金の配当及び配当方針の変更に関するお知らせ.pdf
   ✅ 保存: 6971_1530_京セラ_自己株式の消却に関するお知らせ.pdf
   ✅ 保存: 6971_1530_京セラ_自己株式の取得に関するお知らせ.pdf
   ✅ 保存: 6971_1530_京セラ_定款一部変更に関するお知らせ.pdf
   ✅ 保存: 7022_1530_サノヤスHD_代表取締役社長の異動に関するお知らせ.pdf
   ✅ 保存: 7049_1530_G-識学_第三者割当による自己株式の処分の払込完了に関するお知らせ.pdf
   ✅ 保存: 7064_1530_ハウテレビジョン_取締役及び執行役員の選任に関するお知らせ.pdf
   ✅ 保存: 7073_1530_G-ジェイック_事業計画及び成長可能性に関する事項.pdf
   ✅ 保存: 7097_1530_G-さくらさく_連結子会社の取締役の選任に関するお知らせ.pdf
   ...Page 004 を確認中
   ✅ 保存: 7198_1530_SBIアルヒ_2026年3月期 決算速報〔IFRS〕(連結)のお知らせ.pdf
   ✅ 保存: 7564_1530_ワークマン_非上場の親会社等の決算に関するお知らせ.pdf
   ✅ 保存: 7581_1530_サイゼリヤ_連結子会社からの配当金受領に関するお知らせ.pdf
   ✅ 保存: 7625_1530_Gダイニング_2026年12月期 第1四半期決算短信〔日本基準〕(連結).pdf
   ✅ 保存: 7625_1530_Gダイニング_ストック・オプション(新株予約権)の発行に関するお知らせ.pdf
   ✅ 保存: 7731_1530_ニコン_精機事業における一時費用(固定資産の減損損失および棚卸資産の評価損)の計上に関するお知らせ.pdf
   ✅ 保存: 7751_1530_キヤノン_2026年12月期第1四半期決算短信〔米国基準〕(連結)(監査法人による期中レビューの完了).pdf
   ✅ 保存: 7837_1530_アールシーコア_通期連結業績予想の修正及び特別損失の計上に関するお知らせ.pdf
   ✅ 保存: 7942_1530_JSP_2026年3月期 決算短信〔日本基準〕(連結).pdf
   ✅ 保存: 7976_1530_三菱鉛筆_2026年12月期 第1四半期決算短信〔日本基準〕(連結).pdf
   ✅ 保存: 7990_1530_グローブライド_業績予想の修正に関するお知らせ.pdf
   ✅ 保存: 8001_1530_伊藤忠_当社子会社(伊藤忠エネクス株式会社)の個別業績の前期実績との差異に関するお知らせ.pdf
   ✅ 保存: 8005_1530_スクロール_自己株式の消却予定日の変更に関するお知らせ.pdf
   ✅ 保存: 8005_1530_スクロール_通期連結業績予想の修正並びに個別業績見込みと前期実績値との差異に関するお知らせ.pdf
   ✅ 保存: 8056_1530_BIPROGY_2026年3月期 決算短信〔IFRS〕(連結).pdf
   ✅ 保存: 8056_1530_BIPROGY_2026年3月期連結決算補足資料.pdf
   ✅ 保存: 8056_1530_BIPROGY_剰余金の配当(増配)に関するお知らせ.pdf
   ✅ 保存: 8070_1530_東京産_和解による訴訟の解決および特別損失計上に関するお知らせ.pdf
   ✅ 保存: 8144_1530_デンキョーグループ_役員の異動に関するお知らせ.pdf
   ✅ 保存: 8152_1530_ソマール_支配株主等に関する事項について.pdf
   ✅ 保存: 8174_1530_日瓦斯_2026年3月期 決算短信〔日本基準〕(連結).pdf
   ✅ 保存: 8174_1530_日瓦斯_2026年3月期 決算説明資料.pdf
   ✅ 保存: 8174_1530_日瓦斯_自己株式の消却に関するお知らせ.pdf
   ✅ 保存: 8418_1530_山口FG_2026年3月期末の有価証券含み損に関するお知らせ.pdf
   ✅ 保存: 8595_1530_ジャフコ グループ_(訂正)「個別業績の前期実績との差異及び配当予想に関するお知らせ」の一部訂正について.pdf
   ✅ 保存: 8604_1530_野村_株式報酬としての自己株式処分の処分株式数および割当人数等の確定に関するお知らせ.pdf
   ✅ 保存: 8700_1530_丸八証券_2026年3月期 決算短信〔日本基準〕(非連結).pdf
   ✅ 保存: 8704_1530_トレイダーズHD_配当方針の変更に関するお知らせ 連結純資産配当率(DOE)目安引き上げ(4%以上から「5%以上」へ引き上げ).pdf
   ✅ 保存: 8704_1530_トレイダーズHD_通期連結業績予想と実績との差異に関するお知らせ.pdf
   ✅ 保存: 8704_1530_トレイダーズHD_2026年3月期 決算説明資料.pdf
   ✅ 保存: 8771_1530_Eギャランティ_役員の異動に関するお知らせ.pdf
   ✅ 保存: 8795_1530_T&DHD_2026年3月期第4四半期末の有価証券含み損に関するお知らせ.pdf
   ✅ 保存: 8836_1530_RISE_連結子会社によるアセットアドバイザリー契約締結に関するお知らせ.pdf
   ✅ 保存: 8958_1530_R-グロバル_借入金期限前返済に関するお知らせ.pdf
   ✅ 保存: 9001_1530_東武_2026年3月期 決算短信〔日本基準〕(連結).pdf
   ✅ 保存: 9001_1530_東武_2026年3月期 決算補足説明資料.pdf
   ✅ 保存: 9001_1530_東武_期末配当予想の修正(増配)に関するお知らせ.pdf
   ✅ 保存: 9020_1530_JR東_2026年3月期 決算短信〔日本基準〕(連結).pdf
   ✅ 保存: 9020_1530_JR東_2026年3月期決算および2027年3月期経営戦略 説明資料.pdf
   ✅ 保存: 9020_1530_JR東_剰余金の配当(増配)に関するお知らせ.pdf
   ✅ 保存: 9020_1530_JR東_グループ経営ビジョン「勇翔2034」数値目標等の更新について.pdf
   ✅ 保存: 9021_1530_JR西_2026年3月期 決算短信〔日本基準〕(連結).pdf
   ✅ 保存: 9021_1530_JR西_2025年度 期末決算について.pdf
   ✅ 保存: 9021_1530_JR西_剰余金の配当に関するお知らせ.pdf
   ✅ 保存: 9021_1530_JR西_JR西日本グループ 中期経営計画 2030.pdf
   ✅ 保存: 9158_1530_G-シーユーシー_2026年3月期 決算短信〔IFRS〕(連結).pdf
   ✅ 保存: 9158_1530_G-シーユーシー_2026年3月期 決算説明資料.pdf
   ✅ 保存: 9158_1530_G-シーユーシー_個別業績と前期実績値との差異に関するお知らせ.pdf
   ✅ 保存: 9166_1530_G-GENDA_よくある質問と回答(2026年4月).pdf
   ✅ 保存: 9202_1530_ANA_2026年3月期 決算短信〔日本基準〕(連結).pdf
   ✅ 保存: 9202_1530_ANA_剰余金の配当(普通株式の増配)に関するお知らせ.pdf
   ✅ 保存: 9206_1530_SFJ_2026年3月期 通期業績予想値と実績との差異に関するお知らせ.pdf
   ✅ 保存: 9206_1530_SFJ_2026年3月期 決算短信〔日本基準〕(非連結).pdf
   ✅ 保存: 9206_1530_SFJ_剰余金の処分及び剰余金の配当に関するお知らせ.pdf
   ✅ 保存: 9206_1530_SFJ_取締役候補者 及び 補欠監査役候補者の選任に関するお知らせ.pdf
   ✅ 保存: 9219_1530_G-ギックス_通期業績予想の修正に関するお知らせ.pdf
   ✅ 保存: 9219_1530_G-ギックス_2026年6月期 第3四半期決算説明資料.pdf
   ✅ 保存: 9219_1530_G-ギックス_2026年6月期 第3四半期決算短信〔日本基準〕(連結).pdf
   ✅ 保存: 9235_1530_G-売れるネットG_年間取扱高「33億円」の中国デジタルマーケティング会社「ADWAYS CHINA」及び「ADWAYS ASIA」株式譲渡契約締結(子会社化)に関するお知らせ.pdf
   ✅ 保存: 9301_1530_三菱倉_2026年3月期 決算短信〔日本基準〕(連結).pdf
   ✅ 保存: 9301_1530_三菱倉_個別業績と前期実績値との差異に関するお知らせ.pdf
   ✅ 保存: 9301_1530_三菱倉_剰余金の配当(増配)に関するお知らせ.pdf
   ✅ 保存: 9338_1530_G-INFORICH_T-GAIA ASIA PACIFIC PTE. LTD. の株式取得についてのお知らせ.pdf
   ✅ 保存: 9508_1530_九州電力_2026年3月期 決算短信〔日本基準〕(連結).pdf
   ✅ 保存: 9602_1530_東宝_自己株式の消却完了に関するお知らせ.pdf
   ✅ 保存: 9616_1530_共立メンテ_2026年3月度 経営情報 Monthly Report.pdf
   ✅ 保存: 9619_1530_イチネンHD_業績予想の修正に関するお知らせ.pdf
   ✅ 保存: 9715_1530_トランスコスモス_人事異動に関するお知らせ.pdf
   ✅ 保存: 9715_1530_トランスコスモス_配当方針の変更および配当予想の修正に関するお知らせ.pdf
   ✅ 保存: 9715_1530_トランスコスモス_2026年3月期本決算説明資料.pdf
   ✅ 保存: 9715_1530_トランスコスモス_2026年3月期 決算短信〔日本基準〕(連結).pdf
   ✅ 保存: 9733_1530_ナガセ_2026年3月期 決算短信〔日本基準〕(連結).pdf
   ✅ 保存: 9993_1530_ヤマザワ_(訂正・数値データ訂正)「2026年2月期 決算短信〔日本基準〕(連結)」の一部訂正について.pdf
   ✅ 保存: 9993_1530_ヤマザワ_(訂正)「2026年2月期 決算参考資料」の一部訂正について.pdf
   ✅ 保存: 9993_1530_ヤマザワ_(訂正) 「特別利益の計上及び連結業績予想と実績の差異に関するお知らせ」の一部訂正について.pdf
   ✅ 保存: 1420_1500_サンヨーH_役員人事異動に関するお知らせ.pdf
   ✅ 保存: 1826_1500_佐田建_業績予想の修正および特別損失の計上に関するお知らせ.pdf
   ✅ 保存: 1967_1500_ヤマト_定款一部変更に関するお知らせ.pdf
   ✅ 保存: 3665_1500_エニグモ_上場維持基準の適合に向けた計画に基づく進捗状況(改善期間入り)について.pdf
   ✅ 保存: 4091_1500_日本酸素HD_特定子会社の異動に関するお知らせ.pdf
   ✅ 保存: 4098_1500_チタン工_繰延税金資産の計上、通期連結業績予想及び配当予想の修正(増配)に関するお知らせ.pdf
   ✅ 保存: 4188_1500_三菱ケミカルグループ_特定子会社の異動に関するお知らせ.pdf
   ✅ 保存: 4248_1500_竹本容器_2026年12月期第1四半期決算短信〔日本基準〕(連結).pdf
   ✅ 保存: 4248_1500_竹本容器_2026年12月期第1四半期決算説明資料.pdf
   ✅ 保存: 4463_1500_日華化学_2026年12月期 第1四半期決算短信〔日本基準〕(連結).pdf
   ✅ 保存: 4463_1500_日華化学_2026年12月期 第1四半期決算補足説明資料.pdf
   ✅ 保存: 4463_1500_日華化学_社員持株会向け譲渡制限付株式インセンティブとしての自己株式の処分に関するお知らせ.pdf
   ✅ 保存: 5702_1500_大紀アルミ_業績予想の修正に関するお知らせ.pdf
   ✅ 保存: 6142_1500_富士精工_自己株式の消却完了に関するお知らせ.pdf
   ✅ 保存: 6557_1500_G-AIAI_業績予想の上方修正に関するお知らせ.pdf
   ✅ 保存: 7063_1500_G-Birdman_Pylon Technologies Japan 株式会社との業務提携及び新たな事業の開始に関するお知らせ.pdf
   ✅ 保存: 7466_1500_SPK_役員人事に関するお知らせ.pdf
   ✅ 保存: 7779_1500_G-サイバダイン-議_2026年度 株主優待制度に関するお知らせ.pdf
   ✅ 保存: 7836_1500_アビックス_通期業績予想の修正に関するお知らせ.pdf
   ✅ 保存: 7914_1500_共同印_通期連結業績予想および配当予想の修正に関するお知らせ.pdf
   ✅ 保存: 7947_1500_エフピコ_2026年3月期 決算短信〔日本基準〕(連結).pdf
   ✅ 保存: 7947_1500_エフピコ_配当予想の修正(増配)に関するお知らせ.pdf
   ✅ 保存: 7947_1500_エフピコ_固定資産の取得(新工場・新配送センター建設)に関するお知らせ.pdf
   ✅ 保存: 8015_1500_豊田通商_2026年3月期決算短信〔IFRS〕(連結).pdf
   ✅ 保存: 8015_1500_豊田通商_2026年3月期通期連結業績と前期実績との差異及び剰余金の配当に関するお知らせ.pdf
   ...Page 005 を確認中
   ✅ 保存: 8015_1500_豊田通商_自己株式の取得及び自己株式の公開買付け並びに自己株式の消却に関するお知らせ.pdf
   ✅ 保存: 8338_1500_筑波銀行_業績予想の修正及び前期実績との差異見込みに関するお知らせ.pdf
   ✅ 保存: 8338_1500_筑波銀行_2026年3月期末の有価証券含み損に関するお知らせ.pdf
   ✅ 保存: 8803_1500_平和不_配当予想の修正(増配)に関するお知らせ.pdf
   ✅ 保存: 8803_1500_平和不_2026年3月期 決算短信〔日本基準〕(連結).pdf
   ✅ 保存: 8803_1500_平和不_2026年3月期決算補足説明資料.pdf
   ✅ 保存: 9110_1500_ユナイテド海_役員人事内定の件.pdf
   ✅ 保存: 9312_1500_ケイヒン_特別利益及び特別損失の計上に関するお知らせ.pdf
   ✅ 保存: 9412_1500_スカパーJSAT_外国人等の議決権割合に関するお知らせ.pdf
   ✅ 保存: 9506_1500_東北電力_2026年3月期 決算短信〔日本基準〕(連結).pdf
   ✅ 保存: 9506_1500_東北電力_2025年度 決算説明資料.pdf
   ✅ 保存: 9506_1500_東北電力_2026年3月期業績予想と実績との差異に関するお知らせ.pdf
   ✅ 保存: 9506_1500_東北電力_電力先渡取引等の時価評価損(営業費用)の計上に関するお知らせ.pdf
   ✅ 保存: 9914_1500_植松商会_2026年3月期 決算短信〔日本基準〕(非連結).pdf
   ✅ 保存: 9914_1500_植松商会_剰余金の配当に関するお知らせ.pdf
   ✅ 保存: 9962_1500_ミスミG_2026年3月期 決算短信〔日本基準〕(連結).pdf
   ✅ 保存: 9962_1500_ミスミG_剰余金配当に関するお知らせ.pdf
   ✅ 保存: 9962_1500_ミスミG_株主還元方針の変更に関するお知らせ.pdf
   ✅ 保存: 9962_1500_ミスミG_自己株式取得に係る事項の決定に関するお知らせ.pdf
   ✅ 保存: 9962_1500_ミスミG_取締役に対する譲渡制限付株式報酬としての自己株式の処分に関するお知らせ.pdf
   ✅ 保存: 6623_1440_愛知電_2026年3月期 決算短信〔日本基準〕(連結).pdf
   ✅ 保存: 6623_1440_愛知電_支配株主等に関する事項について.pdf
   ✅ 保存: 6623_1440_愛知電_剰余金の配当に関するお知らせ.pdf
   ✅ 保存: 5659_1430_日精線_2026年3月期 決算短信〔日本基準〕(連結).pdf
   ✅ 保存: 5659_1430_日精線_2026年3月期 決算説明資料.pdf
   ✅ 保存: 7475_1430_アルビス_役員の異動に関するお知らせ.pdf
   ✅ 保存: 7475_1430_アルビス_2026年3月期決算短信〔日本基準〕(連結).pdf
   ✅ 保存: 9085_1430_中央バス_自己株式取得に係る事項の決定に関するお知らせ.pdf
   ✅ 保存: 9110_1430_ユナイテド海_2026年3月期 決算短信〔日本基準〕(連結).pdf
   ✅ 保存: 9110_1430_ユナイテド海_2026年3月期 配当予想の修正に関するお知らせ.pdf
   ✅ 保存: 1950_1400_日本電設_2026年3月期 決算短信〔日本基準〕(連結).pdf
   ✅ 保存: 1950_1400_日本電設_剰余金の配当(増配)及び配当予想に関するお知らせ.pdf
   ✅ 保存: 3315_1400_日本コークス_財務上の特約が付された金銭消費貸借契約に対する財務上の特約の内容の変更に関するお知らせ.pdf
   ✅ 保存: 4220_1400_リケンテクノス_2026年3月期 決算短信〔日本基準〕(連結).pdf
   ✅ 保存: 4220_1400_リケンテクノス_剰余金の配当(増配)に関するお知らせ.pdf
   ✅ 保存: 4220_1400_リケンテクノス_取締役の異動のお知らせ.pdf
   ✅ 保存: 4220_1400_リケンテクノス_株式給付信託(BBT)への追加拠出に関するお知らせ.pdf
   ✅ 保存: 4220_1400_リケンテクノス_株式給付信託(従業員持株会処分型)の再導入に関するお知らせ.pdf
   ✅ 保存: 6547_1400_グリーンズ_閉店に関するお知らせ.pdf
   ✅ 保存: 6888_1400_アクモス_2026年6月期 第3四半期決算短信〔日本基準〕(連結).pdf
   ✅ 保存: 6888_1400_アクモス_2026年6月期(第35期)第3四半期 決算補足説明資料.pdf
   ✅ 保存: 6888_1400_アクモス_業績予想の修正に関するお知らせ.pdf
   ✅ 保存: 6981_1400_村田製_2026年3月期 決算短信〔IFRS〕(連結).pdf
   ✅ 保存: 6981_1400_村田製_2026年度 決算説明会資料.pdf
   ✅ 保存: 6981_1400_村田製_配当予想の修正に関するお知らせ.pdf
   ✅ 保存: 6981_1400_村田製_自己株式取得に係る事項の決定及び自己株式消却に係る事項の決定 に関するお知らせ.pdf
   ✅ 保存: 6981_1400_村田製_取締役候補者の決定に関するお知らせ.pdf
   ✅ 保存: 6981_1400_村田製_取締役等に対する株式報酬としての自己株式処分及び 基準株式ユニット付与の予定について.pdf
   ✅ 保存: 7441_1400_Misumi_親会社等の決算に関するお知らせ.pdf
   ✅ 保存: 8167_1400_リテールパートナーズ_当社の取締役候補者の選任及び子会社役員の異動等に関するお知らせ.pdf
   ✅ 保存: 9024_1400_西武ホールディングス_2026年3月期通期連結業績予想の修正に関するお知らせ.pdf
   ✅ 保存: 9044_1400_NANKAI_2026年3月期 決算短信〔日本基準〕(連結).pdf
   ✅ 保存: 9044_1400_NANKAI_2025年度 決算補足説明資料.pdf
   ✅ 保存: 9044_1400_NANKAI_「NANKAI グループ中期経営計画 2025-2027」の数値目標の修正について.pdf
   ✅ 保存: 9044_1400_NANKAI_CEO交代に関するお知らせ.pdf
   ✅ 保存: 9507_1400_四国電力_2026年3月期 決算短信〔日本基準〕(連結).pdf
   ✅ 保存: 9507_1400_四国電力_代表取締役等の異動について.pdf
   ✅ 保存: 9534_1400_北海瓦斯_期末配当予想の修正(増配)に関するお知らせ.pdf
   ✅ 保存: 9534_1400_北海瓦斯_2026年3月期 決算短信〔日本基準〕(連結).pdf
   ✅ 保存: 9534_1400_北海瓦斯_苫小牧・カーボンニュートラル拠点整備の検討継続について.pdf
   ✅ 保存: 5333_1340_NGK_代表取締役の異動に関するお知らせ.pdf
   ✅ 保存: 5333_1340_NGK_自己株式取得及び自己株式立会外買付取引(N-NET3)による自己株式の買付けに係る事項の決定並びに自己株式の消却に関するお知らせ.pdf
   ✅ 保存: 5333_1340_NGK_2026年3月期 決算短信〔日本基準〕(連結).pdf
   ✅ 保存: 2216_1330_カンロ_2026年12月期 第1四半期決算短信〔日本基準〕(連結).pdf
   ✅ 保存: 2216_1330_カンロ_2026年12月期 第1四半期決算補足説明資料.pdf
   ✅ 保存: 3992_1330_ニーズウェル_2026年9月期第2四半期(中間期)連結業績予想の上方修正のお知らせ.pdf
   ✅ 保存: 4709_1330_IDホールディングス_当社取締役会の実効性に関する評価結果の概要.pdf
   ✅ 保存: 4709_1330_IDホールディングス_自己株式の取得に係る事項の決定に関するお知らせ(会社法第165条第2項の規定による定款の定めに基づく自己株式の取得).pdf
   ✅ 保存: 4709_1330_IDホールディングス_2026年3月期 決算短信〔日本基準〕(連結).pdf
   ✅ 保存: 7741_1330_HOYA_2026年3月期 決算短信〔IFRS〕(連結).pdf
   ✅ 保存: 7741_1330_HOYA_2026年3月期 第4四半期連結決算短信 補足資料(IFRS).pdf
   ✅ 保存: 7741_1330_HOYA_2026年3月期 第4四半期 決算説明会プレゼンテーション資料.pdf
   ✅ 保存: 7741_1330_HOYA_配当予想の修正に関するお知らせ.pdf
   ✅ 保存: 7741_1330_HOYA_自己株式の取得状況および取得終了並びに消却に関するお知らせ.pdf
   ✅ 保存: 8103_1330_明和産_2026年3月期決算短信〔日本基準〕(連結).pdf
   ✅ 保存: 8103_1330_明和産_2025年度連結決算概要.pdf
   ✅ 保存: 8103_1330_明和産_通期個別業績実績値と前期実績値との差異に関するお知らせ.pdf
   ✅ 保存: 8103_1330_明和産_期末配当予想の修正に関するお知らせ.pdf
   ✅ 保存: 9687_1330_KSK_期末配当予想の修正に関するお知らせ.pdf
   ✅ 保存: 9687_1330_KSK_2026年3月期 決算短信〔日本基準〕(連結).pdf
   ✅ 保存: 9687_1330_KSK_役員人事に関するお知らせ.pdf
   ✅ 保存: 7896_1320_セブン工_2026年3月期 決算短信〔日本基準〕(非連結).pdf
   ✅ 保存: 7896_1320_セブン工_決算短信、参考資料(2026年3月期(非連結)).pdf
   ✅ 保存: 7981_1310_タカラスタン_自己株式取得に係る事項の決定に関するお知らせ.pdf
   ✅ 保存: 2692_1300_伊藤忠食_2026年3月期 決算短信〔日本基準〕(連結).pdf
   ✅ 保存: 3447_1300_信和_業績予想(IFRS)の修正に関するお知らせ.pdf
   ✅ 保存: 4410_1300_ハリマ化成G_2026年3月期 決算短信〔日本基準〕(連結).pdf
   ✅ 保存: 4410_1300_ハリマ化成G_2026年3月期 決算補足説明資料.pdf
   ✅ 保存: 4410_1300_ハリマ化成G_特別利益(固定資産売却益)および特別損失(減損損失)の計上に関するお知らせ.pdf
   ✅ 保存: 4410_1300_ハリマ化成G_代表取締役およびその他役員の異動に関するお知らせ.pdf
   ✅ 保存: 4624_1300_イサム塗料_業績予想の修正に関するお知らせ.pdf
   ✅ 保存: 4776_1300_CYBOZU_愛媛県におけるアリーナ建設の本格的な検討開始に関するお知らせ.pdf
   ✅ 保存: 5257_1300_ノバシステム_2026年12月期 第1四半期決算説明資料.pdf
   ✅ 保存: 5257_1300_ノバシステム_2026年12月期 第1四半期決算短信〔日本基準〕(非連結).pdf
   ✅ 保存: 5440_1300_共英製鋼_2026年3月期 決算短信〔日本基準〕(連結).pdf
   ✅ 保存: 5444_1300_大和工_2026年3月期決算短信〔日本基準〕(連結).pdf
   ✅ 保存: 5444_1300_大和工_業績連動事後交付型譲渡制限付株式報酬制度の導入に関するお知らせ.pdf
   ✅ 保存: 5444_1300_大和工_投資単位の引下げに関する考え方および方針等について.pdf
   ✅ 保存: 5444_1300_大和工_役員人事に関するお知らせ.pdf
   ✅ 保存: 5938_1300_LIXIL_2026年3月期 決算短信〔IFRS〕(連結).pdf
   ...Page 006 を確認中
   ✅ 保存: 5938_1300_LIXIL_2026年3月期決算説明資料[IFRS](2025年4月-2026年3月).pdf
   ✅ 保存: 5938_1300_LIXIL_取締役候補者の一部変更に関するお知らせ.pdf
   ✅ 保存: 5938_1300_LIXIL_譲渡制限付株式報酬としての新株式発行に関するお知らせ.pdf
   ✅ 保存: 6325_1300_タカキタ_2026年3月期 決算短信〔日本基準〕(非連結).pdf
   ✅ 保存: 7539_1300_アイナボHD_2026年9月期第2四半期(中間期)決算短信〔日本基準〕(連結).pdf
   ✅ 保存: 8133_1300_エネクス_剰余金の配当に関するお知らせ.pdf
   ✅ 保存: 8133_1300_エネクス_2026年3月期 決算短信〔IFRS〕(連結).pdf
   ✅ 保存: 8218_1300_コメリ_2026年3月期 決算説明会資料.pdf
   ✅ 保存: 8337_1300_千葉興銀_2026年3月期末の有価証券含み損に関するお知らせ.pdf
   ✅ 保存: 9362_1300_兵機海運_2026年3月期 決算短信[日本基準](非連結).pdf
   ✅ 保存: 9362_1300_兵機海運_役員人事内定に関するお知らせ.pdf
   ✅ 保存: 9511_1300_沖縄電力_2026年3月期 決算短信〔日本基準〕(連結).pdf
   ✅ 保存: 9511_1300_沖縄電力_2025年度 決算の概要.pdf
   ✅ 保存: 9511_1300_沖縄電力_役員の異動に関するお知らせ.pdf
   ✅ 保存: 9830_1300_トラスコ中山_2026年12月期 第1四半期決算短信〔日本基準〕(連結).pdf
   ✅ 保存: 2892_1230_日食化_2026年3月期 決算短信〔日本基準〕(連結).pdf
   ✅ 保存: 2972_1230_R-サンケイRE_2026年2月期(第14期)決算説明資料.pdf
   ✅ 保存: 3776_1230_BBタワー_2026年12月期第1四半期決算短信〔日本基準〕(連結).pdf
   ✅ 保存: 4221_1230_大倉工_2026年12月期第1四半期決算短信〔日本基準〕(連結).pdf
   ✅ 保存: 8705_1230_日産証券グループ_法人税等調整額の計上及び2026年3月期の連結業績見通しに関するお知らせ.pdf
   ✅ 保存: 9201_1230_JAL_第1回社債型種類株式の発行決議並びに資本金及び資本準備金の額の減少に関するお知らせ.pdf
   ✅ 保存: 9201_1230_JAL_第1回社債型種類株式に関する説明資料.pdf
   ✅ 保存: 9201_1230_JAL_第1回社債型種類株式に関するQ&A.pdf
   ✅ 保存: 1878_1220_大東建_従業員持株会を活用したインセンティブ・プラン再導入に関するお知らせ.pdf
   ✅ 保存: 1878_1220_大東建_従業員持株会を活用したインセンティブ・プラン導入に伴う第三者割当による自己株式処分に関するお知らせ.pdf
   ✅ 保存: 8336_1215_武蔵野銀_通期業績予想及び期末配当予想の修正に関するお知らせ.pdf
   ✅ 保存: 1326_1200_E-ワールド_SPDRゴールド・シェアに関する日々の開示事項.pdf
   ✅ 保存: 2060_1200_フィード・ワン_通期連結業績予想の修正(上方修正)及び期末配当予想の修正(増配)に関するお知らせ.pdf
   ✅ 保存: 3696_1200_セレス_2026年12月期 第1四半期決算短信〔日本基準〕(連結).pdf
   ✅ 保存: 3696_1200_セレス_2026年12月期 第1四半期決算説明資料.pdf
   ✅ 保存: 3696_1200_セレス_自己株式取得に係る事項の決定に関するお知らせ.pdf
   ✅ 保存: 3825_1200_REMIX_(開示事項の経過)暗号資産の追加購入に関するお知らせ.pdf
   ✅ 保存: 4626_1200_太陽HD_2026年3月期 決算短信〔日本基準〕(連結).pdf
   ✅ 保存: 4626_1200_太陽HD_2026年3月期 決算説明資料.pdf
   ✅ 保存: 4626_1200_太陽HD_取締役の担当業務の変更に関するお知らせ.pdf
   ✅ 保存: 4626_1200_太陽HD_人事異動に関するお知らせ.pdf
   ✅ 保存: 6292_1200_カワタ_業績予想の修正に関するお知らせ.pdf
   ✅ 保存: 7157_1200_ライフネット生命_資本業務提携の締結、資本提携の解消及び業務提携の変更、株式売出し並びに主要株主及びその他の関係会社の異動の予定に関するお知らせ.pdf
   ✅ 保存: 7157_1200_ライフネット生命_日本航空株式会社との資本業務提携及びKDDIグループとの業務提携に関する補足説明資料.pdf
   ✅ 保存: 7981_1200_タカラスタン_2026年3月期 決算短信〔日本基準〕(連結).pdf
   ✅ 保存: 7981_1200_タカラスタン_剰余金の配当(増配)に関するお知らせ.pdf
   ✅ 保存: 7981_1200_タカラスタン_2026年3月期 決算説明資料.pdf
   ✅ 保存: 7981_1200_タカラスタン_「資本コストや株価を意識した経営の実現に向けた対応」及び「株主との対話の推進と開示」について.pdf
   ✅ 保存: 7981_1200_タカラスタン_定款の一部変更に関するお知らせ.pdf
   ✅ 保存: 7981_1200_タカラスタン_譲渡制限付株式報酬制度の導入に関するお知らせ.pdf
   ✅ 保存: 8173_1200_Joshin_通期連結業績予想の修正に関するお知らせ.pdf
   ✅ 保存: 9104_1200_商船三井_2026年3月期 決算短信〔日本基準〕(連結).pdf
   ✅ 保存: 9201_1200_JAL_ライフネット生命保険株式会社との資本業務提携に関するお知らせ.pdf
   ✅ 保存: 9201_1200_JAL_整備関連施設等を保有する連結子会社の設立(予定)に関するお知らせ.pdf
   ✅ 保存: 9201_1200_JAL_2026年3月期 決算短信〔IFRS〕(連結).pdf
   ✅ 保存: 9201_1200_JAL_剰余金の配当に関するお知らせ.pdf
   ✅ 保存: 9941_1200_太洋物産_(開示事項の経過)臨時株主総会の開催に関するお知らせ.pdf
   ✅ 保存: 9941_1200_太洋物産_取締役候補者の選任に関するお知らせ.pdf
   ✅ 保存: 9533_1140_東邦瓦斯_2026年3月期決算短信〔日本基準〕(連結).pdf
   ✅ 保存: 1878_1130_大東建_2026年3月期決算短信〔日本基準〕(連結).pdf
   ✅ 保存: 1878_1130_大東建_剰余金の配当に関するお知らせ.pdf
   ✅ 保存: 5893_1130_P-RAVIPA_「非上場の親会社等の決算に関するお知らせ」の一部訂正について.pdf
   ✅ 保存: 7033_1130_MSOL_取締役(社外取締役を含む。)に対する株式報酬としての新株式発行の払込完了に関するお知らせ.pdf
   ✅ 保存: 7172_1130_JIA_2026年12月期 第1四半期決算短信〔日本基準〕(連結).pdf
   ✅ 保存: 7172_1130_JIA_2026年12月期第1四半期 連結決算説明資料.pdf
   ✅ 保存: 490A_1100_P-センス・トラスト_販売用不動産の売却に関するお知らせ.pdf
   ✅ 保存: 8616_1100_東海東京_2026年3月期 決算短信〔日本基準〕(連結).pdf
   ✅ 保存: 8616_1100_東海東京_2026年3月期決算ハイライト.pdf
   ✅ 保存: 8616_1100_東海東京_特別損失計上に関するお知らせ.pdf
   ✅ 保存: 9513_1100_Jパワー_株主提案の受領に関するお知らせ.pdf
   ✅ 保存: 4679_1040_田谷_特別損失の発生、通期業績予想と実績値の差異および剰余金の配当(無配)に関するお知らせ.pdf
   ✅ 保存: 4679_1040_田谷_2026年3月期決算短信〔日本基準〕(非連結).pdf
   ✅ 保存: 1850_1030_南海辰村建設_自己株式立会外買付取引(ToSTNeT-3)による自己株式の取得結果及び取得終了に関するお知らせ.pdf
   ✅ 保存: 2437_1000_シンワワイズ_春季特別オークションの落札結果に関するお知らせ.pdf
   ✅ 保存: 353A_1000_エレコミ_株式の立会外分売終了に関するお知らせ.pdf
   ✅ 保存: 6472_1000_NTN_業績予想の修正に関するお知らせ.pdf
   ✅ 保存: 6941_0945_山一電機_当社グループのフィリピン子会社におけるランサムウェア被害に関するお知らせ(続報).pdf
   ✅ 保存: 277A_0900_グロービング_東京証券取引所プライム市場への上場市場区分変更に関するお知らせ.pdf
   ✅ 保存: 9236_0900_G-ジャパンM&A_ストック・オプション(新株予約権)の発行内容確定に関するお知らせ.pdf
   ✅ 保存: 1319_0850_NF日経300_「NEXT FUNDS 日経300株価指数連動型上場投信」基準価額と市場価格の重要な乖離に関するお知らせ.pdf
   ✅ 保存: 6890_0850_フェローテック_(開示事項の訂正)(開示事項の経過)当社中国部品洗浄事業子会社(FTSVA)によるパワー半導体基板製造子会社(FLH)株式取得協議.pdf
   ✅ 保存: 6890_0850_フェローテック_(開示事項の経過)当社中国子会社(FTSVA)における利益補償契約に基づく自己株式の取得及び消却に関するお知らせ.pdf
   ✅ 保存: 4523_0830_エーザイ_抗アミロイドβプロトフィブリル抗体「レケンビ」の売上収益(速報)について.pdf
   ✅ 保存: 9022_0830_JR東海_2026年3月期 決算説明会資料.pdf
   ...Page 007 を確認中
   📝 一覧CSV保存: TDnet_Sorted_20260430.csv
   📝 一覧CSV保存（ルート）: TDnet_Sorted_20260430.csv
   📊 日別統計: page_access=7, pdf_success=578, excluded=8

============================================================
✅ ①完了（範囲取得）
   期間: 20260430 ～ 20260430 （mode=day）
   一覧ページアクセス合計: 7
   PDFダウンロード成功合計: 578
   除外件数合計: 8
   保存ルート: G:\マイドライブ\TDnet_Downloads

$ C:\Users\onok\AppData\Local\Python\pythoncore-3.14-64\python.exe -u ②a②bは２つフリーワード検索.py analyze --target 20260430 --save-root G:\マイドライブ\TDnet_Downloads --keywords 価格交渉 増産 価格改定 価格転嫁 値上 想定以上 上方修正 下方修正 想定以下 未達 大幅 計画を上 計画を下 計画以 需要回復 需要の回復 需要が増 需要が低 悪化 グローバルニッチトップ トップシェア シェア拡大 レアアース
ルート: G:\マイドライブ\TDnet_Downloads
対象指定: 20260430 mode= day from= 20260430 to= 20260430
対象フォルダ数: 1
検索キーワード: ['価格交渉', '増産', '価格改定', '価格転嫁', '値上', '想定以上', '上方修正', '下方修正', '想定以下', '未達', '大幅', '計画を上', '計画を下', '計画以', '需要回復', '需要の回復', '需要が増', '需要が低', '悪化', 'グローバルニッチトップ', 'トップシェア', 'シェア拡大', 'レアアース']
総PDF数（推定）: 578
[1/1] 日付フォルダ 20260430 を処理中... (このフォルダ内PDF数: 578)
  進捗: 50/578 件のPDFを解析済み
  進捗: 100/578 件のPDFを解析済み
  進捗: 150/578 件のPDFを解析済み
  進捗: 200/578 件のPDFを解析済み
  進捗: 250/578 件のPDFを解析済み
  進捗: 300/578 件のPDFを解析済み
  進捗: 350/578 件のPDFを解析済み
  進捗: 400/578 件のPDFを解析済み
  進捗: 450/578 件のPDFを解析済み
  進捗: 500/578 件のPDFを解析済み
  進捗: 550/578 件のPDFを解析済み
  進捗: 578/578 件のPDFを解析済み
  → 日付フォルダ 20260430 のヒットPDF数: 180

✅ ②A 完了（解析専用・キーワード別ページ列）
解析PDF数: 578
ヒットPDF数: 180
出力CSV: Analysis_Hits_free_word_20260430.csv
保存先: G:\マイドライブ\TDnet_Downloads

$ C:\Users\onok\AppData\Local\Python\pythoncore-3.14-64\python.exe -u ②a②bは２つフリーワード検索.py distribute --target 20260430 --save-root G:\マイドライブ\TDnet_Downloads --no-stop-on-empty-meta

✅ ②B 完了（配布用CSV作成・キーワード別ページ列）
出力: PDF_Search_Result_Distribution_free_word_20260430_sh.csv
キーワード列: ['価格交渉', '増産', '価格改定', '価格転嫁', '値上', '想定以上', '上方修正', '下方修正', '想定以下', '未達', '大幅', '計画を上', '計画を下', '計画以', '需要回復', '需要の回復', '需要が増', '需要が低', '悪化', 'グローバルニッチトップ', 'トップシェア', 'シェア拡大', 'レアアース']
突合除外件数: 0
空欄アラート件数: 0

============================================
 Done: 2026-05-02 00:53:25
============================================
