============================================
 TDnet auto run: 20260428
 Start: 2026-05-02 00:31:28
============================================

$ C:\Users\onok\AppData\Local\Python\pythoncore-3.14-64\python.exe -u ①_tdnetアクセスしてダウンロードする処理（月日付別フォルダ保存）.py --target 20260428 --save-root G:\マイドライブ\TDnet_Downloads
🎯 対象指定: 20260428（mode=day, from=20260428, to=20260428）
📁 保存ルート: G:\マイドライブ\TDnet_Downloads

============================================================
📅 日付: 20260428 を処理します
   ...Page 001 を確認中
   ✅ 保存: 4755_1910_楽天グループ_(訂正)連結子会社(楽天証券株式会社)の決算について.pdf
   ✅ 保存: 1447_1800_G-SAAFHD_新中期経営計画「MTG2028」骨子について.pdf
   ✅ 保存: 265A_1800_G-エイチエムコム_(訂正)「株式会社コラボテクノの株式取得(子会社化)に関するお知らせ」の一部訂正について.pdf
   ✅ 保存: 3279_1800_R-API_保有する国内不動産を対象とする匿名組合出資持分の償還及び優先交渉権の不行使に関するお知らせ.pdf
   ✅ 保存: 4094_1800_日化学産_人事異動について.pdf
   ✅ 保存: 4286_1800_CLホールディングス_譲渡制限付株式報酬としての自己株式の処分に関するお知らせ.pdf
   ✅ 保存: 4375_1800_G-セーフィー_当社連結子会社による株式会社Laskaの株式の取得(完全子会社化)に関するお知らせ.pdf
   ✅ 保存: 8919_1800_カチタス_役員の異動に関するお知らせ.pdf
   ✅ 保存: 9941_1800_太洋物産_(訂正)「定款の一部変更に関するお知らせ」の一部訂正について.pdf
   ✅ 保存: 7236_1745_ティラド_2026年3月期 通期決算説明会 質疑応答要旨.pdf
   ✅ 保存: 1447_1730_G-SAAFHD_(数値データ訂正)「通期業績予想の修正および特別損失の計上に関するお知らせ」における数値データ(XBRL)の修正について.pdf
   ✅ 保存: 4062_1730_イビデン_当社ウェブサイトにおける障害発生に関する最終報告(復旧完了のお知らせ).pdf
   ✅ 保存: 4345_1730_シーティーエス_(訂正)「中期経営計画(2027 年3月期~2029 年3月期)策定に関するお知らせ」の添付資料の 一部訂正について.pdf
   ✅ 保存: 5449_1730_大阪製鉄_(訂正)「役員等の異動に関するお知らせ」の一部訂正について.pdf
   ✅ 保存: 3374_1715_内外テック_業績予想の修正および配当予想の修正に関するお知らせ.pdf
   ✅ 保存: 2162_1700_nms HD_過年度の有価証券報告書等の訂正報告書の提出及び過年度の決算短信等の訂正に関するお知らせ.pdf
   ✅ 保存: 2162_1700_nms HD_(訂正・数値データ訂正)「2025年3月期 決算短信〔日本基準〕(連結)」 の一部訂正のお知らせ.pdf
   ✅ 保存: 2162_1700_nms HD_(訂正・数値データ訂正)「2025年3月期 第3四半期決算短信〔日本基準〕(連結)」 の一部訂正のお知らせ.pdf
   ✅ 保存: 2162_1700_nms HD_(訂正)「2025年3月期第2四半期(中間期)決算短信〔日本基準〕(連結)」 の一部訂正のお知らせ.pdf
   ✅ 保存: 2162_1700_nms HD_(訂正・数値データ訂正)「2025年3月期 第1四半期決算短信〔日本基準〕(連結)」 の一部訂正のお知らせ.pdf
   ✅ 保存: 2162_1700_nms HD_(訂正)「2024年3月期 決算短信〔日本基準〕(連結)」 の一部訂正のお知らせ.pdf
   ✅ 保存: 274A_1700_ガーデン_2026年2月期 決算説明 質疑応答集.pdf
   ✅ 保存: 2972_1700_R-サンケイRE_Tiger LPS及びLion LPSによるサンケイリアルエステート投資法人(証券コード_2972)投資口に対する公開買付けの買付条件等の変更に関するお知らせ.pdf
   ✅ 保存: 2972_1700_R-サンケイRE_(変更)「Tiger LPS・Lion LPSのサンケイリアルエステート投資法人(証券コード_2972)投資口に対する公開買付けに関する賛同意見表明・応募推奨」の一部変更.pdf
   ✅ 保存: 2972_1700_R-サンケイRE_(開示事項の経過)Tiger LPS・Lion LPSのサンケイリアルエステート投資法人(証券コード_2972)投資口に対する公開買付けに関する交付予定金額・交付予定時期.pdf
   ✅ 保存: 353A_1700_エレコミ_株式の立会外分売実施に関するお知らせ.pdf
   ✅ 保存: 3547_1700_ユニシアHD_「2026年11月期 第1四半期決算補足説明資料」の一部訂正に関するお知らせ.pdf
   ✅ 保存: 3835_1700_eBASE_株式会社KSP-SPの株式取得(子会社化)に向けた株式譲渡契約締結のお知らせ.pdf
   ✅ 保存: 4015_1700_G-ペイクラウドHD_2026年3月 月次業績報告.pdf
   ✅ 保存: 4380_1700_G-Mマート_事業計画及び成長可能性に関する事項.pdf
   ✅ 保存: 4444_1700_G-インフォネット_自己株式の取得状況および取得終了に関するお知らせ.pdf
   ✅ 保存: 5893_1700_P-RAVIPA_非上場の親会社等の決算に関するお知らせ.pdf
   ✅ 保存: 5893_1700_P-RAVIPA_「その他の関係会社の異動に関するお知らせ」の一部訂正について.pdf
   ✅ 保存: 7044_1700_ピアラ_子会社設立に関するお知らせ.pdf
   ✅ 保存: 9399_1700_ビート_臨時株主総会の基準日の再設定、及び定時株主総会の基準日の設定に関するお知らせ.pdf
   ✅ 保存: 5903_1645_SHINPO_ヤマタケ総業株式会社によるシンポ株式会社(証券コード_5903)に対する公開買付けの開始に関するお知らせ.pdf
   ✅ 保存: 5903_1645_SHINPO_2026年6月期配当予想の修正(無配)に関するお知らせ.pdf
   ✅ 保存: 5903_1645_SHINPO_MBOの実施及び応募の推奨に関するお知らせ.pdf
   ✅ 保存: 5903_1645_SHINPO_2026年6月期 業績予想の修正に関するお知らせ.pdf
   ✅ 保存: 5903_1645_SHINPO_2026年6月期 第3四半期決算短信 [日本基準](連結).pdf
   ✅ 保存: 6846_1645_中央製_2026年3月期通期業績予想及び配当予想の修正に関するお知らせ.pdf
   ✅ 保存: 8697_1645_JPX_(訂正)「役員候補者の決定について」の一部訂正について.pdf
   ✅ 保存: 3070_1635_G-ジェリービーンズ_(変更)「(開示事項の経過)特別目的会社(SPC)設立に関するお知らせ」の一部変更について.pdf
   ✅ 保存: 1850_1630_南海辰村建設_剰余金の配当(増配)に関するお知らせ.pdf
   ✅ 保存: 1850_1630_南海辰村建設_2026年3月期 決算短信〔日本基準〕(連結).pdf
   ✅ 保存: 1850_1630_南海辰村建設_自己株式の取得及び自己株式立会外買付取引(ToSTNeT-3)による自己株式の買い付け 並びに自己株式の消却に関するお知らせ.pdf
   ✅ 保存: 2692_1630_伊藤忠食_伊藤忠商事株式会社による当社株式に係る株式売渡請求を行うことの決定、当該株式売渡請求に係る承認及び当社株式の上場廃止に関するお知らせ.pdf
   ✅ 保存: 2692_1630_伊藤忠食_臨時株主総会開催の中止及び基準日の取消しに関するお知らせ.pdf
   ✅ 保存: 2692_1630_伊藤忠食_自己株式の消却に関するお知らせ.pdf
   ✅ 保存: 4362_1630_日本精化_2026年3月期 決算短信〔日本基準〕(連結).pdf
   ✅ 保存: 4362_1630_日本精化_剰余金の配当に関するお知らせ.pdf
   ✅ 保存: 4362_1630_日本精化_取締役候補者に関するお知らせ.pdf
   ✅ 保存: 5279_1630_日本興業_2026年3月期 決算短信[日本基準](連結).pdf
   ✅ 保存: 5279_1630_日本興業_剰余金の配当に関するお知らせ.pdf
   ✅ 保存: 5279_1630_日本興業_役員の異動に関するお知らせ.pdf
   ✅ 保存: 5279_1630_日本興業_支配株主等に関する事項について.pdf
   ✅ 保存: 6617_1630_東光高岳_取締役の異動に関するお知らせ.pdf
   ✅ 保存: 7148_1630_FPG_2026年9月期 第2四半期(中間期)決算短信〔日本基準〕(連結).pdf
   ✅ 保存: 7148_1630_FPG_2026年9月期 第2四半期(中間期)決算説明資料.pdf
   ✅ 保存: 7148_1630_FPG_剰余金の配当(中間配当)に関するお知らせ.pdf
   ✅ 保存: 7434_1630_オータケ_第三者割当による自己株式の処分に関するお知らせ.pdf
   ✅ 保存: 8537_1630_大光銀_業績予想の修正及び配当予想の修正(増配)に関するお知らせ.pdf
   ✅ 保存: 8537_1630_大光銀_代表取締役および役員の異動に関するお知らせ.pdf
   ✅ 保存: 9003_1630_相鉄HD_2026年3月期 決算短信〔日本基準〕(連結).pdf
   ✅ 保存: 9003_1630_相鉄HD_2026年3月期 決算説明資料.pdf
   ✅ 保存: 9003_1630_相鉄HD_剰余金の配当に関するお知らせ.pdf
   ✅ 保存: 9560_1630_G-プログリット_株式会社スタディーハッカーの株式の取得(連結子会社化)完了並びに連結子会社の商号変更及び代表取締役の異動に関するお知らせ.pdf
   ✅ 保存: 357A_1620_P-エフアンドエフ_臨時株主総会開催日及び付議事項決定のお知らせ.pdf
   ✅ 保存: 357A_1620_P-エフアンドエフ_当社取締役による不正行為及び取締役解任に関するお知らせ.pdf
   ✅ 保存: 3004_1615_神栄_連結子会社の事業撤退および解散、特別損失の計上、当社債権の取立不能のおそれならびに通期連結業績予想の修正および通期個別業績予想の公表に関するお知らせ.pdf
   ✅ 保存: 3823_1615_WHY HOW DO_特別損失の計上に関するお知らせ.pdf
   ✅ 保存: 1418_1600_インターライフ_非上場の親会社等(その他の関係会社)の決算に関するお知らせ.pdf
   ✅ 保存: 1489_1600_NF日経高配当50_「NEXT FUNDS 日経平均高配当株50指数連動型上場投信」投資信託約款変更のお知らせ.pdf
   ✅ 保存: 1930_1600_北陸電工_2026年3月期 決算短信〔日本基準〕(連結).pdf
   ✅ 保存: 1930_1600_北陸電工_2026年3月期通期業績予想値と実績値との差異に関するお知らせ.pdf
   ✅ 保存: 1930_1600_北陸電工_剰余金の配当(増配)に関するお知らせ.pdf
   ✅ 保存: 1930_1600_北陸電工_支配株主等に関する事項について.pdf
   ✅ 保存: 1930_1600_北陸電工_代表取締役の異動に関するお知らせ.pdf
   ✅ 保存: 2335_1600_キューブシステム_剰余金の配当に関するお知らせ.pdf
   ✅ 保存: 2491_1600_Vコマース_2026年12月期 第1四半期決算短信〔日本基準〕(非連結).pdf
   ✅ 保存: 251A_1600_P-ニューロマジック_取締役の選任及び退任に関するお知らせ.pdf
   ✅ 保存: 311A_1600_P-NPT_臨時株主総会招集のための基準日設定及び臨時株主総会の開催並びにTOKYO PRO Marketにおける当社株式の上場廃止申請に関するお知らせ.pdf
   ✅ 保存: 3159_1600_丸善CHI_支配株主等に関する事項について.pdf
   ✅ 保存: 3772_1600_ウェルス_「シックスセンシズ 箱根強羅」開発プロジェクトにおける不動産信託受益権譲渡契約締結に関するお知らせ.pdf
   ✅ 保存: 432A_1600_P-クリニファー_2026年3月期 通期連結業績予想の修正(上方修正)に関するお知らせ.pdf
   ✅ 保存: 446A_1600_G-ノースサンド_事業計画及び成長可能性に関する事項(本編).pdf
   ✅ 保存: 446A_1600_G-ノースサンド_事業計画及び成長可能性に関する事項(Appendix).pdf
   ✅ 保存: 4661_1600_OLC_2026年3月期 決算短信(日本基準)(連結).pdf
   ✅ 保存: 4661_1600_OLC_2026年3月期 決算補足資料.pdf
   ✅ 保存: 4661_1600_OLC_2026年3月期 決算説明会.pdf
   ✅ 保存: 4661_1600_OLC_剰余金の配当に関するお知らせ.pdf
   ✅ 保存: 4661_1600_OLC_株主優待制度に関するお知らせ.pdf
   ✅ 保存: 4668_1600_明光ネット_自己株式の消却完了に関するお知らせ(会社法第178条の規定に基づく自己株式の消却).pdf
   ✅ 保存: 4685_1600_菱友システム_2026年3月期 決算短信〔日本基準〕(連結).pdf
   ✅ 保存: 4685_1600_菱友システム_剰余金の配当に関するお知らせ.pdf
   ✅ 保存: 4722_1600_フューチャー_2026年12月期 第1四半期決算短信〔日本基準〕(連結).pdf
   ✅ 保存: 4722_1600_フューチャー_2026年12月期第1四半期連結業績(累計)のお知らせ.pdf
   ✅ 保存: 4755_1600_楽天グループ_連結子会社(楽天証券株式会社)の決算について.pdf
   ✅ 保存: 5819_1600_カナレ電気_2026年12月期第1四半期決算短信〔日本基準〕(連結).pdf
   ...Page 002 を確認中
   ✅ 保存: 5819_1600_カナレ電気_譲渡制限付株式報酬としての自己株式の処分の払込完了に関するお知らせ.pdf
   ✅ 保存: 5994_1600_ファインシンター_連結子会社の事業停止及び事業停止に伴う特別損失の計上に関するお知らせ.pdf
   ✅ 保存: 5994_1600_ファインシンター_定款の一部変更に関するお知らせ.pdf
   ✅ 保存: 6740_1600_JDI_当社に関する報道について.pdf
   ✅ 保存: 6797_1600_名古屋電機工業_取締役人事に関するお知らせ.pdf
   ✅ 保存: 7462_1600_CAPITA_販売用不動産の譲渡に関するお知らせ.pdf
   ✅ 保存: 7984_1600_コクヨ_2026年12月期 第1四半期決算短信〔日本基準〕(連結).pdf
   ✅ 保存: 8614_1600_東洋証_2026年3月期決算短信〔日本基準〕(連結).pdf
   ✅ 保存: 8960_1600_R-ユナイテド_(開示事項の経過)土地賃貸借契約の締結に関するお知らせ(心斎橋OPA本館).pdf
   ✅ 保存: 8995_1600_誠建設_通期業績予想の修正に関するお知らせ.pdf
   ✅ 保存: 8999_1600_グランディ_通期業績予想の修正に関するお知らせ.pdf
   ✅ 保存: 9502_1600_中部電力_2026年3月期 決算短信〔日本基準〕(連結).pdf
   ✅ 保存: 9502_1600_中部電力_2025年度 決算説明資料.pdf
   ✅ 保存: 9536_1600_西部ガスHD_2026年3月期 決算短信〔日本基準〕(連結).pdf
   ✅ 保存: 9627_1600_アインHD_人事異動に関するお知らせ.pdf
   ✅ 保存: 9632_1600_スバル興_役員人事に関するお知らせ.pdf
   ✅ 保存: 9679_1600_ホウライ_2026年9月期 第2四半期(中間期)決算短信〔日本基準〕(非連結).pdf
   ✅ 保存: 2208_1545_ブルボン_2026年3月期 決算短信〔日本基準〕(連結).pdf
   ✅ 保存: 2208_1545_ブルボン_2026年3月期 決算説明資料.pdf
   ✅ 保存: 2208_1545_ブルボン_中期経営計画の公表に関するお知らせ.pdf
   ✅ 保存: 1946_1540_トーエネック_2026年3月期 決算短信〔日本基準〕(連結).pdf
   ✅ 保存: 1946_1540_トーエネック_剰余金の配当に関するお知らせ.pdf
   ✅ 保存: 1946_1540_トーエネック_中期経営計画2027の数値目標見直しおよび資本コストや株価を意識した経営の実現に向けた対応に関するお知らせ.pdf
   ✅ 保存: 6586_1540_マキタ_2026年3月期 決算短信〔IFRS〕(連結).pdf
   ✅ 保存: 6586_1540_マキタ_利益配分に関する基本方針の変更及び剰余金の配当に関するお知らせ.pdf
   ✅ 保存: 6586_1540_マキタ_役員人事に関するお知らせ.pdf
   ✅ 保存: 7726_1535_黒田精工_特別利益の計上及び特別損失の計上並びに2026年3月期通期業績予想の修正に関するお知らせ.pdf
   ✅ 保存: 9612_1535_ラックランド_当社取締役に対する譲渡制限付株式報酬としての新株式発行に関するお知らせ.pdf
   ✅ 保存: 1811_1530_銭高組_投資単位の引下げに関する考え方及び方針について.pdf
   ✅ 保存: 1832_1530_北海電工_2026年3月期 決算短信〔日本基準〕(連結).pdf
   ✅ 保存: 1832_1530_北海電工_2026年3月期業績予想と実績との差異に関するお知らせ.pdf
   ✅ 保存: 1832_1530_北海電工_役員人事に関するお知らせ.pdf
   ✅ 保存: 1832_1530_北海電工_支配株主等に関する事項について.pdf
   ✅ 保存: 2130_1530_メンバーズ_(開示事項の追加・数値データ追加)「2025年3月期 第3四半期決算短信〔IFRS〕(非連結)」の一部追加のお知らせ.pdf
   ✅ 保存: 2130_1530_メンバーズ_(開示事項の追加・数値データ追加)「2026年3月期 第1四半期決算短信〔IFRS〕(非連結)」の一部追加のお知らせ.pdf
   ✅ 保存: 2130_1530_メンバーズ_(開示事項の追加・数値データ追加)「2026年3月期 第3四半期決算短信〔IFRS〕(非連結)」の一部追加のお知らせ.pdf
   ✅ 保存: 2148_1530_ITM_通期業績予想の修正に関するお知らせ.pdf
   ✅ 保存: 2175_1530_SMS_2026年3月期決算説明会資料.pdf
   ✅ 保存: 2175_1530_SMS_2026年3月期決算短信〔日本基準〕(連結).pdf
   ✅ 保存: 2175_1530_SMS_業績条件付有償ストック・オプション(第20回新株予約権及び 第21回新株予約権)の行使条件変更に関するお知らせ.pdf
   ✅ 保存: 2175_1530_SMS_減損損失の計上及び個別決算における関係会社株式評価損の計上 並びに2026年3月期通期連結業績予想と実績値との差異に関するお知らせ.pdf
   ✅ 保存: 2212_1530_山崎パン_2026年12月期 第1四半期決算短信〔日本基準〕(連結).pdf
   ✅ 保存: 2305_1530_スタジオアリス_親会社等の決算に関するお知らせ.pdf
   ✅ 保存: 2359_1530_コア_2026年3月期 決算短信[日本基準](連結).pdf
   ✅ 保存: 2359_1530_コア_2026年3月期決算補足説明資料.pdf
   ✅ 保存: 2359_1530_コア_剰余金の配当に関するお知らせ.pdf
   ✅ 保存: 2359_1530_コア_取締役候補者選任に関するお知らせ.pdf
   ✅ 保存: 2469_1530_ヒビノ_ソノーラテクノロジー株式会社の株式の取得(連結子会社化)に関するお知らせ.pdf
   ✅ 保存: 2469_1530_ヒビノ_株式分割及び株式分割に伴う定款の一部変更並びに株主優待制度の変更に関するお知らせ.pdf
   ✅ 保存: 2469_1530_ヒビノ_上席執行役員の選任及び連結子会社の代表取締役の異動に関するお知らせ.pdf
   ✅ 保存: 265A_1530_G-エイチエムコム_株式会社コラボテクノの株式取得(子会社化)に関するお知らせ.pdf
   ✅ 保存: 2664_1530_カワチ薬品_2026年3月期 決算短信〔日本基準〕(連結).pdf
   ✅ 保存: 2664_1530_カワチ薬品_特別損失の計上に関するお知らせ.pdf
   ✅ 保存: 2664_1530_カワチ薬品_中間配当の実施及び配当予想に関するお知らせ.pdf
   ✅ 保存: 2664_1530_カワチ薬品_定款一部変更に関するお知らせ.pdf
   ✅ 保存: 2678_1530_アスクル_2026年5月期4月度月次業績のお知らせ.pdf
   ✅ 保存: 2831_1530_はごろも_投資有価証券売却益(特別利益)の計上に関するお知らせ.pdf
   ✅ 保存: 2972_1530_R-サンケイRE_2026年2月期 決算短信(REIT).pdf
   ✅ 保存: 2972_1530_R-サンケイRE_無償減資に関するお知らせ.pdf
   ✅ 保存: 2972_1530_R-サンケイRE_2026年8月期の運用状況及び分配金の予想の修正に関するお知らせ.pdf
   ✅ 保存: 2997_1530_G-ストレージ王_事業計画及び成長可能性に関する事項.pdf
   ✅ 保存: 3070_1530_G-ジェリービーンズ_グローバルクラウドエステートとの資本業務提携及び子会社新設の件に関するお知らせ.pdf
   ✅ 保存: 3358_1530_Trailhead_(開示事項の経過)株式会社SBWorksの株式取得(完全子会社化)完了に関するお知らせ.pdf
   ✅ 保存: 3426_1530_アトムリビン_令和8年6月期 第3四半期決算短信〔日本基準〕(非連結).pdf
   ✅ 保存: 3439_1530_三ツ知_2026年6月期第3四半期決算短信〔日本基準〕(連結).pdf
   ✅ 保存: 3455_1530_R-HCM_資産運用会社の投資助言・代理業及び第二種金融商品取引業の追加に係る変更登録申請 並びにこれに伴う組織の変更及び重要な使用人の選任に関するお知らせ.pdf
   ✅ 保存: 3468_1530_R-スターアジア_保有資産(優先出資証券)の償還に関するお知らせ.pdf
   ✅ 保存: 3622_1530_ネットイヤー_2026年3月期 決算短信〔日本基準〕(非連結).pdf
   ✅ 保存: 3622_1530_ネットイヤー_2026年3月期配当予想の修正(上場記念配当)に関するお知らせ.pdf
   ✅ 保存: 3911_1530_G-Aiming_2026年12月期第1四半期決算短信〔日本基準〕(連結).pdf
   ✅ 保存: 3911_1530_G-Aiming_2026年12月期第1四半期連結業績予想と実績との差異に関するお知らせ.pdf
   ✅ 保存: 3911_1530_G-Aiming_2026年12月期第1四半期決算説明及び事業計画並びに成長可能性に関する資料.pdf
   ✅ 保存: 3964_1530_オークネット_株主優待制度の拡充に関するお知らせ ~株式分割後も従来と同様に3単元から進呈し、一部ポイントを増額~.pdf
   ✅ 保存: 3969_1530_エイトレッド_2026年3月期 決算短信〔日本基準〕(非連結).pdf
   ✅ 保存: 4021_1530_日産化_業績連動型株式報酬制度の一部改定に関するお知らせ.pdf
   ✅ 保存: 4023_1530_クレハ_役員の異動に関するお知らせ.pdf
   ✅ 保存: 4023_1530_クレハ_譲渡制限付株式報酬としての自己株式の処分に関するお知らせ.pdf
   ✅ 保存: 4063_1530_信越化_2026年3月期決算短信〔日本基準〕(連結).pdf
   ✅ 保存: 4063_1530_信越化_自己株式取得に係る事項の決定に関するお知らせ.pdf
   ✅ 保存: 4063_1530_信越化_役員の異動(社外取締役、社外監査役)に関するお知らせ.pdf
   ✅ 保存: 411A_1530_P-マリタイムバンク_支配株主等に関する事項について.pdf
   ✅ 保存: 4174_1530_アピリッツ_役員人事及び新執行体制に関するお知らせ.pdf
   ✅ 保存: 4174_1530_アピリッツ_支配株主等に関する事項について.pdf
   ✅ 保存: 4204_1530_積水化_2026年3月期 決算短信〔日本基準〕(連結).pdf
   ✅ 保存: 4204_1530_積水化_自己株式取得に係る事項の決定及び自己株式の消却に関するお知らせ.pdf
   ✅ 保存: 4479_1530_G-マクアケ_通期業績予想の修正に関するお知らせ.pdf
   ✅ 保存: 4479_1530_G-マクアケ_2026年9月期 第2四半期(中間期)決算短信〔日本基準〕(非連結).pdf
   ✅ 保存: 4479_1530_G-マクアケ_2026年9月期 第2四半期 決算説明会資料.pdf
   ✅ 保存: 463A_1530_インテリックスHD_2026年5月期連結業績予想及び配当予想の修正に関するお知らせ.pdf
   ✅ 保存: 4678_1530_秀英_特別損失の計上及び業績予想の修正に関するお知らせ.pdf
   ✅ 保存: 4812_1530_電通総研_2026年12月期 第1四半期決算説明会資料.pdf
   ✅ 保存: 4812_1530_電通総研_2026年12月期 第1四半期決算短信〔日本基準〕(連結).pdf
   ✅ 保存: 4914_1530_高砂香料_当社取締役会の実効性評価の結果の概要について.pdf
   ...Page 003 を確認中
   ✅ 保存: 5532_1530_G-リアルゲイト_2026年9月期 第2四半期(中間期)決算短信〔日本基準〕(非連結).pdf
   ✅ 保存: 5532_1530_G-リアルゲイト_2026年9月期 第2四半期決算説明資料.pdf
   ✅ 保存: 6337_1530_テセック_新任の監査等委員である取締役の選任に関するお知らせ.pdf
   ✅ 保存: 6360_1530_東自機_2026年3月期通期業績予想の修正及び配当予想の修正(増配)に関するお知らせ.pdf
   ✅ 保存: 6370_1530_栗田工_役員人事に関するお知らせ.pdf
   ✅ 保存: 6455_1530_モリタHD_2026年3月期 決算短信〔日本基準〕(連結).pdf
   ✅ 保存: 6455_1530_モリタHD_剰余金の配当(増配)に関するお知らせ.pdf
   ✅ 保存: 6455_1530_モリタHD_代表取締役の異動に関するお知らせ.pdf
   ✅ 保存: 6455_1530_モリタHD_マテリアリティの改定に関するお知らせ.pdf
   ✅ 保存: 6455_1530_モリタHD_従業員持株会向け譲渡制限付株式インセンティブとしての自己株式の処分の払込完了及び一部失権に関するお知らせ.pdf
   ✅ 保存: 6481_1530_THK_ネクストキャリア支援制度実施結果に関するお知らせ.pdf
   ✅ 保存: 6503_1530_三菱電_2026年3月期 決算短信〔IFRS〕(連結).pdf
   ✅ 保存: 6503_1530_三菱電_2026年3月期 決算説明会資料.pdf
   ✅ 保存: 6504_1530_富士電機_2026年3月期決算短信〔日本基準〕(連結).pdf
   ✅ 保存: 6504_1530_富士電機_2026年3月期(第150期)配当予想の修正および2027年3月期(第151期)配当予想に関するお知らせ.pdf
   ✅ 保存: 6504_1530_富士電機_自己株式の取得枠設定に関するお知らせ.pdf
   ✅ 保存: 6526_1530_ソシオネクスト_通期連結業績予想と実績値との差異に関するお知らせ.pdf
   ✅ 保存: 6526_1530_ソシオネクスト_2026年3月期 決算短信〔日本基準〕(連結).pdf
   ✅ 保存: 6701_1530_NEC_2026年3月期 決算短信〔IFRS〕(連結).pdf
   ✅ 保存: 6701_1530_NEC_配当予想の修正に関するお知らせ.pdf
   ✅ 保存: 6701_1530_NEC_2025年度(26年3月期)通期決算概要.pdf
   ✅ 保存: 6702_1530_富士通_2026年3月期 決算短信〔IFRS〕(連結).pdf
   ✅ 保存: 6702_1530_富士通_2025年度決算概要.pdf
   ✅ 保存: 6702_1530_富士通_2025年度 中期経営計画振り返りと今後の方向性.pdf
   ✅ 保存: 6702_1530_富士通_自己株式取得に係る事項の決定に関するお知らせ.pdf
   ✅ 保存: 6757_1530_OSGコーポ_譲渡制限付株式報酬としての自己株式の処分に関するお知らせ.pdf
   ✅ 保存: 6762_1530_TDK_2026年3月期 決算短信〔IFRS〕(連結).pdf
   ✅ 保存: 6762_1530_TDK_剰余金の配当に関するお知らせ.pdf
   ✅ 保存: 6823_1530_リオン_2026年3月期 決算短信〔日本基準〕(連結).pdf
   ✅ 保存: 6862_1530_ミナトHD_(開示事項の経過)株式会社ピーディックの株式取得(子会社化)完了に関するお知らせ.pdf
   ✅ 保存: 6869_1530_シスメックス_減損損失(連結決算)の計上および 2026年3月期 通期業績予想の修正に関するお知らせ.pdf
   ✅ 保存: 6955_1530_FDK_2026年3月期 決算短信〔日本基準〕(連結).pdf
   ✅ 保存: 6955_1530_FDK_2025年度(2026年3月期) 決算説明資料および 中期事業計画「R1・R2」の振返り、 中期事業計画「R3」.pdf
   ✅ 保存: 6955_1530_FDK_FDKグループ戦略Framework「10年の計」および中期事業計画「R3」について.pdf
   ✅ 保存: 6955_1530_FDK_代表取締役および役員の異動に関するお知らせ.pdf
   ✅ 保存: 6997_1530_日ケミコン_(訂正)「B種種類株主によるB種種類株式の普通株式を対価とする取得請求権の行使に関するお知らせ」の一部訂正に関するお知らせ.pdf
   ✅ 保存: 7203_1530_トヨタ自_自己株式の公開買付けの結果ならびに自己株式の取得終了および消却に関するお知らせ.pdf
   ✅ 保存: 7384_1530_プロクレアHD_2026年3月期末の有価証券含み損に関するお知らせ.pdf
   ✅ 保存: 7510_1530_たけびし_2026年3月期 決算短信〔日本基準〕(連結).pdf
   ✅ 保存: 7510_1530_たけびし_役員の異動(内定)に関するお知らせ.pdf
   ✅ 保存: 7614_1530_オーエムツー_支配株主等に関する事項について.pdf
   ✅ 保存: 7715_1530_長野計器_監査役の異動、取締役の担当職務の変更、組織変更ならびに人事異動に関するお知らせ.pdf
   ✅ 保存: 7868_1530_広済堂HD_通期連結業績予想の修正に関するお知らせ.pdf
   ✅ 保存: 7911_1530_TOPPAN HD_所在不明株主の株式売却に関するお知らせ.pdf
   ✅ 保存: 7911_1530_TOPPAN HD_役員報酬制度の見直しに関するお知らせ.pdf
   ✅ 保存: 8060_1530_キヤノンMJ_2026年12月期 第1四半期決算短信[日本基準](連結)(監査法人による期中レビューの完了).pdf
   ✅ 保存: 8129_1530_東邦HD_取締役候補者及びCEO候補者の決定に関するお知らせ.pdf
   ✅ 保存: 8129_1530_東邦HD_当社株券等の大規模買付行為等に対する取締役会評価結果及び対抗措置発動に関する株主意思確認の議案上程に関するお知らせ.pdf
   ✅ 保存: 8129_1530_東邦HD_中期経営計画2026-2028「次代を翔ける」策定に関するお知らせ.pdf
   ✅ 保存: 8129_1530_東邦HD_通期業績予想の修正に関するお知らせ.pdf
   ✅ 保存: 8129_1530_東邦HD_2026年3月期の配当予想の修正に関するお知らせ.pdf
   ✅ 保存: 8129_1530_東邦HD_2028年満期ユーロ円建転換社債型新株予約権付社債のクリーンアップ条項による繰上償還に関するお知らせ.pdf
   ✅ 保存: 8166_1530_タカキュー_主要株主の異動に関するお知らせ.pdf
   ✅ 保存: 8218_1530_コメリ_2026年3月期 決算短信〔日本基準〕(連結).pdf
   ✅ 保存: 8218_1530_コメリ_2026年3月期 決算補足資料.pdf
   ✅ 保存: 8218_1530_コメリ_取締役の異動に関するお知らせ.pdf
   ✅ 保存: 8218_1530_コメリ_配当方針の変更に関するお知らせ.pdf
   ✅ 保存: 8737_1530_あかつき本社_あかつき本社第57回無担保社債発行に関するお知らせ.pdf
   ✅ 保存: 8793_1530_NECキャピ_2026年3月期 決算短信〔日本基準〕(連結).pdf
   ✅ 保存: 8793_1530_NECキャピ_2026年3月期決算説明資料.pdf
   ✅ 保存: 8793_1530_NECキャピ_業績予想と実績値との差異に関するお知らせ.pdf
   ✅ 保存: 8793_1530_NECキャピ_中期計画2028について.pdf
   ✅ 保存: 8793_1530_NECキャピ_中期計画2028(説明資料).pdf
   ✅ 保存: 8793_1530_NECキャピ_特定子会社の異動に関するお知らせ.pdf
   ✅ 保存: 8951_1530_R-ビルF_国内不動産の取得に関するお知らせ.pdf
   ✅ 保存: 9022_1530_JR東海_2026年3月期 決算短信〔日本基準〕(連結).pdf
   ✅ 保存: 9022_1530_JR東海_2026年3月期(2025年度) 期末決算補足説明資料.pdf
   ✅ 保存: 9022_1530_JR東海_自己株式取得に係る事項の決定および自己株式の消却に関するお知らせ.pdf
   ✅ 保存: 9023_1530_東京メトロ_2026年3月期決算短信〔日本基準〕(連結).pdf
   ✅ 保存: 9023_1530_東京メトロ_2026年3月期決算説明会資料.pdf
   ✅ 保存: 9081_1530_神奈中交_2026年3月期 決算短信〔日本基準〕(連結).pdf
   ✅ 保存: 9081_1530_神奈中交_2026年3月期 決算説明資料.pdf
   ✅ 保存: 9081_1530_神奈中交_神奈中グループ中期経営計画(2024年度~2026年度)の進捗について.pdf
   ✅ 保存: 9264_1530_ポエック_大型案件の受注に関するお知らせ.pdf
   ✅ 保存: 9267_1530_ゲンキードラッグ_2026年6月期 4月度月次営業速報.pdf
   ✅ 保存: 9267_1530_ゲンキードラッグ_2026年6月期 第3四半期決算短信〔日本基準〕(連結).pdf
   ✅ 保存: 9267_1530_ゲンキードラッグ_2026年6月期 第3四半期決算説明資料.pdf
   ✅ 保存: 9267_1530_ゲンキードラッグ_2026年6月期 第3四半期説明補足資料.pdf
   ✅ 保存: 9334_1530_P-アイビスHD_連結子会社における資金の借入に関するお知らせ.pdf
   ✅ 保存: 9504_1530_中国電力_2026年3月期 決算短信〔日本基準〕(連結).pdf
   ✅ 保存: 9504_1530_中国電力_2026年3月期の剰余金の配当、2027年3月期以降の配当方針および2027年3月期の配当予想に関するお知らせ.pdf
   ✅ 保存: 9504_1530_中国電力_代表取締役・取締役および役付執行役員の人事について.pdf
   ✅ 保存: 9505_1530_北陸電力_2026年3月期 決算短信〔日本基準〕(連結).pdf
   ✅ 保存: 9505_1530_北陸電力_当社および北陸電力送配電株式会社の代表取締役等の人事に関するお知らせ.pdf
   ✅ 保存: 9505_1530_北陸電力_建設計画中の富山新港火力発電所LNG2号機出力の決定について.pdf
   ✅ 保存: 9505_1530_北陸電力_七尾大田火力発電所2号機の復旧見通しについて.pdf
   ✅ 保存: 9509_1530_北海電力_2026年3月期決算短信〔日本基準〕(連結).pdf
   ✅ 保存: 9509_1530_北海電力_2025年度決算について.pdf
   ✅ 保存: 9509_1530_北海電力_剰余金の配当(期末配当金増配)に関するお知らせ.pdf
   ✅ 保存: 9509_1530_北海電力_子会社の業績予想と実績との差異に関するお知らせ.pdf
   ✅ 保存: 9610_1530_ウィルソンWLW_執行役員人事および取締役の辞任に関するお知らせ.pdf
   ✅ 保存: 9984_1530_ソフトバンクグループ_取締役人事に関するお知らせ.pdf
   ✅ 保存: 9984_1530_ソフトバンクグループ_定款の一部変更に関するお知らせ.pdf
   ✅ 保存: 9984_1530_ソフトバンクグループ_剰余金の配当(期末配当)に関するお知らせ.pdf
   ✅ 保存: 1447_1500_G-SAAFHD_通期業績予想の修正および特別損失の計上に関するお知らせ.pdf
   ✅ 保存: 1941_1500_中電工_2026年3月期決算短信〔日本基準〕(連結).pdf
   ✅ 保存: 1941_1500_中電工_中期経営計画2027(2025~2027年度)および中電工グループ2030ビジョンの数値目標の見直しに関するお知らせ.pdf
   ...Page 004 を確認中
   ✅ 保存: 1941_1500_中電工_資本コストや株価を意識した経営の実現に向けた対応について(アップデート).pdf
   ✅ 保存: 1941_1500_中電工_2026年3月期の剰余金の配当(増配)及び2027年3月期の配当予想に関するお知らせ.pdf
   ✅ 保存: 1941_1500_中電工_取締役および役付執行役員の人事に関するお知らせ.pdf
   ✅ 保存: 1959_1500_クラフティア_2026年3月期 決算短信〔日本基準〕(連結).pdf
   ✅ 保存: 1959_1500_クラフティア_剰余金の配当(増配)に関するお知らせ.pdf
   ✅ 保存: 1959_1500_クラフティア_支配株主等に関する事項について.pdf
   ✅ 保存: 255A_1500_ジーエルテクノHD_現下の中東情勢による当社グループへの影響に関するお知らせ.pdf
   ✅ 保存: 284A_1500_P-フクヤ建設_株式会社エムズアソシエイツの株式の取得(子会社化)に関するお知らせ.pdf
   ✅ 保存: 3195_1500_G-ジェネパ_伊藤忠商事株式会社とのアパレル向け機能性繊維の共同開発・販売に関する事業進捗および基本合意書の契約期間延長に関するお知らせ.pdf
   ✅ 保存: 3513_1500_イチカワ_通期連結業績予想の修正に関するお知らせ.pdf
   ✅ 保存: 3513_1500_イチカワ_本社移転に関するお知らせ.pdf
   ✅ 保存: 4091_1500_日本酸素HD_固定資産の譲渡に関するお知らせ.pdf
   ✅ 保存: 4645_1500_市進HD_代表取締役の異動に関するお知らせ.pdf
   ✅ 保存: 4994_1500_大成ラミックG_通期連結業績予想の修正に関するお知らせ.pdf
   ✅ 保存: 5186_1500_ニッタ_執行役員に対する譲渡制限付株式報酬としての自己株式の処分の払込完了に関するお知らせ.pdf
   ✅ 保存: 5541_1500_大平洋金_売上原価(棚卸資産の簿価切下げ額の戻入れ)の計上、営業外収益(持分法による投資利益) の計上及び業績予想の修正に関するお知らせ.pdf
   ✅ 保存: 5541_1500_大平洋金_剰余金の配当に関するお知らせ.pdf
   ✅ 保存: 6161_1500_エスティック_剰余金の配当に関するお知らせ.pdf
   ✅ 保存: 6161_1500_エスティック_中期経営計画の見直しおよび今後の開示方針に関するお知らせ.pdf
   ✅ 保存: 6161_1500_エスティック_2026年3月期 決算短信〔日本基準〕(連結).pdf
   ✅ 保存: 6473_1500_ジェイテクト_2026年3月期決算短信〔IFRS〕(連結).pdf
   ✅ 保存: 6473_1500_ジェイテクト_支配株主等に関する事項について.pdf
   ✅ 保存: 6617_1500_東光高岳_2026年3月期決算短信〔日本基準〕(連結).pdf
   ✅ 保存: 6617_1500_東光高岳_剰余金の配当(期末配当)に関するお知らせ.pdf
   ✅ 保存: 6617_1500_東光高岳_「2027中期経営計画」の見直しについて.pdf
   ✅ 保存: 6617_1500_東光高岳_「配当方針の見直し(配当性向目標の引き上げ)」に関するお知らせ.pdf
   ✅ 保存: 6617_1500_東光高岳_固定資産の譲渡並びに特別利益(固定資産売却益及び修繕引当金戻入益)の計上に関するお知らせ.pdf
   ✅ 保存: 6617_1500_東光高岳_自己株式取得に係る事項の決定及び自己株式消却に係る事項の決定に関するお知らせ.pdf
   ✅ 保存: 6617_1500_東光高岳_2026年3月期 決算補足資料.pdf
   ✅ 保存: 7919_1500_野崎印_2026年3月期 決算短信〔日本基準〕(連結).pdf
   ✅ 保存: 8071_1500_東海エレ_2026年3月期 決算短信〔日本基準〕(連結).pdf
   ✅ 保存: 8285_1500_三谷産業_株式の売出し及び主要株主である筆頭株主の異動に関するお知らせ.pdf
   ✅ 保存: 8617_1500_光世証_配当金受領に関するお知らせ.pdf
   ✅ 保存: 9021_1500_JR西_本日の一部報道について.pdf
   ✅ 保存: 9306_1500_東陽倉_2026年3月期通期連結業績予想の修正に関するお知らせ.pdf
   ✅ 保存: 9539_1500_京葉瓦斯_2026年12月期 第1四半期決算短信 [日本基準] (連結).pdf
   ✅ 保存: 5482_1440_愛知鋼_2026年3月期 決算短信〔IFRS〕(連結).pdf
   ✅ 保存: 5482_1440_愛知鋼_剰余金の配当に関するお知らせ.pdf
   ✅ 保存: 3402_1430_東レ_当社子会社(蝶理株式会社)の個別業績の前期実績値との差異に関するお知らせ.pdf
   ✅ 保存: 4728_1430_トーセ_2026年8月期 第2四半期(中間期)決算説明 質疑応答集.pdf
   ✅ 保存: 6301_1430_コマツ_2026年3月期 決算短信〔米国基準〕(連結).pdf
   ✅ 保存: 6301_1430_コマツ_2025年度決算説明会(資料).pdf
   ✅ 保存: 6301_1430_コマツ_自己株式取得に係る事項の決定および自己株式の消却に関するお知らせ.pdf
   ✅ 保存: 6301_1430_コマツ_剰余金の配当および別途積立金の取り崩しに関するお知らせ.pdf
   ✅ 保存: 6301_1430_コマツ_投資単位の引下げに関する考え方および方針等について.pdf
   ✅ 保存: 7337_1430_ひろぎんHD_譲渡制限付株式報酬制度の導入に関するお知らせ.pdf
   ✅ 保存: 8334_1430_群馬銀_業績予想の修正および期末配当予想の修正(増配)に関するお知らせ.pdf
   ✅ 保存: 8365_1430_富山銀行_業績予想の修正に関するお知らせ.pdf
   ✅ 保存: 8076_1420_カノークス_2026年3月期 決算短信〔日本基準〕(連結).pdf
   ✅ 保存: 8308_1415_りそなHD_本日の一部報道について.pdf
   ✅ 保存: 1961_1400_三機工_業績予想の修正に関するお知らせ.pdf
   ✅ 保存: 1961_1400_三機工_剰余金の配当(増配)に関するお知らせ.pdf
   ✅ 保存: 1964_1400_中外炉_2626年3月期 決算短信〔日本基準〕(連結).pdf
   ✅ 保存: 1964_1400_中外炉_自己株式取得に係る事項の決定に関するお知らせ.pdf
   ✅ 保存: 1964_1400_中外炉_剰余金の配当に関するお知らせ.pdf
   ✅ 保存: 1964_1400_中外炉_2025年度 決算説明資料.pdf
   ✅ 保存: 254A_1400_AIフュージョンCG_財務上の特約が付された金銭消費貸借契約の締結に関するお知らせ.pdf
   ✅ 保存: 3116_1400_トヨタ紡織_2026年3月期 決算短信〔IFRS〕(連結).pdf
   ✅ 保存: 3116_1400_トヨタ紡織_通期連結業績予想値と実績値との差異及び個別業績の前期実績値との差異に関するお知らせ.pdf
   ✅ 保存: 3245_1400_ディア・ライフ_収益不動産の取得に関するお知らせ.pdf
   ✅ 保存: 4045_1400_東亜合_2026年12月期 第1四半期決算短信 〔日本基準〕(連結).pdf
   ✅ 保存: 4409_1400_東邦化_業績予想の修正に関するお知らせ.pdf
   ✅ 保存: 4620_1400_藤倉化_業績予想の修正及び配当予想の修正(増配)に関するお知らせ.pdf
   ✅ 保存: 4620_1400_藤倉化_代表取締役の異動に関するお知らせ.pdf
   ✅ 保存: 4826_1400_CIJ_2026年6月期 第3四半期決算短信〔日本基準〕(連結).pdf
   ✅ 保存: 5966_1400_京都機械工具_業績予想の修正に関するお知らせ.pdf
   ✅ 保存: 6302_1400_住友重_2026年12月期 第1四半期決算短信〔日本基準〕(連結).pdf
   ✅ 保存: 8014_1400_蝶理_2026年3月期決算短信〔日本基準〕(連結).pdf
   ✅ 保存: 8014_1400_蝶理_2026年3月期通期決算説明資料(ハイライト情報).pdf
   ✅ 保存: 8014_1400_蝶理_中期経営計画「Chori Innovation Plan 2028」策定のお知らせ.pdf
   ✅ 保存: 8014_1400_蝶理_2026年3月期の剰余金の配当(増配)及び2027年3月期からの配当方針の変更に関するお知らせ.pdf
   ✅ 保存: 8014_1400_蝶理_役員報酬制度の改定に関するお知らせ.pdf
   ✅ 保存: 8053_1400_住友商_2027年3月期当社個別決算における関係会社株式売却益の計上に関するお知らせ.pdf
   ✅ 保存: 8522_1400_名古屋銀_2026年3月期末の有価証券含み損に関するお知らせ.pdf
   ✅ 保存: 8524_1400_北洋銀行_通期業績予想の修正および配当予想の修正(増配)に関するお知らせ.pdf
   ✅ 保存: 8708_1400_アイザワ証G_2026年3月期 決算短信〔日本基準〕(連結).pdf
   ✅ 保存: 8708_1400_アイザワ証G_2026年3月期 決算説明資料.pdf
   ✅ 保存: 9017_1400_新潟交通_通期連結業績予想の修正に関するお知らせ.pdf
   ✅ 保存: 9412_1400_スカパーJSAT_2026年3月期通期期決算短信〔日本基準〕(連結).pdf
   ✅ 保存: 9412_1400_スカパーJSAT_2026年3月期通期決算短信 補足資料.pdf
   ✅ 保存: 9412_1400_スカパーJSAT_2026年3月期通期決算説明会資料.pdf
   ✅ 保存: 9412_1400_スカパーJSAT_2026 年3月期剰余金配当及び 2027 年3月期の配当予想(増配)に関するお知らせ.pdf
   ✅ 保存: 9412_1400_スカパーJSAT_従業員持株会向け譲渡制限付株式割当としての自己株式の処分に関するお知らせ.pdf
   ✅ 保存: 9531_1400_東瓦斯_自己株式取得に係る事項の決定に関するお知らせ.pdf
   ✅ 保存: 9531_1400_東瓦斯_剰余金の配当(増配)に関するお知らせ.pdf
   ✅ 保存: 9531_1400_東瓦斯_2026年3月期 決算短信〔日本基準〕(連結).pdf
   ✅ 保存: 135A_1330_G-VRAIN_2026年2月期通期 決算説明会動画及び質疑応答(要旨)のお知らせ.pdf
   ✅ 保存: 4578_1330_大塚HD_2026年12月期 第1四半期決算短信〔IFRS〕(連結).pdf
   ✅ 保存: 6526_1330_ソシオネクスト_監査等委員である取締役の逝去及び補欠の監査等委員である取締役就任に関するお知らせ.pdf
   ✅ 保存: 9973_1330_KOZOHD_第三者割当により発行された第16回新株予約権(行使価額修正条項付)の大量行使に関するお知らせ.pdf
   ✅ 保存: 7282_1325_豊田合_2026年3月期 決算短信〔IFRS〕(連結).pdf
   ✅ 保存: 7282_1325_豊田合_剰余金の配当に関するお知らせ.pdf
   ✅ 保存: 7282_1325_豊田合_株式分割および株式分割に伴う定款の一部変更に関するお知らせ.pdf
   ✅ 保存: 8622_1320_水戸証_2026年3月期決算短信〔日本基準〕(非連結).pdf
   ✅ 保存: 1777_1300_川崎設備_2026年3月期決算短信〔日本基準〕(非連結).pdf
   ✅ 保存: 1777_1300_川崎設備_2026年3月期決算参考資料.pdf
   ✅ 保存: 1777_1300_川崎設備_役員人事に関するお知らせ.pdf
   ✅ 保存: 1777_1300_川崎設備_剰余金の配当に関するお知らせ.pdf
   ✅ 保存: 1777_1300_川崎設備_支配株主等に関する事項.pdf
   ✅ 保存: 1942_1300_関電工_2026年3月期 決算短信〔日本基準〕(連結).pdf
   ...Page 005 を確認中
   ✅ 保存: 1942_1300_関電工_剰余金の配当(増配)に関するお知らせ.pdf
   ✅ 保存: 1942_1300_関電工_2024-2026年度 関電工グループ中期経営計画の見直し並びに資本コストや株価を意識した経営の実現に向けた対応に関するお知らせ.pdf
   ✅ 保存: 1942_1300_関電工_支配株主等に関する事項.pdf
   ✅ 保存: 1942_1300_関電工_役員の異動に関するお知らせ.pdf
   ✅ 保存: 2502_1300_アサヒ_連結子会社の決算情報に関するお知らせ.pdf
   ✅ 保存: 254A_1300_AIフュージョンCG_「フランチャイズビジネスインキュベーション株式会社の株式取得完了に関するお知らせ」に関する経過開示.pdf
   ✅ 保存: 4345_1300_シーティーエス_2026年3月期 決算短信〔日本基準〕(連結).pdf
   ✅ 保存: 4345_1300_シーティーエス_2026年3月期_通期決算説明資料.pdf
   ✅ 保存: 4345_1300_シーティーエス_剰余金の配当に関するお知らせ.pdf
   ✅ 保存: 4345_1300_シーティーエス_定款の一部変更に関するお知らせ.pdf
   ✅ 保存: 4345_1300_シーティーエス_中期経営計画(2027年3月期~2029年3月期)策定に関するお知らせ.pdf
   ✅ 保存: 4345_1300_シーティーエス_自己株式取得に係る事項の決定に関するお知らせ.pdf
   ✅ 保存: 4888_1300_G-ステラファーマ_当社製品の新製造委託先への生産移管に向けた技術移管及び製造所変更の進捗について.pdf
   ✅ 保存: 5449_1300_大阪製鉄_役員等の異動に関するお知らせ.pdf
   ✅ 保存: 5729_1300_日精鉱_取締役の辞任に関するお知らせ.pdf
   ✅ 保存: 6356_1300_日ギア_監査等委員会設置会社への移行に関するお知らせ.pdf
   ✅ 保存: 6614_1300_シキノハイテック_取締役候補者の選任に関するお知らせ.pdf
   ✅ 保存: 7259_1300_アイシン_2026年3月期 決算短信〔IFRS〕(連結).pdf
   ✅ 保存: 7259_1300_アイシン_業績予想値と実績値との差異に関するお知らせ.pdf
   ✅ 保存: 7259_1300_アイシン_2026年3月期 剰余金の配当に関するお知らせ.pdf
   ✅ 保存: 7259_1300_アイシン_自己株式の取得に係る事項の決定及び自己株式の取得中止並びに自己株式の消却に関するお知らせ.pdf
   ✅ 保存: 7259_1300_アイシン_自己株式の取得及び自己株式の公開買付けに関するお知らせ.pdf
   ✅ 保存: 7381_1300_CCIグループ_2026年3月期 決算短信〔日本基準〕(連結).pdf
   ✅ 保存: 7381_1300_CCIグループ_2026年3月期 通期連結業績と前期実績との差異に関するお知らせ.pdf
   ✅ 保存: 7381_1300_CCIグループ_中期経営戦略のアップデートに関するお知らせ.pdf
   ✅ 保存: 7646_1300_PLANT_2026年9月期 第2四半期(中間期)決算短信〔日本基準〕(非連結).pdf
   ✅ 保存: 7646_1300_PLANT_2026年9月期通期業績予想の修正に関するお知らせ.pdf
   ✅ 保存: 7646_1300_PLANT_剰余金の配当(中間配当)に関するお知らせ.pdf
   ✅ 保存: 7646_1300_PLANT_自己株式消却に係る事項の決定に関するお知らせ.pdf
   ✅ 保存: 7646_1300_PLANT_中期経営計画(2027年9月期~2031年9月期)の策定に関するお知らせ.pdf
   ✅ 保存: 8362_1300_福井銀_業績予想の修正 及び 配当予想の修正(増配)に関するお知らせ.pdf
   ✅ 保存: 8362_1300_福井銀_2026年3月期末の有価証券含み損に関するお知らせ.pdf
   ✅ 保存: 8624_1245_いちよし_2026年3月期 決算短信[日本基準](連結).pdf
   ✅ 保存: 8624_1245_いちよし_2026年3月期の期末普通配当予定の増配に関するお知らせ.pdf
   ✅ 保存: 8624_1245_いちよし_2026年3月期決算説明資料.pdf
   ✅ 保存: 1934_1230_ユアテック_2026年3月期 決算短信〔日本基準〕(連結).pdf
   ✅ 保存: 1934_1230_ユアテック_資本コストや株価を意識した経営の実現に向けた対応に関するお知らせ(アップデート).pdf
   ✅ 保存: 1934_1230_ユアテック_支配株主等に関する事項について.pdf
   ✅ 保存: 6592_1230_マブチモーター_2026年12月期第1四半期決算短信〔日本基準〕(連結).pdf
   ✅ 保存: 3825_1200_REMIX_暗号資産の追加購入に関するお知らせ.pdf
   ✅ 保存: 4234_1200_サンエー化研_剰余金の配当に関するお知らせ.pdf
   ✅ 保存: 4234_1200_サンエー化研_取締役の異動に関するお知らせ.pdf
   ✅ 保存: 4834_1200_キャリアバンク_臨時株主総会招集のための基準日設定に関するお知らせ.pdf
   ✅ 保存: 484A_1200_P-ニューズドテック_通期業績予想の修正に関するお知らせ.pdf
   ✅ 保存: 6029_1200_アトラG_REMED社との業務提携に関するお知らせ.pdf
   ✅ 保存: 8613_1200_丸三証_2026年3月期 決算短信〔日本基準〕(非連結).pdf
   ✅ 保存: 8697_1200_JPX_2026年3月期 決算短信〔IFRS〕(連結).pdf
   ✅ 保存: 8697_1200_JPX_【補足資料】2025年度 決算の概要.pdf
   ✅ 保存: 8697_1200_JPX_中期経営計画2027 2026年度アップデート.pdf
   ✅ 保存: 8697_1200_JPX_自己株式取得に係る事項の決定に関するお知らせ.pdf
   ✅ 保存: 8697_1200_JPX_役員候補者の決定について.pdf
   ✅ 保存: 8914_1200_エリアリンク_2026年12月期第1四半期決算短信〔日本基準〕(非連結).pdf
   ✅ 保存: 8914_1200_エリアリンク_2026年12月期 第1四半期決算説明資料.pdf
   ✅ 保存: 1326_1145_E-ワールド_SPDRゴールド・シェアに関する日々の開示事項.pdf
   ✅ 保存: 6201_1140_豊田織_2026年3月期 決算短信〔IFRS〕(連結).pdf
   ✅ 保存: 6201_1140_豊田織_個別業績の前期実績値との差異に関するお知らせ.pdf
   ✅ 保存: 1860_1130_戸田建_当社株式等の大規模買付行為に関する対応方針(買収への対応方針)の一部変更及び継続について当社株式等の大規模買付行為に関する対応策(買収防衛策)の一部変更及び.pdf
   ✅ 保存: 5834_1130_G-SBIリーシング_剰余金の配当(増配)に関するお知らせ.pdf
   ✅ 保存: 5834_1130_G-SBIリーシング_2026年3月期 決算短信〔日本基準〕(連結).pdf
   ✅ 保存: 5834_1130_G-SBIリーシング_2026年3月期 決算説明資料.pdf
   ✅ 保存: 5834_1130_G-SBIリーシング_オペレーティング・リース事業ファンドへの立替出資のお知らせ.pdf
   ✅ 保存: 5929_1130_三和HD_譲渡制限付株式報酬としての自己株式処分の払込完了に関するお知らせ.pdf
   ✅ 保存: 8609_1130_岡三_2026年3月期 決算短信〔日本基準〕(連結).pdf
   ✅ 保存: 8609_1130_岡三_2026年3月期通期連結業績と前期実績との差異に関するお知らせ.pdf
   ✅ 保存: 1499_1110_MXS高配当70MN_「MAXIS日本株高配当 70 マーケットニュートラル上場投信」の 購入単位および換金単位の小口化に関するお知らせ.pdf
   ✅ 保存: 6902_1110_デンソー_2026年3月期 決算短信〔IFRS〕(連結).pdf
   ✅ 保存: 6902_1110_デンソー_自己株式の取得及び自己株式の公開買付けに関するお知らせ.pdf
   ✅ 保存: 6902_1110_デンソー_剰余金の配当に関するお知らせ.pdf
   ✅ 保存: 6902_1110_デンソー_支配株主等に関する事項について.pdf
   ✅ 保存: 6902_1110_デンソー_(開示事項の経過)ローム株式会社に対する株式取得に関する提案の取下げについて.pdf
   ✅ 保存: 6963_1110_ローム_(開示事項の経過)株式会社デンソーによる当社株式取得にかかる提案に関する検討終了のお知らせ.pdf
   ✅ 保存: 3665_1100_エニグモ_(開示事項の経過)連結子会社によるKL社の株式取得(孫会社化)に係る株式譲渡実行日決定に関するお知らせ.pdf
   ✅ 保存: 4043_1100_トクヤマ_資本コストや株価を意識した経営の実現に向けた対応について(アップデート).pdf
   ✅ 保存: 4183_1100_三井化学_自己株式の取得状況及び取得終了並びに消却数に関するお知らせ.pdf
   ✅ 保存: 4371_1100_G-CCT_主要株主の異動に関するお知らせ.pdf
   ✅ 保存: 9040_1100_大宝運_2026年3月期 決算短信〔日本基準〕(非連結).pdf
   ✅ 保存: 8742_1030_小林洋行_自己株式立会外買付取引(ToSTNeT-3)による自己株式の取得結果に関するお知らせ.pdf
   ✅ 保存: 1458_1000_楽天225ダブルブル_2026年3月期 決算短信(2025年3月16日~2026年3月15日).pdf
   ✅ 保存: 1459_1000_楽天225ダブルベア_2026年3月期 決算短信(2025年3月16日~2026年3月15日).pdf
   ✅ 保存: 3153_1000_八洲電機_中期経営計画の策定に関するお知らせ.pdf
   ✅ 保存: 6525_1000_KOKUSAI_富山県砺波市における土地取得に関するお知らせ.pdf
   ✅ 保存: 7213_1000_レシップHD_2026年3月期 連結業績予想の修正および配当予想の修正(増配)ならびに配当方針の変更に関するお知らせ.pdf
   ✅ 保存: 4043_0900_トクヤマ_2026年3月期決算短信〔日本基準〕(連結).pdf
   ✅ 保存: 4043_0900_トクヤマ_2026年3月期決算説明資料.pdf
   ✅ 保存: 4043_0900_トクヤマ_取締役の異動および監査等委員である取締役の補欠者選任に関するお知らせ.pdf
   ✅ 保存: 4102_0855_丸尾カルシウム_配当予想の修正(創業100周年記念配当)に関するお知らせ.pdf
   ✅ 保存: 2523_0850_MXSトピ除く金融_「MAXISトピックス(除く金融)上場投信」の 基準価額と市場価格の重要な乖離に関するお知らせ.pdf
   ✅ 保存: 4583_0850_G-カイオム_第23回新株予約権(行使価額修正条項付)の大量行使に関するお知らせ.pdf
   ✅ 保存: 6420_0845_ガリレイ_商号変更及びそれに伴う定款の一部変更のお知らせ.pdf
   ✅ 保存: 509A_0800_I-Gライト・再エネ_資産運用会社における人事異動に関するお知らせ.pdf
   ...Page 006 を確認中
   📝 一覧CSV保存: TDnet_Sorted_20260428.csv
   📝 一覧CSV保存（ルート）: TDnet_Sorted_20260428.csv
   📊 日別統計: page_access=6, pdf_success=479, excluded=19

============================================================
✅ ①完了（範囲取得）
   期間: 20260428 ～ 20260428 （mode=day）
   一覧ページアクセス合計: 6
   PDFダウンロード成功合計: 479
   除外件数合計: 19
   保存ルート: G:\マイドライブ\TDnet_Downloads

$ C:\Users\onok\AppData\Local\Python\pythoncore-3.14-64\python.exe -u ②a②bは２つフリーワード検索.py analyze --target 20260428 --save-root G:\マイドライブ\TDnet_Downloads --keywords 価格交渉 増産 価格改定 価格転嫁 値上 想定以上 上方修正 下方修正 想定以下 未達 大幅 計画を上 計画を下 計画以 需要回復 需要の回復 需要が増 需要が低 悪化 グローバルニッチトップ トップシェア シェア拡大 レアアース
ルート: G:\マイドライブ\TDnet_Downloads
対象指定: 20260428 mode= day from= 20260428 to= 20260428
対象フォルダ数: 1
検索キーワード: ['価格交渉', '増産', '価格改定', '価格転嫁', '値上', '想定以上', '上方修正', '下方修正', '想定以下', '未達', '大幅', '計画を上', '計画を下', '計画以', '需要回復', '需要の回復', '需要が増', '需要が低', '悪化', 'グローバルニッチトップ', 'トップシェア', 'シェア拡大', 'レアアース']
総PDF数（推定）: 479
[1/1] 日付フォルダ 20260428 を処理中... (このフォルダ内PDF数: 479)
  進捗: 50/479 件のPDFを解析済み
  進捗: 100/479 件のPDFを解析済み
  進捗: 150/479 件のPDFを解析済み
  進捗: 200/479 件のPDFを解析済み
  進捗: 250/479 件のPDFを解析済み
  進捗: 300/479 件のPDFを解析済み
  進捗: 350/479 件のPDFを解析済み
  進捗: 400/479 件のPDFを解析済み
  進捗: 450/479 件のPDFを解析済み
  進捗: 479/479 件のPDFを解析済み
  → 日付フォルダ 20260428 のヒットPDF数: 146

✅ ②A 完了（解析専用・キーワード別ページ列）
解析PDF数: 479
ヒットPDF数: 146
出力CSV: Analysis_Hits_free_word_20260428.csv
保存先: G:\マイドライブ\TDnet_Downloads

$ C:\Users\onok\AppData\Local\Python\pythoncore-3.14-64\python.exe -u ②a②bは２つフリーワード検索.py distribute --target 20260428 --save-root G:\マイドライブ\TDnet_Downloads --no-stop-on-empty-meta

✅ ②B 完了（配布用CSV作成・キーワード別ページ列）
出力: PDF_Search_Result_Distribution_free_word_20260428_sh.csv
キーワード列: ['価格交渉', '増産', '価格改定', '価格転嫁', '値上', '想定以上', '上方修正', '下方修正', '想定以下', '未達', '大幅', '計画を上', '計画を下', '計画以', '需要回復', '需要の回復', '需要が増', '需要が低', '悪化', 'グローバルニッチトップ', 'トップシェア', 'シェア拡大', 'レアアース']
突合除外件数: 0
空欄アラート件数: 0

============================================
 Done: 2026-05-02 00:41:24
============================================
