============================================
 TDnet auto run: 20260617
 Start: 2026-06-17 23:00:02
============================================

$ C:\Users\onok\AppData\Local\Python\pythoncore-3.14-64\python.exe -u ①_tdnetアクセスしてダウンロードする処理（月日付別フォルダ保存）.py --target 20260617 --save-root G:\マイドライブ\TDnet_Downloads
🎯 対象指定: 20260617（mode=day, from=20260617, to=20260617）
📁 保存ルート: G:\マイドライブ\TDnet_Downloads

============================================================
📅 日付: 20260617 を処理します
   ...Page 001 を確認中
   ✅ 保存: 5867_1910_G-エスネット_投資事業売上の発生及び業績予想の修正のお知らせ.pdf
   ✅ 保存: 4568_1900_第一三共_財務上の特約が付された金銭消費貸借契約の締結に関するお知らせ.pdf
   ✅ 保存: 7463_1815_アドヴァングループ_非上場の親会社等の決算に関するお知らせ.pdf
   ✅ 保存: 6890_1800_フェローテック_(開示事項の経過)再生ウエーハ事業子会社(CRSM)の増資計画の一部変更について.pdf
   ✅ 保存: 7463_1800_アドヴァングループ_支配株主等に関する事項について.pdf
   ✅ 保存: 4011_1745_G-ヘッドウォーター_(訂正・数値データ訂正)「2026年12月期第1四半期決算短信〔日本基準〕(連結)」の訂正について.pdf
   ✅ 保存: 4011_1745_G-ヘッドウォーター_(訂正)「通期業績予想の修正に関するお知らせ」の一部訂正について.pdf
   ✅ 保存: 7356_1730_G-Retty_事業構造改革の実施および特別損失の計上に関するお知らせ.pdf
   ✅ 保存: 7820_1730_ニホンフラッシュ_(取消)「主要株主の異動に関するお知らせ」の取消しに関するお知らせ.pdf
   ✅ 保存: 9216_1730_ビーウィズ_当社株式の上場維持基準への適合及び監理銘柄(確認中)指定解除に関するお知らせ.pdf
   ✅ 保存: 5129_1720_G-FIXER_資金使途の変更に関するお知らせ.pdf
   ✅ 保存: 7256_1715_河西工_株式会社イクヨによる当社株式の取得に関する開示に関するお知らせ.pdf
   ✅ 保存: 207A_1700_P-ライジング_剰余金の配当に関するお知らせ.pdf
   ✅ 保存: 207A_1700_P-ライジング_「2026年3月期決算短信〔日本基準〕(連結)」の補足追加説明 (配当方針の変更及び2026年3月期期末配当予想の修正)について.pdf
   ✅ 保存: 2335_1700_キューブシステム_支配株主等に関する事項について.pdf
   ✅ 保存: 284A_1700_P-フクヤ建設_(開示事項の経過)株式会社エムズアソシエイツの株式の株式譲渡実行日に関するお知らせ.pdf
   ✅ 保存: 284A_1700_P-フクヤ建設_資金の借入に関するお知らせ.pdf
   ✅ 保存: 4166_1700_G-かっこ_(開示事項の経過)株式会社Anycloudの株式の取得(完全子会社化)完了に関するお知らせ.pdf
   ✅ 保存: 4251_1700_恵和_連結子会社からの配当金受領に関するお知らせ.pdf
   ✅ 保存: 446A_1700_G-ノースサンド_当社株式の貸借銘柄選定に関するお知らせ.pdf
   ✅ 保存: 5616_1700_G-雨風太陽_「ポケマルおやこ地方留学」2026年夏プログラムの販売再開及び規模縮小に関するお知らせ.pdf
   ✅ 保存: 7731_1700_ニコン_業績連動型株式報酬としての自己株式の処分の払込完了に関するお知らせ.pdf
   ✅ 保存: 8088_1700_岩谷産_譲渡制限付株式報酬としての自己株式の処分に関するお知らせ.pdf
   ✅ 保存: 9686_1700_東洋テック_譲渡制限付株式報酬としての自己株式の処分に関するお知らせ.pdf
   ✅ 保存: 9941_1700_太洋物産_(開示事項の経過)極度契約の締結に関するお知らせ.pdf
   ✅ 保存: 3538_1650_ウイルプラスHD_当社子会社による事業譲受に関するお知らせ.pdf
   ✅ 保存: 6993_1635_大黒屋_非上場の親会社等の決算に関するお知らせ.pdf
   ✅ 保存: 330A_1630_G-TalentX_自己株式取得に係る事項の決定に関するお知らせ.pdf
   ✅ 保存: 3476_1630_R-投資法人みらい_2026年4月期 決算短信(REIT).pdf
   ✅ 保存: 3476_1630_R-投資法人みらい_国内不動産信託受益権の取得に関するお知らせ(スマイルホテル熊谷).pdf
   ✅ 保存: 3476_1630_R-投資法人みらい_資金の借入に関するお知らせ.pdf
   ✅ 保存: 3840_1630_PATH_(開示事項の経過)本社移転日の決定に関するお知らせ.pdf
   ✅ 保存: 6778_1630_アルチザ_自己株式取得に係る事項の決定に関するお知らせ.pdf
   ✅ 保存: 7241_1620_フタバ産_(訂正・数値データ訂正)「2026年3月期 決算短信〔日本基準〕(連結)」の一部訂正について.pdf
   ✅ 保存: 3612_1610_ワールド_業績連動型譲渡制限付株式報酬としてのユニット付与に関するお知らせ.pdf
   ✅ 保存: 146A_1600_コロンビア・ワークス_自己株式取得に係る事項の決定に関するお知らせ.pdf
   ✅ 保存: 146A_1600_コロンビア・ワークス_東京証券取引所プライム市場への市場区分変更申請に向けた準備開始に関するお知らせ.pdf
   ✅ 保存: 2338_1600_クオンタムS_連結子会社における暗号資産(ETH)の売却及び売却損の計上に関するお知らせ.pdf
   ✅ 保存: 251A_1600_P-ニューロマジック_TOKYO PRO Marketへの上場目的の開示について.pdf
   ✅ 保存: 303A_1600_G-visumo_ストック・オプションとしての新株予約権発行の決定に関するお知らせ.pdf
   ✅ 保存: 3372_1600_関門海_当座貸越契約の締結に関するお知らせ.pdf
   ✅ 保存: 3451_1600_R-トーセイ・リート_第三者割当による新投資口発行に関するお知らせ.pdf
   ✅ 保存: 3451_1600_R-トーセイ・リート_規約変更及び役員選任に関するお知らせ.pdf
   ✅ 保存: 3451_1600_R-トーセイ・リート_2026年4月期 決算短信(REIT).pdf
   ✅ 保存: 3451_1600_R-トーセイ・リート_2026年4月期(第23期)決算説明会資料.pdf
   ✅ 保存: 3480_1600_ジェイ・エス・ビー_2026年10月期 第2四半期決算説明資料.pdf
   ✅ 保存: 3504_1600_丸八ホールディングス_株主優待制度の導入に関するお知らせ.pdf
   ✅ 保存: 4368_1600_扶桑化学_補助金収入に伴う特別利益の計上および連結業績予想の修正に関するお知らせ.pdf
   ✅ 保存: 4829_1600_日本エンタープライズ_会社分割(新設分割及び吸収分割)による持株会社体制への移行、新設分割による子会社設立並びに分割準備会社設立に関するお知らせ.pdf
   ✅ 保存: 484A_1600_P-ニューズドテック_TOKYO PRO Market への上場目的の開示.pdf
   ✅ 保存: 4890_1600_G-坪田ラボ_第三者割当による第8回新株予約権、第9回新株予約権及び第10回新株予約権の払込完了に関するお知らせ.pdf
   ✅ 保存: 5537_1600_G-AlbaLink_自己株式の取得枠設定に関するお知らせ.pdf
   ✅ 保存: 6324_1600_ハーモニック_連結子会社からの配当金受領に関するお知らせ.pdf
   ✅ 保存: 6943_1600_NKK_(訂正・数値データ訂正)「2026年3月期 決算短信〔日本基準〕(連結)」の一部訂正について.pdf
   ✅ 保存: 7138_1600_G-TORICO_株式会社アジャイルとの業務提携契約締結に関するお知らせ.pdf
   ✅ 保存: 7203_1600_トヨタ自_役員人事に関するお知らせ.pdf
   ✅ 保存: 7687_1600_G-ミクリード_事業計画及び成長可能性に関する事項.pdf
   ✅ 保存: 7775_1600_大研医器_「クーデックエイミーPCA」の欧州展開に向けた MDR(欧州医療機器規則)の申請承認状況について(開示事項の経過).pdf
   ✅ 保存: 7875_1600_竹田iP_大英エレクトロニクス株式会社の株式の取得(子会社化)に関するお知らせ.pdf
   ✅ 保存: 7927_1600_ムトー精工_連結子会社の異動(株式譲渡)に関するお知らせ.pdf
   ✅ 保存: 7927_1600_ムトー精工_通期連結業績予想の修正に関するお知らせ.pdf
   ✅ 保存: 8136_1600_サンリオ_2026年3月期決算発表日に関するお知らせ.pdf
   ✅ 保存: 8395_1600_佐賀銀_自己株式の取得状況および取得終了に関するお知らせ.pdf
   ✅ 保存: 8508_1600_Jトラスト_特別株主優待の実施に関するお知らせ.pdf
   ✅ 保存: 8972_1600_R-KDX不動産_2026年4月期 決算短信(REIT).pdf
   ✅ 保存: 8972_1600_R-KDX不動産_2026年4月期 決算説明資料.pdf
   ✅ 保存: 8972_1600_R-KDX不動産_自己投資口取得に係る事項の決定に関するお知らせ.pdf
   ✅ 保存: 8972_1600_R-KDX不動産_資産運用会社における社内規程(パイプライン会議規程)の変更に関するお知らせ.pdf
   ✅ 保存: 9037_1600_ハマキョウ_譲渡制限付株式報酬としての自己株式の処分に関するお知らせ.pdf
   ✅ 保存: 9360_1600_鈴与シンワ_支配株主等に関する事項について.pdf
   ✅ 保存: 3237_1545_G-イントランス_当社に関する一部報道について.pdf
   ✅ 保存: 3695_1531_G-GMO-PP_株式の立会外分売に関するお知らせ.pdf
   ✅ 保存: 1494_1530_One・高配当日本株_投資信託約款の変更に関するお知らせ.pdf
   ✅ 保存: 2267_1530_ヤクルト_自己株式の取得結果および取得終了ならびに自己株式の消却に関するお知らせ.pdf
   ✅ 保存: 2540_1530_養命酒_当社株式の上場廃止のお知らせ.pdf
   ✅ 保存: 291A_1530_G-リスキル_上場調達資金使途変更に関するお知らせ.pdf
   ✅ 保存: 295A_1530_One・サウジ_投資信託約款の変更に関するお知らせ.pdf
   ✅ 保存: 3238_1530_セントラル総_組織変更及び執行役員等人事に関するお知らせ.pdf
   ✅ 保存: 3395_1530_サンマルクHD_株式の取得(子会社化)に関するお知らせ.pdf
   ✅ 保存: 3653_1530_G-モルフォ_(訂正)「2026年10月期_第2四半期決算補足説明資料」の一部訂正に関するお知らせ.pdf
   ✅ 保存: 3753_1530_フライト_大口受注に関するお知らせ.pdf
   ✅ 保存: 4262_1530_G-ニフティライフ_新役員体制に関するお知らせ.pdf
   ✅ 保存: 4262_1530_G-ニフティライフ_ストックオプション(新株予約権)発行に関するお知らせ(募集事項の決定等に関するお知らせ).pdf
   ✅ 保存: 4593_1530_G-ヘリオス_無償ストック・オプション(第28回新株予約権)の発行に関するお知らせ.pdf
   ✅ 保存: 4593_1530_G-ヘリオス_有償ストック・オプション(第29回新株予約権)の発行に関するお知らせ.pdf
   ✅ 保存: 4593_1530_G-ヘリオス_有償ストック・オプション(第30回新株予約権)の発行に関するお知らせ.pdf
   ✅ 保存: 4599_1530_G-ステムリム_再生誘導医薬レダセムチド(HMGB1断片ペプチド)の軟骨疾患を適応症とした特許登録(オーストラリア)のお知らせ.pdf
   ✅ 保存: 5033_1530_G-ヌーラボ_プロジェクト・タスク管理ツール「Backlog」のプラン改定に関するお知らせ.pdf
   ✅ 保存: 5134_1530_G-POPER_2026年10月期 第2四半期(中間期)決算説明会 スクリプト.pdf
   ✅ 保存: 5134_1530_G-POPER_2026年10月期 第2四半期(中間期)決算説明会 質疑応答要旨の公開のお知らせ.pdf
   ✅ 保存: 6182_1530_G-メタリアル_(開示事項の経過)連結子会社である株式会社ロゼッタにおける重要な新機能開発に関するお知らせ-「超高精度(熟考)」モード、契約書も修正必要率0.05%達成-.pdf
   ✅ 保存: 6349_1530_小森_独立委員会委員選任に関するお知らせ.pdf
   ✅ 保存: 6525_1530_KOKUSAI_自己株式の消却に関するお知らせ.pdf
   ✅ 保存: 6532_1530_ベイカレント_譲渡制限付株式報酬としての自己株式の処分に関するお知らせ.pdf
   ✅ 保存: 7034_1530_プロレドパートナーズ_2026年10月期 第2四半期 決算説明会レポート.pdf
   ✅ 保存: 7370_1530_G-Enjin_2026年5月期 月次売上(5月度)のお知らせ.pdf
   ✅ 保存: 7374_1530_G-コンフィデンスI_事業計画及び成長可能性に関する事項.pdf
   ✅ 保存: 7490_1530_日新商_臨時株主総会招集のための基準日設定に関するお知らせ.pdf
   ✅ 保存: 7823_1530_アートネイチャー_2027年3月期5月度単体月次売上状況(速報).pdf
   ✅ 保存: 8050_1530_セイコーG_(訂正)「2026年3月期決算短信〔日本基準〕(連結)」の一部訂正について.pdf
   ...Page 002 を確認中
   ✅ 保存: 8107_1530_キムラタン_ウェアラブル事業の新製品開発・事業展開の進捗に関するお知らせ.pdf
   ✅ 保存: 8253_1530_クレセゾン_取締役及び執行役員に対する株式報酬としての自己株式処分に関するお知らせ.pdf
   ✅ 保存: 8399_1530_琉球銀_(訂正・数値データ訂正) 「2026年3月期 決算短信〔日本基準〕(連結)」の一部訂正について.pdf
   ✅ 保存: 8410_1530_セブン銀行_募集新株予約権(有償ストック・オプション)の消滅に関するお知らせ.pdf
   ✅ 保存: 8844_1530_コスモスイニシア_支配株主等に関する事項について.pdf
   ✅ 保存: 8956_1530_R-NTT都市開発R_2026年4月期 決算短信(REIT).pdf
   ✅ 保存: 8956_1530_R-NTT都市開発R_国内不動産信託受益権の取得に関するお知らせ.pdf
   ✅ 保存: 8956_1530_R-NTT都市開発R_自己投資口の取得及び消却に係る事項の決定に関するお知らせ.pdf
   ✅ 保存: 8956_1530_R-NTT都市開発R_資金の借入に関するお知らせ.pdf
   ✅ 保存: 8956_1530_R-NTT都市開発R_資産運用会社における人事異動に関するお知らせ.pdf
   ✅ 保存: 8963_1530_R-INV_資金の借入れ(グリーンローン他による借換え)に関するお知らせ.pdf
   ✅ 保存: 8975_1530_R-いちごオフィス_2026年4月期 決算短信(REIT).pdf
   ✅ 保存: 8975_1530_R-いちごオフィス_2026年4月期(第41期)決算説明資料.pdf
   ✅ 保存: 8975_1530_R-いちごオフィス_規約変更および役員選任のお知らせ.pdf
   ✅ 保存: 9010_1530_富士急_所在不明株主の株式買取りに関するお知らせ.pdf
   ✅ 保存: 9010_1530_富士急_創立100周年記念株主優待の実施に関するお知らせ.pdf
   ✅ 保存: 9090_1530_AZ-COM丸和HD_役員向け株式給付信託への追加拠出に関するお知らせ.pdf
   ✅ 保存: 9090_1530_AZ-COM丸和HD_取締役会の実効性に関する評価結果の概要について.pdf
   ✅ 保存: 9166_1530_G-GENDA_GENDA売上進捗レポート発行に関するお知らせ【2026年6月】.pdf
   ✅ 保存: 9238_1530_G-バリューC_第18期定時株主総会の継続会の開催日等に関するお知らせ.pdf
   ✅ 保存: 9238_1530_G-バリューC_事業計画及び成長可能性に関するご説明資料.pdf
   ✅ 保存: 9238_1530_G-バリューC_再発防止策に関するお知らせ.pdf
   ✅ 保存: 9307_1530_杉村倉庫_主要株主の異動に関するお知らせ.pdf
   ✅ 保存: 9556_1530_G-INTLOOP_連結子会社の代表取締役及び取締役の異動に関するお知らせ.pdf
   ✅ 保存: 9955_1530_ヨンキュウ_譲渡制限付株式報酬としての新株式発行に関するお知らせ.pdf
   ✅ 保存: 9973_1530_KOZOHD_第三者割当により発行された第16回新株予約権(行使価額修正条項付)の大量行使に関するお知らせ.pdf
   ✅ 保存: 3571_1500_ソトー_(訂正・数値データ訂正) 「2026 年3月期 決算短信〔日本基準〕(連結)」の一部訂正に関するお知らせ.pdf
   ✅ 保存: 4222_1500_児玉化_取締役に対する業績連動賞与制度の導入に関するお知らせ.pdf
   ✅ 保存: 460A_1500_G-BRANU_2026年10月期第2四半期決算説明会書き起こしおよび動画公開のお知らせ.pdf
   ✅ 保存: 4642_1500_オリジナル設_株式会社アクティブフュージョンズの株式の取得に関するお知らせ.pdf
   ✅ 保存: 490A_1500_P-センス・トラスト_販売用不動産の取得に関するお知らせ.pdf
   ✅ 保存: 5074_1500_テスホールディングス_子会社による財務上の特約が付された金銭消費貸借契約の締結に関するお知らせ.pdf
   ✅ 保存: 6063_1500_EAJ_ストック・オプションの発行に関するお知らせ.pdf
   ✅ 保存: 6469_1500_放電精密_譲渡制限付株式報酬としての自己株式の処分に関するお知らせ.pdf
   ✅ 保存: 8167_1500_リテールパートナーズ_譲渡制限付株式報酬としての自己株式処分に関するお知らせ.pdf
   ✅ 保存: 8705_1500_日産証券グループ_資本コストや株価を意識した経営の実現に向けた対応について.pdf
   ✅ 保存: 8747_1500_豊トラスティ証券_連結総資産の減少に関するお知らせ.pdf
   ✅ 保存: 9539_1500_京葉瓦斯_親会社等の決算に関するお知らせ.pdf
   ✅ 保存: 5930_1400_文化シヤター_「ダルトンらによる当社株券等の大規模買付行為等の蓋然性が高い状況(有事)を踏まえた、対抗措置の条件付き発動に関する承認の件」の承認に伴う独立委員会.pdf
   ✅ 保存: 7299_1400_フジオーゼ_支配株主等に関する事項について.pdf
   ✅ 保存: 7273_1330_イクヨ_(開示事項の変更)河西工業株式会社(証券コード_7256)株式の買集め行為に該当する株式取得についてのお知らせ.pdf
   ✅ 保存: 587A_1325_E-インベスコQQQ_インベスコQQQトラスト シリーズ1 に関する日々の開示事項.pdf
   ✅ 保存: 376A_1300_米債7-10ヘ有75_NEXT FUNDS ブルームバーグ米国国債(7-10年)インデックス(75%為替ヘッジあり)連動型上場投信 決算短信.pdf
   ✅ 保存: 6101_1300_ツガミ_譲渡制限付株式報酬としての自己株式の処分に関するお知らせ.pdf
   ✅ 保存: 8133_1300_エネクス_支配株主等に関する事項について.pdf
   ✅ 保存: 3070_1230_G-ジェリービーンズ_グローバルブランド「SAPPUN」の日本国内における独占販売代理店契約の締結に関するお知らせ.pdf
   ✅ 保存: 3070_1230_G-ジェリービーンズ_グローバルブランド「SAPPUN」の日本国内における独占販売代理店契約の締結に関するお知らせ 補足資料.pdf
   ✅ 保存: 4591_1230_G-リボミック_DDSアプタマーに関する業務委託契約締結のお知らせ.pdf
   ✅ 保存: 4591_1230_G-リボミック_事業計画及び成長可能性に関する事項.pdf
   ✅ 保存: 198A_1200_G-ポストプライム_事業承継・M&A仲介領域への参入及び株式会社インフィニティライフの株式取得(完全子会社化).pdf
   ✅ 保存: 198A_1200_G-ポストプライム_事業ポートフォリオの選択と集中に関するお知らせ.pdf
   ✅ 保存: 198A_1200_G-ポストプライム_基準日後株主の議決権付与に関するお知らせ.pdf
   ✅ 保存: 3825_1200_REMIX_(開示事項の経過)暗号資産の運用実績に関するお知らせ.pdf
   ✅ 保存: 1326_1150_E-ワールド_SPDRゴールド・シェアに関する日々の開示事項.pdf
   ✅ 保存: 500A_1130_TOブックス_(訂正)2026年4月通期決算説明資料の一部訂正について.pdf
   ✅ 保存: 4249_1100_森六_連結子会社からの配当金受領に関するお知らせ.pdf
   ✅ 保存: 9401_1100_TBSHD_自己株式立会外買付取引(ToSTNeT-3)による自己株式の取得結果に関するお知らせ.pdf
   ✅ 保存: 3096_1000_オーシャン_自己株式立会外買付取引(ToSTNeT-3)による自己株式の取得結果及び取得終了に関するお知らせ.pdf
   ✅ 保存: 1401_0830_G-エムビーエス_当社独自技術と村田製作所のRFID技術を組み合わせた「状態・異常検知システム及び検知方法」に関する共同開発、特許出願及び今後の事業展開に関するお知ら.pdf
   ✅ 保存: 5038_0800_G-eWeLL_公開買付に準ずる行為として政令で定める買集め行為に関するお知らせ.pdf
   ...Page 003 を確認中
   📝 一覧CSV保存: TDnet_Sorted_20260617.csv
   📝 一覧CSV保存（ルート）: TDnet_Sorted_20260617.csv
   📊 日別統計: page_access=3, pdf_success=160, excluded=9

============================================================
✅ ①完了（範囲取得）
   期間: 20260617 ～ 20260617 （mode=day）
   一覧ページアクセス合計: 3
   PDFダウンロード成功合計: 160
   除外件数合計: 9
   保存ルート: G:\マイドライブ\TDnet_Downloads

$ C:\Users\onok\AppData\Local\Python\pythoncore-3.14-64\python.exe -u ②a②bは２つフリーワード検索.py analyze --target 20260617 --save-root G:\マイドライブ\TDnet_Downloads --keywords 価格交渉 増産 価格改定 価格転嫁 値上 想定以上 上方修正 下方修正 想定以下 未達 大幅 計画を上 計画を下 計画以 需要回復 需要の回復 需要が増 需要が低 悪化 グローバルニッチトップ トップシェア シェア拡大 レアアース
ルート: G:\マイドライブ\TDnet_Downloads
対象指定: 20260617 mode= day from= 20260617 to= 20260617
対象フォルダ数: 1
検索キーワード: ['価格交渉', '増産', '価格改定', '価格転嫁', '値上', '想定以上', '上方修正', '下方修正', '想定以下', '未達', '大幅', '計画を上', '計画を下', '計画以', '需要回復', '需要の回復', '需要が増', '需要が低', '悪化', 'グローバルニッチトップ', 'トップシェア', 'シェア拡大', 'レアアース']
総PDF数（推定）: 160
[1/1] 日付フォルダ 20260617 を処理中... (このフォルダ内PDF数: 160)
  進捗: 50/160 件のPDFを解析済み
  進捗: 100/160 件のPDFを解析済み
  進捗: 150/160 件のPDFを解析済み
  進捗: 160/160 件のPDFを解析済み
  → 日付フォルダ 20260617 のヒットPDF数: 19

✅ ②A 完了（解析専用・キーワード別ページ列）
解析PDF数: 160
ヒットPDF数: 19
出力CSV: Analysis_Hits_free_word_20260617.csv
保存先: G:\マイドライブ\TDnet_Downloads

$ C:\Users\onok\AppData\Local\Python\pythoncore-3.14-64\python.exe -u ②a②bは２つフリーワード検索.py distribute --target 20260617 --save-root G:\マイドライブ\TDnet_Downloads --no-stop-on-empty-meta

✅ ②B 完了（配布用CSV作成・キーワード別ページ列）
出力: PDF_Search_Result_Distribution_free_word_20260617_sh.csv
キーワード列: ['価格交渉', '増産', '価格改定', '価格転嫁', '値上', '想定以上', '上方修正', '下方修正', '想定以下', '未達', '大幅', '計画を上', '計画を下', '計画以', '需要回復', '需要の回復', '需要が増', '需要が低', '悪化', 'グローバルニッチトップ', 'トップシェア', 'シェア拡大', 'レアアース']
突合除外件数: 0
空欄アラート件数: 0

============================================
 Done: 2026-06-17 23:03:42
============================================
