============================================
 TDnet auto run: 20260611
 Start: 2026-06-11 23:00:01
============================================

$ C:\Users\onok\AppData\Local\Python\pythoncore-3.14-64\python.exe -u ①_tdnetアクセスしてダウンロードする処理（月日付別フォルダ保存）.py --target 20260611 --save-root G:\マイドライブ\TDnet_Downloads
🎯 対象指定: 20260611（mode=day, from=20260611, to=20260611）
📁 保存ルート: G:\マイドライブ\TDnet_Downloads

============================================================
📅 日付: 20260611 を処理します
   ...Page 001 を確認中
   ✅ 保存: 7435_1900_ナ・デックス_2026年4月期 決算短信〔日本基準〕(連結).pdf
   ✅ 保存: 7435_1900_ナ・デックス_2026年4月期 決算補足説明資料.pdf
   ✅ 保存: 7435_1900_ナ・デックス_自己株式取得に係る事項の決定および自己株式消却に係る事項の決定に関するお知らせ.pdf
   ✅ 保存: 480A_1830_G-リブコンサル_臨時株主総会の招集及び資本金の額の減少に関するお知らせ.pdf
   ✅ 保存: 6558_1800_G-クックビズ_TECH CREW株式会社の株式取得及び第三者割当増資引受による連結子会社化のお知らせ.pdf
   ✅ 保存: 7095_1800_MacbeeP_2026年4月期通期決算説明会資料(書き起こし).pdf
   ✅ 保存: 9941_1800_太洋物産_2026年9月期 5月度 月次業績(売上高)速報.pdf
   ✅ 保存: 2164_1730_地域新聞社_子会社設立並びに株式会社UniGrowthとの経営統合に向けた基本合意解消に関するお知らせ.pdf
   ✅ 保存: 2164_1730_地域新聞社_執行役員人事に関するお知らせ.pdf
   ✅ 保存: 385A_1730_P-山本通産_東京証券取引所TOKYO PRO Market への上場目的の開示について.pdf
   ✅ 保存: 4069_1725_G-BlueMeme_特別調査委員会設置に関するお知らせ.pdf
   ✅ 保存: 1447_1700_G-SAAFHD_特別調査委員会の調査報告書(最終報告)受領に関するお知らせ.pdf
   ✅ 保存: 144A_1700_P-エネルギーパワー_(開示事項の変更)大型受注に関するお知らせ.pdf
   ✅ 保存: 144A_1700_P-エネルギーパワー_東京証券取引所TOKYO PRO Market上場目的の開示.pdf
   ✅ 保存: 2502_1700_アサヒ_臨時株主総会招集のための基準日設定に関するお知らせ.pdf
   ✅ 保存: 3260_1700_エスポア_系統用蓄電池用地及び発電設備等への送電系統に係る権利の売却に関するお知らせ.pdf
   ✅ 保存: 3260_1700_エスポア_第三者委員会設置に関するお知らせ.pdf
   ✅ 保存: 4374_1700_G-ロボペイ_第28回新株予約権(有償ストック・オプション)の発行に関するお知らせ.pdf
   ✅ 保存: 5029_1700_G-サークレイス_連結子会社(アオラナウ株式会社)の株式の追加取得(持分比率の変更)に関するお知らせ.pdf
   ✅ 保存: 5132_1700_G-pluszero_2026年10月期第2四半期決算に関するQ&Aおよびオンライン説明会動画公開のお知らせ.pdf
   ✅ 保存: 9936_1645_王将フード_オーストラリア子会社設立に関するお知らせ.pdf
   ✅ 保存: 9936_1645_王将フード_株主優待制度の拡充および電子化に関するお知らせ.pdf
   ✅ 保存: 3358_1630_Trailhead_営業外収益計上見込みに関するお知らせ.pdf
   ✅ 保存: 4172_1630_Hiクラテス_主要株主である筆頭株主の異動に関するお知らせ.pdf
   ✅ 保存: 4345_1630_シーティーエス_自己株式の取得状況に関するお知らせ.pdf
   ✅ 保存: 5533_1630_エリッツHD_株式の取得(子会社化)に関するお知らせ.pdf
   ✅ 保存: 6027_1630_弁護士ドットコム_自己株式取得に係る事項の決定に関するお知らせ ならびに、代表取締役社長個人による役員持株会を通じた株式の継続取得について.pdf
   ✅ 保存: 6264_1630_マルマエ_業績予想の修正及び配当予想の修正(増配)に関するお知らせ.pdf
   ✅ 保存: 6326_1630_クボタ_自己株式立会外買付取引(ToSTNeT-3)による自己株式の買付けに関するお知らせ.pdf
   ✅ 保存: 6535_1630_アイモバイル_自己株式立会外買付取引(ToSTNeT-3)による自己株式の買付けに関するお知らせ.pdf
   ✅ 保存: 6546_1630_フルテック_自己株式の取得及び自己株式立会外買付取引(ToSTNeT-3)による自己株式の買付けに関するお知らせ.pdf
   ✅ 保存: 3361_1620_トーエル_自己株式の取得及び自己株式立会外買付取引(ToSTNeT-3)による自己株式の買付けに関するお知らせ.pdf
   ✅ 保存: 6915_1615_千代インテ_自己株式の取得及び自己株式立会外買付取引(ToSTNeT-3)による自己株式の買付けに関するお知らせ.pdf
   ✅ 保存: 2198_1600_アイ・ケイ・ケイHD_株式の立会外分売に関するお知らせ.pdf
   ✅ 保存: 2345_1600_HODL1_株式会社博報堂キースリーとの業務提携に関する基本合意書締結のお知らせ.pdf
   ✅ 保存: 2681_1600_ゲオHD_消費者庁による当社子会社への措置命令に関するお知らせ.pdf
   ✅ 保存: 2776_1600_新都HD_2027年1月期 第1四半期決算短信 [日本基準] (連結).pdf
   ✅ 保存: 3121_1600_マーチャント_第18回新株予約権の一部譲渡承認に関するお知らせ.pdf
   ✅ 保存: 320A_1600_P-D&I_東京証券取引所 TOKYO PRO Marketへの上場目的の開示.pdf
   ✅ 保存: 3361_1600_トーエル_2026年4月期 決算短信〔日本基準〕(連結).pdf
   ✅ 保存: 3361_1600_トーエル_2026年4月期 決算補足説明資料.pdf
   ✅ 保存: 5018_1600_MORESCO_譲渡制限付株式報酬としての自己株式の処分に関するお知らせ.pdf
   ✅ 保存: 5341_1600_ASAHI EITO_(訂正)第三者割当により発行された第12回新株予約権(行使価額修正条項付)の月間行使状況に関するお知らせ.pdf
   ✅ 保存: 5341_1600_ASAHI EITO_(訂正)第三者割当により発行された第12回新株予約権(行使価額修正条項付)の大量行使に関するお知らせ.pdf
   ✅ 保存: 574A_1600_P-LASSIC_2026年4月期 決算短信〔日本基準〕(非連結).pdf
   ✅ 保存: 6309_1600_巴工業_2026年10月期 第2四半期(中間期)決算短信〔日本基準〕(連結).pdf
   ✅ 保存: 6706_1600_電気興_(開示事項の経過)固定資産の譲渡完了および特別利益の計上に関するお知らせ.pdf
   ✅ 保存: 7059_1600_コプロHD_連結子会社からの配当金受領に関するお知らせ.pdf
   ✅ 保存: 7777_1600_G-3Dマトリックス_2026年4月期決算短信〔日本基準〕(連結).pdf
   ✅ 保存: 7777_1600_G-3Dマトリックス_特別利益及び特別損失の計上に関するお知らせ.pdf
   ✅ 保存: 7777_1600_G-3Dマトリックス_「継続企業の前提に関する注記」の記載解消に関するお知らせ.pdf
   ✅ 保存: 8921_1600_P-シーズクリエイト_TOKYO PRO Marketへの上場目的の開示.pdf
   ✅ 保存: 8960_1600_R-ユナイテド_資金の借入れ(グリーンローンを含む)に関するお知らせ.pdf
   ✅ 保存: 8960_1600_R-ユナイテド_コミットメントラインの再契約に関するお知らせ.pdf
   ✅ 保存: 9146_1600_P-五健堂HD_TOKYO PRO Marketへの上場目的の開示について.pdf
   ✅ 保存: 9262_1600_シルバーライフ_2026年7月期 第3四半期決算短信〔日本基準〕(非連結).pdf
   ✅ 保存: 9658_1600_ビジ太田昭和_(訂正及び追加)2026年3月期決算説明資料 に関するお知らせ.pdf
   ✅ 保存: 9913_1600_日邦産業_株主総会検査役の選任に関するお知らせ.pdf
   ✅ 保存: 1822_1550_大豊建_自己株式の消却に関するお知らせ.pdf
   ✅ 保存: 1822_1550_大豊建_支配株主等に関する事項について.pdf
   ✅ 保存: 6222_1550_島精機_非連結子会社 株式会社サウステラスの株式譲渡に関するお知らせ.pdf
   ✅ 保存: 9341_1545_GENOVA_主要株主及び主要株主である筆頭株主の異動(予定)及び公開買付けに準ずる行為として政令で定める買集め行為に関するお知らせ.pdf
   ✅ 保存: 5025_1531_G-マーキュリー_親会社等の決算情報に関するお知らせ及び当社の業績について.pdf
   ✅ 保存: 5250_1531_GMOプライム_Web高速化エンジン「WEXAL」に関する米国での特許出願放棄に関するお知らせ.pdf
   ✅ 保存: 1419_1530_タマホーム_2026年5月度 受注速報.pdf
   ✅ 保存: 1758_1530_太洋基礎_2027年1月期第1四半期決算短信〔日本基準〕(非連結).pdf
   ✅ 保存: 1873_1530_日本ハウスHD_業績予想の修正に関するお知らせ.pdf
   ✅ 保存: 1981_1530_協和日成_支配株主等に関する事項について.pdf
   ✅ 保存: 215A_1530_G-タイミー_2026年4月期 決算短信〔日本基準〕(連結).pdf
   ✅ 保存: 215A_1530_G-タイミー_2026年4月期 通期決算説明資料.pdf
   ✅ 保存: 215A_1530_G-タイミー_事業計画及び成長可能性に関する事項.pdf
   ✅ 保存: 215A_1530_G-タイミー_完全子会社の商号変更に関するお知らせ.pdf
   ✅ 保存: 215A_1530_G-タイミー_子会社設立に関するお知らせ.pdf
   ✅ 保存: 2305_1530_スタジオアリス_2026年5月の月次売上高等について.pdf
   ✅ 保存: 2375_1530_ギグワークス_2026年10月期第2四半期(中間期)決算短信〔日本基準〕(連結).pdf
   ✅ 保存: 2375_1530_ギグワークス_2026年10月期の連結業績予想の修正に関するお知らせ.pdf
   ✅ 保存: 2471_1530_エスプール_募集新株予約権(有償ストック・オプション) の発行に関するお知らせ.pdf
   ✅ 保存: 2502_1530_アサヒ_2025年12月期通期連結業績予想の修正に関するお知らせ.pdf
   ✅ 保存: 272A_1530_グリーンクロスHD_令和8年4月期 決算短信〔日本基準〕(連結).pdf
   ✅ 保存: 272A_1530_グリーンクロスHD_配当予想の修正に関するお知らせ.pdf
   ✅ 保存: 288A_1530_G-ラクサス_事業計画及び成長可能性に関する事項.pdf
   ✅ 保存: 3031_1530_ラクーンHD_2026年4月期決算短信〔日本基準〕(連結).pdf
   ✅ 保存: 3031_1530_ラクーンHD_2026年4月期第4四半期 決算説明資料.pdf
   ✅ 保存: 3031_1530_ラクーンHD_中期経営計画(2027年4月期~2029年4月期)策定のお知らせ.pdf
   ✅ 保存: 3031_1530_ラクーンHD_業績連動型有償ストック・オプション(新株予約権)の発行に関するお知らせ.pdf
   ✅ 保存: 3031_1530_ラクーンHD_新サービス「URIHOmini」、「BizCheck」提供開始のお知らせ.pdf
   ✅ 保存: 3031_1530_ラクーンHD_取締役会の実効性に関する評価結果の概要について.pdf
   ✅ 保存: 3070_1530_G-ジェリービーンズ_2027年1月期 第1四半期決算短信[日本基準](連結).pdf
   ✅ 保存: 3070_1530_G-ジェリービーンズ_2027年1月期 第1四半期決算短信[日本基準](連結) 補足説明資料.pdf
   ✅ 保存: 3070_1530_G-ジェリービーンズ_営業外費用(貸倒引当金繰入額)の計上に関するお知らせ.pdf
   ✅ 保存: 3070_1530_G-ジェリービーンズ_資金流出事案の発生に関するお知らせ.pdf
   ✅ 保存: 3075_1530_銚子丸_譲渡制限付株式報酬としての自己株式の処分に関するお知らせ.pdf
   ✅ 保存: 3248_1530_アールエイジ_2026年10月期 第2四半期(中間期)決算短信[日本基準](連結).pdf
   ✅ 保存: 3252_1530_地主_販売用不動産の売却に関するお知らせ.pdf
   ✅ 保存: 3479_1530_G-TKP_自己株式取得に係る事項の決定に関するお知らせ.pdf
   ✅ 保存: 3491_1530_G-GA TECH_第18回募集新株予約権(無償ストック・オプション)の発行に関するお知らせ.pdf
   ✅ 保存: 3491_1530_G-GA TECH_2026年10月期 第2四半期(中間期)決算短信〔IFRS〕(連結).pdf
   ...Page 002 を確認中
   ✅ 保存: 3491_1530_G-GA TECH_2026年10月期 第2四半期 決算説明資料.pdf
   ✅ 保存: 350A_1530_G-デジタルグリッド_2026年7月期 第3四半期決算短信〔日本基準〕(連結).pdf
   ✅ 保存: 350A_1530_G-デジタルグリッド_2026年7月期 通期連結業績予想の修正に関するお知らせ.pdf
   ✅ 保存: 350A_1530_G-デジタルグリッド_2026年7月期 第3四半期決算説明資料.pdf
   ✅ 保存: 350A_1530_G-デジタルグリッド_よくあるご質問とご回答(26年7月期 第3四半期決算).pdf
   ✅ 保存: 3639_1530_ボルテージ_株式の取得(子会社化)に関するお知らせ.pdf
   ✅ 保存: 3664_1530_G-WIZE_ソラナ(SOL)の取得状況に関するお知らせ.pdf
   ✅ 保存: 3927_1530_フーバーブレイン_連結子会社からの配当金受領に関するお知らせ.pdf
   ✅ 保存: 3955_1530_イムラ_2027年1月期 第1四半期決算短信〔日本基準〕(連結).pdf
   ✅ 保存: 4194_1530_ビジョナル_2026年7月期 第3四半期決算短信〔日本基準〕(連結).pdf
   ✅ 保存: 4194_1530_ビジョナル_2026年7月期 第3四半期決算説明資料.pdf
   ✅ 保存: 4194_1530_ビジョナル_2026年7月期 第3四半期決算FAQ.pdf
   ✅ 保存: 4307_1530_NRI_自己株式の消却に関するお知らせ.pdf
   ✅ 保存: 439A_1530_P-アクトビ_投資有価証券評価損(特別損失)の計上および通期業績予想の修正に関するお知らせ.pdf
   ✅ 保存: 4422_1530_G-VALUENEX_2026年7月期 第3四半期決算補足説明資料.pdf
   ✅ 保存: 4422_1530_G-VALUENEX_2026年7月期 第3四半期決算短信〔日本基準〕(連結).pdf
   ✅ 保存: 446A_1530_G-ノースサンド_2027年1月期第1四半期決算短信〔日本基準〕(非連結).pdf
   ✅ 保存: 446A_1530_G-ノースサンド_2027年1月期第1四半期決算説明会資料.pdf
   ✅ 保存: 446A_1530_G-ノースサンド_東京証券取引所プライム市場への市場区分変更申請に向けた準備に関するお知らせ.pdf
   ✅ 保存: 4754_1530_トスネット_主要株主の異動(予定)及び有限会社元気による株式会社トスネット株式 (証券コード4754)の取得に関するお知らせ.pdf
   ✅ 保存: 4777_1530_ガーラ_非上場の親会社等の決算情報に関するお知らせ.pdf
   ✅ 保存: 4974_1530_タカラバイオ_当社株式の上場廃止に関するお知らせ.pdf
   ✅ 保存: 4978_1530_G-リプロセル_株式及び新株予約権発行プログラム設定契約に基づく第1回第三者割当による新株式及び第17回新株予約権の発行に係る払込完了に関するお知らせ.pdf
   ✅ 保存: 4978_1530_G-リプロセル_AMED公募事業「再生医療・遺伝子治療の産業化に向けた基盤技術開発事業」補助金の2025年度分交付額確定に関するお知らせ.pdf
   ✅ 保存: 5075_1530_アップコン_2027年1月期 第1四半期決算短信[日本基準](非連結).pdf
   ✅ 保存: 5134_1530_G-POPER_2026年10月期 第2四半期(中間期)決算短信〔日本基準〕(非連結).pdf
   ✅ 保存: 5134_1530_G-POPER_2026年10月期 第2四半期(中間期)決算説明資料.pdf
   ✅ 保存: 5644_1530_メタルアート_臨時株主総会招集のための基準日設定に関するお知らせ.pdf
   ✅ 保存: 5851_1530_リョービ_連結子会社からの配当金受領に関するお知らせ.pdf
   ✅ 保存: 5866_1530_P-WizBiz_「TOKYO PRO Marketへの上場目的の開示」に関するお知らせ.pdf
   ✅ 保存: 6184_1530_鎌倉新書_2027年1月期 第1四半期決算短信〔日本基準〕(連結).pdf
   ✅ 保存: 6184_1530_鎌倉新書_2027年1月期 第1四半期決算説明資料.pdf
   ✅ 保存: 6492_1530_岡野バル_非上場の親会社等の決算に関するお知らせ.pdf
   ✅ 保存: 6503_1530_三菱電_(訂正)「2026年3月期 決算短信〔IFRS〕(連結)」の一部訂正に関するお知らせ.pdf
   ✅ 保存: 6597_1530_G-HPCシステムズ_(開示事項の経過)特別当座貸越契約の締結に関するお知らせ.pdf
   ✅ 保存: 6619_1530_WSCOPE_2027年1月期第1四半期決算短信〔日本基準〕(連結).pdf
   ✅ 保存: 6619_1530_WSCOPE_営業外損益の計上に関するお知らせ.pdf
   ✅ 保存: 6971_1530_京セラ_KDDI株式会社による自己株式の公開買付けへの応募結果に関するお知らせ.pdf
   ✅ 保存: 7095_1530_MacbeeP_2026年4月期決算短信〔IFRS〕(連結).pdf
   ✅ 保存: 7095_1530_MacbeeP_2026年4月期通期決算説明資料.pdf
   ✅ 保存: 7095_1530_MacbeeP_個別業績の前期実績値との差異に関するお知らせ.pdf
   ✅ 保存: 7131_1530_のむら産業_2026年10月期 第2四半期 決算説明資料.pdf
   ✅ 保存: 7131_1530_のむら産業_2026年10月期 第2四半期(中間期)決算短信〔日本基準〕(連結).pdf
   ✅ 保存: 7134_1530_アップガレージG_取締役会の実効性評価結果の概要について.pdf
   ✅ 保存: 7137_1530_P-グラントマト_TOKYO PRO Marketへの上場目的の開示について.pdf
   ✅ 保存: 7137_1530_P-グラントマト_第三者割当による募集株式発行の内容の決定に関するお知らせ.pdf
   ✅ 保存: 7196_1530_Casa_2027年1月期 第1四半期決算短信〔日本基準〕(連結).pdf
   ✅ 保存: 7196_1530_Casa_2027年1月期 第1四半期決算説明資料.pdf
   ✅ 保存: 7318_1530_G-セレンディップ_当社子会社による日建産業の株式取得(子会社化)に関するお知らせ.pdf
   ✅ 保存: 7318_1530_G-セレンディップ_当社子会社による日建産業の株式取得(子会社化)に関する補足資料.pdf
   ✅ 保存: 7640_1530_トップカルチャ_2026年10月期 第2四半期(中間期)決算短信〔日本基準〕(連結).pdf
   ✅ 保存: 7640_1530_トップカルチャ_2026年10月期 第2四半期(中間期)決算補足資料.pdf
   ✅ 保存: 7640_1530_トップカルチャ_特別利益(負ののれん発生益)の計上及び2026年10月期第2四半期(中間期)業績予想と実績値との差異並びに2026年10月期通期業績予想の修正に関するお知らせ.pdf
   ✅ 保存: 7640_1530_トップカルチャ_優先株式に係る剰余金の配当に関するお知らせ.pdf
   ✅ 保存: 7857_1530_セキ_公益財団法人財務会計基準機構への加入状況及び加入に関する考え方等に関するお知らせ.pdf
   ✅ 保存: 8077_1530_トルク_2026年10月期第2四半期決算短信〔日本基準〕(連結).pdf
   ✅ 保存: 8142_1530_トーホー_2027年1月期第1四半期決算短信〔日本基準〕(連結).pdf
   ✅ 保存: 8142_1530_トーホー_2026年5月度 月次売上高のお知らせ.pdf
   ✅ 保存: 8142_1530_トーホー_2027年1月期第1四半期決算説明資料.pdf
   ✅ 保存: 8927_1530_明豊エンター_2026年7月期第3四半期決算短信〔日本基準〕(連結).pdf
   ✅ 保存: 8927_1530_明豊エンター_2026年7月期 第3四半期 決算ハイライト.pdf
   ✅ 保存: 9226_1530_P-アイガー_東京証券取引所TOKYO PRO Marketへの上場目的の開示.pdf
   ✅ 保存: 9236_1530_G-ジャパンM&A_2026年10月期第2四半期(中間期)決算短信〔日本基準〕(非連結).pdf
   ✅ 保存: 9236_1530_G-ジャパンM&A_2026年10月期業績予想の修正に関するお知らせ.pdf
   ✅ 保存: 9236_1530_G-ジャパンM&A_2026年10月期(第7期)配当予想の修正に関するお知らせ.pdf
   ✅ 保存: 9236_1530_G-ジャパンM&A_2026年10月期 第2四半期 決算説明資料.pdf
   ✅ 保存: 9436_1530_沖縄セルラー_支配株主等に関する事項について.pdf
   ✅ 保存: 9627_1530_アインHD_2026年4月期 決算短信〔日本基準〕(連結).pdf
   ✅ 保存: 9627_1530_アインHD_特別損失(固定資産の減損損失)に関するお知らせ.pdf
   ✅ 保存: 9636_1530_きんえい_2027年1月期 第1四半期決算短信[日本基準〕(非連結).pdf
   ✅ 保存: 9692_1530_シーイーシー_2027年1月期 第1四半期決算短信〔日本基準〕(連結).pdf
   ✅ 保存: 9692_1530_シーイーシー_自己株式取得に係る事項の決定および自己株式の消却に係る事項の決定に関するお知らせ.pdf
   ✅ 保存: 4076_1505_G-シイエヌエス_取締役候補者の選任に関するお知らせ.pdf
   ✅ 保存: 2198_1500_アイ・ケイ・ケイHD_2026年10月期第2四半期(中間期)の連結業績予想と実績値との差異に関するお知らせ.pdf
   ✅ 保存: 2198_1500_アイ・ケイ・ケイHD_2026年10月期 第2四半期(中間期)決算短信〔日本基準〕(連結).pdf
   ✅ 保存: 2198_1500_アイ・ケイ・ケイHD_2026年10月期 第2四半期決算説明会資料.pdf
   ✅ 保存: 3031_1500_ラクーンHD_新サービス「SDダイレクト」の提供開始のお知らせ.pdf
   ✅ 保存: 3477_1500_G-フォーライフ_上場10周年記念優待の実施及び株主優待の一部内容変更(優待品目の追加)に関するお知らせ.pdf
   ✅ 保存: 7296_1500_FCC_自己株式の公開買付けの結果及び取得終了並びに自己株式の消却株式数に関するお知らせ.pdf
   ✅ 保存: 4094_1440_日化学産_人事異動について.pdf
   ✅ 保存: 9110_1430_ユナイテド海_投資単位の引下げに関する考え方及び方針等について.pdf
   ✅ 保存: 9110_1430_ユナイテド海_支配株主等に関する事項について.pdf
   ✅ 保存: 7601_1400_ポプラ_取締役会の実効性評価の結果の概要に関するお知らせ.pdf
   ✅ 保存: 7989_1400_立川ブライ_非上場の親会社等の決算に関するお知らせ.pdf
   ✅ 保存: 565A_1300_P-FFFHD_TOKYO PRO Marketへの上場目的の開示について.pdf
   ✅ 保存: 7369_1300_G-メイホーHD_グループ内組織再編(連結子会社間の吸収分割)に関するお知らせ.pdf
   ✅ 保存: 7488_1300_ヤガミ_剰余金の配当に関するお知らせ.pdf
   ✅ 保存: 7686_1300_ひとまいる_月次報告(2026年5月度).pdf
   ✅ 保存: 587A_1230_E-インベスコQQQ_インベスコQQQトラスト シリーズ1に関する日々の開示事項.pdf
   ✅ 保存: 6592_1230_マブチモーター_食品機械メーカー 株式会社マスダックの株式取得(子会社化)完了に関するお知らせ.pdf
   ✅ 保存: 8938_1215_G-グロームHD_(開示の経過) 系統用蓄電所の土地及び設備ならびに電力接続権の取得に関するお知らせ(第2号施設).pdf
   ✅ 保存: 3921_1200_ネオジャパン_2027年1月期第1四半期決算短信〔日本基準〕(連結).pdf
   ✅ 保存: 3921_1200_ネオジャパン_2027年1月期第1四半期決算説明資料.pdf
   ✅ 保存: 6535_1200_アイモバイル_2026年7月期 第3四半期決算短信〔日本基準〕(連結).pdf
   ✅ 保存: 6535_1200_アイモバイル_2026年7月期第3四半期決算説明資料.pdf
   ✅ 保存: 6535_1200_アイモバイル_自己株式取得に係る事項の決定に関するお知らせ.pdf
   ✅ 保存: 1326_1150_E-ワールド_SPDRゴールド・シェアに関する日々の開示事項.pdf
   ✅ 保存: 1436_1131_G-グリーンエナジー_2026年4月期 特別利益及び特別損失の計上に関するお知らせ.pdf
   ...Page 003 を確認中
   ✅ 保存: 5019_1030_出光興産_自己株式の取得結果および取得終了並びに消却株式数に関するお知らせ.pdf
   ✅ 保存: 7426_1030_山大_主要株主の異動に関するお知らせ.pdf
   ✅ 保存: 7678_1030_あさくま_自己株式立会外買付取引(ToSTNeT-3)による自己株式の取得結果及び自己株式の取得終了に関するお知らせ.pdf
   ✅ 保存: 6875_1000_メガチップス_自己株式立会外買付取引(ToSTNeT-3)による自己株式の取得結果 及び取得終了に関するお知らせ.pdf
   ✅ 保存: 3825_0955_REMIX_2027年3月期連結業績予想の公表に関するお知らせ.pdf
   ✅ 保存: 2181_0945_パーソルHD_一部報道について.pdf
   ✅ 保存: 4881_0900_G-ファンペップ_第13回新株予約権(行使価額修正条項付)の行使完了及び月間行使状況に関するお知らせ.pdf
   ...Page 004 を確認中
   📝 一覧CSV保存: TDnet_Sorted_20260611.csv
   📝 一覧CSV保存（ルート）: TDnet_Sorted_20260611.csv
   📊 日別統計: page_access=4, pdf_success=202, excluded=8

============================================================
✅ ①完了（範囲取得）
   期間: 20260611 ～ 20260611 （mode=day）
   一覧ページアクセス合計: 4
   PDFダウンロード成功合計: 202
   除外件数合計: 8
   保存ルート: G:\マイドライブ\TDnet_Downloads

$ C:\Users\onok\AppData\Local\Python\pythoncore-3.14-64\python.exe -u ②a②bは２つフリーワード検索.py analyze --target 20260611 --save-root G:\マイドライブ\TDnet_Downloads --keywords 価格交渉 増産 価格改定 価格転嫁 値上 想定以上 上方修正 下方修正 想定以下 未達 大幅 計画を上 計画を下 計画以 需要回復 需要の回復 需要が増 需要が低 悪化 グローバルニッチトップ トップシェア シェア拡大 レアアース
ルート: G:\マイドライブ\TDnet_Downloads
対象指定: 20260611 mode= day from= 20260611 to= 20260611
対象フォルダ数: 1
検索キーワード: ['価格交渉', '増産', '価格改定', '価格転嫁', '値上', '想定以上', '上方修正', '下方修正', '想定以下', '未達', '大幅', '計画を上', '計画を下', '計画以', '需要回復', '需要の回復', '需要が増', '需要が低', '悪化', 'グローバルニッチトップ', 'トップシェア', 'シェア拡大', 'レアアース']
総PDF数（推定）: 202
[1/1] 日付フォルダ 20260611 を処理中... (このフォルダ内PDF数: 202)
  進捗: 50/202 件のPDFを解析済み
  進捗: 100/202 件のPDFを解析済み
  進捗: 150/202 件のPDFを解析済み
  進捗: 200/202 件のPDFを解析済み
  進捗: 202/202 件のPDFを解析済み
  → 日付フォルダ 20260611 のヒットPDF数: 51

✅ ②A 完了（解析専用・キーワード別ページ列）
解析PDF数: 202
ヒットPDF数: 51
出力CSV: Analysis_Hits_free_word_20260611.csv
保存先: G:\マイドライブ\TDnet_Downloads

$ C:\Users\onok\AppData\Local\Python\pythoncore-3.14-64\python.exe -u ②a②bは２つフリーワード検索.py distribute --target 20260611 --save-root G:\マイドライブ\TDnet_Downloads --no-stop-on-empty-meta

✅ ②B 完了（配布用CSV作成・キーワード別ページ列）
出力: PDF_Search_Result_Distribution_free_word_20260611_sh.csv
キーワード列: ['価格交渉', '増産', '価格改定', '価格転嫁', '値上', '想定以上', '上方修正', '下方修正', '想定以下', '未達', '大幅', '計画を上', '計画を下', '計画以', '需要回復', '需要の回復', '需要が増', '需要が低', '悪化', 'グローバルニッチトップ', 'トップシェア', 'シェア拡大', 'レアアース']
突合除外件数: 0
空欄アラート件数: 0

============================================
 Done: 2026-06-11 23:04:36
============================================
