============================================
 TDnet auto run: 20260615
 Start: 2026-06-15 23:00:01
============================================

$ C:\Users\onok\AppData\Local\Python\pythoncore-3.14-64\python.exe -u ①_tdnetアクセスしてダウンロードする処理（月日付別フォルダ保存）.py --target 20260615 --save-root G:\マイドライブ\TDnet_Downloads
🎯 対象指定: 20260615（mode=day, from=20260615, to=20260615）
📁 保存ルート: G:\マイドライブ\TDnet_Downloads

============================================================
📅 日付: 20260615 を処理します
   ...Page 001 を確認中
   ✅ 保存: 3486_2000_グローバルリンクM_SAGLアドバイザーズ株式会社の株式取得による完全子会社に関するお知らせ.pdf
   ✅ 保存: 3309_1900_R-積水ハウスリート_(訂正)「2026年4月期(第23期)決算説明資料」の一部訂正について.pdf
   ✅ 保存: 368A_1900_北里コーポレーション_インドにおける業務提携及び合弁会社(連結子会社)設立に関するお知らせ.pdf
   ✅ 保存: 7050_1845_G-フロンティアI_2026年4月期決算短信[日本基準](連結).pdf
   ✅ 保存: 7050_1845_G-フロンティアI_2026年4月期決算説明補足資料.pdf
   ✅ 保存: 7050_1845_G-フロンティアI_剰余金の配当(増配)に関するお知らせ.pdf
   ✅ 保存: 2984_1830_ヤマイチ_譲渡制限付株式報酬としての新株式発行に関するお知らせ.pdf
   ✅ 保存: 6599_1830_エブレン_支配株主等に関する事項について.pdf
   ✅ 保存: 8979_1830_R-スターツPR_資産運用会社における監査役の変更予定に関するお知らせ.pdf
   ✅ 保存: 4409_1815_東邦化_資本コストや株価を意識した経営の実現に向けた対応について (アップデート).pdf
   ✅ 保存: 9343_1815_G-アイビス_ストック・オプション(新株予約権)の内容変更に関するお知らせ.pdf
   ✅ 保存: 3633_1801_GMOペパボ_連結子会社の解散(特別清算)に関するお知らせ.pdf
   ✅ 保存: 1445_1800_P-ひかりHD_「TOKYO PRO Market への上場目的の開示」に関するお知らせ.pdf
   ✅ 保存: 1445_1800_P-ひかりHD_連結子会社のリースによる固定資産の賃借に関するお知らせ.pdf
   ✅ 保存: 317A_1800_P-SMSDTech_東京証券取引所 TOKYO PRO Marketへの上場目的の開示.pdf
   ✅ 保存: 1417_1745_ミライト・ワン_(訂正・数値データ訂正)「2026年3月期 決算短信[日本基準](連結)」の一部訂正について.pdf
   ✅ 保存: 415A_1731_G-GMOTE-HD_子会社が保有する当社株式の取得に関するお知らせ.pdf
   ✅ 保存: 151A_1730_G-ダイブ_(経過開示)持株会社体制への移行に伴う分割承継会社の商号決定、子会社の機関設計変更並びに代表取締役の異動を伴う役員体制に関するお知らせ.pdf
   ✅ 保存: 7516_1730_コーナン商_譲渡制限付株式報酬としての自己株式の処分に関するお知らせ.pdf
   ✅ 保存: 9760_1730_進学会HD_株主優待制度の内容変更(大幅再改善)に関するお知らせ.pdf
   ✅ 保存: 4263_1715_G-サスメド_杏林製薬株式会社との共同研究開発及び販売に関する契約に係るマイルストン達成のお知らせ.pdf
   ✅ 保存: 415A_1701_G-GMOTE-HD_完全子会社間の合併に関するお知らせ.pdf
   ✅ 保存: 1383_1700_ベルグアース_2026年10月期 第2四半期(中間期)決算短信〔日本基準〕(連結).pdf
   ✅ 保存: 1447_1700_G-SAAFHD_株主による臨時株主総会招集請求に関するお知らせ.pdf
   ✅ 保存: 203A_1700_P-シュンビン_東京証券取引所TOKYO PRO Marketへの上場目的の開示.pdf
   ✅ 保存: 243A_1700_P-トップス_東京証券取引所 TOKYO PRO Market への上場目的の開示について.pdf
   ✅ 保存: 2995_1700_P-ジェイレックス_TOKYO PRO Marketへの上場目的の開示について.pdf
   ✅ 保存: 358A_1700_P-ゼン・ランド_東京証券取引所 TOKYO PRO Marketへの上場目的の開示について.pdf
   ✅ 保存: 398A_1700_P-リアルクオリティ_TOKYO PRO Market への上場目的の開示について.pdf
   ✅ 保存: 524A_1700_P-田村ビルズG_東京証券取引所 TOKYO PRO Marketへの上場目的の開示について.pdf
   ✅ 保存: 5893_1700_P-RAVIPA_TOKYO PRO Market への上場目的の開示について.pdf
   ✅ 保存: 7680_1700_P-軽自動車館_2026年10月期 中間決算短信〔日本基準〕(非連結).pdf
   ✅ 保存: 7719_1700_東京衡機_調査委員会の委員選任に関するお知らせ.pdf
   ✅ 保存: 8783_1700_abc_合弁会社 Crawford Production Japan におけるメディア・ライブイベント事業(CPJ STUDIOS)の開始に関するお知らせ.pdf
   ✅ 保存: 8783_1700_abc_【CPJ STUDIOS】メディア&ライブイベント事業計画 説明資料.pdf
   ✅ 保存: 9149_1700_P-大友ロジスティク_2026年10月期 中間決算短信〔日本基準〕(非連結).pdf
   ✅ 保存: 9149_1700_P-大友ロジスティク_業績予想の修正に関するお知らせ.pdf
   ✅ 保存: 9149_1700_P-大友ロジスティク_TOKYO PRO Market への上場目的の開示に関するお知らせ.pdf
   ✅ 保存: 331A_1630_メディックス_自己株式の取得及び自己株式立会外買付取引(ToSTNeT-3)による自己株式の買付けに関するお知らせ.pdf
   ✅ 保存: 3547_1630_ユニシアHD_資金の借入に関するお知らせ.pdf
   ✅ 保存: 3547_1630_ユニシアHD_株式会社Antwayとの業務提携解消及び事業譲渡に向けた基本合意締結に関するお知らせ.pdf
   ✅ 保存: 3788_1630_GMOGSHD_連結子会社の異動(株式譲渡)に関するお知らせ.pdf
   ✅ 保存: 410A_1630_G-GMOコマース_店舗向け販促アプリ等を展開するGMOデジタルラボ株式会社の株式取得(子会社化)に関するお知らせ.pdf
   ✅ 保存: 410A_1630_G-GMOコマース_GMOデジタルラボ株式会社の株式取得(子会社化)に関する補足資料.pdf
   ✅ 保存: 410A_1630_G-GMOコマース_資金の借入に関するお知らせ.pdf
   ✅ 保存: 410A_1630_G-GMOコマース_連結決算への移行に伴う連結業績予想の公表に関するお知らせ.pdf
   ✅ 保存: 410A_1630_G-GMOコマース_配当方針の変更および2026年12月期配当予想の修正(増配)に関するお知らせ.pdf
   ✅ 保存: 4380_1630_G-Mマート_2027年1月期 第1四半期決算短信(日本基準)(非連結).pdf
   ✅ 保存: 5241_1630_日本オーエー研究所_自己株式の取得及び自己株式立会外買付取引(N-NET3)による自己株式の買付けに関するお知らせ.pdf
   ✅ 保存: 5573_1630_P-働楽HD_上場目的の開示について.pdf
   ✅ 保存: 7185_1630_ヒロセ通商_2026年5月度 月次概況(速報)に関するお知らせ.pdf
   ✅ 保存: 8894_1630_REVOLUTION_2026年10月期 第2四半期(中間期)決算短信〔日本基準〕(連結).pdf
   ✅ 保存: 8894_1630_REVOLUTION_2026年10月期半期報告書のレビュー結論不表明に関するお知らせ.pdf
   ✅ 保存: 8894_1630_REVOLUTION_販売費及び一般管理費、匿名組合損益分配額の計上に関するお知らせ.pdf
   ✅ 保存: 8894_1630_REVOLUTION_社内調査委員会の設置に関するお知らせ.pdf
   ✅ 保存: 132A_1600_P-アイエヌHD_2026年10月期 中間決算短信〔日本基準〕(連結).pdf
   ✅ 保存: 132A_1600_P-アイエヌHD_東京証券取引所TOKYO PRO Market上場目的の開示に関するお知らせ.pdf
   ✅ 保存: 184A_1600_G-学びエイド_2026年4月期 決算短信〔日本基準〕(非連結).pdf
   ✅ 保存: 184A_1600_G-学びエイド_2026年4月期第4四半期決算説明資料.pdf
   ✅ 保存: 217A_1600_P-サポート_TOKYO PRO Marketへの上場目的の開示について.pdf
   ✅ 保存: 2721_1600_JHD_株主による臨時株主総会の招集請求に関するお知らせ.pdf
   ✅ 保存: 278A_1600_G-テラドローン_2027年1月期 第1四半期決算短信〔日本基準〕(連結).pdf
   ✅ 保存: 278A_1600_G-テラドローン_2027年1月期 第1四半期 決算説明資料.pdf
   ✅ 保存: 278A_1600_G-テラドローン_第三者割当による第18回新株予約権乃至第22回新株予約権(行使価額修正条項付)及び第23回新株予約権乃至第27回新株予約権の発行に関するお知らせ.pdf
   ✅ 保存: 278A_1600_G-テラドローン_資金調達に関する補足説明資料.pdf
   ✅ 保存: 278A_1600_G-テラドローン_エストニア子会社設立に関するお知らせ.pdf
   ✅ 保存: 286A_1600_G-ユカリア_医療法人とのパートナーシップ終了に関するお知らせ.pdf
   ✅ 保存: 286A_1600_G-ユカリア_自己株式取得に係る事項の決定に関するお知らせ.pdf
   ✅ 保存: 309A_1600_P-コスモス調剤_東京証券取引所 TOKYO PRO Market への上場目的の開示.pdf
   ✅ 保存: 3121_1600_マーチャント_中期ビジョン策定に関するお知らせ.pdf
   ✅ 保存: 3133_1600_G-海帆_(開示事項の経過)連結子会社による固定資産の取得に関するお知らせ.pdf
   ✅ 保存: 3133_1600_G-海帆_(開示事項の変更)臨時株主総会招集のための基準日設定に関するお知らせ.pdf
   ✅ 保存: 321A_1600_P-ヒューマンSHD_TOKYO PRO Marketへの上場目的の開示について.pdf
   ✅ 保存: 374A_1600_P-樋口総合研究所_TOKYO PRO Marketへの上場目的の開示について.pdf
   ✅ 保存: 3823_1600_WHY HOW DO_2026年4月期 決算短信〔日本基準〕(連結).pdf
   ✅ 保存: 3823_1600_WHY HOW DO_連結業績の業績予想との差異に関するお知らせ.pdf
   ✅ 保存: 3823_1600_WHY HOW DO_営業外費用、特別損失及び法人税等調整額(益)の計上に関するお知らせ.pdf
   ✅ 保存: 3823_1600_WHY HOW DO_2026年4月期 決算説明資料.pdf
   ✅ 保存: 3933_1600_チエル_連結子会社の商号及び代表取締役の変更に関するお知らせ.pdf
   ✅ 保存: 422A_1600_P-tane-C_東京証券取引所 TOKYO PRO Marketへの上場目的の開示.pdf
   ✅ 保存: 430A_1600_P-ネクストハンズ_TOKYO PRO Marketへの上場目的の開示について.pdf
   ✅ 保存: 4415_1600_G-ブロードエンター_資金の借入に関するお知らせ.pdf
   ✅ 保存: 4441_1600_トビラシステムズ_2026年10月期第2四半期決算に関する質疑応答集.pdf
   ✅ 保存: 445A_1600_P-東洋コーポ_東京証券取引所TOKYO PRO Marketへの上場目的の開示.pdf
   ✅ 保存: 456A_1600_G-ヒューマンメイド_2027年1月期第1四半期決算短信〔日本基準〕(非連結).pdf
   ✅ 保存: 456A_1600_G-ヒューマンメイド_2027年1月期第1四半期決算説明資料.pdf
   ✅ 保存: 456A_1600_G-ヒューマンメイド_株式会社アンダーカバーの株式取得に向けた基本合意書締結に関するお知らせ.pdf
   ✅ 保存: 4666_1600_パーク24_2026年10月期 第2四半期(中間期)決算短信〔日本基準〕(連結).pdf
   ✅ 保存: 4666_1600_パーク24_2026年10月期 第2四半期(中間期)決算補足資料.pdf
   ✅ 保存: 4666_1600_パーク24_特別損失・法人税等調整額(益)の計上、および2026年10月期第2四半期(中間期)連結業績予想と実績の差異、ならびに通期連結業績予想の修正に関するお知らせ.pdf
   ✅ 保存: 4666_1600_パーク24_株主優待制度の再開に関するお知らせ.pdf
   ✅ 保存: 4666_1600_パーク24_2026年10月期 速報数値 5月度.pdf
   ✅ 保存: 481A_1600_P-Jセキュリティ_上場目的の開示に関するお知らせ.pdf
   ✅ 保存: 484A_1600_P-ニューズドテック_2026年4月期 決算短信〔日本基準〕(非連結).pdf
   ✅ 保存: 484A_1600_P-ニューズドテック_法人税等調整額(益)の計上に関するお知らせ.pdf
   ✅ 保存: 484A_1600_P-ニューズドテック_資金の借入に関するお知らせ.pdf
   ✅ 保存: 500A_1600_TOブックス_2026年4月期決算短信〔日本基準〕(非連結).pdf
   ✅ 保存: 500A_1600_TOブックス_剰余金の配当(上場後初配)及び配当方針に関するお知らせ.pdf
   ✅ 保存: 500A_1600_TOブックス_2026年4月期 通期決算説明資料.pdf
   ✅ 保存: 5216_1600_倉元_第三者割当による新株式発行に関するお知らせ.pdf
   ...Page 002 を確認中
   ✅ 保存: 5216_1600_倉元_第8回新株予約権の取得及び消却に関するお知らせ.pdf
   ✅ 保存: 5216_1600_倉元_新株予約権(第5回~第7回)発行による調達資金の資金使途の変更に関するお知らせ.pdf
   ✅ 保存: 5887_1600_P-光響_上場目的の開示に関するお知らせ.pdf
   ✅ 保存: 5982_1600_マルゼン_譲渡制限付株式報酬としての自己株式の処分に関するお知らせ.pdf
   ✅ 保存: 6279_1600_瑞光_譲渡制限付株式報酬としての自己株式の処分の払込完了に関するお知らせ.pdf
   ✅ 保存: 6384_1600_昭和真空_資本コストや株価を意識した経営の実現に向けた対応について(アップデート).pdf
   ✅ 保存: 6695_1600_P-キャストリコ_TOKYO PRO Market への上場目的の開示について.pdf
   ✅ 保存: 6838_1600_多摩川HD_時価評価差額の計上を含む2026年10月期通期連結業績予想および配当予想の修正に関するお知らせ.pdf
   ✅ 保存: 6838_1600_多摩川HD_2026年10月期 第2四半期決算短信〔IFRS〕(連結).pdf
   ✅ 保存: 6932_1600_遠藤照明_当社取締役会の実効性に関する評価結果の概要について.pdf
   ✅ 保存: 7043_1600_G-アルー_2026年5月度 etudes月次KPI(速報)のお知らせ.pdf
   ✅ 保存: 7502_1600_プラザHD_2026年3月期 決算説明資料.pdf
   ✅ 保存: 7699_1600_G-OPS_剰余金の配当に関するお知らせ.pdf
   ✅ 保存: 7699_1600_G-OPS_定時株主総会における議決権行使指図のための権利確定日設定に関するお知らせ.pdf
   ✅ 保存: 7886_1600_ヤマトモビMfg_(訂正・数値データ訂正)「2026年3月期 決算短信〔日本基準〕(連結)」の一部訂正について.pdf
   ✅ 保存: 8113_1600_ユニチャーム_親会社等の決算に関するお知らせ.pdf
   ✅ 保存: 8739_1600_スパークス_連結子会社からの配当金受領に関するお知らせ.pdf
   ✅ 保存: 8739_1600_スパークス_支配株主等に関する事項について.pdf
   ✅ 保存: 8921_1600_P-シーズクリエイト_コミットメントライン契約(増額変更)の締結に関するお知らせ.pdf
   ✅ 保存: 9913_1600_日邦産業_(訂正・数値データ訂正)「2026年3月期決算短信〔日本基準〕(連結)」の一部訂正に関するお知らせ.pdf
   ✅ 保存: 9979_1600_大庄_2026年5月の月次売上状況について.pdf
   ✅ 保存: 9257_1550_G-YCP_当社子会社による立会外終値取引(ToSTNeT-2)を通じた当社JDRの買付けに関するお知らせ.pdf
   ✅ 保存: 3733_1545_ソフトウェアS_2026年10月期 5月度月次売上高等に関するお知らせ.pdf
   ✅ 保存: 250A_1540_シマダヤ_支配株主等に関する事項について.pdf
   ✅ 保存: 250A_1540_シマダヤ_当社創業者一族 牧寛之氏による当社株式の役職員に対する贈与のお知らせ.pdf
   ✅ 保存: 2708_1540_久世_中期経営計画第2フェーズ策定のお知らせ.pdf
   ✅ 保存: 5971_1540_共和工業_2026年4月期 決算短信〔日本基準〕(連結).pdf
   ✅ 保存: 5971_1540_共和工業_2026年4月期通期連結業績予想値と実績値との差異に関するお知らせ.pdf
   ✅ 保存: 5971_1540_共和工業_剰余金の配当に関するお知らせ.pdf
   ✅ 保存: 5971_1540_共和工業_自己株式取得に係る事項の決定に関するお知らせ(会社法第459条第1項の規定による定款の定めに基づく自己株式の取得).pdf
   ✅ 保存: 1450_1530_TANAKEN_支配株主等に関する事項について.pdf
   ✅ 保存: 1840_1530_土屋HD_2026年10月期 第2四半期(中間期)決算短信〔日本基準〕(連結).pdf
   ✅ 保存: 189A_1530_G-D&Mカンパニー_投資資産残高(連結)に関するお知らせ(2026年5月).pdf
   ✅ 保存: 189A_1530_G-D&Mカンパニー_連結業績予想の修正に関するお知らせ.pdf
   ✅ 保存: 189A_1530_G-D&Mカンパニー_株主優待制度の一部変更及び拡充に関するお知らせ.pdf
   ✅ 保存: 1944_1530_きんでん_投資単位の引下げに関する考え方及び方針について.pdf
   ✅ 保存: 2164_1530_地域新聞社_2026年8月期第3四半期業績数値(速報)に関するお知らせ.pdf
   ✅ 保存: 2315_1530_CAICA D_2026年10月期第2四半期(中間期)決算短信〔日本基準〕(連結).pdf
   ✅ 保存: 2315_1530_CAICA D_株式会社善光総合研究所の子会社化に伴うのれんの額及び特別利益・特別損失の計上に関するお知らせ.pdf
   ✅ 保存: 2315_1530_CAICA D_2026年10月期 第2四半期(中間期) 決算補足説明資料.pdf
   ✅ 保存: 2345_1530_HODL1_2026年10月期 第2四半期(中間期)決算短信〔日本基準〕(連結).pdf
   ✅ 保存: 2424_1530_ブラス_2026年7月期 第3四半期決算短信〔日本基準〕(連結).pdf
   ✅ 保存: 2424_1530_ブラス_2027年7月期株主優待制度に関するお知らせ.pdf
   ✅ 保存: 2424_1530_ブラス_2026年7月期 第3四半期決算補足説明資料.pdf
   ✅ 保存: 2452_1530_P-CMIND_TOKYO PRO Marketへの上場目的の開示について.pdf
   ✅ 保存: 2531_1530_宝HLD_自己株式の取得状況および取得終了に関するお知らせ.pdf
   ✅ 保存: 2586_1530_G-フルッタフルッタ_第14回新株予約権(行使価額修正条項付)の行使価額の修正に関するお知らせ.pdf
   ✅ 保存: 2978_1530_G-ツクルバ_2026年7月期第3四半期決算短信〔日本基準〕(連結).pdf
   ✅ 保存: 2978_1530_G-ツクルバ_2026年7月期通期連結業績予想の修正及び 特別利益(新株予約権戻入益)の計上に関するお知らせ.pdf
   ✅ 保存: 2978_1530_G-ツクルバ_2026年7月期第3四半期 決算説明資料.pdf
   ✅ 保存: 2994_1530_P-アンサーHD_TOKYO PRO Market への上場目的の開示に関するお知らせ.pdf
   ✅ 保存: 301A_1530_P-インデックス_東京証券取引所 TOKYO PRO Marketへの上場目的の開示.pdf
   ✅ 保存: 3086_1530_Jフロント_2026年5月度 J.フロントリテイリング 連結売上収益報告(IFRS).pdf
   ✅ 保存: 3097_1530_物語コーポ_当社の機構改革ならびに役員人事に関するお知らせ.pdf
   ✅ 保存: 311A_1530_P-NPT_2026年10月期 中間決算短信〔日本基準〕(非連結).pdf
   ✅ 保存: 3134_1530_Hamee_通期業績予想値と実績値との差異に関するお知らせ.pdf
   ✅ 保存: 3134_1530_Hamee_2026年4月期決算短信〔日本基準〕(連結).pdf
   ✅ 保存: 3134_1530_Hamee_2026年4月期本決算 決算説明資料.pdf
   ✅ 保存: 3134_1530_Hamee_中期経営計画の策定に関するお知らせ.pdf
   ✅ 保存: 3134_1530_Hamee_株主優待制度の変更及び拡充のお知らせ.pdf
   ✅ 保存: 3166_1530_OCHI・HD_2026年3月期 決算補足説明資料.pdf
   ✅ 保存: 3287_1530_R-星野_2026年4月期 決算短信(REIT).pdf
   ✅ 保存: 3287_1530_R-星野_2026年4月期(第26期)決算説明資料.pdf
   ✅ 保存: 3287_1530_R-星野_2026年4月期の分配金の予想額と決定額との差異に関するお知らせ.pdf
   ✅ 保存: 3309_1530_R-積水ハウスリート_2026年4月期 決算短信(REIT).pdf
   ✅ 保存: 3309_1530_R-積水ハウスリート_2026年4月期(第23期)決算説明資料.pdf
   ✅ 保存: 3309_1530_R-積水ハウスリート_国内不動産信託受益権の取得に関するお知らせ (プライムメゾン錦糸町).pdf
   ✅ 保存: 3320_1530_クロスプラス_譲渡制限付株式報酬としての自己株式の処分の払込完了に関するお知らせ.pdf
   ✅ 保存: 3371_1530_ソフトクリエHD_自己株式取得に係る事項の決定に関するお知らせ.pdf
   ✅ 保存: 3415_1530_トウキョウベース_2027年1月期 第1四半期決算短信〔日本基準〕(連結).pdf
   ✅ 保存: 3415_1530_トウキョウベース_2027年1月期 第1四半期 決算説明資料.pdf
   ✅ 保存: 3442_1530_MIEコーポ_連結子会社からの配当金受領に関するお知らせ.pdf
   ✅ 保存: 3466_1530_R-ラサールロジ_自己投資口の取得状況、取得終了及び消却に関するお知らせ.pdf
   ✅ 保存: 3466_1530_R-ラサールロジ_運用資産のテナントの異動に関するお知らせ(ロジポート柏沼南).pdf
   ✅ 保存: 347A_1530_P-グロースパワー_公認会計士等の異動に関するお知らせ.pdf
   ✅ 保存: 355A_1530_P-ナウビレッジ_資金の借入に関するお知らせ.pdf
   ✅ 保存: 3565_1530_アセンテック_2027年1月期第1四半期決算短信〔日本基準〕(連結).pdf
   ✅ 保存: 3565_1530_アセンテック_2027年1月期第1四半期 決算短信補足資料.pdf
   ✅ 保存: 3565_1530_アセンテック_2027年1月期第1四半期 決算補足説明資料.pdf
   ✅ 保存: 3612_1530_ワールド_譲渡制限付株式報酬としての自己株式の処分の払込完了に関するお知らせ.pdf
   ✅ 保存: 3664_1530_G-WIZE_ソラナ(SOL)の取得状況に関するお知らせ.pdf
   ✅ 保存: 3681_1530_ブイキューブ_臨時株主総会の決議結果に関するお知らせ.pdf
   ✅ 保存: 3774_1530_IIJ_譲渡制限付株式報酬としての自己株式の処分の払込完了に関するお知らせ.pdf
   ✅ 保存: 3804_1530_システム ディ_2026年10月期 第2四半期(中間期)決算短信〔日本基準〕(連結).pdf
   ✅ 保存: 3935_1530_エディア_譲渡制限付株式としての自己株式の処分に関するお知らせ.pdf
   ✅ 保存: 3983_1530_オロ_2026年12月期 月次情報のお知らせ(5月度).pdf
   ✅ 保存: 3987_1530_G-エコモット_代表取締役の異動(予定)に関するお知らせ.pdf
   ✅ 保存: 3992_1530_ニーズウェル_配当予想の修正(増配)に関するお知らせ.pdf
   ✅ 保存: 4171_1530_グローバルI_臨時株主総会招集のための基準日設定に関するお知らせ.pdf
   ✅ 保存: 4260_1530_G-ハイブリッドテク_完全子会社の吸収合併(簡易合併・略式合併)に関するお知らせ.pdf
   ✅ 保存: 4343_1530_イオンファン_2027 年2月期 5月度の売上概況.pdf
   ✅ 保存: 434A_1530_P-LOOPLACE_東京証券取引所TOKYO PRO Marketへの上場目的の開示.pdf
   ✅ 保存: 4374_1530_G-ロボペイ_2026年5月度 月次売上高のお知らせ.pdf
   ✅ 保存: 4381_1530_G-ビープラッツ_第三者割当による第7回新株予約権(行使価額修正条項付) の発行に係る払込完了に関するお知らせ.pdf
   ✅ 保存: 4388_1530_エーアイ_2027年3月期中間連結業績予想及び通期連結業績予想の公表に関するお知らせ.pdf
   ✅ 保存: 4388_1530_エーアイ_(開示事項の経過)子会社株式の譲渡契約締結のお知らせ.pdf
   ✅ 保存: 4388_1530_エーアイ_自己株式取得に係る事項の決定に関するお知らせ.pdf
   ✅ 保存: 4395_1530_G-アクリート_(訂正)「公認会計士等の異動に関するお知らせ」の一部訂正に関するお知らせ.pdf
   ✅ 保存: 439A_1530_P-アクトビ_株式会社アクトビ(証券コード 439A)に対する公開買付けに準ずる行為として政令で定める買集め行為及び主要株主の異動(予定)に関するお知らせ.pdf
   ✅ 保存: 4426_1530_P-パスロジ_TOKYO PRO Marketへの上場目的の開示に関するお知らせ.pdf
   ...Page 003 を確認中
   ✅ 保存: 442A_1530_G-クラシコ_2026年10月期第2四半期(中間期)決算短信〔日本基準〕(非連結).pdf
   ✅ 保存: 442A_1530_G-クラシコ_新株予約権(無償ストック・オプション)の発行に関するお知らせ.pdf
   ✅ 保存: 442A_1530_G-クラシコ_株式会社エランとのlifte海外事業に関わる業務提携及びブランド使用に関する契約締結のお知らせ.pdf
   ✅ 保存: 442A_1530_G-クラシコ_2026年10月期第2四半期決算説明資料.pdf
   ✅ 保存: 4430_1530_東海ソフト_役員人事内定および重要な人事異動ならびに子会社人事について.pdf
   ✅ 保存: 4570_1530_G-免疫生物研究所_抗HIV抗体開発の状況及びスケジュールに関するお知らせ.pdf
   ✅ 保存: 4592_1530_G-サンバイオ_2027年1月期 第1四半期決算短信〔日本基準〕(連結).pdf
   ✅ 保存: 4592_1530_G-サンバイオ_営業外収益及び法人税等調整額の計上に関するお知らせ.pdf
   ✅ 保存: 4811_1530_G-ドリーム・アーツ_コクー株式会社との資本業務提携に関するお知らせ.pdf
   ✅ 保存: 4840_1530_トライアイズ_「CLATHAS」ブランドの認知・売上拡大に向けた株式会社ファングリーとの戦略的提携のお知らせ.pdf
   ✅ 保存: 4911_1530_資生堂_長期インセンティブ型報酬としての業績連動型株式報酬制度に基づく自己株式の処分の払込完了および一部失権に関するお知らせ.pdf
   ✅ 保存: 501A_1530_P-プレシャスパート_TOKYO PRO MarketおよびFukuoka PRO Marketへの上場目的の開示に関するお知らせ.pdf
   ✅ 保存: 5136_1530_G-tripla_2026年10月期第2四半期(中間期)決算短信〔日本基準〕(連結).pdf
   ✅ 保存: 5136_1530_G-tripla_2026年10月期第2四半期累計期間の連結業績予想値と実績値の差異及び通期業績予想の修正に関するお知らせ.pdf
   ✅ 保存: 5136_1530_G-tripla_2026年10月期 第2四半期 決算説明資料.pdf
   ✅ 保存: 522A_1530_P-COEL_TOKYO PRO Market への上場目的の開示のお知らせ.pdf
   ✅ 保存: 556A_1530_G-犬猫生活_2026年4月期決算説明資料・中期経営計画.pdf
   ✅ 保存: 556A_1530_G-犬猫生活_事業計画及び成長可能性に関する事項・中期経営計画.pdf
   ✅ 保存: 556A_1530_G-犬猫生活_2026年4月期決算短信〔日本基準〕(非連結).pdf
   ✅ 保存: 556A_1530_G-犬猫生活_2027年4月期 月次売上高及び自社EC定期会員数の対前年同月比に関するお知らせ.pdf
   ✅ 保存: 5581_1530_P-カイテクノロジー_東京証券取引所TOKYO PRO Marketへの上場目的の開示.pdf
   ✅ 保存: 5885_1530_ジーデップアドバンス_業績予想及び配当予想の再修正に関するお知らせ.pdf
   ✅ 保存: 5886_1530_P-OOKABE_TOKYO PRO Marketへの上場目的の開示に関するお知らせ.pdf
   ✅ 保存: 5959_1530_岡部_自己株式の取得状況及び取得終了に関するお知らせ.pdf
   ✅ 保存: 6125_1530_岡本工機_2026年3月期 決算説明会資料.pdf
   ✅ 保存: 6307_1530_サンセイ_支配株主等に関する事項について.pdf
   ✅ 保存: 6588_1530_東芝テック_(訂正)「支配株主等に関する事項について」の一部訂正について.pdf
   ✅ 保存: 6627_1530_テラプローブ_2026年12月期5度の月次連結売上高(速報)に関するお知らせ.pdf
   ✅ 保存: 6627_1530_テラプローブ_当社従業員に対する譲渡制限付株式としての自己株式処分の払込完了に関するお知らせ.pdf
   ✅ 保存: 6670_1530_MCJ_当社株式の上場廃止のお知らせ.pdf
   ✅ 保存: 7034_1530_プロレドパートナーズ_2026年10月期 第2四半期(中間期)決算短信〔日本基準〕(連結).pdf
   ✅ 保存: 7034_1530_プロレドパートナーズ_2026年10月期 第2四半期決算説明資料.pdf
   ✅ 保存: 7110_1530_G-クラシコム_2026年7月期 第3四半期決算短信〔日本基準〕(連結).pdf
   ✅ 保存: 7110_1530_G-クラシコム_2026年7月期 第3四半期決算補足説明資料.pdf
   ✅ 保存: 7110_1530_G-クラシコム_配当予想の修正(増配)に関するお知らせ.pdf
   ✅ 保存: 7139_1530_P-東京高圧_東京証券取引所 TOKYO PRO Marketへの上場目的の開示.pdf
   ✅ 保存: 7203_1530_トヨタ自_関係会社株式売却益の計上に関するお知らせ.pdf
   ✅ 保存: 7279_1530_ハイレックス_2026年10月期第2四半期決算ご説明(IR資料).pdf
   ✅ 保存: 7325_1530_G-アイリック_配当方針の変更(累積配当の導入)に関するお知らせ.pdf
   ✅ 保存: 7361_1530_G-HCH_連結子会社からの配当金受領に関するお知らせ.pdf
   ✅ 保存: 7417_1530_南陽_(訂正)「2026年3月期 決算説明資料」の一部訂正について.pdf
   ✅ 保存: 7649_1530_スギHD_譲渡制限付株式報酬としての自己株式の処分の払込完了に関するお知らせ.pdf
   ✅ 保存: 7649_1530_スギHD_スギホールディングス株式会社 2026年5月度 月次速報に関するお知らせ.pdf
   ✅ 保存: 7693_1530_P-北海道歯科産業_TOKYO PRO Marketへの上場目的の開示について.pdf
   ✅ 保存: 7901_1530_マツモト_2026年4月期決算短信〔日本基準〕(非連結).pdf
   ✅ 保存: 7901_1530_マツモト_通期業績予想と実績値との差異に関するお知らせ.pdf
   ✅ 保存: 7901_1530_マツモト_会計監査人の異動に関するお知らせ.pdf
   ✅ 保存: 7901_1530_マツモト_定款の一部変更に関するお知らせ.pdf
   ✅ 保存: 8233_1530_高島屋_2026年5月度 高島屋営業報告.pdf
   ✅ 保存: 8377_1530_ほくほく_(訂正)「2026年3月期 決算短信[日本基準](連結)」の一部訂正について.pdf
   ✅ 保存: 8630_1530_SOMPOHD_業務改善計画の進捗状況(開示事項の経過・2026年5月末時点).pdf
   ✅ 保存: 8836_1530_RISE_JTMホールディングス株式会社による当社株式に対する公開買付けの結果 並びに親会社及び主要株主である筆頭株主の異動に関するお知らせ.pdf
   ✅ 保存: 8836_1530_RISE_(開示事項の経過)連結子会社の異動(株式譲渡)完了及び優先株式に係る剰余金の配当に関するお知らせ.pdf
   ✅ 保存: 8979_1530_R-スターツPR_2026年4月期 決算短信(REIT).pdf
   ✅ 保存: 8979_1530_R-スターツPR_2026年10月期(第42期)の運用状況及び分配金予想の修正に関するお知らせ.pdf
   ✅ 保存: 8979_1530_R-スターツPR_2026年4月期 決算説明会資料.pdf
   ✅ 保存: 9165_1530_G-クオルテック_従業員持株会設立に関するお知らせ.pdf
   ✅ 保存: 9264_1530_ポエック_マルコ電機技術株式会社の株式取得(子会社化)に関するお知らせ.pdf
   ✅ 保存: 9264_1530_ポエック_マルコ電機技術株式会社の株式取得に関する補足説明資料.pdf
   ✅ 保存: 9279_1530_ギフトHD_連結業績予想の修正に関するお知らせ.pdf
   ✅ 保存: 9279_1530_ギフトHD_2026年10月期第2四半期(中間期)決算説明資料.pdf
   ✅ 保存: 9279_1530_ギフトHD_2026年10月期 2Q決算について想定されるご質問に対する回答.pdf
   ✅ 保存: 9279_1530_ギフトHD_2026年10月期 第2四半期(中間期) 決算短信〔日本基準〕(連結).pdf
   ✅ 保存: 9334_1530_P-アイビスHD_2026年10月期 中間決算短信〔日本基準〕(連結).pdf
   ✅ 保存: 9334_1530_P-アイビスHD_「TOKYO PRO Market への上場目的の開示」に関するお知らせ.pdf
   ✅ 保存: 9338_1530_G-INFORICH_当社株式の上場廃止のお知らせ.pdf
   ✅ 保存: 9537_1530_北陸瓦斯_親会社等の決算に関するお知らせ.pdf
   ✅ 保存: 9557_1530_G-エアクロ_株主優待制度の一部変更に関するお知らせ.pdf
   ✅ 保存: 9820_1530_MTジェネック_(訂正・数値データ訂正)「2026年3月期 決算短信[日本基準](連結)」の一部訂正について.pdf
   ✅ 保存: 9980_1530_MRK HLD_支配株主等に関する事項について.pdf
   ✅ 保存: 9997_1530_ベルーナ_5月度 月次売上高前年同月比(速報値)に関するお知らせ.pdf
   ✅ 保存: 3195_1510_ジェネパ_2026年5月度月次売上高前年同月比についてのお知らせ.pdf
   ✅ 保存: 131A_1500_P-CCNグループ_東京証券取引所TOKYO PRO Marketへの上場目的の開示.pdf
   ✅ 保存: 1892_1500_徳倉建_投資単位の引下げに関する考え方および方針について.pdf
   ✅ 保存: 204A_1500_P-タイヨーパッケー_東京証券取引所TOKYO PRO Marketへの上場目的の開示について.pdf
   ✅ 保存: 2461_1500_ファンコミ_2026年12月期5月度月次業績速報のお知らせ.pdf
   ✅ 保存: 267A_1500_P-トワライズ_通期連結業績予想の修正に関するお知らせ.pdf
   ✅ 保存: 279A_1500_P-インターグ_TOKYO PRO Marketへの上場目的の開示について.pdf
   ✅ 保存: 2982_1500_ADワークスグループ_系統用蓄電所事業の成長戦略-高成長が見込める新たな事業基盤の構築へ-.pdf
   ✅ 保存: 3195_1500_ジェネパ_2026年10月期第2四半期(中間期)決算短信〔日本基準〕(連結).pdf
   ✅ 保存: 3195_1500_ジェネパ_2026年10月期第2四半期決算補足説明資料.pdf
   ✅ 保存: 3388_1500_明治電機_(訂正・数値データ訂正)「2026年3月期 決算短信〔日本基準〕(連結)」の一部訂正に関するお知らせ.pdf
   ✅ 保存: 362A_1500_P-エクシオHD_TOKYO PRO Marketへの上場目的の開示に関するお知らせ.pdf
   ✅ 保存: 391A_1500_山忠_支配株主等に関する事項について.pdf
   ✅ 保存: 5249_1500_P-あさかわシス_TOKYO PRO Marketへの上場目的の開示について.pdf
   ✅ 保存: 5528_1500_P-フロンティアHS_上場目的の開示について.pdf
   ✅ 保存: 5534_1500_P-エンゼルグループ_TOKYO PRO Marketへの上場目的の開示について.pdf
   ✅ 保存: 7690_1500_P-カレント自動車_TOKYO PRO Market上場目的の開示について.pdf
   ✅ 保存: 7690_1500_P-カレント自動車_従業員に対する新株予約権(無償ストック・オプション)の発行内容確定に関するお知らせ.pdf
   ✅ 保存: 7690_1500_P-カレント自動車_2026年10月期 中間決算短信〔日本基準〕(非連結).pdf
   ✅ 保存: 8386_1500_百十四銀_会社分割(簡易吸収分割)契約書の締結に関するお知らせ.pdf
   ✅ 保存: 8713_1500_フィデアHD_自己株式の取得状況及び取得終了に関するお知らせ.pdf
   ✅ 保存: 8714_1500_池田泉州_2025年度 決算説明会 質疑応答要旨.pdf
   ✅ 保存: 9444_1430_トーシンHD_(訂正)「会社更生手続開始決定に対する株主による即時抗告のお知らせ」の一部訂正について.pdf
   ✅ 保存: 2991_1400_ランドネット_2026年5月度 月次業績速報.pdf
   ✅ 保存: 2998_1400_G-クリアル_株主優待の優待品目の変更及び拡充に関するお知らせ.pdf
   ✅ 保存: 3777_1400_G-環境フレンドリー_第21回新株予約権の一部行使ならびに資本金の増加に関するお知らせ.pdf
   ✅ 保存: 6856_1400_堀場製_事後交付型リストリクテッド・ストック・ユニット(RSU)付与制度としての自己株式処分の払込完了に関するお知らせ.pdf
   ✅ 保存: 9145_1400_ビーイングHD_当社グループ月次連結営業収益に関するお知らせ(2026年5月度 速報版).pdf
   ✅ 保存: 3484_1330_イノベーションHD_連結子会社からの配当金受領に関するお知らせ.pdf
   ...Page 004 を確認中
   ✅ 保存: 4709_1330_IDホールディングス_中期経営計画の修正に関するお知らせ.pdf
   ✅ 保存: 3434_1300_アルファCo_2026年3月期決算説明資料.pdf
   ✅ 保存: 9262_1300_シルバーライフ_成田冷蔵株式会社の株式取得(子会社化)に関するお知らせ.pdf
   ✅ 保存: 6819_1245_伊豆シャボテンR_(訂正)アニタッチ吉祥寺オープンに関するお知らせ.pdf
   ✅ 保存: 2294_1230_柿安本店_2026年4月期 決算説明会資料.pdf
   ✅ 保存: 3245_1230_ディア・ライフ_収益不動産(亀有2丁目)の取得に関するお知らせ.pdf
   ✅ 保存: 3245_1230_ディア・ライフ_収益不動産(亀有4丁目)の取得に関するお知らせ.pdf
   ✅ 保存: 587A_1230_E-インベスコQQQ_インベスコQQQトラスト シリーズ1 に関する日々の開示事項.pdf
   ✅ 保存: 9235_1205_G-売れるネットG_【営業利益黒字】【売上最大2.5億円】の“AIサービス開発・運営会社”『株式会社ライト』株式取得による“完全子会社化”に関する基本合意締結(補足説明資.pdf
   ✅ 保存: 254A_1200_AIフュージョンCG_当社連結子会社による催事ジャパン株式会社の株式取得及び連結子会社化に関するお知らせ.pdf
   ✅ 保存: 2764_1200_ひらまつ_ひらまつIRレポート(月次売上速報).pdf
   ✅ 保存: 4591_1200_G-リボミック_第23回定時株主総会議案に関する補足説明.pdf
   ✅ 保存: 5525_1200_P-フロンティアHD_TOKYO PRO Marketへの上場目的の開示について.pdf
   ✅ 保存: 7782_1200_シンシア_配当方針の変更(DOE導入)および配当予想の修正(増配)に関するお知らせ.pdf
   ✅ 保存: 7782_1200_シンシア_株主優待制度の一部変更に関するお知らせ.pdf
   ✅ 保存: 8303_1200_SBI新生銀行_(訂正・数値データ訂正)「2026年3月期 決算短信〔日本基準〕(連結)」の一部訂正について.pdf
   ✅ 保存: 9235_1200_G-売れるネットG_【営業利益黒字】【売上最大2.5億円】の“AIサービス開発・運営会社”『株式会社ライト』株式取得による“完全子会社化”に関する基本合意締結のお知らせ.pdf
   ✅ 保存: 9556_1200_G-INTLOOP_(追加) 「FY26_7 Q3 第3四半期決算説明資料」の追加に関するお知らせ.pdf
   ✅ 保存: 1326_1150_E-ワールド_SPDRゴールド・シェアに関する日々の開示事項.pdf
   ✅ 保存: 6819_1150_伊豆シャボテンR_アニタッチ吉祥寺オープンに関するお知らせ.pdf
   ✅ 保存: 4884_1140_G-クリングル_脊髄損傷後の自然回復予測及び治療効果の評価に用いる急性期タンパク質バイオマーカーに関する慶應義塾大学との共同研究開始のお知らせ.pdf
   ✅ 保存: 4058_1130_G-トヨクモ_2026年5月度 月次売上速報に関するお知らせ.pdf
   ✅ 保存: 4431_1130_G-スマレジ_(差替)(訂正・数値データの修正)「2026年4月期 決算短信〔日本基準〕(連結) 」 の一部訂正について.pdf
   ✅ 保存: 6941_1110_山一電機_当社グループのフィリピン子会社におけるランサムウェア被害に関する調査結果および対応完了のお知らせ(最終報).pdf
   ✅ 保存: 2437_1100_シンワワイズ_【2026年6月】WINE LIQUOR オークションの落札結果に関するお知らせ.pdf
   ✅ 保存: 181A_1050_MX米債1-3ヘ無_MAXIS米国国債1-3年上場投信(為替ヘッジなし) 決算短信(2026年5月期).pdf
   ✅ 保存: 182A_1050_MX米債20超ヘ無_MAXIS米国国債20年超上場投信(為替ヘッジなし) 決算短信(2026年5月期).pdf
   ✅ 保存: 183A_1050_MX米債20超ヘ有_MAXIS米国国債20年超上場投信(為替ヘッジあり) 決算短信(2026年5月期).pdf
   ✅ 保存: 2517_1050_MXSJリートコア_MAXIS Jリート・コア上場投信 決算短信(2026年5月期).pdf
   ✅ 保存: 2560_1050_MXSカーボン日本株_MAXISカーボン・エフィシェント日本株上場投信 決算短信(2026年5月期).pdf
   ✅ 保存: 2838_1050_MX米債7-10ヘ無_MAXIS米国国債7-10年上場投信(為替ヘッジなし) 決算短信(2026年5月期).pdf
   ✅ 保存: 2839_1050_MX米債7-10ヘ有_MAXIS米国国債7-10年上場投信(為替ヘッジあり) 決算短信(2026年5月期).pdf
   ✅ 保存: 5950_1030_日本パワーファス_自己株式立会外買付取引(ToSTNeT-3)による自己株式の取得結果及び取得終了並びに主要株主の異動に関するお知らせ.pdf
   ✅ 保存: 7097_1030_G-さくらさく_自己株式立会外買付取引(ToSTNeT-3)による自己株式の取得結果および取得終了に関するお知らせ.pdf
   ✅ 保存: 4026_1000_神島化学工業_2026年4月期 決算説明資料.pdf
   ✅ 保存: 551A_1000_P-IZUMI_TOKYO PRO Marketへの上場目的の開示について.pdf
   ✅ 保存: 7059_1000_コプロHD_2026年5月度 在籍技術者数、稼働技術者数・稼働率の月次開示に関するお知らせ.pdf
   ✅ 保存: 4431_0930_G-スマレジ_(訂正・数値データの修正)「2026年4月期 決算短信〔日本基準〕(連結) 」の一部訂正について.pdf
   ✅ 保存: 3853_0845_アステリア_当社投資子会社の投資先企業(SpaceX社)米国上場に伴う業績への影響について.pdf
   ✅ 保存: 166A_0830_タスキHD_東京証券取引所プライム市場への上場市場区分変更に関するお知らせ.pdf
   ✅ 保存: 166A_0830_タスキHD_配当予想の修正(増配)に関するお知らせ.pdf
   ✅ 保存: 3987_0800_G-エコモット_当社代表取締役に関する一部報道について.pdf
   ...Page 005 を確認中
   📝 一覧CSV保存: TDnet_Sorted_20260615.csv
   📝 一覧CSV保存（ルート）: TDnet_Sorted_20260615.csv
   📊 日別統計: page_access=5, pdf_success=342, excluded=8

============================================================
✅ ①完了（範囲取得）
   期間: 20260615 ～ 20260615 （mode=day）
   一覧ページアクセス合計: 5
   PDFダウンロード成功合計: 342
   除外件数合計: 8
   保存ルート: G:\マイドライブ\TDnet_Downloads

$ C:\Users\onok\AppData\Local\Python\pythoncore-3.14-64\python.exe -u ②a②bは２つフリーワード検索.py analyze --target 20260615 --save-root G:\マイドライブ\TDnet_Downloads --keywords 価格交渉 増産 価格改定 価格転嫁 値上 想定以上 上方修正 下方修正 想定以下 未達 大幅 計画を上 計画を下 計画以 需要回復 需要の回復 需要が増 需要が低 悪化 グローバルニッチトップ トップシェア シェア拡大 レアアース
ルート: G:\マイドライブ\TDnet_Downloads
対象指定: 20260615 mode= day from= 20260615 to= 20260615
対象フォルダ数: 1
検索キーワード: ['価格交渉', '増産', '価格改定', '価格転嫁', '値上', '想定以上', '上方修正', '下方修正', '想定以下', '未達', '大幅', '計画を上', '計画を下', '計画以', '需要回復', '需要の回復', '需要が増', '需要が低', '悪化', 'グローバルニッチトップ', 'トップシェア', 'シェア拡大', 'レアアース']
総PDF数（推定）: 342
[1/1] 日付フォルダ 20260615 を処理中... (このフォルダ内PDF数: 342)
  進捗: 50/342 件のPDFを解析済み
  進捗: 100/342 件のPDFを解析済み
  進捗: 150/342 件のPDFを解析済み
  進捗: 200/342 件のPDFを解析済み
  進捗: 250/342 件のPDFを解析済み
  進捗: 300/342 件のPDFを解析済み
  進捗: 342/342 件のPDFを解析済み
  → 日付フォルダ 20260615 のヒットPDF数: 76

✅ ②A 完了（解析専用・キーワード別ページ列）
解析PDF数: 342
ヒットPDF数: 76
出力CSV: Analysis_Hits_free_word_20260615.csv
保存先: G:\マイドライブ\TDnet_Downloads

$ C:\Users\onok\AppData\Local\Python\pythoncore-3.14-64\python.exe -u ②a②bは２つフリーワード検索.py distribute --target 20260615 --save-root G:\マイドライブ\TDnet_Downloads --no-stop-on-empty-meta

✅ ②B 完了（配布用CSV作成・キーワード別ページ列）
出力: PDF_Search_Result_Distribution_free_word_20260615_sh.csv
キーワード列: ['価格交渉', '増産', '価格改定', '価格転嫁', '値上', '想定以上', '上方修正', '下方修正', '想定以下', '未達', '大幅', '計画を上', '計画を下', '計画以', '需要回復', '需要の回復', '需要が増', '需要が低', '悪化', 'グローバルニッチトップ', 'トップシェア', 'シェア拡大', 'レアアース']
突合除外件数: 0
空欄アラート件数: 0

============================================
 Done: 2026-06-15 23:07:12
============================================
