============================================
 TDnet auto run: 20260609
 Start: 2026-06-09 23:00:01
============================================

$ C:\Users\onok\AppData\Local\Python\pythoncore-3.14-64\python.exe -u ①_tdnetアクセスしてダウンロードする処理（月日付別フォルダ保存）.py --target 20260609 --save-root G:\マイドライブ\TDnet_Downloads
🎯 対象指定: 20260609（mode=day, from=20260609, to=20260609）
📁 保存ルート: G:\マイドライブ\TDnet_Downloads

============================================================
📅 日付: 20260609 を処理します
   ...Page 001 を確認中
   ✅ 保存: 6814_1815_古野電気_譲渡制限付株式報酬としての自己株式の処分の払込完了に関するお知らせ.pdf
   ✅ 保存: 2928_1700_A-RIZAP G_「個人投資家向けフォローアップ説明会」開催のお知らせ.pdf
   ✅ 保存: 3317_1700_フライングG_2026年3月期 決算説明会資料.pdf
   ✅ 保存: 3350_1700_メタプラネット_第27回新株予約権(行使価額修正条項、mNAV条項、下限行使価額修正条項及び行使停止条項付)の下限行使価額の修正に関するお知らせ.pdf
   ✅ 保存: 3667_1700_enish_Solanaトレジャリー戦略の高度化に向けた株式会社SOLプラネットとの協議開始に関するお知らせ.pdf
   ✅ 保存: 3667_1700_enish_暗号資産(ビットコイン)売却及び暗号資産売却損の計上に関するお知らせ.pdf
   ✅ 保存: 4564_1700_G-OTS_第三者割当による第38回新株予約権(行使価額修正条項付)の大量行使に関するお知らせ.pdf
   ✅ 保存: 5838_1700_楽天銀行_(開示事項の経過)フィンテック事業再編に関する頻出質問への回答について.pdf
   ✅ 保存: 6775_1655_TBグループ_第三者割当による新株式及び第3回新株予約権の発行に関するお知らせ.pdf
   ✅ 保存: 6775_1655_TBグループ_株式会社スマートヘルスネットの新たな事業の開始に関するお知らせ.pdf
   ✅ 保存: 1844_1630_大盛工_2026年7月期 第3四半期決算短信【日本基準】(連結).pdf
   ✅ 保存: 3174_1630_ハピネス&D_第三者割当による第14回新株予約権(行使価額修正条項付)及び第2回無担保普通社債の発行並びに新株予約権の買取契約(コミット・イシュー※)の締結の件.pdf
   ✅ 保存: 3810_1630_サイバーステップHD_当社の連結子会社であるトレバ株式会社によるフィジカルAI領域における技術検証に関する業務提携基本合意書締結に関するお知らせ.pdf
   ✅ 保存: 4228_1630_積水化成_支配株主等に関する事項.pdf
   ✅ 保存: 5721_1630_エスクリプトエナジー_第10回新株予約権の行使状況(2026年5月31日時点)および発行済株式総数(2026年5月31日時点)に関するお知らせ.pdf
   ✅ 保存: 5992_1630_中央発条_主要株主の異動に関するお知らせ.pdf
   ✅ 保存: 7229_1630_ユタカ技研_当社株式の上場廃止のお知らせ.pdf
   ✅ 保存: 2894_1600_石井食_(訂正)「通期連結業績予想値と実績値の差異のお知らせ」の一部訂正について.pdf
   ✅ 保存: 3296_1600_R-日本リート_資産運用会社における監査役の変更予定に関するお知らせ.pdf
   ✅ 保存: 3487_1600_R-CREロジ_格付の変更(A+→AA-)に関するお知らせ.pdf
   ✅ 保存: 3853_1600_アステリア_その他の収益(投資有価証券売却益)の計上に関するお知らせ.pdf
   ✅ 保存: 4502_1600_武田薬_国外の当社グループ従業員に対する長期インセンティブ報酬制度に基づく新株式発行および自己株式処分に関するお知らせ.pdf
   ✅ 保存: 4880_1600_セルソース_2026年10月期5月度月次KPI速報.pdf
   ✅ 保存: 5079_1600_ノバック_通期連結業績予想の修正に関するお知らせ.pdf
   ✅ 保存: 7456_1600_松田産_投資単位の引下げに関する考え方及び方針等について.pdf
   ✅ 保存: 8964_1600_R-フロンティア_資金の借入及び返済に関するお知らせ.pdf
   ✅ 保存: 7435_1540_ナ・デックス_2026年4月期 決算発表の延期に関するお知らせ.pdf
   ✅ 保存: 1436_1532_G-グリーンエナジー_2026年4月期 決算説明資料.pdf
   ✅ 保存: 1436_1531_G-グリーンエナジー_2026年4月期決算短信〔日本基準〕(連結).pdf
   ✅ 保存: 1433_1530_ベステラ_2027年1月期 第1四半期決算短信〔日本基準〕(連結).pdf
   ✅ 保存: 1433_1530_ベステラ_2027年1月期 第1四半期 決算説明資料.pdf
   ✅ 保存: 1433_1530_ベステラ_当社工事現場における事故発生に関するお詫びとお知らせ(第2報).pdf
   ✅ 保存: 1433_1530_ベステラ_資金の借入に関するお知らせ.pdf
   ✅ 保存: 1436_1530_G-グリーンエナジー_(訂正・数値データ訂正)「2026年4月期 第3四半期決算短信〔日本基準〕(連結)」等の一部訂正について.pdf
   ✅ 保存: 2172_1530_インサイト_主要株主及び主要株主である筆頭株主の異動(予定)並びに株式会社パートナーズによる当社株式の取得に関するお知らせ.pdf
   ✅ 保存: 2217_1530_モロゾフ_2027年1月期 第1四半期決算短信〔日本基準〕(連結).pdf
   ✅ 保存: 2438_1530_G-アスカネット_2026年4月期決算短信〔日本基準〕(連結).pdf
   ✅ 保存: 2438_1530_G-アスカネット_2026年4月期 決算説明資料.pdf
   ✅ 保存: 2438_1530_G-アスカネット_中期経営計画(2026-2028)の策定に関するお知らせ.pdf
   ✅ 保存: 2588_1530_プレミアムウォーター_自己株式の取得状況に関するお知らせ.pdf
   ✅ 保存: 2686_1530_ジーフット_月次売上高前年比速報のお知らせ.pdf
   ✅ 保存: 2983_1530_G-アールプランナー_2027年1月期第1四半期決算短信〔日本基準〕(連結).pdf
   ✅ 保存: 2983_1530_G-アールプランナー_2027年1月期第1四半期決算説明資料.pdf
   ✅ 保存: 2983_1530_G-アールプランナー_当座貸越契約の更新に関するお知らせ.pdf
   ✅ 保存: 3097_1530_物語コーポ_2026年6月期 5月度 月次売上高前期比(速報値)及び店舗数のお知らせ.pdf
   ✅ 保存: 3180_1530_ビューティガレージ_2026年4月期 決算短信〔日本基準〕(連結).pdf
   ✅ 保存: 3180_1530_ビューティガレージ_2026年4月期 決算補足説明資料.pdf
   ✅ 保存: 3180_1530_ビューティガレージ_剰余金の配当に関するお知らせ.pdf
   ✅ 保存: 3426_1530_アトムリビン_「内部統制システム構築の基本方針」の一部改定に関するお知らせ.pdf
   ✅ 保存: 3984_1530_ユーザーローカル_当社の従業員に対する譲渡制限付株式としての自己株式処分の払込完了及び一部失権に関するお知らせ.pdf
   ✅ 保存: 4259_1530_G-エクサウィザーズ_株式会社Exa Interaction Design Lab(子会社)の設立に関するお知らせ.pdf
   ✅ 保存: 4591_1530_G-リボミック_東京大学との共同研究における進捗および契約期間延長に関するお知らせ.pdf
   ✅ 保存: 4593_1530_G-ヘリオス_当社への訴訟に対する反訴提起に関するお知らせ.pdf
   ✅ 保存: 4743_1530_アイティフォー_取締役会の実効性に関する評価結果の概要について.pdf
   ✅ 保存: 4743_1530_アイティフォー_合弁会社設立に向けた基本合意書締結に関するお知らせ.pdf
   ✅ 保存: 4881_1530_G-ファンペップ_抗体誘導ペプチドの経皮吸収型製剤開発に関する共同研究契約締結のお知らせ.pdf
   ✅ 保存: 5074_1530_テスホールディングス_従業員に対する譲渡制限付株式としての新株式発行に関するお知らせ.pdf
   ✅ 保存: 5076_1530_インフロニアHD_執行役の選任に関するお知らせ.pdf
   ✅ 保存: 5801_1530_古河電工_完全子会社の吸収合併(簡易合併・略式合併)に関するお知らせ.pdf
   ✅ 保存: 5884_1530_G-クラダシ_(開示事項の経過)株式会社中京電力の株式の取得(子会社化)の完了に関するお知らせ.pdf
   ✅ 保存: 6393_1530_油研工_2026年3月期 決算説明資料.pdf
   ✅ 保存: 6501_1530_日立_Hitachi Investor Day 2026資料公開に関するお知らせ(CEO Remarks).pdf
   ✅ 保存: 6501_1530_日立_Hitachi Investor Day 2026資料公開に関するお知らせ(エナジー事業戦略).pdf
   ✅ 保存: 6501_1530_日立_Hitachi Investor Day 2026資料公開に関するお知らせ(モビリティ事業戦略).pdf
   ✅ 保存: 6501_1530_日立_Hitachi Investor Day 2026資料公開に関するお知らせ(コネクティブインダストリーズ事業戦略).pdf
   ✅ 保存: 6501_1530_日立_Hitachi Investor Day 2026資料公開に関するお知らせ(デジタルシステム&サービス事業戦略).pdf
   ✅ 保存: 6501_1530_日立_Hitachi Investor Day 2026資料公開に関するお知らせ(CFO Session).pdf
   ✅ 保存: 6549_1530_ディーエムソリュ_株式分割、株式分割に伴う定款の一部変更及び配当予想の修正に関するお知らせ.pdf
   ✅ 保存: 6850_1530_チノー_剰余金の配当に関するお知らせ.pdf
   ✅ 保存: 7031_1530_G-インバウンド_簡易株式交付による株式会社FWの子会社化の結果に関するお知らせ.pdf
   ✅ 保存: 7157_1530_ライフネット生命_2026年5月の業績速報.pdf
   ✅ 保存: 7273_1530_イクヨ_株式会社タマダイと新都ホールディングス株式会社の業務提携締結に関するお知らせ.pdf
   ✅ 保存: 7804_1530_ビーアンドピー_2026年10月期 第2四半期(中間期)決算短信〔日本基準〕(連結).pdf
   ✅ 保存: 7804_1530_ビーアンドピー_2026年10月期 第2四半期決算説明資料.pdf
   ✅ 保存: 7983_1530_ミロク_2026年10月期 第2四半期(中間期)決算短信〔日本基準〕(連結).pdf
   ✅ 保存: 7990_1530_グローブライド_自己株式の取得状況及び取得終了に関するお知らせ.pdf
   ✅ 保存: 8103_1530_明和産_自己株式の取得状況に関するお知らせ.pdf
   ✅ 保存: 8230_1530_はせがわ_(訂正・数値データ訂正)2025年3月期 決算短信〔日本基準〕(連結)の一部訂正について.pdf
   ✅ 保存: 8255_1530_アクシアル_連結子会社からの配当金受領に関するお知らせ.pdf
   ✅ 保存: 8273_1530_イズミ_連結子会社の吸収合併(簡易合併・略式合併)及び債権の一部放棄に関するお知らせ.pdf
   ✅ 保存: 8273_1530_イズミ_九州エリアにおけるスーパーマーケット事業の統合(完全子会社間の合併)に向けた基本方針決定及び準備開始に関するお知らせ.pdf
   ✅ 保存: 8698_1530_マネックスG_Coincheck Group N.V.における 第三者割当増資に係る払込完了のお知らせ.pdf
   ✅ 保存: 8876_1530_リログループ_2027年満期ユーロ円建転換社債型新株予約権付社債の消却およびクリーンアップ条項による繰上償還に関するお知らせ.pdf
   ✅ 保存: 9046_1530_神戸電鉄_支配株主等に関する事項について.pdf
   ✅ 保存: 9404_1530_日テレHD_支配株主等に関する事項のお知らせ.pdf
   ✅ 保存: 9504_1530_中国電力_(訂正・数値データ訂正)「2026年3月期 決算短信〔日本基準〕(連結)」の一部訂正について.pdf
   ✅ 保存: 4633_1500_サカタインクス_中東情勢の影響と対応について.pdf
   ✅ 保存: 4996_1500_クミアイ化_2026年10月期第2四半期(中間期)連結業績予想の修正に関するお知らせ.pdf
   ✅ 保存: 4996_1500_クミアイ化_特別損失の計上に関するお知らせ.pdf
   ✅ 保存: 8076_1500_カノークス_親会社等の決算に関するお知らせ.pdf
   ✅ 保存: 8368_1500_百五銀_自己株式の取得状況および取得終了に関するお知らせ.pdf
   ✅ 保存: 9074_1500_日石輸_(訂正)「2026 年3月期 通期 決算説明資料」の一部訂正に関するお知らせ.pdf
   ✅ 保存: 9444_1500_トーシンHD_当社管財人の解任申立てに係る取締役会決議に関するお知らせ.pdf
   ✅ 保存: 4234_1400_サンエー化研_第117期(2026年3月期)決算説明会資料.pdf
   ✅ 保存: 6336_1400_石井表記_資本コストや株価を意識した経営の実現に向けた対応について(アップデート).pdf
   ✅ 保存: 6336_1400_石井表記_配当方針の変更に関するお知らせ.pdf
   ✅ 保存: 6336_1400_石井表記_2027年1月期 第1四半期決算短信〔日本基準〕(連結).pdf
   ✅ 保存: 6995_1400_東海理電_財務報告に係る内部統制の開示すべき重要な不備に関するお知らせ.pdf
   ✅ 保存: 9913_1400_日邦産業_当社による株主総会検査役選任の申立てに関するお知らせ.pdf
   ✅ 保存: 5210_1330_日山村硝_2026年3月期 決算・新中期経営計画説明会.pdf
   ...Page 002 を確認中
   ✅ 保存: 2117_1300_ウェルネオシュガー_(訂正)「2026年10月1日付連結子会社との合併後の当社の組織体制および役員等人事に関するお知らせ」の一部訂正について.pdf
   ✅ 保存: 3777_1300_G-環境フレンドリー_第21回新株予約権の譲渡の承認に関するお知らせ.pdf
   ✅ 保存: 3662_1230_エイチームHD_2026年7月期 第3四半期決算説明会 書き起こし.pdf
   ✅ 保存: 587A_1200_インベスコQQQ_インベスコQQQトラスト シリーズ1 分配金の支払いに係る基準日のお知らせ.pdf
   ✅ 保存: 1326_1150_E-ワールド_SPDRゴールド・シェアに関する日々の開示事項.pdf
   ✅ 保存: 3799_1130_キーウェア_2026年3月期 決算説明に関する質疑応答集.pdf
   ✅ 保存: 472A_1130_G-ミラティブ_投資家の皆さまよりいただいた質問と回答.pdf
   ✅ 保存: 6493_1000_NITTAN_2026年3月期決算および新中期経営計画説明会.pdf
   ✅ 保存: 7886_0940_ヤマトモビMfg_特別損失(減損損失)の計上に関するお知らせ.pdf
   ✅ 保存: 7886_0940_ヤマトモビMfg_(訂正・数値データ訂正)「2026年3月期 決算短信〔日本基準〕(連結)」の一部訂正について.pdf
   ✅ 保存: 9733_0930_ナガセ_自己株式立会外買付取引(ToSTNeT-3)による自己株式の取得結果及び取得終了に関するお知らせ.pdf
   ✅ 保存: 4582_0830_G-シンバイオ製薬_進行性多巣性白質脳症を対象とした、NIH主導による IV BCVの臨床試験で、患者登録(FPI)を完了.pdf
   ...Page 003 を確認中
   📝 一覧CSV保存: TDnet_Sorted_20260609.csv
   📝 一覧CSV保存（ルート）: TDnet_Sorted_20260609.csv
   📊 日別統計: page_access=3, pdf_success=112, excluded=13

============================================================
✅ ①完了（範囲取得）
   期間: 20260609 ～ 20260609 （mode=day）
   一覧ページアクセス合計: 3
   PDFダウンロード成功合計: 112
   除外件数合計: 13
   保存ルート: G:\マイドライブ\TDnet_Downloads

$ C:\Users\onok\AppData\Local\Python\pythoncore-3.14-64\python.exe -u ②a②bは２つフリーワード検索.py analyze --target 20260609 --save-root G:\マイドライブ\TDnet_Downloads --keywords 価格交渉 増産 価格改定 価格転嫁 値上 想定以上 上方修正 下方修正 想定以下 未達 大幅 計画を上 計画を下 計画以 需要回復 需要の回復 需要が増 需要が低 悪化 グローバルニッチトップ トップシェア シェア拡大 レアアース
ルート: G:\マイドライブ\TDnet_Downloads
対象指定: 20260609 mode= day from= 20260609 to= 20260609
対象フォルダ数: 1
検索キーワード: ['価格交渉', '増産', '価格改定', '価格転嫁', '値上', '想定以上', '上方修正', '下方修正', '想定以下', '未達', '大幅', '計画を上', '計画を下', '計画以', '需要回復', '需要の回復', '需要が増', '需要が低', '悪化', 'グローバルニッチトップ', 'トップシェア', 'シェア拡大', 'レアアース']
総PDF数（推定）: 112
[1/1] 日付フォルダ 20260609 を処理中... (このフォルダ内PDF数: 112)
  進捗: 50/112 件のPDFを解析済み
  進捗: 100/112 件のPDFを解析済み
  進捗: 112/112 件のPDFを解析済み
  → 日付フォルダ 20260609 のヒットPDF数: 28

✅ ②A 完了（解析専用・キーワード別ページ列）
解析PDF数: 112
ヒットPDF数: 28
出力CSV: Analysis_Hits_free_word_20260609.csv
保存先: G:\マイドライブ\TDnet_Downloads

$ C:\Users\onok\AppData\Local\Python\pythoncore-3.14-64\python.exe -u ②a②bは２つフリーワード検索.py distribute --target 20260609 --save-root G:\マイドライブ\TDnet_Downloads --no-stop-on-empty-meta

✅ ②B 完了（配布用CSV作成・キーワード別ページ列）
出力: PDF_Search_Result_Distribution_free_word_20260609_sh.csv
キーワード列: ['価格交渉', '増産', '価格改定', '価格転嫁', '値上', '想定以上', '上方修正', '下方修正', '想定以下', '未達', '大幅', '計画を上', '計画を下', '計画以', '需要回復', '需要の回復', '需要が増', '需要が低', '悪化', 'グローバルニッチトップ', 'トップシェア', 'シェア拡大', 'レアアース']
突合除外件数: 0
空欄アラート件数: 0

============================================
 Done: 2026-06-09 23:02:33
============================================
