============================================
 TDnet auto run: 20260608
 Start: 2026-06-08 23:00:02
============================================

$ C:\Users\onok\AppData\Local\Python\pythoncore-3.14-64\python.exe -u ①_tdnetアクセスしてダウンロードする処理（月日付別フォルダ保存）.py --target 20260608 --save-root G:\マイドライブ\TDnet_Downloads
🎯 対象指定: 20260608（mode=day, from=20260608, to=20260608）
📁 保存ルート: G:\マイドライブ\TDnet_Downloads

============================================================
📅 日付: 20260608 を処理します
   ...Page 001 を確認中
   ✅ 保存: 4875_2100_メディシノバ_米国におけるMN-166(イブジラスト)の免疫チェックポイント阻害剤PD-1抗体との併用療法による膠芽腫治療を対象とする特許承認に関するお知らせ.pdf
   ✅ 保存: 2523_1910_MXSトピ除く金融_「MAXISトピックス(除く金融)上場投信」の基準価額と市場価格の重要な乖離に関するお知らせ.pdf
   ✅ 保存: 9616_1900_共立メンテ_主要株主及び主要株主である筆頭株主の異動に関するお知らせ.pdf
   ✅ 保存: 8198_1800_MV東海_2027年2月期 5月度月次売上高前年比速報.pdf
   ✅ 保存: 7678_1755_あさくま_(訂正)2027年1月期(2月度から4月度)売上高前年対比等のお知らせの一部訂正について.pdf
   ✅ 保存: 3189_1732_ANAP_(訂正)第三者割当により発行された第9回新株予約権(行使価額修正条項付)の月間行使状況に関するお知らせ.pdf
   ✅ 保存: 2467_1730_VLCセキュリティ_定款一部変更に関するお知らせ.pdf
   ✅ 保存: 9244_1730_G-デジタリフト_ストック・オプション(新株予約権)の発行内容確定に関するお知らせ.pdf
   ✅ 保存: 4390_1715_ips_フィリピン・ミンダナオ島沖を震源とする地震の影響について.pdf
   ✅ 保存: 7678_1710_あさくま_2027年1月期5月度売上高前年対比等のお知らせ.pdf
   ✅ 保存: 1835_1700_東鉄工_役員の人事異動に関するお知らせ.pdf
   ✅ 保存: 3777_1700_G-環境フレンドリー_第三者割当による第23回新株予約権の払込完了に関するお知らせ.pdf
   ✅ 保存: 4287_1700_ジャストプラ_2027年1月期 第1四半期決算短信〔日本基準〕(連結).pdf
   ✅ 保存: 5142_1700_アキレス_2026年3月期 決算説明会資料.pdf
   ✅ 保存: 7270_1700_SUBARU_支配株主等(その他の関係会社)に関する事項について.pdf
   ✅ 保存: 8746_1700_unbanked_(開示事項の経過)定時株主総会における株主提案の撤回に関するお知らせ.pdf
   ✅ 保存: 9444_1700_トーシンHD_(経過開示)株主提案の撤回に関するお知らせ.pdf
   ✅ 保存: 9733_1650_ナガセ_自己株式の取得及び自己株式立会外買付取引(ToSTNeT-3)による買付けに関するお知らせ.pdf
   ✅ 保存: 7746_1645_岡本硝子_停止指定の決定に関するお知らせ.pdf
   ✅ 保存: 2454_1630_オールアバウト_非上場の親会社等の決算情報に関するお知らせ.pdf
   ✅ 保存: 7164_1630_全国保証_株式の取得(持分法適用関連会社化)に関するお知らせ.pdf
   ✅ 保存: 8105_1630_BitcoinJPN_第三者割当により発行された行使価額修正条項付第1回新株予約権の行使完了及び月間行使状況に関するお知らせ.pdf
   ✅ 保存: 166A_1615_G-タスキHD_東京証券取引所プライム市場への上場市場区分変更承認に関するお知らせ.pdf
   ✅ 保存: 3083_1600_スターシーズ_第三者割当による第8回~第10回新株予約権(行使価額固定型)の発行に関するお知らせ.pdf
   ✅ 保存: 3169_1600_ミサワ_譲渡制限付株式報酬としての自己株式の処分の払込完了に関するお知らせ.pdf
   ✅ 保存: 3276_1600_JPMC_2026年12月期 5月度月次情報.pdf
   ✅ 保存: 3276_1600_JPMC_譲渡制限付株式としての自己株式の処分に関するお知らせ.pdf
   ✅ 保存: 3359_1600_G-cotta_業績予想の修正に関するお知らせ.pdf
   ✅ 保存: 3359_1600_G-cotta_株主優待制度の変更に関するお知らせ.pdf
   ✅ 保存: 3856_1600_Abalance_当社連結子会社の米国太陽光セル新工場建設に関するお知らせ.pdf
   ✅ 保存: 4382_1600_HEROZ_2026年4月期 通期連結業績予想の修正並びに子会社株式売却益、法人税等調整額(益)及び暗号資産評価損の計上に関するお知らせ.pdf
   ✅ 保存: 4431_1600_G-スマレジ_剰余金の配当に関するお知らせ.pdf
   ✅ 保存: 6147_1600_ヤマザキ_(訂正)「資本金の額の減少及び剰余金の処分に関するお知らせ」の 一部訂正に関するお知らせ.pdf
   ✅ 保存: 7022_1600_サノヤスHD_自己株式の取得状況に関するお知らせ.pdf
   ✅ 保存: 7699_1600_G-OPS_2026年3月期 決算説明会資料.pdf
   ✅ 保存: 7777_1600_G-3Dマトリックス_悪性胸膜中皮腫を対象とした「MIRX002」医師主導治験(第I相)完了および主要評価項目達成のお知らせ.pdf
   ✅ 保存: 7872_1600_エステールHD_(訂正・数値データ訂正)「2026 年3月期決算短信〔日本基準〕(連結)」の一部訂正について.pdf
   ✅ 保存: 8031_1600_三井物産_特定子会社の異動.pdf
   ✅ 保存: 8237_1600_松屋_2026年5月売上報告.pdf
   ✅ 保存: 8972_1600_R-KDX不動産_国内不動産信託受益権の譲渡に関するお知らせ(ライフ高殿店(底地)).pdf
   ✅ 保存: 8977_1600_R-阪急阪神_国内不動産信託受益権の取得に関するお知らせ.pdf
   ✅ 保存: 9513_1600_Jパワー_(開示事項の経過)株主提案の撤回に関する書面の受領および第74回定時株主総会の付議事項についてのお知らせ.pdf
   ✅ 保存: 9799_1600_旭情報_自己株式の取得状況および取得終了ならびに自己株式の消却に関するお知らせ.pdf
   ✅ 保存: 2127_1530_日本M&A_主要株主の異動に関するお知らせ.pdf
   ✅ 保存: 2301_1530_学情_2026年10月期 第2四半期(中間期)決算短信(日本基準)(非連結).pdf
   ✅ 保存: 2301_1530_学情_2026年10月期 第2四半期(中間期)決算説明資料.pdf
   ✅ 保存: 2301_1530_学情_第2四半期(中間期)業績予想値と実績値との差異および通期業績予想の修正に関するお知らせ.pdf
   ✅ 保存: 2301_1530_学情_自己株式取得に係る事項の決定に関するお知らせ.pdf
   ✅ 保存: 2669_1530_カネ美食品_2026年5月度の売上高のお知らせ.pdf
   ✅ 保存: 3093_1530_トレファク_2026年5月 月次売上概況(単体).pdf
   ✅ 保存: 3160_1530_大光_月次売上高及び前年比についてのお知らせ.pdf
   ✅ 保存: 3189_1530_ANAP_第三者割当により発行された第9回新株予約権(行使価額修正条項付)の月間行使状況に関するお知らせ.pdf
   ✅ 保存: 3246_1530_コーセーアールイー_2027年1月期 第1四半期決算短信[日本基準](連結).pdf
   ✅ 保存: 3358_1530_Trailhead_2026年5月の月次売上高(速報)に関するお知らせ.pdf
   ✅ 保存: 3423_1530_エスイー_支配株主等に関する事項について.pdf
   ✅ 保存: 370A_1530_P-リバイブル_東京証券取引所 TOKYO PRO Marketへの上場目的の開示.pdf
   ✅ 保存: 405A_1530_P-コヤマ・ミライエ_東京証券取引所 TOKYO PRO Marketへの上場目的の開示.pdf
   ✅ 保存: 4260_1530_G-ハイブリッドテク_その他の関係会社の異動に関するお知らせ.pdf
   ✅ 保存: 4571_1530_G-NANO_(訂正)「第22回新株予約権(行使価額修正条項付)の月間行使状況に関するお知らせ」 の一部訂正について.pdf
   ✅ 保存: 4588_1530_G-オンコリスバイオ_腫瘍溶解ウイルス テロメライシン注の製造販売承認(通常承認)取得に関するお知らせ.pdf
   ✅ 保存: 5253_1530_G-カバー_自己株式の取得状況及び取得終了に関するお知らせ.pdf
   ✅ 保存: 5304_1530_SECカーボン_代表取締役の異動および取締役役職・執行役員体制に関するお知らせ.pdf
   ✅ 保存: 554A_1530_G-バトンズ_(訂正)「2026年3月期決算短信〔日本基準〕(非連結)」の一部修正に関するお知らせ.pdf
   ✅ 保存: 6584_1530_三桜工_2026年3月期 決算説明会を開催しました(質疑応答あり).pdf
   ✅ 保存: 6588_1530_東芝テック_親会社の異動等に関するお知らせ(開示遅延).pdf
   ✅ 保存: 7046_1530_G-TDSE_当社決算説明会スクリプトの公開について.pdf
   ✅ 保存: 7481_1530_尾家産_完全子会社の吸収合併(簡易合併・略式合併)に関するお知らせ.pdf
   ✅ 保存: 7856_1530_萩原工業_2026年10月期 第2四半期(中間期)決算短信〔日本基準〕(連結).pdf
   ✅ 保存: 8136_1530_サンリオ_第66回定時株主総会付議議案の一部取り下げに関するお知らせ.pdf
   ✅ 保存: 9068_1530_丸全運_投資単位の引下げに関する考え方および方針等について.pdf
   ✅ 保存: 9235_1530_G-売れるネットG_(変更・経過開示)子会社(BCDC.Ai.GPU Data Center株式会社)設立及び高性能GPUサーバーセンター事業参入に関するお知らせ.pdf
   ✅ 保存: 9235_1530_G-売れるネットG_(変更・経過開示)子会社(株式会社GANECCI)設立及び暗号資産決済事業参入に関するお知らせ.pdf
   ✅ 保存: 9284_1530_I-カナディアンソラ_太陽光発電所月次発電電力量実績及び出力制御による本投資法人の運用資産への影響(2026年5月)に関するお知らせ.pdf
   ✅ 保存: 9285_1530_I-東京インフラF_保有資産に係る月次発電量実績及び出力制御の実施状況に関するお知らせ(2026年5月).pdf
   ✅ 保存: 9508_1530_九州電力_九州電力送配電株式会社におけるお客さま情報を保存した外部記憶媒体の所在不明について.pdf
   ✅ 保存: 9759_1530_NSD_2026年5月の月次売上高(速報)に関するお知らせ.pdf
   ✅ 保存: 9823_1530_マミーマートHD_2026年5月 月次業績開示のお知らせ.pdf
   ✅ 保存: 3066_1500_JBイレブン_2027年3月期 5月度 店舗月次売上・店舗数のお知らせ.pdf
   ✅ 保存: 3071_1500_ストリーム_2027年1月期第1四半期決算短信〔日本基準〕(連結).pdf
   ✅ 保存: 5391_1500_A&Aマテリアル_自己株式を活用した第三者割当による第1回新株予約権及び第2回新株予約権(固定行使価額型)の払込完了に関するお知らせ.pdf
   ✅ 保存: 562A_1500_P-寶結_当座貸越契約の締結に関するお知らせ.pdf
   ✅ 保存: 7851_1500_カワセコンピュ_自己株式取得の取得状況に関するお知らせ.pdf
   ✅ 保存: 8368_1500_百五銀_自己株式の取得状況に関するお知らせ.pdf
   ✅ 保存: 8392_1500_大分銀_連結子会社からの配当金受領に関するお知らせ.pdf
   ✅ 保存: 4238_1450_ミライアル_2027年1月期第2四半期累計期間 連結業績予想および配当予想に関するお知らせ.pdf
   ...Page 002 を確認中
   ✅ 保存: 4238_1450_ミライアル_2027年1月期 第1四半期決算短信〔日本基準〕(連結).pdf
   ✅ 保存: 4238_1450_ミライアル_2027年1月期第1四半期 決算説明資料.pdf
   ✅ 保存: 8123_1430_川辺_「中期経営計画2026」策定に関するお知らせ.pdf
   ✅ 保存: 2698_1400_キャンドゥ_2026年5月度 月次売上高前年比速報.pdf
   ✅ 保存: 6222_1355_島精機_主要株主及び主要株主である筆頭株主の異動に関するお知らせ.pdf
   ✅ 保存: 2345_1300_HODL1_Startale Group Pte. Ltd.との業務提携に関する基本合意書締結のお知らせ.pdf
   ✅ 保存: 3546_1300_アレンザHD_2027年2月期 月次売上状況について(5月度).pdf
   ✅ 保存: 7636_1300_ハンズマン_2026年5月度 売上高の状況(2025年7月1日~2026年5月31日).pdf
   ✅ 保存: 7874_1300_レック_自己株式の取得に係る事項の決定に関するお知らせ.pdf
   ✅ 保存: 3350_1245_メタプラネット_B種優先株式に係る剰余金の配当に関するお知らせ.pdf
   ✅ 保存: 4591_1230_G-リボミック_第三者割当により発行された第19回新株予約権(行使価額修正条項付)の行使停止指定に関するお知らせ.pdf
   ✅ 保存: 6073_1230_アサンテ_2027年3月期 5月度月次売上高のお知らせ.pdf
   ✅ 保存: 1326_1200_E-ワールド_SPDRゴールド・シェアに関する日々の開示事項.pdf
   ✅ 保存: 9101_1200_郵船_投資単位の引下げに関する考え方及び方針について.pdf
   ✅ 保存: 7161_1130_じもとHD_当社子会社における債権の取立不能又は取立遅延のおそれに関するお知らせ.pdf
   ✅ 保存: 2096_1100_GXオフィスJリート_2026年4月期(2025年10月25日~2026年4月24日)決算短信.pdf
   ✅ 保存: 2097_1100_GX住宅Jリート_2026年4月期(2025年10月25日~2026年4月24日)決算短信.pdf
   ✅ 保存: 2098_1100_GXホテリテJリート_2026年4月期(2025年10月25日~2026年4月24日)決算短信.pdf
   ✅ 保存: 2488_1100_JTP_2026年3月期決算説明資料.pdf
   ✅ 保存: 2644_1100_GX半導体日株_2026年4月期(2025年10月25日~2026年4月24日)決算短信.pdf
   ✅ 保存: 2645_1100_GXレジ&エンタ日株_2026年4月期(2025年10月25日~2026年4月24日)決算短信.pdf
   ✅ 保存: 2646_1100_GXメタルビジ日株_2026年4月期(2025年10月25日~2026年4月24日)決算短信.pdf
   ✅ 保存: 2847_1100_GX成長インフラ日株_2026年4月期(2025年10月25日~2026年4月24日)決算短信.pdf
   ✅ 保存: 2848_1100_GX気候変動日株_2026年4月期(2025年10月25日~2026年4月24日)決算短信.pdf
   ✅ 保存: 2854_1100_GXテック20日株_2026年4月期(2025年10月25日~2026年4月24日)決算短信.pdf
   ✅ 保存: 2858_1100_GX日経カバコ_2026年4月期(2025年10月25日~2026年4月24日)決算短信.pdf
   ✅ 保存: 315A_1100_GX銀行高配当日株_2026年4月期(2025年10月25日~2026年4月24日)決算短信.pdf
   ✅ 保存: 5233_1100_太平洋セメ_(開示事項の経過)米Vulcan社の生コンクリート事業用資産等買収完了のお知らせ.pdf
   ✅ 保存: 7502_1040_プラザHD_自己株式立会外買付取引(ToSTNeT-3)による自己株式の取得結果及び取得終了に関するお知らせ.pdf
   ✅ 保存: 6094_1030_G-フリークアウト_主要株主である伊藤忠商事株式会社による当社株式の一部売却、および資本業務提携の継続に関するお知らせ.pdf
   ✅ 保存: 7172_1030_JIA_第三者割当による自己株式処分及び新株式発行の払込完了に関するお知らせ.pdf
   ✅ 保存: 8219_1030_青山商_2026年5月 月次売上高前年比(速報)に関するお知らせ.pdf
   ✅ 保存: 2477_1015_手間いらず_(訂正)自己株式取得に係る事項の決定に関するお知らせの一部訂正に関するお知らせ.pdf
   ✅ 保存: 1827_1000_ナカノフドー_2026年3月期 決算説明会資料.pdf
   ✅ 保存: 6420_1000_ガリレイ_2026年3月期決算説明資料.pdf
   ✅ 保存: 5817_0830_JMACS_代表取締役社長の逝去および選任に関するお知らせ(訃報).pdf
   ✅ 保存: 9444_0800_トーシンHD_代表取締役の異動に関するお知らせ.pdf
   ...Page 003 を確認中
   📝 一覧CSV保存: TDnet_Sorted_20260608.csv
   📝 一覧CSV保存（ルート）: TDnet_Sorted_20260608.csv
   📊 日別統計: page_access=3, pdf_success=122, excluded=38

============================================================
✅ ①完了（範囲取得）
   期間: 20260608 ～ 20260608 （mode=day）
   一覧ページアクセス合計: 3
   PDFダウンロード成功合計: 122
   除外件数合計: 38
   保存ルート: G:\マイドライブ\TDnet_Downloads

$ C:\Users\onok\AppData\Local\Python\pythoncore-3.14-64\python.exe -u ②a②bは２つフリーワード検索.py analyze --target 20260608 --save-root G:\マイドライブ\TDnet_Downloads --keywords 価格交渉 増産 価格改定 価格転嫁 値上 想定以上 上方修正 下方修正 想定以下 未達 大幅 計画を上 計画を下 計画以 需要回復 需要の回復 需要が増 需要が低 悪化 グローバルニッチトップ トップシェア シェア拡大 レアアース
ルート: G:\マイドライブ\TDnet_Downloads
対象指定: 20260608 mode= day from= 20260608 to= 20260608
対象フォルダ数: 1
検索キーワード: ['価格交渉', '増産', '価格改定', '価格転嫁', '値上', '想定以上', '上方修正', '下方修正', '想定以下', '未達', '大幅', '計画を上', '計画を下', '計画以', '需要回復', '需要の回復', '需要が増', '需要が低', '悪化', 'グローバルニッチトップ', 'トップシェア', 'シェア拡大', 'レアアース']
総PDF数（推定）: 122
[1/1] 日付フォルダ 20260608 を処理中... (このフォルダ内PDF数: 122)
  進捗: 50/122 件のPDFを解析済み
  進捗: 100/122 件のPDFを解析済み
  進捗: 122/122 件のPDFを解析済み
  → 日付フォルダ 20260608 のヒットPDF数: 18

✅ ②A 完了（解析専用・キーワード別ページ列）
解析PDF数: 122
ヒットPDF数: 18
出力CSV: Analysis_Hits_free_word_20260608.csv
保存先: G:\マイドライブ\TDnet_Downloads

$ C:\Users\onok\AppData\Local\Python\pythoncore-3.14-64\python.exe -u ②a②bは２つフリーワード検索.py distribute --target 20260608 --save-root G:\マイドライブ\TDnet_Downloads --no-stop-on-empty-meta

✅ ②B 完了（配布用CSV作成・キーワード別ページ列）
出力: PDF_Search_Result_Distribution_free_word_20260608_sh.csv
キーワード列: ['価格交渉', '増産', '価格改定', '価格転嫁', '値上', '想定以上', '上方修正', '下方修正', '想定以下', '未達', '大幅', '計画を上', '計画を下', '計画以', '需要回復', '需要の回復', '需要が増', '需要が低', '悪化', 'グローバルニッチトップ', 'トップシェア', 'シェア拡大', 'レアアース']
突合除外件数: 0
空欄アラート件数: 0

============================================
 Done: 2026-06-08 23:02:45
============================================
