🎯 対象指定: 20260417（mode=day, from=20260417, to=20260417）
📁 保存ルート: G:\マイドライブ\TDnet_Downloads

============================================================
📅 日付: 20260417 を処理します
   ...Page 001 を確認中
   ✅ 保存: 3083_2215_スターシーズ_特別利益及び特別損失の計上に関するお知らせ(個別).pdf
   ✅ 保存: 3083_2215_スターシーズ_通期連結業績予想と実績値との差異に関するお知らせ.pdf
   ✅ 保存: 3083_2215_スターシーズ_剰余金の配当に関するお知らせ.pdf
   ✅ 保存: 3083_2215_スターシーズ_中期経営計画 FY2027.2 - FY2029.2.pdf
   ✅ 保存: 3083_2215_スターシーズ_2026年2月期 決算短信〔日本基準〕(連結).pdf
   ✅ 保存: 6085_1850_G-アーキテクツSJ_2026年2月期決算短信〔日本基準〕(連結).pdf
   ✅ 保存: 7050_1815_G-フロンティアI_通期連結業績予想の修正(再上方修正)及び配当予想の修正(増配) に関するお知らせ.pdf
   ✅ 保存: 304A_1730_G-フォルシア_2026年2月期通期決算発表 個人投資家向けオンライン会社説明会 補足資料.pdf
   ✅ 保存: 3719_1730_AIストーム_コミットメントライン契約の締結に関するお知らせ.pdf
   ✅ 保存: 4582_1730_G-シンバイオ製薬_当社取締役に対して発行する新株予約権(ストックオプション)の発行内容等確定に関するお知らせ.pdf
   ✅ 保存: 4582_1730_G-シンバイオ製薬_当社従業員に対して発行する新株予約権(ストックオプション)の発行内容等確定に関するお知らせ.pdf
   ✅ 保存: 6580_1715_G-ライトアップ_当社AIソリューション事業に関する内部調査報告書(最終版)受領のお知らせ.pdf
   ✅ 保存: 3140_1700_G-BRUNO_減資に関するお知らせ.pdf
   ✅ 保存: 3683_1700_サイバーリンクス_譲渡制限付株式報酬としての新株式発行に関するお知らせ.pdf
   ✅ 保存: 3683_1700_サイバーリンクス_従業員持株会向け譲渡制限付株式インセンティブとしての新株式発行に関するお知らせ.pdf
   ✅ 保存: 434A_1700_P-LOOPLACE_販売用不動産取得のお知らせ.pdf
   ✅ 保存: 5020_1700_ENEOS_公正取引委員会による当社グループ会社に係る刑事告発について.pdf
   ✅ 保存: 5038_1700_G-eWeLL_譲渡制限付株式報酬としての新株式の発行に関するお知らせ.pdf
   ✅ 保存: 6232_1700_G-ACSL_取締役に対する株式報酬型ストック・オプション(新株予約権)の発行内容確定に関するお知らせ.pdf
   ✅ 保存: 6232_1700_G-ACSL_従業員に対するストック・オプション(新株予約権)の発行内容確定に関するお知らせ.pdf
   ✅ 保存: 6634_1700_JNグループ_連結子会社の商号変更に関するお知らせ.pdf
   ✅ 保存: 6856_1700_堀場製_譲渡制限付株式としての自己株式処分に関するお知らせ.pdf
   ✅ 保存: 6856_1700_堀場製_事後交付型リストリクテッド・ストック・ユニット(RSU)付与制度としての自己株式処分に関するお知らせ.pdf
   ✅ 保存: 7161_1700_じもとHD_取得価額の修正に関するお知らせ.pdf
   ✅ 保存: 7811_1700_中本パックス_資本コストや株価を意識した経営の実現に向けた対応について.pdf
   ✅ 保存: 8133_1700_エネクス_当社子会社の起訴について.pdf
   ✅ 保存: 8559_1700_豊和銀_取得価額に関するお知らせ.pdf
   ✅ 保存: 3856_1650_Abalance_米国向け太陽光パネルの輸出に関する一部貨物の取扱いについて.pdf
   ✅ 保存: 3856_1650_Abalance_当社元取締役及び執行役員に関する今後の人事方針に関するお知らせ.pdf
   ✅ 保存: 254A_1630_AIフュージョンCG_資金の借入(返済期限の延長)に関するお知らせ.pdf
   ✅ 保存: 280A_1630_G-TMH_成長資金調達に関する補足説明資料.pdf
   ✅ 保存: 280A_1630_G-TMH_第三者割当による第1回無担保転換社債型新株予約権付社債(固定転換価額型)及び第6回新株予約権(固定行使価額型)の発行に関するお知らせ.pdf
   ✅ 保存: 2930_1630_北の達人_機関投資家・アナリスト向け決算説明会を開催いたしました.pdf
   ✅ 保存: 3823_1630_WHY HOW DO_飯山土建株式会社の簡易株式交換による完全子会社化(特定子会社の異動)における株式交換比率決定に関するお知らせ.pdf
   ✅ 保存: 3823_1630_WHY HOW DO_第三者割当による第16回新株予約権の大量行使に関するお知らせ.pdf
   ✅ 保存: 3909_1630_ショーケース_支配株主への資金の貸し付けに関するお知らせ.pdf
   ✅ 保存: 6736_1630_サン電子_主要株主の異動に関するお知らせ.pdf
   ✅ 保存: 7062_1630_G-フレアス_2026年3月期3月度 月次売上(速報)に関するお知らせ.pdf
   ✅ 保存: 7879_1630_ノダ_自己株式の取得及び自己株式立会外買付取引(ToSTNeT-3)による自己株式の買付けに関するお知らせ.pdf
   ✅ 保存: 8233_1630_高島屋_2026年2月期 決算説明会 質疑応答要旨.pdf
   ✅ 保存: 8349_1630_東北銀_取得価額の修正に関するお知らせ.pdf
   ✅ 保存: 8707_1630_岩井コスモ_2026年3月期 連結決算速報値に関するお知らせ.pdf
   ✅ 保存: 9753_1630_IXナレッジ_(訂正)「役員人事に関するお知らせ」の一部訂正に関するお知らせ.pdf
   ✅ 保存: 9950_1630_ハチバン_2026年3月期通期連結業績予想の修正に関するお知らせ.pdf
   ✅ 保存: 2080_1600_PBR1倍割れ解消_2026年9月期 中間決算短信(2025年9月11日~2026年3月10日).pdf
   ✅ 保存: 2081_1600_政策保有解消_2026年9月期 中間決算短信(2025年9月11日~2026年3月10日).pdf
   ✅ 保存: 2082_1600_投資家経営者一心同体_2026年9月期 中間決算短信(2025年9月11日~2026年3月10日).pdf
   ✅ 保存: 2338_1600_クオンタムS_定款一部変更に関するお知らせ.pdf
   ✅ 保存: 2338_1600_クオンタムS_代表取締役の異動及び監査等委員である取締役候補者の選任に関するお知らせ.pdf
   ✅ 保存: 2354_1600_YE DIGITAL_株式報酬型ストック・オプション(新株予約権)の発行に関するお知らせ.pdf
   ✅ 保存: 245A_1600_G-INGS_取締役の辞任に関するお知らせ.pdf
   ✅ 保存: 2597_1600_ユニカフェ_譲渡制限付株式報酬としての自己株式の処分の払込完了に関するお知らせ.pdf
   ✅ 保存: 2872_1600_セイヒョー_新中期経営計画「ONE SEIHYO, BEYOND LIMITS」策定に関するお知らせ.pdf
   ✅ 保存: 2872_1600_セイヒョー_剰余金の配当に関するお知らせ.pdf
   ✅ 保存: 2872_1600_セイヒョー_取締役の選任及び退任に関するお知らせ.pdf
   ✅ 保存: 3547_1600_ユニシアHD_譲渡制限付株式としての自己株式の処分の払込完了に関するお知らせ及び「譲渡制限付株式としての自己株式処分に関するお知らせ」の一部訂正について.pdf
   ✅ 保存: 3967_1600_G-エルテス_2026年2月期 通期 決算説明動画及びスクリプトの公開のお知らせ.pdf
   ✅ 保存: 459A_1600_野村高利回りJリート_2026年3月期(2025年11月11日~2026年3月12日)決算短信.pdf
   ✅ 保存: 5985_1600_サンコール_役員の異動に関するお知らせ.pdf
   ✅ 保存: 5985_1600_サンコール_当社株券等の大規模買付行為に関する対応策(買収防衛策)の非継続(廃止)について.pdf
   ✅ 保存: 6025_1600_日本PCサービス_2026年8月期 第2四半期決算説明資料.pdf
   ✅ 保存: 6506_1600_安川電_定款の一部変更に関するお知らせ.pdf
   ✅ 保存: 6927_1600_ヘリオステクノH_完全子会社の吸収合併(簡易合併・略式合併)に関するお知らせ.pdf
   ✅ 保存: 8366_1600_滋賀銀_株式会社池田泉州ホールディングスとの資本業務提携の締結について.pdf
   ✅ 保存: 8714_1600_池田泉州_株式会社滋賀銀行との資本業務提携の締結について.pdf
   ✅ 保存: 4576_1545_G-DWTI_譲渡制限付株式報酬としての新株式発行に関するお知らせ.pdf
   ✅ 保存: 7427_1540_エコーTD_支配株主等に関する事項について.pdf
   ✅ 保存: 7427_1540_エコーTD_取締役(監査等委員である取締役を除く。)の報酬額改定及び任意の諮問機関としての報酬委員会設置のお知らせ.pdf
   ✅ 保存: 7638_1540_NEW ART_自己株式の取得状況及び取得終了に関するお知らせ.pdf
   ✅ 保存: 2281_1530_プリマハム_2026年3月期業績予想の修正に関するお知らせ.pdf
   ✅ 保存: 2411_1530_ゲンダイAG_2026年3月期 決算短信〔日本基準〕(連結).pdf
   ✅ 保存: 2411_1530_ゲンダイAG_2026年3月期決算説明資料.pdf
   ✅ 保存: 2411_1530_ゲンダイAG_特別利益及び特別損失の計上に関するお知らせ.pdf
   ✅ 保存: 2411_1530_ゲンダイAG_譲渡制限付株式報酬制度の導入に関するお知らせ.pdf
   ✅ 保存: 2411_1530_ゲンダイAG_連結子会社からの配当金受領に関するお知らせ.pdf
   ✅ 保存: 3223_1530_エスエルディー_剰余金のA種種類株式に対する配当に関するお知らせ.pdf
   ✅ 保存: 3223_1530_エスエルディー_役員の異動に関するお知らせ.pdf
   ✅ 保存: 324A_1530_G-ブッキングR_監査等委員会設置会社への移行に関するお知らせ.pdf
   ✅ 保存: 3391_1530_ツルハHD_(訂正)「定款一部変更に関するお知らせ」の一部訂正について.pdf
   ✅ 保存: 3448_1530_P-清鋼材_剰余金の配当(無配)に関するお知らせ.pdf
   ✅ 保存: 3452_1530_ビーロット_譲渡制限付株式報酬としての自己株式の処分の払込完了に関するお知らせ.pdf
   ✅ 保存: 3462_1530_R-NMF_2026年2月期 決算短信(REIT).pdf
   ✅ 保存: 3488_1530_R-セントラル_2026年2月期 決算短信(REIT).pdf
   ✅ 保存: 3488_1530_R-セントラル_第16期(2026年2月期)決算説明会資料.pdf
   ✅ 保存: 3810_1530_サイバーステップHD_第三者割当による第42回新株予約権の行使状況に関するお知らせ.pdf
   ✅ 保存: 3826_1530_SI_業務執行取締役に対する株式報酬制度の一部改定に関するお知らせ.pdf
   ✅ 保存: 3826_1530_SI_役員人事に関するお知らせ.pdf
   ✅ 保存: 3826_1530_SI_剰余金の配当に関するお知らせ.pdf
   ✅ 保存: 3963_1530_シンクロ・フード_株主による臨時株主総会招集請求に関するお知らせ(続報).pdf
   ✅ 保存: 437A_1530_P-ジェイウェイブ_株主名簿管理人変更のお知らせ.pdf
   ✅ 保存: 437A_1530_P-ジェイウェイブ_業績予想の修正に関するお知らせ.pdf
   ✅ 保存: 4392_1530_FIG_譲渡制限付株式報酬としての新株式発行に関するお知らせ.pdf
   ✅ 保存: 441A_1530_G-NE_Cafe24 Corp. との「業務提携に関する基本合意書」の締結に関するお知らせ.pdf
   ✅ 保存: 4449_1530_ギフティ_当座貸越契約の締結及び資金借入に関するお知らせ.pdf
   ✅ 保存: 4530_1530_久光薬_株式併合並びに単元株式数の定めの廃止及び定款の一部変更の承認決議に関するお知らせ.pdf
   ✅ 保存: 4598_1530_G-DELTA-P_第11回新株予約権(行使価額修正条項付新株予約権)の 大量行使に関するお知らせ.pdf
   ✅ 保存: 469A_1530_G-フィットクルー_譲渡制限付株式報酬としての新株式発行の払込完了に関するお知らせ.pdf
   ✅ 保存: 4929_1530_アジュバンHD_2026年3月期連結業績予想と実績値との差異に関するお知らせ.pdf
   ✅ 保存: 4929_1530_アジュバンHD_剰余金の配当に関するお知らせ.pdf
   ...Page 002 を確認中
   ✅ 保存: 4929_1530_アジュバンHD_2026年3月期 決算短信〔日本基準〕(連結).pdf
   ✅ 保存: 5134_1530_G-POPER_自己株式の取得結果および取得終了に関するお知らせ.pdf
   ✅ 保存: 523A_1530_G-セイワHD_2026年5月期第3四半期決算説明動画及び決算説明書き起こしに関するお知らせ.pdf
   ✅ 保存: 5287_1530_イトーヨーギョー_配当予想の修正に関するお知らせ.pdf
   ✅ 保存: 5301_1530_東海カーボン_譲渡制限付株式報酬としての自己株式の処分の払込完了に関するお知らせ.pdf
   ✅ 保存: 5388_1530_クニミネ工業_代表取締役社長の異動、役員等の異動および組織変更に関するお知らせ.pdf
   ✅ 保存: 5707_1530_東邦鉛_第三者割当により発行された行使価額修正条項付第1回新株予約権の大量行使に関するお知らせ.pdf
   ✅ 保存: 5884_1530_G-クラダシ_合弁会社の設立及び新たな事業の開始に関するお知らせ.pdf
   ✅ 保存: 5884_1530_G-クラダシ_合弁会社の設立及び新たな事業の開始に関するお知らせ(補足説明資料).pdf
   ✅ 保存: 6029_1530_アトラG_募集新株予約権(有償ストックオプション)発行に関するお知らせ.pdf
   ✅ 保存: 6201_1530_豊田織_株式併合、単元株式数の定めの廃止及び定款の一部変更に関するお知らせ.pdf
   ✅ 保存: 6201_1530_豊田織_自己株式の消却に関するお知らせ.pdf
   ✅ 保存: 6201_1530_豊田織_公開買付けへの応募及び投資有価証券売却益(特別利益)の計上見込みに関するお知らせ.pdf
   ✅ 保存: 6224_1530_G-JRC_業績連動事後交付型譲渡制限付株式報酬制度の導入に関するお知らせ.pdf
   ✅ 保存: 6224_1530_G-JRC_役員の異動に関するお知らせ.pdf
   ✅ 保存: 6248_1530_横田製作所_業績予想及び配当予想の修正に関するお知らせ.pdf
   ✅ 保存: 6317_1530_北川鉄_指名報酬委員会の設置に関するお知らせ.pdf
   ✅ 保存: 6481_1530_THK_譲渡制限付株式報酬としての自己株式の処分の払込完了に関するお知らせ.pdf
   ✅ 保存: 6566_1530_要興業_代表取締役の異動に関するお知らせ.pdf
   ✅ 保存: 6594_1530_ニデック_第三者委員会の調査報告書(最終報告)の受領及び当社の対応に関するお知らせ.pdf
   ✅ 保存: 7047_1530_G-ポート_系統用蓄電所事業への本格参入に関するお知らせ.pdf
   ✅ 保存: 7047_1530_G-ポート_系統用蓄電所事業への本格参入に関する補足説明資料.pdf
   ✅ 保存: 7047_1530_G-ポート_系統用蓄電所事業に係るグリーンローンによる資金調達に関するお知らせ.pdf
   ✅ 保存: 7092_1530_FFJ_当社株式の上場廃止に関するお知らせ.pdf
   ✅ 保存: 7175_1530_今村証券_2026年3月期 決算速報値に関するお知らせ.pdf
   ✅ 保存: 7271_1530_安永_繰延税金資産の計上および業績予想の修正に関するお知らせ.pdf
   ✅ 保存: 7271_1530_安永_配当予想の修正(増配)に関するお知らせ.pdf
   ✅ 保存: 7366_1530_LITALICO_子会社の吸収合併に伴う特別損失(抱合せ株式消滅差損)の発生に関するお知らせ(個別決算).pdf
   ✅ 保存: 7902_1530_ソノコム_代表取締役の異動及び役員人事に関するお知らせ.pdf
   ✅ 保存: 8129_1530_東邦HD_当社株券等の大規模買付行為等に係る追加情報提供の再要請に対する回答の受領に関するお知らせ.pdf
   ✅ 保存: 8260_1530_井筒屋_役員の異動に関するお知らせ.pdf
   ✅ 保存: 8593_1530_三菱HCキャピタル_2026~2028年度中期経営計画(2028中計)について.pdf
   ✅ 保存: 8593_1530_三菱HCキャピタル_役員の異動に関するお知らせ.pdf
   ✅ 保存: 8972_1530_R-KDX不動産_資金の借入れに関するお知らせ(シリーズ0050).pdf
   ✅ 保存: 8972_1530_R-KDX不動産_コミットメントラインの契約期間延長に関するお知らせ.pdf
   ✅ 保存: 9147_1530_NXHD_Metro Supply Chain Groupの株式取得(子会社化)に関するお知らせ.pdf
   ✅ 保存: 9214_1530_G-リカバリー_自己株式の取得状況及び取得終了に関するお知らせ.pdf
   ✅ 保存: 9287_1530_I-JIF_本投資法人投資口の上場廃止に関するお知らせ.pdf
   ✅ 保存: 9332_1530_NISSOHD_連結子会社及び孫会社間の合併に関するお知らせ.pdf
   ✅ 保存: 9381_1530_エーアイテイー_役員候補者の決定に関するお知らせ.pdf
   ✅ 保存: 9404_1530_日テレHD_外国人等の議決権割合に関する公告実施のお知らせ.pdf
   ✅ 保存: 9882_1530_イエローハット_取締役候補者の追加選任に関するお知らせ.pdf
   ✅ 保存: 1662_1500_石油資源_中東情勢の緊迫化に伴う当社業績への影響について.pdf
   ✅ 保存: 2883_1500_大冷_「内部統制システム構築の基本方針」の一部改定に関するお知らせ.pdf
   ✅ 保存: 4072_1500_電算システムHD_譲渡制限付株式報酬としての新株式の発行の払込完了に関するお知らせ.pdf
   ✅ 保存: 4229_1500_群栄化_定款一部変更に関するお知らせ.pdf
   ✅ 保存: 6143_1500_ソディック_譲渡制限付株式報酬としての自己株式の処分に関するお知らせ.pdf
   ✅ 保存: 7238_1500_曙ブレーキ_連結子会社の異動(持分の譲渡及び第三者割当増資)並びに特別利益の計上に関するお知らせ.pdf
   ✅ 保存: 7238_1500_曙ブレーキ_取締役候補者選任について.pdf
   ✅ 保存: 7611_1500_ハイデ日高_取締役および執行役員人事に関するお知らせ.pdf
   ✅ 保存: 7611_1500_ハイデ日高_譲渡制限付株式報酬制度の導入に関するお知らせ.pdf
   ✅ 保存: 3189_1445_ANAP_当社グループによるビットコイン購入に関するお知らせ.pdf
   ✅ 保存: 6432_1430_竹内製作所_剰余金の配当に関するお知らせ.pdf
   ✅ 保存: 7988_1430_ニフコ_(訂正)「営業外収益(受取配当金)の計上に関するお知らせ」の一部訂正について.pdf
   ✅ 保存: 8002_1430_丸紅_代表者の異動および執行役員の担当異動に関するお知らせ.pdf
   ✅ 保存: 8002_1430_丸紅_取締役候補者の一部変更に関するお知らせ.pdf
   ✅ 保存: 8002_1430_丸紅_定款の一部変更について.pdf
   ✅ 保存: 2916_1400_仙波糖化_代表取締役の異動に関するお知らせ.pdf
   ✅ 保存: 4728_1400_トーセ_2026年8月期 第2四半期(中間期)決算説明資料(解説付).pdf
   ✅ 保存: 5078_1400_セレコーポレーション_2026年2月期 決算説明資料.pdf
   ✅ 保存: 5078_1400_セレコーポレーション_役員人事に関するお知らせ.pdf
   ✅ 保存: 8058_1400_三菱商事_代表取締役の異動に関するお知らせ.pdf
   ✅ 保存: 4093_1330_東邦アセチレン_その他の関係会社の異動に関するお知らせ.pdf
   ✅ 保存: 6497_1300_ハマイ_譲渡制限付株式報酬としての自己株式の処分に関するお知らせ.pdf
   ✅ 保存: 7381_1300_CCIグループ_2026年3月期末の有価証券含み損に関するお知らせ.pdf
   ✅ 保存: 3696_1230_セレス_第三者割当による自己株式処分の払込完了に関するお知らせ.pdf
   ✅ 保存: 8624_1200_いちよし_2026年3月期 連結決算速報値に関するお知らせ.pdf
   ✅ 保存: 9225_1200_G-ブリッジコンサル_有償ストック・オプション(新株予約権)の発行に関するお知らせ.pdf
   ✅ 保存: 1326_1140_E-ワールド_SPDRゴールド・シェアに関する日々の開示事項.pdf
   ✅ 保存: 6173_1115_G-アクアライン_当社株式の監理銘柄(審査中)の指定に関するお知らせ.pdf
   ✅ 保存: 1488_1100_iFJリート_2026年3月期(2025年9月5日~2026年3月4日)決算短信.pdf
   ✅ 保存: 233A_1100_iFインドN50_2026年3月期(2025年9月5日~2026年3月4日)決算短信.pdf
   ✅ 保存: 1398_1030_SMDAM Jリート_2026年3月期 決算短信(2025年9月9日~2026年3月8日).pdf
   ✅ 保存: 6226_1030_守谷輸送機工業_(再訂正)取締役人事に関するお知らせ.pdf
   ✅ 保存: 2157_1000_コシダカHD_2026年8月期第2四半期決算資料の追加について(決算説明会資料).pdf
   ✅ 保存: 3465_1000_ケイアイスター不動産_中東情勢の緊迫化に伴う当社グループへの影響のお知らせ.pdf
   ✅ 保存: 3997_1000_トレードワークス_自己株式立会外買付取引(ToSTNeT-3)による自己株式の取得結果及び取得終了に関するお知らせ.pdf
   ✅ 保存: 7988_0945_ニフコ_営業外収益(受取配当金)の計上に関するお知らせ.pdf
   ✅ 保存: 1541_0850_純プラ信_「純プラチナ上場信託(現物国内保管型)」の基準価額と取引所価格の乖離に関するお知らせ.pdf
   ✅ 保存: 2160_0845_G-GNI_Gyre Therapeutics による Proxy Statement(株主総会招集通知)提出 およびGyre Therapeutics株式の発行関連議案に関するお知らせ.pdf
   ✅ 保存: 4088_0830_エア・ウォーター_代表取締役の異動および取締役を含む役員等の異動に関するお知らせ.pdf
   ✅ 保存: 1911_0800_住友林_(開示事項の経過)米国Tri Pointe Homes, Inc.の臨時株主総会における同社の買収に係る議案の承認可決に関するお知らせ.pdf
   ✅ 保存: 9286_0800_I-エネクスインフラ_高崎太陽光発電所Bにおけるパワコン焼損事故の発生について.pdf
   ...Page 003 を確認中
   📝 一覧CSV保存: TDnet_Sorted_20260417.csv
   📝 一覧CSV保存（ルート）: TDnet_Sorted_20260417.csv
   📊 日別統計: page_access=3, pdf_success=182, excluded=7

============================================================
✅ ①完了（範囲取得）
   期間: 20260417 ～ 20260417 （mode=day）
   一覧ページアクセス合計: 3
   PDFダウンロード成功合計: 182
   除外件数合計: 7
   保存ルート: G:\マイドライブ\TDnet_Downloads
ルート: G:\マイドライブ\TDnet_Downloads
対象指定: 20260417 mode= day from= 20260417 to= 20260417
対象フォルダ数: 1
検索キーワード: ['価格交渉', '増産', '価格改定', '価格転嫁', '値上', '想定以上', '上方修正', '下方修正', '想定以下', '未達', '大幅', '計画を上', '計画を下', '計画以', '需要回復', '需要の回復', '需要が増', '需要が低', '悪化', 'グローバルニッチトップ', 'トップシェア', 'シェア拡大', 'レアアース']
総PDF数（推定）: 182
[1/1] 日付フォルダ 20260417 を処理中... (このフォルダ内PDF数: 182)
  進捗: 50/182 件のPDFを解析済み
  進捗: 100/182 件のPDFを解析済み
  進捗: 150/182 件のPDFを解析済み
  進捗: 182/182 件のPDFを解析済み
  → 日付フォルダ 20260417 のヒットPDF数: 31

✅ ②A 完了（解析専用・キーワード別ページ列）
解析PDF数: 182
ヒットPDF数: 31
出力CSV: Analysis_Hits_free_word_20260417.csv
保存先: G:\マイドライブ\TDnet_Downloads

✅ ②B 完了（配布用CSV作成・キーワード別ページ列）
出力: PDF_Search_Result_Distribution_free_word_20260417_sh.csv
キーワード列: ['価格交渉', '増産', '価格改定', '価格転嫁', '値上', '想定以上', '上方修正', '下方修正', '想定以下', '未達', '大幅', '計画を上', '計画を下', '計画以', '需要回復', '需要の回復', '需要が増', '需要が低', '悪化', 'グローバルニッチトップ', 'トップシェア', 'シェア拡大', 'レアアース']
突合除外件数: 0
空欄アラート件数: 0
