============================================
 TDnet auto run: 20260716
 Start: 2026-07-16 23:00:01
============================================

$ C:\Users\onok\AppData\Local\Python\pythoncore-3.14-64\python.exe -u ①_tdnetアクセスしてダウンロードする処理（月日付別フォルダ保存）.py --target 20260716 --save-root G:\マイドライブ\TDnet_Downloads
🎯 対象指定: 20260716（mode=day, from=20260716, to=20260716）
📁 保存ルート: G:\マイドライブ\TDnet_Downloads

============================================================
📅 日付: 20260716 を処理します
   ...Page 001 を確認中
   ✅ 保存: 509A_1955_I-Gライト・再エネ_2026 年5月期(第2期)の運用状況の予想と決算値との差異に関するお知らせ.pdf
   ✅ 保存: 509A_1953_I-Gライト・再エネ_ブルースカイエナジー株式会社によるグリーンライト・再エネインフラ投資法人(コード番号_509A)投資口の取得に関するお知らせ.pdf
   ✅ 保存: 509A_1951_I-Gライト・再エネ_サポート契約に関するお知らせ.pdf
   ✅ 保存: 509A_1950_I-Gライト・再エネ_2026年5月期 決算短信(インフラファンド).pdf
   ✅ 保存: 509A_1950_I-Gライト・再エネ_2026年5月期 決算説明資料(インフラファンド).pdf
   ✅ 保存: 414A_1900_G-オーバーラップ_(訂正・数値データ訂正)「2026年8月期 第3四半期決算短信〔IFRS〕(連結)」の一部訂正について.pdf
   ✅ 保存: 1926_1800_ライト工_自己株式の取得状況及び取得終了に関するお知らせ.pdf
   ✅ 保存: 2164_1800_地域新聞社_株主による新株予約権無償割当て差止めの仮処分の申立てに関するお知らせ.pdf
   ✅ 保存: 2980_1800_SREHD_譲渡制限付株式報酬としての新株式の払込完了に関するお知らせ.pdf
   ✅ 保存: 9941_1800_太洋物産_2026年9月期 6月度 月次業績(売上高)速報.pdf
   ✅ 保存: 3865_1740_北越コーポレーション_ストックオプション(新株予約権)の払込金額決定のお知らせ.pdf
   ✅ 保存: 6085_1740_G-アーキテクツSJ_上場維持基準(流通株式比率、純資産基準)への適合に向けた計画に基づく進捗について.pdf
   ✅ 保存: 477A_1730_G-スタートライン_(訂正・数値データ訂正)「2026年3月期 決算短信〔日本基準〕(非連結)」の一部訂正のお知らせ.pdf
   ✅ 保存: 7076_1710_名南M&A_連結子会社の吸収合併(簡易合併・略式合併)及び債権放棄に関するお知らせ.pdf
   ✅ 保存: 3282_1700_R-コンフォリア_新投資口発行及び投資口売出しに係る価格等の決定に関するお知らせ.pdf
   ✅ 保存: 3927_1700_フーバーブレイン_株式報酬型ストック・オプション(新株予約権)の発行内容確定に関するお知らせ.pdf
   ✅ 保存: 3946_1700_トーモク_株主優待制度の新設及び特別記念優待に関するお知らせ.pdf
   ✅ 保存: 4755_1700_楽天グループ_当社子会社取締役並びに当社及び当社子会社の執行役員及び従業員に対するストックオプション(新株予約権)の付与について.pdf
   ✅ 保存: 549A_1700_ヒトトヒトHD_株式取得(子会社化)に関するお知らせ.pdf
   ✅ 保存: 549A_1700_ヒトトヒトHD_株式取得(子会社化)に関するお知らせ 補足説明資料.pdf
   ✅ 保存: 549A_1700_ヒトトヒトHD_株式取得(子会社化)資金の借入に関するお知らせ.pdf
   ✅ 保存: 6325_1700_タカキタ_関連会社の異動(出資持分譲渡)に関するお知らせ.pdf
   ✅ 保存: 7087_1700_ウイルテック_譲渡制限付株式報酬及び業績連動型株式報酬としての自己株式の処分の払込完了に関するお知らせ.pdf
   ✅ 保存: 8088_1700_岩谷産_譲渡制限付株式報酬としての自己株式の処分の払込完了に関するお知らせ.pdf
   ✅ 保存: 9686_1700_東洋テック_譲渡制限付株式報酬としての自己株式の処分の払込完了に関するお知らせ.pdf
   ✅ 保存: 5194_1645_相模ゴム_指名・報酬委員会の設置に関するお知らせ.pdf
   ✅ 保存: 3279_1630_R-API_2026年5月期決算短信(REIT).pdf
   ✅ 保存: 4483_1630_JMDC_募集新株予約権(ストック・オプション)の発行内容確定に関するお知らせ.pdf
   ✅ 保存: 7746_1630_岡本硝子_行使価額修正条項付新株予約権の大量行使に関するお知らせ.pdf
   ✅ 保存: 9388_1630_Q-パパネッツ_自己株式の立会外買付取引による買付けの実施に関するお知らせ.pdf
   ✅ 保存: 9850_1630_グルメ杵屋_第2回募集新株予約権(有償ストック・オプション)の発行に関するお知らせ.pdf
   ✅ 保存: 3640_1600_電算_譲渡制限付株式報酬としての自己株式の処分に関するお知らせ.pdf
   ✅ 保存: 3848_1600_データアプリ_譲渡制限付株式報酬としての自己株式処分に関するお知らせ.pdf
   ✅ 保存: 4231_1600_タイガーポリ_自己株式の取得状況及び取得終了に関するお知らせ.pdf
   ✅ 保存: 4923_1600_COTA_2026年3月期決算発表日に関するお知らせ.pdf
   ✅ 保存: 4923_1600_COTA_2027年3月期第1四半期決算短信の開示が四半期末後45日を超えることに関するお知らせ.pdf
   ✅ 保存: 5161_1600_西川ゴム_取締役および執行役員に対する株式報酬としての自己株式処分に関するお知らせ.pdf
   ✅ 保存: 5337_1600_ダントーHD_上場維持基準への適合に関するお知らせ.pdf
   ✅ 保存: 5572_1600_G-リッジアイ_(開示事項の経過)連結子会社の異動(株式譲渡)完了に関するお知らせ.pdf
   ✅ 保存: 562A_1600_P-寶結_重要な使用人の異動および取締役の役職の変更に関するお知らせ.pdf
   ✅ 保存: 6088_1600_シグマクシスHD_譲渡制限付株式報酬としての自己株式の処分の払込完了に関するお知らせ.pdf
   ✅ 保存: 6469_1600_放電精密_取締役の辞任に関するお知らせ.pdf
   ✅ 保存: 6736_1600_サン電子_臨時株主総会招集のための基準日設定及び臨時株主総会開催並びに付議議案に関するお知らせ.pdf
   ✅ 保存: 6867_1600_リーダ電子_譲渡制限付株式報酬としての自己株式の処分に関するお知らせ.pdf
   ✅ 保存: 6946_1600_日アビオ_取締役(監査等委員である取締役を除く。)及び執行役員に対する譲渡制限付株式としての自己株式処分の払込完了に関するお知らせ.pdf
   ✅ 保存: 7345_1600_G-アイパートナーズ_譲渡制限付株式報酬としての自己株式の処分の払込完了に関するお知らせ.pdf
   ✅ 保存: 7359_1600_G-東京通信G_株主価値向上に向けた資本政策及び主要株主である筆頭株主の保有方針について.pdf
   ✅ 保存: 7725_1600_インターアクション_2026年5月期決算説明会資料(スピーチ原稿付き).pdf
   ✅ 保存: 7725_1600_インターアクション_2026年5月期決算説明会 質疑応答(要旨).pdf
   ✅ 保存: 8105_1600_BitcoinJPN_(開示事項の経過)AIインフラ投資事業におけるファンド出資に係る参考評価に関するお知らせ.pdf
   ✅ 保存: 8105_1600_BitcoinJPN_第三者割当による第1回無担保転換社債型新株予約権付社債(転換価額修正条項付)及び第2回新株予約権(行使価額修正条項付)の発行に関するお知らせ.pdf
   ✅ 保存: 9037_1600_ハマキョウ_譲渡制限付株式報酬としての自己株式の処分の払込完了に関するお知らせ.pdf
   ✅ 保存: 9439_1600_MHグループ_第三者割当による新株式発行に係る払込の一部完了に関するお知らせ.pdf
   ✅ 保存: 9439_1600_MHグループ_子会社の設立に関するお知らせ.pdf
   ✅ 保存: 2819_1545_エバラ食品工業_譲渡制限付株式報酬としての自己株式の処分に関するお知らせ.pdf
   ✅ 保存: 3174_1540_ハピネス&D_主要株主である筆頭株主の異動に関するお知らせ.pdf
   ✅ 保存: 5990_1540_スーパーツール_2027年3月期第1四半期決算短信〔日本基準〕(連結).pdf
   ✅ 保存: 5990_1540_スーパーツール_特別損失(固定資産除売却損)の計上に関するお知らせ.pdf
   ✅ 保存: 8966_1540_R-平和RE_2026年5月期 決算短信(REIT).pdf
   ✅ 保存: 7317_1535_G-松屋R&D_当社株式の上場廃止に関するお知らせ.pdf
   ✅ 保存: 9612_1535_ラックランド_本社移転に伴う損失補償金の受領と特別損益等の発生に関するお知らせ.pdf
   ✅ 保存: 1981_1530_協和日成_譲渡制限付株式報酬としての自己株式の処分に関するお知らせ.pdf
   ✅ 保存: 2121_1530_MIXI_譲渡制限付株式報酬としての自己株式の処分の払込完了に関するお知らせ.pdf
   ✅ 保存: 2334_1530_G-イオレ_資金使途変更に関するお知らせ.pdf
   ✅ 保存: 2334_1530_G-イオレ_CBO就任に関するお知らせ.pdf
   ✅ 保存: 2433_1530_博報堂DY_譲渡制限付株式報酬としての自己株式の処分に関するお知らせ.pdf
   ✅ 保存: 2780_1530_コメ兵HD_株式の取得(子会社化)に関するお知らせ.pdf
   ✅ 保存: 278A_1530_G-テラドローン_第19回新株予約権(行使価額修正条項付)の 大量行使、行使の完了及び月間行使状況に関するお知らせ.pdf
   ✅ 保存: 278A_1530_G-テラドローン_第24回新株予約権(行使価額固定型)の行使に関するお知らせ.pdf
   ✅ 保存: 2985_1530_P-ファーストステジ_連結子会社における資金の借入に関するお知らせ.pdf
   ✅ 保存: 3135_1530_マーケットエンター_月次連結売上高(速報).pdf
   ✅ 保存: 3232_1530_三重交通GHD_譲渡制限付株式報酬としての自己株式の処分に関するお知らせ.pdf
   ✅ 保存: 3283_1530_R-プロロジ_2026年5月期決算短信(REIT).pdf
   ✅ 保存: 3283_1530_R-プロロジ_2026年5月期 決算説明資料.pdf
   ✅ 保存: 3283_1530_R-プロロジ_規約一部変更及び役員選任に関するお知らせ_.pdf
   ✅ 保存: 330A_1530_G-TalentX_自己株式の取得結果及び取得終了に関するお知らせ.pdf
   ✅ 保存: 3391_1530_ツルハHD_譲渡制限付株式報酬としての新株式の払込完了に関するお知らせ.pdf
   ✅ 保存: 3395_1530_サンマルクHD_譲渡制限付株式報酬としての自己株式の処分に関するお知らせ.pdf
   ✅ 保存: 3459_1530_R-サムティレジ_資金の借入れに関するお知らせ.pdf
   ✅ 保存: 3549_1530_クスリのアオキHD_定時株主総会の付議議案に関するお知らせ.pdf
   ✅ 保存: 3549_1530_クスリのアオキHD_新任取締役候補者、新任社外取締役候補者及び補欠監査役候補者の選任に関するお知らせ.pdf
   ✅ 保存: 4100_1530_戸田工_持分法適用関連会社の異動(株式譲渡)に関するお知らせ.pdf
   ✅ 保存: 4262_1530_G-ニフティライフ_譲渡制限付株式報酬としての自己株式処分に関するお知らせ.pdf
   ✅ 保存: 4381_1530_G-ビープラッツ_「AI課金」市場と当社事業戦略について~事業計画及び成長可能性に関する事項の補足説明~.pdf
   ✅ 保存: 4392_1530_FIG_プライム市場上場維持基準への適合に関するお知らせ.pdf
   ✅ 保存: 4426_1530_P-パスロジ_通期業績予想の修正に関するお知らせ.pdf
   ✅ 保存: 4426_1530_P-パスロジ_投資有価証券売却益(特別利益)及び投資有価証券売却損(特別損失)の発生に関するお知らせ.pdf
   ✅ 保存: 4568_1530_第一三共_譲渡制限付株式報酬としての自己株式の処分の払込完了に関するお知らせ.pdf
   ✅ 保存: 4978_1530_G-リプロセル_株式及び新株予約権発行プログラム設定契約に基づく第2回第三者割当による新株式及び第18回新株予約権の発行に係る払込完了に関するお知らせ.pdf
   ✅ 保存: 5244_1530_G-jig.jp_譲渡制限付株式報酬としての自己株式の処分に関するお知らせ.pdf
   ✅ 保存: 542A_1530_G-ビタブリッドJ_株主優待制度の導入に関するお知らせ.pdf
   ✅ 保存: 5580_1530_G-プロディライト_当社主要KPI(2026年6月度)に関するお知らせ.pdf
   ✅ 保存: 5644_1530_メタルアート_Gerbera holdings株式会社による株式会社メタルアートの普通株式に対する公開買付けに係る買付条件等の変更についての考え方に関するお知らせ.pdf
   ✅ 保存: 5644_1530_メタルアート_臨時株主総会招集のための基準日設定に関するお知らせ.pdf
   ...Page 002 を確認中
   ✅ 保存: 6103_1530_オークマ_譲渡制限付株式報酬としての自己株式の処分に関するお知らせ.pdf
   ✅ 保存: 6189_1530_グローバルキッズC_完全子会社間の吸収合併に関するお知らせ.pdf
   ✅ 保存: 6545_1530_G-IIF_取締役等に対する譲渡制限付株式報酬としての自己株式処分の払込完了に関するお知らせ.pdf
   ✅ 保存: 6579_1530_G-ログリー_第20回定時株主総会の継続会の開催日等に関するお知らせ.pdf
   ✅ 保存: 6730_1530_アクセル_取締役及び従業員に対する譲渡制限付株式報酬としての自己株式の処分に関するお知らせ.pdf
   ✅ 保存: 6952_1530_カシオ計_当社及び当社子会社に対する損害賠償請求訴訟の終結に関するお知らせ.pdf
   ✅ 保存: 7077_1530_G-ALiNK_株主優待の一部内容変更(優待品目の変更)に関するお知らせ.pdf
   ✅ 保存: 7097_1530_G-さくらさく_(訂正・数値データ訂正)「2026年7月期 第3四半期決算短信〔日本基準〕(連結)」の一部訂正に関するお知らせ.pdf
   ✅ 保存: 7097_1530_G-さくらさく_(訂正)「2026年7月期 第3四半期決算説明資料」の一部訂正について.pdf
   ✅ 保存: 7501_1530_ティムコ_臨時株主総会開催日時及び場所、付議議案の決定並びに取締役等の異動に関するお知らせ.pdf
   ✅ 保存: 7501_1530_ティムコ_中国子会社の設立に関するお知らせ.pdf
   ✅ 保存: 7516_1530_コーナン商_第三者割当による自己株式処分の払込完了に関するお知らせ.pdf
   ✅ 保存: 7640_1530_トップカルチャ_創立40周年記念株主優待の実施に関するお知らせ.pdf
   ✅ 保存: 7702_1530_JMS_譲渡制限付株式報酬としての自己株式の処分に関するお知らせ.pdf
   ✅ 保存: 7808_1530_CSランバー_2026年5月期 決算短信〔日本基準〕(連結).pdf
   ✅ 保存: 7875_1530_竹田iP_譲渡制限付株式報酬としての自己株式の処分に関するお知らせ.pdf
   ✅ 保存: 8613_1530_丸三証_2027年3月期 第1四半期 決算速報値に関するお知らせ.pdf
   ✅ 保存: 8972_1530_R-KDX不動産_資産運用会社における組織の変更及び社内規程(運用ガイドライン・パイプライン会議規程)の変更に関するお知らせ.pdf
   ✅ 保存: 8977_1530_R-阪急阪神_2026年5月期 決算短信(REIT).pdf
   ✅ 保存: 8977_1530_R-阪急阪神_2026年5月期 決算説明会資料.pdf
   ✅ 保存: 8977_1530_R-阪急阪神_国内不動産信託受益権の取得に関するお知らせ.pdf
   ✅ 保存: 8977_1530_R-阪急阪神_規約の変更及び役員の選任に関するお知らせ.pdf
   ✅ 保存: 9064_1530_ヤマトHD_「企業価値向上委員会」の設置に関するお知らせ.pdf
   ✅ 保存: 9163_1530_G-ナレルグループ_2026年6月度 KPIのお知らせ.pdf
   ✅ 保存: 9780_1530_ハリマビステム_譲渡制限付株式報酬としての自己株式の処分に関するお知らせ.pdf
   ✅ 保存: 9955_1530_ヨンキュウ_譲渡制限付株式報酬としての新株式の払込完了に関するお知らせ.pdf
   ✅ 保存: 3450_1500_P-サトウ産業_TOKYO PRO Marketにおける当社株式の上場廃止申請に関するお知らせ.pdf
   ✅ 保存: 4543_1500_テルモ_譲渡制限付株式報酬としての自己株式の処分に関するお知らせ.pdf
   ✅ 保存: 4543_1500_テルモ_ストックオプション(新株予約権)の発行に関するお知らせ.pdf
   ✅ 保存: 5528_1500_P-フロンティアHS_資金の借入に関するお知らせ.pdf
   ✅ 保存: 6145_1500_NITTOKU_譲渡制限付株式報酬としての自己株式の処分の払込完了に関するお知らせ.pdf
   ✅ 保存: 6226_1500_守谷輸送機工業_譲渡制限付株式報酬としての自己株式の処分に関するお知らせ.pdf
   ✅ 保存: 7979_1500_松風_(開示事項の経過)投資有価証券売却益(特別利益)の計上に関するお知らせ.pdf
   ✅ 保存: 8747_1500_豊トラスティ証券_連結総資産の減少に関するお知らせ.pdf
   ✅ 保存: 9042_1500_阪急阪神_自己株式の取得状況及び取得終了に関するお知らせ.pdf
   ✅ 保存: 9303_1500_住友倉_譲渡制限付株式報酬としての自己株式の処分の払込完了に関するお知らせ.pdf
   ✅ 保存: 9322_1500_川西倉庫_(訂正)「子会社の異動を伴う株式取得及び特定子会社の異動に関するお知らせ」の一部訂正について.pdf
   ✅ 保存: 7966_1430_リンテック_譲渡制限付株式報酬としての自己株式の処分に関するお知らせ.pdf
   ✅ 保存: 3447_1400_信和_株主優待制度(信和プレミアム優待倶楽部)の優待商品拡充に関するお知らせ.pdf
   ✅ 保存: 205A_1300_G-ロゴスHD_アエラホームへの民事再生支援に関するスポンサー契約締結のお知らせ.pdf
   ✅ 保存: 317A_1300_P-SMSDTech_自己株式立会外買付取引(ToSTNeT-3)による自己株式の取得結果及び自己株式取得終了に関するお知らせ.pdf
   ✅ 保存: 3245_1230_ディア・ライフ_収益不動産の取得に関するお知らせ.pdf
   ✅ 保存: 4809_1230_パラカ_固定資産の譲渡及び特別利益の計上に関するお知らせ.pdf
   ✅ 保存: 4809_1230_パラカ_通期業績予想の修正及び配当予想の修正(増配)に関するお知らせ.pdf
   ✅ 保存: 7273_1230_イクヨ_株主優待制度(ビットコイン提供)の詳細決定に関するお知らせ.pdf
   ✅ 保存: 8713_1230_フィデアHD_譲渡制限付株式報酬としての自己株式の処分に関するお知らせ.pdf
   ✅ 保存: 587A_1220_E-インベスコQQQ_インベスコQQQトラスト シリーズ1 に関する日々の開示事項.pdf
   ✅ 保存: 4889_1200_G-レナサイエンス_よくあるご質問と回答.pdf
   ✅ 保存: 6180_1200_G-GMOメディア_自己株式の取得状況および取得終了に関するお知らせ.pdf
   ✅ 保存: 8624_1200_いちよし_2027年3月期第1四半期連結決算速報値に関するお知らせ.pdf
   ✅ 保存: 1326_1140_E-ワールド_SPDRゴールド・シェアに関する日々の開示事項.pdf
   ✅ 保存: 3077_1140_ホリイフード_2026年11月期第2四半期決算説明会資料.pdf
   ✅ 保存: 2370_1130_G-MDNT_社外取締役の逝去および退任に関するお知らせ.pdf
   ✅ 保存: 3547_1100_ユニシアHD_2026年11月期 第2四半期決算補足説明資料.pdf
   ✅ 保存: 2683_1000_魚喜_事業譲受に関するお知らせ.pdf
   ✅ 保存: 3036_1000_アルコニックス_(訂正)「譲渡制限付株式報酬としての新株式の発行に関するお知らせ」の一部訂正について.pdf
   ✅ 保存: 5013_1000_ユシロ_自己株式の取得状況および取得終了に関するお知らせ.pdf
   ✅ 保存: 5598_1000_P-Yottavia_自己株式立会外買付取引(ToSTNeT-3)による自己株式の取得結果及び取得終了に関するお知らせ.pdf
   ✅ 保存: 9424_1000_日本通信_譲渡制限付株式報酬としての新株発行に関するお知らせ.pdf
   ✅ 保存: 2871_0905_ニチレイ_当社グループでのシステム障害発生について.pdf
   ✅ 保存: 6521_0830_G-オキサイド_2027年2月期第1四半期 決算説明会の質疑応答(要旨)について.pdf
   ...Page 003 を確認中
   📝 一覧CSV保存: TDnet_Sorted_20260716.csv
   📝 一覧CSV保存（ルート）: TDnet_Sorted_20260716.csv
   📊 日別統計: page_access=3, pdf_success=155, excluded=14

============================================================
✅ ①完了（範囲取得）
   期間: 20260716 ～ 20260716 （mode=day）
   一覧ページアクセス合計: 3
   PDFダウンロード成功合計: 155
   除外件数合計: 14
   保存ルート: G:\マイドライブ\TDnet_Downloads

$ C:\Users\onok\AppData\Local\Python\pythoncore-3.14-64\python.exe -u ②a②bは２つフリーワード検索.py analyze --target 20260716 --save-root G:\マイドライブ\TDnet_Downloads --keywords 価格交渉 増産 価格改定 価格転嫁 値上 想定以上 上方修正 下方修正 想定以下 未達 大幅 計画を上 計画を下 計画以 需要回復 需要の回復 需要が増 需要が低 悪化 グローバルニッチトップ トップシェア シェア拡大 レアアース
ルート: G:\マイドライブ\TDnet_Downloads
対象指定: 20260716 mode= day from= 20260716 to= 20260716
対象フォルダ数: 1
検索キーワード: ['価格交渉', '増産', '価格改定', '価格転嫁', '値上', '想定以上', '上方修正', '下方修正', '想定以下', '未達', '大幅', '計画を上', '計画を下', '計画以', '需要回復', '需要の回復', '需要が増', '需要が低', '悪化', 'グローバルニッチトップ', 'トップシェア', 'シェア拡大', 'レアアース']
総PDF数（推定）: 155
[1/1] 日付フォルダ 20260716 を処理中... (このフォルダ内PDF数: 155)
  進捗: 50/155 件のPDFを解析済み
  進捗: 100/155 件のPDFを解析済み
  進捗: 150/155 件のPDFを解析済み
  進捗: 155/155 件のPDFを解析済み
  → 日付フォルダ 20260716 のヒットPDF数: 12

✅ ②A 完了（解析専用・キーワード別ページ列）
解析PDF数: 155
ヒットPDF数: 12
出力CSV: Analysis_Hits_free_word_20260716.csv
保存先: G:\マイドライブ\TDnet_Downloads

$ C:\Users\onok\AppData\Local\Python\pythoncore-3.14-64\python.exe -u ②a②bは２つフリーワード検索.py distribute --target 20260716 --save-root G:\マイドライブ\TDnet_Downloads --no-stop-on-empty-meta

✅ ②B 完了（配布用CSV作成・キーワード別ページ列）
出力: PDF_Search_Result_Distribution_free_word_20260716_sh.csv
キーワード列: ['価格交渉', '増産', '価格改定', '価格転嫁', '値上', '想定以上', '上方修正', '下方修正', '想定以下', '未達', '大幅', '計画を上', '計画を下', '計画以', '需要回復', '需要の回復', '需要が増', '需要が低', '悪化', 'グローバルニッチトップ', 'トップシェア', 'シェア拡大', 'レアアース']
突合除外件数: 0
空欄アラート件数: 0

============================================
 Done: 2026-07-16 23:04:01
============================================
