============================================
 TDnet auto run: 20260602
 Start: 2026-06-02 23:00:01
============================================

$ C:\Users\onok\AppData\Local\Python\pythoncore-3.14-64\python.exe -u ①_tdnetアクセスしてダウンロードする処理（月日付別フォルダ保存）.py --target 20260602 --save-root G:\マイドライブ\TDnet_Downloads
🎯 対象指定: 20260602（mode=day, from=20260602, to=20260602）
📁 保存ルート: G:\マイドライブ\TDnet_Downloads

============================================================
📅 日付: 20260602 を処理します
   ...Page 001 を確認中
   ✅ 保存: 1926_1800_ライト工_自己株式の取得状況に関するお知らせ.pdf
   ✅ 保存: 4095_1730_日パーカライ_自己株式立会外買付取引(ToSTNeT-3)による自己株式の買付けに関するお知らせ.pdf
   ✅ 保存: 1447_1700_G-SAAFHD_(開示事項の経過)当社取締役による地位確認仮処分命令決定に関するお知らせ.pdf
   ✅ 保存: 2335_1700_キューブシステム_株式会社システムクリエイトとの資本業務提携に関するお知らせ.pdf
   ✅ 保存: 2927_1700_AFC-HD_連結子会社株式会社さいか屋の当社保有不動産の潜在価値の顕在化と資本効率向上に向けた取組について.pdf
   ✅ 保存: 7091_1700_G-LPF_剰余金配当に関するお知らせ.pdf
   ✅ 保存: 8254_1700_さいか屋_当社保有不動産の潜在価値の顕在化と資本効率向上に向けた取組について.pdf
   ✅ 保存: 9286_1700_I-エネクスインフラ_(変更)貸付基本合意書の変更に伴うコミットメントライン契約の締結及び既存借入金の一部の返済期限延長のための個別貸付契約変更覚書の締結に関するお.pdf
   ✅ 保存: 4496_1630_G-コマースワン_自己株式の取得状況に関するお知らせ.pdf
   ✅ 保存: 2134_1615_キタハマキャピタル_第34期定時株主総会開催及び付議議案(資本金及び資本準備金の額の減少並びに剰余金の処分・取締役選任・監査役選任・会計監査人選任他)に関するお知ら.pdf
   ✅ 保存: 2134_1615_キタハマキャピタル_公認会計士等の異動に関するお知らせ.pdf
   ✅ 保存: 2134_1615_キタハマキャピタル_(訂正)営業外損益、特別損益及び法人税等調整額の計上並びに通期業績予想と実績の差異に関するお知らせ.pdf
   ✅ 保存: 2134_1615_キタハマキャピタル_(訂正・数値データ訂正)「2026年3月期決算短信〔日本基準〕(連結)」の一部訂正に関するお知らせ.pdf
   ✅ 保存: 136A_1600_P-三興商事_TOKYO PRO Marketにおける当社株式の上場廃止申請及び株式会社佐渡島への全株式譲渡(完全子会社化)のお知らせ.pdf
   ✅ 保存: 1871_1600_ピーエス_2026年3月期決算説明会資料.pdf
   ✅ 保存: 2146_1600_UTグループ_自己株式の取得状況に関するお知らせ.pdf
   ✅ 保存: 2146_1600_UTグループ_当社取締役会の実効性に関する評価結果の概要について.pdf
   ✅ 保存: 2270_1600_雪印メグ_自己株式の取得状況に関するお知らせ (会社法第 165 条第2項の規定による定款の定めに基づく自己株式の取得).pdf
   ✅ 保存: 3077_1600_ホリイフード_(開示事項の経過)連結子会社の固定資産譲渡に関するお知らせ.pdf
   ✅ 保存: 3175_1600_APHD_(訂正)「第三者割当による普通株式及び優先株式の発行、定款の一部変更並びに資本金等の額の減少に関するお知らせ」の一部訂正について.pdf
   ✅ 保存: 3443_1600_川田TECH_自己株式の取得枠設定に関するお知らせ.pdf
   ✅ 保存: 3521_1600_テルマー湯HD_(訂正・数値データ訂正)「2026 年3月期 決算短信〔日本基準〕(連結)」の一部訂正について.pdf
   ✅ 保存: 3566_1600_G-ユニネク_2026年12月期5月度 月次業績速報.pdf
   ✅ 保存: 3719_1600_AIストーム_第三者割当による第10回新株予約権の大量行使に関するお知らせ.pdf
   ✅ 保存: 3750_1600_ADR120S_再生医療関連サービス「NeoCella(ネオセラ)」提供開始に関するお知らせ.pdf
   ✅ 保存: 4046_1600_大阪ソーダ_自己株式の取得状況に関するお知らせ.pdf
   ✅ 保存: 5022_1600_P-レボインター_定款の一部変更に関するお知らせ.pdf
   ✅ 保存: 5022_1600_P-レボインター_ストック・オプション(新株予約権)の権利行使の条件の一部変更に関するお知らせ.pdf
   ✅ 保存: 5022_1600_P-レボインター_第27期定時株主総会の継続会の開催方針に関するお知らせ.pdf
   ✅ 保存: 5998_1600_アドバネクス_(訂正)「通期連結業績の予想値と実績値との差異及び個別業績の前期実績と実績値の差異、並びに特別損失(個別)の計上に関するお知らせ」の一部訂正のお知らせ.pdf
   ✅ 保存: 5998_1600_アドバネクス_(訂正・数値データ訂正)「2026年3月期決算短信〔日本基準〕(連結)」の一部訂正について.pdf
   ✅ 保存: 6013_1600_タクマ_自己株式の取得状況に関するお知らせ.pdf
   ✅ 保存: 6198_1600_G-キャリア_自己株式取得状況に関するお知らせ.pdf
   ✅ 保存: 6464_1600_ツバキ・ナカシマ_組織変更に伴う人員削減等の合理化による損失計上について.pdf
   ✅ 保存: 7013_1600_IHI_当社連結子会社 株式会社IHIエアロスペースに対する競争参加資格停止処分について.pdf
   ✅ 保存: 9433_1600_KDDI_東京証券取引所への「改善報告書」の提出に関するお知らせ.pdf
   ✅ 保存: 2181_1535_パーソルHD_公正取引委員会による当社子会社への立入検査について.pdf
   ✅ 保存: 4488_1535_G-AIinside_定款一部変更のお知らせ.pdf
   ✅ 保存: 9612_1535_ラックランド_執行役員及びフェローの担当変更に関するお知らせ.pdf
   ✅ 保存: 1944_1530_きんでん_自己株式の公開買付けの結果及び取得終了に関するお知らせ.pdf
   ✅ 保存: 2181_1530_パーソルHD_第18期有価証券報告書の定時株主総会前開示について.pdf
   ✅ 保存: 2206_1530_グリコ_自己株式の取得状況に関するお知らせ.pdf
   ✅ 保存: 2207_1530_meito_自己株式の取得状況に関するお知らせ.pdf
   ✅ 保存: 2229_1530_カルビー_一括取得型自己株式取得(Accelerated Share Repurchase)における調整取引完了のお知らせ.pdf
   ✅ 保存: 2579_1530_コカ・コーラBJH_自己株式の取得状況に関するお知らせ.pdf
   ✅ 保存: 2670_1530_ABCマート_2027年2月期 5月度概況について [国内].pdf
   ✅ 保存: 2685_1530_アンドエスティHD_月次売上高前年比に関するお知らせ.pdf
   ✅ 保存: 2778_1530_パレモ・HD_自己株式の取得状況に関するお知らせ.pdf
   ✅ 保存: 2802_1530_味の素_自己株式の取得状況に関するお知らせ.pdf
   ✅ 保存: 2818_1530_ピエトロ_(訂正・数値データ訂正)「2026年3月期 決算短信〔日本基準〕(連結)」の一部訂正について.pdf
   ✅ 保存: 2980_1530_SREHD_支配株主等に関する事項について.pdf
   ✅ 保存: 2985_1530_P-ファーストステジ_取締役候補者の選任に関するお知らせ.pdf
   ✅ 保存: 2985_1530_P-ファーストステジ_東京証券取引所TOKYO PRO Marketへの上場目的の開示.pdf
   ✅ 保存: 3415_1530_トウキョウベース_【27年1月期】2026年5月度月次売上速報.pdf
   ✅ 保存: 3448_1530_P-清鋼材_定款一部変更に関するお知らせについて.pdf
   ✅ 保存: 3793_1530_G-ドリコム_自己株式の取得状況に関するお知らせ(2026年5月度).pdf
   ✅ 保存: 3934_1530_ベネフィットジャパン_支配株主等に関する事項について.pdf
   ✅ 保存: 3983_1530_オロ_自己株式の取得状況に関するお知らせ.pdf
   ✅ 保存: 3984_1530_ユーザーローカル_自己株式の取得状況に関するお知らせ.pdf
   ✅ 保存: 4021_1530_日産化_自己株式の取得状況に関するお知らせ.pdf
   ✅ 保存: 4074_1530_G-ラキール_自己株式の取得状況に関するお知らせ.pdf
   ✅ 保存: 4307_1530_NRI_自己株式の取得状況及び取得終了に関するお知らせ.pdf
   ✅ 保存: 4417_1530_G-グローバルセキュ_自己株式の取得状況に関するお知らせ.pdf
   ✅ 保存: 4493_1530_G-サイバーセキュリ_自己株式の取得状況に関するお知らせ.pdf
   ✅ 保存: 4579_1530_G-ラクオリア創薬_理化学研究所との共同研究契約締結に関するお知らせ.pdf
   ✅ 保存: 4750_1530_ダイサン_2026年4月期 決算短信[日本基準](連結).pdf
   ✅ 保存: 4750_1530_ダイサン_2026年4月期 決算補足説明資料.pdf
   ✅ 保存: 4750_1530_ダイサン_2026年4月期 連結業績予想値と実績値との差異に関するお知らせ.pdf
   ✅ 保存: 4750_1530_ダイサン_定款の一部変更に関するお知らせ.pdf
   ✅ 保存: 5076_1530_インフロニアHD_インフロニア・ホールディングス株式会社の子会社(三井住友建設株式会社)による三井住建道路株式会社の完全子会社化について.pdf
   ✅ 保存: 5108_1530_ブリヂス_自己株式の取得状況に関するお知らせ.pdf
   ✅ 保存: 5707_1530_東邦鉛_定款一部変更に関するお知らせ.pdf
   ✅ 保存: 6037_1530_楽待_自己株式の取得状況に関するお知らせ.pdf
   ✅ 保存: 6050_1530_Eガーディアン_2026年9月期第2四半期決算及び株式会社アウトソーシングコミュニケーションズの完全子会社化に関するQ&A公開のお知らせ.pdf
   ✅ 保存: 6082_1530_ライドオンEXHD_連結子会社からの配当金受領に関するお知らせ.pdf
   ✅ 保存: 6090_1530_HMT_自己株式の取得状況に関するお知らせ.pdf
   ✅ 保存: 6240_1530_ヤマシンフィルタ_自己株式の取得状況及び取得終了に関するお知らせ.pdf
   ✅ 保存: 6335_1530_東京機_自己株式の取得状況に関するお知らせ.pdf
   ✅ 保存: 6465_1530_ホシザキ_自己株式の取得状況に関するお知らせ.pdf
   ✅ 保存: 6501_1530_日立_自己株式の取得状況に関するお知らせ(会社法第459条第1項の規定による定款の定めに基づく自己株式の取得).pdf
   ✅ 保存: 6562_1530_G-ジーニー_監査役会設置会社への移行及び定款の一部変更に関するお知らせ.pdf
   ...Page 002 を確認中
   ✅ 保存: 6562_1530_G-ジーニー_連結子会社の吸収合併(簡易合併・略式合併)に関するお知らせ.pdf
   ✅ 保存: 6571_1530_キュービーネットHD_国内店舗売上高前年比(2026年5月)についてのお知らせ.pdf
   ✅ 保存: 6678_1530_テクノメディカ_株主優待制度の廃止に関するお知らせ.pdf
   ✅ 保存: 6678_1530_テクノメディカ_会計監査人の異動に関するお知らせ.pdf
   ✅ 保存: 6744_1530_能美防災_支配株主等に関する事項について.pdf
   ✅ 保存: 6810_1530_マクセル_(訂正・数値データ訂正)「2026年3月期決算短信[日本基準](連結)」の一部訂正に関するお知らせ.pdf
   ✅ 保存: 6869_1530_シスメックス_自己株式の取得状況に関するお知らせ.pdf
   ✅ 保存: 6902_1530_デンソー_自己株式の公開買付けの結果及び自己株式の取得終了に関するお知らせ.pdf
   ✅ 保存: 7031_1530_G-インバウンド_(再訂正)「簡易株式交付による株式会社FWの子会社化及び子会社の異動に関するお知らせ」の一部訂正について.pdf
   ✅ 保存: 7047_1530_G-ポート_投資家Q&A(2026年5月).pdf
   ✅ 保存: 7167_1530_めぶきFG_(訂正)「2025年度 決算概要」の一部訂正について.pdf
   ✅ 保存: 7259_1530_アイシン_自己株式の公開買付けの結果に関するお知らせ.pdf
   ✅ 保存: 7318_1530_G-セレンディップ_(訂正)「2026年3月期 決算短信補足資料および決算説明資料」の一部訂正に関するお知らせ.pdf
   ✅ 保存: 7370_1530_G-Enjin_自己株式の取得状況に関するお知らせ.pdf
   ✅ 保存: 7472_1530_鳥羽洋行_従業員インセンティブ・プランの継続に伴う自己株式処分の払込完了に関するお知らせ.pdf
   ✅ 保存: 7545_1530_西松屋チェ_従業員に対するストックオプション(新株予約権)の発行内容確定に関するお知らせ.pdf
   ✅ 保存: 7606_1530_Uアローズ_2026年5月度月次売上概況(速報).pdf
   ✅ 保存: 7625_1530_Gダイニング_月次売上速報(2026年5月度).pdf
   ✅ 保存: 7640_1530_トップカルチャ_2026年10月期5月度月次売上動向.pdf
   ✅ 保存: 8018_1530_三共生興_自己株式の取得状況に関するお知らせ(会社法165条第2項の規定による定款の定めに基づく自己株式の取得).pdf
   ✅ 保存: 8714_1530_池田泉州_2025年度 決算説明会(池田泉州ホールディングス 経営戦略について).pdf
   ✅ 保存: 8729_1530_ソニーFG_自己株式の取得状況に関するお知らせ.pdf
   ✅ 保存: 9006_1530_京急_自己株式の取得状況に関するお知らせ.pdf
   ✅ 保存: 9065_1530_山九_自己株式の取得状況に関するお知らせ.pdf
   ✅ 保存: 9147_1530_NXHD_自己株式の取得状況に関するお知らせ.pdf
   ✅ 保存: 9301_1530_三菱倉_自己株式の取得状況に関するお知らせ.pdf
   ✅ 保存: 9404_1530_日テレHD_投資有価証券売却益(特別利益)計上に関するお知らせ.pdf
   ✅ 保存: 9405_1530_朝日放送グループHD_自己株式の取得状況に関するお知らせ.pdf
   ✅ 保存: 9416_1530_ビジョン_自己株式の取得状況に関するお知らせ.pdf
   ✅ 保存: 9470_1530_学研HD_従業員持株会向け譲渡制限付株式インセンティブとしての自己株式の処分の払込完了及び内容確定に関するお知らせ.pdf
   ✅ 保存: 9503_1530_関西電力_株式会社きんでんによる自己株式の公開買付けへの応募結果について.pdf
   ✅ 保存: 9733_1530_ナガセ_代表取締役の異動に関するお知らせ.pdf
   ✅ 保存: 9880_1530_イノテック_自己株式の取得状況に関するお知らせ.pdf
   ✅ 保存: 9882_1530_イエローハット_自己株式の取得状況に関するお知らせ.pdf
   ✅ 保存: 9990_1530_サックスバーHD_(株)東京デリカの月次売上情報等のお知らせ.pdf
   ✅ 保存: 2659_1500_サンエー_自己株式の取得状況に関するお知らせ.pdf
   ✅ 保存: 5531_1500_P-エヌバイテクノ_TOKYO PRO Marketへの上場目的の開示について.pdf
   ✅ 保存: 6480_1500_日トムソン_自己株式の取得状況に関するお知らせ.pdf
   ✅ 保存: 7426_1500_山大_(訂正)「ナイス株式会社による当社株式に対する公開買付けに関する賛同の意見表明及び応募推奨のお知らせ」の一部訂正に関するお知らせ.pdf
   ✅ 保存: 2810_1430_ハウス食G_自己株式の取得状況に関するお知らせ.pdf
   ✅ 保存: 4008_1430_住友精化_自己株式の取得状況に関するお知らせ.pdf
   ✅ 保存: 8020_1430_兼松_2026年3月期通期決算説明会 質疑応答(要旨).pdf
   ✅ 保存: 3719_1400_AIストーム_特別目的会社(SPC)設立に関するお知らせ.pdf
   ✅ 保存: 6104_1400_芝浦機械_決算説明会資料(2026年3月期決算説明資料).pdf
   ✅ 保存: 6104_1400_芝浦機械_決算説明会資料(「中計2026」中計最終年度の対応について).pdf
   ✅ 保存: 6617_1400_東光高岳_自己株式の取得状況に関するお知らせ.pdf
   ✅ 保存: 8089_1400_ナイス_(訂正)「株式会社山大(証券コード_7426)に対する公開買付けの開始に関するお知らせ」の一部訂正について.pdf
   ✅ 保存: 8511_1400_日証金_自己株式の取得状況に関するお知らせ.pdf
   ✅ 保存: 9412_1400_スカパーJSAT_2026年5月末現在 加入件数について.pdf
   ✅ 保存: 9531_1400_東瓦斯_自己株式の取得状況に関するお知らせ.pdf
   ✅ 保存: 5445_1330_東京鉄_自己株式の取得状況に関するお知らせ (会社法第165条第2項の規定による定款の定めに基づく自己株式の取得).pdf
   ✅ 保存: 6101_1300_ツガミ_自己株式の取得状況に関するお知らせ.pdf
   ✅ 保存: 8032_1300_紙パル商_自己株式の取得状況及び取得終了に関するお知らせ.pdf
   ✅ 保存: 1326_1200_E-ワールド_SPDRゴールド・シェアに関する日々の開示事項.pdf
   ✅ 保存: 2488_1200_JTP_自己株式の取得状況に関するお知らせ.pdf
   ✅ 保存: 4659_1200_エイジス_株式併合、単元株式数の定めの廃止及び定款の一部変更に係る承認決議に関するお知らせ.pdf
   ✅ 保存: 7013_1200_IHI_「Investor Day」のプレゼンテーション資料について.pdf
   ✅ 保存: 8560_1200_宮崎太銀_自己株式の取得状況に関するお知らせ.pdf
   ✅ 保存: 8742_1200_小林洋行_2026年5月の月間売買実績(速報値)に関するお知らせ.pdf
   ✅ 保存: 4058_1130_G-トヨクモ_自己株式の取得状況及び取得終了に関するお知らせ.pdf
   ✅ 保存: 4578_1130_大塚HD_自己株式の取得状況に関するお知らせ.pdf
   ✅ 保存: 2185_1100_シイエム・シイ_自己株式の取得状況に関するお知らせ.pdf
   ✅ 保存: 5867_1100_G-エスネット_当社社員に対する譲渡制限付株式(RS)としての自己株式処分及び新株式発行の払込完了及び一部失権に関するお知らせ.pdf
   ✅ 保存: 6971_1100_京セラ_自己株式立会外買付取引(ToSTNeT-3)による自己株式の取得結果に関するお知らせ.pdf
   ✅ 保存: 4343_1030_イオンファン_(訂正)「2026年2月期第2四半期(中間期)決算補足資料」の一部訂正に関するお知らせ.pdf
   ✅ 保存: 9107_1010_川崎船_自己株式立会外買付取引(ToSTNeT-3)による自己株式の取得結果に関するお知らせ.pdf
   ✅ 保存: 5013_1000_ユシロ_自己株式の取得状況に関するお知らせ.pdf
   ✅ 保存: 6239_1000_ナガオカ_自己株式立会外買付取引(ToSTNeT-3)による自己株式の取得結果及び自己株式取得終了に関するお知らせ.pdf
   ✅ 保存: 6525_1000_KOKUSAI_自己株式の取得状況に関するお知らせ.pdf
   ✅ 保存: 9936_1000_王将フード_2026年5月 月次売上高(速報版).pdf
   ✅ 保存: 7839_0855_SHOEI_主要株主である筆頭株主の異動に関するお知らせ.pdf
   ✅ 保存: 7733_0845_オリンパス_(開示事項の経過)BioProtect Ltd.の株式の取得(子会社化)の完了に関するお知らせ.pdf
   ✅ 保存: 8174_0830_日瓦斯_(訂正)「自己株式の取得状況(途中経過)に関するお知らせ」の一部訂正について.pdf
   ✅ 保存: 4565_0800_ネクセラファーマ_デュシェンヌ型筋ジストロフィー治療薬vamoroloneについて韓国において迅速な患者アクセスを支援する重要な規制上の指定を取得.pdf
   ...Page 003 を確認中
   📝 一覧CSV保存: TDnet_Sorted_20260602.csv
   📝 一覧CSV保存（ルート）: TDnet_Sorted_20260602.csv
   📊 日別統計: page_access=3, pdf_success=155, excluded=30

============================================================
✅ ①完了（範囲取得）
   期間: 20260602 ～ 20260602 （mode=day）
   一覧ページアクセス合計: 3
   PDFダウンロード成功合計: 155
   除外件数合計: 30
   保存ルート: G:\マイドライブ\TDnet_Downloads

$ C:\Users\onok\AppData\Local\Python\pythoncore-3.14-64\python.exe -u ②a②bは２つフリーワード検索.py analyze --target 20260602 --save-root G:\マイドライブ\TDnet_Downloads --keywords 価格交渉 増産 価格改定 価格転嫁 値上 想定以上 上方修正 下方修正 想定以下 未達 大幅 計画を上 計画を下 計画以 需要回復 需要の回復 需要が増 需要が低 悪化 グローバルニッチトップ トップシェア シェア拡大 レアアース
ルート: G:\マイドライブ\TDnet_Downloads
対象指定: 20260602 mode= day from= 20260602 to= 20260602
対象フォルダ数: 1
検索キーワード: ['価格交渉', '増産', '価格改定', '価格転嫁', '値上', '想定以上', '上方修正', '下方修正', '想定以下', '未達', '大幅', '計画を上', '計画を下', '計画以', '需要回復', '需要の回復', '需要が増', '需要が低', '悪化', 'グローバルニッチトップ', 'トップシェア', 'シェア拡大', 'レアアース']
総PDF数（推定）: 155
[1/1] 日付フォルダ 20260602 を処理中... (このフォルダ内PDF数: 155)
  進捗: 50/155 件のPDFを解析済み
  進捗: 100/155 件のPDFを解析済み
  進捗: 150/155 件のPDFを解析済み
  進捗: 155/155 件のPDFを解析済み
  → 日付フォルダ 20260602 のヒットPDF数: 18

✅ ②A 完了（解析専用・キーワード別ページ列）
解析PDF数: 155
ヒットPDF数: 18
出力CSV: Analysis_Hits_free_word_20260602.csv
保存先: G:\マイドライブ\TDnet_Downloads

$ C:\Users\onok\AppData\Local\Python\pythoncore-3.14-64\python.exe -u ②a②bは２つフリーワード検索.py distribute --target 20260602 --save-root G:\マイドライブ\TDnet_Downloads --no-stop-on-empty-meta

✅ ②B 完了（配布用CSV作成・キーワード別ページ列）
出力: PDF_Search_Result_Distribution_free_word_20260602_sh.csv
キーワード列: ['価格交渉', '増産', '価格改定', '価格転嫁', '値上', '想定以上', '上方修正', '下方修正', '想定以下', '未達', '大幅', '計画を上', '計画を下', '計画以', '需要回復', '需要の回復', '需要が増', '需要が低', '悪化', 'グローバルニッチトップ', 'トップシェア', 'シェア拡大', 'レアアース']
突合除外件数: 0
空欄アラート件数: 0

============================================
 Done: 2026-06-02 23:03:03
============================================
