🎯 対象指定: 20260421（mode=day, from=20260421, to=20260421）
📁 保存ルート: G:\マイドライブ\TDnet_Downloads

============================================================
📅 日付: 20260421 を処理します
   ...Page 001 を確認中
   ✅ 保存: 3922_1900_PRTIMES_(訂正)「剰余金の配当に関するお知らせ」の一部訂正について.pdf
   ✅ 保存: 6543_1900_日宣_2026年2月期 決算説明資料及び新中期経営計画説明資料.pdf
   ✅ 保存: 9278_1835_ブックオフGHD_連結子会社間の会社分割(吸収分割)に関するお知らせ.pdf
   ✅ 保存: 218A_1830_G-リベラウェア_臨時株主総会招集のための基準日設定及び臨時株主総会の開催並びに資本金及び資本準備金の額の減少に関するお知らせ.pdf
   ✅ 保存: 6238_1810_フリュー_(訂正)「2026年3月度 月次概況(速報)のお知らせ」の一部訂正について.pdf
   ✅ 保存: 299A_1800_G-クラシル_監査等委員会設置会社への移行に関するお知らせ.pdf
   ✅ 保存: 4222_1800_児玉化_役員の異動に関するお知らせ.pdf
   ✅ 保存: 6516_1800_山洋電気_株主提案に関する書面受領のお知らせ.pdf
   ✅ 保存: 4956_1750_コニシ_(訂正)「監査等委員である取締役候補者に関するお知らせ」の一部訂正について.pdf
   ✅ 保存: 3391_1700_ツルハHD_当社取締役会の実効性に関する評価結果の概要のお知らせ.pdf
   ✅ 保存: 3486_1700_グローバルリンクM_譲渡制限付株式報酬としての自己株式の処分に関するお知らせ.pdf
   ✅ 保存: 4956_1700_コニシ_監査等委員である取締役候補者に関するお知らせ.pdf
   ✅ 保存: 6081_1700_G-アライドアーキ_第三者割当による新株式、行使価額修正条項付第22回新株予約権、行使価額修正条項付第23回新株予約権及び第24回新株予約権の発行に関するお知らせ.pdf
   ✅ 保存: 6081_1700_G-アライドアーキ_ファイナンスに関する補足説明資料.pdf
   ✅ 保存: 7444_1700_ハリマ共和物産_非上場の親会社等の決算に関するお知らせ.pdf
   ✅ 保存: 9327_1700_イー・ロジット_代表取締役の異動に関するお知らせ.pdf
   ✅ 保存: 265A_1645_G-エイチエムコム_【補足説明資料】Terry2 miniの提供開始およびAIプロダクト事業の強化に関するお知らせ.pdf
   ✅ 保存: 265A_1645_G-エイチエムコム_AIプロダクト事業の戦略的強化の一環としての「Terry2 mini」の提供開始に関するお知らせ.pdf
   ✅ 保存: 4885_1640_室町ケミカル_株式の立会外分売実施に関するお知らせ.pdf
   ✅ 保存: 4582_1635_G-シンバイオ製薬_第三者割当により発行された第66回新株予約権(行使価額修正条項付)の大量行使に関するお知らせ.pdf
   ✅ 保存: 2109_1630_DM三井製糖_関係会社貸倒引当金繰入額(個別)の計上に関するお知らせ.pdf
   ✅ 保存: 375A_1630_P-YAKHD_完全子会社によるRISE ON株式会社の株式の取得(子会社化)に関するお知らせ.pdf
   ✅ 保存: 5542_1630_新報国マテリアル_当社取締役等に対する譲渡制限付株式報酬としての自己株式処分に関するお知らせ.pdf
   ✅ 保存: 6276_1630_シリウスV_公益財団法人財務会計基礎機構への加入状況及び加入に関する考え方等に関するお知らせ.pdf
   ✅ 保存: 8783_1630_abc_フィジカルAIロボット事業部の新設に関するお知らせ.pdf
   ✅ 保存: 3933_1600_チエル_経営理念の改定に関するお知らせ.pdf
   ✅ 保存: 4493_1600_G-サイバーセキュリ_譲渡制限付株式報酬としての自己株式の処分に関するお知らせ.pdf
   ✅ 保存: 4746_1600_東計電算_支配株主等に関する事項について.pdf
   ✅ 保存: 5537_1600_G-AlbaLink_支配株主等に関する事項について.pdf
   ✅ 保存: 5757_1600_CKサンエツ_グループ会社の組織再編に関するお知らせ.pdf
   ✅ 保存: 5856_1600_エルアイイーエイチ_(開示事項の経過)元代表取締役に対する訴訟の判決に関するお知らせ.pdf
   ✅ 保存: 6081_1600_G-アライドアーキ_(訂正)「第三者割当による新株式発行に関する資金使途及び支出予定時期の変更について」の一部訂正に関するお知らせ.pdf
   ✅ 保存: 6091_1600_ウエスコHD_自己株式の取得状況および取得終了に関するお知らせ.pdf
   ✅ 保存: 6142_1600_富士精工_自己株式立会外買付取引(N-NET3)に係る取得価額総額の上限超過および是正措置に関するお知らせ.pdf
   ✅ 保存: 6238_1600_フリュー_2026年3月度 月次概況(速報)のお知らせ.pdf
   ✅ 保存: 6238_1600_フリュー_人事異動に関するお知らせ.pdf
   ✅ 保存: 6469_1600_放電精密_剰余金の配当に関するお知らせ.pdf
   ✅ 保存: 6750_1600_エレコム_期末配当予想の修正(40周年記念配当)に関するお知らせ.pdf
   ✅ 保存: 6758_1600_ソニーグループ_ソニー・ホンダモビリティの今後の事業の方向性について.pdf
   ✅ 保存: 7377_1600_DNホールディングス_子会社における臨時株主総会の延期(再招集)及び子会社における取締役候補者の選任の延期に関するお知らせ.pdf
   ✅ 保存: 8281_1600_ゼビオHD_役員の異動に関するお知らせ.pdf
   ✅ 保存: 9229_1600_サンウェルズ_(開示事項の変更)借入金の返済条件の変更及び資金使途の変更に関するお知らせ.pdf
   ✅ 保存: 4062_1540_イビデン_投資単位の引下げに関する考え方及び方針等について.pdf
   ✅ 保存: 2134_1530_キタハマキャピタル_資金使途の変更に関するお知らせ.pdf
   ✅ 保存: 2501_1530_サッポロHD_米国事業における資産譲渡および生産体制の見直しに伴う譲渡益ならびに減損損失の計上に関するお知らせ.pdf
   ✅ 保存: 3091_1530_ブロンコB_2026年12月期 第1四半期決算参考資料.pdf
   ✅ 保存: 3091_1530_ブロンコB_2026年12月期第1四半期決算短信〔日本基準〕(連結).pdf
   ✅ 保存: 3204_1530_トーア紡_譲渡制限付株式報酬としての自己株式処分の払込完了に関するお知らせ.pdf
   ✅ 保存: 3204_1530_トーア紡_当社及び当社子会社の管理職に対する譲渡制限付株式としての自己株式処分の払込完了に関するお知らせ.pdf
   ✅ 保存: 3271_1530_グロバル社_資金の借入に関するお知らせ.pdf
   ✅ 保存: 3386_1530_コスモ・バイオ_取締役に対する譲渡制限付株式としての自己株式処分の払込完了に関するお知らせ.pdf
   ✅ 保存: 339A_1530_G-プログレス_剰余金の配当に関するお知らせ.pdf
   ✅ 保存: 3440_1530_日創グループ_(数値データ訂正)「2026年8月期第1四半期決算短信〔日本基準〕(連結)」における数値データ(XBRL)の一部訂正について.pdf
   ✅ 保存: 353A_1530_エレコミ_株式の立会外分売に関するお知らせ.pdf
   ✅ 保存: 3612_1530_ワールド_譲渡制限付株式報酬制度の改定に関するお知らせ.pdf
   ✅ 保存: 3922_1530_PRTIMES_剰余金の配当に関するお知らせ.pdf
   ✅ 保存: 3922_1530_PRTIMES_取締役・監査役人事に関するお知らせ.pdf
   ✅ 保存: 3922_1530_PRTIMES_第21回定時株主総会の開催及び付議議案の決定に関するお知らせ.pdf
   ✅ 保存: 402A_1530_G-アクセルスペース_AxelLiner Laboratoryの提供に関する基本協定書をJAXAと締結.pdf
   ✅ 保存: 4293_1530_セプテーニHD_剰余金配当方針ならびに配当予想の修正に関するお知らせ.pdf
   ✅ 保存: 4293_1530_セプテーニHD_株主優待制度の導入に関するお知らせ.pdf
   ✅ 保存: 4487_1530_G-スペースマーケッ_支配株主等に関する事項.pdf
   ✅ 保存: 4684_1530_オービック_2026年3月期 決算短信〔日本基準〕(連結).pdf
   ✅ 保存: 4684_1530_オービック_自己株式取得に係る事項の決定及び自己株式の消却に関するお知らせ.pdf
   ✅ 保存: 4992_1530_北興化_当社の取締役等に対する業績連動型株式報酬制度の詳細決定に関するお知らせ.pdf
   ✅ 保存: 4992_1530_北興化_役員向け株式給付信託の導入に伴う第三者割当による自己株式処分に関するお知らせ.pdf
   ✅ 保存: 4992_1530_北興化_従業員持株会向け譲渡制限付株式インセンティブとしての自己株式の処分に関するお知らせ.pdf
   ✅ 保存: 5019_1530_出光興産_自己株式の消却に関するお知らせ.pdf
   ✅ 保存: 5026_1530_G-トリプルアイズ_トリプルアイズ 2026年8月期第2四半期決算 Q&Aに関するお知らせ.pdf
   ✅ 保存: 5541_1530_大平洋金_三陸沖を震源とする地震の影響について.pdf
   ✅ 保存: 5900_1530_ダイケン_剰余金の配当に関するお知らせ.pdf
   ✅ 保存: 6058_1530_ベクトル_株式会社AILESの株式取得(連結子会社化)に関するお知らせ.pdf
   ✅ 保存: 6083_1530_ERI HD_株式分割及び株式分割に伴う定款の一部変更に関するお知らせ.pdf
   ✅ 保存: 6093_1530_エスクローAJ_商号の変更、定款の一部変更及び連結子会社の商号変更に関するお知らせ.pdf
   ✅ 保存: 6328_1530_荏原実業_取締役および執行役員に対する譲渡制限付株式報酬としての自己株式の処分に関するお知らせ.pdf
   ✅ 保存: 6328_1530_荏原実業_従業員に対する譲渡制限付株式としての自己株式の処分に関するお知らせ.pdf
   ✅ 保存: 6346_1530_キクカワ_役員の異動に関するお知らせ.pdf
   ✅ 保存: 6501_1530_日立_取締役の退任および取締役候補者の一部変更について.pdf
   ✅ 保存: 7472_1530_鳥羽洋行_役員人事に関するお知らせ.pdf
   ✅ 保存: 7501_1530_ティムコ_堅果シナジ一投資事業有限責任組合による当社株式に対する 公開買付けに関する意見表明(留保)のお知らせ.pdf
   ✅ 保存: 7545_1530_西松屋チェ_2027年2月期売上高前年比速報(4月度).pdf
   ✅ 保存: 7803_1530_G-ブシロード_資金の借入に関するお知らせ.pdf
   ✅ 保存: 7859_1530_アルメディオ_特許取得のお知らせ.pdf
   ✅ 保存: 7877_1530_永大化工_剰余金の配当に関するお知らせ.pdf
   ✅ 保存: 8225_1530_タカチホ_(開示事項の経過)日本アジア投資株式会社との業務提携に基づくファンド出資に関するお知らせ.pdf
   ✅ 保存: 8518_1530_アジア投資_当社100%子会社の株式会社おみやげカンパニーHDの運営するおみやげファンド1号の増額方針の決定及び特定子会社の異動に関するお知らせ.pdf
   ✅ 保存: 8953_1530_R-都市ファンド_2026年2月期 決算短信(REIT).pdf
   ✅ 保存: 8953_1530_R-都市ファンド_投資主限定 7施設共通お買物券の配布に関するお知らせ(続報).pdf
   ✅ 保存: 8954_1530_R-オリックスF_2026年2月期 決算短信(REIT).pdf
   ✅ 保存: 8986_1530_R-大和証券リビング_国内不動産の譲渡(賃貸物件2物件)に関するお知らせ.pdf
   ✅ 保存: 9264_1530_ポエック_大型案件の受注に関するお知らせ.pdf
   ✅ 保存: 9740_1530_CSP_和解による損害賠償請求訴訟の解決に関するお知らせ.pdf
   ✅ 保存: 9763_1530_丸建リース_有限会社大地リースの株式取得(子会社化)完了に関するお知らせ (開示事項の経過報告).pdf
   ✅ 保存: 9793_1530_ダイセキ_(訂正・数値データ訂正)「2026年2月期 決算短信〔日本基準〕(連結)」の一部訂正について.pdf
   ✅ 保存: 4733_1500_OBC_2026年3月期 決算短信〔日本基準〕(非連結).pdf
   ✅ 保存: 4733_1500_OBC_支配株主等に関する事項について.pdf
   ✅ 保存: 4733_1500_OBC_投資単位の引下げに関する考え方及び方針について.pdf
   ✅ 保存: 7419_1500_ノジマ_日立グローバルライフソリューションズ株式会社が設立する新会社(名称未定)の 株式取得(子会社化)に関するお知らせ.pdf
   ✅ 保存: 8386_1500_百十四銀_業績予想及び配当予想の修正に関するお知らせ.pdf
   ✅ 保存: 6522_1430_G-アスタリスク_【アスタリスク】西鉄ストア全拠点における「AsReader GoMA」導入のお知らせ.pdf
   ...Page 002 を確認中
   ✅ 保存: 9245_1430_G-リベロ_当社子会社における不適切な資金流出および子会社代表取締役の解任に関するお知らせ.pdf
   ✅ 保存: 2903_1400_シノブフーズ_執行役員の異動のお知らせ.pdf
   ✅ 保存: 4042_1400_東ソー_連結業績予想の修正に関するお知らせ.pdf
   ✅ 保存: 6326_1400_クボタ_自己株式取得に係る事項の決定に関するお知らせ.pdf
   ✅ 保存: 6547_1400_グリーンズ_出店計画に関するお知らせ(神奈川県平塚市).pdf
   ✅ 保存: 8935_1400_FJネクストHD_通期連結業績予想及び期末配当予想の修正に関するお知らせ.pdf
   ✅ 保存: 2633_1300_S&P500ヘッジ無_NEXT FUNDS S&P 500 指数(為替ヘッジなし)連動型上場投信 決算短信.pdf
   ✅ 保存: 2634_1300_S&P500ヘッジ有_NEXT FUNDS S&P 500 指数(為替ヘッジあり)連動型上場投信 決算短信.pdf
   ✅ 保存: 346A_1300_S&P500半導体_NEXT FUNDS S&P 500 半導体・半導体製造装置35%キャップ指数連動型上場投信 中間決算短信.pdf
   ✅ 保存: 4367_1300_広栄化学_2026年3月期業績予想の修正に関するお知らせ.pdf
   ✅ 保存: 6101_1300_ツガミ_業績予想および配当予想の修正に関するお知らせ.pdf
   ✅ 保存: 6888_1300_アクモス_子会社の吸収合併に関するお知らせ.pdf
   ✅ 保存: 5845_1230_全保連_2026年3月期通期業績予想の上方修正に関するお知らせ.pdf
   ✅ 保存: 1326_1145_E-ワールド_SPDRゴールド・シェアに関する日々の開示事項.pdf
   ✅ 保存: 6890_1145_フェローテック_三陸沖の地震による当社グループの被害状況について.pdf
   ✅ 保存: 3287_1130_R-星野_金利スワップ契約締結に関するお知らせ.pdf
   ✅ 保存: 8622_1130_水戸証_2026年3月期決算速報値に関するお知らせ.pdf
   ✅ 保存: 9286_1130_I-エネクスインフラ_高崎太陽光発電所B におけるパワコン焼損事故について(続報).pdf
   ✅ 保存: 1813_1100_不動テトラ_業績予想の修正及び配当予想の修正(増配)に関するお知らせ.pdf
   ✅ 保存: 4750_1100_ダイサン_Penguin Engineering & Construction Pte. Ltd.の株式取得(子会社化)に関するお知らせ.pdf
   ✅ 保存: 9388_1045_Q-パパネッツ_株式の立会外分売終了に関するお知らせ.pdf
   ✅ 保存: 2002_1000_日清粉G_自己株式の取得状況および取得終了に関するお知らせ.pdf
   ✅ 保存: 329A_1000_P-ジール_臨時株主総会開催日時及び開催場所、並びに付議議案の決定に関するお知らせ.pdf
   ✅ 保存: 3815_1000_G-メディア_2026年8月期 中間決算説明会資料.pdf
   ✅ 保存: 3498_0857_霞ヶ関キャピタル_地震の影響に関するお知らせ.pdf
   ✅ 保存: 7419_0852_ノジマ_本日の一部報道について.pdf
   ✅ 保存: 3479_0820_G-TKP_本日の一部報道について.pdf
   ✅ 保存: 268A_0800_リガク_Onto Innovation Inc.との資本業務提携の締結、並びに主要株主である筆頭株主及びその他の関係会社の異動に関するお知らせ.pdf
   ✅ 保存: 554A_0800_G-バトンズ_事業計画及び成長可能性に関する事項.pdf
   ✅ 保存: 554A_0800_G-バトンズ_東京証券取引所グロース市場への上場に伴う当社決算情報等のお知らせ.pdf
   ✅ 保存: 7681_0800_レオクラン_その他の関係会社の異動に関するお知らせ.pdf
   ...Page 003 を確認中
   📝 一覧CSV保存: TDnet_Sorted_20260421.csv
   📝 一覧CSV保存（ルート）: TDnet_Sorted_20260421.csv
   📊 日別統計: page_access=3, pdf_success=131, excluded=30

============================================================
✅ ①完了（範囲取得）
   期間: 20260421 ～ 20260421 （mode=day）
   一覧ページアクセス合計: 3
   PDFダウンロード成功合計: 131
   除外件数合計: 30
   保存ルート: G:\マイドライブ\TDnet_Downloads
ルート: G:\マイドライブ\TDnet_Downloads
対象指定: 20260421 mode= day from= 20260421 to= 20260421
対象フォルダ数: 1
検索キーワード: ['価格交渉', '増産', '価格改定', '価格転嫁', '値上', '想定以上', '上方修正', '下方修正', '想定以下', '未達', '大幅', '計画を上', '計画を下', '計画以', '需要回復', '需要の回復', '需要が増', '需要が低', '悪化', 'グローバルニッチトップ', 'トップシェア', 'シェア拡大', 'レアアース']
総PDF数（推定）: 131
[1/1] 日付フォルダ 20260421 を処理中... (このフォルダ内PDF数: 131)
  進捗: 50/131 件のPDFを解析済み
  進捗: 100/131 件のPDFを解析済み
  進捗: 131/131 件のPDFを解析済み
  → 日付フォルダ 20260421 のヒットPDF数: 13

✅ ②A 完了（解析専用・キーワード別ページ列）
解析PDF数: 131
ヒットPDF数: 13
出力CSV: Analysis_Hits_free_word_20260421.csv
保存先: G:\マイドライブ\TDnet_Downloads

✅ ②B 完了（配布用CSV作成・キーワード別ページ列）
出力: PDF_Search_Result_Distribution_free_word_20260421_sh.csv
キーワード列: ['価格交渉', '増産', '価格改定', '価格転嫁', '値上', '想定以上', '上方修正', '下方修正', '想定以下', '未達', '大幅', '計画を上', '計画を下', '計画以', '需要回復', '需要の回復', '需要が増', '需要が低', '悪化', 'グローバルニッチトップ', 'トップシェア', 'シェア拡大', 'レアアース']
突合除外件数: 0
空欄アラート件数: 0
