============================================
 TDnet auto run: 20260519
 Start: 2026-05-19 23:00:01
============================================

$ C:\Users\onok\AppData\Local\Python\pythoncore-3.14-64\python.exe -u ①_tdnetアクセスしてダウンロードする処理（月日付別フォルダ保存）.py --target 20260519 --save-root G:\マイドライブ\TDnet_Downloads
🎯 対象指定: 20260519（mode=day, from=20260519, to=20260519）
📁 保存ルート: G:\マイドライブ\TDnet_Downloads

============================================================
📅 日付: 20260519 を処理します
   ...Page 001 を確認中
   ✅ 保存: 4720_1900_城南進研_(訂正)「通期連結業績予想の修正及び特別損失の計上に関するお知らせ」の一部訂正のお知らせ.pdf
   ✅ 保存: 6405_1830_鈴茂器工_2026年3月期 決算説明会資料.pdf
   ✅ 保存: 9278_1830_ブックオフGHD_子会社等の異動(孫会社の設立)に関するお知らせ.pdf
   ✅ 保存: 2371_1815_カカクコム_(訂正)Kamgras 1株式会社による公開買付届出書の訂正届出書の提出に伴う 公開買付開始公告の訂正に関するお知らせ.pdf
   ✅ 保存: 7995_1800_バルカー_(訂正・数値データ訂正)「2026年3月期決算短信〔日本基準〕(連結)」の一部訂正について.pdf
   ✅ 保存: 8934_1800_サンフロンティア_剰余金の配当に関するお知らせ.pdf
   ✅ 保存: 4059_1745_まぐまぐ_2026年9月期第2四半期 決算説明資料.pdf
   ✅ 保存: 3111_1730_オーミケンシ_第161回定時株主総会の継続会の開催方針に関するお知らせ.pdf
   ✅ 保存: 7173_1730_東京きらぼしFG_売出価格等の決定に関するお知らせ.pdf
   ✅ 保存: 8166_1730_タカキュー_B種種類株式の株式譲渡承認について.pdf
   ✅ 保存: 456A_1715_G-ヒューマンメイド_(訂正)「事業計画及び成長可能性に関する事項」の一部訂正について.pdf
   ✅ 保存: 4571_1715_G-NANO_2026年3月期決算説明会資料.pdf
   ✅ 保存: 310A_1700_P-サーティーフォー_販売用不動産仕入に伴う資金の借入に関するお知らせ.pdf
   ✅ 保存: 3281_1700_R-GLP_第11回投資主総会決議に関するお知らせ.pdf
   ✅ 保存: 3486_1700_グローバルリンクM_業績条件付事後交付型譲渡制限付株式報酬制度の導入に関するお知らせ.pdf
   ✅ 保存: 4198_1700_テンダ_人事異動に関するお知らせ.pdf
   ✅ 保存: 5038_1700_G-eWeLL_自己株式取得状況及び取得終了に関するお知らせ.pdf
   ✅ 保存: 6059_1700_ウチヤマHD_(訂正)「2026年3月期決算短信〔日本基準〕(連結)」の一部訂正について.pdf
   ✅ 保存: 6659_1700_メディアリンクス_第三者割当により発行された第18回新株予約権(行使価額修正条項付)の行使完了及び月間行使状況に関するお知らせ.pdf
   ✅ 保存: 7080_1700_G-スポーツフィール_流動性向上等を目的とした当社主要株主による株式売却(信託設定)に関するお知らせ.pdf
   ✅ 保存: 7187_1700_ジェイリース_資本準備金の額の減少に関するお知らせ.pdf
   ✅ 保存: 7187_1700_ジェイリース_定款の一部変更に関するお知らせ.pdf
   ✅ 保存: 7980_1700_重松製作_剰余金の配当に関するお知らせ.pdf
   ✅ 保存: 8979_1700_R-スターツPR_資金の借入及び金利スワップ契約締結に関するお知らせ.pdf
   ✅ 保存: 9644_1700_タナベコンサルG_取締役候補者の選任および人事に関するお知らせ.pdf
   ✅ 保存: 9644_1700_タナベコンサルG_譲渡制限付株式報酬制度の改定に関するお知らせ.pdf
   ✅ 保存: 4443_1645_Sansan_配当予想の修正(初配)並びに自己株式取得に係る事項の決定に関するお知らせ (会社法第459条第1項第1号の規定による定款の定めに基づく自己株式の取得).pdf
   ✅ 保存: 5194_1645_相模ゴム_2026年3月期 決算短信〔日本基準〕(連結).pdf
   ✅ 保存: 5194_1645_相模ゴム_営業外収益(為替差益)の計上及び連結業績予想と実績値との差異に関するお知らせ.pdf
   ✅ 保存: 5194_1645_相模ゴム_代表取締役の異動に関するお知らせ.pdf
   ✅ 保存: 9244_1645_G-デジタリフト_(訂正)募集新株予約権(無償ストック・オプション)のお知らせ.pdf
   ✅ 保存: 186A_1630_G-アストロスケール_スカパーJSAT株式会社との資本業務提携に関するお知らせ.pdf
   ✅ 保存: 186A_1630_G-アストロスケール_2026年4月期 第3四半期決算短信〔IFRS〕(連結)(開示事項の変更及び公認会計士等による期中レビューの完了).pdf
   ✅ 保存: 186A_1630_G-アストロスケール_海外一般募集による2029年満期ユーロ円建CB並びに第三者割当による新株式及び第1回無担保CBの発行に関するお知らせ.pdf
   ✅ 保存: 186A_1630_G-アストロスケール_戦略的成長資金調達に関する補足説明資料.pdf
   ✅ 保存: 2345_1630_HODL1_第16回新株予約権及び第17回新株予約権の発行に係る払込完了のお知らせ.pdf
   ✅ 保存: 6023_1630_ダイハツインフィ_2026年3月期 決算説明会プレゼンテーション資料.pdf
   ✅ 保存: 6525_1630_KOKUSAI_主要株主の異動の予定に関するお知らせ.pdf
   ✅ 保存: 7610_1630_テイツー_株式会社駿河屋との資本業務提携解消及び業務提携への移行に関するお知らせ.pdf
   ✅ 保存: 7610_1630_テイツー_自己株式の取得及び自己株式立会外買付取引(ToSTNeT-3)による自己株式の買付けに関するお知らせ.pdf
   ✅ 保存: 423A_1601_ライオン事務器_2026年9月期 第2四半期決算説明会資料.pdf
   ✅ 保存: 2410_1600_キャリアDC_新卒紹介事業の終了に関するお知らせ.pdf
   ✅ 保存: 3105_1600_日清紡HD_譲渡制限付株式報酬としての新株式の払込完了に関するお知らせ.pdf
   ✅ 保存: 311A_1600_P-NPT_(訂正)「定款一部変更に関するお知らせ」の一部訂正について.pdf
   ✅ 保存: 3133_1600_G-海帆_調達資金の資金使途及び支出時期の変更に関するお知らせ.pdf
   ✅ 保存: 3133_1600_G-海帆_定款一部変更に関するお知らせ.pdf
   ✅ 保存: 3133_1600_G-海帆_取締役候補者の選任に関するお知らせ.pdf
   ✅ 保存: 3133_1600_G-海帆_会計監査人の選任に関するお知らせ.pdf
   ✅ 保存: 3422_1600_J-MAX_2026年3月期決算説明会及び事前質問受付に関するお知らせ.pdf
   ✅ 保存: 4169_1600_G-エネチェンジ_当社持分法適用関連会社の民事再生手続開始の申立てに関するお知らせ.pdf
   ✅ 保存: 4212_1600_積水樹脂_取締役の報酬額の改定に関するお知らせ.pdf
   ✅ 保存: 4212_1600_積水樹脂_株主提案に対する当社取締役会意見に関するお知らせ.pdf
   ✅ 保存: 4494_1600_バリオセキュア_代表取締役の異動に関するお知らせ.pdf
   ✅ 保存: 4495_1600_G-アイキューブド_「株式付与ESOP信託」の導入に関するお知らせ.pdf
   ✅ 保存: 4564_1600_G-OTS_公認会計士等の異動に関するお知らせ.pdf
   ✅ 保存: 4666_1600_パーク24_2026年10月期 速報数値 4月度.pdf
   ✅ 保存: 4720_1600_城南進研_通期連結業績予想の修正及び特別損失の計上に関するお知らせ.pdf
   ✅ 保存: 542A_1600_G-ビタブリッドJ_(訂正)「2026年2月期 決算説明資料」の一部訂正について.pdf
   ✅ 保存: 5820_1600_三ッ星_剰余金の配当に関するお知らせ.pdf
   ✅ 保存: 5820_1600_三ッ星_取締役の委嘱業務の変更に関するお知らせ.pdf
   ✅ 保存: 6013_1600_タクマ_(訂正)「2026年3月期決算補足説明資料」の一部訂正について.pdf
   ✅ 保存: 6161_1600_エスティック_2026年3月期 決算説明資料.pdf
   ✅ 保存: 6238_1600_フリュー_取締役に対する業績連動型株式報酬制度一部改定に関するお知らせ.pdf
   ✅ 保存: 6420_1600_ガリレイ_(訂正・数値データ訂正)「2026年3月期決算短信〔日本基準〕(連結)」の一部訂正について.pdf
   ✅ 保存: 6674_1600_GSユアサ_業績連動型株式報酬制度の継続及び一部変更に関するお知らせ.pdf
   ✅ 保存: 6737_1600_EIZO_剰余金の配当に関するお知らせ.pdf
   ✅ 保存: 6737_1600_EIZO_役員報酬制度へのROE評価指標導入に関するお知らせ.pdf
   ...Page 002 を確認中
   ✅ 保存: 6740_1600_JDI_借入金の返済のお知らせ.pdf
   ✅ 保存: 7043_1600_G-アルー_2026年4月度 etudes月次KPI(速報)のお知らせ.pdf
   ✅ 保存: 7162_1600_アストマックス_2027年3月期4月度の発電状況のお知らせ.pdf
   ✅ 保存: 7624_1600_NaITO_支配株主等に関する事項について.pdf
   ✅ 保存: 7689_1600_G-コパ_上場維持基準への適合に向けた計画(改善期間入り)について.pdf
   ✅ 保存: 7777_1600_G-3Dマトリックス_業績予想の修正及び営業外収益の計上に関するお知らせ.pdf
   ✅ 保存: 7814_1600_日本創発G_2026年12月期 第1四半期決算説明会資料.pdf
   ✅ 保存: 7946_1600_光陽社_2026年3月期 決算短信〔日本基準〕(連結).pdf
   ✅ 保存: 7946_1600_光陽社_通期連結業績予想と実績の差異及び配当予想の修正(増配)に関するお知らせ.pdf
   ✅ 保存: 9130_1600_共栄タンカー_剰余金の配当に関するお知らせ.pdf
   ✅ 保存: 9130_1600_共栄タンカー_役員人事に関するお知らせ.pdf
   ✅ 保存: 9201_1600_JAL_第1回社債型種類株式優先配当金の配当年率の決定に関するお知らせ.pdf
   ✅ 保存: 9502_1600_中部電力_子会社の民事再生手続開始の申立てについて.pdf
   ✅ 保存: 9709_1600_NCS&A_剰余金の配当に関するお知らせ.pdf
   ✅ 保存: 9742_1600_アイネス_剰余金の配当に関するお知らせ.pdf
   ✅ 保存: 3489_1545_フェイスネットワーク_2026年3月期 決算説明会 主な質疑応答(要旨).pdf
   ✅ 保存: 5031_1545_G-モイ_SBIホールディングス株式会社との資本業務提携、第三者割当増資による新株式の発行、株式の売出し、並びに支配株主、主要株主及びその他の関係会社の異動.pdf
   ✅ 保存: 5031_1545_G-モイ_SBIホールディングス株式会社との資本業務提携及び第三者割当増資による新株発行に関する補足説明資料.pdf
   ✅ 保存: 7634_1545_星医療_(訂正)「当社株式等の大規模買付行為等への対応方針(買収への対応方針)の導入に関するお知らせ」の一部訂正について.pdf
   ✅ 保存: 4062_1540_イビデン_剰余金の配当に関するお知らせ.pdf
   ✅ 保存: 4062_1540_イビデン_2031年満期ユーロ円建取得条項付転換社債型新株予約権付社債の転換価格の調整に関するお知らせ.pdf
   ✅ 保存: 5363_1540_TYK_2026年3月期決算短信〔日本基準〕(連結).pdf
   ✅ 保存: 5363_1540_TYK_剰余金の配当に関するお知らせ.pdf
   ✅ 保存: 5363_1540_TYK_当社株式の大規模買付行為に関する対応方針(買収への対応方針)の継続について.pdf
   ✅ 保存: 6676_1540_BUFFALO_剰余金の配当(期末配当)に関するお知らせ.pdf
   ✅ 保存: 6676_1540_BUFFALO_定款一部変更に関するお知らせ.pdf
   ✅ 保存: 7501_1540_ティムコ_堅果シナジ一投資事業有限責任組合による当社株式に対する公開買付けに関する意見表明(反対)のお知らせ.pdf
   ✅ 保存: 2901_1531_ウェルディッシュ_代表取締役の異動に関するお知らせ.pdf
   ✅ 保存: 7177_1531_GMOFHD_2026年4月の月次業績(速報)に関するお知らせ.pdf
   ✅ 保存: 1375_1530_ユキグニファクトリー_従業員に対する譲渡制限付株式付与制度の導入に関するお知らせ.pdf
   ✅ 保存: 162A_1530_AIセレクトETN_株式会社三菱UFJフィナンシャル・グループの2026年3月期 連結普通株式等Tier1比率・連結Tier1 比率・連結総自己資本比率について.pdf
   ✅ 保存: 163A_1530_半導体ETN_株式会社三菱UFJフィナンシャル・グループの2026年3月期 連結普通株式等Tier1比率・連結Tier1 比率・連結総自己資本比率について.pdf
   ✅ 保存: 1852_1530_浅沼組_「T3 International Pte. Ltd.」の株式の取得(子会社化)に関するお知らせ.pdf
   ✅ 保存: 1852_1530_浅沼組_剰余金の配当に関するお知らせ.pdf
   ✅ 保存: 1878_1530_大東建_コミットメント型自己株式取得(FCSR)における事後調整完了のお知らせ.pdf
   ✅ 保存: 2070_1530_ESG女性活躍ETN_株式会社三菱UFJフィナンシャル・グループの2026年3月期 連結普通株式等Tier1比率・連結Tier1 比率・連結総自己資本比率について.pdf
   ✅ 保存: 2071_1530_ESG総合ETN_株式会社三菱UFJフィナンシャル・グループの2026年3月期 連結普通株式等Tier1比率・連結Tier1 比率・連結総自己資本比率について.pdf
   ✅ 保存: 2072_1530_トップシェアETN_株式会社三菱UFJフィナンシャル・グループの2026年3月期 連結普通株式等Tier1比率・連結Tier1 比率・連結総自己資本比率について.pdf
   ✅ 保存: 2073_1530_ESG低カーボン_株式会社三菱UFJフィナンシャル・グループの2026年3月期 連結普通株式等Tier1比率・連結Tier1 比率・連結総自己資本比率について.pdf
   ✅ 保存: 2114_1530_フジ日本_(訂正・数値データ訂正)「2026年3月期決算短信〔日本基準〕(連結)」の一部訂正のお知らせ.pdf
   ✅ 保存: 2114_1530_フジ日本_剰余金の配当に関するお知らせ.pdf
   ✅ 保存: 2114_1530_フジ日本_会計監査人の異動に関するお知らせ.pdf
   ✅ 保存: 2871_1530_ニチレイ_定款一部変更に関するお知らせ.pdf
   ✅ 保存: 2871_1530_ニチレイ_取締役の報酬額及び譲渡制限付株式報酬制度の改定に関するお知らせ.pdf
   ✅ 保存: 2914_1530_JT_連結子会社からの配当金受領に関するお知らせ.pdf
   ✅ 保存: 2972_1530_R-サンケイRE_Tiger LPS及びLion LPSによるサンケイリアルエステート投資法人(証券コード_2972)投資口に対する公開買付けの結果に関するお知らせ.pdf
   ✅ 保存: 3092_1530_ZOZO_剰余金の配当に関するお知らせ.pdf
   ✅ 保存: 3092_1530_ZOZO_取締役候補者の選任に関するお知らせ.pdf
   ✅ 保存: 3092_1530_ZOZO_譲渡制限付株式報酬制度の改定に関するお知らせ.pdf
   ✅ 保存: 3092_1530_ZOZO_譲渡制限付株式報酬としての自己株式の処分に関するお知らせ.pdf
   ✅ 保存: 3178_1530_チムニー_役員の異動に関するお知らせ.pdf
   ✅ 保存: 3238_1530_セントラル総_剰余金の配当に関するお知らせ.pdf
   ✅ 保存: 3269_1530_R-ADR_国内不動産及び国内不動産信託受益権の取得に関するお知らせ≪レジディア松陰神社前・レジディアときわ台≫.pdf
   ✅ 保存: 3269_1530_R-ADR_資金の借入れ及び借入金の返済に関するお知らせ.pdf
   ✅ 保存: 3294_1530_イーグランド_株式会社西武不動産による当社株券等に対する公開買付けの結果、並びに親会社、主要株主である筆頭株主及び主要株主の異動に関するお知らせ.pdf
   ✅ 保存: 3409_1530_北紡_定款の一部変更に関するお知らせ.pdf
   ✅ 保存: 345A_1530_高配当成長ETN_株式会社三菱UFJフィナンシャル・グループの2026年3月期 連結普通株式等Tier1比率・連結Tier1 比率・連結総自己資本比率について.pdf
   ✅ 保存: 3690_1530_イルグルム_子会社等の異動を伴う株式譲渡契約に関する基本合意書締結のお知らせ.pdf
   ✅ 保存: 3750_1530_ADR120S_ノーザンファームとの共同研究契約締結に関するお知らせ.pdf
   ✅ 保存: 3765_1530_ガンホー_非上場の親会社等の決算情報に関するお知らせ.pdf
   ✅ 保存: 3927_1530_フーバーブレイン_投資有価証券売却益(特別利益)の計上見込みに関するお知らせ.pdf
   ✅ 保存: 4436_1530_G-ミンカブ_2026年3月期通期決算説明資料.pdf
   ✅ 保存: 4436_1530_G-ミンカブ_当社子会社の資本業務提携に向けた基本合意のお知らせ.pdf
   ✅ 保存: 4444_1530_G-インフォネット_株式取得及び株式交換による株式会社アクティブリテックの完全子会社化ならびに主要株主の異動に関するお知らせ.pdf
   ✅ 保存: 4886_1530_あすか製薬HD_(訂正・数値データ訂正)「2026年3月期 決算短信〔日本基準〕(連結)」の一部訂正について.pdf
   ✅ 保存: 4911_1530_資生堂_長期インセンティブ型報酬としての業績連動型株式報酬制度に基づく自己株式の処分に関するお知らせ.pdf
   ✅ 保存: 497A_1530_インバウンドETN_株式会社三菱UFJフィナンシャル・グループの2026年3月期 連結普通株式等Tier1比率・連結Tier1 比率・連結総自己資本比率について.pdf
   ✅ 保存: 498A_1530_防衛航空宇宙欧州株_株式会社三菱UFJフィナンシャル・グループの2026年3月期 連結普通株式等Tier1比率・連結Tier1 比率・連結総自己資本比率について.pdf
   ✅ 保存: 499A_1530_ラグジュアリー欧州株_株式会社三菱UFJフィナンシャル・グループの2026年3月期 連結普通株式等Tier1比率・連結Tier1 比率・連結総自己資本比率について.pdf
   ✅ 保存: 5714_1530_DOWA_剰余金の配当に関するお知らせ.pdf
   ✅ 保存: 5857_1530_AREHD_剰余金の配当(期末配当)に関するお知らせ.pdf
   ✅ 保存: 5888_1530_G-ダイワサイクル_2027年1月期4月度 売上速報に関するお知らせ.pdf
   ✅ 保存: 5891_1530_魁力屋_株主優待制度の変更(拡充)に関するお知らせ.pdf
   ✅ 保存: 5955_1530_ワイズHD_代表取締役の異動及び役員人事の内定に関するお知らせ.pdf
   ✅ 保存: 6094_1530_G-フリークアウト_2026年9月期 第2第四半期決算 質疑応答集.pdf
   ✅ 保存: 6379_1530_レイズネクスト_(訂正)「2026年3月期決算短信〔日本基準〕(連結)」の一部訂正について.pdf
   ✅ 保存: 6381_1530_アネスト岩田_2026年3月期決算説明会資料.pdf
   ✅ 保存: 6526_1530_ソシオネクスト_剰余金の配当に関するお知らせ.pdf
   ✅ 保存: 6526_1530_ソシオネクスト_取締役候補者に関するお知らせ.pdf
   ✅ 保存: 6627_1530_テラプローブ_連結子会社からの剰余金の配当に関するお知らせ.pdf
   ✅ 保存: 6762_1530_TDK_当社子会社によるLinergy Power Sdn Bhd の株式取得(完全子会社化)に関するお知らせ.pdf
   ✅ 保存: 6807_1530_航空電子_剰余金の配当に関するお知らせ.pdf
   ✅ 保存: 7038_1530_フロンティアM_(訂正・数値データ訂正)「2025年12月期 第2四半期(中間期)決算短信〔日本基準〕(連結)」の一部訂正について.pdf
   ✅ 保存: 7038_1530_フロンティアM_(訂正・数値データ訂正)「2025年12月期 決算短信〔日本基準〕(連結)」の一部訂正について.pdf
   ✅ 保存: 7047_1530_G-ポート_2026年3月期通期決算説明会Q&A.pdf
   ✅ 保存: 7213_1530_レシップHD_自己株取得に係る事項の決定に関するお知らせ.pdf
   ✅ 保存: 7313_1530_TSテック_剰余金の配当に関するお知らせ.pdf
   ✅ 保存: 7433_1530_伯東_「信託型従業員持株インセンティブ・プラン(E-Ship)」の導入について.pdf
   ✅ 保存: 7433_1530_伯東_「信託型従業員持株インセンティブ・プラン(E-Ship)」の導入に伴う第三者割当による自己株式の処分に関するお知らせ.pdf
   ✅ 保存: 7433_1530_伯東_業績連動型株式報酬制度の導入に関するお知らせ.pdf
   ✅ 保存: 7433_1530_伯東_当社の取締役を兼務しない執行役員に対する譲渡制限付株式報酬としての自己株式の処分に関するお知らせ.pdf
   ✅ 保存: 7621_1530_うかい_2026年3月期 決算短信〔日本基準〕(非連結).pdf
   ✅ 保存: 7621_1530_うかい_2026年3月期通期業績予想値と実績値との差異に関するお知らせ.pdf
   ✅ 保存: 7976_1530_三菱鉛筆_第三者割当により発行される第1回新株予約権及び第1回無担保転換社債型新株予約権付社債の払込完了に関するお知らせ.pdf
   ✅ 保存: 8218_1530_コメリ_剰余金の配当に関するお知らせ.pdf
   ✅ 保存: 8275_1530_フォーバル_剰余金の配当に関するお知らせ.pdf
   ✅ 保存: 8275_1530_フォーバル_支配株主等に関する事項について.pdf
   ✅ 保存: 8275_1530_フォーバル_定款の一部変更に関するお知らせ.pdf
   ✅ 保存: 8439_1530_東京センチュリー_2026年3月期 決算IR資料の再掲載について.pdf
   ✅ 保存: 8789_1530_フィンテック_子会社における航空機リース資産の売却に関するお知らせ.pdf
   ...Page 003 を確認中
   ✅ 保存: 8793_1530_NECキャピ_当社初の個人投資家向け社債発行のお知らせ.pdf
   ✅ 保存: 8891_1530_AMGHD_代表取締役の異動に関するお知らせ.pdf
   ✅ 保存: 9009_1530_京成_役員の異動に関するお知らせ.pdf
   ✅ 保存: 9024_1530_西武ホールディングス_当社連結子会社の株式会社西武不動産による株式会社イーグランド(証券コード_3294)に対する公開買付けの結果に関するお知らせ.pdf
   ✅ 保存: 9221_1530_フルハシEPO_役員人事に関するお知らせ.pdf
   ✅ 保存: 9284_1530_I-カナディアンソラ_運用資産における発電停止に関するお知らせ(続報).pdf
   ✅ 保存: 9364_1530_上組_業績連動型株式報酬制度の導入に関するお知らせ.pdf
   ✅ 保存: 9381_1530_エーアイテイー_連結子会社からの配当金受領に関するお知らせ.pdf
   ✅ 保存: 9507_1530_四国電力_株式報酬制度の一部改定に関するお知らせ.pdf
   ✅ 保存: 9551_1530_メタウォーター_剰余金の配当(期末配当)に関するお知らせ.pdf
   ✅ 保存: 9565_1530_G-GLOE_子会社設立に関するお知らせ.pdf
   ✅ 保存: 9629_1530_ピーシーエー_定款一部変更に関するお知らせ.pdf
   ✅ 保存: 9843_1530_ニトリHD_新役員体制に関するお知らせ.pdf
   ✅ 保存: 1941_1500_中電工_支配株主等に関する事項について.pdf
   ✅ 保存: 2910_1500_ロックフィルド_海外連結子会社の解散及び清算に関するお知らせ.pdf
   ✅ 保存: 4410_1500_ハリマ化成G_剰余金の配当に関するお知らせ.pdf
   ✅ 保存: 4531_1500_有機薬_新中期経営計画の策定に関するお知らせ.pdf
   ✅ 保存: 5446_1500_北越メタル_剰余金の配当(期末配当無配)に関するお知らせ.pdf
   ✅ 保存: 6958_1500_CMK_配当方針の変更および配当予想の修正(増配)に関するお知らせ.pdf
   ✅ 保存: 6958_1500_CMK_2026年3月期 決算説明会資料.pdf
   ✅ 保存: 6958_1500_CMK_中期経営計画.pdf
   ✅ 保存: 7419_1500_ノジマ_役員(取締役)の異動に関するお知らせ.pdf
   ✅ 保存: 7419_1500_ノジマ_役員(執行役)の異動に関するお知らせ.pdf
   ✅ 保存: 7419_1500_ノジマ_ストック・オプションの内容決定に関するお知らせ.pdf
   ✅ 保存: 7520_1500_エコス_支配株主等に関する事項について.pdf
   ✅ 保存: 8084_1500_RYODEN_2026年3月期 決算説明会資料.pdf
   ✅ 保存: 8085_1500_ナラサキ_剰余金の配当に関するお知らせ.pdf
   ✅ 保存: 8163_1500_SRSHD_取締役候補者に関するお知らせ.pdf
   ✅ 保存: 8278_1500_フジ_2025年度 当社取締役会の実効性に関する評価の結果について.pdf
   ✅ 保存: 8278_1500_フジ_支配株主等に関する事項について.pdf
   ✅ 保存: 8747_1500_豊トラスティ証券_連結総資産の減少に関するお知らせ.pdf
   ✅ 保存: 9312_1500_ケイヒン_剰余金の配当に関するお知らせ.pdf
   ✅ 保存: 5233_1430_太平洋セメ_(訂正・数値データ訂正)「2026年3月期 決算短信〔日本基準〕(連結)」の一部訂正について.pdf
   ✅ 保存: 5233_1430_太平洋セメ_剰余金の配当に関するお知らせ.pdf
   ✅ 保存: 6247_1430_日阪製作_剰余金の配当に関するお知らせ.pdf
   ✅ 保存: 6247_1430_日阪製作_定款の一部変更に関するお知らせ.pdf
   ✅ 保存: 7743_1430_シード_役員人事に関するお知らせ.pdf
   ✅ 保存: 7743_1430_シード_剰余金の配当に関するお知らせ.pdf
   ✅ 保存: 7743_1430_シード_会社分割(簡易吸収分割)に関するお知らせ.pdf
   ✅ 保存: 6996_1410_ニチコン_剰余金の配当に関するお知らせ.pdf
   ✅ 保存: 6351_1400_鶴見製_株主提案権行使に係る書面の受領及び当社取締役会意見に関するお知らせ.pdf
   ✅ 保存: 6380_1400_オリチエン工業_第8次中期経営計画の公表に関するお知らせ.pdf
   ✅ 保存: 6977_1400_日抵抗器_投資有価証券売却に伴う特別利益の計上見込みに関するお知らせ.pdf
   ✅ 保存: 7091_1400_G-LPF_株主優待実施に関するお知らせ.pdf
   ✅ 保存: 7506_1400_ハウスローゼ_2026年3月期決算説明会資料.pdf
   ✅ 保存: 7914_1400_共同印_(訂正)「2026 年3月期 決算説明資料」の一部訂正に関するお知らせ.pdf
   ✅ 保存: 8058_1400_三菱商事_執行役員に対するストックオプションの割当てについて(C2プラン).pdf
   ✅ 保存: 8058_1400_三菱商事_執行役員に対するストックオプションの割当てについて(C3プラン).pdf
   ✅ 保存: 8058_1400_三菱商事_執行役員に対するストックオプションの割当てについて(C4プラン).pdf
   ✅ 保存: 8058_1400_三菱商事_執行役員に対するストックオプションの割当てについて(C5プラン).pdf
   ✅ 保存: 8058_1400_三菱商事_執行役員に対するストックオプションの割当てについて(C6プラン).pdf
   ✅ 保存: 8163_1400_SRSHD_令和8年3月期決算説明資料.pdf
   ✅ 保存: 8163_1400_SRSHD_剰余金の配当に関するお知らせ.pdf
   ✅ 保存: 9347_1400_日本管財HD_2026年3月期 決算説明資料.pdf
   ✅ 保存: 1430_1300_ファーストコーポ_資本効率向上に関する補足説明資料の開示について.pdf
   ✅ 保存: 1472_1300_NFJ400Dインバ_NEXT FUNDS JPX日経400ダブルインバース・インデックス連動型上場投信 決算短信.pdf
   ✅ 保存: 1489_1300_NF日経高配当50_NEXT FUNDS 日経平均高配当株50指数連動型上場投信 決算短信.pdf
   ✅ 保存: 1577_1300_NF日本高配当70_NEXT FUNDS 野村日本株高配当70連動型上場投信 決算短信.pdf
   ✅ 保存: 1591_1300_NFJPX400_NEXT FUNDS JPX日経インデックス400連動型上場投信 決算短信.pdf
   ✅ 保存: 159A_1300_JPXプライム150_NEXT FUNDS JPXプライム150指数連動型上場投信 決算短信.pdf
   ✅ 保存: 200A_1300_日経半導体株ETF_NEXT FUNDS 日経半導体株指数連動型上場投信 決算短信.pdf
   ✅ 保存: 2529_1300_NF株主還元70_NEXT FUNDS 野村株主還元70連動型上場投信 決算短信.pdf
   ✅ 保存: 3088_1300_マツキヨココカラ_(訂正)「2026年3月期 決算短信〔日本基準〕(連結)」の一部訂正について.pdf
   ✅ 保存: 372A_1300_レント_財務上の特約が付された金銭消費貸借契約の締結について.pdf
   ✅ 保存: 412A_1300_台湾テック50_NEXT FUNDS TIP FactSet 台湾イノベイティブ・テクノロジー50指数連動型上場投信 決算短信.pdf
   ✅ 保存: 4275_1300_カーリット_2026年3月期 決算説明会資料のお知らせ.pdf
   ✅ 保存: 550A_1300_ソフトテックス_(訂正)「2026年3月期 決算短信〔日本基準〕(非連結)」の一部訂正のお知らせ.pdf
   ✅ 保存: 6850_1300_チノー_2026年3月期 決算補足説明資料.pdf
   ✅ 保存: 7270_1300_SUBARU_定款一部変更に関するお知らせ.pdf
   ✅ 保存: 7906_1300_ヨネックス_2026年3月期 決算説明会資料.pdf
   ✅ 保存: 9511_1300_沖縄電力_定款一部変更に関するお知らせ.pdf
   ✅ 保存: 6073_1230_アサンテ_役員の異動に関するお知らせ.pdf
   ✅ 保存: 5706_1215_三井金属_(訂正)「2026年3月期 決算説明資料」の一部訂正に関するお知らせ.pdf
   ✅ 保存: 291A_1200_G-リスキル_当社代表取締役社長 松田 航による2027年3月期計画に関するご質問へのご回答.pdf
   ✅ 保存: 3032_1200_ゴルフ・ドゥ_剰余金の配当に関するお知らせ.pdf
   ✅ 保存: 3032_1200_ゴルフ・ドゥ_取締役(監査等委員であるもの及び社外取締役を除く。)に対する株式報酬型ストックオプションとしての新株予約権に関する報酬額及び内容決定に関するお知ら.pdf
   ✅ 保存: 4565_1200_ネクセラファーマ_RSU制度に基づく新株式発行に関する一部失権(発行株式数減少等)のお知らせ.pdf
   ✅ 保存: 6855_1200_電子材料_2026年3月期通期決算説明会.pdf
   ✅ 保存: 7075_1200_G-QLS_資本金の額の減少(減資)に関するお知らせ.pdf
   ✅ 保存: 7561_1200_ハークスレイ_剰余金の配当に関するお知らせ.pdf
   ✅ 保存: 7561_1200_ハークスレイ_商号の変更および定款の一部変更に関するお知らせ.pdf
   ✅ 保存: 9444_1200_トーシンHD_(経過開示)株主による招集に係る臨時株主総会の 開催日時及び開催場所に関するお知らせ.pdf
   ✅ 保存: 1326_1140_E-ワールド_SPDRゴールド・シェアに関する日々の開示事項.pdf
   ✅ 保存: 4484_1130_G-ランサーズ_2026年3月期 通期決算説明会レポート(書き起こし).pdf
   ✅ 保存: 465A_1100_GX日経株主還元_2026年4月期(2025年11月21日~2026年4月4日)決算短信.pdf
   ✅ 保存: 6173_1100_G-アクアライン_(訂正)「主要株主の異動(予定)及び株式会社SAIASによる株式会社アクアライン株式 (証券コード6173)の取得に関するお知らせ」の一部訂正について.pdf
   ✅ 保存: 6513_1100_オリジン_株主提案に対する当社取締役会の意見に関するお知らせ.pdf
   ✅ 保存: 7602_1100_レダックス_一時取締役(仮取締役)の選任に関するお知らせ.pdf
   ✅ 保存: 9610_1100_ウィルソンWLW_2026年3月期決算補足説明資料(動画).pdf
   ✅ 保存: 9846_1100_天満屋ス_支配株主等に関する事項について.pdf
   ✅ 保存: 9846_1100_天満屋ス_親会社等の決算に関するお知らせ.pdf
   ✅ 保存: 409A_1030_オリオンビール_自己株式立会外買付取引(ToSTNeT-3)による自己株式の取得結果に関するお知らせ.pdf
   ✅ 保存: 4502_1020_武田薬_AMITIZA(ルビプロストン)に係る米国の反トラスト訴訟における陪審評決および関連する2026年3月期(2025年度)決算値の修正について.pdf
   ✅ 保存: 167A_1000_リョーサン菱洋_2025年度 決算説明会資料.pdf
   ✅ 保存: 2060_1000_フィード・ワン_2026年3月期 通期決算説明資料.pdf
   ✅ 保存: 2917_1000_大森屋_自己株式立会外買付取引(ToSTNeT-3)による自己株式の取得結果及び取得終了に関するお知らせ.pdf
   ...Page 004 を確認中
   ✅ 保存: 3137_1000_ファンデリー_株式の立会外分売終了に関するお知らせ.pdf
   ✅ 保存: 5933_0930_アルインコ_2026年3月期 決算説明会資料.pdf
   ✅ 保存: 3652_0915_G-DMP_2026年3月期決算説明会書き起こしのお知らせ.pdf
   ✅ 保存: 520A_0859_G-ジェイファーマ_2026年3月期決算説明会.pdf
   ✅ 保存: 2164_0830_地域新聞社_「生成AIを活用した心理状態デジタルツインによる介入効果最大化技術」のPCT出願進捗に関するお知らせ.pdf
   ✅ 保存: 3133_0830_G-海帆_第三者割当により発行された第9回新株予約権(行使価額修正条項付)の行使停止指定に関するお知らせ.pdf
   ✅ 保存: 186A_0800_G-アストロスケール_公認会計士等の異動に関するお知らせ.pdf
   ✅ 保存: 5016_0030_JX金属_2029年満期ユーロ円建転換社債型新株予約権付社債及び2031年満期ユーロ円建転換社債型新株予約権付社債の発行条件等の決定に関するお知らせ.pdf
   ...Page 005 を確認中
   📝 一覧CSV保存: TDnet_Sorted_20260519.csv
   📝 一覧CSV保存（ルート）: TDnet_Sorted_20260519.csv
   📊 日別統計: page_access=5, pdf_success=271, excluded=40

============================================================
✅ ①完了（範囲取得）
   期間: 20260519 ～ 20260519 （mode=day）
   一覧ページアクセス合計: 5
   PDFダウンロード成功合計: 271
   除外件数合計: 40
   保存ルート: G:\マイドライブ\TDnet_Downloads

$ C:\Users\onok\AppData\Local\Python\pythoncore-3.14-64\python.exe -u ②a②bは２つフリーワード検索.py analyze --target 20260519 --save-root G:\マイドライブ\TDnet_Downloads --keywords 価格交渉 増産 価格改定 価格転嫁 値上 想定以上 上方修正 下方修正 想定以下 未達 大幅 計画を上 計画を下 計画以 需要回復 需要の回復 需要が増 需要が低 悪化 グローバルニッチトップ トップシェア シェア拡大 レアアース
ルート: G:\マイドライブ\TDnet_Downloads
対象指定: 20260519 mode= day from= 20260519 to= 20260519
対象フォルダ数: 1
検索キーワード: ['価格交渉', '増産', '価格改定', '価格転嫁', '値上', '想定以上', '上方修正', '下方修正', '想定以下', '未達', '大幅', '計画を上', '計画を下', '計画以', '需要回復', '需要の回復', '需要が増', '需要が低', '悪化', 'グローバルニッチトップ', 'トップシェア', 'シェア拡大', 'レアアース']
総PDF数（推定）: 271
[1/1] 日付フォルダ 20260519 を処理中... (このフォルダ内PDF数: 271)
  進捗: 50/271 件のPDFを解析済み
  進捗: 100/271 件のPDFを解析済み
  進捗: 150/271 件のPDFを解析済み
  進捗: 200/271 件のPDFを解析済み
  進捗: 250/271 件のPDFを解析済み
  進捗: 271/271 件のPDFを解析済み
  → 日付フォルダ 20260519 のヒットPDF数: 47

✅ ②A 完了（解析専用・キーワード別ページ列）
解析PDF数: 271
ヒットPDF数: 47
出力CSV: Analysis_Hits_free_word_20260519.csv
保存先: G:\マイドライブ\TDnet_Downloads

$ C:\Users\onok\AppData\Local\Python\pythoncore-3.14-64\python.exe -u ②a②bは２つフリーワード検索.py distribute --target 20260519 --save-root G:\マイドライブ\TDnet_Downloads --no-stop-on-empty-meta

✅ ②B 完了（配布用CSV作成・キーワード別ページ列）
出力: PDF_Search_Result_Distribution_free_word_20260519_sh.csv
キーワード列: ['価格交渉', '増産', '価格改定', '価格転嫁', '値上', '想定以上', '上方修正', '下方修正', '想定以下', '未達', '大幅', '計画を上', '計画を下', '計画以', '需要回復', '需要の回復', '需要が増', '需要が低', '悪化', 'グローバルニッチトップ', 'トップシェア', 'シェア拡大', 'レアアース']
突合除外件数: 0
空欄アラート件数: 0

============================================
 Done: 2026-05-19 23:06:01
============================================
