============================================
 TDnet auto run: 20260427
 Start: 2026-05-02 00:24:12
============================================

$ C:\Users\onok\AppData\Local\Python\pythoncore-3.14-64\python.exe -u ①_tdnetアクセスしてダウンロードする処理（月日付別フォルダ保存）.py --target 20260427 --save-root G:\マイドライブ\TDnet_Downloads
🎯 対象指定: 20260427（mode=day, from=20260427, to=20260427）
📁 保存ルート: G:\マイドライブ\TDnet_Downloads

============================================================
📅 日付: 20260427 を処理します
   ...Page 001 を確認中
   ✅ 保存: 471A_1930_NSグループ_(開示事項の経過)親会社以外の支配株主の異動に関するお知らせ.pdf
   ✅ 保存: 3856_1815_Abalance_元連結子会社の会計処理等に関する調査委員会設置のお知らせ.pdf
   ✅ 保存: 3856_1815_Abalance_2026年3月期業績予想に関するお知らせ.pdf
   ✅ 保存: 3856_1815_Abalance_2026年3月期第3四半期決算短信及び2026年3月期決算短信の開示延期に関するお知らせ.pdf
   ✅ 保存: 3856_1815_Abalance_(開示事項の経過)ベトナム子会社の太陽光パネル新工場概要のお知らせ.pdf
   ✅ 保存: 4380_1730_G-Mマート_支配株主等に関する事項について.pdf
   ✅ 保存: 2915_1710_ケンコーマヨ_代表取締役の異動及び取締役候補者の一部変更に関するお知らせ.pdf
   ✅ 保存: 1301_1700_極洋_連結子会社の破産手続き開始に関するお知らせ.pdf
   ✅ 保存: 293A_1700_P-BABY JOB_剰余金の配当(初配)に関するお知らせ.pdf
   ✅ 保存: 3750_1700_ADR120S_商号の変更及びグループ体制再編に関するお知らせ.pdf
   ✅ 保存: 3840_1700_PATH_本社移転に関するお知らせ.pdf
   ✅ 保存: 3983_1700_オロ_譲渡制限付株式報酬としての自己株式の処分の払込完了に関するお知らせ.pdf
   ✅ 保存: 4256_1700_G-サインド_サイバー攻撃による不正アクセスの検知と情報漏えいの可能性に関するお詫びとご報告(第二報).pdf
   ✅ 保存: 4507_1700_塩野義薬_当社の完全子会社である鳥居薬品株式会社の吸収合併(簡易合併・略式合併)に関するお知らせ.pdf
   ✅ 保存: 4633_1700_サカタインクス_譲渡制限付株式報酬としての自己株式の処分の払込完了に関するお知らせ.pdf
   ✅ 保存: 5471_1700_大同特鋼_執行役員の異動に関するお知らせ.pdf
   ✅ 保存: 6440_1700_JUKI_譲渡制限付株式報酬としての自己株式の処分の払込完了に関するお知らせ.pdf
   ✅ 保存: 8035_1700_東エレク_当社台湾子会社に対する判決について.pdf
   ✅ 保存: 8059_1700_第一実業_(訂正・数値データ訂正)「通期業績予想の上方修正及び期末配当予想の修正(増配)に関するお知らせ」の一部訂正について.pdf
   ✅ 保存: 8742_1700_小林洋行_自己株式立会外買付取引(ToSTNeT-3)による自己株式の買付けに関するお知らせ.pdf
   ✅ 保存: 8818_1700_京阪神ビ_株主提案に関する書面受領のお知らせ.pdf
   ✅ 保存: 8966_1700_R-平和RE_国内資産の譲渡に関するお知らせ(HF西新宿レジデンスWEST、HF西新宿レジデンスEAST).pdf
   ✅ 保存: 8966_1700_R-平和RE_本日付公表の適時開示に関する補足説明資料.pdf
   ✅ 保存: 8966_1700_R-平和RE_2026年5月期(第49期)の運用状況の予想の修正に関するお知らせ.pdf
   ✅ 保存: 9444_1700_トーシンHD_(開示事項の変更)改善計画の開示再延期に関するお知らせ.pdf
   ✅ 保存: 9697_1700_カプコン_通期連結業績予想の修正および個別業績見込みと前期実績値との差異ならびに配当予想の修正(増配)に関するお知らせ.pdf
   ✅ 保存: 4676_1645_フジHD_法人税等調整額の計上及び通期業績予想の修正並びに配当予想に関するお知らせ.pdf
   ✅ 保存: 3226_1630_R-三井不アコモ_資金の借入れ(グリーンローンによる借換えを含む)に関するお知らせ.pdf
   ✅ 保存: 3667_1630_enish_第三者割当による第22回新株予約権(行使価額修正条項付)及び第2回無担保社債の発行、新株予約権買取契約締結並びに第20回新株予約権取得消却に関するお知らせ.pdf
   ✅ 保存: 3667_1630_enish_有償ストック・オプション(新株予約権)の発行に関するお知らせ.pdf
   ✅ 保存: 3667_1630_enish_定款の一部変更に関するお知らせ.pdf
   ✅ 保存: 3667_1630_enish_新任取締役候補者の選任に関するお知らせ.pdf
   ✅ 保存: 4720_1630_城南進研_剰余金の配当に関するお知らせ.pdf
   ✅ 保存: 7201_1630_日産自_業績予想の修正に関するお知らせ.pdf
   ✅ 保存: 7947_1630_エフピコ_連結子会社からの配当金受領に関するお知らせ.pdf
   ✅ 保存: 8951_1630_R-ビルF_資金の借換に関するお知らせ.pdf
   ✅ 保存: 7241_1620_フタバ産_2026年3月期 決算短信〔日本基準〕(連結).pdf
   ✅ 保存: 7241_1620_フタバ産_通期連結業績予想と実績値との差異に関するお知らせ.pdf
   ✅ 保存: 7241_1620_フタバ産_剰余金の配当(増配)に関するお知らせ.pdf
   ✅ 保存: 558A_1615_G-SQUEEZE_(訂正)「東京証券取引所グロース市場への上場に伴う当社決算情報等のお知らせ」の一部訂正について.pdf
   ✅ 保存: 6810_1610_マクセル_資本コストや株価を意識した経営の実現に向けた対応について(取組みの実行).pdf
   ✅ 保存: 168A_1600_G-イタミアート_事業計画及び成長可能性に関する事項.pdf
   ✅ 保存: 168A_1600_G-イタミアート_支配株主等に関する事項について.pdf
   ✅ 保存: 1723_1600_日本電技_本社移転に関するお知らせ.pdf
   ✅ 保存: 1813_1600_不動テトラ_代表取締役の異動(追加選定)及び役員人事に関するお知らせ.pdf
   ✅ 保存: 1960_1600_サンテック_業績予想の修正及び配当予想の修正(増配)に関するお知らせ.pdf
   ✅ 保存: 2338_1600_クオンタムS_募集新株予約権(有償ストック・オプション)の発行に関するお知らせ.pdf
   ✅ 保存: 2437_1600_シンワワイズ_「北大路魯山人」特別オークションの落札結果に関するお知らせ.pdf
   ✅ 保存: 2462_1600_ライク_株主優待制度の追加拡充に関するお知らせ(2026年4月13日付「株主優待制度の変更に関するお知らせ」の変更).pdf
   ✅ 保存: 2667_1600_イメージワン_(訂正)「取締役の異動に関するお知らせ」の一部訂正.pdf
   ✅ 保存: 287A_1600_黒田グループ_(開示事項の変更)代表取締役の異動および取締役候補者の一部変更に関するお知らせ.pdf
   ✅ 保存: 287A_1600_黒田グループ_(開示事項の変更)執行役員体制の一部変更に関するお知らせ.pdf
   ✅ 保存: 3080_1600_ジェーソン_2026年2月期 決算に関する質疑応答集.pdf
   ✅ 保存: 3103_1600_ユニチカ_代表取締役の異動及び役員人事に関するお知らせ.pdf
   ✅ 保存: 3103_1600_ユニチカ_子会社の解散に関するお知らせ.pdf
   ✅ 保存: 3635_1600_コーエーテクモ_令和8年3月期 決算短信〔日本基準〕(連結).pdf
   ✅ 保存: 3635_1600_コーエーテクモ_配当予想の修正に関するお知らせ.pdf
   ✅ 保存: 3636_1600_三菱総研_2026年9月期 第2四半期(中間期)決算短信〔日本基準〕(連結).pdf
   ✅ 保存: 3967_1600_G-エルテス_事業計画及び成長可能性に関する説明資料 3ヵ年経営計画(2027年2月期~2029年2月期).pdf
   ✅ 保存: 3967_1600_G-エルテス_連結子会社の異動(株式譲渡)及び子会社の異動(孫会社の子会社化)に関するお知らせ.pdf
   ✅ 保存: 4064_1600_カーバイド_(訂正)「代表取締役の異動について」の一部訂正について.pdf
   ✅ 保存: 4112_1600_保土谷化_通期業績予想の修正に関するお知らせ.pdf
   ✅ 保存: 4228_1600_積水化成_(開示事項の変更)連結子会社における固定資産の引渡期日及び特別利益計上の時期変更に関するお知らせ.pdf
   ✅ 保存: 4228_1600_積水化成_繰延税金資産(連結・個別)の計上、連結業績予想の修正及び配当予想修正に関するお知らせ.pdf
   ✅ 保存: 4360_1600_マナック・ケミカルP_剰余金の配当に関するお知らせ.pdf
   ✅ 保存: 4415_1600_G-ブロードエンター_2026年12月期第1四半期 業績速報に関するお知らせ.pdf
   ✅ 保存: 4526_1600_理研ビタミン_代表取締役および取締役の異動に関するお知らせ.pdf
   ✅ 保存: 4659_1600_エイジス_株式併合、単元株式数の定めの廃止及び定款の一部変更に関する臨時株主総会開催のお知らせ.pdf
   ✅ 保存: 4659_1600_エイジス_自己株式の消却に関するお知らせ.pdf
   ✅ 保存: 6092_1600_エンバイオHD_非上場の親会社等の決算情報に関するお知らせ.pdf
   ✅ 保存: 6898_1600_トミタ電機_公益財団法人財務会計基準機構への加入状況及び加入に関する考え方等に関するお知らせ.pdf
   ✅ 保存: 6908_1600_イリソ電子工業_第三者委員会設置及び2026年3月期決算発表の延期に関するお知らせ.pdf
   ✅ 保存: 6988_1600_日東電_2026年3月期 決算短信〔IFRS〕(連結).pdf
   ✅ 保存: 6988_1600_日東電_業績連動型譲渡制限付株式報酬制度導入に関するお知らせ.pdf
   ✅ 保存: 6988_1600_日東電_2026年3月期 決算短信〔IFRS〕(連結)補足資料.pdf
   ✅ 保存: 6988_1600_日東電_中期的業績連動報酬(業績連動型株式報酬)の一部改定に関するお知らせ.pdf
   ✅ 保存: 6988_1600_日東電_2026年3月期 決算短信〔IFRS〕(連結)決算説明資料.pdf
   ✅ 保存: 6988_1600_日東電_任意の指名・報酬諮問委員会の体制改編に関するお知らせ.pdf
   ✅ 保存: 7074_1600_G-247HD_連結子会社の一部事業譲渡に関する方針決定のお知らせ.pdf
   ✅ 保存: 7074_1600_G-247HD_連結子会社の一部事業譲渡に関するお知らせ.pdf
   ✅ 保存: 7236_1600_ティラド_2026年3月期 決算短信〔日本基準〕(連結).pdf
   ✅ 保存: 7236_1600_ティラド_決算補足説明.pdf
   ✅ 保存: 7236_1600_ティラド_配当予想の修正(増配)に関するお知らせ.pdf
   ✅ 保存: 7236_1600_ティラド_中期経営計画 T.RAD-2026.pdf
   ✅ 保存: 7236_1600_ティラド_投資単位の引下げに関する考え方及び方針等について.pdf
   ✅ 保存: 7278_1600_エクセディ_2026年3月期決算短信〔IFRS〕(連結).pdf
   ✅ 保存: 7278_1600_エクセディ_2026年3月期決算補足資料.pdf
   ✅ 保存: 7278_1600_エクセディ_2026年3月期決算説明会資料.pdf
   ✅ 保存: 7278_1600_エクセディ_個別業績の前期実績値との差異に関するお知らせ.pdf
   ✅ 保存: 7278_1600_エクセディ_自己株式取得に係る事項の決定に関するお知らせ.pdf
   ✅ 保存: 7278_1600_エクセディ_定款の一部変更に関するお知らせ.pdf
   ✅ 保存: 7327_1600_第四北越FG_「2026年3月期通期業績予想の上方修正」および「期末配当予想の修正(増配)」に関するお知らせ.pdf
   ✅ 保存: 7327_1600_第四北越FG_第三次中期経営計画における経営指標目標の上方修正(再修正)に関するお知らせ.pdf
   ✅ 保存: 7593_1600_VTHD_代表取締役および役員の異動に関するお知らせ.pdf
   ✅ 保存: 7944_1600_ローランド_当社メキシコ子会社における資金流出事案に関するお知らせ.pdf
   ✅ 保存: 8137_1600_サンワテクノス_(開示事項の経過)本社移転日決定に関するお知らせ.pdf
   ✅ 保存: 8362_1600_福井銀_株式会社福井銀行と株式会社福邦銀行の合併に係る認可取得に関するお知らせ.pdf
   ✅ 保存: 9211_1600_G-エフ・コード_株式会社Roomboxの株式の取得(子会社化)に関するお知らせ.pdf
   ✅ 保存: 9211_1600_G-エフ・コード_不動産業界特化型マーケティング支援事業運営 株式会社Roomboxの株式取得について(補足説明資料).pdf
   ✅ 保存: 3741_1545_セック_業績予想及び配当予想の修正に関するお知らせ.pdf
   ...Page 002 を確認中
   ✅ 保存: 9503_1545_関西電力_株式会社きんでんによる自己株式の公開買付けへの応募および関係会社株式売却益の計上見込みについて.pdf
   ✅ 保存: 2286_1540_林兼産_関係会社株式の減損処理による特別損失(個別決算)の計上に関するお知らせ.pdf
   ✅ 保存: 7247_1540_ミクニ_連結子会社従業員による不正行為の判明および令和8年3月期通期決算の発表延期に関するお知らせ.pdf
   ✅ 保存: 1718_1530_美樹工業_2026年12月期 第1四半期決算短信〔日本基準〕(連結).pdf
   ✅ 保存: 173A_1530_G-ハンモック_アディッシュ株式会社との資本業務提携に関するお知らせ.pdf
   ✅ 保存: 175A_1530_G-ウィルスマート_(開示事項の経過)新たな事業の開始に関するお知らせ.pdf
   ✅ 保存: 1944_1530_きんでん_2026年3月期 決算短信〔日本基準〕(連結).pdf
   ✅ 保存: 1944_1530_きんでん_剰余金の配当(増配)に関するお知らせ.pdf
   ✅ 保存: 1944_1530_きんでん_自己株式の取得及び自己株式の公開買付け、自己株式の消却並びに資金の借入れに関するお知らせ.pdf
   ✅ 保存: 1944_1530_きんでん_代表取締役及び役員等の異動に関するお知らせ.pdf
   ✅ 保存: 1944_1530_きんでん_支配株主等に関する事項について.pdf
   ✅ 保存: 2211_1530_不二家_2026年12月期 第1四半期決算短信〔日本基準〕(連結).pdf
   ✅ 保存: 2246_1530_仏債7-10ヘッジ有_「NEXT FUNDS ブルームバーグ・フランス国債(7-10年)インデックス(為替ヘッジあり)連動型上場投信」の信託終了にかかる約款変更の可能性に関するお知らせ.pdf
   ✅ 保存: 2311_1530_エプコ_2026年3月度 月次業績に関するお知らせ.pdf
   ✅ 保存: 2311_1530_エプコ_譲渡制限付株式報酬としての自己株式処分に関するお知らせ.pdf
   ✅ 保存: 2327_1530_NSSOL_期末配当予想の修正に関するお知らせ.pdf
   ✅ 保存: 2327_1530_NSSOL_2026年3月期 決算短信〔IFRS〕(連結).pdf
   ✅ 保存: 2327_1530_NSSOL_2025年度決算実績および2025-2027中期経営計画の進捗.pdf
   ✅ 保存: 2327_1530_NSSOL_2026年3月期決算 参考資料.pdf
   ✅ 保存: 2327_1530_NSSOL_通期個別業績値の前年実績値との差異に関するお知らせ.pdf
   ✅ 保存: 2540_1530_養命酒_自己株式の消却に関するお知らせ.pdf
   ✅ 保存: 2540_1530_養命酒_株式併合並びに単元株式数の定めの廃止及び定款の一部変更に関する臨時株主総会開催のお知らせ.pdf
   ✅ 保存: 2586_1530_G-フルッタフルッタ_第三者割当による第14回新株予約権(行使価額修正条項付)の大量行使に関するお知らせ.pdf
   ✅ 保存: 2689_1530_オルバヘルスケアHD_2026年6月期 第3四半期決算短信〔日本基準〕(連結).pdf
   ✅ 保存: 2760_1530_東エレデバ_2026年3月期 決算短信〔日本基準〕(連結).pdf
   ✅ 保存: 2760_1530_東エレデバ_配当予想の修正(増配)に関するお知らせ.pdf
   ✅ 保存: 2778_1530_パレモ・HD_(株)パレモの月次売上高前年比情報に関するお知らせ.pdf
   ✅ 保存: 2930_1530_北の達人_剰余金の配当に関するお知らせ.pdf
   ✅ 保存: 2930_1530_北の達人_役員の異動に関するお知らせ.pdf
   ✅ 保存: 3086_1530_Jフロント_剰余金の配当に関するお知らせ.pdf
   ✅ 保存: 3287_1530_R-星野_資金の借入れ(金利決定)に関するお知らせ.pdf
   ✅ 保存: 3451_1530_R-トーセイ・リート_国内不動産信託受益権の取得及びこれに伴う貸借の開始に関するお知らせ(TRガーデン横浜中田).pdf
   ✅ 保存: 3463_1530_R-いちごホテル_ホテル運営状況のお知らせ(2026年3月度).pdf
   ✅ 保存: 3479_1530_G-TKP_定款の一部変更に関するお知らせ.pdf
   ✅ 保存: 3690_1530_イルグルム_譲渡制限付株式報酬としての自己株式の処分の払込完了に関するお知らせ.pdf
   ✅ 保存: 3796_1530_いい生活_2026年3月期通期連結業績予想の修正(上方修正)に関するお知らせ.pdf
   ✅ 保存: 3796_1530_いい生活_2026年3月度 月次概況(速報)に関するお知らせ.pdf
   ✅ 保存: 3923_1530_ラクス_2026年3月期通期連結業績予想及び配当予想の修正に関するお知らせ.pdf
   ✅ 保存: 4102_1530_丸尾カルシウム_業績予想の修正に関するお知らせ.pdf
   ✅ 保存: 4175_1530_G-coly_支配株主等に関する事項について.pdf
   ✅ 保存: 4175_1530_G-coly_株式会社coly 第12期 定時株主総会 事前質問 質疑応答要旨.pdf
   ✅ 保存: 4343_1530_イオンファン_株式報酬型ストックオプションとしての新株予約権発行について.pdf
   ✅ 保存: 4475_1530_G-HENNGE_主要株主の異動に関するお知らせ.pdf
   ✅ 保存: 4498_1530_G-サイバートラスト_2026年3月期 決算短信〔日本基準〕(連結).pdf
   ✅ 保存: 4498_1530_G-サイバートラスト_2026年3月期 決算説明資料.pdf
   ✅ 保存: 4498_1530_G-サイバートラスト_代表取締役の異動(退任)及び役員人事に関するお知らせ.pdf
   ✅ 保存: 4498_1530_G-サイバートラスト_剰余金の配当(増配)と次期配当予想に関するお知らせ.pdf
   ✅ 保存: 4498_1530_G-サイバートラスト_通期個別業績の前期実績値との差異に関するお知らせ.pdf
   ✅ 保存: 4503_1530_アステラス薬_役員人事に関するお知らせ.pdf
   ✅ 保存: 4503_1530_アステラス薬_2026年3月期 決算短信[IFRS](連結).pdf
   ✅ 保存: 4503_1530_アステラス薬_2026年3月期 決算補足資料.pdf
   ✅ 保存: 4503_1530_アステラス薬_2026年3月期 決算説明会資料.pdf
   ✅ 保存: 4503_1530_アステラス薬_無形資産の減損損失および個別決算(日本基準)における 特別損失の計上について.pdf
   ✅ 保存: 4634_1530_artience_譲渡制限付株式報酬としての自己株式の処分の払込完了に関するお知らせ.pdf
   ✅ 保存: 4883_1530_G-モダリス_連結子会社における固定資産の譲渡及び特別利益の計上に関するお知らせ.pdf
   ✅ 保存: 4974_1530_タカラバイオ_自己株式の消却に関するお知らせ.pdf
   ✅ 保存: 4974_1530_タカラバイオ_株式併合並びに単元株式数の定めの廃止及び定款の一部変更に関する臨時株主総会開催のお知らせ.pdf
   ✅ 保存: 5033_1530_G-ヌーラボ_当社従業員に対するストックオプション(新株予約権)の発行に関するお知らせ.pdf
   ✅ 保存: 5259_1530_G-BBDI_当社株式の上場廃止に関するお知らせ.pdf
   ✅ 保存: 5271_1530_トーヨーアサノ_第三者割当による自己株式の払込み完了に関するお知らせ.pdf
   ✅ 保存: 5401_1530_日本製鉄_子会社の通期個別業績値の前年実績値との差異に関するお知らせ.pdf
   ✅ 保存: 5563_1530_新日本電工_譲渡制限付株式報酬としての自己株式の処分に関するお知らせ.pdf
   ✅ 保存: 5612_1530_日鋳鉄管_業績予想と実績値との差異および特別損失の計上に関するお知らせ.pdf
   ✅ 保存: 5612_1530_日鋳鉄管_剰余金の配当に関するお知らせ.pdf
   ✅ 保存: 5612_1530_日鋳鉄管_2026年3月期 決算短信[日本基準](連結).pdf
   ✅ 保存: 5885_1530_ジーデップアドバンス_大口受注に関するお知らせ.pdf
   ✅ 保存: 5988_1530_パイオラックス_減損損失の計上及び通期業績予想の修正に関するお知らせ.pdf
   ✅ 保存: 6031_1530_G-ZETA_その他の関係会社の異動に関するお知らせ.pdf
   ✅ 保存: 6203_1530_豊和工_海外連結子会社の解散および清算に関するお知らせ.pdf
   ✅ 保存: 6501_1530_日立_自己株式の取得状況及び取得終了に関するお知らせ(会社法第459条第1項の規定による定款の定めに基づく自己株式の取得).pdf
   ✅ 保存: 6501_1530_日立_2026年3月期 決算短信〔IFRS〕(連結).pdf
   ✅ 保存: 6501_1530_日立_2026年3月期 連結決算の概要.pdf
   ✅ 保存: 6501_1530_日立_経営計画「Inspire 2027」の進捗について.pdf
   ✅ 保存: 6501_1530_日立_期末配当予定に関するお知らせ.pdf
   ✅ 保存: 6501_1530_日立_自己の株式の取得に関するお知らせ(会社法第459条第1項の規定による定款の定めに基づく自己株式の取得).pdf
   ✅ 保存: 6588_1530_東芝テック_通期連結業績予想の修正に関するお知らせ.pdf
   ✅ 保存: 6594_1530_ニデック_「改善計画・状況報告書(改訂版)」の公表に関するお知らせ.pdf
   ✅ 保存: 6594_1530_ニデック_2026年3月期決算発表の延期に関するお知らせ.pdf
   ✅ 保存: 6594_1530_ニデック_機構改革および役員等の異動に関するお知らせ.pdf
   ✅ 保存: 6670_1530_MCJ_株式併合、単元株式数の定めの廃止及び定款一部変更に関するお知らせ.pdf
   ✅ 保存: 6670_1530_MCJ_自己株式の消却に関するお知らせ.pdf
   ✅ 保存: 6754_1530_アンリツ_剰余金の配当に関するお知らせ.pdf
   ✅ 保存: 6754_1530_アンリツ_2026年3月期決算短信〔IFRS〕(連結).pdf
   ✅ 保存: 6754_1530_アンリツ_取締役の異動に関するお知らせ.pdf
   ✅ 保存: 6754_1530_アンリツ_2026年3月期業績概要(決算説明会資料).pdf
   ✅ 保存: 6810_1530_マクセル_2026年3月期決算短信[日本基準](連結).pdf
   ✅ 保存: 6810_1530_マクセル_2026年3月期の個別業績実績と前期個別業績実績との差異に関するお知らせ.pdf
   ✅ 保存: 6810_1530_マクセル_完全子会社への会社分割(簡易吸収分割)による事業承継に関するお知らせ.pdf
   ✅ 保存: 6810_1530_マクセル_自己株式の消却に関するお知らせ.pdf
   ✅ 保存: 6857_1530_アドバンテス_2026年3月期 決算短信〔IFRS〕(連結).pdf
   ✅ 保存: 6857_1530_アドバンテス_剰余金の配当(期末配当)に関するお知らせ.pdf
   ✅ 保存: 6857_1530_アドバンテス_事後交付型譲渡制限付株式ユニット制度に基づく自己株式の処分に関するお知らせ.pdf
   ✅ 保存: 6857_1530_アドバンテス_譲渡制限付株式報酬としての自己株式の処分の払込完了に関するお知らせ.pdf
   ✅ 保存: 6857_1530_アドバンテス_2025年度決算説明会資料.pdf
   ✅ 保存: 7077_1530_G-ALiNK_定款の一部変更に関するお知らせ.pdf
   ✅ 保存: 7077_1530_G-ALiNK_公認会計士等の異動に関するお知らせ.pdf
   ✅ 保存: 7093_1530_G-アディッシュ_株式会社ハンモックとの資本業務提携に関するお知らせ.pdf
   ✅ 保存: 7094_1530_G-NexTone_2026年3月期 通期連結業績予想の修正に関するお知らせ.pdf
   ✅ 保存: 7276_1530_小糸製_役員等の異動に関するお知らせ.pdf
   ✅ 保存: 7683_1530_ダブルエー_支配株主等に関する事項について.pdf
   ...Page 003 を確認中
   ✅ 保存: 7716_1530_ナカニシ_譲渡制限付株式報酬としての自己株式の処分の払込完了に関するお知らせ.pdf
   ✅ 保存: 7860_1530_エイベックス_業績予想の修正に関するお知らせ.pdf
   ✅ 保存: 7949_1530_小松ウオール_2026年3月期 決算短信〔日本基準〕(非連結).pdf
   ✅ 保存: 7949_1530_小松ウオール_2026年3月期 決算補足資料.pdf
   ✅ 保存: 7949_1530_小松ウオール_株式報酬制度の一部改定に関するお知らせ.pdf
   ✅ 保存: 7949_1530_小松ウオール_役員の異動に関するお知らせ.pdf
   ✅ 保存: 7970_1530_信越ポリマ_2026年3月期 決算短信〔日本基準〕(連結).pdf
   ✅ 保存: 7970_1530_信越ポリマ_2026年3月期 配当予想の修正に関するお知らせ.pdf
   ✅ 保存: 8283_1530_PALTAC_新物流センター建設(固定資産の取得)に関するお知らせ.pdf
   ✅ 保存: 8398_1530_筑邦銀_業績予想の修正に関するお知らせ.pdf
   ✅ 保存: 8473_1530_SBI_(開示事項の経過)韓国教保生命保険の株式取得に伴う持分法による投資利益(負ののれん発生益)の計上に関するお知らせ.pdf
   ✅ 保存: 8591_1530_オリックス_連結子会社オリックス銀行の異動(株式譲渡)に関するお知らせ.pdf
   ✅ 保存: 8601_1530_大和証G_連結自己資本規制比率及び連結レバレッジ比率に関するお知らせ - 経営の健全性の状況(2025年12月末)-.pdf
   ✅ 保存: 8601_1530_大和証G_連結流動性カバレッジ比率及び連結安定調達比率に関するお知らせ - 流動性に係る経営の健全性の状況(2025年度 第3四半期)-.pdf
   ✅ 保存: 8601_1530_大和証G_剰余金の配当(期末配当)に関するお知らせ.pdf
   ✅ 保存: 8601_1530_大和証G_2026年3月期 決算短信〔日本基準〕(連結).pdf
   ✅ 保存: 8601_1530_大和証G_2025年度 第4四半期 決算説明資料.pdf
   ✅ 保存: 8601_1530_大和証G_オリックス銀行株式会社の子会社化について.pdf
   ✅ 保存: 8601_1530_大和証G_オリックス銀行の子会社化に関する補足説明資料.pdf
   ✅ 保存: 8956_1530_R-NTT都市開発R_資金の借入(金利決定)に関するお知らせ.pdf
   ✅ 保存: 8958_1530_R-グロバル_借入金利の決定に関するお知らせ.pdf
   ✅ 保存: 8972_1530_R-KDX不動産_資金の借入れに関するお知らせ(シリーズ0051).pdf
   ✅ 保存: 8972_1530_R-KDX不動産_国内不動産信託受益権の譲渡に関するお知らせ(KDX 宇都宮ビル).pdf
   ✅ 保存: 8975_1530_R-いちごオフィス_資金の借入(金利決定)のお知らせ.pdf
   ✅ 保存: 8984_1530_R-ハウスリート_資金の借入れ(金利決定)に関するお知らせ.pdf
   ✅ 保存: 9206_1530_SFJ_2026年3月度 旅客輸送実績・運航実績.pdf
   ✅ 保存: 9216_1530_ビーウィズ_Radiant Communication Sdn. Bhd.(マレーシア)の株式の取得(子会社化)に関するお知らせ.pdf
   ✅ 保存: 9621_1530_建設技研_譲渡制限付株式報酬としての自己株式の処分に関するお知らせ.pdf
   ✅ 保存: 9629_1530_ピーシーエー_2026年3月期決算短信〔日本基準〕(連結).pdf
   ✅ 保存: 4507_1515_塩野義薬_2026年3月期 配当予想の修正(増配)に関するお知らせ.pdf
   ✅ 保存: 7283_1510_愛三工_2026年3月期 決算短信〔日本基準〕(連結).pdf
   ✅ 保存: 7283_1510_愛三工_剰余金の配当に関するお知らせ.pdf
   ✅ 保存: 7283_1510_愛三工_支配株主等に関する事項.pdf
   ✅ 保存: 4091_1500_日本酸素HD_代表取締役及び役員の異動に関するお知らせ.pdf
   ✅ 保存: 4109_1500_ステラケミファ_組織変更および重要人事に関するお知らせ.pdf
   ✅ 保存: 4109_1500_ステラケミファ_役員人事に関するお知らせ.pdf
   ✅ 保存: 4109_1500_ステラケミファ_剰余金の配当に関するお知らせ.pdf
   ✅ 保存: 5101_1500_浜ゴム_譲渡制限付株式報酬としての自己株式の処分に関するお知らせ.pdf
   ✅ 保存: 6382_1500_トリニ工_2026年3月期 決算短信〔日本基準〕(連結).pdf
   ✅ 保存: 6382_1500_トリニ工_剰余金の配当に関するお知らせ.pdf
   ✅ 保存: 6382_1500_トリニ工_中期経営計画策定に関するお知らせ.pdf
   ✅ 保存: 6382_1500_トリニ工_株主還元方針の変更に関するお知らせ.pdf
   ✅ 保存: 6382_1500_トリニ工_代表取締役異動に関するお知らせ.pdf
   ✅ 保存: 6436_1500_アマノ_2026年3月期 決算短信〔日本基準〕(連結).pdf
   ✅ 保存: 6436_1500_アマノ_株主還元方針の変更および剰余金の配当に関するお知らせ.pdf
   ✅ 保存: 6436_1500_アマノ_役員向け業績連動型株式報酬制度の継続および一部改定に関するお知らせ.pdf
   ✅ 保存: 6859_1500_エスペック_「内部統制システム整備の基本方針」の一部改定に関するお知らせ.pdf
   ✅ 保存: 8370_1500_紀陽銀行_業績予想および期末配当予想の修正(増配)に関するお知らせ.pdf
   ✅ 保存: 8392_1500_大分銀_業績予想の修正に関するお知らせ.pdf
   ✅ 保存: 8392_1500_大分銀_2026年3月期末の有価証券含み損に関するお知らせ.pdf
   ✅ 保存: 8747_1500_豊トラスティ証券_連結総資産の減少に関するお知らせ.pdf
   ✅ 保存: 9048_1500_名鉄_役員の異動に関するお知らせ.pdf
   ✅ 保存: 9059_1500_カンダ_主要な子会社の役員の異動に関するお知らせ.pdf
   ✅ 保存: 9535_1500_広島ガス_業績予想の修正に関するお知らせ.pdf
   ✅ 保存: 7238_1430_曙ブレーキ_連結子会社からの配当金受領に関するお知らせ.pdf
   ✅ 保存: 5992_1420_中央発条_2026年3月期 決算短信〔日本基準〕(連結).pdf
   ✅ 保存: 5992_1420_中央発条_剰余金の配当に関するお知らせ.pdf
   ✅ 保存: 5992_1420_中央発条_営業外収益(為替差益)の計上に関するお知らせ.pdf
   ✅ 保存: 5992_1420_中央発条_法人税等調整額(損)の計上に関するお知らせ.pdf
   ✅ 保存: 5992_1420_中央発条_支配株主等に関する事項について.pdf
   ✅ 保存: 2031_1410_ハンセンブル_2026年3月期 決算短信.pdf
   ✅ 保存: 2032_1410_ハンセンベア_2026年3月期 決算短信.pdf
   ✅ 保存: 2033_1410_KOSPIブル_2026年3月期 決算短信.pdf
   ✅ 保存: 2034_1410_KOSPIベア_2026年3月期 決算短信.pdf
   ✅ 保存: 2036_1410_金先物ダブルブル_2026年3月期 決算短信.pdf
   ✅ 保存: 2037_1410_金先物ベア_2026年3月期 決算短信.pdf
   ✅ 保存: 2038_1410_ドバイ原油先物ブル_2026年3月期 決算短信.pdf
   ✅ 保存: 2039_1410_ドバイ原油先物ベア_2026年3月期 決算短信.pdf
   ✅ 保存: 2040_1410_NYダウブルETN_2026年3月期 決算短信.pdf
   ✅ 保存: 2041_1410_NYダウベアETN_2026年3月期 決算短信.pdf
   ✅ 保存: 2042_1410_グロース250ETN_2026年3月期 決算短信.pdf
   ✅ 保存: 2043_1410_アセアン50ETN_2026年3月期 決算短信.pdf
   ✅ 保存: 2044_1410_米国配当貴族ETN_2026年3月期 決算短信.pdf
   ✅ 保存: 2045_1410_シンガポールリート_2026年3月期 決算短信.pdf
   ✅ 保存: 2046_1410_インドブルETN_2026年3月期 決算短信.pdf
   ✅ 保存: 2047_1410_インドベアETN_2026年3月期 決算短信.pdf
   ✅ 保存: 2048_1410_高配株$ヘッジETN_2026年3月期 決算短信.pdf
   ✅ 保存: 2050_1410_ニッチトップ中小型_2026年3月期 決算短信.pdf
   ✅ 保存: 2065_1410_日本株配当貴族ETN_2026年3月期 決算短信.pdf
   ✅ 保存: 2066_1410_東証リートETN_2026年3月期 決算短信.pdf
   ✅ 保存: 2067_1410_野村AI70ETN_2026年3月期 決算短信.pdf
   ✅ 保存: 2068_1410_高ベータ30ETN_2026年3月期 決算短信.pdf
   ✅ 保存: 2069_1410_低ベータ50ETN_2026年3月期 決算短信.pdf
   ✅ 保存: 1850_1400_南海辰村建設_業績予想の修正に関するお知らせ.pdf
   ✅ 保存: 3269_1400_R-ADR_資金の借入れ(金利決定)及び金利スワップ契約締結に関するお知らせ.pdf
   ✅ 保存: 3461_1400_パルマ_日本郵政グループとの業務連携深化に関するお知らせ.pdf
   ✅ 保存: 3577_1400_東海染工_特別利益(投資有価証券売却益)の発生および業績予想の修正に関するお知らせ.pdf
   ✅ 保存: 3577_1400_東海染工_剰余金の配当及び代表取締役ならびに役員の異動に関するお知らせ.pdf
   ✅ 保存: 5410_1400_合同鉄_2026年3月期 決算短信〔日本基準〕(連結).pdf
   ✅ 保存: 5410_1400_合同鉄_「合同製鐵グループ 中期ビジョン2030 Proactive×Challenge」について.pdf
   ✅ 保存: 5410_1400_合同鉄_役員人事に関するお知らせ.pdf
   ✅ 保存: 5410_1400_合同鉄_支配株主等に関する事項.pdf
   ✅ 保存: 5537_1400_G-AlbaLink_中東情勢の緊迫化に伴う当社への影響について.pdf
   ✅ 保存: 6197_1400_ソラスト_臨時株主総会招集のための基準日設定に関するお知らせ.pdf
   ✅ 保存: 6470_1400_大豊工業_2026年3月期 決算短信〔日本基準〕(連結).pdf
   ✅ 保存: 6470_1400_大豊工業_2026年3月期 決算概要.pdf
   ✅ 保存: 6470_1400_大豊工業_減損損失の計上及び連結業績予想値と実績値との差異に関するお知らせ.pdf
   ✅ 保存: 6470_1400_大豊工業_通期個別業績の前期実績値との差異に関するお知らせ.pdf
   ✅ 保存: 6470_1400_大豊工業_別途積立金の取り崩しに関するお知らせ.pdf
   ✅ 保存: 6470_1400_大豊工業_剰余金の配当に関するお知らせ.pdf
   ...Page 004 を確認中
   ✅ 保存: 6470_1400_大豊工業_支配株主等に関する事項について.pdf
   ✅ 保存: 6470_1400_大豊工業_代表取締役、取締役および監査役の異動に関するお知らせ.pdf
   ✅ 保存: 8285_1400_三谷産業_2026年3月期 決算短信〔日本基準〕(連結).pdf
   ✅ 保存: 8285_1400_三谷産業_2026年3月期 決算ハイライト.pdf
   ✅ 保存: 8343_1400_秋田銀_業績予想および配当予想の修正に関するお知らせ.pdf
   ✅ 保存: 9044_1400_NANKAI_当社子会社(南海辰村建設株式会社)における業績予想の修正に関するお知らせ.pdf
   ✅ 保存: 4735_1330_京進_株式会社京進 2026年2月期 決算に関するQ&A.pdf
   ✅ 保存: 6785_1330_鈴木_2026年6月期通期連結業績予想および配当予想の修正に関するお知らせ.pdf
   ✅ 保存: 2221_1300_岩塚製菓_業績予想の修正に関するお知らせ.pdf
   ✅ 保存: 2221_1300_岩塚製菓_剰余金の配当に関するお知らせ.pdf
   ✅ 保存: 8098_1300_稲畑産_社債発行にかかる発行登録に関するお知らせ.pdf
   ✅ 保存: 8190_1300_ヤマナカ_2026年3月期決算短信〔日本基準〕(連結).pdf
   ✅ 保存: 9474_1300_ゼンリン_2026年3月期 決算短信〔日本基準〕(連結).pdf
   ✅ 保存: 9474_1300_ゼンリン_定款一部変更のお知らせ.pdf
   ✅ 保存: 9979_1300_大庄_2026年8月期中間期 決算説明資料.pdf
   ✅ 保存: 3778_1230_さくらインターネット_2026年3月期 決算短信〔日本基準〕(連結).pdf
   ✅ 保存: 3778_1230_さくらインターネット_2026年3月期 決算説明資料.pdf
   ✅ 保存: 3778_1230_さくらインターネット_連結業績予想と実績値との差異に関するお知らせ.pdf
   ✅ 保存: 5941_1230_中西製作所_業績予想の修正に関するお知らせ.pdf
   ✅ 保存: 6981_1216_村田製_当社のIT環境への不正アクセスに関するお知らせ(続報).pdf
   ✅ 保存: 2288_1200_丸大食_通期連結業績予想の修正及び個別業績見込みと前期実績値との差異並びに配当予想の修正(増配)に関するお知らせ.pdf
   ✅ 保存: 3475_1200_グッドコムアセット_販売用不動産の販売(第5号私募ファンド)に関するお知らせ.pdf
   ✅ 保存: 4725_1200_CACHD_譲渡制限付株式報酬としての自己株式の処分の払込完了に関するお知らせ.pdf
   ✅ 保存: 6334_1200_明治機_連結子会社(特定子会社)の異動(持分譲渡)に関するお知らせ.pdf
   ✅ 保存: 6999_1200_KOA_2026年3月期 決算説明会資料.pdf
   ✅ 保存: 7727_1200_オーバル_業績予想の修正に関するお知らせ.pdf
   ✅ 保存: 1326_1140_E-ワールド_SPDRゴールド・シェアに関する日々の開示事項.pdf
   ✅ 保存: 3003_1130_ヒューリック_2026年12月期第1四半期決算短信〔日本基準〕(連結).pdf
   ✅ 保存: 3747_1130_インタートレード_主要株主である筆頭株主の異動に関するお知らせ.pdf
   ✅ 保存: 4317_1130_レイ_剰余金の配当(期末配当)に関するお知らせ.pdf
   ✅ 保存: 4317_1130_レイ_支配株主等に関する事項について.pdf
   ✅ 保存: 4506_1130_住友ファーマ_新株式発行に係る発行登録の取下げに関するお知らせ.pdf
   ✅ 保存: 6484_1130_KVK_役員の異動に関するお知らせ.pdf
   ✅ 保存: 7161_1130_じもとHD_当社子会社における債権の取立不能又は取立遅延のおそれに関するお知らせ.pdf
   ✅ 保存: 7326_1130_G-SBIインシュ_2026年3月期 決算速報及び期末配当予想の修正のお知らせ.pdf
   ✅ 保存: 7326_1130_G-SBIインシュ_役員の異動に関するお知らせ.pdf
   ✅ 保存: 8628_1130_松井証_2026年3月期 決算短信〔日本基準〕(非連結).pdf
   ✅ 保存: 8628_1130_松井証_2026年3月期 決算報告資料.pdf
   ✅ 保存: 1921_1100_巴_当社株式の大規模買付行為等への対応方針(買収への対応方針)の導入について.pdf
   ✅ 保存: 6516_1100_山洋電気_2026年3月期 決算短信〔IFRS〕(連結).pdf
   ✅ 保存: 6516_1100_山洋電気_配当予想の修正(増配)に関するお知らせ.pdf
   ✅ 保存: 7897_1100_ホクシン_(訂正)「役員人事に関するお知らせ」の一部訂正に関するお知らせ.pdf
   ✅ 保存: 9368_1100_キムラユニティー_2026年3月期 決算短信〔日本基準〕(連結).pdf
   ✅ 保存: 9368_1100_キムラユニティー_中国事業の再編に伴う連結子会社の解散、子会社設立及び特別損失(特別退職金)の 計上に関するお知らせ.pdf
   ✅ 保存: 9368_1100_キムラユニティー_特別損失(使用権資産の減損)の計上に関するお知らせ.pdf
   ✅ 保存: 9368_1100_キムラユニティー_定款一部変更に関するお知らせ.pdf
   ✅ 保存: 9932_1100_杉本商事_2026年3月期 決算短信〔日本基準〕(連結).pdf
   ✅ 保存: 9932_1100_杉本商事_2026年3月期決算説明資料.pdf
   ✅ 保存: 7095_1030_MacbeeP_自己株式立会外買付取引(ToSTNeT-3)による自己株式の取得結果及び取得終了に関するお知らせ.pdf
   ✅ 保存: 336A_1000_G-ダイナミクマップ_株式会社リカノスの株式取得(子会社化)に関するお知らせ.pdf
   ✅ 保存: 9212_1000_G-GEI_2026年9月期第2四半期(中間期)業績予想の修正に関するお知らせ.pdf
   ✅ 保存: 5888_0930_G-ダイワサイクル_支配株主等に関する事項について.pdf
   ✅ 保存: 5888_0930_G-ダイワサイクル_事業計画及び成長可能性に関する事項.pdf
   ✅ 保存: 441A_0900_G-NE_株主優待制度の内容に関するお知らせ.pdf
   ✅ 保存: 6963_0850_ローム_当社に関する一部報道について.pdf
   ✅ 保存: 6902_0845_デンソー_一部報道について.pdf
   ✅ 保存: 5020_0830_ENEOS_当社グループ会社の起訴および今後の対応について.pdf
   ✅ 保存: 186A_0800_G-アストロスケール_執行役員の選任に関するお知らせ.pdf
   ...Page 005 を確認中
   📝 一覧CSV保存: TDnet_Sorted_20260427.csv
   📝 一覧CSV保存（ルート）: TDnet_Sorted_20260427.csv
   📊 日別統計: page_access=5, pdf_success=358, excluded=7

============================================================
✅ ①完了（範囲取得）
   期間: 20260427 ～ 20260427 （mode=day）
   一覧ページアクセス合計: 5
   PDFダウンロード成功合計: 358
   除外件数合計: 7
   保存ルート: G:\マイドライブ\TDnet_Downloads

$ C:\Users\onok\AppData\Local\Python\pythoncore-3.14-64\python.exe -u ②a②bは２つフリーワード検索.py analyze --target 20260427 --save-root G:\マイドライブ\TDnet_Downloads --keywords 価格交渉 増産 価格改定 価格転嫁 値上 想定以上 上方修正 下方修正 想定以下 未達 大幅 計画を上 計画を下 計画以 需要回復 需要の回復 需要が増 需要が低 悪化 グローバルニッチトップ トップシェア シェア拡大 レアアース
ルート: G:\マイドライブ\TDnet_Downloads
対象指定: 20260427 mode= day from= 20260427 to= 20260427
対象フォルダ数: 1
検索キーワード: ['価格交渉', '増産', '価格改定', '価格転嫁', '値上', '想定以上', '上方修正', '下方修正', '想定以下', '未達', '大幅', '計画を上', '計画を下', '計画以', '需要回復', '需要の回復', '需要が増', '需要が低', '悪化', 'グローバルニッチトップ', 'トップシェア', 'シェア拡大', 'レアアース']
総PDF数（推定）: 358
[1/1] 日付フォルダ 20260427 を処理中... (このフォルダ内PDF数: 358)
  進捗: 50/358 件のPDFを解析済み
  進捗: 100/358 件のPDFを解析済み
  進捗: 150/358 件のPDFを解析済み
  進捗: 200/358 件のPDFを解析済み
  進捗: 250/358 件のPDFを解析済み
  進捗: 300/358 件のPDFを解析済み
  進捗: 350/358 件のPDFを解析済み
  進捗: 358/358 件のPDFを解析済み
  → 日付フォルダ 20260427 のヒットPDF数: 71

✅ ②A 完了（解析専用・キーワード別ページ列）
解析PDF数: 358
ヒットPDF数: 71
出力CSV: Analysis_Hits_free_word_20260427.csv
保存先: G:\マイドライブ\TDnet_Downloads

$ C:\Users\onok\AppData\Local\Python\pythoncore-3.14-64\python.exe -u ②a②bは２つフリーワード検索.py distribute --target 20260427 --save-root G:\マイドライブ\TDnet_Downloads --no-stop-on-empty-meta

✅ ②B 完了（配布用CSV作成・キーワード別ページ列）
出力: PDF_Search_Result_Distribution_free_word_20260427_sh.csv
キーワード列: ['価格交渉', '増産', '価格改定', '価格転嫁', '値上', '想定以上', '上方修正', '下方修正', '想定以下', '未達', '大幅', '計画を上', '計画を下', '計画以', '需要回復', '需要の回復', '需要が増', '需要が低', '悪化', 'グローバルニッチトップ', 'トップシェア', 'シェア拡大', 'レアアース']
突合除外件数: 0
空欄アラート件数: 0

============================================
 Done: 2026-05-02 00:31:28
============================================
