============================================
 TDnet auto run: 20260703
 Start: 2026-07-03 23:00:01
============================================

$ C:\Users\onok\AppData\Local\Python\pythoncore-3.14-64\python.exe -u ①_tdnetアクセスしてダウンロードする処理（月日付別フォルダ保存）.py --target 20260703 --save-root G:\マイドライブ\TDnet_Downloads
🎯 対象指定: 20260703（mode=day, from=20260703, to=20260703）
📁 保存ルート: G:\マイドライブ\TDnet_Downloads

============================================================
📅 日付: 20260703 を処理します
   ...Page 001 を確認中
   ✅ 保存: 3994_1920_マネーフォワード_主要株主である筆頭株主の異動に関するお知らせ.pdf
   ✅ 保存: 9310_1815_トランスシティ_自己株式の取得状況に関するお知らせ.pdf
   ✅ 保存: 350A_1800_G-デジタルグリッド_資金借入に関するお知らせ.pdf
   ✅ 保存: 9627_1745_アインHD_当社及び当社グループ会社元取締役の上告審の公判期日について.pdf
   ✅ 保存: 4935_1730_リベルタ_(訂正)「第7回新株予約権(行使価額修正条項付)の月間行使状況に関するお知らせ」の一部訂正に関するお知らせ.pdf
   ✅ 保存: 543A_1730_ARCHION_当社に関する一部報道について.pdf
   ✅ 保存: 7112_1730_G-キューブ_[2026年12月期]2026年6月度 直営店月次売上速報.pdf
   ✅ 保存: 8439_1730_東京センチュリー_連結孫会社による財務上の特約が付された金銭消費貸借契約の締結に関するお知らせ.pdf
   ✅ 保存: 9760_1730_進学会HD_連結子会社の保有する有価証券の評価損発生に関するお知らせ.pdf
   ✅ 保存: 8746_1715_unbanked_(訂正)訴訟の提起に関するお知らせ.pdf
   ✅ 保存: 2345_1700_HODL1_暗号資産(イーサリアム)保有状況に関するお知らせ(2026年6月末時点).pdf
   ✅ 保存: 3856_1700_Abalance_調査委員会の調査報告書公表に関するお知らせ.pdf
   ✅ 保存: 4935_1700_リベルタ_第7回新株予約権(行使価額修正条項付)の大量行使に関するお知らせ.pdf
   ✅ 保存: 5254_1700_G-Arent_自己株式の取得状況に関するお知らせ (会社法第459条第1項の規定による定款の定めに基づく自己株式の取得).pdf
   ✅ 保存: 6381_1700_アネスト岩田_自己株式の取得状況に関するお知らせ.pdf
   ✅ 保存: 7050_1700_G-フロンティアI_譲渡制限付株式報酬制度の導入に関するお知らせ.pdf
   ✅ 保存: 9302_1700_三井倉HD_自己株式の取得状況および取得終了に関するお知らせ.pdf
   ✅ 保存: 9982_1630_タキヒヨー_自己株式の取得状況に関するお知らせ.pdf
   ✅ 保存: 6036_1610_KeePer技研_キーパーラボ運営事業とキーパー製品等関連事業の月次速報(6月).pdf
   ✅ 保存: 146A_1600_コロンビア・ワークス_物件取得に関するお知らせ.pdf
   ✅ 保存: 1721_1600_コムシスHD_自己株式の取得状況に関するお知らせ.pdf
   ✅ 保存: 1812_1600_鹿島_自己株式の取得状況に関するお知らせ.pdf
   ✅ 保存: 2371_1600_カカクコム_(変更)「Kamgras 1株式会社による当社株券等に対する公開買付けに関する賛同の意見表明及び応募推奨のお知らせ」の一部変更に関するお知らせ.pdf
   ✅ 保存: 3046_1600_JINSHD_2026年6月度(2026年8月期)月次売上状況(速報)等について.pdf
   ✅ 保存: 3933_1600_チエル_(訂正・数値データ訂正)「2026年3月期決算短信〔日本基準〕(連結)」の一部訂正について.pdf
   ✅ 保存: 3958_1600_笹徳印刷_自己株式の取得状況に関するお知らせ.pdf
   ✅ 保存: 4222_1600_児玉化_支配株主等に関する事項について.pdf
   ✅ 保存: 4553_1600_東和薬品_田辺ファーマ株式会社からの田辺ファーマファクトリー株式会社の株式の取得(完全子会社化)および製造販売承認の承継に関するお知らせ.pdf
   ✅ 保存: 6081_1600_G-アライドアーキ_第三者割当により発行された行使価額修正条項付第22回新株予約権の月間行使状況に関するお知らせ.pdf
   ✅ 保存: 6875_1600_メガチップス_自己株式の取得状況に関するお知らせ.pdf
   ✅ 保存: 7242_1600_カヤバ_取締役(社外取締役を除く。)に対する譲渡制限付株式報酬等としての自己株式処分の割当完了に関するお知らせ.pdf
   ✅ 保存: 7462_1600_CAPITA_非上場の親会社等の決算に関するお知らせ.pdf
   ✅ 保存: 7462_1600_CAPITA_支配株主等に関する事項について.pdf
   ✅ 保存: 7749_1600_メディキット_当社連結子会社による株式会社T.G. Medicalの株式の取得に関するお知らせ.pdf
   ✅ 保存: 7814_1600_日本創発G_株式会社シテイー・ロードの株式取得及び簡易株式交換による完全子会社化に関するお知らせ.pdf
   ✅ 保存: 8233_1600_高島屋_2027年2月期 第1四半期 決算説明会 質疑応答要旨.pdf
   ✅ 保存: 8746_1600_unbanked_訴訟の提起に関するお知らせ.pdf
   ✅ 保存: 9790_1600_福井コンピ_(取消)「主要株主の異動に関するお知らせ」の取消しに関するお知らせ.pdf
   ✅ 保存: 9872_1600_北恵_2026年11月期第2四半期(中間期)決算短信〔日本基準〕(非連結).pdf
   ✅ 保存: 352A_1531_G-LOIVE_2027年3月期 6月度店舗数についてのお知らせ.pdf
   ✅ 保存: 7177_1531_GMOFHD_2026年6月の月次開示情報(速報)に関するお知らせ.pdf
   ✅ 保存: 9449_1531_GMO_自己株式の取得状況に関するお知らせ.pdf
   ✅ 保存: 1780_1530_ヤマウラ_自己株式の消却完了に関するお知らせ.pdf
   ✅ 保存: 1893_1530_五洋建_自己株式の取得状況に関するお知らせ.pdf
   ✅ 保存: 1893_1530_五洋建_自己株式の取得状況及び取得完了に関するお知らせ.pdf
   ✅ 保存: 2181_1530_パーソルHD_「IR DAY 2026」の資料公開に関するお知らせ.pdf
   ✅ 保存: 2267_1530_ヤクルト_自己株式の取得状況に関するお知らせ.pdf
   ✅ 保存: 2269_1530_明治HD_役員に対する譲渡制限付株式報酬としての自己株式の処分に関するお知らせ.pdf
   ✅ 保存: 2269_1530_明治HD_従業員に対する譲渡制限付株式を用いたインセンティブ制度に基づく自己株式の処分に関するお知らせ.pdf
   ✅ 保存: 2337_1530_いちご_いちご太陽光および風力発電所 月次発電実績(2026年6月)のお知らせ.pdf
   ✅ 保存: 2342_1530_トランスジェニックG_取締役及び従業員に対する譲渡制限付株式としての自己株式処分に関するお知らせ.pdf
   ✅ 保存: 2385_1530_G-総医研_上場維持基準への適合に関するお知らせ.pdf
   ✅ 保存: 2432_1530_ディーエヌエー_自己株式取得状況に関するお知らせ(2026年6月度).pdf
   ✅ 保存: 2503_1530_キリンHD_自己株式の取得状況に関するお知らせ.pdf
   ✅ 保存: 2678_1530_アスクル_2026年5月期決算短信〔日本基準〕(連結).pdf
   ✅ 保存: 2678_1530_アスクル_「2026年5月期 決算概要」のお知らせ.pdf
   ✅ 保存: 2678_1530_アスクル_2026年5月期通期連結業績予想値と実績値との差異に関するお知らせ.pdf
   ✅ 保存: 2678_1530_アスクル_2026年5月期個別業績の前期実績値との差異に関するお知らせ.pdf
   ✅ 保存: 2678_1530_アスクル_特別損失(減損損失)の計上に関するお知らせ.pdf
   ✅ 保存: 2705_1530_大戸屋HD_2026年6月度の月次売上高等に係る昨年対比増減率について.pdf
   ✅ 保存: 275A_1530_ハンワホームズ_2027年2月期第1四半期決算短信〔日本基準〕(連結).pdf
   ✅ 保存: 275A_1530_ハンワホームズ_2027年2月期第1四半期 決算説明資料.pdf
   ✅ 保存: 3082_1530_きちりHD_自己株式取得状況及び取得終了に関するお知らせ.pdf
   ✅ 保存: 3082_1530_きちりHD_2026年6月度 月次売上高等前年同月比についてのお知らせ.pdf
   ✅ 保存: 3153_1530_八洲電機_譲渡制限付株式報酬としての自己株式の処分に関するお知らせ.pdf
   ✅ 保存: 3191_1530_ジョイフル本田_株式会社ジョイフル本田とアークランズ株式会社の共同持株会社設立(株式移転)の日程変更に関するお知らせ.pdf
   ✅ 保存: 3197_1530_すかいらーくHD_2026年6月度 すかいらーくグループIRレポート.pdf
   ✅ 保存: 3358_1530_Trailhead_(訂正)「株式会社食べるの株式取得に関するお知らせ」及び 「(開示事項の経過)株式会社食べるの株式取得完了に関するお知らせ」の一部訂正について.pdf
   ✅ 保存: 3377_1530_バイク王_2026年11月期 第2四半期(中間期)決算短信〔日本基準〕(連結).pdf
   ✅ 保存: 3377_1530_バイク王_2026年11月期 第2四半期(中間期)決算説明資料.pdf
   ✅ 保存: 3471_1530_R-三井不ロジパーク_資金の借入れ及び返済に関するお知らせ.pdf
   ✅ 保存: 3490_1530_アズ企画設計_譲渡制限付株式報酬としての新株発行の払込完了に関するお知らせ.pdf
   ✅ 保存: 3490_1530_アズ企画設計_販売用不動産の取得に伴う資金借入に関するお知らせ.pdf
   ✅ 保存: 3498_1530_霞ヶ関キャピタル_株主優待制度の変更に関するお知らせ.pdf
   ✅ 保存: 3498_1530_霞ヶ関キャピタル_2026年8月期 第3四半期決算短信〔日本基準〕(連結).pdf
   ✅ 保存: 3544_1530_サツドラHD_取締役候補者の選任に関するお知らせ.pdf
   ✅ 保存: 3612_1530_ワールド_2027年2月期 第1四半期 決算短信〔IFRS〕(連結).pdf
   ✅ 保存: 3612_1530_ワールド_2027年2月期 第1四半期決算補足資料(データブック).pdf
   ✅ 保存: 3612_1530_ワールド_国内小売事業 2027年2月期 月次売上概況(6月度).pdf
   ✅ 保存: 3612_1530_ワールド_従業員持株会向け譲渡制限付株式インセンティブとしての自己株式の処分に関するお知らせ.pdf
   ✅ 保存: 3925_1530_ダブルスタンダード_(訂正)「支配株主等に関する事項について」の一部訂正について.pdf
   ✅ 保存: 3962_1530_チェンジHD_自己株式の取得状況に関するお知らせ.pdf
   ✅ 保存: 4041_1530_日曹達_譲渡制限付株式報酬としての自己株式の処分に関するお知らせ.pdf
   ✅ 保存: 4041_1530_日曹達_所在不明株主の株式買取りに係る事項の決定に関するお知らせ.pdf
   ✅ 保存: 4361_1530_川口化_2026年11月期第2四半期(中間期)決算短信〔日本基準〕(連結).pdf
   ✅ 保存: 4361_1530_川口化_2026年11月期第2四半期(中間期)業績予想数値と実績値との差異に関するお知らせ.pdf
   ✅ 保存: 4361_1530_川口化_2026年11月期通期連結業績予想に関するお知らせ.pdf
   ✅ 保存: 4394_1530_G-エクスモーション_株主優待制度導入のお知らせ AI成長戦略に基づく積極的株主還元策について.pdf
   ✅ 保存: 4394_1530_G-エクスモーション_2026年11月期 第2四半期決算補足説明資料.pdf
   ✅ 保存: 4394_1530_G-エクスモーション_2026年11月期 第2四半期(中間期)決算短信〔日本基準〕(連結).pdf
   ✅ 保存: 4394_1530_G-エクスモーション_株主優待制度の導入に関するお知らせ.pdf
   ✅ 保存: 4428_1530_G-シノプス_自己株式の取得状況に関するお知らせ.pdf
   ✅ 保存: 4547_1530_キッセイ薬_自己株式の取得状況に関するお知らせ.pdf
   ✅ 保存: 4617_1530_中国塗料_業績予想の修正に関するお知らせ.pdf
   ✅ 保存: 4617_1530_中国塗料_譲渡制限付株式報酬としての自己株式の処分に関するお知らせ.pdf
   ✅ 保存: 5027_1530_G-AnyMind_自己株式の取得状況に関するお知らせ.pdf
   ✅ 保存: 5137_1530_G-スマートドライブ_自己株式の取得状況に関するお知らせ.pdf
   ✅ 保存: 5304_1530_SECカーボン_自己株式の取得状況に関するお知らせ.pdf
   ✅ 保存: 547A_1530_ムニノバHD_あんしん保証株式会社(証券コード7183)の株券等に対する 公開買付けの結果及び子会社の異動(特定子会社の異動)に関するお知らせ.pdf
   ✅ 保存: 5532_1530_G-リアルゲイト_(開示事項の経過)固定資産の取得に関するお知らせ.pdf
   ...Page 002 を確認中
   ✅ 保存: 5844_1530_京都FG_自己株式の取得状況に関するお知らせ.pdf
   ✅ 保存: 5988_1530_パイオラックス_自己株式の取得状況に関するお知らせ.pdf
   ✅ 保存: 6089_1530_ウィルグループ_連結子会社からの配当金受領に関するお知らせ.pdf
   ✅ 保存: 6113_1530_アマダ_自己株式の取得状況に関するお知らせ.pdf
   ✅ 保存: 6135_1530_牧野フライス_取締役に対する譲渡制限付株式としての自己株式処分に関するお知らせ.pdf
   ✅ 保存: 6264_1530_マルマエ_2026年8月期 第3四半期決算短信[日本基準](連結).pdf
   ✅ 保存: 6264_1530_マルマエ_2026年8月期 第3四半期決算 補足資料.pdf
   ✅ 保存: 6455_1530_モリタHD_譲渡制限付株式報酬としての自己株式の処分に関するお知らせ.pdf
   ✅ 保存: 6558_1530_G-クックビズ_(開示事項の経過)TECH CREW株式会社の株式の取得(連結子会社化)の 完了に関するお知らせ.pdf
   ✅ 保存: 6954_1530_ファナック_自己株式の取得状況に関するお知らせ.pdf
   ✅ 保存: 7066_1530_G-ピアズ_定款の一部変更に関するお知らせ.pdf
   ✅ 保存: 7084_1530_G-SmileHD_上場維持基準の適合に関するお知らせ.pdf
   ✅ 保存: 7183_1530_あんしん保証_公開買付けの結果並びに親会社、その他の関係会社、主要株主及び主要株主である筆頭株主の異動に関するお知らせ.pdf
   ✅ 保存: 7183_1530_あんしん保証_臨時株主総会招集のための基準日設定に関するお知らせ.pdf
   ✅ 保存: 7215_1530_ファルテック_定款の一部変更に関するお知らせ.pdf
   ✅ 保存: 7273_1530_イクヨ_自己株式の取得状況に関するお知らせ.pdf
   ✅ 保存: 7273_1530_イクヨ_(訂正)「自己株式の取得状況に関するお知らせ」の一部訂正について.pdf
   ✅ 保存: 7370_1530_G-Enjin_自己株式の取得状況に関するお知らせ.pdf
   ✅ 保存: 7422_1530_東邦レマック_東邦レマック株式会社6月度月次業績ご報告.pdf
   ✅ 保存: 7554_1530_幸楽苑_2027年3月期6月度売上推移速報に関するお知らせ.pdf
   ✅ 保存: 7751_1530_キヤノン_自己株式の取得状況に関するお知らせ.pdf
   ✅ 保存: 7867_1530_タカラトミー_自己株式の取得状況に関するお知らせ.pdf
   ✅ 保存: 7975_1530_リヒトラブ_2027年2月期第1四半期決算短信〔日本基準〕(連結).pdf
   ✅ 保存: 8016_1530_オンワードHD_2026年6月度月次売上概況.pdf
   ✅ 保存: 8359_1530_八十二長野銀行_自己株式の取得状況に関するお知らせ.pdf
   ✅ 保存: 8591_1530_オリックス_自己株式の取得状況に関するお知らせ.pdf
   ✅ 保存: 8955_1530_R-Jプライム_資金の借入れ(グリーンローン)に関するお知らせ.pdf
   ✅ 保存: 9005_1530_東急_自己株式の取得状況に関するお知らせ.pdf
   ✅ 保存: 9006_1530_京急_自己株式の取得状況に関するお知らせ.pdf
   ✅ 保存: 9022_1530_JR東海_自己株式の取得状況に関するお知らせ.pdf
   ✅ 保存: 9076_1530_セイノーHD_譲渡制限付株式報酬としての自己株式の処分に関するお知らせ.pdf
   ✅ 保存: 9202_1530_ANA_自己株式の取得状況に関するお知らせ.pdf
   ✅ 保存: 9251_1530_G-AB&C_国内店舗月次営業速報(2026年6月)のお知らせ.pdf
   ✅ 保存: 9253_1530_G-スローガン_2027年2月期 第1四半期決算説明会レポート.pdf
   ✅ 保存: 9279_1530_ギフトHD_2026年10月期6月度_直営店売上速報についてのお知らせ.pdf
   ✅ 保存: 9282_1530_I-いちごグリーン_太陽光発電所月次発電実績(2026年6月)のお知らせ.pdf
   ✅ 保存: 9369_1530_キユソ流通_2026年11月期 第2四半期(中間)決算短信〔日本基準〕(連結).pdf
   ✅ 保存: 9533_1530_東邦瓦斯_自己株式の取得状況に関するお知らせ.pdf
   ✅ 保存: 9698_1530_クレオ_自己株式取得の取得状況に関するお知らせ(会社法第459条第1項の規定による定款の定めに基づく自己株式の取得).pdf
   ✅ 保存: 9837_1530_モリト_自己株式の取得状況に関するお知らせ.pdf
   ✅ 保存: 9842_1530_アークランズ_特別調査委員会の設置及び2027年2月期第1四半期決算発表の延期に関するお知らせ.pdf
   ✅ 保存: 9842_1530_アークランズ_株式会社ジョイフル本田とアークランズ株式会社の共同持株会社設立(株式移転)の日程変更に関するお知らせ.pdf
   ✅ 保存: 9885_1530_シャルレ_自己株式の取得状況に関するお知らせ.pdf
   ✅ 保存: 9948_1530_アークス_2027年2月期 第1四半期決算短信〔日本基準〕(連結).pdf
   ✅ 保存: 9980_1530_MRK HLD_自己株式の取得状況に関するお知らせ.pdf
   ✅ 保存: 1926_1500_ライト工_自己株式の取得状況に関するお知らせ.pdf
   ✅ 保存: 1997_1500_暁飯島_2026年8月期 第3四半期決算短信〔日本基準〕(非連結).pdf
   ✅ 保存: 2997_1500_G-ストレージ王_2026年6月月次実績.pdf
   ✅ 保存: 7611_1500_ハイデ日高_2027年2月期 第1四半期決算短信〔日本基準〕(非連結).pdf
   ✅ 保存: 7611_1500_ハイデ日高_2027年2月期第1四半期 決算補足説明資料.pdf
   ✅ 保存: 7611_1500_ハイデ日高_2027年2月期6月度売上高速報についてのお知らせ.pdf
   ✅ 保存: 9324_1500_安田倉_自己株式の取得状況(途中経過)に関するお知らせ.pdf
   ✅ 保存: 9072_1430_ニッコンHD_(差替)「コーポレートガバナンス・コードに関する当社の取り組み」のファイル差替えについて.pdf
   ✅ 保存: 3058_1400_三洋堂HD_非上場の親会社等の決算情報に関するお知らせ.pdf
   ✅ 保存: 4620_1400_藤倉化_自己株式の取得状況に関するお知らせ.pdf
   ✅ 保存: 5302_1400_日カーボン_自己株式の取得状況に関するお知らせ(会社法第165条第2項の規定による定款の定めに基づく自己株式の取得).pdf
   ✅ 保存: 5990_1400_スーパーツール_譲渡制限付株式報酬としての自己株式の処分に関するお知らせ.pdf
   ✅ 保存: 9304_1400_渋沢倉_自己株式の取得状況に関するお知らせ.pdf
   ✅ 保存: 2804_1300_ブルドックソース_自己株式取得状況に関するお知らせ.pdf
   ✅ 保存: 3333_1300_あさひ_2026年6月度 月次営業速報に関するお知らせ.pdf
   ✅ 保存: 7063_1300_G-Birdman_諾亜建設株式会社との業務提携および特別高圧蓄電池プラント事業への参画に関するお知らせ.pdf
   ✅ 保存: 8166_1300_タカキュー_月次売上高前年比情報(速報)のお知らせ.pdf
   ✅ 保存: 8630_1300_SOMPOHD_自己株式の取得状況に関するお知らせ.pdf
   ✅ 保存: 1326_1235_E-ワールド_SPDRゴールド・シェアに関する日々の開示事項.pdf
   ✅ 保存: 2892_1230_日食化_自己株式の取得状況に関するお知らせ.pdf
   ✅ 保存: 2970_1230_GLC GROUP_2026年12月期月次概況(6月度速報)のお知らせ.pdf
   ✅ 保存: 587A_1225_E-インベスコQQQ_インベスコQQQトラスト シリーズ1 に関する日々の開示事項.pdf
   ✅ 保存: 1417_1200_ミライト・ワン_自己株式の取得状況に関するお知らせ.pdf
   ✅ 保存: 3825_1200_REMIX_(開示事項の経過)暗号資産の運用実績に関するお知らせ.pdf
   ✅ 保存: 386A_1200_みのや_2026年6月度 月次情報のお知らせ.pdf
   ✅ 保存: 4177_1200_G-i-plug_2026年6月度 主要KPI(速報)の推移に関するお知らせ.pdf
   ✅ 保存: 9517_1200_イーレックス_(訂正)「譲渡制限付株式報酬としての新株式発行に関するお知らせ」の 一部訂正について.pdf
   ✅ 保存: 9235_1135_G-売れるネットG_売上3億円・譲受後収益力0.7億円のコールセンター&BPO事業会社「株式会社Step y’s」子会社化に関する補足説明資料.pdf
   ✅ 保存: 2801_1130_キッコマン_自己株式の取得状況に関するお知らせ.pdf
   ✅ 保存: 6758_1130_ソニーグループ_自己株式の取得状況に関するお知らせ(会社法第459条第1項の規定による定款の定めに基づく自己株式の取得).pdf
   ✅ 保存: 6905_1130_コーセル_剰余金の配当に関するお知らせ.pdf
   ✅ 保存: 9235_1130_G-売れるネットG_株式交付による株式会社Step y’sの子会社化及び子会社(特定子会社)の異動に関するお知らせ.pdf
   ✅ 保存: 9039_1100_サカイ引越_2026年6月度月次売上高(速報)に関するお知らせ.pdf
   ✅ 保存: 4671_1030_ファルコHD_自己株式の取得状況に関するお知らせ.pdf
   ✅ 保存: 3941_1000_レンゴー_自己株式の取得状況に関するお知らせ.pdf
   ✅ 保存: 4396_1000_システムサポートHD_(開示事項の経過)連結子会社による株式会社エム・アイ・エスの株式取得(孫会社化)完了のお知らせ.pdf
   ✅ 保存: 4884_0930_G-クリングル_脊髄損傷急性期に対するHGF(肝細胞増殖因子)の第III相追加試験における治験計画届書の調査完了について.pdf
   ✅ 保存: 5658_0930_日亜鋼_自己株式の取得状況に関するお知らせ.pdf
   ✅ 保存: 2753_0900_あみやき_2027年3月期第1四半期決算短信〔日本基準〕(連結).pdf
   ...Page 003 を確認中
   ✅ 保存: 556A_0800_G-犬猫生活_2026年4月期 通期決算発表における質疑応答(要旨)について.pdf
   ...Page 004 を確認中
   📝 一覧CSV保存: TDnet_Sorted_20260703.csv
   📝 一覧CSV保存（ルート）: TDnet_Sorted_20260703.csv
   📊 日別統計: page_access=4, pdf_success=185, excluded=16

============================================================
✅ ①完了（範囲取得）
   期間: 20260703 ～ 20260703 （mode=day）
   一覧ページアクセス合計: 4
   PDFダウンロード成功合計: 185
   除外件数合計: 16
   保存ルート: G:\マイドライブ\TDnet_Downloads

$ C:\Users\onok\AppData\Local\Python\pythoncore-3.14-64\python.exe -u ②a②bは２つフリーワード検索.py analyze --target 20260703 --save-root G:\マイドライブ\TDnet_Downloads --keywords 価格交渉 増産 価格改定 価格転嫁 値上 想定以上 上方修正 下方修正 想定以下 未達 大幅 計画を上 計画を下 計画以 需要回復 需要の回復 需要が増 需要が低 悪化 グローバルニッチトップ トップシェア シェア拡大 レアアース
ルート: G:\マイドライブ\TDnet_Downloads
対象指定: 20260703 mode= day from= 20260703 to= 20260703
対象フォルダ数: 1
検索キーワード: ['価格交渉', '増産', '価格改定', '価格転嫁', '値上', '想定以上', '上方修正', '下方修正', '想定以下', '未達', '大幅', '計画を上', '計画を下', '計画以', '需要回復', '需要の回復', '需要が増', '需要が低', '悪化', 'グローバルニッチトップ', 'トップシェア', 'シェア拡大', 'レアアース']
総PDF数（推定）: 185
[1/1] 日付フォルダ 20260703 を処理中... (このフォルダ内PDF数: 185)
  進捗: 50/185 件のPDFを解析済み
  進捗: 100/185 件のPDFを解析済み
  進捗: 150/185 件のPDFを解析済み
  進捗: 185/185 件のPDFを解析済み
  → 日付フォルダ 20260703 のヒットPDF数: 33

✅ ②A 完了（解析専用・キーワード別ページ列）
解析PDF数: 185
ヒットPDF数: 33
出力CSV: Analysis_Hits_free_word_20260703.csv
保存先: G:\マイドライブ\TDnet_Downloads

$ C:\Users\onok\AppData\Local\Python\pythoncore-3.14-64\python.exe -u ②a②bは２つフリーワード検索.py distribute --target 20260703 --save-root G:\マイドライブ\TDnet_Downloads --no-stop-on-empty-meta

✅ ②B 完了（配布用CSV作成・キーワード別ページ列）
出力: PDF_Search_Result_Distribution_free_word_20260703_sh.csv
キーワード列: ['価格交渉', '増産', '価格改定', '価格転嫁', '値上', '想定以上', '上方修正', '下方修正', '想定以下', '未達', '大幅', '計画を上', '計画を下', '計画以', '需要回復', '需要の回復', '需要が増', '需要が低', '悪化', 'グローバルニッチトップ', 'トップシェア', 'シェア拡大', 'レアアース']
突合除外件数: 0
空欄アラート件数: 0

============================================
 Done: 2026-07-03 23:03:47
============================================
