============================================
 TDnet auto run: 20260629
 Start: 2026-06-29 23:00:01
============================================

$ C:\Users\onok\AppData\Local\Python\pythoncore-3.14-64\python.exe -u ①_tdnetアクセスしてダウンロードする処理（月日付別フォルダ保存）.py --target 20260629 --save-root G:\マイドライブ\TDnet_Downloads
🎯 対象指定: 20260629（mode=day, from=20260629, to=20260629）
📁 保存ルート: G:\マイドライブ\TDnet_Downloads

============================================================
📅 日付: 20260629 を処理します
   ...Page 001 を確認中
   ✅ 保存: 7578_1910_ニチリョク_資金使途の支出予定時期の変更に関するお知らせ.pdf
   ✅ 保存: 7779_1910_G-サイバダイン-議_支配株主等に関する事項について.pdf
   ✅ 保存: 1447_1900_G-SAAFHD_当社株主が招集した2026年5月12日開催の当社臨時株主総会における 決議不存在確認等訴訟の提起に関するお知らせ.pdf
   ✅ 保存: 3691_1900_G-デジタルプラス_2026年9月期第2四半期決算を終えてのTOPメッセージ動画公開のお知らせ.pdf
   ✅ 保存: 4069_1850_G-BlueMeme_有価証券報告書の提出期限延長に係る申請書提出のお知らせ.pdf
   ✅ 保存: 7524_1830_マルシェ_第三者割当による新株式発行の払込完了並びに、主要株主である筆頭株主及び支配株主の異動に関するお知らせ.pdf
   ✅ 保存: 143A_1825_G-イシン_支配株主等に関する事項について.pdf
   ✅ 保存: 7236_1815_ティラド_2026 年3月期 第 124 期定時株主総会 質疑応答要旨.pdf
   ✅ 保存: 2894_1800_石井食_譲渡制限付株式としての自己株式の処分に関するお知らせ.pdf
   ✅ 保存: 310A_1800_P-サーティーフォー_販売用不動産仕入に伴う資金の借入に関するお知らせ.pdf
   ✅ 保存: 5658_1800_日亜鋼_支配株主等に関する事項について.pdf
   ✅ 保存: 7318_1800_G-セレンディップ_資金の借入及びコミットメントライン契約の締結に関するお知らせ.pdf
   ✅ 保存: 4387_1745_G-ZUU_当社連結子会社によるファンド(特定子会社)の設立に関するお知らせ.pdf
   ✅ 保存: 2894_1730_石井食_役員報酬の減額に関するお知らせ.pdf
   ✅ 保存: 4933_1730_Ine_2026年12月期第1四半期決算に関するよくある質問と回答.pdf
   ✅ 保存: 8891_1730_AMGHD_支配株主等に関する事項について.pdf
   ✅ 保存: 9327_1715_イー・ロジット_第27回定時株主総会における議決権行使結果に関するお知らせ.pdf
   ✅ 保存: 1447_1700_G-SAAFHD_(開示事項の経過)当社株主による株主総会招集請求の撤回に関するお知らせ.pdf
   ✅ 保存: 1780_1700_ヤマウラ_自己株式立会外買付取引(ToSTNeT-3)による自己株式の買付け及び自己株式の消却に関するお知らせ.pdf
   ✅ 保存: 2914_1700_JT_譲渡制限付株式報酬及びパフォーマンス・シェア・ユニットとしての自己株式の処分の払込完了に関するお知らせ.pdf
   ✅ 保存: 361A_1700_P-リビングハウス_資金の借入に関するお知らせ.pdf
   ✅ 保存: 4316_1700_G-ビーマップ_財務報告に係る内部統制の開示すべき重要な不備に関するお知らせ.pdf
   ✅ 保存: 4444_1700_G-インフォネット_連結子会社からの配当金受領に関するお知らせ.pdf
   ✅ 保存: 546A_1700_MIRAINI_2027年3月期の連結業績予想の修正(上方修正)および配当予想の修正(増配)に関するお知らせ.pdf
   ✅ 保存: 546A_1700_MIRAINI_譲渡制限付株式報酬としての自己株式の処分に関するお知らせ.pdf
   ✅ 保存: 5622_1700_P-ワンビ_支配株主等に関する事項について.pdf
   ✅ 保存: 562A_1700_P-寶結_証書貸付契約及び当座貸越契約の締結に関するお知らせ.pdf
   ✅ 保存: 6981_1700_村田製_譲渡制限付株式報酬としての自己株式の処分に関するお知らせ.pdf
   ✅ 保存: 6981_1700_村田製_業績連動型株式報酬制度に基づく基準株式ユニット付与に関するお知らせ.pdf
   ✅ 保存: 7042_1700_アクセスグループ_2026年3月期決算説明及び第37期定時株主総会 Q&A集.pdf
   ✅ 保存: 7201_1700_日産自_支配株主等(その他の関係会社)に関する事項について.pdf
   ✅ 保存: 7374_1700_G-コンフィデンスI_執行役員制度の改定および役員人事に関するお知らせ.pdf
   ✅ 保存: 7690_1700_P-カレント自動車_子会社設立に関するお知らせ.pdf
   ✅ 保存: 7886_1700_ヤマトモビMfg_会計監査人からの辞任届受理に関するお知らせ.pdf
   ✅ 保存: 8566_1700_リコーリース_支配株主等に関する事項について.pdf
   ✅ 保存: 3905_1650_G-データセクション_連結子会社の異動(株式譲渡)及び特別利益の計上見込みに関するお知らせ.pdf
   ✅ 保存: 9439_1650_MHグループ_特別目的会社(SPC)の株式取得(子会社化)に関する基本合意書締結のお知らせ.pdf
   ✅ 保存: 3521_1645_テルマー湯HD_(再訂正・数値データ訂正)「2026年3月期 決算短信〔日本基準〕(連結)」の一部訂正について.pdf
   ✅ 保存: 3686_1645_DLE_役員の体制に関するお知らせ.pdf
   ✅ 保存: 3686_1645_DLE_支配株主等に関する事項について.pdf
   ✅ 保存: 3686_1645_DLE_(開示事項の経過)「日本アジア投資株式会社との業務提携に基づくファンド参画並びに出資に関するお知らせ」にかかる変更に関するお知らせ.pdf
   ✅ 保存: 2694_1630_焼肉坂井HD_支配株主等に関する事項について.pdf
   ✅ 保存: 2694_1630_焼肉坂井HD_非上場の親会社等の決算情報に関するお知らせ.pdf
   ✅ 保存: 3292_1630_R-イオンリート_保有物件の建替えに伴う国内資産の一部譲渡に関するお知らせ(ダイエー茨木プロセスセンター).pdf
   ✅ 保存: 3659_1630_ネクソン_連結子会社からの剰余金の配当に関するお知らせ.pdf
   ✅ 保存: 3909_1630_ショーケース_代表取締役の異動(退任)に関するお知らせ.pdf
   ✅ 保存: 6579_1630_G-ログリー_連結子会社の吸収合併(簡易合併・略式合併)の中止に関するお知らせ.pdf
   ✅ 保存: 7078_1630_G-INC HD_最高A I責任者(C A I O)の設置及び就任に関するお知らせ.pdf
   ✅ 保存: 7078_1630_G-INC HD_当社および当社グループ会社における役員報酬の減額に関するお知らせ.pdf
   ✅ 保存: 7135_1630_ジャパンクラフトHD_非上場の親会社等の決算情報に関するお知らせ.pdf
   ✅ 保存: 3237_1615_G-イントランス_事業計画及び成長可能性に関する資料.pdf
   ✅ 保存: 3237_1615_G-イントランス_上場維持基準の適合に向けた計画及び改善期間入り(時価総額基準)について.pdf
   ✅ 保存: 4088_1615_エア・ウォーター_有価証券報告書の提出期限延長に係る承認申請書提出のお知らせ.pdf
   ✅ 保存: 6625_1615_JALCO HD_第三者割当による第1回無担保転換社債型新株予約権付社債の発行に関するお知らせ.pdf
   ✅ 保存: 6625_1615_JALCO HD_グロースパートナーズ株式会社との資本業務提携に関するお知らせ.pdf
   ✅ 保存: 6625_1615_JALCO HD_高圧系統用蓄電所に関する土地及び系統連系に係る権利取得に関するお知らせ.pdf
   ✅ 保存: 1432_1600_P-動力_支配株主等に関する事項について.pdf
   ✅ 保存: 1888_1600_若築建_非上場の親会社等の決算に関するお知らせ.pdf
   ✅ 保存: 1888_1600_若築建_コミットメントライン契約に基づく借入の決定について.pdf
   ✅ 保存: 2055_1600_日和産業_公益財団法人財務会計基準機構への加入状況及び加入に関する考え方等に関するお知らせ.pdf
   ✅ 保存: 2551_1600_マルサンアイ_「豆乳グルト」価格改定のお知らせ.pdf
   ✅ 保存: 2667_1600_イメージワン_和解による訴訟の解決および特別損失計上に関するお知らせ.pdf
   ✅ 保存: 2874_1600_ヨコレイ_新規劣後特約付ローンによる資金調達および既存劣後特約付ローンの期限前弁済に関するお知らせ.pdf
   ✅ 保存: 3053_1600_ペッパー_有償新株予約権(業績連動型有償ストックオプション)の発行内容確定に関するお知らせ.pdf
   ✅ 保存: 3121_1600_マーチャント_第三者割当による自己株式の処分にかかる処分予定先及び処分株式数の変更に関するお知らせ.pdf
   ✅ 保存: 3289_1600_東急不HD_支配株主等に関する事項について.pdf
   ✅ 保存: 3422_1600_J-MAX_支配株主等に関する事項について.pdf
   ✅ 保存: 3470_1600_R-マリモリート_借入金の期限前弁済の件.pdf
   ✅ 保存: 3591_1600_ワコールHD_譲渡制限付株式報酬としての自己株式の処分に関するお知らせ.pdf
   ✅ 保存: 3600_1600_フジックス_営業外収益(受取配当金)の受領に関するお知らせ.pdf
   ✅ 保存: 3627_1600_テクミラ_ストックオプション(新株予約権)の発行内容確定に関するお知らせ.pdf
   ✅ 保存: 3635_1600_コーエーテクモ_譲渡制限付株式報酬としての自己株式の処分に関するお知らせ.pdf
   ✅ 保存: 3635_1600_コーエーテクモ_支配株主等に関する事項について.pdf
   ✅ 保存: 3823_1600_WHY HOW DO_取締役候補者の選任に関するお知らせ.pdf
   ✅ 保存: 3958_1600_笹徳印刷_組織変更及び執行役員の異動に関するお知らせ.pdf
   ✅ 保存: 4316_1600_G-ビーマップ_事業計画及び成長可能性に関する事項.pdf
   ✅ 保存: 4417_1600_G-グローバルセキュ_事業計画及び成長可能性に関する事項.pdf
   ✅ 保存: 4417_1600_G-グローバルセキュ_支配株主等に関する事項について.pdf
   ✅ 保存: 4801_1600_セントラルSP_支配株主等に関する事項について.pdf
   ✅ 保存: 4923_1600_COTA_2026年3月期有価証券報告書の提出期限延長に係る承認申請書提出のお知らせ.pdf
   ✅ 保存: 503A_1600_P-ベルチャイルド_支配株主等に関する事項について.pdf
   ✅ 保存: 5334_1600_日特殊陶_投資単位の引下げに関する考え方および方針等について.pdf
   ✅ 保存: 5357_1600_ヨータイ_支配株主等に関する事項について.pdf
   ✅ 保存: 5357_1600_ヨータイ_上場維持基準への適合に向けた計画について.pdf
   ✅ 保存: 5357_1600_ヨータイ_非上場の親会社等の決算に関するお知らせ.pdf
   ✅ 保存: 5484_1600_東北鋼_臨時株主総会招集のための基準日設定に関するお知らせ.pdf
   ✅ 保存: 5612_1600_日鋳鉄管_支配株主等に関する事項について.pdf
   ✅ 保存: 6036_1600_KeePer技研_非上場の親会社等の決算に関するお知らせ.pdf
   ✅ 保存: 6237_1600_イワキポンプ_第71回定時株主総会における議決権行使結果に関するお知らせ.pdf
   ✅ 保存: 6333_1600_TEIKOKU_譲渡制限付株式報酬としての自己株式の処分に関するお知らせ.pdf
   ✅ 保存: 6356_1600_日ギア_支配株主等に関する事項について.pdf
   ✅ 保存: 6356_1600_日ギア_内部統制に関する基本方針の一部改正について.pdf
   ✅ 保存: 6493_1600_NITTAN_支配株主等に関する事項について.pdf
   ✅ 保存: 6594_1600_ニデック_第53期(2026年3月期)有価証券報告書の提出期限延長に係る承認申請書提出のお知らせ.pdf
   ✅ 保存: 6637_1600_寺崎電気_譲渡制限付株式報酬としての自己株式の処分に関するお知らせ.pdf
   ✅ 保存: 6899_1600_ASTI_特定子会社の異動(持分譲渡)に関するお知らせ.pdf
   ✅ 保存: 6908_1600_イリソ電子工業_2026年3月期有価証券報告書の提出期限延長に関する承認申請書提出のお知らせ.pdf
   ✅ 保存: 7140_1600_G-ペットゴー_資本業務提携、第三者割当による新株式及び第18回新株予約権の発行並びに主要株主である筆頭株主及び主要株主の異動(見込み)に関するお知らせ.pdf
   ✅ 保存: 7140_1600_G-ペットゴー_事業計画及び成長可能性に関する事項.pdf
   ✅ 保存: 7162_1600_アストマックス_支配株主等に関する事項について.pdf
   ...Page 002 を確認中
   ✅ 保存: 7242_1600_カヤバ_自己株式の消却完了に関するお知らせ.pdf
   ✅ 保存: 7377_1600_DNホールディングス_連結子会社における前代表取締役の不適切な行為および従業員のコンプライアンス違反に関する調査結果ならびに再発防止策等に関するお知らせ.pdf
   ✅ 保存: 7444_1600_ハリマ共和物産_支配株主等に関する事項について.pdf
   ✅ 保存: 7562_1600_安楽亭_第48期定時株主総会における議決権行使結果に関するお知らせ.pdf
   ✅ 保存: 7695_1600_G-交換できるくん_代表取締役の異動に関するお知らせ.pdf
   ✅ 保存: 7840_1600_フラベッドH_譲渡制限付株式報酬としての自己株式の処分に関するお知らせ.pdf
   ✅ 保存: 8766_1600_東京海上_投資単位の引下げに関する考え方および方針等について.pdf
   ✅ 保存: 9130_1600_共栄タンカー_支配株主等に関する事項について.pdf
   ✅ 保存: 9272_1600_G-ブティックス_支配株主等に関する事項について.pdf
   ✅ 保存: 9359_1600_伊勢湾海_支配株主等に関する事項について.pdf
   ✅ 保存: 9359_1600_伊勢湾海_親会社等の決算に関するお知らせ.pdf
   ✅ 保存: 9788_1600_ナック_支配株主等に関する事項について.pdf
   ✅ 保存: 2432_1545_ディーエヌエー_組織及び人事に関するお知らせ.pdf
   ✅ 保存: 2432_1545_ディーエヌエー_譲渡制限付株式報酬としての自己株式の処分に関するお知らせ.pdf
   ✅ 保存: 8793_1545_NECキャピ_第56期定時株主総会における議決権行使の結果に関するお知らせ.pdf
   ✅ 保存: 4978_1540_G-リプロセル_事業計画及び成長可能性に関する事項.pdf
   ✅ 保存: 7709_1540_クボテック_支配株主等に関する事項について.pdf
   ✅ 保存: 352A_1531_G-LOIVE_支配株主等に関する事項について.pdf
   ✅ 保存: 1333_1530_Umios_ペットフード事業の強化・拡大に向けたPet World International Sdn. Bhd. の株式取得(特定子会社化)に関するお知らせ.pdf
   ✅ 保存: 1514_1530_住石HD_非上場の親会社等の決算に関するお知らせ.pdf
   ✅ 保存: 1514_1530_住石HD_支配株主等に関する事項について.pdf
   ✅ 保存: 1764_1530_工藤建設_役員等の異動に関するお知らせ.pdf
   ✅ 保存: 1771_1530_日本乾溜_非上場の親会社等の決算に関するお知らせ.pdf
   ✅ 保存: 216A_1530_P-ライフクリエイト_TOKYO PRO Market および Fukuoka PRO Marketへの上場目的の開示に関するお知らせ.pdf
   ✅ 保存: 2179_1530_成学社_支配株主等に関する事項について.pdf
   ✅ 保存: 2181_1530_パーソルHD_連結子会社からの配当金受領に関するお知らせ.pdf
   ✅ 保存: 263A_1530_P-デジタルキューブ_支配株主等に関する事項について.pdf
   ✅ 保存: 2678_1530_アスクル_2027年5月期6月度月次業績のお知らせ.pdf
   ✅ 保存: 2698_1530_キャンドゥ_主要株主の異動に関するお知らせ.pdf
   ✅ 保存: 3034_1530_クオールHD_支配株主等に関する事項について.pdf
   ✅ 保存: 3079_1530_DVx_支配株主等に関する事項について.pdf
   ✅ 保存: 3092_1530_ZOZO_支配株主等に関する事項について.pdf
   ✅ 保存: 3111_1530_オーミケンシ_第161期(2026年3月期)有価証券報告書の提出期限延長に関する承認申請書提出のお知らせ.pdf
   ✅ 保存: 3222_1530_U.S.M.H_親会社及び主要株主である筆頭株主の異動に関するお知らせ.pdf
   ✅ 保存: 3377_1530_バイク王_業績予想の修正に関するお知らせ.pdf
   ✅ 保存: 3409_1530_北紡_非上場の親会社等の決算に関するお知らせ.pdf
   ✅ 保存: 3446_1530_JTECCORP_表面加工・研磨装置(Plasma CVM及びPAP)受注のお知らせ.pdf
   ✅ 保存: 3451_1530_R-トーセイ・リート_借入金の一部期限前弁済に関するお知らせ.pdf
   ✅ 保存: 3565_1530_アセンテック_非上場の親会社等の決算情報に関するお知らせ.pdf
   ✅ 保存: 3626_1530_TIS_(取消)「主要株主及び主要株主である筆頭株主の異動に関するお知らせ」の取消しに関するお知らせ.pdf
   ✅ 保存: 3661_1530_エムアップHD_譲渡制限付株式報酬としての自己株式の処分に関するお知らせ.pdf
   ✅ 保存: 3692_1530_G-FFRI_事業計画及び成長可能性に関する事項.pdf
   ✅ 保存: 3773_1530_G-AMI_事業計画及び成長可能性に関する事項.pdf
   ✅ 保存: 3810_1530_サイバーステップHD_株式会社HALL OF FAMEとのHOMEGAME事業譲受契約締結に関するお知らせ.pdf
   ✅ 保存: 3903_1530_gumi_第26回新株予約権(行使価額修正条項付)の取得及び消却完了に関するお知らせ.pdf
   ✅ 保存: 4047_1530_関電化_資本コストや株価を意識した経営の実現に向けた対応について(アップデート).pdf
   ✅ 保存: 4174_1530_アピリッツ_株式会社フルバランスの株式の取得(完全子会社化)に関するお知らせ.pdf
   ✅ 保存: 4262_1530_G-ニフティライフ_事業計画及び成長可能性に関する事項.pdf
   ✅ 保存: 4262_1530_G-ニフティライフ_支配株主等に関する事項について.pdf
   ✅ 保存: 433A_1530_P-MJE_支配株主等に関する事項について.pdf
   ✅ 保存: 4374_1530_G-ロボペイ_2026年5月度 月次リカーリング収益のお知らせ.pdf
   ✅ 保存: 4623_1530_アサヒペン_譲渡制限付株式報酬としての自己株式の処分に関するお知らせ.pdf
   ✅ 保存: 4626_1530_太陽HD_人事異動に関するお知らせ.pdf
   ✅ 保存: 4765_1530_SBIGアセットM_支配株主等に関する事項について.pdf
   ✅ 保存: 4816_1530_東映アニメ_支配株主等に関する事項について.pdf
   ✅ 保存: 4884_1530_G-クリングル_(訂正)「ストックオプション(新株予約権)の発行に関するお知らせ」の一部訂正について.pdf
   ✅ 保存: 4889_1530_G-レナサイエンス_よくあるご質問と回答.pdf
   ✅ 保存: 4977_1530_ニッタゼラチン_役員等の異動に関するお知らせおよび (開示事項の変更)4月23日付「役員等の異動に関するお知らせ」の一部変更について.pdf
   ✅ 保存: 5021_1530_コスモエネルギーHD_支配株主等に関する事項について.pdf
   ✅ 保存: 5287_1530_イトーヨーギョー_役員の異動に関するお知らせ.pdf
   ✅ 保存: 528A_1530_P-フリースタイル_支配株主等に関する事項について.pdf
   ✅ 保存: 547A_1530_ムニノバHD_譲渡制限付株式報酬としての自己株式の処分に関するお知らせ.pdf
   ✅ 保存: 5592_1530_G-くすりの窓口_自己株式取得に係る事項の一部変更(取得枠の拡大)に関するお知らせ.pdf
   ✅ 保存: 5706_1530_三井金属_投資単位の引下げに関する考え方および方針等について.pdf
   ✅ 保存: 5939_1530_大谷工業_支配株主等に関する事項について.pdf
   ✅ 保存: 5939_1530_大谷工業_親会社等の決算に関するお知らせ.pdf
   ✅ 保存: 5991_1530_ニッパツ_主要株主及び主要株主である筆頭株主の異動に関するお知らせ.pdf
   ✅ 保存: 6031_1530_G-ZETA_東京証券取引所スタンダード市場への市場区分変更申請に関するお知らせ.pdf
   ✅ 保存: 6042_1530_ニッキ_譲渡制限付株式報酬としての自己株式の処分に関するお知らせ.pdf
   ✅ 保存: 6070_1530_キャリアリンク_執行役員人事に関するお知らせ.pdf
   ✅ 保存: 6070_1530_キャリアリンク_株式報酬型ストックオプション(新株予約権)の発行に関するお知らせ.pdf
   ✅ 保存: 6190_1530_G-PXB_上場維持基準への適合に向けた計画について.pdf
   ✅ 保存: 6190_1530_G-PXB_事業計画及び成長可能性に関する説明資料.pdf
   ✅ 保存: 6298_1530_ワイエイシイHD_役員体制に関するお知らせ.pdf
   ✅ 保存: 6566_1530_要興業_取締役会の実効性に関する評価結果の概要について.pdf
   ✅ 保存: 6588_1530_東芝テック_譲渡制限付株式報酬及び業績連動型譲渡制限付株式報酬としての自己株式の処分に関するお知らせ.pdf
   ✅ 保存: 6702_1530_富士通_指名委員会・報酬委員会人事について.pdf
   ✅ 保存: 6822_1530_大井電気_役員に対する譲渡制限付株式報酬としての自己株式の処分に関するお知らせ.pdf
   ✅ 保存: 6997_1530_日ケミコン_第三者割当による種類株式の発行に係る払込完了、資本金及び資本準備金の額の減少の効力発生並びにA種種類株式の取得及び消却の完了に関するお知らせ.pdf
   ✅ 保存: 7031_1530_G-インバウンド_支配株主等に関する事項について.pdf
   ✅ 保存: 7031_1530_G-インバウンド_事業計画及び成長可能性に関する事項.pdf
   ✅ 保存: 7046_1530_G-TDSE_業績連動型株式報酬としての自己株式の処分に関するお知らせ.pdf
   ✅ 保存: 7046_1530_G-TDSE_譲渡制限付株式報酬としての自己株式の処分に関するお知らせ.pdf
   ✅ 保存: 7084_1530_G-SmileHD_支配株主等に関する事項について.pdf
   ✅ 保存: 7090_1530_G-リグア_連結子会社からの配当金受領に関するお知らせ.pdf
   ✅ 保存: 7097_1530_G-さくらさく_連結子会社の配当決定に関するお知らせ.pdf
   ✅ 保存: 7261_1530_マツダ_新規劣後特約付ローンによる資金調達及び既存劣後特約付ローンの期限前弁済に関するお知らせ.pdf
   ✅ 保存: 7347_1530_マーキュリアHD_親会社等の決算に関するお知らせ.pdf
   ✅ 保存: 7447_1530_ナガイレーベ_2026年8月期 第3四半期決算短信〔日本基準〕(連結).pdf
   ✅ 保存: 7447_1530_ナガイレーベ_配当予想の修正(増配)に関するお知らせ.pdf
   ✅ 保存: 7447_1530_ナガイレーベ_自己株式取得に係る事項の決定に関するお知らせ.pdf
   ✅ 保存: 7596_1530_魚力_譲渡制限付株式報酬としての自己株式の処分に関するお知らせ.pdf
   ✅ 保存: 7596_1530_魚力_取締役会の実効性に関する評価結果の概要について.pdf
   ✅ 保存: 7746_1530_岡本硝子_公益財団法人 財務会計基準機構への加入状況について.pdf
   ✅ 保存: 7794_1530_G-イーディーピー_行使価額修正条項付新株予約権の大量行使に関するお知らせ.pdf
   ✅ 保存: 7868_1530_広済堂HD_譲渡制限付株式報酬としての新株式発行に関するお知らせ.pdf
   ✅ 保存: 7868_1530_広済堂HD_上場維持基準への適合に向けた計画(改善期間入り)について.pdf
   ✅ 保存: 7965_1530_象印マホービン_2026年11月期 第2四半期(中間期)決算短信〔日本基準〕(連結).pdf
   ✅ 保存: 7965_1530_象印マホービン_2026年11月期 第2四半期決算補足説明資料.pdf
   ✅ 保存: 8035_1530_東エレク_投資単位の引下げに関する考え方および方針等について.pdf
   ...Page 003 を確認中
   ✅ 保存: 8152_1530_ソマール_投資単位の引下げに関する考え方及び方針等について.pdf
   ✅ 保存: 8154_1530_加賀電子_(訂正)「譲渡制限付株式報酬としての自己株式の処分に関するお知らせ」一部訂正の件.pdf
   ✅ 保存: 8227_1530_しまむら_2027年2月期 第1四半期決算短信〔日本基準〕(連結).pdf
   ✅ 保存: 8303_1530_SBI新生銀行_上場維持基準(流通株式比率)への適合に向けた計画に基づく進捗状況について.pdf
   ✅ 保存: 8303_1530_SBI新生銀行_支配株主等に関する事項について.pdf
   ✅ 保存: 8708_1530_アイザワ証G_特別利益(投資有価証券売却益)の計上に関するお知らせ.pdf
   ✅ 保存: 8725_1530_MS&AD_2026年3月期 決算短信〔IFRS〕(連結).pdf
   ✅ 保存: 8725_1530_MS&AD_2026年3月期 決算説明資料.pdf
   ✅ 保存: 8871_1530_ゴールドクレ_非上場の親会社等の決算に関するお知らせ.pdf
   ✅ 保存: 8871_1530_ゴールドクレ_支配株主等に関する事項について.pdf
   ✅ 保存: 8908_1530_毎日コムネット_非上場の親会社等の決算に関するお知らせ.pdf
   ✅ 保存: 8972_1530_R-KDX不動産_資金の借入れ(金利決定)に関するお知らせ(シリーズ0054).pdf
   ✅ 保存: 9060_1530_日ロジテム_支配株主等に関する事項について.pdf
   ✅ 保存: 9254_1530_G-ラバブルマーケ_支配株主等に関する事項について.pdf
   ✅ 保存: 9311_1530_アサガミ_投資単位の引下げに関する考え方及び方針等について.pdf
   ✅ 保存: 9399_1530_ビート_リボルビング・クレジット・ファシリティーからの借入れについて.pdf
   ✅ 保存: 9404_1530_日テレHD_連結子会社からの配当金受領に関するお知らせ.pdf
   ✅ 保存: 9434_1530_ソフトバンク_支配株主等に関する事項について.pdf
   ✅ 保存: 9832_1530_オートバックス_譲渡制限付株式報酬としての自己株式の処分に関するお知らせ.pdf
   ✅ 保存: 9991_1530_ジェコス_支配株主等に関する事項について.pdf
   ✅ 保存: 131A_1500_P-CCNグループ_支配株主等に関する事項について.pdf
   ✅ 保存: 1822_1500_大豊建_非上場の親会社等の決算に関するお知らせ.pdf
   ✅ 保存: 1929_1500_日特建_非上場の親会社等の決算に関するお知らせ.pdf
   ✅ 保存: 3066_1500_JBイレブン_第三者割当による第7回新株予約権及び第8回新株予約権 (行使価額修正型新株予約権への転換権付)の払込完了に関するお知らせ.pdf
   ✅ 保存: 3071_1500_ストリーム_非上場の親会社等の決算情報に関するお知らせ.pdf
   ✅ 保存: 3269_1500_R-ADR_金利スワップ契約締結に関するお知らせ.pdf
   ✅ 保存: 3477_1500_G-フォーライフ_支配株主等に関する事項について.pdf
   ✅ 保存: 3477_1500_G-フォーライフ_事業計画及び成長可能性に関する事項.pdf
   ✅ 保存: 375A_1500_P-YAKHD_TOKYO PRO Market への上場目的の開示について.pdf
   ✅ 保存: 4008_1500_住友精化_譲渡制限付株式報酬としての新株式の発行に関するお知らせ.pdf
   ✅ 保存: 4444_1500_G-インフォネット_事業計画及び成長可能性に関する説明資料.pdf
   ✅ 保存: 4444_1500_G-インフォネット_株主優待の一部内容変更(優待品目の変更)に関するお知らせ.pdf
   ✅ 保存: 490A_1500_P-センス・トラスト_支配株主等に関する事項について.pdf
   ✅ 保存: 501A_1500_P-プレシャスパート_ストック・オプション(新株予約権)の発行内容確定に関するお知らせ.pdf
   ✅ 保存: 501A_1500_P-プレシャスパート_支配株主等に関する事項について.pdf
   ✅ 保存: 5363_1500_TYK_役員人事に関するお知らせ.pdf
   ✅ 保存: 5852_1500_アーレスティ_連結子会社に対する債権の株式化(デット・エクイティ・スワップ)の実施に関するお知らせ.pdf
   ✅ 保存: 5852_1500_アーレスティ_譲渡制限付株式報酬制度としての自己株式の処分に関するお知らせ.pdf
   ✅ 保存: 5979_1500_カネソウ_投資単位の引下げに関する考え方及び方針等について.pdf
   ✅ 保存: 6576_1500_P-揚工舎_支配株主等に関する事項について.pdf
   ✅ 保存: 6699_1500_ダイヤHD_(訂正・数値データ訂正)「2026年3月期 決算短信〔日本基準〕(連結)」の一部訂正に関するお知らせ.pdf
   ✅ 保存: 6699_1500_ダイヤHD_第8期定時株主総会の継続会の開催日時等に関するお知らせ.pdf
   ✅ 保存: 6699_1500_ダイヤHD_(訂正)「営業外収益、特別損失の計上並びに2026年3月期の連結業績予想と実績値との差異に関するお知らせ」の一部訂正に関するお知らせ.pdf
   ✅ 保存: 6699_1500_ダイヤHD_(訂正)「2026年3月期 決算説明資料」の一部訂正に関するお知らせ.pdf
   ✅ 保存: 6848_1500_東亜ディーケーケー_支配株主等に関する事項について.pdf
   ✅ 保存: 7075_1500_G-QLS_支配株主等に関する事項について.pdf
   ✅ 保存: 7297_1500_カーメイト_支配株主等に関する事項について.pdf
   ✅ 保存: 7522_1500_ワタミ_親会社等の決算内容に関するお知らせ.pdf
   ✅ 保存: 7522_1500_ワタミ_支配株主等に関する事項について.pdf
   ✅ 保存: 7522_1500_ワタミ_譲渡制限付株式報酬としての自己株式の処分に関するお知らせ.pdf
   ✅ 保存: 8157_1500_都築電気_非上場の親会社等の決算に関するお知らせ.pdf
   ✅ 保存: 8157_1500_都築電気_支配株主等に関する事項について.pdf
   ✅ 保存: 8747_1500_豊トラスティ証券_連結総資産の減少に関するお知らせ.pdf
   ✅ 保存: 9156_1500_P-はなHD_支配株主等に関する事項について.pdf
   ✅ 保存: 9867_1500_ソレキア_支配株主等に関する事項について.pdf
   ✅ 保存: 9867_1500_ソレキア_投資単位の引下げに関する考え方および方針等について.pdf
   ✅ 保存: 2489_1430_ADWAYS_生成AI向け広告支援の提供開始に関するお知らせ.pdf
   ✅ 保存: 4238_1430_ミライアル_自己株式の取得状況及び取得終了のお知らせ.pdf
   ✅ 保存: 4436_1430_G-ミンカブ_役員人事決定のお知らせ.pdf
   ✅ 保存: 5261_1430_リソル_支配株主等に関する事項について.pdf
   ✅ 保存: 6570_1410_共和コーポレーション_支配株主等に関する事項について.pdf
   ✅ 保存: 2998_1400_G-クリアル_事業計画及び成長可能性に関する事項.pdf
   ✅ 保存: 2998_1400_G-クリアル_支配株主等に関する事項について.pdf
   ✅ 保存: 6302_1400_住友重_連結子会社の吸収合併に関するお知らせ.pdf
   ✅ 保存: 6545_1400_G-IIF_取締役等に対する譲渡制限付株式の自己株式処分に関するお知らせ.pdf
   ✅ 保存: 9256_1400_G-サクシード_支配株主等に関する事項について.pdf
   ✅ 保存: 9531_1400_東瓦斯_投資単位の引下げに関する考え方及び方針について.pdf
   ✅ 保存: 9818_1400_大丸エナ_譲渡制限付株式報酬としての自己株式の処分に関するお知らせ.pdf
   ✅ 保存: 9908_1400_日本電計_支配株主等に関する事項について.pdf
   ✅ 保存: 7771_1310_日本精密_(訂正)「中期経営計画「ASEAN Project3」の策定に関するお知らせ」 の一部訂正について.pdf
   ✅ 保存: 191A_1300_P-ミモザ_定時株主総会の決議結果及び上場廃止に関するお知らせ.pdf
   ✅ 保存: 5940_1300_不二サッシ_支配株主等に関する事項について.pdf
   ✅ 保存: 8841_1300_テーオーシー_支配株主等に関する事項について.pdf
   ✅ 保存: 8841_1300_テーオーシー_親会社等の決算に関するお知らせ.pdf
   ✅ 保存: 4591_1230_G-リボミック_軟骨無形成症治療薬(umedaptanib pegol)の国内第III相臨床試験_実施医療機関拡充(6施設)のお知らせ.pdf
   ✅ 保存: 4966_1230_上村工業_投資単位の引き下げに関する考え方及び方針等について.pdf
   ✅ 保存: 9849_1230_共同紙_支配株主等に関する事項について.pdf
   ✅ 保存: 9969_1230_ショクブン_定款一部変更に関するお知らせ.pdf
   ✅ 保存: 587A_1210_E-インベスコQQQ_インベスコQQQトラスト シリーズ1 に関する日々の開示事項.pdf
   ✅ 保存: 365A_1205_伊澤タオル_主要株主の異動に関するお知らせ.pdf
   ✅ 保存: 207A_1200_P-ライジング_支配株主等に関する事項について.pdf
   ✅ 保存: 3315_1200_日本コークス_支配株主等に関する事項について.pdf
   ✅ 保存: 7974_1200_任天堂_投資単位の引下げに関する考え方および方針等について.pdf
   ✅ 保存: 9245_1200_G-リベロ_社内調査結果の公表および今後の対応に関するお知らせ.pdf
   ✅ 保存: 1326_1140_E-ワールド_SPDRゴールド・シェアに関する日々の開示事項.pdf
   ✅ 保存: 9235_1135_G-売れるネットG_売上約5億円・譲受後営業利益約0.2億円のEC事業会社「株式会社国際漢方研究所」子会社化に関する補足説明資料.pdf
   ✅ 保存: 3799_1130_キーウェア_非上場の親会社等の決算情報に関するお知らせ.pdf
   ✅ 保存: 3799_1130_キーウェア_支配株主等に関する事項について.pdf
   ✅ 保存: 6195_1130_G-ホープ_支配株主等(その他の関係会社)に関する事項について.pdf
   ✅ 保存: 7211_1130_三菱自_支配株主等に関する事項について.pdf
   ✅ 保存: 9235_1130_G-売れるネットG_株式取得及び株式交換による株式会社国際漢方研究所の完全子会社化及び子会社(特定子会社)の異動に関するお知らせ.pdf
   ✅ 保存: 3224_1115_G-Gオイスター_支配株主等に関する事項について.pdf
   ✅ 保存: 3224_1115_G-Gオイスター_事業計画及び成長可能性に関する事項.pdf
   ✅ 保存: 6574_1100_G-コンヴァノ_取締役副社長の異動に関するお知らせ.pdf
   ✅ 保存: 6574_1100_G-コンヴァノ_支配株主等に関する事項について.pdf
   ✅ 保存: 9509_1100_北海電力_公募ハイブリッド社債(劣後特約付社債)の発行について.pdf
   ✅ 保存: 3077_1030_ホリイフード_2026年11月期第2四半期(中間期)連結業績予想の修正(上方修正)に関するお知らせ.pdf
   ...Page 004 を確認中
   ✅ 保存: 8115_1030_ムーンバット_支配株主等に関する事項について.pdf
   ✅ 保存: 2011_1020_SMDAM日本高配当_2026年5月期 決算短信(2025年11月21日~2026年5月20日).pdf
   ✅ 保存: 1997_1000_暁飯島_配当予想の修正(増配)に関するお知らせ.pdf
   ✅ 保存: 1997_1000_暁飯島_業績予想の修正に関するお知らせ.pdf
   ✅ 保存: 3877_1000_中越パル_支配株主等に関する事項について.pdf
   ✅ 保存: 7524_1000_マルシェ_報酬委員会の廃止に関するお知らせ.pdf
   ✅ 保存: 7771_1000_日本精密_中期経営計画「ASEAN Project3」の策定に関するお知らせ.pdf
   ✅ 保存: 7555_0900_大田花き_非上場の親会社等の決算に関するお知らせ.pdf
   ✅ 保存: 8698_0850_マネックスG_当社の役員報酬制度および役員報酬ポリシーの改定について ~コーポレートガバナンスの高度化と透明性の追求~.pdf
   ✅ 保存: 8698_0850_マネックスG_支配株主等に関する事項について.pdf
   ✅ 保存: 4547_0845_キッセイ薬_タブネオスに関する欧州当局の見解に関するお知らせ.pdf
   ✅ 保存: 8316_0845_三井住友_米国証券取引委員会宛年次報告書(Form 20-F)の提出について.pdf
   ✅ 保存: 8411_0845_みずほ_2026年3月期決算短信〔米国会計基準〕(連結).pdf
   ✅ 保存: 290A_0830_G-Syns_自社10機目の小型SAR衛星StriXシリーズ打上げ完了に関するお知らせ.pdf
   ✅ 保存: 3070_0830_G-ジェリービーンズ_(開示事項の経過)株式会社NTTSportictとの業務提携に関するお知らせ.pdf
   ✅ 保存: 3070_0830_G-ジェリービーンズ_(開示事項の経過)株式会社NTTSportictとの業務提携に関するお知らせ 補足資料.pdf
   ✅ 保存: 591A_0800_P-西條_東京証券取引所TOKYO PRO Marketへの上場に伴う当社決算情報等のお知らせ.pdf
   ✅ 保存: 591A_0800_P-西條_東京証券取引所TOKYO PRO Marketへの上場のお知らせ.pdf
   ✅ 保存: 591A_0800_P-西條_流動性プロバイダーの指定のお知らせ.pdf
   ...Page 005 を確認中
   📝 一覧CSV保存: TDnet_Sorted_20260629.csv
   📝 一覧CSV保存（ルート）: TDnet_Sorted_20260629.csv
   📊 日別統計: page_access=5, pdf_success=316, excluded=8

============================================================
✅ ①完了（範囲取得）
   期間: 20260629 ～ 20260629 （mode=day）
   一覧ページアクセス合計: 5
   PDFダウンロード成功合計: 316
   除外件数合計: 8
   保存ルート: G:\マイドライブ\TDnet_Downloads

$ C:\Users\onok\AppData\Local\Python\pythoncore-3.14-64\python.exe -u ②a②bは２つフリーワード検索.py analyze --target 20260629 --save-root G:\マイドライブ\TDnet_Downloads --keywords 価格交渉 増産 価格改定 価格転嫁 値上 想定以上 上方修正 下方修正 想定以下 未達 大幅 計画を上 計画を下 計画以 需要回復 需要の回復 需要が増 需要が低 悪化 グローバルニッチトップ トップシェア シェア拡大 レアアース
ルート: G:\マイドライブ\TDnet_Downloads
対象指定: 20260629 mode= day from= 20260629 to= 20260629
対象フォルダ数: 1
検索キーワード: ['価格交渉', '増産', '価格改定', '価格転嫁', '値上', '想定以上', '上方修正', '下方修正', '想定以下', '未達', '大幅', '計画を上', '計画を下', '計画以', '需要回復', '需要の回復', '需要が増', '需要が低', '悪化', 'グローバルニッチトップ', 'トップシェア', 'シェア拡大', 'レアアース']
総PDF数（推定）: 316
[1/1] 日付フォルダ 20260629 を処理中... (このフォルダ内PDF数: 316)
  進捗: 50/316 件のPDFを解析済み
  進捗: 100/316 件のPDFを解析済み
  進捗: 150/316 件のPDFを解析済み
  進捗: 200/316 件のPDFを解析済み
  進捗: 250/316 件のPDFを解析済み
  進捗: 300/316 件のPDFを解析済み
  進捗: 316/316 件のPDFを解析済み
  → 日付フォルダ 20260629 のヒットPDF数: 41

✅ ②A 完了（解析専用・キーワード別ページ列）
解析PDF数: 316
ヒットPDF数: 41
出力CSV: Analysis_Hits_free_word_20260629.csv
保存先: G:\マイドライブ\TDnet_Downloads

$ C:\Users\onok\AppData\Local\Python\pythoncore-3.14-64\python.exe -u ②a②bは２つフリーワード検索.py distribute --target 20260629 --save-root G:\マイドライブ\TDnet_Downloads --no-stop-on-empty-meta

✅ ②B 完了（配布用CSV作成・キーワード別ページ列）
出力: PDF_Search_Result_Distribution_free_word_20260629_sh.csv
キーワード列: ['価格交渉', '増産', '価格改定', '価格転嫁', '値上', '想定以上', '上方修正', '下方修正', '想定以下', '未達', '大幅', '計画を上', '計画を下', '計画以', '需要回復', '需要の回復', '需要が増', '需要が低', '悪化', 'グローバルニッチトップ', 'トップシェア', 'シェア拡大', 'レアアース']
突合除外件数: 0
空欄アラート件数: 0

============================================
 Done: 2026-06-29 23:06:25
============================================
