============================================
 TDnet auto run: 20260626
 Start: 2026-06-26 23:00:01
============================================

$ C:\Users\onok\AppData\Local\Python\pythoncore-3.14-64\python.exe -u ①_tdnetアクセスしてダウンロードする処理（月日付別フォルダ保存）.py --target 20260626 --save-root G:\マイドライブ\TDnet_Downloads
🎯 対象指定: 20260626（mode=day, from=20260626, to=20260626）
📁 保存ルート: G:\マイドライブ\TDnet_Downloads

============================================================
📅 日付: 20260626 を処理します
   ...Page 001 を確認中
   ✅ 保存: 3134_1945_Hamee_剰余金の配当に関するお知らせ.pdf
   ✅ 保存: 4166_1945_G-かっこ_(訂正)「株式取得(子会社化)に伴う財務上の特約が付された金銭消費貸借契約の締結について」の一部訂正に関するお知らせ.pdf
   ✅ 保存: 2388_1840_G-ウェッジHD_親会社に対する担保権の行使、及び子会社の異動に関するお知らせ(持分法適用関連会社から連結子会社への異動).pdf
   ✅ 保存: 2388_1840_G-ウェッジHD_親会社、支配株主、主要株主の異動に関するお知らせ.pdf
   ✅ 保存: 5103_1840_昭和HD_連結子会社からの担保権行使通知書の受領、及び連結子会社の異動に関するお知らせ(連結子会社から持分法適用関連への異動).pdf
   ✅ 保存: 4265_1830_G-IGS_事業計画及び成長可能性に関する事項について.pdf
   ✅ 保存: 2160_1800_G-GNI_財務上の特約が付された金銭消費貸借契約の締結について.pdf
   ✅ 保存: 2160_1800_G-GNI_第三者割当による新株式発行(現物出資)の払込日の確定に関するお知らせ.pdf
   ✅ 保存: 2326_1800_デジアーツ_譲渡制限付株式報酬としての自己株式の処分に関するお知らせ.pdf
   ✅ 保存: 7578_1800_ニチリョク_役員報酬の減額に関するお知らせ.pdf
   ✅ 保存: 7578_1800_ニチリョク_企業価値向上・ガバナンス改革委員会設置に関するお知らせ.pdf
   ✅ 保存: 1945_1730_東京エネシス_譲渡制限付株式報酬としての自己株式の処分に関するお知らせ.pdf
   ✅ 保存: 4901_1730_富士フイルム_譲渡制限付株式報酬としての自己株式の処分に関するお知らせ.pdf
   ✅ 保存: 4997_1730_日農薬_支配株主等に関する事項について.pdf
   ✅ 保存: 6576_1730_P-揚工舎_東京証券取引所 TOKYO PRO Marketへの上場目的の開示.pdf
   ✅ 保存: 7608_1730_SKジャパン_譲渡制限付株式報酬としての新株式発行の払込完了に関するお知らせ.pdf
   ✅ 保存: 8141_1730_新光商_(変更)「加賀電子株式会社による当社株式に対する公開買付けに関する 意見表明に関するお知らせ」の一部変更について.pdf
   ✅ 保存: 8154_1730_加賀電子_新光商事株式会社(証券コード_8141)の普通株式に対する公開買付けに係る公開買付期間延長のお知らせ.pdf
   ✅ 保存: 8967_1730_R-ニホンロジ_国内資産の取得に関するお知らせ(匿名組合出資持分).pdf
   ✅ 保存: 9238_1730_G-バリューC_東京証券取引所による公表措置についてのお知らせ.pdf
   ✅ 保存: 9760_1730_進学会HD_剰余金の配当(無配)に関するお知らせ.pdf
   ✅ 保存: 332A_1715_G-ミーク_事業計画及び成長可能性に関する事項.pdf
   ✅ 保存: 332A_1715_G-ミーク_(訂正)「2026年3月期 第4四半期決算説明資料」の一部訂正について.pdf
   ✅ 保存: 332A_1715_G-ミーク_支配株主等に関する事項について.pdf
   ✅ 保存: 332A_1715_G-ミーク_非上場の親会社等の決算に関するお知らせ.pdf
   ✅ 保存: 5341_1705_ASAHI EITO_新たな事業である暗号資産流動性提供事業のその後の運用結果について.pdf
   ✅ 保存: 2001_1700_ニップン_投資有価証券売却益(特別利益)の計上見込みに関するお知らせ.pdf
   ✅ 保存: 203A_1700_P-シュンビン_支配株主等に関する事項について.pdf
   ✅ 保存: 2229_1700_カルビー_支配株主等に関する事項について.pdf
   ✅ 保存: 2321_1700_G-ソフトフロントH_事業計画及び成長可能性に関する事項.pdf
   ✅ 保存: 266A_1700_P-グローカルマーケ_支配株主等に関する事項について.pdf
   ✅ 保存: 3133_1700_G-海帆_2026年3月期有価証券報告書に係る監査報告書の意見不表明及び内部統制監査報告書の意見不表明に関するお知らせ.pdf
   ✅ 保存: 3133_1700_G-海帆_「2026年3月期計算書類及びその附属明細書ならびに連結計算書類に対する意見不表明に関するお知らせ」に関する補足資料.pdf
   ✅ 保存: 3175_1700_APHD_上場維持基準(純資産基準)への適合に関するお知らせ.pdf
   ✅ 保存: 3281_1700_R-GLP_借入金の金利決定に関するお知らせ.pdf
   ✅ 保存: 347A_1700_P-グロースパワー_支配株主等に関する事項について.pdf
   ✅ 保存: 350A_1700_G-デジタルグリッド_当社株式の貸借銘柄選定に関するお知らせ.pdf
   ✅ 保存: 4323_1700_日本システム技術_役員人事に関するお知らせ.pdf
   ✅ 保存: 4323_1700_日本システム技術_支配株主等に関する事項について.pdf
   ✅ 保存: 4323_1700_日本システム技術_株式給付信託(BBT-RS)への追加拠出に関するお知らせ.pdf
   ✅ 保存: 4323_1700_日本システム技術_自己株式取得に係る事項の決定に関するお知らせ.pdf
   ✅ 保存: 4488_1700_G-AIinside_「従業員向け株式給付信託」の終了に伴う自己株式の無償取得 および消却に関するお知らせ.pdf
   ✅ 保存: 4493_1700_G-サイバーセキュリ_(再訂正)適時開示資料「2026年12月期 第1四半期 決算説明資料」の一部訂正について.pdf
   ✅ 保存: 4495_1700_G-アイキューブド_当社株式の貸借銘柄選定に関するお知らせ.pdf
   ✅ 保存: 4564_1700_G-OTS_公益財団法人財務会計基準機構への加入状況及び加入に関する考え方等に関するお知らせ.pdf
   ✅ 保存: 4933_1700_Ine_証券取引等監視委員会による課徴金納付命令の勧告についてのお知らせ.pdf
   ✅ 保存: 5532_1700_G-リアルゲイト_第三者割当増資における発行株式数の確定に関するお知らせ.pdf
   ✅ 保存: 5932_1700_三協立山_業績予想の修正及び特別損失の計上に関するお知らせ.pdf
   ✅ 保存: 6023_1700_ダイハツインフィ_譲渡制限付株式報酬としての自己株式の処分に関するお知らせ.pdf
   ✅ 保存: 6023_1700_ダイハツインフィ_取締役会の実効性評価結果の概要について.pdf
   ✅ 保存: 6137_1700_小池酸工_譲渡制限付株式報酬としての自己株式の処分に関するお知らせ.pdf
   ✅ 保存: 6145_1700_NITTOKU_譲渡制限付株式報酬としての自己株式の処分に関するお知らせ.pdf
   ✅ 保存: 6545_1700_G-IIF_事業計画及び成長可能性に関する事項.pdf
   ✅ 保存: 6699_1700_ダイヤHD_取締役及び執行役員の異動に関するお知らせ.pdf
   ✅ 保存: 7021_1700_ニッチツ_執行役員に対する株式給付信託(BBT)における業績連動型株式報酬制度導入に関するお知らせ.pdf
   ✅ 保存: 7021_1700_ニッチツ_代表取締役及び役付取締役選定並びに執行役員選任及び役付執行役員選定に関するお知らせ.pdf
   ✅ 保存: 7087_1700_ウイルテック_支配株主等に関する事項について.pdf
   ✅ 保存: 7087_1700_ウイルテック_譲渡制限株式報酬及び業績連動型株式報酬としての自己株式の処分に関するお知らせ.pdf
   ✅ 保存: 7129_1700_ミアヘルサHD_支配株主等に関する事項について.pdf
   ✅ 保存: 7691_1700_P-CChan_第12回定時株主総会の決議結果に関するお知らせ.pdf
   ✅ 保存: 8086_1700_ニプロ_子会社および持分法適用関連会社の異動に関するお知らせ.pdf
   ✅ 保存: 8609_1700_岡三_当社及び当社子会社の取締役及び執行役員に対する譲渡制限付株式報酬としての自己株式の処分に関するお知らせ.pdf
   ✅ 保存: 8609_1700_岡三_当社子会社の従業員に対する業績連動型譲渡制限付株式報酬としての自己株式の処分に関するお知らせ.pdf
   ✅ 保存: 8887_1700_シーラHD_販売用不動産の売却に関するお知らせ.pdf
   ✅ 保存: 9347_1700_日本管財HD_支配株主等に関する事項について.pdf
   ✅ 保存: 9369_1700_キユソ流通_会社分割(簡易吸収分割)による事業の承継に関するお知らせ.pdf
   ✅ 保存: 9409_1700_テレビ朝日HD_譲渡制限付株式報酬としての新株式発行及び自己株式の消却に関するお知らせ.pdf
   ✅ 保存: 9193_1650_東汽船_譲渡制限付株式報酬としての自己株式の処分に関するお知らせ.pdf
   ✅ 保存: 1939_1645_四電工_支配株主等に関する事項について.pdf
   ✅ 保存: 1939_1645_四電工_譲渡制限付株式報酬としての自己株式の処分に関するお知らせ.pdf
   ✅ 保存: 3647_1645_アスリナ_第11回新株予約権の資金使途の変更に関するお知らせ.pdf
   ✅ 保存: 4664_1645_アールエスシー_譲渡制限付株式報酬としての自己株式の処分に関するお知らせ.pdf
   ✅ 保存: 4664_1645_アールエスシー_支配株主等に関する事項について.pdf
   ✅ 保存: 8105_1645_BitcoinJPN_(開示事項の経過)AIインフラ投資事業におけるファンドへの出資に関するお知らせ.pdf
   ✅ 保存: 9327_1645_イー・ロジット_代表取締役の異動に関するお知らせ.pdf
   ✅ 保存: 5252_1640_G-日本ナレッジ_新役員体制に関するお知らせ.pdf
   ✅ 保存: 6246_1640_テクノスマート_支配株主等に関する事項について.pdf
   ✅ 保存: 4387_1635_G-ZUU_事業計画と成長可能性に関する事項.pdf
   ✅ 保存: 2654_1630_アスモ_第51回定時株主総会の議決権行使結果に関するお知らせ.pdf
   ✅ 保存: 2654_1630_アスモ_取締役に対する譲渡制限付株式報酬としての自己株式の処分に関するお知らせ.pdf
   ✅ 保存: 2654_1630_アスモ_従業員に対する譲渡制限付株式報酬としての自己株式の処分に関するお知らせ.pdf
   ✅ 保存: 2922_1630_なとり_代表取締役の異動(追加選任)に関するお知らせ.pdf
   ✅ 保存: 3003_1630_ヒューリック_連結子会社の商号変更に関するお知らせ.pdf
   ✅ 保存: 3226_1630_R-三井不アコモ_資金の借入れに関するお知らせ.pdf
   ✅ 保存: 368A_1630_北里コーポレーション_支配株主等に関する事項について.pdf
   ✅ 保存: 3774_1630_IIJ_在籍条件型譲渡制限付株式報酬としての自己株式の処分に関するお知らせ.pdf
   ✅ 保存: 3856_1630_Abalance_2026年3月期第3四半期及び2026年3月期決算短信の開示延期並びに第27期有価証券報告書提出期限の延長申請検討に関するお知らせ.pdf
   ✅ 保存: 3856_1630_Abalance_(開示事項の経過)米国向け太陽光パネルの輸出に関する一部貨物の取扱いについて.pdf
   ✅ 保存: 5258_1630_G-TMN_事業計画及び成長可能性に関する事項について.pdf
   ✅ 保存: 5821_1630_平河ヒューテ_譲渡制限付株式報酬としての自己株式の処分に関するお知らせ.pdf
   ✅ 保存: 5830_1630_いよぎんHD_当社および子会社における役員の異動に関するお知らせ.pdf
   ✅ 保存: 6125_1630_岡本工機_第三者割当増資における調達資金の資金使途および支出予定時期の一部変更に関するお知らせ.pdf
   ✅ 保存: 6365_1630_電業社_投資単位の引下げに関する考え方及び方針等について.pdf
   ✅ 保存: 6365_1630_電業社_譲渡制限付株式報酬としての自己株式の処分に関するお知らせ.pdf
   ✅ 保存: 6407_1630_CKD_取締役に対する譲渡制限付株式報酬としての自己株式処分に関するお知らせ.pdf
   ✅ 保存: 6522_1630_G-アスタリスク_第9回及び第10回新株予約権の発行並びに新株予約権の買取契約(ターゲット・イシュー・プログラム「TIP」)の締結に関するお知らせ.pdf
   ✅ 保存: 6522_1630_G-アスタリスク_資金調達に関する補足説明資料.pdf
   ✅ 保存: 6623_1630_愛知電_投資単位の引下げに関する考え方および方針について.pdf
   ✅ 保存: 7220_1630_武蔵精密_譲渡制限付株式報酬としての新株式発行に関するお知らせ.pdf
   ✅ 保存: 7545_1630_西松屋チェ_2027年2月期 第1四半期決算短信〔日本基準〕(連結).pdf
   ...Page 002 を確認中
   ✅ 保存: 7721_1630_東京計器_譲渡制限付株式報酬としての自己株式の処分に関するお知らせ.pdf
   ✅ 保存: 7780_1630_メニコン_当社執行役、取締役及び従業員に対する株式報酬型ストック・オプション(新株予約権)の付与に関するお知らせ.pdf
   ✅ 保存: 7780_1630_メニコン_当社子会社取締役(国内居住者)に対する株式報酬型ストック・オプション(新株予約権)の付与に関するお知らせ.pdf
   ✅ 保存: 7780_1630_メニコン_当社子会社取締役及び当社子会社従業員(国内非居住者)に対する株式報酬型ストック・オプション(新株予約権)の付与に関するお知らせ.pdf
   ✅ 保存: 7886_1630_ヤマトモビMfg_上場維持基準への適合に向けた計画に基づく進捗状況について.pdf
   ✅ 保存: 7886_1630_ヤマトモビMfg_(訂正・数値データ訂正)「2026年3月期 第2四半期(中間期)決算短信〔日本基準〕(連結)」の一部訂正について.pdf
   ✅ 保存: 7886_1630_ヤマトモビMfg_(訂正・数値データ訂正)「2026年3月期 第3四半期決算短信〔日本基準〕(連結)」の一部訂正に ついて.pdf
   ✅ 保存: 7886_1630_ヤマトモビMfg_(訂正・数値データ訂正)「2026年3月期 決算短信〔日本基準〕(連結)」の一部訂正について.pdf
   ✅ 保存: 8144_1630_デンキョーグループ_譲渡制限付株式報酬としての自己株式の処分に関するお知らせ.pdf
   ✅ 保存: 8365_1630_富山銀行_取締役及び執行役員に対する譲渡制限付株式報酬としての自己株式の処分に関するお知らせ.pdf
   ✅ 保存: 9003_1630_相鉄HD_業務提携の解消に関するお知らせ.pdf
   ✅ 保存: 9003_1630_相鉄HD_譲渡制限付株式報酬としての自己株式の処分に関するお知らせ.pdf
   ✅ 保存: 9401_1630_TBSHD_譲渡制限付株式報酬としての自己株式の処分に関するお知らせ.pdf
   ✅ 保存: 9424_1630_日本通信_役員人事に関するお知らせ.pdf
   ✅ 保存: 8699_1625_HSHD_役員人事に関するお知らせ.pdf
   ✅ 保存: 8699_1625_HSHD_第69回定時株主総会における議決権行使結果に関するお知らせ.pdf
   ✅ 保存: 8946_1620_エイシアンスター_第三者割当による新株式及び第10回新株予約権の発行並びに主要株主の異動に関するお知らせ.pdf
   ✅ 保存: 8946_1620_エイシアンスター_募集新株予約権(有償ストック・オプション及び無償ストック・オプション)の発行に関するお知らせ.pdf
   ✅ 保存: 8946_1620_エイシアンスター_第三者割当増資等に関する補足説明資料の開示について.pdf
   ✅ 保存: 1711_1615_SDSHD_(訂正・数値データ訂正)「2026年3月期 決算短信〔日本基準〕(連結)」の一部訂正について.pdf
   ✅ 保存: 3661_1615_エムアップHD_2027年3月期 通期連結業績予想の公表に関するお知らせ.pdf
   ✅ 保存: 4884_1610_G-クリングル_ストックオプション(新株予約権)の発行内容確定に関するお知らせ.pdf
   ✅ 保存: 6976_1610_太陽誘電_譲渡制限付株式報酬としての自己株式の処分に関するお知らせ.pdf
   ✅ 保存: 7367_1610_セルム_譲渡制限付株式報酬としての自己株式の処分に関するお知らせ.pdf
   ✅ 保存: 6904_1605_原田工業_支配株主等に関する事項について.pdf
   ✅ 保存: 7247_1605_ミクニ_財務報告に係る内部統制の開示すべき重要な不備に関するお知らせ.pdf
   ✅ 保存: 9206_1605_SFJ_役付取締役選任 及び 取締役の管掌・担当業務 並びに 執行役員の担当業務に関するお知らせ.pdf
   ✅ 保存: 1723_1600_日本電技_譲渡制限付株式報酬としての自己株式の処分に関するお知らせ.pdf
   ✅ 保存: 1736_1600_オーテック_非上場の親会社等の決算に関するお知らせ.pdf
   ✅ 保存: 1827_1600_ナカノフドー_支配株主等に関する事項について.pdf
   ✅ 保存: 1827_1600_ナカノフドー_非上場の親会社等の決算情報に関するお知らせ.pdf
   ✅ 保存: 1832_1600_北海電工_役員人事に関するお知らせ.pdf
   ✅ 保存: 1853_1600_森組_支配株主等に関する事項について.pdf
   ✅ 保存: 1975_1600_朝日工_譲渡制限付株式報酬としての自己株式の処分に関するお知らせ.pdf
   ✅ 保存: 249A_1600_P-ヒューマンA_支配株主等に関する事項について.pdf
   ✅ 保存: 2667_1600_イメージワン_2nd SKIN LABS Inc.の第三者割当増資の引受による株式の取得(子会社化)及び国内市場展開に向けた日本法人設立に関するお知らせ.pdf
   ✅ 保存: 2884_1600_ヨシムラ・F・HD_取締役及び執行役員に対する譲渡制限付株式としての新株式発行の払込完了に関するお知らせ.pdf
   ✅ 保存: 2911_1600_旭松食品_譲渡制限付株式報酬としての自己株式の処分に関するお知らせ.pdf
   ✅ 保存: 2981_1600_G-ランディックス_事業計画及び成長可能性に関する事項.pdf
   ✅ 保存: 2990_1600_P-アイダ設計_支配株主等に関する事項について.pdf
   ✅ 保存: 3079_1600_DVx_株主名簿管理人及び特別口座の口座管理機関変更に関するお知らせ.pdf
   ✅ 保存: 309A_1600_P-コスモス調剤_支配株主等に関する事項について.pdf
   ✅ 保存: 3123_1600_サイボー_代表取締役の異動に関するお知らせ.pdf
   ✅ 保存: 3123_1600_サイボー_中期事業計画策定に関するお知らせ.pdf
   ✅ 保存: 3123_1600_サイボー_取締役に対するストックオプション(新株予約権)の発行に関するお知らせ.pdf
   ✅ 保存: 3123_1600_サイボー_支配株主等に関する事項について.pdf
   ✅ 保存: 3156_1600_レスター_支配株主等に関する事項について.pdf
   ✅ 保存: 3276_1600_JPMC_譲渡制限付株式としての自己株式の処分の払込完了及び一部失権に関するお知らせ.pdf
   ✅ 保存: 3401_1600_帝人_連結子会社からの配当金受領に関するお知らせ.pdf
   ✅ 保存: 3442_1600_MIEコーポ_独立委員会委員の追加選任に関するお知らせ.pdf
   ✅ 保存: 3577_1600_東海染工_特別損失の発生に関するお知らせ.pdf
   ✅ 保存: 3945_1600_スパバック_譲渡制限付株式報酬としての自己株式の処分に関するお知らせ.pdf
   ✅ 保存: 4064_1600_カーバイド_譲渡制限付株式報酬としての自己株式の処分に関するお知らせ.pdf
   ✅ 保存: 4231_1600_タイガーポリ_当社株主総会における「当社株式の大量買付行為等に関する対応策(買収への対応方針)継続の件」の承認に関するお知らせ.pdf
   ✅ 保存: 4231_1600_タイガーポリ_組織変更及び役員の異動に関するお知らせ.pdf
   ✅ 保存: 4241_1600_アテクト_支配株主等に関する事項について.pdf
   ✅ 保存: 4365_1600_松本油脂_支配株主に関する事項について.pdf
   ✅ 保存: 4387_1600_G-ZUU_連結子会社からの配当金受領に関するお知らせ.pdf
   ✅ 保存: 4429_1600_G-リックソフト_取締役に対する譲渡制限付株式としての自己株式の処分完了に関するお知らせ.pdf
   ✅ 保存: 4431_1600_G-スマレジ_取締役、監査役及び執行役員人事に関するお知らせ.pdf
   ✅ 保存: 4431_1600_G-スマレジ_業績連動型譲渡制限付株式(PSURS)報酬制度の導入に関するお知らせ.pdf
   ✅ 保存: 4431_1600_G-スマレジ_事後交付型業績連動型株式(PSU)報酬制度の一部改定に関するお知らせ.pdf
   ✅ 保存: 4446_1600_Link-Uグループ_経済産業省「IP360」における「流通プラットフォーム拡大支援」区分採択に関するお知らせ(事業名_「Manga UP!」).pdf
   ✅ 保存: 4446_1600_Link-Uグループ_経済産業省「IP360」における「流通プラットフォーム拡大支援」区分採択に関するお知らせ(事業名_「MANGA Plus by SHUEISHA」).pdf
   ✅ 保存: 445A_1600_P-東洋コーポ_支配株主等に関する事項について.pdf
   ✅ 保存: 4492_1600_ゼネテック_役員人事に関するお知らせ.pdf
   ✅ 保存: 4613_1600_関ペイント_自己株式取得に係る事項の決定に関するお知らせ.pdf
   ✅ 保存: 4613_1600_関ペイント_2029年満期ユーロ円建転換社債型新株予約権付社債及び 2031年満期ユーロ円建転換社債型新株予約権付社債の転換価額の調整に関するお知らせ.pdf
   ✅ 保存: 4679_1600_田谷_事業譲受に関するお知らせ.pdf
   ✅ 保存: 4686_1600_ジャストシステム_支配株主等に関する事項について.pdf
   ✅ 保存: 4720_1600_城南進研_公益財団法人財務会計基準機構への加入状況及び加入に関する考え方等に関するお知らせ.pdf
   ✅ 保存: 5018_1600_MORESCO_譲渡制限付株式報酬としての自己株式の処分の払込完了に関するお知らせ.pdf
   ✅ 保存: 5029_1600_G-サークレイス_支配株主等に関する事項について.pdf
   ✅ 保存: 5029_1600_G-サークレイス_主要株主である筆頭株主の異動に関するお知らせ.pdf
   ✅ 保存: 5122_1600_オカモト_「指名・報酬委員会」委員の変更に関するお知らせ.pdf
   ✅ 保存: 5122_1600_オカモト_当社株式の大規模買付行為に関する対応策(買収への対応方針)に基づく 独立委員会委員の一部交代に関するお知らせ.pdf
   ✅ 保存: 5122_1600_オカモト_譲渡制限付株式報酬としての自己株式処分に関するお知らせ.pdf
   ✅ 保存: 5237_1600_ノザワ_譲渡制限付株式報酬としての自己株式の処分に関するお知らせ.pdf
   ✅ 保存: 5344_1600_MARUWA_親会社等の決算に関するお知らせ.pdf
   ✅ 保存: 5344_1600_MARUWA_支配株主等に関する事項について.pdf
   ✅ 保存: 5344_1600_MARUWA_投資単位の引下げに関する考え方及び方針等について.pdf
   ✅ 保存: 5721_1600_エスクリプトエナジー_(訂正・数値データ訂正)「2026年3月期決算短信〔日本基準〕(非連結)」の一部訂正について.pdf
   ✅ 保存: 5802_1600_住友電工_住友理工株式会社との会社分割(簡易吸収分割)吸収分割契約の締結に関するお知らせ.pdf
   ✅ 保存: 5973_1600_トーアミ_譲渡制限付株式報酬としての自己株式の処分に関するお知らせ.pdf
   ✅ 保存: 5987_1600_オーネックス_監査等委員会設置会社への移行に関するお知らせ.pdf
   ✅ 保存: 6237_1600_イワキポンプ_連結子会社の増資に関するお知らせ.pdf
   ✅ 保存: 6379_1600_レイズネクスト_支配株主等に関する事項について.pdf
   ✅ 保存: 6384_1600_昭和真空_支配株主等に関する事項について.pdf
   ✅ 保存: 6473_1600_ジェイテクト_譲渡制限付株式報酬としての自己株式の処分の払込完了に関するお知らせ.pdf
   ✅ 保存: 6527_1600_P-ワカ製作所_営業外収益(補助金収入)の計上に関するお知らせ.pdf
   ✅ 保存: 6617_1600_東光高岳_支配株主等に関する事項について.pdf
   ✅ 保存: 6629_1600_テクノホライゾン_(訂正・数値データ訂正)「2026年3月期 決算短信〔日本基準〕(連結)」の一部訂正について.pdf
   ✅ 保存: 6629_1600_テクノホライゾン_(訂正)「2026年3月期 決算説明資料」の一部訂正について.pdf
   ✅ 保存: 6655_1600_洋電機_譲渡制限付株式報酬としての自己株式の処分に関するお知らせ.pdf
   ✅ 保存: 6655_1600_洋電機_役員人事に関するお知らせ.pdf
   ✅ 保存: 6744_1600_能美防災_取締役に対する譲渡制限付株式としての自己株式の処分に関するお知らせ.pdf
   ✅ 保存: 6824_1600_新コスモス_譲渡制限付株式報酬としての自己株式の処分に関するお知らせ.pdf
   ✅ 保存: 6837_1600_京写_取締役及び従業員に対する譲渡制限付株式としての自己株式処分に関するお知らせ.pdf
   ✅ 保存: 6875_1600_メガチップス_譲渡制限付株式報酬としての自己株式の処分に関するお知らせ.pdf
   ✅ 保存: 6875_1600_メガチップス_従業員持株会を通じた当社従業員への譲渡制限付株式付与制度に基づく自己株式の処分に関するお知らせ.pdf
   ...Page 003 を確認中
   ✅ 保存: 6908_1600_イリソ電子工業_2026年3月期有価証券報告書の提出期限延長申請の検討に関するお知らせ.pdf
   ✅ 保存: 7345_1600_G-アイパートナーズ_譲渡制限付株式報酬としての自己株式の処分に関するお知らせ.pdf
   ✅ 保存: 7399_1600_ナンシン_取締役に対する譲渡制限付株式としての自己株式処分に関するお知らせ.pdf
   ✅ 保存: 7434_1600_オータケ_2026年5月期決算短信の開示が期末後50日を超えることに関するお知らせ.pdf
   ✅ 保存: 7462_1600_CAPITA_執行役員制度の導入に関するお知らせ.pdf
   ✅ 保存: 7462_1600_CAPITA_執行役員就任のお知らせ.pdf
   ✅ 保存: 7593_1600_VTHD_第44期定時株主総会における議決権行使結果に関するお知らせ.pdf
   ✅ 保存: 7624_1600_NaITO_令和9年2月期 第1四半期決算短信〔日本基準〕(連結).pdf
   ✅ 保存: 7771_1600_日本精密_支配株主等に関する事項について.pdf
   ✅ 保存: 7777_1600_G-3Dマトリックス_ピュアリフトの承認整理に関するお知らせ.pdf
   ✅ 保存: 7815_1600_東京ボード工業_固定資産の譲渡および特別利益(固定資産売却益)の計上に関するお知らせ.pdf
   ✅ 保存: 7887_1600_南海プライウッド_支配株主等に関する事項について.pdf
   ✅ 保存: 7887_1600_南海プライウッド_当社取締役(社外取締役を除く。)及び執行役員に対する譲渡制限株式としての自己株式処分に関するお知らせ.pdf
   ✅ 保存: 7953_1600_菊水化学工業_代表取締役社長の異動及び役員の異動に関するお知らせ.pdf
   ✅ 保存: 7953_1600_菊水化学工業_(訂正・数値データ訂正)「2026年3月期 決算短信[日本基準](連結)」の一部再訂正について.pdf
   ✅ 保存: 7953_1600_菊水化学工業_(開示事項の経過)連結子会社における固定資産の譲渡に関するお知らせ.pdf
   ✅ 保存: 7953_1600_菊水化学工業_取締役、執行役員及び監査役に対する譲渡制限付株式としての自己株式処分に関するお知らせ.pdf
   ✅ 保存: 7974_1600_任天堂_譲渡制限付株式報酬としての自己株式の処分に関するお知らせ.pdf
   ✅ 保存: 8011_1600_三陽商_譲渡制限付株式報酬としての自己株式の処分の払込完了に関するお知らせ.pdf
   ✅ 保存: 8030_1600_中央魚_譲渡制限付株式報酬としての自己株式の処分に関するお知らせ.pdf
   ✅ 保存: 8219_1600_青山商_組織機構の変更に関するお知らせ.pdf
   ✅ 保存: 8289_1600_OlympicG_当社株式の上場廃止に関するお知らせ.pdf
   ✅ 保存: 8306_1600_三菱UFJ_自己株式の取得状況および取得終了に関するお知らせ.pdf
   ✅ 保存: 8370_1600_紀陽銀行_譲渡制限付株式報酬としての自己株式の処分に関するお知らせ.pdf
   ✅ 保存: 9012_1600_秩父鉄道_支配株主等に関する事項.pdf
   ✅ 保存: 9206_1600_SFJ_取締役に対する譲渡制限付株式としての新株発行に関するお知らせ.pdf
   ✅ 保存: 9222_1600_P-manaby_支配株主等に関する事項について.pdf
   ✅ 保存: 9223_1600_G-ASNOVA_事業計画及び成長可能性に関する事項.pdf
   ✅ 保存: 9223_1600_G-ASNOVA_支配株主等に関する事項について.pdf
   ✅ 保存: 9401_1600_TBSHD_株式会社U-NEXT HOLDINGSとの資本業務提携に関するお知らせ.pdf
   ✅ 保存: 9418_1600_U-NEXT_株式会社TBSホールディングスとの資本業務提携契約の締結及び当社株式の売出しに関するお知らせ.pdf
   ✅ 保存: 9601_1600_松竹_譲渡制限付株式報酬としての自己株式の処分の払込完了に関するお知らせ.pdf
   ✅ 保存: 9788_1600_ナック_譲渡制限付株式報酬としての自己株式処分に関するお知らせ.pdf
   ✅ 保存: 9928_1600_ミロク情報_譲渡制限付株式報酬としての自己株式の処分に関するお知らせ.pdf
   ✅ 保存: 2204_1545_中村屋_「コーポレートガバナンス・ガイドライン」改定のお知らせ.pdf
   ✅ 保存: 2204_1545_中村屋_譲渡制限付株式に係る自己株式の処分に関するお知らせ.pdf
   ✅ 保存: 2204_1545_中村屋_役員人事のお知らせ.pdf
   ✅ 保存: 2204_1545_中村屋_「当社株式の大規模買付行為に関する対応方針(買収への対応方針)」の継続承認および独立委員会の委員選任に関するお知らせ.pdf
   ✅ 保存: 520A_1545_G-ジェイファーマ_事業計画及び成長可能性に関する事項.pdf
   ✅ 保存: 7561_1545_ハークスレイ_支配株主等(その他の関係会社)に関する事項について.pdf
   ✅ 保存: 9831_1545_ヤマダHD_当社の役員等の人事についてのお知らせ.pdf
   ✅ 保存: 9831_1545_ヤマダHD_従業員持株会向け譲渡制限付株式インセンティブとしての 自己株式の処分に関するお知らせ.pdf
   ✅ 保存: 9831_1545_ヤマダHD_譲渡制限付株式報酬としての自己株式の処分に関するお知らせ.pdf
   ✅ 保存: 2440_1540_ぐるなび_支配株主等に関する事項について.pdf
   ✅ 保存: 2440_1540_ぐるなび_人事異動に関するお知らせ.pdf
   ✅ 保存: 6346_1540_キクカワ_譲渡制限付株式報酬としての自己株式の処分に関するお知らせ.pdf
   ✅ 保存: 6962_1540_大真空_譲渡制限付株式報酬としての自己株式の処分に関するお知らせ.pdf
   ✅ 保存: 7435_1540_ナ・デックス_自己株式の消却完了に関するお知らせ.pdf
   ✅ 保存: 7575_1540_日本ライフライン_取締役会の実効性に関する評価結果の概要について.pdf
   ✅ 保存: 7709_1540_クボテック_代表取締役の異動に関するお知らせ.pdf
   ✅ 保存: 7709_1540_クボテック_2026年3月期有価証券報告書に係る監査報告書の意見不表明及び内部統制監査報告書の意見不表明に関するお知らせ.pdf
   ✅ 保存: 6644_1535_大崎電_株主優待制度導入に関するお知らせ.pdf
   ✅ 保存: 1375_1530_ユキグニファクトリー_非上場の親会社等の決算に関するお知らせ.pdf
   ✅ 保存: 1375_1530_ユキグニファクトリー_支配株主等に関する事項について.pdf
   ✅ 保存: 1514_1530_住石HD_新役員体制のお知らせ.pdf
   ✅ 保存: 1514_1530_住石HD_譲渡制限付株式報酬としての自己株式の処分に関するお知らせ.pdf
   ✅ 保存: 1605_1530_INPEX_アラブ首長国連邦アブダビ上部ザクム油田の追加開発にかかるEPC Tender Awardsについて.pdf
   ✅ 保存: 1721_1530_コムシスHD_譲渡制限付株式報酬としての自己株式の処分に関するお知らせ.pdf
   ✅ 保存: 1764_1530_工藤建設_グループ組織再編に伴う会社分割及び子会社(分割準備会社)の設立に関するお知らせ.pdf
   ✅ 保存: 177A_1530_G-コージンバイオ_支配株主等に関する事項について.pdf
   ✅ 保存: 177A_1530_G-コージンバイオ_代表取締役の異動に関するお知らせ.pdf
   ✅ 保存: 1861_1530_熊谷組_支配株主等に関する事項について.pdf
   ✅ 保存: 1909_1530_日本ドライケミカル_支配株主等に関する事項について.pdf
   ✅ 保存: 1934_1530_ユアテック_譲渡制限付株式報酬としての自己株式の処分に関するお知らせ.pdf
   ✅ 保存: 1952_1530_新日空調_譲渡制限付株式報酬としての自己株式の処分に関するお知らせ.pdf
   ✅ 保存: 2121_1530_MIXI_譲渡制限付株式報酬としての自己株式の処分に関するお知らせ.pdf
   ✅ 保存: 2121_1530_MIXI_取締役報酬制度の改定に関するお知らせ.pdf
   ✅ 保存: 2134_1530_キタハマキャピタル_(開示内容の変更)資本金および資本準備金の額の減少等の効力発生日の変更に関するお知らせ.pdf
   ✅ 保存: 2136_1530_ヒップ_支配株主等に関する事項について.pdf
   ✅ 保存: 2154_1530_オープンアップG_2026年5月度 国内技術社員在籍数・稼働率の月次開示に関するお知らせ.pdf
   ✅ 保存: 2179_1530_成学社_譲渡制限付株式報酬としての自己株式の処分に関するお知らせ.pdf
   ✅ 保存: 2329_1530_東北新社_譲渡制限付株式報酬としての自己株式の処分に関するお知らせ.pdf
   ✅ 保存: 2329_1530_東北新社_支配株主等に関する事項について.pdf
   ✅ 保存: 2340_1530_極楽湯HD_役員人事に関するお知らせ.pdf
   ✅ 保存: 2340_1530_極楽湯HD_株式報酬型ストック・オプション(新株予約権)の発行に関するお知らせ.pdf
   ✅ 保存: 2393_1530_日本ケア_支配株主等に関する事項について.pdf
   ✅ 保存: 2393_1530_日本ケア_資本コストや株価を意識した経営の実現に向けた対応について(アップデート).pdf
   ✅ 保存: 2411_1530_ゲンダイAG_譲渡制限付株式報酬としての自己株式処分に関するお知らせ.pdf
   ✅ 保存: 2483_1530_翻訳センター_支配株主等に関する事項について.pdf
   ✅ 保存: 2762_1530_SANKO MF_取締役の辞任に関するお知らせ.pdf
   ✅ 保存: 276A_1530_G-ククレブ_固定資産の取得に関するお知らせ.pdf
   ✅ 保存: 2778_1530_パレモ・HD_2027年2月期 第1四半期決算短信〔日本基準〕(連結).pdf
   ✅ 保存: 2778_1530_パレモ・HD_(株)パレモの月次売上高前年比情報に関するお知らせ.pdf
   ✅ 保存: 2882_1530_イートアンドHD_譲渡制限付株式報酬としての新株式の発行の払込完了に関するお知らせ.pdf
   ✅ 保存: 291A_1530_G-リスキル_役員報酬の減額に関するお知らせ.pdf
   ✅ 保存: 2985_1530_P-ファーストステジ_役付取締役の選定に関するお知らせ.pdf
   ✅ 保存: 2985_1530_P-ファーストステジ_支配株主等に関する事項について.pdf
   ✅ 保存: 3034_1530_クオールHD_「信託型従業員持株インセンティブ・プラン(E-Ship)」の再導入について.pdf
   ✅ 保存: 3050_1530_DCM_2027年2月期 第1四半期決算短信〔日本基準〕(連結).pdf
   ✅ 保存: 3050_1530_DCM_2027年2月期 第1四半期決算補足説明資料.pdf
   ✅ 保存: 3075_1530_銚子丸_譲渡制限付株式報酬としての自己株式の処分の払込完了に関するお知らせ.pdf
   ✅ 保存: 3087_1530_ドトル日レス_譲渡制限付株式報酬としての自己株式の処分の払込完了に関するお知らせ.pdf
   ✅ 保存: 3178_1530_チムニー_支配株主等に関する事項について.pdf
   ✅ 保存: 3185_1530_G-夢展望_親会社及び連結子会社との極度貸付約定書の一部変更契約の締結及び連帯保証契約書の締結に関するお知らせ.pdf
   ✅ 保存: 3199_1530_綿半ホールディングス_譲渡制限付株式としての自己株式の処分に関するお知らせ.pdf
   ✅ 保存: 3205_1530_ダイドー_取締役および執行役員の体制に関するお知らせ.pdf
   ✅ 保存: 3238_1530_セントラル総_支配株主等に関する事項について.pdf
   ✅ 保存: 3375_1530_ZOA_譲渡制限付株式報酬としての自己株式の処分に関するお知らせ.pdf
   ✅ 保存: 3388_1530_明治電機_新役員体制に関するお知らせ.pdf
   ✅ 保存: 3388_1530_明治電機_譲渡制限付株式報酬としての自己株式の処分に関するお知らせ.pdf
   ...Page 004 を確認中
   ✅ 保存: 339A_1530_G-プログレス_譲渡制限付株式報酬としての自己株式の処分の払込完了に関するお知らせ.pdf
   ✅ 保存: 3489_1530_フェイスネットワーク_譲渡制限付株式報酬としての自己株式の処分に関するお知らせ.pdf
   ✅ 保存: 3491_1530_G-GA TECH_第18回募集新株予約権(無償ストック・オプション)の発行内容確定に関するお知らせ.pdf
   ✅ 保存: 3512_1530_日フエルト_自己株式取得に係る事項の決定に関するお知らせ.pdf
   ✅ 保存: 3542_1530_G-VEGA_支配株主等に関する事項について.pdf
   ✅ 保存: 3560_1530_ほぼ日_特定子会社の異動に関するお知らせ.pdf
   ✅ 保存: 3624_1530_G-アクセルM_2026年9月期第2四半期決算説明会に関する質疑応答内容のお知らせ.pdf
   ✅ 保存: 3681_1530_ブイキューブ_一時会計監査人の選任に関するお知らせ.pdf
   ✅ 保存: 3776_1530_BBタワー_指名委員会の設置に関するお知らせ.pdf
   ✅ 保存: 3776_1530_BBタワー_固定資産の譲渡に関するお知らせ.pdf
   ✅ 保存: 3803_1530_G-イメージ情_「事業計画及び成長可能性に関する事項」の公表のお知らせ.pdf
   ✅ 保存: 3803_1530_G-イメージ情_上場維持基準の適合に向けた計画に基づく進捗状況について.pdf
   ✅ 保存: 3803_1530_G-イメージ情_支配株主等に関する事項について.pdf
   ✅ 保存: 3844_1530_コムチュア_取締役の選任および役員の担当等に関するお知らせ.pdf
   ✅ 保存: 3864_1530_三菱紙_連結子会社からの配当金受領に関するお知らせ.pdf
   ✅ 保存: 3864_1530_三菱紙_支配株主等に関する事項について.pdf
   ✅ 保存: 3865_1530_北越コーポレーション_ストックオプション(新株予約権)の発行に関するお知らせ.pdf
   ✅ 保存: 3917_1530_G-アイリッジ_譲渡制限付株式報酬としての新株式の発行に関するお知らせ.pdf
   ✅ 保存: 3917_1530_G-アイリッジ_業績目標連動型新株予約権(有償ストック・オプション)の発行及び当社取締役等による当社株式取得に関するお知らせ.pdf
   ✅ 保存: 3923_1530_ラクス_譲渡制限付株式としての自己株式の処分に関するお知らせ.pdf
   ✅ 保存: 3928_1530_マイネット_第三者割当による募集株式の発行価格および割当先等の決定に関するお知らせ.pdf
   ✅ 保存: 3962_1530_チェンジHD_支配株主等に関する事項について.pdf
   ✅ 保存: 3962_1530_チェンジHD_資本コストや株価を意識した経営の実現に向けた対応について.pdf
   ✅ 保存: 4073_1530_G-ジィ・シィ企画_コミットメントライン契約の更新に関するお知らせ.pdf
   ✅ 保存: 4088_1530_エア・ウォーター_有価証券報告書の提出期限延長に係る承認申請の検討に関するお知らせ.pdf
   ✅ 保存: 4208_1530_UBE_持分法適用関連会社からの配当金受領に関するお知らせ.pdf
   ✅ 保存: 4382_1530_HEROZ_(訂正・数値データ訂正)「2026年4月期 決算短信〔日本基準〕(連結)」の一部訂正について.pdf
   ✅ 保存: 4416_1530_G-TrueData_支配株主等に関する事項について.pdf
   ✅ 保存: 4425_1530_G-Kudan_役員人事に関するお知らせ.pdf
   ✅ 保存: 4496_1530_G-コマースワン_事業計画及び成長可能性に関する事項.pdf
   ✅ 保存: 4594_1530_G-ブライトパス_事業計画及び成長可能性に関する事項.pdf
   ✅ 保存: 4651_1530_サニックスHD_役員人事に関するお知らせ.pdf
   ✅ 保存: 4761_1530_さくらKCS_譲渡制限付株式報酬としての自己株式の処分に関するお知らせ.pdf
   ✅ 保存: 4761_1530_さくらKCS_支配株主等に関する事項について.pdf
   ✅ 保存: 4814_1530_ネクストウェア_役員人事に関するお知らせ.pdf
   ✅ 保存: 4848_1530_フルキャストHD_(開示事項の経過)RGF タレントソリューションズ株式会社及びRGF International Recruitment Holdings Limitedの株式取得(子会社化)に関するお知らせ.pdf
   ✅ 保存: 4883_1530_G-モダリス_第2回無担保社債(私募債)の払込完了に関するお知らせ.pdf
   ✅ 保存: 4911_1530_資生堂_第15回無担保社債発行に関するお知らせ.pdf
   ✅ 保存: 5016_1530_JX金属_株式交換による1株に満たない端数の処理に伴う自己株式の買取りに関するお知らせ.pdf
   ✅ 保存: 5016_1530_JX金属_支配株主等に関する事項について.pdf
   ✅ 保存: 5280_1530_ヨシコン_支配株主等に関する事項について.pdf
   ✅ 保存: 5280_1530_ヨシコン_親会社等の決算に関するお知らせ.pdf
   ✅ 保存: 5491_1530_日本金属_当社株券等大規模買付行為への対応方針(買収への対応方針)における独立委員会委員の一部変更に関するお知らせ.pdf
   ✅ 保存: 5532_1530_G-リアルゲイト_固定資産の取得に関するお知らせ.pdf
   ✅ 保存: 5592_1530_G-くすりの窓口_事業計画及び成長可能性に関する事項.pdf
   ✅ 保存: 5618_1530_G-ナイル_資金の借入(新規)に関するお知らせ.pdf
   ✅ 保存: 5621_1530_G-ヒューマンT_事業計画及び成長可能性に関する事項.pdf
   ✅ 保存: 5715_1530_古河機金_譲渡制限付株式報酬としての自己株式の処分に関するお知らせ.pdf
   ✅ 保存: 5742_1530_NIC_支配株主等に関する事項について.pdf
   ✅ 保存: 5803_1530_フジクラ_譲渡制限付株式報酬としての自己株式の処分に関するお知らせ.pdf
   ✅ 保存: 5834_1530_G-SBIリーシング_支配株主等に関する事項について.pdf
   ✅ 保存: 5844_1530_京都FG_譲渡制限付株式報酬としての自己株式の処分に関するお知らせ.pdf
   ✅ 保存: 5915_1530_駒井ハルテック_譲渡制限付株式報酬としての自己株式の処分に関するお知らせ.pdf
   ✅ 保存: 5923_1530_高田機工_譲渡制限付株式報酬としての自己株式の処分に関するお知らせ.pdf
   ✅ 保存: 6005_1530_三浦工_譲渡制限付株式報酬としての自己株式の処分に関するお知らせ.pdf
   ✅ 保存: 6018_1530_阪神内燃機工業_譲渡制限付株式報酬としての自己株式の処分に関するお知らせ.pdf
   ✅ 保存: 6045_1530_G-レントラックス_支配株主等に関する事項について.pdf
   ✅ 保存: 6045_1530_G-レントラックス_事業計画及び成長可能性に関する事項について.pdf
   ✅ 保存: 6134_1530_FUJI_譲渡制限付株式報酬としての自己株式の処分に関するお知らせ.pdf
   ✅ 保存: 6166_1530_G-中村超硬_役員人事に関するお知らせ.pdf
   ✅ 保存: 6166_1530_G-中村超硬_事業計画及び成長可能性に関する事項.pdf
   ✅ 保存: 6209_1530_リケンNPR_譲渡制限付株式報酬としての自己株式の処分に関するお知らせ.pdf
   ✅ 保存: 6248_1530_横田製作所_支配株主等に関する事項について.pdf
   ✅ 保存: 6257_1530_藤商事_譲渡制限付株式報酬としての自己株式の処分に関するお知らせ.pdf
   ✅ 保存: 6337_1530_テセック_譲渡制限付株式報酬としての自己株式処分に関するお知らせ.pdf
   ✅ 保存: 6351_1530_鶴見製_譲渡制限付株式としての自己株式処分に関するお知らせ.pdf
   ✅ 保存: 6351_1530_鶴見製_従業員持株会に対する譲渡制限付株式としての自己株式処分に関するお知らせ.pdf
   ✅ 保存: 6367_1530_ダイキン工_インドに研究開発機能を担う子会社を設立する旨のお知らせ.pdf
   ✅ 保存: 6371_1530_椿本チエイン_譲渡制限付株式報酬としての自己株式の処分に関するお知らせ.pdf
   ✅ 保存: 6525_1530_KOKUSAI_新経営体制発足に関するお知らせ.pdf
   ✅ 保存: 6564_1530_ミダックHD_譲渡制限付株式報酬としての自己株式の処分に関するお知らせ.pdf
   ✅ 保存: 6564_1530_ミダックHD_執行役員制度の導入に関するお知らせ.pdf
   ✅ 保存: 6578_1530_コレックHD_譲渡制限付株式報酬としての新株式の発行の払込完了に関するお知らせ.pdf
   ✅ 保存: 6584_1530_三桜工_代表取締役の異動に関するお知らせ.pdf
   ✅ 保存: 6615_1530_UMCエレ_支配株主等に関する事項について.pdf
   ✅ 保存: 6696_1530_G-トラースOP_STB機器等がNTTイノベーティブデバイスに採用決定.pdf
   ✅ 保存: 6718_1530_アイホン_譲渡制限付株式報酬としての自己株式の処分に関するお知らせ.pdf
   ✅ 保存: 6727_1530_ワコム_(訂正・数値データ訂正)「2026年3月期 決算短信〔日本基準〕(連結)」の一部訂正について.pdf
   ✅ 保存: 6745_1530_ホーチキ_支配株主等に関する事項について.pdf
   ✅ 保存: 6771_1530_池上通_譲渡制限付株式報酬としての自己株式の処分に関するお知らせ.pdf
   ✅ 保存: 6775_1530_TBグループ_第三者割当による新株式発行及び新株予約権の発行に係る払込完了に関するお知らせ.pdf
   ✅ 保存: 6844_1530_新電元_譲渡制限付株式報酬としての自己株式の処分に関するお知らせ.pdf
   ✅ 保存: 6862_1530_ミナトHD_当社及び当社グループ会社の役員体制に関するお知らせ.pdf
   ✅ 保存: 6890_1530_フェローテック_2028年満期ユーロ円建転換社債型新株予約権付社債の転換価額の調整に関するお知らせ.pdf
   ✅ 保存: 6890_1530_フェローテック_新経営体制に関するお知らせ.pdf
   ✅ 保存: 6942_1530_ソフィアHD_支配株主等に関する事項について.pdf
   ✅ 保存: 6942_1530_ソフィアHD_当社連結子会社による株式取得(孫会社化)に関するお知らせ.pdf
   ✅ 保存: 6952_1530_カシオ計_譲渡制限付株式報酬としての自己株式の処分に関するお知らせ.pdf
   ✅ 保存: 6960_1530_フクダ電子_コーポレート・ガバナンス改革プロジェクト発足に関するお知らせ.pdf
   ✅ 保存: 6960_1530_フクダ電子_投資単位の引下げに関する考え方および方針等について.pdf
   ✅ 保存: 6960_1530_フクダ電子_当社株式の大規模買付行為に関する対応策(買収への対応方針)に基づく企業価値評価特別委員会委員の一部変更のお知らせ.pdf
   ✅ 保存: 6960_1530_フクダ電子_役員人事に関するお知らせ.pdf
   ✅ 保存: 6961_1530_エンプラス_取締役等に対する譲渡制限付株式報酬としての自己株式処分に関するお知らせ.pdf
   ✅ 保存: 6982_1530_リード_譲渡制限付株式報酬としての自己株式の処分に関するお知らせ.pdf
   ✅ 保存: 6998_1530_日タングス_資本コストや株価を意識した経営の実現に向けた対応についてのお知らせ.pdf
   ✅ 保存: 6998_1530_日タングス_取締役会の実効性に関する評価結果の概要について.pdf
   ✅ 保存: 6998_1530_日タングス_譲渡制限付株式報酬としての自己株式の処分に関するお知らせ.pdf
   ✅ 保存: 7060_1530_ギークス_支配株主等に関する事項について.pdf
   ✅ 保存: 7084_1530_G-SmileHD_上場維持基準への適合に向けた計画について.pdf
   ✅ 保存: 7089_1530_G-フォースタ_取締役による当社株式取得に関するお知らせ.pdf
   ...Page 005 を確認中
   ✅ 保存: 7089_1530_G-フォースタ_営業投資有価証券の一部売却に関するお知らせ.pdf
   ✅ 保存: 7089_1530_G-フォースタ_事業計画及び成長可能性に関する事項.pdf
   ✅ 保存: 7093_1530_G-アディッシュ_資金の借入(新規借入・借換)に関するお知らせ.pdf
   ✅ 保存: 7094_1530_G-NexTone_事業計画及び成長可能性に関する事項.pdf
   ✅ 保存: 7118_1530_伸和ホールディングス_支配株主等に関する事項について.pdf
   ✅ 保存: 7132_1530_P-フローバル_支配株主等に関する事項について.pdf
   ✅ 保存: 7133_1530_G-ヒュウガプライマ_支配株主等に関する事項について.pdf
   ✅ 保存: 7133_1530_G-ヒュウガプライマ_事業計画及び成長可能性に関する説明資料.pdf
   ✅ 保存: 7134_1530_アップガレージG_支配株主等に関する事項について.pdf
   ✅ 保存: 7181_1530_かんぽ生命保険_支配株主等に関する事項について.pdf
   ✅ 保存: 7254_1530_ユニバンス_譲渡制限付株式としての自己株式の処分に関するお知らせ.pdf
   ✅ 保存: 7254_1530_ユニバンス_執行役員体制に関するお知らせ.pdf
   ✅ 保存: 7287_1530_日本精機_譲渡制限付株式報酬としての自己株式の処分に関するお知らせ.pdf
   ✅ 保存: 7361_1530_G-HCH_介護・医療分野事業を営む株式会社ライフシールドの株式取得(子会社化)に関するお知らせ.pdf
   ✅ 保存: 7383_1530_ネットプロHD_譲渡制限付株式報酬としての新株式発行に関するお知らせ.pdf
   ✅ 保存: 7421_1530_カッパ・クリエイト_支配株主等に関する事項について.pdf
   ✅ 保存: 7458_1530_第一興商_株式報酬型ストック・オプション(新株予約権)の発行について.pdf
   ✅ 保存: 7458_1530_第一興商_役員人事に関するお知らせ.pdf
   ✅ 保存: 7508_1530_GセブンHD_譲渡制限付株式報酬としての自己株式の処分に関するお知らせ.pdf
   ✅ 保存: 7621_1530_うかい_資本金の額の減少に関するお知らせ.pdf
   ✅ 保存: 7621_1530_うかい_取締役及び執行役員に対する譲渡制限付株式としての新株式発行に関するお知らせ.pdf
   ✅ 保存: 7630_1530_壱番屋_2027年2月期 第1四半期決算短信〔日本基準〕(連結).pdf
   ✅ 保存: 7630_1530_壱番屋_譲渡制限付株式報酬としての自己株式の処分の払込完了に関するお知らせ.pdf
   ✅ 保存: 7699_1530_G-OPS_支配株主等に関する事項について.pdf
   ✅ 保存: 7741_1530_HOYA_業績連動型株式報酬制度(パフォーマンス・シェア・ユニット)の継続に関するお知らせ.pdf
   ✅ 保存: 7741_1530_HOYA_業績非連動型株式報酬制度(リストリクテッド・ストック・ユニット)の導入に関するお知らせ.pdf
   ✅ 保存: 7860_1530_エイベックス_譲渡制限付株式報酬としての新株式発行に関するお知らせ.pdf
   ✅ 保存: 7863_1530_平賀_非上場の親会社等(その他の関係会社)の決算情報に関するお知らせ.pdf
   ✅ 保存: 7870_1530_福島印_2026年8月期 第3四半期決算短信〔日本基準〕(非連結).pdf
   ✅ 保存: 7911_1530_TOPPAN HD_(開示事項の経過)連結子会社(特定子会社)の異動を伴う株式譲渡に関するお知らせ.pdf
   ✅ 保存: 7912_1530_大日印_譲渡制限付株式報酬としての自己株式の処分に関するお知らせ.pdf
   ✅ 保存: 7912_1530_大日印_従業員に対する株式交付制度の詳細決定及び株式交付制度導入に伴う自己株式の処分に関するお知らせ.pdf
   ✅ 保存: 7987_1530_ナカバヤシ_組織再編に伴う人事異動に関するお知らせ.pdf
   ✅ 保存: 7990_1530_グローブライド_自己株式の消却予定日の変更に関するお知らせ.pdf
   ✅ 保存: 8016_1530_オンワードHD_譲渡制限付株式報酬としての自己株式の処分の払込完了に関するお知らせ.pdf
   ✅ 保存: 8076_1530_カノークス_支配株主等に関する事項について.pdf
   ✅ 保存: 8137_1530_サンワテクノス_取締役、執行役員及び従業員に対する譲渡制限付株式としての 自己株式処分に関するお知らせ.pdf
   ✅ 保存: 8217_1530_オークワ_2027年2月期第1四半期決算短信〔日本基準〕(連結).pdf
   ✅ 保存: 8273_1530_イズミ_取締役等に対する譲渡制限付株式としての自己株式処分の払込完了に関するお知らせ.pdf
   ✅ 保存: 8331_1530_千葉銀_譲渡制限付株式報酬としての自己株式の処分に関するお知らせ.pdf
   ✅ 保存: 8359_1530_八十二長野銀行_譲渡制限付株式報酬としての自己株式の処分に関するお知らせ.pdf
   ✅ 保存: 8563_1530_大東銀_取締役及び執行役員に対する譲渡制限付株式報酬としての自己株式処分に関するお知らせ.pdf
   ✅ 保存: 8766_1530_東京海上_2026年3月期 決算短信〔IFRS〕(連結).pdf
   ✅ 保存: 8769_1530_ARM_譲渡制限付株式報酬としての自己株式の処分に関するお知らせ.pdf
   ✅ 保存: 8793_1530_NECキャピ_取締役等に対する譲渡制限付株式付与のための新株式発行に関するお知らせ.pdf
   ✅ 保存: 8841_1530_テーオーシー_譲渡制限付株式報酬としての自己株式の処分に関するお知らせ.pdf
   ✅ 保存: 8920_1530_東祥_支配株主に関する事項について.pdf
   ✅ 保存: 8920_1530_東祥_役員の異動、執行役員の選任に関するお知らせ.pdf
   ✅ 保存: 8972_1530_R-KDX不動産_資金の借入れ(金利決定)に関するお知らせ(シリーズ0053).pdf
   ✅ 保存: 8979_1530_R-スターツPR_資産運用会社における取締役の兼職に関するお知らせ.pdf
   ✅ 保存: 9005_1530_東急_2028年満期ユーロ円建取得条項付転換社債型新株予約権付社債および2030年満期ユーロ円建取得条項付転換社債型新株予約権付社債の転換価額の調整に関するお知らせ.pdf
   ✅ 保存: 9051_1530_センコン物流_役員退職慰労金の贈呈に伴う特別損失の計上に関するお知らせ.pdf
   ✅ 保存: 9168_1530_G-ライズ_取締役、執行役員及び従業員に対する譲渡制限付株式報酬としての自己株式の処分の払込完了に関するお知らせ.pdf
   ✅ 保存: 9202_1530_ANA_2031年満期ユーロ円建転換社債型新株予約権付社債の転換価額の調整に関するお知らせ.pdf
   ✅ 保存: 9282_1530_I-いちごグリーン_資金の借入(金利決定)のお知らせ.pdf
   ✅ 保存: 9301_1530_三菱倉_譲渡制限付株式報酬としての自己株式の処分に関するお知らせ.pdf
   ✅ 保存: 9311_1530_アサガミ_支配株主等に関する事項について.pdf
   ✅ 保存: 9364_1530_上組_自己株式取得に係る事項の決定に関するお知らせ.pdf
   ✅ 保存: 9364_1530_上組_子会社増資(特定子会社化)に関するお知らせ.pdf
   ✅ 保存: 9404_1530_日テレHD_譲渡制限付株式報酬としての自己株式の処分に関するお知らせ.pdf
   ✅ 保存: 9407_1530_RKB毎日HD_投資単位の引下げに関する考え方及び方針等について.pdf
   ✅ 保存: 9602_1530_東宝_譲渡制限付株式報酬としての自己株式の処分の払込完了に関するお知らせ.pdf
   ✅ 保存: 9605_1530_東映_役員の異動について.pdf
   ✅ 保存: 9716_1530_乃村工芸_譲渡制限付株式報酬としての自己株式の処分の払込完了に関するお知らせ.pdf
   ✅ 保存: 9716_1530_乃村工芸_業績条件型譲渡制限付株式報酬としての自己株式の処分の払込完了に関するお知らせ.pdf
   ✅ 保存: 9735_1530_セコム_取締役に対する譲渡制限付株式報酬としての自己株式の処分に関するお知らせ.pdf
   ✅ 保存: 9735_1530_セコム_執行役員に対する譲渡制限付株式としての自己株式の処分に関するお知らせ.pdf
   ✅ 保存: 9766_1530_コナミグループ_投資単位の引下げに関する考え方及び方針等について.pdf
   ✅ 保存: 9793_1530_ダイセキ_譲渡制限付株式報酬としての自己株式の処分の払込完了に関するお知らせ.pdf
   ✅ 保存: 9828_1530_ゲンキGDC_非上場の親会社等の決算に関するお知らせ.pdf
   ✅ 保存: 9828_1530_ゲンキGDC_支配株主等に関する事項.pdf
   ✅ 保存: 9890_1530_マキヤ_役員人事に関するお知らせ.pdf
   ✅ 保存: 9890_1530_マキヤ_取締役に対する譲渡制限付株式としての自己株式処分に関するお知らせ.pdf
   ✅ 保存: 9930_1530_北沢産業_第79期定時株主総会における議決権行使結果に関するお知らせ.pdf
   ✅ 保存: 9934_1530_因幡電産_譲渡制限付株式報酬としての自己株式の処分に関するお知らせ.pdf
   ✅ 保存: 9969_1530_ショクブン_非上場の親会社等の決算に関するお知らせ.pdf
   ✅ 保存: 9969_1530_ショクブン_支配株主等に関する事項について.pdf
   ✅ 保存: 9993_1530_ヤマザワ_取締役に対する譲渡制限付株式としての自己株式処分の割当完了に関するお知らせ.pdf
   ✅ 保存: 9994_1530_やまや_支配株主等に関する事項について.pdf
   ✅ 保存: 7297_1515_カーメイト_役員人事に関するお知らせ.pdf
   ✅ 保存: 9036_1515_東部ネット_公益財団法人財務会計基準機構への加入状況および加入に関する考え方等に関するお知らせ.pdf
   ✅ 保存: 5026_1510_G-トリプルアイズ_有償ストック・オプションの取得及び消却に関するお知らせ.pdf
   ✅ 保存: 131A_1500_P-CCNグループ_(訂正)「資金の借入に関するお知らせ」の一部訂正について.pdf
   ✅ 保存: 1770_1500_藤田エンジ_譲渡制限付株式報酬としての自己株式の処分に関するお知らせ.pdf
   ✅ 保存: 1814_1500_大末建_支配株主等に関する事項について.pdf
   ✅ 保存: 1814_1500_大末建_非上場の親会社等の決算情報に関するお知らせ.pdf
   ✅ 保存: 1826_1500_佐田建_譲渡制限付株式報酬としての自己株式の処分に関するお知らせ.pdf
   ✅ 保存: 1950_1500_日本電設_支配株主等に関する事項について.pdf
   ✅ 保存: 1966_1500_高田工業所_譲渡制限付株式報酬としての自己株式の処分に関するお知らせ.pdf
   ✅ 保存: 2288_1500_丸大食_雇用型執行役員等向け業績連動型株式報酬制度の導入に関するお知らせ.pdf
   ✅ 保存: 2659_1500_サンエー_譲渡制限付株式報酬としての自己株式の処分の払込完了に関するお知らせ.pdf
   ✅ 保存: 2902_1500_太陽化_取締役及び執行役員に対する譲渡制限付株式としての自己株式処分に関するお知らせ.pdf
   ✅ 保存: 2902_1500_太陽化_取締役の異動及び管掌・担当に関するお知らせ.pdf
   ✅ 保存: 2919_1500_マルタイ_公益財団法人財務会計基準機構への加入状況について.pdf
   ✅ 保存: 2919_1500_マルタイ_支配株主等に関する事項について.pdf
   ✅ 保存: 3068_1500_WDI_譲渡制限付株式報酬としての自己株式の処分に関するお知らせ.pdf
   ✅ 保存: 3104_1500_富士紡HD_譲渡制限付株式報酬としての自己株式の処分に関するお知らせ.pdf
   ✅ 保存: 3184_1500_ICDA・HD_支配株主等に関する事項について.pdf
   ✅ 保存: 342A_1500_F-光貴_支配株主等に関する事項について.pdf
   ✅ 保存: 3477_1500_G-フォーライフ_(訂正・数値データ訂正)2026年3月期 決算短信[日本基準](非連結)の一部訂正について.pdf
   ...Page 006 を確認中
   ✅ 保存: 362A_1500_P-エクシオHD_支配株主等に関する事項について.pdf
   ✅ 保存: 3708_1500_特種東海_譲渡制限付株式報酬としての自己株式の処分に関するお知らせ.pdf
   ✅ 保存: 4099_1500_四国化成HD_子会社間の組織再編に関するお知らせ.pdf
   ✅ 保存: 4193_1500_ファブリカHD_譲渡制限付株式報酬としての自己株式の処分に関するお知らせ.pdf
   ✅ 保存: 4229_1500_群栄化_譲渡制限付株式報酬としての自己株式の処分に関するお知らせ.pdf
   ✅ 保存: 5011_1500_ニチレキG_譲渡制限付株式報酬としての自己株式の処分に関するお知らせ.pdf
   ✅ 保存: 5249_1500_P-あさかわシス_支配株主等に関する事項について.pdf
   ✅ 保存: 5391_1500_A&Aマテリアル_支配株主等に関する事項について.pdf
   ✅ 保存: 561A_1500_P-マークスライフ_2026年10月期中間決算短信〔日本基準〕(非連結).pdf
   ✅ 保存: 5947_1500_リンナイ_譲渡制限付株式報酬としての自己株式の処分に関するお知らせ.pdf
   ✅ 保存: 5974_1500_中国工_譲渡制限付株式報酬としての自己株式の処分に関するお知らせ.pdf
   ✅ 保存: 6059_1500_ウチヤマHD_(訂正)当社取締役等に対する譲渡制限付株式としての自己株式処分に関するお知らせの一部訂正について.pdf
   ✅ 保存: 6059_1500_ウチヤマHD_第20回定時株主総会における議決権行使結果に関するお知らせ.pdf
   ✅ 保存: 6138_1500_ダイジェット_冨士ダイス株式会社との業務提携締結に関するお知らせ.pdf
   ✅ 保存: 6138_1500_ダイジェット_「当社株券等の大規模買付行為に関する対応方針(買収への対応方針)」の継続の承認に関するお知らせ.pdf
   ✅ 保存: 6167_1500_冨士ダイス_ダイジェット工業株式会社との業務提携締結に関するお知らせ.pdf
   ✅ 保存: 6217_1500_津田駒工_業績予想の修正に関するお知らせ.pdf
   ✅ 保存: 6317_1500_北川鉄_従業員持株会を通じた譲渡制限付株式付与のための第三者割当による自己株式の処分の払込完了及び一部失権に関するお知らせ.pdf
   ✅ 保存: 6488_1500_ヨシタケ_公益財団法人財務会計基準機構への加入状況及び加入に関する考え方等に関するお知らせ.pdf
   ✅ 保存: 6994_1500_指月電_支配株主等に関する事項について.pdf
   ✅ 保存: 7276_1500_小糸製_譲渡制限付株式報酬としての自己株式の処分に関するお知らせ.pdf
   ✅ 保存: 7389_1500_あいちFG_譲渡制限付株式報酬としての自己株式の処分に関するお知らせ.pdf
   ✅ 保存: 7414_1500_小野建_譲渡制限付株式報酬としての自己株式処分に関するお知らせ.pdf
   ✅ 保存: 7611_1500_ハイデ日高_取締役に対する譲渡制限付株式としての自己株式処分の割当完了に関するお知らせ.pdf
   ✅ 保存: 7726_1500_黒田精工_支配株主等に関する事項について.pdf
   ✅ 保存: 7726_1500_黒田精工_譲渡制限付株式報酬としての新株式発行に関するお知らせ.pdf
   ✅ 保存: 7896_1500_セブン工_支配株主等に関する事項について.pdf
   ✅ 保存: 7898_1500_ウッドワン_執行役員の異動に関するお知らせ.pdf
   ✅ 保存: 8078_1500_阪和興_取締役及び執行役員に対する譲渡制限付株式報酬としての自己株式処分に関するお知らせ.pdf
   ✅ 保存: 8089_1500_ナイス_従業員に対する譲渡制限付株式報酬としての新株式の発行に関するお知らせ.pdf
   ✅ 保存: 8089_1500_ナイス_従業員に対する譲渡制限付株式としての新株式の発行に関するお知らせ.pdf
   ✅ 保存: 8089_1500_ナイス_取締役に対する譲渡制限付株式報酬としての新株式の発行に関するお知らせ.pdf
   ✅ 保存: 8119_1500_三栄コーポ_特定譲渡制限付株式報酬としての自己株式の処分に関するお知らせ.pdf
   ✅ 保存: 8346_1500_東邦銀_譲渡制限付株式報酬としての自己株式の処分に関するお知らせ.pdf
   ✅ 保存: 8596_1500_九州リースサービス_取締役人事に関するお知らせ.pdf
   ✅ 保存: 8746_1500_unbanked_取締役の辞任に関するお知らせ.pdf
   ✅ 保存: 8999_1500_グランディ_譲渡制限付株式報酬としての自己株式の処分に関するお知らせ.pdf
   ✅ 保存: 9357_1500_名港海_譲渡制限付株式報酬としての自己株式の処分に関するお知らせ.pdf
   ✅ 保存: 9501_1500_東電力HD_支配株主等に関する事項について.pdf
   ✅ 保存: 9633_1500_テアトル_当社株式の大規模買付行為に関する対応方針(買収への対応方針)における 特別委員会の委員選任に関するお知らせ.pdf
   ✅ 保存: 9687_1500_KSK_取締役に対する株式報酬型ストック・オプションの発行に関するお知らせ.pdf
   ✅ 保存: 9687_1500_KSK_公益財団法人財務会計基準機構への加入状況及び加入に関する考え方等に関するお知らせ.pdf
   ✅ 保存: 9790_1500_福井コンピ_合併契約に関する定時株主総会の承認可決についてのお知らせ.pdf
   ✅ 保存: 2162_1430_nms HD_財務報告に係る内部統制の開示すべき重要な不備に関するお知らせ.pdf
   ✅ 保存: 3640_1430_電算_資本コストや株価を意識した経営の実現に向けた対応について(アップデート).pdf
   ✅ 保存: 3640_1430_電算_親会社等の期末決算に関するお知らせ.pdf
   ✅ 保存: 4116_1430_大日精化_譲渡制限付株式報酬としての自己株式の処分に関するお知らせ.pdf
   ✅ 保存: 4116_1430_大日精化_「当社株式の大規模買付行為に関する対応方針(買収への対応方針)」の継続承認及び独立委員会の委員選任に関するお知らせ.pdf
   ✅ 保存: 4116_1430_大日精化_「役員の報酬等の額又はその算定方法の決定に関する方針」の更新に関するお知らせ.pdf
   ✅ 保存: 5192_1430_三星ベルト_譲渡制限付株式報酬としての自己株式の処分に関するお知らせ.pdf
   ✅ 保存: 5261_1430_リソル_譲渡制限付株式報酬としての自己株式の処分に関するお知らせ.pdf
   ✅ 保存: 6247_1430_日阪製作_譲渡制限付株式報酬としての自己株式の処分に関するお知らせ.pdf
   ✅ 保存: 6358_1430_酒井重_譲渡制限付株式報酬としての新株式発行に関するお知らせ.pdf
   ✅ 保存: 7003_1430_三井E&S_譲渡制限付株式報酬としての自己株式の処分に関するお知らせ.pdf
   ✅ 保存: 7570_1430_橋本総業HD_役員新体制に関するお知らせ.pdf
   ✅ 保存: 7570_1430_橋本総業HD_代表取締役の異動に関するお知らせ.pdf
   ✅ 保存: 7570_1430_橋本総業HD_譲渡制限付株式報酬としての自己株式の処分に関するお知らせ.pdf
   ✅ 保存: 2749_1410_JPHD_支配株主等に関する事項について.pdf
   ✅ 保存: 1914_1400_日基礎_譲渡制限付株式報酬としての自己株式の処分に関するお知らせ.pdf
   ✅ 保存: 1925_1400_大和ハウス_2029年満期ユーロ円建取得条項付転換社債型新株予約権付社債及び2030年満期ユーロ円建取得条項付転換社債型新株予約権付社債の転換価額の調整に関するお知らせ.pdf
   ✅ 保存: 218A_1400_G-リベラウェア_営業外収益(補助金収入)の計上に関するお知らせ.pdf
   ✅ 保存: 2749_1400_JPHD_譲渡制限付株式及び業績連動型譲渡制限付株式報酬としての自己株式の処分に関するお知らせ.pdf
   ✅ 保存: 3694_1400_オプティム_東証プライム市場の上場維持基準への適合に向けた計画(改善期間入り)について.pdf
   ✅ 保存: 3694_1400_オプティム_支配株主等に関する事項について.pdf
   ✅ 保存: 4031_1400_片倉コープアグリ_支配株主等に関する事項について.pdf
   ✅ 保存: 4838_1400_SSSK HD_(訂正)「譲渡制限付株式報酬としての自己株式の処分に関するお知らせ」の一部訂正について.pdf
   ✅ 保存: 5262_1400_日ヒューム_株式会社中部基礎の株式の取得(子会社化)に関するお知らせ.pdf
   ✅ 保存: 5444_1400_大和工_譲渡制限付株式報酬としての自己株式の処分に関するお知らせ.pdf
   ✅ 保存: 5482_1400_愛知鋼_投資有価証券売却益(特別利益)の計上に関するお知らせ.pdf
   ✅ 保存: 5966_1400_京都機械工具_譲渡制限付株式報酬としての自己株式の処分に関するお知らせ.pdf
   ✅ 保存: 6888_1400_アクモス_非上場の親会社等の決算に関するお知らせ.pdf
   ✅ 保存: 6989_1400_北電工業_譲渡制限付株式報酬としての自己株式の処分に関するお知らせ.pdf
   ✅ 保存: 7062_1400_G-フレアス_支配株主に関する事項.pdf
   ✅ 保存: 7296_1400_FCC_支配株主等に関する事項について.pdf
   ✅ 保存: 7441_1400_Misumi_支配株主等に関する事項について.pdf
   ✅ 保存: 8123_1400_川辺_支配株主等に関する事項について.pdf
   ✅ 保存: 8522_1400_名古屋銀_譲渡制限付株式報酬としての自己株式の処分に関するお知らせ.pdf
   ✅ 保存: 8850_1400_スターツ_役員の異動に関するお知らせ.pdf
   ✅ 保存: 9072_1400_ニッコンHD_支配株主等に関する事項について.pdf
   ✅ 保存: 2749_1350_JPHD_当社の経営体制について.pdf
   ✅ 保存: 2749_1345_JPHD_第34回定時株主総会開催結果に関するお知らせ.pdf
   ✅ 保存: 9033_1330_広電鉄_取締役、監査役および執行役員の新体制に関するお知らせ.pdf
   ✅ 保存: 9033_1330_広電鉄_譲渡制限付株式報酬としての自己株式の処分に関するお知らせ.pdf
   ✅ 保存: 3447_1300_信和_中期経営計画の策定に関するお知らせ.pdf
   ✅ 保存: 357A_1300_P-エフアンドエフ_支配株主等の状況について.pdf
   ✅ 保存: 4540_1300_ツムラ_代表取締役の異動(追加選定)に関するお知らせ.pdf
   ✅ 保存: 4687_1300_TDCソフト_自己株式の消却完了に関するお知らせ.pdf
   ✅ 保存: 5268_1300_旭コンクリ_支配株主等に関する事項について.pdf
   ✅ 保存: 5451_1300_ヨドコウ_連結子会社の異動を伴う出資持分譲渡に関するお知らせ.pdf
   ✅ 保存: 5729_1300_日精鉱_支配株主等に関する事項について.pdf
   ✅ 保存: 6728_1300_アルバック_(開示事項の経過)連結子会社の異動(出資持分譲渡)完了に関するお知らせ.pdf
   ✅ 保存: 7218_1300_田中精密_支配株主等に関する事項について.pdf
   ✅ 保存: 8147_1300_トミタ_当社株主総会における「当社株式の大量取得行為に関する対応方針(買収への対応方針)導入の件」の承認に関するお知らせ.pdf
   ✅ 保存: 8291_1300_日産東HD_支配株主等に関する事項について.pdf
   ✅ 保存: 8541_1300_愛媛銀_株式給付信託(BBT)制度の一部改定に関するお知らせ.pdf
   ✅ 保存: 8877_1300_エスリード_投資単位の引下げに関する考え方及び方針等について.pdf
   ✅ 保存: 2892_1230_日食化_支配株主等に関する事項について.pdf
   ✅ 保存: 3245_1230_ディア・ライフ_収益不動産の取得に関するお知らせ.pdf
   ✅ 保存: 5941_1230_中西製作所_本店移転に関するお知らせ.pdf
   ✅ 保存: 5941_1230_中西製作所_当社株券等の大量買付行為への対応策(買収への対応方針)の継続に係る株主総会の承認に関するお知らせ.pdf
   ...Page 007 を確認中
   ✅ 保存: 5941_1230_中西製作所_譲渡制限付株式報酬としての自己株式の処分に関するお知らせ.pdf
   ✅ 保存: 6786_1230_RVH_定時株主総会終了のお知らせ.pdf
   ✅ 保存: 9849_1230_共同紙_雇用調整助成金の自主返還に関するお知らせ.pdf
   ✅ 保存: 1326_1220_E-ワールド_SPDRゴールド・シェアに関する日々の開示事項.pdf
   ✅ 保存: 587A_1220_E-インベスコQQQ_インベスコQQQトラスト シリーズ1 に関する日々の開示事項.pdf
   ✅ 保存: 2750_1200_石光商事_当社子会社の取締役に対する譲渡制限付株式報酬としての自己株式の処分に関するお知らせ.pdf
   ✅ 保存: 2984_1200_ヤマイチ_支配株主等に関する事項について.pdf
   ✅ 保存: 3970_1200_イノベーション_当社グループにおける役員の異動のお知らせ.pdf
   ✅ 保存: 3976_1200_G-シャノン_執行役員の異動に関するお知らせ.pdf
   ✅ 保存: 4800_1200_オリコン_支配株主等に関する事項について.pdf
   ✅ 保存: 5202_1200_板硝子_定時株主総会兼普通株主様による種類株主総会における議案承認について.pdf
   ✅ 保存: 5592_1200_G-くすりの窓口_当社メディア事業におけるポイント付与について.pdf
   ✅ 保存: 3739_1130_コムシード_支配株主等に関する事項について.pdf
   ✅ 保存: 4828_1130_ビーエンジ_(訂正・数値データ訂正)「2026年3月期 決算短信〔日本基準〕(連結)」の一部訂正について.pdf
   ✅ 保存: 4828_1130_ビーエンジ_支配株主等に関する事項について.pdf
   ✅ 保存: 7114_1130_G-フーディソン_事業計画及び成長可能性に関する事項.pdf
   ✅ 保存: 8705_1130_日産証券グループ_支配株主等に関する事項について.pdf
   ✅ 保存: 7236_1115_ティラド_支配株主等に関する事項について.pdf
   ✅ 保存: 1384_1100_ホクリヨウ_定款一部変更のお知らせ.pdf
   ✅ 保存: 2148_1100_ITM_支配株主等に関する事項について.pdf
   ✅ 保存: 4317_1100_レイ_譲渡制限付株式報酬としての自己株式の処分の払込完了に関するお知らせ.pdf
   ✅ 保存: 2993_1030_長栄_自己株式立会外買付取引(ToSTNeT-3)による自己株式の取得結果に関するお知らせ.pdf
   ✅ 保存: 7369_1030_G-メイホーHD_株式の立会外分売終了及び親会社以外の支配株主の異動に関するお知らせ.pdf
   ✅ 保存: 7746_1030_岡本硝子_(開示事項の経過) 中期経営計画における設備投資計画の一部前倒しに関するお知らせ.pdf
   ✅ 保存: 1871_1000_ピーエス_支配株主に関する事項について.pdf
   ✅ 保存: 3583_1000_オーベクス_自己株式立会外買付取引(ToSTNeT-3)による自己株式の取得結果及び取得終了に関するお知らせ.pdf
   ✅ 保存: 6564_1000_ミダックHD_既存管理型最終処分場(大平興産株式会社)における増量計画に関するお知らせ.pdf
   ✅ 保存: 6620_1000_宮越HD_投資家の皆さまへ ― 不動産と半導体の二本立てへ ―.pdf
   ✅ 保存: 6620_1000_宮越HD_通期連結業績予想の修正に関するお知らせ.pdf
   ✅ 保存: 7150_1000_島根銀行_主要株主である筆頭株主の異動(予定)及びその他の関係会社の異動(予定)並びに株式会社SBI新生銀行による当行株式の取得(予定)に関するお知らせ.pdf
   ✅ 保存: 7222_1000_日産車体_支配株主等に関する事項について.pdf
   ✅ 保存: 8303_1000_SBI新生銀行_株式会社島根銀行(証券コード_7150)株式の買集め行為に該当する株式取得についてのお知らせ.pdf
   ✅ 保存: 8303_1000_SBI新生銀行_株式会社福島銀行(証券コード_8562)株式の買集め行為に該当する株式取得についてのお知らせ.pdf
   ✅ 保存: 8562_1000_福島銀_主要株主である筆頭株主の異動(予定)及びその他の関係会社の異動(予定)に関するお知らせ.pdf
   ✅ 保存: 9049_1000_京福電鉄_支配株主等に関する事項について.pdf
   ✅ 保存: 9130_1000_共栄タンカー_特別利益の計上に関するお知らせ.pdf
   ✅ 保存: 365A_0930_伊澤タオル_自己株式立会外買付取引(ToSTNeT-3)による自己株式の取得結果および取得終了に関するお知らせ.pdf
   ✅ 保存: 9348_0845_G-ispace_新規投資家様向け説明資料(事業計画及び成長可能性に関する事項).pdf
   ✅ 保存: 326A_0800_P-エアロラボ_東京証券取引所 TOKYO PRO Market への上場目的の開示.pdf
   ✅ 保存: 8139_0800_ナガホリ_連結子会社からの配当受領に関するお知らせ.pdf
   ✅ 保存: 4107_0700_伊勢化_米国におけるヨウ素抽出権取得に関する契約締結のお知らせ.pdf
   ...Page 008 を確認中
   📝 一覧CSV保存: TDnet_Sorted_20260626.csv
   📝 一覧CSV保存（ルート）: TDnet_Sorted_20260626.csv
   📊 日別統計: page_access=8, pdf_success=641, excluded=8

============================================================
✅ ①完了（範囲取得）
   期間: 20260626 ～ 20260626 （mode=day）
   一覧ページアクセス合計: 8
   PDFダウンロード成功合計: 641
   除外件数合計: 8
   保存ルート: G:\マイドライブ\TDnet_Downloads

$ C:\Users\onok\AppData\Local\Python\pythoncore-3.14-64\python.exe -u ②a②bは２つフリーワード検索.py analyze --target 20260626 --save-root G:\マイドライブ\TDnet_Downloads --keywords 価格交渉 増産 価格改定 価格転嫁 値上 想定以上 上方修正 下方修正 想定以下 未達 大幅 計画を上 計画を下 計画以 需要回復 需要の回復 需要が増 需要が低 悪化 グローバルニッチトップ トップシェア シェア拡大 レアアース
ルート: G:\マイドライブ\TDnet_Downloads
対象指定: 20260626 mode= day from= 20260626 to= 20260626
対象フォルダ数: 1
検索キーワード: ['価格交渉', '増産', '価格改定', '価格転嫁', '値上', '想定以上', '上方修正', '下方修正', '想定以下', '未達', '大幅', '計画を上', '計画を下', '計画以', '需要回復', '需要の回復', '需要が増', '需要が低', '悪化', 'グローバルニッチトップ', 'トップシェア', 'シェア拡大', 'レアアース']
総PDF数（推定）: 641
[1/1] 日付フォルダ 20260626 を処理中... (このフォルダ内PDF数: 641)
  進捗: 50/641 件のPDFを解析済み
  進捗: 100/641 件のPDFを解析済み
  進捗: 150/641 件のPDFを解析済み
  進捗: 200/641 件のPDFを解析済み
  進捗: 250/641 件のPDFを解析済み
  進捗: 300/641 件のPDFを解析済み
  進捗: 350/641 件のPDFを解析済み
  進捗: 400/641 件のPDFを解析済み
  進捗: 450/641 件のPDFを解析済み
  進捗: 500/641 件のPDFを解析済み
  進捗: 550/641 件のPDFを解析済み
  進捗: 600/641 件のPDFを解析済み
  進捗: 641/641 件のPDFを解析済み
  → 日付フォルダ 20260626 のヒットPDF数: 48

✅ ②A 完了（解析専用・キーワード別ページ列）
解析PDF数: 641
ヒットPDF数: 48
出力CSV: Analysis_Hits_free_word_20260626.csv
保存先: G:\マイドライブ\TDnet_Downloads

$ C:\Users\onok\AppData\Local\Python\pythoncore-3.14-64\python.exe -u ②a②bは２つフリーワード検索.py distribute --target 20260626 --save-root G:\マイドライブ\TDnet_Downloads --no-stop-on-empty-meta

✅ ②B 完了（配布用CSV作成・キーワード別ページ列）
出力: PDF_Search_Result_Distribution_free_word_20260626_sh.csv
キーワード列: ['価格交渉', '増産', '価格改定', '価格転嫁', '値上', '想定以上', '上方修正', '下方修正', '想定以下', '未達', '大幅', '計画を上', '計画を下', '計画以', '需要回復', '需要の回復', '需要が増', '需要が低', '悪化', 'グローバルニッチトップ', 'トップシェア', 'シェア拡大', 'レアアース']
突合除外件数: 0
空欄アラート件数: 0

============================================
 Done: 2026-06-26 23:12:29
============================================
