============================================
 TDnet auto run: 20260717
 Start: 2026-07-17 23:00:01
============================================

$ C:\Users\onok\AppData\Local\Python\pythoncore-3.14-64\python.exe -u ①_tdnetアクセスしてダウンロードする処理（月日付別フォルダ保存）.py --target 20260717 --save-root G:\マイドライブ\TDnet_Downloads
🎯 対象指定: 20260717（mode=day, from=20260717, to=20260717）
📁 保存ルート: G:\マイドライブ\TDnet_Downloads

============================================================
📅 日付: 20260717 を処理します
   ...Page 001 を確認中
   ✅ 保存: 5103_2000_昭和HD_更生手続開始の申立てに関するお知らせ.pdf
   ✅ 保存: 3930_1836_G-はてな_特別調査委員会の調査報告書受領に関するお知らせ.pdf
   ✅ 保存: 2930_1830_北の達人_機関投資家・アナリスト向け決算説明会を開催いたしました.pdf
   ✅ 保存: 6699_1815_ダイヤHD_公正取引委員会からの勧告について.pdf
   ✅ 保存: 7524_1801_マルシェ_第三者割当による新株式発行により調達した資金の使途変更に関するお知らせ.pdf
   ✅ 保存: 3071_1800_ストリーム_当社連結子会社における債権の取立不能に関するお知らせ.pdf
   ✅ 保存: 3988_1800_SYSHD_連結子会社間の合併に関するお知らせ.pdf
   ✅ 保存: 5133_1800_テリロジーHD_株式報酬型ストック・オプション(新株予約権)の発行内容確定に関するお知らせ.pdf
   ✅ 保存: 7426_1800_山大_(変更)「ナイス株式会社による当社株式に対する公開買付けに関する賛同の意見表明及び応募推奨のお知らせ」の一部変更について.pdf
   ✅ 保存: 7426_1800_山大_臨時株主総会招集のための基準日の取消し及び再設定に関するお知らせ.pdf
   ✅ 保存: 8089_1800_ナイス_株式会社山大(証券コード_7426)に対する公開買付けの買付条件等の変更に関するお知らせ.pdf
   ✅ 保存: 9434_1800_ソフトバンク_新株予約権(ストックオプション)の発行内容確定に関するお知らせ.pdf
   ✅ 保存: 9434_1800_ソフトバンク_譲渡制限付株式報酬としての自己株式処分の払込完了に関するお知らせ.pdf
   ✅ 保存: 4586_1750_G-メドレック_第三者割当により発行された第35回新株予約権(行使価額修正条項付)の大量行使に関するお知らせ.pdf
   ✅ 保存: 6652_1750_IDEC_譲渡制限付株式報酬としての自己株式の処分の払込完了に関するお知らせ.pdf
   ✅ 保存: 8746_1745_unbanked_株主による臨時株主総会の招集請求に関するお知らせ.pdf
   ✅ 保存: 4973_1740_高純度化_ストックオプション(新株予約権)の発行内容確定に関するお知らせ.pdf
   ✅ 保存: 4973_1740_高純度化_譲渡制限付株式報酬としての自己株式処分の払込完了に関するお知らせ.pdf
   ✅ 保存: 8746_1735_unbanked_代表取締役の異動(解職・選定)に関するお知らせ.pdf
   ✅ 保存: 190A_1730_G-Chordia_助成金の受領に関するお知らせ.pdf
   ✅ 保存: 8141_1730_新光商_(変更)「加賀電子株式会社による当社株式に対する公開買付けに関する 意見表明に関するお知らせ」の一部変更について.pdf
   ✅ 保存: 8154_1730_加賀電子_新光商事株式会社(証券コード_8141)の普通株式に対する公開買付けの買付条件等の変更に関するお知らせ.pdf
   ✅ 保存: 9025_1730_鴻池運輸_譲渡制限付株式報酬としての自己株式の処分に関するお知らせ.pdf
   ✅ 保存: 9553_1720_G-マイクロアド_第三者割当により発行される第1回無担保転換社債型新株予約権付社債の募集に関するお知らせ.pdf
   ✅ 保存: 9553_1720_G-マイクロアド_自己株式の取得及び自己株式立会外買付取引(ToSTNeT-3)による自己株式の買付けに関するお知らせ.pdf
   ✅ 保存: 1798_1715_守谷商会_譲渡制限付株式報酬としての自己株式の処分の払込完了に関するお知らせ.pdf
   ✅ 保存: 8089_1715_ナイス_従業員に対する譲渡制限付株式報酬としての新株式の発行に関する払込完了のお知らせ.pdf
   ✅ 保存: 8089_1715_ナイス_取締役に対する譲渡制限付株式報酬としての新株式の発行に関する払込完了のお知らせ.pdf
   ✅ 保存: 9253_1705_G-スローガン_自己株式の取得状況及び取得終了に関するお知らせ.pdf
   ✅ 保存: 3101_1700_東洋紡_譲渡制限付株式報酬としての自己株式の処分の払込完了に関するお知らせ.pdf
   ✅ 保存: 310A_1700_P-サーティーフォー_当座貸越契約の締結に関するお知らせ.pdf
   ✅ 保存: 3817_1700_SRAHD_自己株式の取得に係る事項の決定に関するお知らせ(会社法第165条第2項の規定による定款の定めによる自己株式の取得).pdf
   ✅ 保存: 3817_1700_SRAHD_自己株式立会外買付取引(ToSTNeT-3)による自己株式の買付けに関するお知らせ.pdf
   ✅ 保存: 4177_1700_G-i-plug_取締役及び執行役員に対する譲渡制限付株式としての新株式発行の払込完了に関するお知らせ.pdf
   ✅ 保存: 4934_1700_G-Pアンチエイジ_今後の中国事業について.pdf
   ✅ 保存: 5026_1700_G-トリプルアイズ_トリプルアイズ 2026年8月期第3四半期決算説明会 書き起こし公開のお知らせ.pdf
   ✅ 保存: 5729_1700_日精鉱_譲渡制限付株式報酬としての自己株式の払込完了に関するお知らせ.pdf
   ✅ 保存: 584A_1700_G-LiNKX_第三者割当増資の結果に関するお知らせ.pdf
   ✅ 保存: 7077_1700_G-ALiNK_(訂正)「2027年2月期 第1四半期決算説明資料」の一部訂正について.pdf
   ✅ 保存: 7161_1700_じもとHD_取得価額の修正に関するお知らせ.pdf
   ✅ 保存: 9069_1700_センコーグループHD_分配可能額を超えた自己株式の取得に関する第三者委員会調査報告書に基づく再発防止策について.pdf
   ✅ 保存: 9242_1700_G-メディア総研_組織変更及び人事異動に関するお知らせ.pdf
   ✅ 保存: 9368_1700_キムラユニティー_譲渡制限付株式報酬としての自己株式の処分の払込完了に関するお知らせ.pdf
   ✅ 保存: 9697_1700_カプコン_社外取締役(監査等委員である取締役を除く)に対する譲渡制限付株式報酬としての自己株式処分の割当完了に関するお知らせ.pdf
   ✅ 保存: 9729_1700_トーカイ_譲渡制限付株式報酬としての自己株式の処分の払込完了に関するお知らせ.pdf
   ✅ 保存: 9989_1700_サンドラッグ_譲渡制限付株式報酬としての自己株式の処分の払込完了に関するお知らせ.pdf
   ✅ 保存: 6171_1650_土木管理総合試験所_剰余金の配当(中間配当)に関するお知らせ.pdf
   ✅ 保存: 4272_1645_日化薬_譲渡制限付株式報酬としての自己株式の処分の払込完了に関するお知らせ.pdf
   ✅ 保存: 6222_1645_島精機_株式報酬型ストックオプション(新株予約権)発行内容確定のお知らせ.pdf
   ✅ 保存: 9759_1640_NSD_譲渡制限付株式報酬としての自己株式処分の払込完了に関するお知らせ.pdf
   ✅ 保存: 1939_1630_四電工_譲渡制限付株式報酬としての自己株式の処分の払込完了に関するお知らせ.pdf
   ✅ 保存: 2411_1630_ゲンダイAG_自己株式立会外買付取引(ToSTNeT-3)による自己株式の買付けに関するお知らせ.pdf
   ✅ 保存: 6023_1630_ダイハツインフィ_譲渡制限付株式報酬としての自己株式の処分の払込完了に関するお知らせ.pdf
   ✅ 保存: 7287_1630_日本精機_譲渡制限付株式報酬としての自己株式の処分の払込完了に関するお知らせ.pdf
   ✅ 保存: 8349_1630_東北銀_取得価額の修正に関するお知らせ.pdf
   ✅ 保存: 8559_1630_豊和銀_取得価額に関するお知らせ.pdf
   ✅ 保存: 8707_1630_岩井コスモ_2027年3月期第1四半期 連結決算速報値に関するお知らせ.pdf
   ✅ 保存: 8769_1630_ARM_譲渡制限付株式報酬としての自己株式の処分の払込完了に関するお知らせ.pdf
   ✅ 保存: 9401_1630_TBSHD_譲渡制限付株式報酬としての自己株式の処分の払込完了に関するお知らせ.pdf
   ✅ 保存: 9401_1630_TBSHD_企業価値評価特別委員会の委員長選任に関するお知らせ.pdf
   ✅ 保存: 7241_1620_フタバ産_譲渡制限付株式報酬としての自己株式の処分の払込完了に関するお知らせ.pdf
   ✅ 保存: 2371_1615_カカクコム_(変更)「Kamgras 1株式会社による当社株券等に対する公開買付けに関する賛同の意見表明及び応募推奨のお知らせ」の一部変更に関するお知らせ.pdf
   ✅ 保存: 2371_1615_カカクコム_Kamgras 1株式会社による株式会社カカクコム(証券コード_2371)の株券等に対する公開買付けの買付条件等の変更に関するお知らせ.pdf
   ✅ 保存: 3173_1615_Cominix_子会社が保有する自己株式の取得に関するお知らせ.pdf
   ✅ 保存: 5078_1615_セレコーポレーション_自己株式の取得及び自己株式立会外買付取引(ToSTNeT-3)による自己株式の買付けに関するお知らせ.pdf
   ✅ 保存: 5945_1615_天龍製鋸_譲渡制限付株式報酬としての自己株式の処分に関するお知らせ.pdf
   ✅ 保存: 9651_1615_日プロ_決算説明会資料.pdf
   ✅ 保存: 2180_1600_サニーサイドアップ_株式併合、単元株式数の定めの廃止及び定款の一部変更に関する臨時株主総会開催のお知らせ.pdf
   ✅ 保存: 2180_1600_サニーサイドアップ_自己株式の消却に関するお知らせ.pdf
   ✅ 保存: 2326_1600_デジアーツ_譲渡制限付株式報酬としての自己株式の処分の払込完了に関するお知らせ.pdf
   ✅ 保存: 246A_1600_G-アスア_2026年6月末基準日の株主優待制度における1人当たりの優待額決定に関するお知らせ.pdf
   ✅ 保存: 3189_1600_ANAP_資金調達に関するお知らせ.pdf
   ✅ 保存: 323A_1600_G-フライヤー_2027年2月期第1四半期決算に関する質疑応答(要旨).pdf
   ✅ 保存: 3591_1600_ワコールHD_譲渡制限付株式報酬としての自己株式の処分の払込完了に関するお知らせ.pdf
   ✅ 保存: 3943_1600_大石産業_海外連結子会社の解散に関するお知らせ.pdf
   ✅ 保存: 3945_1600_スパバック_譲渡制限付株式報酬としての自己株式の処分の払込完了に関するお知らせ.pdf
   ✅ 保存: 3967_1600_G-エルテス_2027年2月期 第1四半期 決算説明会動画及び書き起こしの公開のお知らせ.pdf
   ✅ 保存: 4064_1600_カーバイド_譲渡制限付株式報酬としての自己株式の処分の払込完了に関するお知らせ.pdf
   ✅ 保存: 4246_1600_DNC_譲渡制限付株式報酬としての自己株式の処分の払込完了に関するお知らせ.pdf
   ✅ 保存: 4290_1600_PI_譲渡制限付株式報酬としての新株発行に関するお知らせ.pdf
   ✅ 保存: 4290_1600_PI_取締役及び執行役員の辞任に関するお知らせ.pdf
   ✅ 保存: 444A_1600_P-アイテル_東京証券取引所 TOKYO PRO Marketへの上場目的の開示について.pdf
   ✅ 保存: 4558_1600_中京医薬_取締役に対する譲渡制限付株式報酬としての自己株式の処分の払込完了に関するお知らせ.pdf
   ✅ 保存: 4571_1600_G-NANO_譲渡制限付株式報酬としての新株式発行に関するお知らせ.pdf
   ✅ 保存: 4667_1600_アイサンテクノロ_譲渡制限付株式報酬としての自己株式の処分に関するお知らせ.pdf
   ✅ 保存: 4714_1600_リソー教育G_譲渡制限付株式報酬としての自己株式の処分の払込完了に関するお知らせ.pdf
   ✅ 保存: 4819_1600_デジタルガレージ_持分法適用会社(株式会社カカクコム)株式に関する公開買付けの条件の変更及び特別利益(個別決算)の計上見込みの修正に関するお知らせ.pdf
   ✅ 保存: 4875_1600_メディシノバ_半期報告書の提出期限延長に関する書面提出のお知らせ.pdf
   ✅ 保存: 5074_1600_テスホールディングス_子会社による大口受注に関するお知らせ.pdf
   ✅ 保存: 5078_1600_セレコーポレーション_株式給付信託(J-ESOP)の拡充に関するお知らせ.pdf
   ✅ 保存: 5078_1600_セレコーポレーション_株式給付信託(BBT及びJ-ESOP)に係る追加拠出に伴う自己株式の処分に関するお知らせ.pdf
   ✅ 保存: 5078_1600_セレコーポレーション_「内部統制システムの基本方針」の一部改定に関するお知らせ.pdf
   ✅ 保存: 5208_1600_有沢製_譲渡制限付株式報酬としての自己株式の処分の払込完了に関するお知らせ.pdf
   ✅ 保存: 5576_1600_オービーシステム_譲渡制限付株式報酬としての自己株式の処分の払込完了に関するお知らせ.pdf
   ✅ 保存: 567A_1600_P-ディープラス_資金の借入に関するお知らせ.pdf
   ✅ 保存: 5985_1600_サンコール_業績連動型株式報酬制度に係る自己株式の処分に関するお知らせ.pdf
   ✅ 保存: 5985_1600_サンコール_業績連動型株式報酬制度における株式取得に係る事項の決定に関するお知らせ.pdf
   ✅ 保存: 6118_1600_アイダ_当社システムへの不正アクセスの発生及び2027年3月期第1四半期決算発表の延期に関するお知らせ.pdf
   ✅ 保存: 6238_1600_フリュー_2026年6月度 月次概況(速報)のお知らせ.pdf
   ✅ 保存: 6246_1600_テクノスマート_業績連動型株式報酬としての自己株式の処分に関するお知らせ.pdf
   ...Page 002 を確認中
   ✅ 保存: 6317_1600_北川鉄_取締役等に対する譲渡制限付株式としての自己株式処分に関するお知らせ.pdf
   ✅ 保存: 6317_1600_北川鉄_財務上の特約が付されたコミットメントライン契約の締結に関するお知らせ.pdf
   ✅ 保存: 6322_1600_タクミナ_譲渡制限付株式報酬としての自己株式の処分に関するお知らせ.pdf
   ✅ 保存: 6332_1600_月島HD_譲渡制限付株式報酬としての自己株式の処分の払込完了に関するお知らせ.pdf
   ✅ 保存: 6384_1600_昭和真空_譲渡制限付株式報酬としての自己株式の処分に関するお知らせ.pdf
   ✅ 保存: 6460_1600_セガサミーHD_事後交付型RSU制度及びPSU制度に基づく株式報酬としての自己株式の処分の払込完了に関するお知らせ.pdf
   ✅ 保存: 6834_1600_精工技研_株式分割、株式分割に伴う定款の一部変更及び配当予想の修正に関するお知らせ.pdf
   ✅ 保存: 6834_1600_精工技研_当社連結子会社による合弁会社(持分法適用関連会社)の設立に関するお知らせ.pdf
   ✅ 保存: 7162_1600_アストマックス_系統用蓄電池事業の事業権利等及び不動産譲渡、並びに営業利益計上に関するお知らせ.pdf
   ✅ 保存: 7610_1600_テイツー_譲渡制限付株式報酬としての自己株式の処分の払込完了に関するお知らせ.pdf
   ✅ 保存: 7777_1600_G-3Dマトリックス_2026年4月期通期決算及び中期経営計画説明会の質問について.pdf
   ✅ 保存: 7781_1600_平山_(開示事項の経過)特殊電極株式会社株式取得完了に関するお知らせ.pdf
   ✅ 保存: 7865_1600_ピープル_ピープル株式会社 2027年1月期6月度 月次業績ハイライト.pdf
   ✅ 保存: 8131_1600_ミツウロコGHD_商業施設運営事業の再編に伴う当社と子会社との会社分割に関するお知らせ.pdf
   ✅ 保存: 8399_1600_琉球銀_譲渡制限付株式報酬としての自己株式の処分の払込完了に関するお知らせ.pdf
   ✅ 保存: 8708_1600_アイザワ証G_譲渡制限付株式報酬としての自己株式の処分に関するお知らせ.pdf
   ✅ 保存: 8960_1600_R-ユナイテド_スポンサーグループ内での本投資法人投資口の移管に関するお知らせ.pdf
   ✅ 保存: 9037_1600_ハマキョウ_譲渡制限付株式報酬としての自己株式処分の払込完了に関するお知らせ.pdf
   ✅ 保存: 9041_1600_近鉄GHD_譲渡制限付株式報酬としての自己株式の処分の払込完了に関するお知らせ.pdf
   ✅ 保存: 9222_1600_P-manaby_連結子会社による一部事業譲渡に関するお知らせ.pdf
   ✅ 保存: 9366_1600_サンリツ_譲渡制限付株式報酬としての自己株式の処分の払込完了に関するお知らせ.pdf
   ✅ 保存: 9413_1600_テレ東HD_譲渡制限付株式報酬としての自己株式の処分の払込完了に関するお知らせ.pdf
   ✅ 保存: 9616_1600_共立メンテ_譲渡制限付株式報酬としての自己株式の処分の払込完了に関するお知らせ.pdf
   ✅ 保存: 9828_1600_ゲンキGDC_譲渡制限付株式報酬としての自己株式の処分の払込完了に関するお知らせ.pdf
   ✅ 保存: 9895_1600_コンセック_主要株主及び主要株主である筆頭株主の異動に関するお知らせ.pdf
   ✅ 保存: 9960_1600_東テク_譲渡制限付株式報酬としての自己株式の処分の払込完了に関するお知らせ.pdf
   ✅ 保存: 8975_1545_R-いちごオフィス_自己投資口の取得および消却に係る事項の決定のお知らせ.pdf
   ✅ 保存: 8975_1545_R-いちごオフィス_資産の譲渡完了のお知らせ.pdf
   ✅ 保存: 2282_1540_日ハム_役員の異動に関するお知らせ.pdf
   ✅ 保存: 2130_1530_メンバーズ_譲渡制限付株式報酬としての自己株式の処分の払込完了に関するお知らせ.pdf
   ✅ 保存: 2327_1530_NSSOL_取締役及び執行役員に対する譲渡制限付株式としての自己株式処分の払込完了に関するお知らせ.pdf
   ✅ 保存: 2411_1530_ゲンダイAG_2027年3月期 第1四半期決算短信〔日本基準〕(連結).pdf
   ✅ 保存: 2411_1530_ゲンダイAG_2027年3月期第1四半期決算説明資料.pdf
   ✅ 保存: 2411_1530_ゲンダイAG_自己株式の消却に関するお知らせ.pdf
   ✅ 保存: 2411_1530_ゲンダイAG_自己株式の取得に係る事項の決定に関するお知らせ.pdf
   ✅ 保存: 2643_1530_日本株セレクトETF_「NEXT FUNDS MSCI ジャパンカントリー指数(セレクト)連動型上場投信」の信託終了にかかる約款変更の可能性に関するお知らせ.pdf
   ✅ 保存: 272A_1530_グリーンクロスHD_自己株式の処分の払込完了及び一部失権に関するお知らせ.pdf
   ✅ 保存: 2815_1530_アリアケ_譲渡制限付株式報酬としての自己株式の処分の払込完了に関するお知らせ.pdf
   ✅ 保存: 2818_1530_ピエトロ_譲渡制限付株式報酬としての自己株式の処分に関するお知らせ.pdf
   ✅ 保存: 2979_1530_R-SOSiLA物流_2026年5月期 決算短信(REIT).pdf
   ✅ 保存: 3024_1530_クリエイト_取締役に対する譲渡制限付株式報酬としての自己株式処分の払込完了に関するお知らせ.pdf
   ✅ 保存: 312A_1530_P-シンコーHD_TOKYO PRO Marketへの上場目的の開示について.pdf
   ✅ 保存: 3185_1530_G-夢展望_譲渡制限付株式報酬としての新株式の払込完了に関するお知らせ.pdf
   ✅ 保存: 3321_1530_ミタチ_役員の異動に関するお知らせ.pdf
   ✅ 保存: 339A_1530_G-プログレス_2027年2月期 第1四半期 決算説明会 質疑応答要旨.pdf
   ✅ 保存: 3433_1530_トーカロ_譲渡制限付株式報酬としての自己株式の処分に関するお知らせ.pdf
   ✅ 保存: 3437_1530_特殊電極_(開示事項の経過)主要株主及び主要株主である筆頭株主かつその他の関係会社の異動に関するお知らせ.pdf
   ✅ 保存: 3467_1530_アグレ都市デザイン_完全子会社の吸収合併(簡易合併・略式合併)に関するお知らせ.pdf
   ✅ 保存: 3467_1530_アグレ都市デザイン_(開示事項の変更)「株式会社ホーユーコーポレーション及び株式会社多摩建設の株式の取得(子会社化及び孫会社化)に関するお知らせ」の一部変更の件.pdf
   ✅ 保存: 3489_1530_フェイスネットワーク_譲渡制限付株式報酬としての自己株式の処分の払込完了に関するお知らせ.pdf
   ✅ 保存: 3537_1530_昭栄薬品_譲渡制限付株式報酬としての自己株式の処分に関するお知らせ.pdf
   ✅ 保存: 3537_1530_昭栄薬品_資本コストや株価を意識した経営の実現に向けた対応について(アップデート).pdf
   ✅ 保存: 3544_1530_サツドラHD_(変更)「MBOの実施及び応募の推奨に関するお知らせ」の一部変更について.pdf
   ✅ 保存: 3544_1530_サツドラHD_(変更)テラによる公開買付届出書の訂正届出書に伴う「サツドラホールディングスの普通株式に対する公開買付けの開始に関するお知らせ」の変更に関するお知らせ.pdf
   ✅ 保存: 366A_1530_G-ウェルネスC_支配株主等に関する事項について.pdf
   ✅ 保存: 3803_1530_G-イメージ情_特別利益(保険解約返戻金)の計上に関するお知らせ.pdf
   ✅ 保存: 4026_1530_神島化学工業_譲渡制限付株式報酬としての自己株式処分に関するお知らせ.pdf
   ✅ 保存: 4073_1530_G-ジィ・シィ企画_代表取締役の異動及び役員人事に関するお知らせ.pdf
   ✅ 保存: 4125_1530_三和油化工業_譲渡制限付株式報酬としての新株式の発行の払込完了に関するお知らせ.pdf
   ✅ 保存: 4169_1530_G-エネチェンジ_よくある質問と回答(2026年7月).pdf
   ✅ 保存: 4203_1530_住友ベーク_譲渡制限付株式報酬としての自己株式の処分の払込完了に関するお知らせ.pdf
   ✅ 保存: 4401_1530_ADEKA_譲渡制限付株式報酬としての自己株式の処分の払込完了に関するお知らせ.pdf
   ✅ 保存: 4417_1530_G-グローバルセキュ_譲渡制限付株式報酬としての自己株式の処分に関するお知らせ.pdf
   ✅ 保存: 441A_1530_G-NE_韓国子会社設立に関するお知らせ.pdf
   ✅ 保存: 458A_1530_P-プラン・ドゥ_(開示事項の変更)「財務上の特約が付された金銭消費貸借契約の締結について」の一部変更について.pdf
   ✅ 保存: 4674_1530_クレスコ_当社の取締役および従業員ならびに当社子会社の取締役に対する譲渡制限付株式報酬としての自己株式の処分に関するお知らせ.pdf
   ✅ 保存: 4716_1530_日本オラクル_役員の異動に関するお知らせ.pdf
   ✅ 保存: 4889_1530_G-レナサイエンス_局所進行非小細胞肺がんに対する第二相治験開始(患者投与開始)のお知らせ.pdf
   ✅ 保存: 4929_1530_アジュバンHD_2027年3月期 第1四半期決算短信〔日本基準〕(連結).pdf
   ✅ 保存: 4929_1530_アジュバンHD_2027年3月期 第1四半期 決算説明資料.pdf
   ✅ 保存: 5831_1530_しずおかFG_譲渡制限付株式報酬としての自己株式の処分の払込完了に関するお知らせ.pdf
   ✅ 保存: 5852_1530_アーレスティ_譲渡制限付株式報酬制度としての自己株式の処分の払込完了に関するお知らせ.pdf
   ✅ 保存: 5933_1530_アルインコ_2027年3月期 第1四半期決算短信〔日本基準〕(連結).pdf
   ✅ 保存: 5933_1530_アルインコ_2027年3月期 第1四半期 決算補足説明資料.pdf
   ✅ 保存: 6370_1530_栗田工_完全子会社との会社分割(簡易・略式吸収分割)に関するお知らせ.pdf
   ✅ 保存: 6518_1530_三相電機_譲渡制限付株式報酬としての新株式の発行の払込完了に関するお知らせ.pdf
   ✅ 保存: 6532_1530_ベイカレント_譲渡制限付株式報酬としての自己株式の処分の払込完了及び一部失権に関するお知らせ.pdf
   ✅ 保存: 6656_1530_INSPEC_資本コストや株価を意識した経営の実現に向けた対応について(アップデート).pdf
   ✅ 保存: 6718_1530_アイホン_譲渡制限付株式報酬としての自己株式の処分の払込完了に関するお知らせ.pdf
   ✅ 保存: 6740_1530_JDI_連結子会社からの配当金受領に関するお知らせ.pdf
   ✅ 保存: 6758_1530_ソニーグループ_譲渡制限付株式ユニット(RSU)の権利確定に伴う自己株式処分に関するお知らせ.pdf
   ✅ 保存: 6961_1530_エンプラス_取締役等に対する譲渡制限付株式報酬としての自己株式処分の払込完了に関するお知らせ.pdf
   ✅ 保存: 6976_1530_太陽誘電_譲渡制限付株式報酬としての自己株式の処分の払込完了に関するお知らせ.pdf
   ✅ 保存: 7175_1530_今村証券_2027年3月期 第1四半期決算速報値に関するお知らせ.pdf
   ✅ 保存: 7199_1530_プレミアグループ_個人投資家向け社債「カープレミア債」発行条件決定に関するお知らせ.pdf
   ✅ 保存: 7214_1530_GMB_譲渡制限付株式報酬としての新株式の発行の払込完了に関するお知らせ.pdf
   ✅ 保存: 7367_1530_セルム_譲渡制限付株式報酬としての自己株式の処分の払込完了に関するお知らせ.pdf
   ✅ 保存: 7378_1530_G-アシロ_自己株式の消却に関するお知らせ.pdf
   ✅ 保存: 7524_1530_マルシェ_2026年6月度の月次料飲売上状況について.pdf
   ✅ 保存: 7554_1530_幸楽苑_譲渡制限付株式報酬としての自己株式処分の割当完了に関するお知らせ.pdf
   ✅ 保存: 7561_1530_ハークスレイHD_非上場の親会社(その他の関係会社)等の決算情報について.pdf
   ✅ 保存: 7615_1530_京都きもの友禅HD_譲渡制限付株式報酬としての自己株式の処分に関するお知らせ.pdf
   ✅ 保存: 7685_1530_G-BUYSELL_2026年6月月次に関するお知らせ.pdf
   ✅ 保存: 7733_1530_オリンパス_執行役の異動に関するお知らせ.pdf
   ✅ 保存: 7794_1530_G-イーディーピー_譲渡制限付株式報酬としての新株式の払込完了に関するお知らせ.pdf
   ✅ 保存: 7995_1530_バルカー_譲渡制限付株式報酬としての自己株式の処分の払込完了に関するお知らせ.pdf
   ✅ 保存: 8018_1530_三共生興_譲渡制限付株式報酬としての自己株式の処分の払込完了に関するお知らせ.pdf
   ✅ 保存: 8253_1530_クレセゾン_取締役及び執行役員に対する株式報酬としての自己株式処分の払込完了に関するお知らせ.pdf
   ✅ 保存: 8359_1530_八十二長野銀行_譲渡制限付株式報酬としての自己株式の処分の払込完了に関するお知らせ.pdf
   ✅ 保存: 8399_1530_琉球銀_(訂正)「2026年3月期決算短信〔日本基準〕(連結)」の一部訂正について.pdf
   ...Page 003 を確認中
   ✅ 保存: 8613_1530_丸三証_譲渡制限付株式報酬としての自己株式の処分の払込完了に関するお知らせ.pdf
   ✅ 保存: 8704_1530_トレイダーズHD_譲渡制限付株式報酬としての自己株式の処分に関するお知らせ.pdf
   ✅ 保存: 8704_1530_トレイダーズHD_ストックオプション(新株予約権)の発行に関するお知らせ.pdf
   ✅ 保存: 8945_1530_サンネクスタグループ_「取締役会の実効性評価」結果の概要について.pdf
   ✅ 保存: 8955_1530_R-Jプライム_資金の借入れ(グリーンローン)に関するお知らせ.pdf
   ✅ 保存: 8976_1530_R-大和OF_2026年5月期 決算短信(REIT).pdf
   ✅ 保存: 8976_1530_R-大和OF_自己投資口取得に係る事項の決定に関するお知らせ.pdf
   ✅ 保存: 8976_1530_R-大和OF_投資口分割及び規約の一部変更に関するお知らせ.pdf
   ✅ 保存: 8976_1530_R-大和OF_規約変更及び役員選任に関するお知らせ.pdf
   ✅ 保存: 8976_1530_R-大和OF_2026年5月期(第41期) 決算会説明資料.pdf
   ✅ 保存: 8976_1530_R-大和OF_コミットメントライン設定に関するお知らせ.pdf
   ✅ 保存: 8985_1530_R-JHR_国内不動産信託受益権の譲渡及び取得に関するお知らせ(ザ・ビーチタワー沖縄及びカンデオホテルズ大阪なんば).pdf
   ✅ 保存: 8985_1530_R-JHR_2026年12月期(第27期)の運用状況及び分配金の予想の修正に関するお知らせ.pdf
   ✅ 保存: 8985_1530_R-JHR_本日公表のプレスリリースに関する補足説明資料.pdf
   ✅ 保存: 9169_1530_P-大伸社_2026年11月期 中間決算短信〔日本基準〕(連結).pdf
   ✅ 保存: 9307_1530_杉村倉庫_譲渡制限付株式報酬としての自己株式の処分に関する払込完了のお知らせ.pdf
   ✅ 保存: 9325_1530_ファイズHD_譲渡制限付株式としての自己株式の処分完了に関するお知らせ.pdf
   ✅ 保存: 9332_1530_NISSOHD_譲渡制限付株式報酬としての自己株式処分に関するお知らせ.pdf
   ✅ 保存: 9478_1530_SE H&I_事後交付型株式報酬制度に基づく自己株式の処分の払込完了に関するお知らせ.pdf
   ✅ 保存: 9882_1530_イエローハット_譲渡制限付株式報酬としての自己株式の処分に関するお知らせ.pdf
   ✅ 保存: 1905_1515_テノックス_譲渡制限付株式報酬としての自己株式の処分に関するお知らせ.pdf
   ✅ 保存: 1898_1500_世紀東急_譲渡制限付株式としての自己株式の処分の払込完了に関するお知らせ.pdf
   ✅ 保存: 2992_1500_P-アーバンライク_(訂正)「2026 年10 月期 中間決算短信〔日本基準〕(連結)」の一部訂正について.pdf
   ✅ 保存: 3269_1500_R-ADR_資金の借入れ及び借入金の返済に関するお知らせ.pdf
   ✅ 保存: 3880_1500_大王紙_海外連結子会社の解散及び清算に関するお知らせ.pdf
   ✅ 保存: 4093_1500_東邦アセチレン_譲渡制限付株式報酬としての自己株式の処分に関するお知らせ.pdf
   ✅ 保存: 4644_1500_イマジニア_譲渡制限付株式報酬としての自己株式の処分の払込完了に関するお知らせ.pdf
   ✅ 保存: 503A_1500_P-ベルチャイルド_東京証券取引所TOKYO PRO Marketへの上場目的の開示.pdf
   ✅ 保存: 5527_1500_G-propetec_2026年11月期第2四半期決算説明会書き起こし.pdf
   ✅ 保存: 6382_1500_トリニ工_譲渡制限付株式報酬としての自己株式の処分の払込完了に関するお知らせ.pdf
   ✅ 保存: 6557_1500_G-AIAI_当社取締役(監査等委員である取締役及び社外取締役を除く)に対する譲渡制限付株式報酬としての新株式発行に関するお知らせ.pdf
   ✅ 保存: 6557_1500_G-AIAI_当社執行役員に対する譲渡制限付株式報酬としての新株式発行に関するお知らせ.pdf
   ✅ 保存: 7238_1500_曙ブレーキ_株式報酬型ストックオプション(新株予約権)の発行に関するお知らせ.pdf
   ✅ 保存: 7380_1500_十六FG_譲渡制限付株式報酬としての自己株式の処分の払込完了に関するお知らせ.pdf
   ✅ 保存: 7466_1500_SPK_譲渡制限付株式報酬としての自己株式の処分の払込完了に関するお知らせ.pdf
   ✅ 保存: 8225_1500_タカチホ_譲渡制限付株式報酬としての自己株式の処分の払込完了に関するお知らせ.pdf
   ✅ 保存: 9902_1500_日伝_譲渡制限付株式報酬としての自己株式の処分の払込完了に関するお知らせ.pdf
   ✅ 保存: 2810_1430_ハウス食G_譲渡制限付株式報酬としての自己株式の処分に関するお知らせ.pdf
   ✅ 保存: 4611_1415_大日塗料_譲渡制限付株式報酬としての自己株式の処分の払込完了に関するお知らせ.pdf
   ✅ 保存: 2108_1400_甜菜糖_取締役に対する株式報酬としての自己株式の処分に関するお知らせ.pdf
   ✅ 保存: 2264_1400_森永乳_譲渡制限付株式報酬としての自己株式の処分に関するお知らせ.pdf
   ✅ 保存: 2303_1400_ドーン_剰余金の配当に関するお知らせ.pdf
   ✅ 保存: 3329_1400_東和フード_第二次中期経営計画の進捗に関するお知らせ.pdf
   ✅ 保存: 3329_1400_東和フード_譲渡制限付株式報酬としての自己株式処分に関するお知らせ.pdf
   ✅ 保存: 3329_1400_東和フード_公益財団法人財務会計基準機構への加入状況等について.pdf
   ✅ 保存: 3461_1400_パルマ_事業KPI 2026年9月期 6月度月次情報.pdf
   ✅ 保存: 3461_1400_パルマ_株式会社第一興商との業務提携に関するお知らせ.pdf
   ✅ 保存: 3825_1400_REMIX_系統用蓄電所(福島県白河市)の需給調整市場参入に関するお知らせ.pdf
   ✅ 保存: 5423_1400_東製鉄_2027年3月期第1四半期決算短信〔日本基準〕(非連結).pdf
   ✅ 保存: 5423_1400_東製鉄_業績予想の修正に関するお知らせ.pdf
   ✅ 保存: 9438_1400_エムティーアイ_連結子会社の株式譲渡および特別利益の計上(個別決算)に関するお知らせ.pdf
   ✅ 保存: 194A_1345_G-WOLVES_獣医先端医療研究所の体制強化のお知らせ.pdf
   ✅ 保存: 4839_1330_WOWOW_譲渡制限付株式報酬としての自己株式の処分の払込完了に関するお知らせ.pdf
   ✅ 保存: 1419_1300_タマホーム_2026年5月期 決算説明会(テレフォンカンファレンス)に関する質疑応答概要の公開について.pdf
   ✅ 保存: 2859_1300_STOXXヘッジ有_NEXT FUNDS ユーロ・ストックス50指数(為替ヘッジあり)連動型上場投信 決算短信.pdf
   ✅ 保存: 285A_1300_キオクシアHD_当社子会社に対する訴訟の陪審評決に関するお知らせ.pdf
   ✅ 保存: 2860_1300_DAXヘッジ有_NEXT FUNDS ドイツ株式・DAX(為替ヘッジあり)連動型上場投信 決算短信.pdf
   ✅ 保存: 3437_1300_特殊電極_取締役に対する譲渡制限付株式報酬としての自己株式処分の割当完了に関するお知らせ.pdf
   ✅ 保存: 4015_1300_G-ペイクラウドHD_(開示事項の経過)当社連結子会社の本社移転に伴う 受取補償金(概算額)の合意に関するお知らせ.pdf
   ✅ 保存: 471A_1300_NSグループ_(開示事項の経過)株式会社アルファーの株式取得(子会社化)完了に関するお知らせ.pdf
   ✅ 保存: 486A_1300_STOXXヘッジ無_NEXT FUNDS ユーロ・ストックス50指数(為替ヘッジなし)連動型上場投信 決算短信.pdf
   ✅ 保存: 487A_1300_DAXヘッジ無_NEXT FUNDS ドイツ株式・DAX(為替ヘッジなし)連動型上場投信 決算短信.pdf
   ✅ 保存: 6741_1300_日信号_譲渡制限付株式報酬としての自己株式処分の払込完了に関するお知らせ.pdf
   ✅ 保存: 7686_1300_ひとまいる_譲渡制限付株式報酬としての新株式の発行に関するお知らせ.pdf
   ✅ 保存: 7686_1300_ひとまいる_株主優待制度の変更(拡充)のお知らせ.pdf
   ✅ 保存: 7981_1300_タカラスタン_譲渡制限付株式報酬としての自己株式の処分の払込完了に関するお知らせ.pdf
   ✅ 保存: 8972_1300_R-KDX不動産_投資法人債の発行に関するお知らせ.pdf
   ✅ 保存: 9362_1300_兵機海運_取締役(社外取締役及び監査等委員である取締役を除く)に対する譲渡制限付株式としての自己株式処分の払込完了に関するお知らせ.pdf
   ✅ 保存: 587A_1220_E-インベスコQQQ_インベスコQQQトラスト シリーズ1 に関する日々の開示事項.pdf
   ✅ 保存: 1326_1205_E-ワールド_SPDRゴールド・シェアに関する日々の開示事項.pdf
   ✅ 保存: 3907_1200_シリコンスタジオ_2026年11月期 第2四半期 決算説明資料.pdf
   ✅ 保存: 6521_1200_G-オキサイド_パフォーマンス・シェア・ユニット(PSU)に基づく新株式発行の払込完了及び一部変更に関するお知らせ.pdf
   ✅ 保存: 5929_1130_三和HD_譲渡制限付株式報酬としての自己株式処分の払込完了に関するお知らせ.pdf
   ✅ 保存: 7022_1130_サノヤスHD_(訂正)「譲渡制限付株式報酬としての自己株式の処分に関するお知らせ」の一部訂正について.pdf
   ✅ 保存: 210A_1100_iF日経高リート_2026年6月期(2025年12月5日~2026年6月4日)決算短信.pdf
   ✅ 保存: 4299_1100_ハイマックス_譲渡制限付株式報酬としての自己株式の処分の払込完了に関するお知らせ.pdf
   ✅ 保存: 5695_1100_パウダテック_譲渡制限付株式報酬としての自己株式の処分の払込完了に関するお知らせ.pdf
   ✅ 保存: 8167_1100_リテールパートナーズ_譲渡制限付株式報酬としての自己株式処分の割当完了に関するお知らせ.pdf
   ✅ 保存: 9003_1100_相鉄HD_無担保社債発行に関するお知らせ.pdf
   ✅ 保存: 9412_1100_スカパーJSAT_当社取締役、執行役員及び理事に対する株式報酬としての自己株式の処分の払込完了に関するお知らせ.pdf
   ✅ 保存: 1550_1050_MXS外株_MAXIS 海外株式(MSCIコクサイ)上場投信 決算短信(2026年6月期).pdf
   ✅ 保存: 1597_1050_MXS Jリート_MAXIS Jリート上場投信 決算短信(2026年6月期).pdf
   ✅ 保存: 2530_1050_MXS中国A株180_MAXIS HuaAn中国株式(上海180A株)上場投信 決算短信(2026年6月期).pdf
   ✅ 保存: 2558_1050_MXS米株SP500_MAXIS 米国株式(S&P500)上場投信 決算短信(2026年6月期).pdf
   ✅ 保存: 2559_1050_MXS全世界株式_MAXIS 全世界株式(オール・カントリー)上場投信 決算短信(2026年6月期).pdf
   ✅ 保存: 2630_1050_MXS米株SP5ヘ有_MAXIS 米国株式(S&P500)上場投信(為替ヘッジあり) 決算短信(2026年6月期).pdf
   ✅ 保存: 2631_1050_MXSナス100_MAXISナスダック100上場投信 決算短信(2026年6月期).pdf
   ✅ 保存: 2632_1050_MXSナス100ヘ有_MAXISナスダック100上場投信(為替ヘッジあり) 決算短信(2026年6月期).pdf
   ✅ 保存: 383A_1050_MXSSP500均等_MAXIS S&P500均等ウェイト上場投信 決算短信(2026年6月期).pdf
   ✅ 保存: 9388_1030_Q-パパネッツ_自己株式立会外買付取引による自己株式の取得結果及び取得終了並びに主要株主である筆頭株主及び主要株主の異動に関するお知らせ.pdf
   ✅ 保存: 3777_1000_G-環境フレンドリー_苫小牧AIデータセンター第1期(供給能力10MW)に係る優先交渉権付与に関する 基本合意書(MOU)締結のお知らせ.pdf
   ✅ 保存: 9982_1000_タキヒヨー_譲渡制限付株式報酬としての自己株式の処分の払込完了に関するお知らせ.pdf
   ✅ 保存: 2934_0952_G-Jフロンティア_2026年5月期 通期決算説明会書き起こし記事の公表について.pdf
   ✅ 保存: 9757_0950_船井総研HD_第三者割当による自己株式の処分の払込完了に関するお知らせ.pdf
   ...Page 004 を確認中
   ✅ 保存: 6104_0930_芝浦機械_譲渡制限付株式報酬としての自己株式の処分の払込完了に関するお知らせ.pdf
   ✅ 保存: 3382_0905_7&iHD_一部報道について.pdf
   ✅ 保存: 7721_0900_東京計器_譲渡制限付株式報酬としての自己株式の処分の払込完了に関するお知らせ.pdf
   ✅ 保存: 4563_0845_G-アンジェス_HGF遺伝子治療用製品のPre-BLA Meeting及びBLA申請に関するお知らせ.pdf
   ✅ 保存: 7370_0830_G-Enjin_取締役候補者および監査等委員である取締役候補者選任に関するお知らせ.pdf
   ...Page 005 を確認中
   📝 一覧CSV保存: TDnet_Sorted_20260717.csv
   📝 一覧CSV保存（ルート）: TDnet_Sorted_20260717.csv
   📊 日別統計: page_access=5, pdf_success=299, excluded=8

============================================================
✅ ①完了（範囲取得）
   期間: 20260717 ～ 20260717 （mode=day）
   一覧ページアクセス合計: 5
   PDFダウンロード成功合計: 299
   除外件数合計: 8
   保存ルート: G:\マイドライブ\TDnet_Downloads

$ C:\Users\onok\AppData\Local\Python\pythoncore-3.14-64\python.exe -u ②a②bは２つフリーワード検索.py analyze --target 20260717 --save-root G:\マイドライブ\TDnet_Downloads --keywords 価格交渉 増産 価格改定 価格転嫁 値上 想定以上 上方修正 下方修正 想定以下 未達 大幅 計画を上 計画を下 計画以 需要回復 需要の回復 需要が増 需要が低 悪化 グローバルニッチトップ トップシェア シェア拡大 レアアース
ルート: G:\マイドライブ\TDnet_Downloads
対象指定: 20260717 mode= day from= 20260717 to= 20260717
対象フォルダ数: 1
検索キーワード: ['価格交渉', '増産', '価格改定', '価格転嫁', '値上', '想定以上', '上方修正', '下方修正', '想定以下', '未達', '大幅', '計画を上', '計画を下', '計画以', '需要回復', '需要の回復', '需要が増', '需要が低', '悪化', 'グローバルニッチトップ', 'トップシェア', 'シェア拡大', 'レアアース']
総PDF数（推定）: 299
[1/1] 日付フォルダ 20260717 を処理中... (このフォルダ内PDF数: 299)
  進捗: 50/299 件のPDFを解析済み
  進捗: 100/299 件のPDFを解析済み
  進捗: 150/299 件のPDFを解析済み
  進捗: 200/299 件のPDFを解析済み
  進捗: 250/299 件のPDFを解析済み
  進捗: 299/299 件のPDFを解析済み
  → 日付フォルダ 20260717 のヒットPDF数: 25

✅ ②A 完了（解析専用・キーワード別ページ列）
解析PDF数: 299
ヒットPDF数: 25
出力CSV: Analysis_Hits_free_word_20260717.csv
保存先: G:\マイドライブ\TDnet_Downloads

$ C:\Users\onok\AppData\Local\Python\pythoncore-3.14-64\python.exe -u ②a②bは２つフリーワード検索.py distribute --target 20260717 --save-root G:\マイドライブ\TDnet_Downloads --no-stop-on-empty-meta

✅ ②B 完了（配布用CSV作成・キーワード別ページ列）
出力: PDF_Search_Result_Distribution_free_word_20260717_sh.csv
キーワード列: ['価格交渉', '増産', '価格改定', '価格転嫁', '値上', '想定以上', '上方修正', '下方修正', '想定以下', '未達', '大幅', '計画を上', '計画を下', '計画以', '需要回復', '需要の回復', '需要が増', '需要が低', '悪化', 'グローバルニッチトップ', 'トップシェア', 'シェア拡大', 'レアアース']
突合除外件数: 0
空欄アラート件数: 0

============================================
 Done: 2026-07-17 23:07:20
============================================
