============================================
 TDnet auto run: 20260521
 Start: 2026-05-21 23:00:01
============================================

$ C:\Users\onok\AppData\Local\Python\pythoncore-3.14-64\python.exe -u ①_tdnetアクセスしてダウンロードする処理（月日付別フォルダ保存）.py --target 20260521 --save-root G:\マイドライブ\TDnet_Downloads
🎯 対象指定: 20260521（mode=day, from=20260521, to=20260521）
📁 保存ルート: G:\マイドライブ\TDnet_Downloads

============================================================
📅 日付: 20260521 を処理します
   ...Page 001 を確認中
   ✅ 保存: 7578_1900_ニチリョク_特別損失等の計上と業績予想と実績との差異に関するお知らせ.pdf
   ✅ 保存: 7578_1900_ニチリョク_過年度の決算短信等の訂正に関するお知らせ.pdf
   ✅ 保存: 7578_1900_ニチリョク_2026年3月期 決算短信〔日本基準〕(非連結).pdf
   ✅ 保存: 8938_1900_G-グロームHD_第三者割当による新株式の発行に係る払込完了及び第6回新株予約権に係る発行価額の払込完了に関するお知らせ.pdf
   ✅ 保存: 6457_1840_グローリー_(訂正)「2026 年3月期 決算短信 補足資料 [IFRS]」の一部訂正について.pdf
   ✅ 保存: 8966_1820_R-平和RE_新投資口発行及び投資口売出しに係る価格等の決定に関するお知らせ.pdf
   ✅ 保存: 8966_1820_R-平和RE_資金の借入れ及び借入金の返済に関するお知らせ.pdf
   ✅ 保存: 8966_1820_R-平和RE_コミットメントラインの設定に関するお知らせ.pdf
   ✅ 保存: 8966_1820_R-平和RE_投資法人債の発行登録書提出及び包括決議に関するお知らせ.pdf
   ✅ 保存: 9327_1800_イー・ロジット_株主提案に関する当社取締役会意見及び当社取締役候補者の選任に関するお知らせ.pdf
   ✅ 保存: 3306_1755_日製麻_会社分割による持株会社体制への移行に伴う吸収分割契約の締結、商号の変更および定款の一部変更に関するお知らせ.pdf
   ✅ 保存: 352A_1740_G-LOIVE_取締役候補者の選任に関するお知らせ.pdf
   ✅ 保存: 3843_1730_フリービット_特別調査委員会の設置に関するお知らせ.pdf
   ✅ 保存: 4444_1730_G-インフォネット_(訂正)「持株会社体制への移行に伴う吸収分割契約締結及び定款の一部変更(商号変更及び事業目的の変更等)に関するお知らせ」の一部訂正について.pdf
   ✅ 保存: 556A_1730_G-犬猫生活_第三者割当増資の結果に関するお知らせ.pdf
   ✅ 保存: 6516_1730_山洋電気_株主提案の取下げに関する書面の受領に関するお知らせ.pdf
   ✅ 保存: 7868_1730_広済堂HD_一部報道について.pdf
   ✅ 保存: 8159_1730_立花エレ_定款一部変更に関するお知らせ.pdf
   ✅ 保存: 9347_1730_日本管財HD_役員人事に関するお知らせ.pdf
   ✅ 保存: 2114_1700_フジ日本_(訂正)「会計監査人の異動に関するお知らせ」の一部訂正に関するお知らせ.pdf
   ✅ 保存: 2148_1700_ITM_剰余金の配当に関するお知らせ.pdf
   ✅ 保存: 307A_1700_P-ハウジング・S_補助金収入に伴う特別利益及び特別損失の計上に関するお知らせ.pdf
   ✅ 保存: 3196_1700_ホットランドHD_第三者割当増資における発行新株式数の確定に関するお知らせ.pdf
   ✅ 保存: 365A_1700_伊澤タオル_自己株式の取得及び自己株式立会外買付取引(TosTNet-3)による自己株式の買付けに関するお知らせ.pdf
   ✅ 保存: 3766_1700_システムズD_会計監査人の異動に関するお知らせ.pdf
   ✅ 保存: 4381_1700_G-ビープラッツ_役員異動に関するお知らせ.pdf
   ✅ 保存: 4493_1700_G-サイバーセキュリ_2026年12月期 第1四半期 Q&A掲載のお知らせ.pdf
   ✅ 保存: 6088_1700_シグマクシスHD_代表取締役の異動(退任)、新任取締役候補者の選任および取締役の異動に関するお知らせ.pdf
   ✅ 保存: 6819_1700_伊豆シャボテンR_2026年3月期決算説明資料.pdf
   ✅ 保存: 7966_1700_リンテック_リンテック つくばイノベーティブクリエーションセンター 開設に関するお知らせ.pdf
   ✅ 保存: 7990_1700_グローブライド_(訂正)適時開示資料「中期経営計画の見直しに関するお知らせ」の一部訂正について.pdf
   ✅ 保存: 9069_1700_センコーグループHD_資本準備金及び利益準備金の額の減少に関するお知らせ.pdf
   ✅ 保存: 9069_1700_センコーグループHD_分配可能額を超えた自己株式の取得に関する第三者委員会設置のお知らせ.pdf
   ✅ 保存: 5031_1650_G-モイ_(訂正)SBIホールディングス株式会社との資本業務提携、第三者割当増資による新株式の発行、 株式の売出し、支配株主、主要株主及びその他の関係会社の異動.pdf
   ✅ 保存: 5031_1650_G-モイ_SBIホールディングス株式会社との資本業務提携及び第三者割当増資による新株発行に関する説明会における質疑応答.pdf
   ✅ 保存: 3708_1640_特種東海_(訂正)「剰余金の配当及び配当方針の変更に関するお知らせ」の一部訂正のお知らせ.pdf
   ✅ 保存: 6524_1640_湖北工業_譲渡制限付株式報酬としての自己株式の処分の払込完了に関するお知らせ.pdf
   ✅ 保存: 3001_1630_片倉_投資有価証券の一部売却に関するお知らせ.pdf
   ✅ 保存: 3003_1630_ヒューリック_株式の海外売出しに関するお知らせ.pdf
   ✅ 保存: 3121_1630_マーチャント_自己株式立会外買付取引(ToSTNeT-3)による自己株式の買付けに関するお知らせ.pdf
   ✅ 保存: 418A_1630_ウリドキ_株式の立会外分売実施に関するお知らせ.pdf
   ✅ 保存: 4258_1630_G-網屋_譲渡制限付株式報酬及び業績連動型株式報酬としての自己株式処分の払込完了に関するお知らせ.pdf
   ✅ 保存: 5401_1630_日本製鉄_株主提案に対する当社取締役会意見に関するお知らせ.pdf
   ✅ 保存: 6143_1630_ソディック_当社サーバーへの不正アクセスに関するお知らせ.pdf
   ✅ 保存: 6545_1630_G-IIF_2026年3月期 決算説明会資料.pdf
   ✅ 保存: 6703_1630_OKI_投資有価証券の売却に関するお知らせ.pdf
   ✅ 保存: 6864_1630_エヌエフHD_当社株式の大規模買付行為に関する対応策(買収への対応方針)の継続について.pdf
   ✅ 保存: 7255_1630_桜井製作_自己株式立会外買付取引(ToSTNeT-3)による自己株式の買付けに関するお知らせ.pdf
   ✅ 保存: 7687_1630_G-ミクリード_新任取締役(監査等委員である取締役を除く)候補者の決定に関するお知らせ.pdf
   ✅ 保存: 7746_1630_岡本硝子_第三者割当による第11回新株予約権(行使価額修正条項・停止指定条項付)及び第12回新株予約権の発行条件等の決定に関するお知らせ.pdf
   ✅ 保存: 9324_1630_安田倉_投資有価証券の売却に関するお知らせ.pdf
   ✅ 保存: 7538_1615_大水_自己株式の取得及び自己株式立会外買付取引(ToSTNeT-3)による自己株式の買付に関するお知らせ.pdf
   ✅ 保存: 1433_1600_ベステラ_資金の借入に関するお知らせ.pdf
   ✅ 保存: 1807_1600_佐藤渡辺_2026年3月期 決算説明資料.pdf
   ✅ 保存: 2094_1600_REITインバース_2026年10月期 中間決算短信(2025年10月13日~2026年4月12日).pdf
   ✅ 保存: 2555_1600_東証REIT-ETF_2026年4月期(2025年10月13日~2026年4月12日)決算短信.pdf
   ✅ 保存: 2814_1600_佐藤食品_役員人事に関するお知らせ.pdf
   ✅ 保存: 281A_1600_G-インフォメティス_2026年12月期第1四半期決算説明資料.pdf
   ✅ 保存: 3080_1600_ジェーソン_非上場の親会社等の決算に関するお知らせ.pdf
   ✅ 保存: 3080_1600_ジェーソン_支配株主等に関する事項について.pdf
   ✅ 保存: 3284_1600_フージャース_取締役及び監査等委員である取締役並びに補欠の監査等委員である取締役候補者の選任に関するお知らせ.pdf
   ✅ 保存: 330A_1600_G-TalentX_第8回定時株主総会の開催及び付議議案の決定に関するお知らせ.pdf
   ✅ 保存: 360A_1600_リートコア_2026年4月期(2025年10月13日~2026年4月12日)決算短信.pdf
   ✅ 保存: 3777_1600_G-環境フレンドリー_第三者割当による第23回新株予約権の発行に関するお知らせ.pdf
   ✅ 保存: 3777_1600_G-環境フレンドリー_エスクリプトエナジー株式会社との業務提携契約の締結に関するお知らせ.pdf
   ✅ 保存: 3861_1600_王子HD_自己株式の取得状況及び取得終了に関するお知らせ.pdf
   ✅ 保存: 3944_1600_古林紙工_譲渡制限付株式報酬としての自己株式処分の払込完了に関するお知らせ.pdf
   ✅ 保存: 4124_1600_大阪油化工業_名古屋証券取引所メイン市場への上場承認に関するお知らせ.pdf
   ✅ 保存: 4290_1600_PI_役員の人事異動に関するお知らせ.pdf
   ✅ 保存: 4395_1600_G-アクリート_譲渡制限付株式報酬としての新株式の払込完了に関するお知らせ.pdf
   ✅ 保存: 4634_1600_artience_2026年12月期(2026年度)第1四半期 決算説明会 資料.pdf
   ✅ 保存: 4752_1600_昭和システム_剰余金の配当に関するお知らせ.pdf
   ✅ 保存: 4752_1600_昭和システム_代表取締役の異動に関するお知らせ.pdf
   ✅ 保存: 4752_1600_昭和システム_商号の変更及び定款の一部変更に関するお知らせ.pdf
   ✅ 保存: 475A_1600_ギミック_取締役候補者及び監査役候補者並びに補欠監査役候補者の決定に関するお知らせ.pdf
   ✅ 保存: 5721_1600_エスクリプトエナジー_株式会社環境フレンドリーホールディングスへのアドバイザリー投資および同社との業務提携契約締結のお知らせ.pdf
   ✅ 保存: 5982_1600_マルゼン_(訂正)「支配株主等に関する事項について」の一部訂正について.pdf
   ✅ 保存: 6087_1600_アビスト_2026年9月期第2四半期 投資家向け決算説明資料.pdf
   ✅ 保存: 6208_1600_石川製_(訂正)「2026 年3月期 決算短信〔日本基準〕(連結)」の一部訂正について.pdf
   ✅ 保存: 6418_1600_日金銭_中期経営計画「JCM Global Vision 2032~Next Growth Stage~」の策定に関するお知らせ.pdf
   ✅ 保存: 6418_1600_日金銭_配当方針の変更及び2027年3月期配当予想の修正(増配)に関するお知らせ.pdf
   ✅ 保存: 6418_1600_日金銭_当社株式の大量買付行為に関する対応策(買収防衛策)の継続について.pdf
   ✅ 保存: 6572_1600_オープンG_(訂正・数値データ訂正)「2026年2月期決算短信〔日本基準〕(連結)」の一部訂正について.pdf
   ✅ 保存: 6776_1600_天昇電_剰余金の配当に関するお知らせ.pdf
   ✅ 保存: 6776_1600_天昇電_支配株主等に関する事項について.pdf
   ✅ 保存: 6776_1600_天昇電_公認会計士等の異動(会計監査人の選任)に関するお知らせ.pdf
   ✅ 保存: 6800_1600_ヨコオ_定款の一部変更に関するお知らせ.pdf
   ✅ 保存: 6800_1600_ヨコオ_譲渡制限付株式報酬制度の導入に関するお知らせ.pdf
   ✅ 保存: 6867_1600_リーダ電子_中期経営指針の策定に関するお知らせ.pdf
   ✅ 保存: 7118_1600_A-伸和HD_名古屋証券取引所ネクスト市場への上場承認に関するお知らせ.pdf
   ✅ 保存: 7368_1600_表示灯_剰余金の配当に関するお知らせ.pdf
   ✅ 保存: 7368_1600_表示灯_取締役候補者の選任に関するお知らせ.pdf
   ✅ 保存: 7490_1600_日新商_剰余金の配当に関するお知らせ.pdf
   ✅ 保存: 7490_1600_日新商_役員の異動に関するお知らせ.pdf
   ✅ 保存: 7887_1600_南海プライウッド_(訂正・数値データ訂正) 「2026年3月期決算短信〔日本基準〕(連結)」の一部訂正について.pdf
   ✅ 保存: 7999_1600_MUTOH-HD_株式併合並びに単元株式数の定めの廃止及び定款の一部変更の承認決議に関するお知らせ.pdf
   ✅ 保存: 8228_1600_マルイチ産商_取締役候補者の一部変更に関するお知らせ.pdf
   ✅ 保存: 8228_1600_マルイチ産商_「中期経営計画2030」策定のお知らせ.pdf
   ✅ 保存: 8699_1600_HSHD_株主提案に対する当社取締役会意見に関するお知らせ.pdf
   ✅ 保存: 8699_1600_HSHD_取締役候補者の選任及び監査役候補者の選任に関するお知らせ.pdf
   ...Page 002 を確認中
   ✅ 保存: 8699_1600_HSHD_代表取締役の異動に関するお知らせ.pdf
   ✅ 保存: 8699_1600_HSHD_支配株主等に関する事項について.pdf
   ✅ 保存: 8783_1600_abc_簡易株式交換による株式会社ボンドの完全子会社化に関するお知らせ.pdf
   ✅ 保存: 8798_1600_アドバンスクリエイト_2026年4月度 当社の業績概要について.pdf
   ✅ 保存: 8877_1600_エスリード_親会社等の決算に関するお知らせ.pdf
   ✅ 保存: 8968_1600_R-福岡_第12回投資主総会決議に関するお知らせ.pdf
   ✅ 保存: 8995_1600_誠建設_剰余金の配当に関するお知らせ.pdf
   ✅ 保存: 9027_1600_ロジネットJ_定款一部変更に関するお知らせ.pdf
   ✅ 保存: 9027_1600_ロジネットJ_役員退職慰労金制度の廃止及び譲渡制限付株式報酬制度の導入に関するお知らせ.pdf
   ✅ 保存: 9027_1600_ロジネットJ_当社子会社の取締役に対する譲渡制限付株式報酬としての自己株式の処分に関するお知らせ.pdf
   ✅ 保存: 9031_1600_西鉄_当社役員向け株式報酬制度の拡充のお知らせ.pdf
   ✅ 保存: 9031_1600_西鉄_定款の一部変更に関するお知らせ.pdf
   ✅ 保存: 9532_1600_大瓦斯_自己株式の消却に関するお知らせ.pdf
   ✅ 保存: 9820_1600_MTジェネック_親会社等の決算に関するお知らせ.pdf
   ✅ 保存: 9876_1600_コックス_支配株主等に関する事項について.pdf
   ✅ 保存: 9876_1600_コックス_第20回新株予約権(株式報酬型ストックオプション)の発行について.pdf
   ✅ 保存: 5333_1540_NGK_従業員持株会向け譲渡制限付株式インセンティブとしての自己株式の処分に関するお知らせ.pdf
   ✅ 保存: 6644_1535_大崎電_(訂正・数値データ訂正)「2026年3月期 決算短信[日本基準](連結)」の一部訂正について.pdf
   ✅ 保存: 1771_1530_日本乾溜_第三者割当による新株式発行の払込完了、資本金及び資本準備金の額の減少の効力発生、並びに親会社及び主要株主である筆頭株主の異動に関するお知らせ.pdf
   ✅ 保存: 1981_1530_協和日成_剰余金の配当に関するお知らせ.pdf
   ✅ 保存: 2156_1530_セーラー広告_定款一部変更に関するお知らせ.pdf
   ✅ 保存: 2269_1530_明治HD_剰余金の配当に関するお知らせ.pdf
   ✅ 保存: 231A_1530_Q-Cross E_2026年9月期中間期 決算補足説明資料.pdf
   ✅ 保存: 2378_1530_ルネサンス_剰余金の配当に関するお知らせ.pdf
   ✅ 保存: 2378_1530_ルネサンス_定款の一部変更に関するお知らせ.pdf
   ✅ 保存: 2378_1530_ルネサンス_組織変更及び人事異動に関するお知らせ.pdf
   ✅ 保存: 2379_1530_ディップ_取締役人事に関するお知らせ.pdf
   ✅ 保存: 2586_1530_G-フルッタフルッタ_定款の一部変更に関するお知らせ.pdf
   ✅ 保存: 2653_1530_イオン九州_支配株主等に関する事項について.pdf
   ✅ 保存: 2668_1530_タビオ_譲渡制限付株式報酬としての自己株式の処分に関するお知らせ.pdf
   ✅ 保存: 2980_1530_SREHD_役員人事に関するお知らせ.pdf
   ✅ 保存: 2983_1530_G-アールプランナー_譲渡制限付株式報酬としての自己株式の処分に関するお知らせ.pdf
   ✅ 保存: 3028_1530_アルペン_株式需給緩衝信託の設定に伴う当社株式の売却状況に関するお知らせ.pdf
   ✅ 保存: 3040_1530_ソリトンシステムズ_譲渡制限付株式報酬としての自己株式の処分に関するお知らせ.pdf
   ✅ 保存: 3179_1530_シュッピン_代表取締役の異動に関するお知らせ.pdf
   ✅ 保存: 3179_1530_シュッピン_取締役候補者の決定等に関するお知らせ.pdf
   ✅ 保存: 3386_1530_コスモ・バイオ_従業員に対する譲渡制限付株式としての自己株式処分の払込完了に関するお知らせ.pdf
   ✅ 保存: 3598_1530_山喜_資本準備金の額の減少および剰余金処分に関するお知らせ.pdf
   ✅ 保存: 365A_1530_伊澤タオル_当座貸越契約の締結に関するお知らせ.pdf
   ✅ 保存: 3694_1530_オプティム_定款の一部変更に関するお知らせ.pdf
   ✅ 保存: 3753_1530_フライト_役員人事に関するお知らせ.pdf
   ✅ 保存: 3753_1530_フライト_第三者割当による第10回新株予約権(行使価額修正条項付)の行使完了及び月間行使状況に関するお知らせ.pdf
   ✅ 保存: 3962_1530_チェンジHD_定款一部変更に関するお知らせ.pdf
   ✅ 保存: 3997_1530_トレードワークス_自己株式取得に係る事項の決定に関するお知らせ.pdf
   ✅ 保存: 4167_1530_G-ココペリ_定款の一部変更に関するお知らせ.pdf
   ✅ 保存: 429A_1530_テクセンド_役員の異動に関するお知らせ.pdf
   ✅ 保存: 429A_1530_テクセンド_取締役に対する業績連動型譲渡制限付株式報酬制度の導入に関するお知らせ.pdf
   ✅ 保存: 4301_1530_アミューズ_中期経営計画の見直しに関するお知らせ.pdf
   ✅ 保存: 4343_1530_イオンファン_株式報酬型ストックオプションとしての新株予約権発行について.pdf
   ✅ 保存: 4527_1530_ロート薬_剰余金の配当に関するお知らせ.pdf
   ✅ 保存: 4527_1530_ロート薬_2032年満期ユーロ円建転換社債型新株予約権付社債の転換価額の調整に関するお知らせ.pdf
   ✅ 保存: 4539_1530_日ケミファ_剰余金の配当に関するお知らせ.pdf
   ✅ 保存: 4553_1530_東和薬品_第三者割当によるA種優先株式の発行、定款の一部変更ならびに 資本金および資本準備金の額の減少に関するお知らせ.pdf
   ✅ 保存: 4553_1530_東和薬品_役員人事に関するお知らせ.pdf
   ✅ 保存: 478A_1530_G-フツパー_2026年12月期 第1四半期決算内容に関する質疑応答.pdf
   ✅ 保存: 4819_1530_デジタルガレージ_剰余金の配当に関するお知らせ.pdf
   ✅ 保存: 4922_1530_コーセーHD_譲渡制限付株式報酬としての自己株式の処分の払込完了に関するお知らせ.pdf
   ✅ 保存: 4951_1530_エステー_剰余金の配当に関するお知らせ.pdf
   ✅ 保存: 5133_1530_テリロジーHD_定款の一部変更に関するお知らせ.pdf
   ✅ 保存: 5133_1530_テリロジーHD_取締役候補者及び監査役候補者の選任に関するお知らせ.pdf
   ✅ 保存: 5133_1530_テリロジーHD_配当政策の変更(累進配当の導入)及び剰余金の配当に関するお知らせ.pdf
   ✅ 保存: 5133_1530_テリロジーHD_2027年3月期配当予想の修正に関するお知らせ.pdf
   ✅ 保存: 5714_1530_DOWA_(訂正)「投資単位の引下げに関する考え方及び方針等について」(和文)の一部訂正について.pdf
   ✅ 保存: 5753_1530_日伸銅_資本コストや株価を意識した経営の実現に向けた対応のアップデートについて.pdf
   ✅ 保存: 5753_1530_日伸銅_役員人事に関するお知らせ.pdf
   ✅ 保存: 5757_1530_CKサンエツ_資本コストや株価を意識した経営の実現に向けた対応のアップデートについて.pdf
   ✅ 保存: 5757_1530_CKサンエツ_定款の一部変更に関するお知らせ.pdf
   ✅ 保存: 5805_1530_SWCC_定款の一部変更に関するお知らせ.pdf
   ✅ 保存: 5805_1530_SWCC_取締役に対する業績連動型株式報酬制度の導入に関するお知らせ.pdf
   ✅ 保存: 5870_1530_G-ナルネット_役員人事に関するお知らせ.pdf
   ✅ 保存: 6184_1530_鎌倉新書_第三者割当による新株予約権の発行に関するお知らせ.pdf
   ✅ 保存: 6249_1530_ゲームカードHD_主要株主及び主要株主である筆頭株主の異動に関するお知らせ.pdf
   ✅ 保存: 6286_1530_靜甲_定款一部変更に関するお知らせ.pdf
   ✅ 保存: 6286_1530_靜甲_役員の異動並びに執行役員及びフェローの異動に関するお知らせ.pdf
   ✅ 保存: 6448_1530_ブラザー_定款の一部変更に関するお知らせ.pdf
   ✅ 保存: 6448_1530_ブラザー_剰余金の配当に関するお知らせ.pdf
   ✅ 保存: 6486_1530_イーグル工_剰余金の配当に関するお知らせ.pdf
   ✅ 保存: 6486_1530_イーグル工_役員及び執行役員人事に関するお知らせ.pdf
   ✅ 保存: 6486_1530_イーグル工_支配株主等に関する事項について.pdf
   ✅ 保存: 6544_1530_JESHD_剰余金の配当に関するお知らせ.pdf
   ✅ 保存: 6544_1530_JESHD_取締役候補者の選任に関するお知らせ.pdf
   ✅ 保存: 6544_1530_JESHD_2026年3月期 決算説明会資料.pdf
   ✅ 保存: 6562_1530_G-ジーニー_「GENIEE MA」への不正アクセスに関するお知らせ.pdf
   ✅ 保存: 6564_1530_ミダックHD_当社株式等の大規模買付行為に関する対応策(買収への対応方針)の継続について.pdf
   ✅ 保存: 6564_1530_ミダックHD_役員の異動及び組織再編に関するお知らせ.pdf
   ✅ 保存: 6814_1530_古野電気_譲渡制限付株式報酬としての自己株式の処分に関するお知らせ.pdf
   ✅ 保存: 7067_1530_G-ブランディング_自己株式取得に係る事項の決定に関するお知らせ.pdf
   ✅ 保存: 7077_1530_G-ALiNK_事業計画及び成長可能性に関する事項.pdf
   ✅ 保存: 7122_1530_近畿車輌_役員及び上席執行役員人事の内定に関するお知らせ.pdf
   ✅ 保存: 7287_1530_日本精機_剰余金の配当に関するお知らせ.pdf
   ✅ 保存: 7320_1530_G-Solvvy_自己株式取得期間の延長に関するお知らせ.pdf
   ✅ 保存: 7320_1530_G-Solvvy_子会社の保有する当社株式の取得に関するお知らせ.pdf
   ✅ 保存: 7480_1530_スズデン_剰余金の配当に関するお知らせ.pdf
   ✅ 保存: 7505_1530_扶桑電通_2026年9月期第2四半期(中間期)決算補足説明資料.pdf
   ✅ 保存: 7512_1530_イオン北海_「当社取締役会の実効性に関する評価結果の概要」について.pdf
   ✅ 保存: 7512_1530_イオン北海_代表取締役及び役員の決定に関するお知らせ.pdf
   ✅ 保存: 7512_1530_イオン北海_株式報酬型ストックオプションとしての新株予約権発行について.pdf
   ✅ 保存: 7545_1530_西松屋チェ_2027年2月期売上高前年比速報(5月度).pdf
   ✅ 保存: 7649_1530_スギHD_譲渡制限付株式報酬としての自己株式の処分に関するお知らせ.pdf
   ✅ 保存: 7823_1530_アートネイチャー_剰余金の配当に関するお知らせ.pdf
   ...Page 003 を確認中
   ✅ 保存: 7844_1530_マーベラス_公認会計士等の異動に関するお知らせ.pdf
   ✅ 保存: 7997_1530_くろがね工作所_投資有価証券売却益(特別利益)の計上に関するお知らせ.pdf
   ✅ 保存: 8132_1530_シナネンHD_取締役候補者の選任に関するお知らせ.pdf
   ✅ 保存: 8291_1530_日産東HD_役員の異動について.pdf
   ✅ 保存: 8291_1530_日産東HD_株主提案に対する当社取締役会意見に関するお知らせ.pdf
   ✅ 保存: 8439_1530_東京センチュリー_監査役の異動のお知らせ.pdf
   ✅ 保存: 8705_1530_日産証券グループ_新役員体制に関するお知らせ.pdf
   ✅ 保存: 8705_1530_日産証券グループ_非上場の親会社等の決算情報に関するお知らせ.pdf
   ✅ 保存: 8957_1530_R-東急RE_長期借入金の借入れ及び返済に関するお知らせ.pdf
   ✅ 保存: 8958_1530_R-グロバル_2026年3月期決算短信(REIT).pdf
   ✅ 保存: 8958_1530_R-グロバル_第45期(2026年3月期) 決算説明資料.pdf
   ✅ 保存: 8986_1530_R-大和証券リビング_2026年3月期決算短信(REIT).pdf
   ✅ 保存: 8986_1530_R-大和証券リビング_2026年3月期 決算説明資料.pdf
   ✅ 保存: 8986_1530_R-大和証券リビング_2026年9月期(第41期)の運用状況及び分配金の予想の修正に関するお知らせ.pdf
   ✅ 保存: 8986_1530_R-大和証券リビング_資金の借換えに関するお知らせ.pdf
   ✅ 保存: 8987_1530_R-エクセレント_投資法人債(グリーンボンド)の発行及び借入金の期限前弁済に関するお知らせ.pdf
   ✅ 保存: 9007_1530_小田急_剰余金の配当に関するお知らせ.pdf
   ✅ 保存: 9007_1530_小田急_役員の異動に関するお知らせ.pdf
   ✅ 保存: 9104_1530_商船三井_(訂正・数値データ訂正)「2026年3月期 決算短信日本基準(連結)」の一部訂正に関するお知らせ.pdf
   ✅ 保存: 9143_1530_SGホールディングス_剰余金の配当に関するお知らせ.pdf
   ✅ 保存: 9163_1530_G-ナレルグループ_2026年4月度 KPIのお知らせ.pdf
   ✅ 保存: 9168_1530_G-ライズ_事業計画及び成長可能性に関する事項.pdf
   ✅ 保存: 9168_1530_G-ライズ_従業員に対する譲渡制限付株式報酬制度の改定に関するお知らせ.pdf
   ✅ 保存: 9254_1530_G-ラバブルマーケ_2026年3月期決算説明会書き起こし公開および業績ハイライト・2027年3月期業績予想に関するお知らせ.pdf
   ✅ 保存: 9332_1530_NISSOHD_連結子会社による連結孫会社の吸収合併に関するお知らせ.pdf
   ✅ 保存: 9381_1530_エーアイテイー_人事異動に関するお知らせ.pdf
   ✅ 保存: 9405_1530_朝日放送グループHD_自己株式取得に係る事項の決定に関するお知らせ.pdf
   ✅ 保存: 9445_1530_Fテレコム_支配株主等に関する事項について.pdf
   ✅ 保存: 9445_1530_Fテレコム_剰余金の配当に関するお知らせ.pdf
   ✅ 保存: 9735_1530_セコム_株主提案に対する当社取締役会意見に関するお知らせ.pdf
   ✅ 保存: 9876_1530_コックス_取締役の新体制について.pdf
   ✅ 保存: 9878_1530_セキド_役員人事の内定に関するお知らせ.pdf
   ✅ 保存: 9878_1530_セキド_資本金の額の減少(減資)に関するお知らせ.pdf
   ✅ 保存: 1814_1500_大末建_剰余金の配当に関するお知らせ.pdf
   ✅ 保存: 2317_1500_システナ_2026年3月期決算説明資料.pdf
   ✅ 保存: 3173_1500_Cominix_監査等委員である取締役の異動に関するお知らせ.pdf
   ✅ 保存: 3477_1500_G-フォーライフ_役員の異動に関するお知らせ.pdf
   ✅ 保存: 4491_1500_Cマネージメント_代表取締役の異動及び取締役候補者の選任に関するお知らせ.pdf
   ✅ 保存: 7255_1500_桜井製作_定款一部変更に関するお知らせ.pdf
   ✅ 保存: 7515_1500_マルヨシセンター_支配株主等に関する事項について.pdf
   ✅ 保存: 7947_1500_エフピコ_剰余金の配当に関するお知らせ.pdf
   ✅ 保存: 8203_1500_MrMaxHD_譲渡制限付株式報酬としての自己株式の処分に関するお知らせ.pdf
   ✅ 保存: 8203_1500_MrMaxHD_公益財団法人財務会計基準機構への加入状況及び加入に関する考え方等に関するお知らせ.pdf
   ✅ 保存: 8214_1500_AOKI HD_2026年3月期 決算説明会資料.pdf
   ✅ 保存: 9003_1500_相鉄HD_役員の異動に関するお知らせ.pdf
   ✅ 保存: 9003_1500_相鉄HD_取締役の報酬額改定に関するお知らせ.pdf
   ✅ 保存: 9003_1500_相鉄HD_譲渡制限付株式報酬制度の導入に関するお知らせ.pdf
   ✅ 保存: 9353_1500_桜島埠頭_剰余金の配当に関するお知らせ.pdf
   ✅ 保存: 4935_1445_リベルタ_財務上の特約が付された金銭消費貸借契約の締結に関するお知らせ.pdf
   ✅ 保存: 2813_1430_和弘食品_代表取締役及び役員の異動に関するお知らせ.pdf
   ✅ 保存: 3800_1430_ユニリタ_株主優待制度の変更に関するお知らせ.pdf
   ✅ 保存: 4259_1430_G-エクサウィザーズ_一部報道に関する件について.pdf
   ✅ 保存: 5261_1430_リソル_投資単位の引き下げに関する考え方及び方針等について.pdf
   ✅ 保存: 4547_1410_キッセイ薬_タブネオスの安全性確保のための注意喚起について.pdf
   ✅ 保存: 2109_1400_DM三井製糖_(訂正)「DM三井グループ中期経営計画の策定に関するお知らせ」の一部訂正について.pdf
   ✅ 保存: 6365_1400_電業社_剰余金の配当に関するお知らせ.pdf
   ✅ 保存: 6365_1400_電業社_役員の異動に関するお知らせ.pdf
   ✅ 保存: 7231_1330_トピー工_定款一部変更に関するお知らせ.pdf
   ✅ 保存: 7231_1330_トピー工_剰余金の配当に関するお知らせ.pdf
   ✅ 保存: 4102_1300_丸尾カルシウム_定款一部変更に関するお知らせ.pdf
   ✅ 保存: 4204_1300_積水化_積水化学グループ 中期経営計画「Accelerate 2028」の策定について.pdf
   ✅ 保存: 5257_1300_ノバシステム_自己株式取得に係る事項の決定に関するお知らせ.pdf
   ✅ 保存: 5269_1300_日コンクリ_2025年度通期決算説明会資料.pdf
   ✅ 保存: 6339_1300_新東工_別途積立金の取り崩しに関するお知らせ.pdf
   ✅ 保存: 6768_1300_タムラ製_投資有価証券売却益(特別利益)の計上に関するお知らせ.pdf
   ✅ 保存: 8424_1300_芙蓉リース_役員の異動に関するお知らせ.pdf
   ✅ 保存: 325A_1200_G-TENTIAL_自己株式取得に係る事項の決定に関するお知らせ.pdf
   ✅ 保存: 7864_1200_フジシール_剰余金の配当に関するお知らせ.pdf
   ✅ 保存: 7864_1200_フジシール_役員人事に関するお知らせ.pdf
   ✅ 保存: 1326_1150_E-ワールド_SPDRゴールド・シェアに関する日々の開示事項.pdf
   ✅ 保存: 9425_1140_ReYuuJapan_(訂正)新株予約権付社債発行プログラム設定契約の締結、第三者割当による転換価額修正条項付新株予約権付社債の発行及び第三者割当による新株予約権の発行.pdf
   ✅ 保存: 3918_1130_PCIHD_(訂正)「代表取締役の異動及び取締役候補者の選任に関するお知らせ」の一部訂正について.pdf
   ✅ 保存: 7458_1130_第一興商_2026年3月期決算説明会資料.pdf
   ✅ 保存: 8591_1130_オリックス_株式会社東芝の2026年3月期通期決算に伴う当社連結決算(2027年3月期第1四半期)への影響に関するお知らせ(続報).pdf
   ✅ 保存: 145A_1100_G-エルイズビー_2026年12月期 第1四半期決算説明会Q&A.pdf
   ✅ 保存: 1494_1100_One・高配当日本株_2026 年 4 月期(2025 年 10 月 9 日~2026 年 4 月 8 日)決算短信.pdf
   ✅ 保存: 295A_1100_One・サウジ_2026 年 4 月期(2025 年 10 月 9 日~2026 年 4 月 8 日)決算短信.pdf
   ✅ 保存: 3187_1100_G-ミラタップ_2026年9月期第2四半期決算説明動画公開、及び書き起こし記事掲載に関するお知らせ.pdf
   ✅ 保存: 354A_1100_iF高配当50_2026年4月期(2025年10月8日~2026年4月7日)決算短信.pdf
   ✅ 保存: 413A_1100_iF台湾テック_2026年4月期(2025年9月10日~2026年4月7日)決算短信.pdf
   ✅ 保存: 4375_1100_G-セーフィー_2026年12月期第1四半期 決算説明資料(スマホ向けサマリ版).pdf
   ✅ 保存: 7751_1100_キヤノン_自己株式立会外買付取引(ToSTNeT-3)による自己株式の取得結果に関するお知らせ.pdf
   ✅ 保存: 1822_1000_大豊建_自己株式立会外買付取引(ToSTNeT-3)による自己株式の取得結果及び取得終了に関するお知らせ.pdf
   ✅ 保存: 1948_1000_弘電社_(訂正・数値データ訂正)「2026年3月期 決算短信〔日本基準〕(連結)」の一部訂正について.pdf
   ✅ 保存: 4958_1000_長谷川香_2026年9月期第2四半期決算説明会.pdf
   ✅ 保存: 7814_1000_日本創発G_自己株式立会外買付取引(ToSTNeT-3)による自己株式の取得結果及び取得終了に関するお知らせ.pdf
   ✅ 保存: 8473_1000_SBI_(開示事項の経過)株式会社スターミュージック・エンタテインメントの株式取得(子会社化)に関する株式譲渡契約締結のお知らせ.pdf
   ✅ 保存: 4611_0930_大日塗料_2025年度(2026年3月期)通期決算説明資料.pdf
   ✅ 保存: 6787_0930_メイコー_2025年度決算説明会資料.pdf
   ✅ 保存: 1319_0850_NF日経300_「NEXT FUNDS 日経300株価指数連動型上場投信」基準価額と市場価格の重要な乖離に関するお知らせ.pdf
   ✅ 保存: 4374_0840_G-ロボペイ_2026年12月期第1四半期 個人投資家決算質問会 質疑応答の要約.pdf
   ...Page 004 を確認中
   ✅ 保存: 2337_0830_いちご_当社取締役会の実効性に関する評価結果の概要のお知らせ.pdf
   ...Page 005 を確認中
   📝 一覧CSV保存: TDnet_Sorted_20260521.csv
   📝 一覧CSV保存（ルート）: TDnet_Sorted_20260521.csv
   📊 日別統計: page_access=5, pdf_success=292, excluded=9

============================================================
✅ ①完了（範囲取得）
   期間: 20260521 ～ 20260521 （mode=day）
   一覧ページアクセス合計: 5
   PDFダウンロード成功合計: 292
   除外件数合計: 9
   保存ルート: G:\マイドライブ\TDnet_Downloads

$ C:\Users\onok\AppData\Local\Python\pythoncore-3.14-64\python.exe -u ②a②bは２つフリーワード検索.py analyze --target 20260521 --save-root G:\マイドライブ\TDnet_Downloads --keywords 価格交渉 増産 価格改定 価格転嫁 値上 想定以上 上方修正 下方修正 想定以下 未達 大幅 計画を上 計画を下 計画以 需要回復 需要の回復 需要が増 需要が低 悪化 グローバルニッチトップ トップシェア シェア拡大 レアアース
ルート: G:\マイドライブ\TDnet_Downloads
対象指定: 20260521 mode= day from= 20260521 to= 20260521
対象フォルダ数: 1
検索キーワード: ['価格交渉', '増産', '価格改定', '価格転嫁', '値上', '想定以上', '上方修正', '下方修正', '想定以下', '未達', '大幅', '計画を上', '計画を下', '計画以', '需要回復', '需要の回復', '需要が増', '需要が低', '悪化', 'グローバルニッチトップ', 'トップシェア', 'シェア拡大', 'レアアース']
総PDF数（推定）: 292
[1/1] 日付フォルダ 20260521 を処理中... (このフォルダ内PDF数: 292)
  進捗: 50/292 件のPDFを解析済み
  進捗: 100/292 件のPDFを解析済み
  進捗: 150/292 件のPDFを解析済み
  進捗: 200/292 件のPDFを解析済み
  進捗: 250/292 件のPDFを解析済み
  進捗: 292/292 件のPDFを解析済み
  → 日付フォルダ 20260521 のヒットPDF数: 31

✅ ②A 完了（解析専用・キーワード別ページ列）
解析PDF数: 292
ヒットPDF数: 31
出力CSV: Analysis_Hits_free_word_20260521.csv
保存先: G:\マイドライブ\TDnet_Downloads

$ C:\Users\onok\AppData\Local\Python\pythoncore-3.14-64\python.exe -u ②a②bは２つフリーワード検索.py distribute --target 20260521 --save-root G:\マイドライブ\TDnet_Downloads --no-stop-on-empty-meta

✅ ②B 完了（配布用CSV作成・キーワード別ページ列）
出力: PDF_Search_Result_Distribution_free_word_20260521_sh.csv
キーワード列: ['価格交渉', '増産', '価格改定', '価格転嫁', '値上', '想定以上', '上方修正', '下方修正', '想定以下', '未達', '大幅', '計画を上', '計画を下', '計画以', '需要回復', '需要の回復', '需要が増', '需要が低', '悪化', 'グローバルニッチトップ', 'トップシェア', 'シェア拡大', 'レアアース']
突合除外件数: 0
空欄アラート件数: 0

============================================
 Done: 2026-05-21 23:06:04
============================================
