============================================
 TDnet auto run: 20260708
 Start: 2026-07-08 23:00:01
============================================

$ C:\Users\onok\AppData\Local\Python\pythoncore-3.14-64\python.exe -u ①_tdnetアクセスしてダウンロードする処理（月日付別フォルダ保存）.py --target 20260708 --save-root G:\マイドライブ\TDnet_Downloads
🎯 対象指定: 20260708（mode=day, from=20260708, to=20260708）
📁 保存ルート: G:\マイドライブ\TDnet_Downloads

============================================================
📅 日付: 20260708 を処理します
   ...Page 001 を確認中
   ✅ 保存: 2997_1830_G-ストレージ王_エリアリンク株式会社による当社株券等に対する公開買付けに関する賛同の意見表明及び応募推奨のお知らせ.pdf
   ✅ 保存: 2997_1830_G-ストレージ王_株主優待制度の廃止に関するお知らせ.pdf
   ✅ 保存: 8914_1830_エリアリンク_株式会社ストレージ王株券等(証券コード_2997)に対する公開買付けの開始に関するお知らせ.pdf
   ✅ 保存: 8914_1830_エリアリンク_株式会社ストレージ王株券等(証券コード_2997)に対する公開買付けの開始に関するお知らせ の補足資料.pdf
   ✅ 保存: 3905_1730_G-データセクション_支配株主等に関する事項について.pdf
   ✅ 保存: 7823_1730_アートネイチャー_株式報酬型ストック・オプションの発行内容の確定に関するお知らせ.pdf
   ✅ 保存: 9956_1710_バローHD_発行価格及び売出価格等の決定に関するお知らせ.pdf
   ✅ 保存: 2928_1700_A-RIZAP G_2027年3月期 第1四半期決算発表に関するお知らせ.pdf
   ✅ 保存: 2454_1630_オールアバウト_連結子会社からの配当金受領に関するお知らせ.pdf
   ✅ 保存: 3768_1630_リスクモンスター_自己株式の取得状況及び取得終了並びに自己株式の一部消却に関するお知らせ.pdf
   ✅ 保存: 7476_1630_アズワン_2026年6月度単体月次業績(速報)のお知らせ.pdf
   ✅ 保存: 9861_1630_吉野家HD_2027年2月期第1四半期決算補足資料.pdf
   ✅ 保存: 2338_1600_クオンタムS_AIインフラストラクチャ(AIDC)事業におけるデータセンター容量確保に向けた保証金残額の支払完了に関するお知らせ.pdf
   ✅ 保存: 2751_1600_テンポスHD_株式会社テンポスホールディングスによる株式会社トミ美容室(現特例有限会社トミ美容室)の完全子会社化に関する株式交換(簡易株式交換)のお知らせ.pdf
   ✅ 保存: 325A_1600_G-TENTIAL_自己株式の取得状況に関するお知らせ.pdf
   ✅ 保存: 3490_1600_アズ企画設計_2027年2月期 第1四半期決算短信〔日本基準〕(連結).pdf
   ✅ 保存: 3490_1600_アズ企画設計_2027年2月期 第1四半期 決算補足説明資料.pdf
   ✅ 保存: 3490_1600_アズ企画設計_第三者割当による第7・8回(行使価額修正条項選択権付)及び第9回(行使価額固定型)新株予約権の発行及び新株予約権買取契約(TIP契約)締結のお知らせ.pdf
   ✅ 保存: 3490_1600_アズ企画設計_新中期経営計画について_ 新株予約権発行に関する補足資料.pdf
   ✅ 保存: 3808_1600_オーケーウェブ_(開示事項の経過)取引先に対する債権回収の経過報告(第7回債権者集会の開催)に関するお知らせ.pdf
   ✅ 保存: 4415_1600_G-ブロードエンター_2026年12月期第1四半期 機関投資家QA.pdf
   ✅ 保存: 5337_1600_ダントーHD_主要株主の異動に関するお知らせ.pdf
   ✅ 保存: 5711_1600_三菱マ_2030年満期ユーロ円建取得条項付転換社債型新株予約権付社債及び2032年満期ユーロ円建取得条項付転換社債型新株予約権付社債の発行について.pdf
   ✅ 保存: 5711_1600_三菱マ_J-Link Limitedによる三菱マテリアル株式会社(証券コード5711)転換社債型新株予約権付社債の買付について.pdf
   ✅ 保存: 6838_1600_多摩川HD_当社子会社が取得する予定の系統用蓄電所の系統連系完了に関する開示承認の件.pdf
   ✅ 保存: 6925_1600_ウシオ電_主要株主の異動に関するお知らせ.pdf
   ✅ 保存: 7476_1600_アズワン_譲渡制限付株式報酬としての自己株式の処分に関するお知らせ.pdf
   ✅ 保存: 7481_1600_尾家産_譲渡制限付株式報酬としての自己株式の処分に関するお知らせ.pdf
   ✅ 保存: 7851_1600_カワセコンピュ_自己株式取得の取得状況及び取得終了に関するお知らせ.pdf
   ✅ 保存: 8964_1600_R-三井不商業_資金の借入及び返済に関するお知らせ.pdf
   ✅ 保存: 9201_1600_JAL_業績連動型株式報酬としてのユニットの付与に関するお知らせ.pdf
   ✅ 保存: 9201_1600_JAL_業績連動型株式報酬制度に基づく自己株式の処分に関するお知らせ.pdf
   ✅ 保存: 9861_1600_吉野家HD_2027年2月期第1四半期決算短信〔日本基準〕(連結).pdf
   ✅ 保存: 9861_1600_吉野家HD_吸収合併に伴う特別利益の計上(個別)に関するお知らせ.pdf
   ✅ 保存: 9348_1550_G-ispace_SpaceX「スターシップ」のペイロード搭載枠を活用した月輸送サービスの提供開始に関するお知らせ.pdf
   ✅ 保存: 2124_1540_JAC_主要株主の異動に関するお知らせ.pdf
   ✅ 保存: 3174_1540_ハピネス&D_第三者割当により発行された第14回新株予約権(行使価額修正条項付)の大量行使に関するお知らせ.pdf
   ✅ 保存: 5216_1540_倉元_主要株主の異動に関するお知らせ.pdf
   ✅ 保存: 9082_1540_大和自交_当社取締役及び従業員並びに当社子会社取締役及び従業員に対する譲渡制限付株式報酬としての自己株式の処分に関するお知らせ.pdf
   ✅ 保存: 2588_1530_プレミアムウォーター_自己株式の取得状況に関するお知らせ.pdf
   ✅ 保存: 265A_1530_G-エイチエムコム_【補足説明資料】コラボテクノ株式会社との統合進捗および事業シナジー創出.pdf
   ✅ 保存: 265A_1530_G-エイチエムコム_(開示事項の経過)コラボテクノ株式会社との統合進捗およびAI駆動型開発・FDEモデルによる事業シナジー創出に関するお知らせ.pdf
   ✅ 保存: 2670_1530_ABCマート_2027年2月期 第1四半期 決算データ資料 (期間_2026年3月1日~2026年5月31日).pdf
   ✅ 保存: 2670_1530_ABCマート_2027年2月期第1四半期決算短信〔日本基準〕(連結).pdf
   ✅ 保存: 2815_1530_アリアケ_投資単位の引下げに関する考え方及び方針について.pdf
   ✅ 保存: 3093_1530_トレファク_2026年6月 月次売上概況(単体).pdf
   ✅ 保存: 3205_1530_ダイドー_連結子会社(孫会社)の異動(持分譲渡)に関するお知らせ.pdf
   ✅ 保存: 3234_1530_R-森ヒルズ_自己投資口の取得状況及び取得終了に関するお知らせ.pdf
   ✅ 保存: 3281_1530_R-GLP_資産の譲渡に関するお知らせ.pdf
   ✅ 保存: 3290_1530_R-Oneリート_資金の借入れ(金利決定)に関するお知らせ.pdf
   ✅ 保存: 3358_1530_Trailhead_2026年6月の月次売上高(速報)に関するお知らせ.pdf
   ✅ 保存: 3391_1530_ツルハHD_2027年2月期 第1四半期決算短信〔日本基準〕(連結).pdf
   ✅ 保存: 3664_1530_G-WIZE_ソラナ(SOL)の取得状況に関するお知らせ.pdf
   ✅ 保存: 3750_1530_ADRバイオメディカ_医療機器レンタル事業開始に関するお知らせ.pdf
   ✅ 保存: 4082_1530_稀元素_譲渡制限付株式報酬としての自己株式の処分の払込完了に関するお知らせ.pdf
   ✅ 保存: 4502_1530_武田薬_国外の当社グループ従業員に対する長期インセンティブ報酬制度に基づく新株式発行および自己株式処分の払込完了および一部失権に関するお知らせ.pdf
   ✅ 保存: 4591_1530_G-リボミック_軟骨無形成症治療薬(umedaptanib pegol)の国内第III相臨床試験におけるjRCT登録情報公開のお知らせ.pdf
   ✅ 保存: 5933_1530_アルインコ_譲渡制限付株式報酬としての自己株式の処分に関するお知らせ.pdf
   ✅ 保存: 6183_1530_ベル24HD_2027年2月期第1四半期決算短信〔IFRS〕(連結).pdf
   ✅ 保存: 6183_1530_ベル24HD_2027年2月期(2026年度)第1四半期決算補足資料.pdf
   ✅ 保存: 7459_1530_メディパル_株式会社PALTAC株式(証券コード_8283)に対する公開買付けの結果に関するお知らせ.pdf
   ✅ 保存: 7940_1530_ウェーブロックHD_当社株式の上場廃止に関するお知らせ.pdf
   ✅ 保存: 8166_1530_タカキュー_2027年2月期 第一四半期決算説明資料.pdf
   ✅ 保存: 8166_1530_タカキュー_2027年2月期 第1四半期決算短信〔日本基準〕(非連結).pdf
   ✅ 保存: 8283_1530_PALTAC_当社親会社である株式会社メディパルホールディングスによる当社株式に対する公開買付けの結果に関するお知らせ.pdf
   ...Page 002 を確認中
   ✅ 保存: 9201_1530_JAL_(開示事項の経過)当社持分法適用会社の株主構成変更に関するお知らせ.pdf
   ✅ 保存: 9284_1530_I-カナディアンソラ_太陽光発電所月次発電電力量実績及び出力制御による本投資法人の運用資産への影響(2026年6月)に関するお知らせ.pdf
   ✅ 保存: 9508_1530_九州電力_九州電力送配電株式会社におけるお客さま情報を保存した外部記憶媒体の所在不明事案に係る報告について(第二報).pdf
   ✅ 保存: 9517_1530_イーレックス_2027年3月期業績予想の公表について.pdf
   ✅ 保存: 9619_1530_イチネンHD_配当予想の修正に関するお知らせ.pdf
   ✅ 保存: 9720_1530_ニューグランド_業績予想の修正及び特別利益の計上に関するお知らせ.pdf
   ✅ 保存: 9823_1530_マミーマートHD_2026年6月 月次業績開示のお知らせ.pdf
   ✅ 保存: 9846_1530_天満屋ス_2027年2月期 第1四半期決算短信〔日本基準〕(連結).pdf
   ✅ 保存: 9946_1530_ミニストップ_2027年2月期第1四半期決算短信〔日本基準〕(連結).pdf
   ✅ 保存: 9946_1530_ミニストップ_2027年2月期第1四半期決算短信補足.pdf
   ✅ 保存: 9986_1530_蔵王産業_取締役に対する譲渡制限付株式としての自己株式処分に関するお知らせ.pdf
   ✅ 保存: 3843_1500_フリービット_(訂正)「剰余金の配当に関するお知らせ」の一部訂正について.pdf
   ✅ 保存: 3843_1500_フリービット_(訂正)「監査役候補者選任に関するお知らせ」の一部訂正について.pdf
   ✅ 保存: 5074_1500_テスホールディングス_(訂正)「サステナビリティファイナンス等による調達資金の充当状況並びに環境及び社会側面での改善インパクトについてのご報告」の一部訂正に関す.pdf
   ✅ 保存: 7921_1500_TAKARA&CO_2026年5月期 決算短信〔日本基準〕(連結).pdf
   ✅ 保存: 7921_1500_TAKARA&CO_「新・中期経営計画2029」の策定に関するお知らせ.pdf
   ✅ 保存: 7921_1500_TAKARA&CO_代表取締役の異動および取締役人事に関するお知らせ.pdf
   ✅ 保存: 7921_1500_TAKARA&CO_配当方針の変更、株主優待制度の再開および2027年5月期(次期)配当予想に関するお知らせ.pdf
   ✅ 保存: 8747_1500_豊トラスティ証券_連結総資産の増加に関するお知らせ.pdf
   ✅ 保存: 2698_1400_キャンドゥ_2026年6月度 月次売上高前年比速報.pdf
   ✅ 保存: 7441_1400_Misumi_自己株式の取得状況に関するお知らせ.pdf
   ✅ 保存: 7506_1400_ハウスローゼ_2027年3月期6月度売上高に関するお知らせ(単体).pdf
   ✅ 保存: 8154_1400_加賀電子_新光商事株式会社(証券コード_8141)の普通株式に対する公開買付けについて(補足資料).pdf
   ✅ 保存: 1447_1330_G-SAAFHD_(開示事項の経過)株主による臨時株主総会招集請求における 株主提案に対する当社取締役会の意見に関するお知らせ.pdf
   ✅ 保存: 5103_1300_昭和HD_代表取締役選任が出来ていないこと、経営の現況と今後の方針.pdf
   ✅ 保存: 7280_1300_ミツバ_D種種類株式の一部取得および消却に関するお知らせ.pdf
   ✅ 保存: 7841_1300_遠藤製作_メディベーション株式会社の株式取得(子会社化)に関するお知らせ.pdf
   ✅ 保存: 9475_1300_昭文社HD_自己株式の取得状況に関するお知らせ.pdf
   ✅ 保存: 194A_1230_G-WOLVES_ノースワン株式会社の株式の取得(子会社化)に関するお知らせ.pdf
   ✅ 保存: 3765_1230_ガンホー_(開示事項の経過)当社の元従業員の逮捕について.pdf
   ✅ 保存: 3777_1230_G-環境フレンドリー_(開示事項の経過)古里蓄電所の本格稼働開始のお知らせ.pdf
   ✅ 保存: 587A_1230_E-インベスコQQQ_インベスコQQQトラスト シリーズ1 に関する日々の開示事項.pdf
   ✅ 保存: 8198_1230_MV東海_2027年2月期 6月度月次売上高前年比速報.pdf
   ✅ 保存: 4582_1210_G-シンバイオ製薬_第1回無担保普通社債の繰上償還完了に関するお知らせ.pdf
   ✅ 保存: 254A_1200_AIフュージョンCG_株主優待制度に関するお知らせ.pdf
   ✅ 保存: 4417_1200_G-グローバルセキュ_第43回定時株主総会におけるAIに関する質疑応答集.pdf
   ✅ 保存: 9245_1200_G-リベロ_よくある質問と回答(2026年6月).pdf
   ✅ 保存: 1326_1150_E-ワールド_SPDRゴールド・シェアに関する日々の開示事項.pdf
   ✅ 保存: 2371_1140_カカクコム_(変更)「Kamgras 1株式会社による当社株券等に対する公開買付けに関する賛同の意見表明及び応募推奨のお知らせ」の一部変更に関するお知らせ.pdf
   ✅ 保存: 2502_1130_アサヒ_2025年12月期 決算短信〔IFRS〕(連結).pdf
   ✅ 保存: 2502_1130_アサヒ_臨時株主総会の開催日時及び場所並びに目的事項に関するお知らせ.pdf
   ✅ 保存: 2502_1130_アサヒ_2025年12月期 決算補足資料.pdf
   ✅ 保存: 8194_1130_ライフコーポ_2027年2月期 第1四半期決算短信〔日本基準〕(連結).pdf
   ✅ 保存: 8194_1130_ライフコーポ_2027年2月期 第1四半期 決算・参考資料.pdf
   ✅ 保存: 8418_1130_山口FG_取引先の破産手続開始決定に関するお知らせ(当社業績予想の変更なし).pdf
   ✅ 保存: 2015_1100_iF米国債710H無_2026年5月期(2025年11月26日~2026年5月25日)決算短信.pdf
   ✅ 保存: 2016_1100_iF米国債710H有_2026年5月期(2025年11月26日~2026年5月25日)決算短信.pdf
   ✅ 保存: 2095_1100_GXUS配当貴族ヘ_2026年5月期(2025年11月25日~2026年5月24日)決算短信.pdf
   ✅ 保存: 2236_1100_GXUS配当貴族_2026年5月期(2025年11月25日~2026年5月24日)決算短信.pdf
   ✅ 保存: 9651_1030_日プロ_自己株式立会外買付取引(ToSTNeT-3)による自己株式の取得結果及び自己株式取得終了のお知らせ.pdf
   ✅ 保存: 6859_1000_エスペック_自己株式の取得状況に関するお知らせ.pdf
   ✅ 保存: 7745_0930_A&DホロンHD_(訂正)主要株主および主要株主である筆頭株主の異動に関するお知らせ.pdf
   ...Page 003 を確認中
   ...Page 004 を確認中
   📝 一覧CSV保存: TDnet_Sorted_20260708.csv
   📝 一覧CSV保存（ルート）: TDnet_Sorted_20260708.csv
   📊 日別統計: page_access=4, pdf_success=117, excluded=106

============================================================
✅ ①完了（範囲取得）
   期間: 20260708 ～ 20260708 （mode=day）
   一覧ページアクセス合計: 4
   PDFダウンロード成功合計: 117
   除外件数合計: 106
   保存ルート: G:\マイドライブ\TDnet_Downloads

$ C:\Users\onok\AppData\Local\Python\pythoncore-3.14-64\python.exe -u ②a②bは２つフリーワード検索.py analyze --target 20260708 --save-root G:\マイドライブ\TDnet_Downloads --keywords 価格交渉 増産 価格改定 価格転嫁 値上 想定以上 上方修正 下方修正 想定以下 未達 大幅 計画を上 計画を下 計画以 需要回復 需要の回復 需要が増 需要が低 悪化 グローバルニッチトップ トップシェア シェア拡大 レアアース
ルート: G:\マイドライブ\TDnet_Downloads
対象指定: 20260708 mode= day from= 20260708 to= 20260708
対象フォルダ数: 1
検索キーワード: ['価格交渉', '増産', '価格改定', '価格転嫁', '値上', '想定以上', '上方修正', '下方修正', '想定以下', '未達', '大幅', '計画を上', '計画を下', '計画以', '需要回復', '需要の回復', '需要が増', '需要が低', '悪化', 'グローバルニッチトップ', 'トップシェア', 'シェア拡大', 'レアアース']
総PDF数（推定）: 117
[1/1] 日付フォルダ 20260708 を処理中... (このフォルダ内PDF数: 117)
  進捗: 50/117 件のPDFを解析済み
  進捗: 100/117 件のPDFを解析済み
  進捗: 117/117 件のPDFを解析済み
  → 日付フォルダ 20260708 のヒットPDF数: 13

✅ ②A 完了（解析専用・キーワード別ページ列）
解析PDF数: 117
ヒットPDF数: 13
出力CSV: Analysis_Hits_free_word_20260708.csv
保存先: G:\マイドライブ\TDnet_Downloads

$ C:\Users\onok\AppData\Local\Python\pythoncore-3.14-64\python.exe -u ②a②bは２つフリーワード検索.py distribute --target 20260708 --save-root G:\マイドライブ\TDnet_Downloads --no-stop-on-empty-meta

✅ ②B 完了（配布用CSV作成・キーワード別ページ列）
出力: PDF_Search_Result_Distribution_free_word_20260708_sh.csv
キーワード列: ['価格交渉', '増産', '価格改定', '価格転嫁', '値上', '想定以上', '上方修正', '下方修正', '想定以下', '未達', '大幅', '計画を上', '計画を下', '計画以', '需要回復', '需要の回復', '需要が増', '需要が低', '悪化', 'グローバルニッチトップ', 'トップシェア', 'シェア拡大', 'レアアース']
突合除外件数: 0
空欄アラート件数: 0

============================================
 Done: 2026-07-08 23:02:31
============================================
