============================================
 TDnet auto run: 20260526
 Start: 2026-05-26 23:00:01
============================================

$ C:\Users\onok\AppData\Local\Python\pythoncore-3.14-64\python.exe -u ①_tdnetアクセスしてダウンロードする処理（月日付別フォルダ保存）.py --target 20260526 --save-root G:\マイドライブ\TDnet_Downloads
🎯 対象指定: 20260526（mode=day, from=20260526, to=20260526）
📁 保存ルート: G:\マイドライブ\TDnet_Downloads

============================================================
📅 日付: 20260526 を処理します
   ...Page 001 を確認中
   ✅ 保存: 4894_1930_G-クオリプス_本店移転及び定款の一部変更に関するお知らせ.pdf
   ✅ 保存: 4894_1930_G-クオリプス_役員の異動に関するお知らせ.pdf
   ✅ 保存: 4894_1930_G-クオリプス_会計監査人の異動に関するお知らせ.pdf
   ✅ 保存: 1485_1910_MXS J積極投資_「MAXIS JAPAN 設備・人材積極投資企業200上場投信」の基準価額と市場価格の重要な乖離に関するお知らせ.pdf
   ✅ 保存: 336A_1900_G-ダイナミクマップ_役員人事について.pdf
   ✅ 保存: 336A_1900_G-ダイナミクマップ_資本金の額の減少(減資)に関するお知らせ.pdf
   ✅ 保存: 7578_1900_ニチリョク_持株会社体制への移行に伴う子会社への事業譲渡、監査等委員会設置会社への移行、商号の変更及び定款の一部変更並びに子会社の商号変更に関するお知らせ.pdf
   ✅ 保存: 7578_1900_ニチリョク_役員の異動に関するお知らせ.pdf
   ✅ 保存: 8255_1805_アクシアル_自己株式取得に係る事項の決定に関するお知らせ.pdf
   ✅ 保存: 5856_1800_エルアイイーエイチ_(開示事項の経過)特別調査委員会の委嘱契約解除通知書受領に関するお知らせ.pdf
   ✅ 保存: 7733_1800_オリンパス_BioProtect Ltd.の株式の取得(子会社化)に関するお知らせ.pdf
   ✅ 保存: 8746_1800_unbanked_MaaaaRuホールディングス株式会社との資本提携の解消に向けた協議開始及び主要株主の異動に関するお知らせ.pdf
   ✅ 保存: 8746_1800_unbanked_主要株主である筆頭株主の異動及びその他の関係会社の異動に関するお知らせ.pdf
   ✅ 保存: 8746_1800_unbanked_基準日後株主への議決権付与に関するお知らせ.pdf
   ✅ 保存: 7192_1755_日本モーゲージS_(訂正・数値データ訂正)「2026年3月期 決算短信〔日本基準〕(連結)」の一部訂正について.pdf
   ✅ 保存: 7192_1755_日本モーゲージS_(訂正版)2026年3月期 決算説明資料.pdf
   ✅ 保存: 9444_1750_トーシンHD_改善計画・状況報告書の公表に関するお知らせ.pdf
   ✅ 保存: 3350_1730_メタプラネット_株主優待プログラムに関する追加のお知らせ.pdf
   ✅ 保存: 6572_1730_オープンG_株式報酬としての自己株式の処分に関するお知らせ.pdf
   ✅ 保存: 6572_1730_オープンG_譲渡制限付株式報酬及び業績連動型株式報酬としての自己株式の処分に関するお知らせ.pdf
   ✅ 保存: 7199_1730_プレミアグループ_譲渡制限付株式報酬制度の改定に関するお知らせ.pdf
   ✅ 保存: 8715_1730_アニコム HD_役員報酬制度の見直しに関するお知らせ.pdf
   ✅ 保存: 8715_1730_アニコム HD_役員候補者の選任に関するお知らせ.pdf
   ✅ 保存: 2148_1715_ITM_2026年3月期 決算説明会資料.pdf
   ✅ 保存: 3036_1700_アルコニックス_定款の一部変更に関するお知らせ.pdf
   ✅ 保存: 3038_1700_神戸物産_株式会社マキヤとの資本業務提携に関するお知らせ.pdf
   ✅ 保存: 3133_1700_G-海帆_第三者割当により発行された第9回新株予約権(行使価額修正条項付)の行使再開に関するお知らせ.pdf
   ✅ 保存: 4914_1700_高砂香料_(訂正)「2026年3月期 決算説明会資料」の一部訂正について.pdf
   ✅ 保存: 524A_1700_P-田村ビルズG_連結子会社の商号変更に関するお知らせ.pdf
   ✅ 保存: 5618_1700_G-ナイル_第17回新株予約権(ストック・オプション)の発行に関するお知らせ.pdf
   ✅ 保存: 5618_1700_G-ナイル_第18回新株予約権(有償ストック・オプション)の発行に関するお知らせ.pdf
   ✅ 保存: 5618_1700_G-ナイル_第19回新株予約権(有償ストック・オプション)の発行に関するお知らせ.pdf
   ✅ 保存: 5618_1700_G-ナイル_新株予約権の放棄による消滅に関するお知らせ.pdf
   ✅ 保存: 5618_1700_G-ナイル_第11回新株予約権(信託型ストック・オプション)の消滅に関するお知らせ.pdf
   ✅ 保存: 5951_1700_ダイニチ工_取締役(監査等委員である取締役を除く。)の報酬額改定及び譲渡制限付株式報酬制度の導入に関するお知らせ.pdf
   ✅ 保存: 6178_1700_日本郵政_自己株式立会外買付取引(ToSTNeT-3)による自己株式の買付けに関するお知らせ.pdf
   ✅ 保存: 6203_1700_豊和工_決算説明会資料.pdf
   ✅ 保存: 6770_1700_アルプスアルパイン_剰余金配当に関するお知らせ.pdf
   ✅ 保存: 7127_1700_一家ホールディングス_会計監査人の異動に関するお知らせ開示の件.pdf
   ✅ 保存: 7224_1700_新明和工_剰余金の配当に関するお知らせ.pdf
   ✅ 保存: 7224_1700_新明和工_定款一部変更に関するお知らせ.pdf
   ✅ 保存: 9284_1700_I-カナディアンソラ_運用資産における電気ケーブルの盗難被害等に関するお知らせ.pdf
   ✅ 保存: 9890_1700_マキヤ_自己株式に係る取得及び公開買付け、第三者割当による自己株式の処分、神戸物産との資本業務提携、主要株主である筆頭株主・その他の関係会社の異動.pdf
   ✅ 保存: 9890_1700_マキヤ_支配株主等に関する事項について.pdf
   ✅ 保存: 9890_1700_マキヤ_非上場の親会社等の決算に関するお知らせ.pdf
   ✅ 保存: 2687_1640_CVSベイ_2027年2月期月次業績(速報)に関するお知らせ.pdf
   ✅ 保存: 2762_1640_SANKO MF_(開示事項の経過)事業譲受に関する日程のお知らせ.pdf
   ✅ 保存: 3279_1630_R-API_国内不動産信託受益権の取得及び貸借に関するお知らせ (ネストホテル那覇久茂地).pdf
   ✅ 保存: 3495_1630_香陵住販_自己株式の取得及び自己株式立会外買付取引(ToSTNeT-3)による 自己株式の買付けに関するお知らせ.pdf
   ✅ 保存: 3823_1630_WHY HOW DO_中期経営方針及び経営目標の公表に関するお知らせ.pdf
   ✅ 保存: 3908_1630_コラボス_監査等委員会設置会社への移行及び執行役員制度の導入に関するお知らせ.pdf
   ✅ 保存: 3908_1630_コラボス_定款一部変更に関するお知らせ.pdf
   ✅ 保存: 3908_1630_コラボス_役員等の異動に関するお知らせ.pdf
   ✅ 保存: 6482_1630_YUSHIN_自己株式の取得及び自己株式立会外買付取引(ToSTNet-3)による自己株式の買付けに関するお知らせ.pdf
   ✅ 保存: 7419_1630_ノジマ_役員の異動に関するお知らせ.pdf
   ✅ 保存: 8254_1630_さいか屋_第三者割当により発行された第1回新株予約権(行使価額修正条項付)の大量行使に関するお知らせ.pdf
   ✅ 保存: 3823_1629_WHY HOW DO_業績予想の公表に関するお知らせ.pdf
   ✅ 保存: 5133_1615_テリロジーHD_(訂正・数値データ訂正)2026年3月期決算短信[日本基準](連結)の一部訂正について.pdf
   ✅ 保存: 7872_1610_エステールHD_剰余金の配当に関するお知らせ.pdf
   ✅ 保存: 1888_1600_若築建_剰余金の配当に関するお知らせ.pdf
   ✅ 保存: 1888_1600_若築建_支配株主等に関する事項について.pdf
   ✅ 保存: 2654_1600_アスモ_第51回定時株主総会の付議議案決定に関するお知らせ.pdf
   ✅ 保存: 2654_1600_アスモ_会計監査人の選任に関するお知らせ.pdf
   ✅ 保存: 2654_1600_アスモ_取締役に対する譲渡制限付株式報酬制度の導入に関するお知らせ.pdf
   ✅ 保存: 300A_1600_MIC_「新任取締役候補者および新任監査役候補者の選任に関するお知らせ」の一部変更について.pdf
   ✅ 保存: 3103_1600_ユニチカ_2026年3月期 決算説明資料.pdf
   ✅ 保存: 3434_1600_アルファCo_当社子会社によるVISION PLAST S.A.S.の株式追加取得に関するお知らせ.pdf
   ✅ 保存: 3443_1600_川田TECH_自己株式の取得状況及び取得終了に関するお知らせ.pdf
   ✅ 保存: 4011_1600_G-ヘッドウォーター_2026年12月期第1四半期決算短信補足資料(修正版).pdf
   ✅ 保存: 477A_1600_G-スタートライン_2026年3月期 決算に関する質疑応答集.pdf
   ✅ 保存: 5019_1600_出光興産_(訂正)「中期経営計画(2026-2030年度)」の一部訂正に関するお知らせ.pdf
   ✅ 保存: 5341_1600_ASAHI EITO_第三者割当により発行された第12回新株予約権(行使価額修正条項付)の大量行使に関するお知らせ.pdf
   ✅ 保存: 5982_1600_マルゼン_(訂正・数値データ訂正)「2026年2月期 決算短信[日本基準](連結)」の一部訂正について.pdf
   ✅ 保存: 6034_1600_G-MRT_当社連結子会社の株式譲渡及び通期業績予想の修正に関するお知らせ.pdf
   ✅ 保存: 6469_1600_放電精密_支配株主等に関する事項について.pdf
   ✅ 保存: 6695_1600_P-キャストリコ_定款一部変更に関するお知らせ.pdf
   ✅ 保存: 7082_1600_G-ジモティー_(訂正)カルチュア・コンビニエンス・クラブ株式会社による「株式会社ジモティーの株券等に対する公開買付けの開始に関するお知らせ」等の訂正に関するお知ら.pdf
   ✅ 保存: 7082_1600_G-ジモティー_(訂正)「カルチュア・コンビニエンス・クラブ株式会社による当社株券等に対する公開買付けに関する賛同の意見表明及び応募推奨のお知らせ」の訂正のお知らせ.pdf
   ✅ 保存: 7235_1600_東ラヂエタ_2026年6月25日付役員人事および役員体制に関するお知らせ.pdf
   ✅ 保存: 7235_1600_東ラヂエタ_株主提案に関する書面の受領および当社の対応に関するお知らせ.pdf
   ✅ 保存: 7235_1600_東ラヂエタ_連結子会社からの配当金受領に関するお知らせ.pdf
   ✅ 保存: 7456_1600_松田産_2026年3月期 決算説明資料.pdf
   ✅ 保存: 7562_1600_安楽亭_役員人事に関するお知らせ.pdf
   ✅ 保存: 7762_1600_シチズン時計_株主提案に対する当社取締役会意見に関するお知らせ.pdf
   ✅ 保存: 7918_1600_ヴィアHD_監査等委員会設置会社への移行に伴う役員の異動及び定款の一部変更に関するお知らせ.pdf
   ✅ 保存: 8783_1600_abc_持分法適用関連会社の異動(株式譲渡)に関するお知らせ.pdf
   ✅ 保存: 8964_1600_R-フロンティア_資産運用会社の商号変更に関するお知らせ.pdf
   ✅ 保存: 9229_1600_サンウェルズ_再発防止策の進捗状況に関するお知らせ(最終報告).pdf
   ✅ 保存: 9229_1600_サンウェルズ_代表取締役の異動及び役員人事に関するお知らせ.pdf
   ✅ 保存: 9246_1600_G-プロジェクトHD_譲渡制限付株式報酬としての自己株式の処分の払込完了に関するお知らせ.pdf
   ✅ 保存: 9635_1600_武蔵野興_役員人事に関するお知らせ.pdf
   ...Page 002 を確認中
   ✅ 保存: 9845_1600_パーカー_譲渡制限付株式報酬制度の改定に関するお知らせ.pdf
   ✅ 保存: 4343_1545_イオンファン_定款一部変更に関するお知らせ.pdf
   ✅ 保存: 6173_1545_G-アクアライン_第31期定時株主総会付議議案の一部撤回及び修正に関するお知らせ.pdf
   ✅ 保存: 6637_1545_寺崎電気_取締役の異動に関するお知らせ.pdf
   ✅ 保存: 6637_1545_寺崎電気_譲渡制限付株式報酬制度の導入に関するお知らせ.pdf
   ✅ 保存: 9348_1545_G-ispace_JALUX社とのペイロードサービス契約に関するお知らせ.pdf
   ✅ 保存: 7427_1540_エコーTD_(訂正・数値データ訂正)「2026年2月期 決算短信〔日本基準〕(連結)」の一部訂正について.pdf
   ✅ 保存: 7575_1540_日本ライフライン_定款の一部変更に関するお知らせ.pdf
   ✅ 保存: 7575_1540_日本ライフライン_商号変更に関するお知らせ.pdf
   ✅ 保存: 7575_1540_日本ライフライン_剰余金の配当に関するお知らせ.pdf
   ✅ 保存: 9816_1540_ストライダーズ_2026年3月期 通期決算説明資料.pdf
   ✅ 保存: 9816_1540_ストライダーズ_役員人事に関するお知らせ.pdf
   ✅ 保存: 6644_1535_大崎電_定款一部変更に関するお知らせ.pdf
   ✅ 保存: 1878_1530_大東建_( 訂正・数値データ訂正)「2026年3月期決算短信〔日本基準〕(連結) 」の一部訂正に関するお知らせ.pdf
   ✅ 保存: 192A_1530_G-インテグループ_業績予想および配当予想の修正(未定)に関するお知らせ.pdf
   ✅ 保存: 2393_1530_日本ケア_役員の異動に関するお知らせ.pdf
   ✅ 保存: 242A_1530_Q-リプライオリティ_株主名簿管理人変更のお知らせ.pdf
   ✅ 保存: 2433_1530_博報堂DY_2026年3月期 通期 決算説明会資料(中期経営計画の進捗状況)_解説つき_.pdf
   ✅ 保存: 2433_1530_博報堂DY_2026年3月期 通期 決算説明会 質疑応答要旨.pdf
   ✅ 保存: 2445_1530_タカミヤ_補欠の監査等委員である取締役選任に関するお知らせ.pdf
   ✅ 保存: 2488_1530_JTP_役員人事内定に関するお知らせ.pdf
   ✅ 保存: 2590_1530_DyDo_2027年1月期 第1四半期決算短信〔日本基準〕(連結).pdf
   ✅ 保存: 2590_1530_DyDo_2026年度(2027年1月期)第1四半期決算概要.pdf
   ✅ 保存: 2590_1530_DyDo_営業外費用(正味貨幣持高に関する損失)の計上に関するお知らせ.pdf
   ✅ 保存: 262A_1530_インターメスティック_Zoff I Singapore PTE. LTD.の株式取得に関するお知らせ.pdf
   ✅ 保存: 2669_1530_カネ美食品_執行役員人事に関するお知らせ.pdf
   ✅ 保存: 2698_1530_キャンドゥ_譲渡制限付株式報酬としての自己株式の処分に関するお知らせ.pdf
   ✅ 保存: 2698_1530_キャンドゥ_支配株主等に関する事項について.pdf
   ✅ 保存: 2698_1530_キャンドゥ_役員等の異動に関するお知らせ.pdf
   ✅ 保存: 2705_1530_大戸屋HD_代表取締役の異動および新任取締役候補者の選任に関するお知らせ.pdf
   ✅ 保存: 2778_1530_パレモ・HD_(株)パレモの月次売上高前年比情報に関するお知らせ.pdf
   ✅ 保存: 2930_1530_北の達人_取締役に対する譲渡制限付株式報酬としての自己株式処分に関するお知らせ.pdf
   ✅ 保存: 2930_1530_北の達人_当社の従業員に対する譲渡制限付株式としての自己株式処分に関するお知らせ.pdf
   ✅ 保存: 2936_1530_G-ベースフード_事業計画及び成長可能性に関する事項について.pdf
   ✅ 保存: 299A_1530_G-クラシル_新設分割計画及び共同株式移転計画の決定に関するお知らせ.pdf
   ✅ 保存: 3021_1530_PCNET_2026年5月期 第3四半期決算 質疑応答集.pdf
   ✅ 保存: 3205_1530_ダイドー_取締役候補者の選任に関するお知らせ.pdf
   ✅ 保存: 3287_1530_R-星野_運用資産等のテナントの異動(合併)に関するお知らせ.pdf
   ✅ 保存: 3309_1530_R-積水ハウスリート_資金の借入れ(グリーンローン他)に関するお知らせ.pdf
   ✅ 保存: 3346_1530_ヒロタグループHD_役員人事に関するお知らせ.pdf
   ✅ 保存: 3346_1530_ヒロタグループHD_本店移転及び定款一部変更に関するお知らせ.pdf
   ✅ 保存: 3435_1530_サンコーテクノ_2026年3月期 決算説明会資料.pdf
   ✅ 保存: 3451_1530_R-トーセイ・リート_資金の借入れに関するお知らせ.pdf
   ✅ 保存: 3451_1530_R-トーセイ・リート_資金の借入れ(グリーンローンを含む借換え)及び借入金の期限前弁済に関するお知らせ.pdf
   ✅ 保存: 3472_1530_R-日本ホテル&レジ_資金の借入に関するお知らせ.pdf
   ✅ 保存: 3487_1530_R-CREロジ_自己投資口の消却に関する事項の決定に関するお知らせ.pdf
   ✅ 保存: 3571_1530_ソトー_剰余金の配当に関するお知らせ.pdf
   ✅ 保存: 3598_1530_山喜_公益財団法人財務会計基準機構への加入に関する考え方.pdf
   ✅ 保存: 3697_1530_SHIFT_吸収分割によるSHIFTグループ内15社のバックオフィス集約に関するお知らせ.pdf
   ✅ 保存: 3697_1530_SHIFT_(開示事項の中止及び変更)子会社設立の中止及び当社子会社の吸収合併スキーム変更に関するお知らせ.pdf
   ✅ 保存: 3697_1530_SHIFT_当社連結子会社間(承継会社_ALH株式会社)の吸収合併に関するお知らせ.pdf
   ✅ 保存: 371A_1530_P-デージーネット_東京証券取引所 TOKYO PRO Marketへの上場目的の開示.pdf
   ✅ 保存: 3793_1530_G-ドリコム_定款の一部変更に関するお知らせ.pdf
   ✅ 保存: 3793_1530_G-ドリコム_(開示事項の変更)役員人事に関するお知らせ.pdf
   ✅ 保存: 3880_1530_大王紙_株主提案に対する当社取締役会の意見に関するお知らせ.pdf
   ✅ 保存: 3910_1530_エムケイシステム_役員人事に関するお知らせ.pdf
   ✅ 保存: 3926_1530_オープンドア_ストック・オプション(新株予約権)の発行に関するお知らせ.pdf
   ✅ 保存: 3927_1530_フーバーブレイン_剰余金の配当に関するお知らせ.pdf
   ✅ 保存: 3927_1530_フーバーブレイン_定款の一部変更に関するお知らせ.pdf
   ✅ 保存: 3927_1530_フーバーブレイン_取締役の金銭報酬額改定に関するお知らせ.pdf
   ✅ 保存: 3927_1530_フーバーブレイン_業績連動型株式報酬(株式報酬型ストック・オプション)制度導入に関するお知らせ.pdf
   ✅ 保存: 3927_1530_フーバーブレイン_第三者割当による自己株式処分の払込完了に関するお知らせ.pdf
   ✅ 保存: 4182_1530_菱瓦斯化_剰余金の配当に関するお知らせ.pdf
   ✅ 保存: 4293_1530_セプテーニHD_連結子会社の異動(株式譲渡)に関するお知らせ.pdf
   ✅ 保存: 4344_1530_ソースネクスト_株主優待制度の変更に関するお知らせ.pdf
   ✅ 保存: 4503_1530_アステラス薬_より大きな「価値」をより速く届ける持続可能な成長を実現する経営計画2026(対象期間_2026年度~2030年度)を策定.pdf
   ✅ 保存: 4503_1530_アステラス薬_経営企画2026説明会資料(中期経営計画).pdf
   ✅ 保存: 4776_1530_CYBOZU_2026年4月度 月次売上高推移のお知らせ.pdf
   ✅ 保存: 4776_1530_CYBOZU_主要株主である筆頭株主の異動予定に関するお知らせ.pdf
   ✅ 保存: 543A_1530_ARCHION_資本準備金の額の減少及びその他資本剰余金への振替に関するお知らせ.pdf
   ✅ 保存: 6223_1530_西部技研_大型案件受注に関するお知らせ.pdf
   ✅ 保存: 6258_1530_平田機工_特定子会社の異動(株式譲渡)に関するお知らせ.pdf
   ✅ 保存: 6335_1530_東京機_親会社等の決算に関するお知らせ.pdf
   ✅ 保存: 6337_1530_テセック_自己株式取得に係る事項の決定に関するお知らせ (会社法第459条第1項の規定による定款の定めに基づく自己株式の取得).pdf
   ✅ 保存: 6370_1530_栗田工_剰余金の配当に関するお知らせ.pdf
   ✅ 保存: 6370_1530_栗田工_投資単位の引下げに関する考え方および方針等について.pdf
   ✅ 保存: 6405_1530_鈴茂器工_定款一部変更に関するお知らせ.pdf
   ✅ 保存: 6405_1530_鈴茂器工_取締役(監査等委員である取締役を除く。)及び監査等委員である取締役の報酬枠に関するお知らせ.pdf
   ✅ 保存: 6405_1530_鈴茂器工_監査等委員会設置会社への移行に伴う業績連動型株式報酬制の改定に関するお知らせ.pdf
   ✅ 保存: 6412_1530_平和_定款の一部変更(追加)に関するお知らせ.pdf
   ✅ 保存: 6412_1530_平和_支配株主等に関する事項について.pdf
   ✅ 保存: 6412_1530_平和_親会社等の決算に関するお知らせ.pdf
   ✅ 保存: 6504_1530_富士電機_自己株式の取得状況および取得終了に関するお知らせ.pdf
   ✅ 保存: 6584_1530_三桜工_資本コストや株価を意識した経営の実現に向けた対応について.pdf
   ✅ 保存: 6638_1530_Mimaki_役員の異動に関するお知らせ.pdf
   ✅ 保存: 6678_1530_テクノメディカ_2026年3月期 決算説明会資料.pdf
   ✅ 保存: 6981_1530_村田製_剰余金の配当に関するお知らせ.pdf
   ✅ 保存: 7047_1530_G-ポート_系統用蓄電所事業開発投資決定(栃木都賀、滋賀彦根、長野佐久第二)に関するお知らせ.pdf
   ✅ 保存: 7049_1530_G-識学_その他の関係会社の異動に関するお知らせ.pdf
   ✅ 保存: 7111_1530_INEST_役員人事及び代表取締役の異動に関するお知らせ.pdf
   ✅ 保存: 7199_1530_プレミアグループ_取締役候補者の選任に関するお知らせ.pdf
   ✅ 保存: 7199_1530_プレミアグループ_剰余金の配当(期末配当)に関するお知らせ.pdf
   ✅ 保存: 7199_1530_プレミアグループ_当社連結子会社による持分法適用関連会社の株式追加取得(連結子会社化)に関するお知らせ.pdf
   ✅ 保存: 7254_1530_ユニバンス_当社株式等の大規模買付行為に関する対応方針(買収への対応方針)の継続について.pdf
   ✅ 保存: 7254_1530_ユニバンス_取締役の役員人事に関するお知らせ.pdf
   ✅ 保存: 7487_1530_小津産業_役員の異動に関するお知らせ.pdf
   ✅ 保存: 7590_1530_タカショー_2027年1月期第1四半期決算短信〔日本基準〕(連結).pdf
   ✅ 保存: 7616_1530_コロワイド_代表取締役の異動に関するお知らせ.pdf
   ✅ 保存: 7621_1530_うかい_役員の異動に関するお知らせ.pdf
   ✅ 保存: 7621_1530_うかい_(訂正・数値データ訂正)2026年3月期 決算短信〔日本基準〕(非連結)の一部訂正について.pdf
   ...Page 003 を確認中
   ✅ 保存: 7715_1530_長野計器_新中期経営計画2028策定に関するお知らせ.pdf
   ✅ 保存: 7868_1530_広済堂HD_定款の一部変更に関するお知らせ.pdf
   ✅ 保存: 8041_1530_OUG HD_剰余金の配当に関するお知らせ.pdf
   ✅ 保存: 8173_1530_Joshin_株主優待制度の一部変更(株主ご優待券の電子化)に関するお知らせ.pdf
   ✅ 保存: 8966_1530_R-平和RE_金利スワップ契約の締結に関するお知らせ.pdf
   ✅ 保存: 9065_1530_山九_(訂正・数値データ訂正)「2026年3月期決算短信〔日本基準〕(連結)」の一部訂正について.pdf
   ✅ 保存: 9264_1530_ポエック_補助金の入金に関するお知らせ.pdf
   ✅ 保存: 9336_1530_大栄環境_支配株主等に関する事項について.pdf
   ✅ 保存: 9336_1530_大栄環境_剰余金の配当に関するお知らせ.pdf
   ✅ 保存: 9338_1530_G-INFORICH_株式併合並びに単元株式数の定めの廃止及び定款の一部変更の承認決議に関するお知らせ.pdf
   ✅ 保存: 9404_1530_日テレHD_親会社等の決算に関するお知らせ.pdf
   ✅ 保存: 9478_1530_SE H&I_剰余金の配当に関するお知らせ.pdf
   ✅ 保存: 9619_1530_イチネンHD_三菱商事アクリサービス株式会社及びエムシー・ファーティコム株式会社の株式取得価額に関するお知らせ(開示事項の経過).pdf
   ✅ 保存: 9621_1530_建設技研_譲渡制限付株式報酬としての自己株式の処分の払込完了に関するお知らせ.pdf
   ✅ 保存: 9853_1530_銀座ルノア_支配株主等に関する事項について.pdf
   ✅ 保存: 9990_1530_サックスバーHD_取締役候補者選任に関するお知らせ.pdf
   ✅ 保存: 1447_1500_G-SAAFHD_(開示事項の変更)事業持株会社体制への移行に関するお知らせ.pdf
   ✅ 保存: 1827_1500_ナカノフドー_社外取締役候補者の選任に関するお知らせ.pdf
   ✅ 保存: 2659_1500_サンエー_譲渡制限付株式報酬としての自己株式の処分に関するお知らせ.pdf
   ✅ 保存: 3269_1500_R-ADR_資金の借入れ(金利決定)に関するお知らせ.pdf
   ✅ 保存: 331A_1500_メディックス_代表取締役の異動(追加)及び役員人事に関するお知らせ.pdf
   ✅ 保存: 3802_1500_エコミック_剰余金の配当に関するお知らせ.pdf
   ✅ 保存: 3802_1500_エコミック_配当方針の変更(DOE目標の新設)に関するお知らせ.pdf
   ✅ 保存: 3954_1500_PAXXS_剰余金の配当(期末配当)に関するお知らせ.pdf
   ✅ 保存: 4091_1500_日本酸素HD_投資単位の引下げに関する考え方及び方針等について.pdf
   ✅ 保存: 4444_1500_G-インフォネット_2026年3月期通期決算に関する質疑応答集.pdf
   ✅ 保存: 5162_1500_朝日ラバー_資本コストや株価を意識した経営の実現に向けた対策について(更新).pdf
   ✅ 保存: 5531_1500_P-中山不動産_資金の借入れに関するお知らせ.pdf
   ✅ 保存: 6144_1500_西部電機_剰余金の配当に関するお知らせ.pdf
   ✅ 保存: 7611_1500_ハイデ日高_取締役に対する譲渡制限付株式としての自己株式処分に関するお知らせ.pdf
   ✅ 保存: 8233_1500_高島屋_2028年満期ユーロ円建転換社債型新株予約権付社債の転換価額の調整に関するお知らせ.pdf
   ✅ 保存: 8233_1500_高島屋_代表取締役の異動に関するお知らせ.pdf
   ✅ 保存: 9936_1500_王将フード_2026年3月期 決算説明会.pdf
   ✅ 保存: 9948_1500_アークス_当社株式の大規模買付行為に関する対応方針(買収への対応方針)の継続承認及び独立委員会の委員選任に関するお知らせ.pdf
   ✅ 保存: 2146_1430_UTグループ_取締役の異動に関するお知らせ.pdf
   ✅ 保存: 7815_1430_東京ボード工業_特別利益(受取保険金)の計上に関するお知らせ.pdf
   ✅ 保存: 3664_1415_G-WIZE_「第三者割当による第36回新株予約権(行使価額修正条項付)、第37回新株予約権、第38回新株予約権の資金使途変更」に関するお知らせ.pdf
   ✅ 保存: 4094_1400_日化学産_早期退職優遇措置制度への募集結果に関するお知らせ.pdf
   ✅ 保存: 4193_1400_ファブリカHD_資本準備金の額の減少に関するお知らせ.pdf
   ✅ 保存: 5976_1400_ネツレン_2025年度 決算説明会資料.pdf
   ✅ 保存: 6977_1400_日抵抗器_投資有価証券売却に関するお知らせ(開示事項の経過報告).pdf
   ✅ 保存: 7743_1400_シード_2026年3月期 決算説明会資料.pdf
   ✅ 保存: 8043_1400_スターゼン_自己株式取得に係る事項の決定に関するお知らせ.pdf
   ✅ 保存: 8043_1400_スターゼン_株主さまへの「記念優待」実施に関するお知らせ.pdf
   ✅ 保存: 9503_1400_関西電力_会社分割(簡易新設分割)による子会社設立について.pdf
   ✅ 保存: 9601_1400_松竹_役員人事に関するお知らせ.pdf
   ✅ 保存: 9601_1400_松竹_譲渡制限付株式報酬としての自己株式の処分に関するお知らせ.pdf
   ✅ 保存: 2997_1345_G-ストレージ王_(訂正)「事業計画及び成長可能性に関する事項」の一部訂正について.pdf
   ✅ 保存: 1969_1300_高砂熱_剰余金の配当に関するお知らせ.pdf
   ✅ 保存: 263A_1300_P-デジタルキューブ_(訂正)「決算期(事業年度の末日)の変更及び定款の一部変更に関するお知らせ」の一部訂正について.pdf
   ✅ 保存: 4888_1300_G-ステラファーマ_2026年3月期 決算説明会資料.pdf
   ✅ 保存: 9254_1300_G-ラバブルマーケ_監査等委員会設置会社への移行及び定款の一部変更並びに取締役候補者の選任に関するお知らせ.pdf
   ✅ 保存: 3774_1200_IIJ_(訂正)「剰余金の配当に関するお知らせ」の一部訂正について.pdf
   ✅ 保存: 3979_1200_G-うるる_自己株式取得に係る事項の決定に関するお知らせ.pdf
   ✅ 保存: 3979_1200_G-うるる_剰余金の配当に関するお知らせ.pdf
   ✅ 保存: 4735_1200_京進_株式会社京進 2026年2月期 決算に関するQ&A Vol.2.pdf
   ✅ 保存: 6044_1155_三機サービス_配当予想の修正に関するお知らせ.pdf
   ✅ 保存: 1326_1145_E-ワールド_SPDRゴールド・シェアに関する日々の開示事項.pdf
   ✅ 保存: 5834_1130_G-SBIリーシング_オペレーティング・リース事業ファンドへの立替出資のお知らせ.pdf
   ✅ 保存: 6173_1130_G-アクアライン_主要株主である筆頭株主の異動及び主要株主の異動に関するお知らせ.pdf
   ✅ 保存: 2928_1100_A-RIZAP G_(訂正・数値データ訂正)「2026年3月期 決算短信〔IFRS〕(連結)」の一部訂正について.pdf
   ✅ 保存: 3546_1100_アレンザHD_支配株主等に関する事項について.pdf
   ✅ 保存: 4275_1100_カーリット_2026年3月期決算説明会(QA追記版)の公開および動画配信のお知らせ.pdf
   ✅ 保存: 4664_1100_アールエスシー_自己株式立会外買付取引(ToSTNeT-3)による自己株式の取得結果及び取得終了に関するお知らせ.pdf
   ✅ 保存: 6140_1100_旭ダイヤ_2026年3月期決算説明会資料.pdf
   ✅ 保存: 6140_1100_旭ダイヤ_中期経営計画2030説明会資料.pdf
   ✅ 保存: 7643_1100_ダイイチ_非上場の親会社等の決算に関するお知らせ.pdf
   ✅ 保存: 418A_1040_ウリドキ_株式の立会外分売終了に関するお知らせ.pdf
   ✅ 保存: 3773_1030_G-AMI_自己株式立会外買付取引(ToSTNeT-3)による自己株式の取得結果に関するお知らせ.pdf
   ✅ 保存: 6926_1005_OKAYA_(訂正)「営業外費用及び特別損失の計上並びに連結業績予想と実績との差異に関するお知らせ」の一部訂正に関するお知らせ.pdf
   ✅ 保存: 483A_1000_テラテクノロジー_支配株主等に関する事項について.pdf
   ✅ 保存: 6229_1000_オーケーエム_自己株式立会外買付取引(ToSTNeT-3)による自己株式の取得結果及び取得終了に関するお知らせ.pdf
   ✅ 保存: 6926_1000_OKAYA_(訂正・数値データ訂正)「2026年3月期決算短信〔日本基準〕(連結)」の一部訂正について.pdf
   ✅ 保存: 3388_0940_明治電機_自己株式立会外買付取引(ToSTNeT-3)による自己株式の取得結果及び自己株式の取得終了に関するお知らせ.pdf
   ✅ 保存: 5491_0900_日本金属_執行役員及び職員人事について.pdf
   ✅ 保存: 8746_0900_unbanked_東京証券取引所による特別注意銘柄の指定及び上場契約違約金の徴求についてのお知らせ.pdf
   ✅ 保存: 8938_0840_G-グロームHD_定款一部変更に関するお知らせ.pdf
   ✅ 保存: 5856_0830_エルアイイーエイチ_当社株式の上場廃止の決定及び整理銘柄の指定に関するお知らせ.pdf
   ✅ 保存: 7781_0830_平山_(訂正)「当社及び子会社の商号変更に関するお知らせ」の一部訂正について.pdf
   ✅ 保存: 4714_0000_リソー教育G_支配株主等に関する事項について.pdf
   ...Page 004 を確認中
   📝 一覧CSV保存: TDnet_Sorted_20260526.csv
   📝 一覧CSV保存（ルート）: TDnet_Sorted_20260526.csv
   📊 日別統計: page_access=4, pdf_success=271, excluded=16

============================================================
✅ ①完了（範囲取得）
   期間: 20260526 ～ 20260526 （mode=day）
   一覧ページアクセス合計: 4
   PDFダウンロード成功合計: 271
   除外件数合計: 16
   保存ルート: G:\マイドライブ\TDnet_Downloads

$ C:\Users\onok\AppData\Local\Python\pythoncore-3.14-64\python.exe -u ②a②bは２つフリーワード検索.py analyze --target 20260526 --save-root G:\マイドライブ\TDnet_Downloads --keywords 価格交渉 増産 価格改定 価格転嫁 値上 想定以上 上方修正 下方修正 想定以下 未達 大幅 計画を上 計画を下 計画以 需要回復 需要の回復 需要が増 需要が低 悪化 グローバルニッチトップ トップシェア シェア拡大 レアアース
ルート: G:\マイドライブ\TDnet_Downloads
対象指定: 20260526 mode= day from= 20260526 to= 20260526
対象フォルダ数: 1
検索キーワード: ['価格交渉', '増産', '価格改定', '価格転嫁', '値上', '想定以上', '上方修正', '下方修正', '想定以下', '未達', '大幅', '計画を上', '計画を下', '計画以', '需要回復', '需要の回復', '需要が増', '需要が低', '悪化', 'グローバルニッチトップ', 'トップシェア', 'シェア拡大', 'レアアース']
総PDF数（推定）: 271
[1/1] 日付フォルダ 20260526 を処理中... (このフォルダ内PDF数: 271)
  進捗: 50/271 件のPDFを解析済み
  進捗: 100/271 件のPDFを解析済み
  進捗: 150/271 件のPDFを解析済み
  進捗: 200/271 件のPDFを解析済み
  進捗: 250/271 件のPDFを解析済み
  進捗: 271/271 件のPDFを解析済み
  → 日付フォルダ 20260526 のヒットPDF数: 39

✅ ②A 完了（解析専用・キーワード別ページ列）
解析PDF数: 271
ヒットPDF数: 39
出力CSV: Analysis_Hits_free_word_20260526.csv
保存先: G:\マイドライブ\TDnet_Downloads

$ C:\Users\onok\AppData\Local\Python\pythoncore-3.14-64\python.exe -u ②a②bは２つフリーワード検索.py distribute --target 20260526 --save-root G:\マイドライブ\TDnet_Downloads --no-stop-on-empty-meta

✅ ②B 完了（配布用CSV作成・キーワード別ページ列）
出力: PDF_Search_Result_Distribution_free_word_20260526_sh.csv
キーワード列: ['価格交渉', '増産', '価格改定', '価格転嫁', '値上', '想定以上', '上方修正', '下方修正', '想定以下', '未達', '大幅', '計画を上', '計画を下', '計画以', '需要回復', '需要の回復', '需要が増', '需要が低', '悪化', 'グローバルニッチトップ', 'トップシェア', 'シェア拡大', 'レアアース']
突合除外件数: 0
空欄アラート件数: 0

============================================
 Done: 2026-05-26 23:05:11
============================================
