🎯 対象指定: 20260424（mode=day, from=20260424, to=20260424）
📁 保存ルート: G:\マイドライブ\TDnet_Downloads

============================================================
📅 日付: 20260424 を処理します
   ...Page 001 を確認中
   ✅ 保存: 184A_1900_G-学びエイド_NOVAホールディングス株式会社による株式会社学びエイド株券等(証券コード_184A)に対する公開買付けの開始等に関するお知らせ.pdf
   ✅ 保存: 184A_1900_G-学びエイド_NOVAホールディングス株式会社による当社株式に対する公開買付けに関する意見表明のお知らせ.pdf
   ✅ 保存: 184A_1900_G-学びエイド_株式の売出しに関するお知らせ.pdf
   ✅ 保存: 3930_1900_G-はてな_資金流出事案の発生に関するお知らせ.pdf
   ✅ 保存: 6503_1900_三菱電_鴻海精密工業と自動車機器事業の共同運営を通じた戦略的提携の検討開始に合意.pdf
   ✅ 保存: 4832_1840_JFE-SI_2026年3月期 決算説明会 質疑応答(要旨).pdf
   ✅ 保存: 3548_1830_バロック_取締役及び執行役員の担務の変更に関するお知らせ.pdf
   ✅ 保存: 3548_1830_バロック_取締役等に対する業績連動型譲渡制限付株式報酬制度導入に関するお知らせ.pdf
   ✅ 保存: 3548_1830_バロック_従業員に対する株式給付信託(J-ESOP-RS)の導入及び 第三者割当による自己株式の処分に関するお知らせ.pdf
   ✅ 保存: 8060_1830_キヤノンMJ_株式報酬型ストックオプションの発行内容確定に関するお知らせ.pdf
   ✅ 保存: 8706_1815_極東証券_資本コストや株価を意識した経営の実現に向けた対応の進捗状況について.pdf
   ✅ 保存: 5721_1800_エスクリプトエナジー_太洋物産株式会社への投資のお知らせ.pdf
   ✅ 保存: 6222_1800_島精機_通期業績予想の修正に関するお知らせ.pdf
   ✅ 保存: 8190_1800_ヤマナカ_業績予想の修正及び特別利益・特別損失の計上に関するお知らせ.pdf
   ✅ 保存: 9532_1800_大瓦斯_自己株式の取得状況および取得終了に関するお知らせ.pdf
   ✅ 保存: 9941_1800_太洋物産_第三者割当による第6回新株予約権の発行(行使価額修正選択権付き)に関するお知らせ.pdf
   ✅ 保存: 9941_1800_太洋物産_株式交換による株式会社いちごホールディングスの完全子会社化及び連結子会社の異動並びに主要株主の異動、及び、新規事業参入に関するお知らせ.pdf
   ✅ 保存: 9941_1800_太洋物産_税制適格ストック・オプション(第7回新株予約権)の発行に関するお知らせ.pdf
   ✅ 保存: 9941_1800_太洋物産_有償ストック・オプション(第8回新株予約権)の発行に関するお知らせ.pdf
   ✅ 保存: 9941_1800_太洋物産_社外取締役候補者の選任に関するお知らせ.pdf
   ✅ 保存: 9941_1800_太洋物産_定款の一部変更に関するお知らせ.pdf
   ✅ 保存: 3260_1745_エスポア_2026年2月期計算書類及びその付属明細書並びに連結計算書類 に対する会社法招集通知の監査意見不表明に関するお知らせ.pdf
   ✅ 保存: 3260_1745_エスポア_2026年2月期決算短信の発表が50日を超えたことに関するお知らせ.pdf
   ✅ 保存: 3260_1745_エスポア_営業外収益の計上及び当期連結実績と前期連結実績との差異に関するお知らせ.pdf
   ✅ 保存: 3260_1745_エスポア_2026年2月期 決算短信〔日本基準〕(連結).pdf
   ✅ 保存: 4571_1745_G-NANO_(訂正)「戦略子会社NANO MRNAによるLuna RD株式会社の株式取得(子会社化)による子会社の異動に関するお知らせ」の一部訂正について.pdf
   ✅ 保存: 6914_1745_オプテックスグループ_株式報酬型ストック・オプションの発行内容の確定に関するお知らせ.pdf
   ✅ 保存: 6914_1745_オプテックスグループ_譲渡制限付株式報酬としての自己株式の処分の払込完了に関するお知らせ.pdf
   ✅ 保存: 9257_1735_G-YCP_当社子会社による当社JDRの取得に係る事項の決定に関するお知らせ.pdf
   ✅ 保存: 304A_1730_G-フォルシア_取締役の退任に関するお知らせ.pdf
   ✅ 保存: 4933_1730_Ine_特別調査委員会の調査報告書受領に関するお知らせ.pdf
   ✅ 保存: 3405_1700_クラレ_譲渡制限付株式報酬としての自己株式の処分の払込完了に関するお知らせ.pdf
   ✅ 保存: 3445_1700_RSTECH_譲渡制限付株式報酬としての新株式発行に関するお知らせ.pdf
   ✅ 保存: 3557_1700_G-U&C_取締役候補者及び補欠監査役候補者の選任に関するお知らせ.pdf
   ✅ 保存: 3557_1700_G-U&C_会計監査人の選任に関するお知らせ.pdf
   ✅ 保存: 3681_1700_ブイキューブ_特別調査委員会設置のお知らせ.pdf
   ✅ 保存: 4519_1700_中外薬_2026年12月期第1四半期決算短信〔IFRS〕(連結).pdf
   ✅ 保存: 4519_1700_中外薬_2026年12月期第1四半期連結決算〔IFRS〕 補足資料.pdf
   ✅ 保存: 4519_1700_中外薬_信託型株式報酬制度の導入に伴う株式取得の詳細決定に関するお知らせ.pdf
   ✅ 保存: 4547_1700_キッセイ薬_代表取締役の異動に関するお知らせ.pdf
   ✅ 保存: 5110_1700_住友ゴム_譲渡制限付株式報酬としての自己株式の処分の払込完了に関するお知らせ.pdf
   ✅ 保存: 5288_1700_アジアパイルHD_連結子会社による持分法適用関連会社の異動(連結子会社化)に関するお知らせ.pdf
   ✅ 保存: 546A_1700_MIRAINI_萩原電気ホールディングス株式会社における特別損失(のれんの減損損失)の計上及び通期業績予想の修正に関するお知らせ.pdf
   ✅ 保存: 7098_1700_P-エージェント_支配株主等に関する事項について.pdf
   ✅ 保存: 7244_1700_市光工_株式報酬としての新株式発行に関するお知らせ.pdf
   ✅ 保存: 7695_1700_G-交換できるくん_持株会社体制への移行及び商号変更並びに定款変更に関するお知らせ.pdf
   ✅ 保存: 7695_1700_G-交換できるくん_代表取締役の異動及び役員人事・組織体制に関するお知らせ.pdf
   ✅ 保存: 7695_1700_G-交換できるくん_役員持株会設立に関するお知らせ.pdf
   ✅ 保存: 7744_1700_ノーリツ鋼機_譲渡制限付株式報酬としての自己株式の処分の払込完了に関するお知らせ.pdf
   ✅ 保存: 7908_1700_KIMOTO_2026年3月期決算短信〔日本基準〕(連結).pdf
   ✅ 保存: 7908_1700_KIMOTO_2026年3月期 決算補足資料.pdf
   ✅ 保存: 8518_1700_アジア投資_当社グループ会社JAICアセットマネジメントのRS Investment Managementからの資本受け入れに関するお知らせ.pdf
   ✅ 保存: 8798_1645_アドバンスクリエイト_2026年3月度 当社の業績概要について.pdf
   ✅ 保存: 6158_1640_和井田_業績予想の修正に関するお知らせ.pdf
   ✅ 保存: 7839_1640_SHOEI_固定資産の取得に関するお知らせ.pdf
   ✅ 保存: 3476_1630_R-投資法人みらい_変動賃料物件(ホテル)の運用状況についてのお知らせ(2026年3月).pdf
   ✅ 保存: 5304_1630_SECカーボン_支配株主等に関する事項について.pdf
   ✅ 保存: 6023_1630_ダイハツインフィ_業績予想の修正および配当予想の修正(増配)に関するお知らせ.pdf
   ✅ 保存: 6817_1630_スミダ_新株予約権(株式報酬型ストックオプション)の 発行内容確定に関するお知らせ.pdf
   ✅ 保存: 7897_1630_ホクシン_支配株主等に関する事項について.pdf
   ✅ 保存: 7897_1630_ホクシン_役員人事に関するお知らせ.pdf
   ✅ 保存: 7095_1615_MacbeeP_自己株式立会外買付取引(ToSTNeT-3)による自己株式の買付けに関するお知らせ.pdf
   ✅ 保存: 1720_1600_東急建設_業績予想および配当予想の修正(増配)に関するお知らせ.pdf
   ✅ 保存: 2170_1600_LINK&M_譲渡制限付株式としての自己株式の処分の払込完了に関するお知らせ.pdf
   ✅ 保存: 217A_1600_P-サポート_株式会社TSUMUGUの株式取得(子会社化)に関するお知らせ.pdf
   ✅ 保存: 2491_1600_Vコマース_取締役(監査等委員である取締役を除く。)に対する譲渡制限付株式報酬並びに執行役員及び従業員に対する譲渡制限付株式としての自己株式の処分の払込完了.pdf
   ✅ 保存: 2687_1600_CVSベイ_取締役候補者の選任及び代表取締役、役員等の異動に関するお知らせ.pdf
   ✅ 保存: 2752_1600_フジオフードG本社_譲渡制限付株式報酬としての新株式発行に関するお知らせ.pdf
   ✅ 保存: 297A_1600_アルピコHD_長野県白馬エリアにおける不動産の開発計画に向けた協議に関するお知らせ.pdf
   ✅ 保存: 3010_1600_ポラリスHD_ホテル運営状況に関するお知らせ(2026年3月度).pdf
   ✅ 保存: 3046_1600_JINSHD_当社フィリピン子会社による事業譲受に関するお知らせ.pdf
   ✅ 保存: 3561_1600_力の源HD_固定資産の取得(土地)に関するお知らせ.pdf
   ✅ 保存: 3628_1600_G-データHR_連結業績予想の修正および特別損失の計上に関するお知らせ.pdf
   ✅ 保存: 3726_1600_フォーシーズHD_(開示事項の経過)系統用蓄電所土地及び電力接続権譲渡についてのお知らせ.pdf
   ✅ 保存: 4069_1600_G-BlueMeme_TDI 株式会社(旧商号_情報技術開発株式会社)との資本業務提携契約の締結に関するお知らせ.pdf
   ✅ 保存: 4166_1600_G-かっこ_譲渡制限付株式報酬としての新株式の払込完了に関するお知らせ.pdf
   ✅ 保存: 4323_1600_日本システム技術_定款一部変更に関するお知らせ.pdf
   ✅ 保存: 4323_1600_日本システム技術_剰余金の配当に関するお知らせ.pdf
   ✅ 保存: 4657_1600_環境管理_組織新設に関するお知らせ.pdf
   ✅ 保存: 5244_1600_G-jig.jp_財務上の特約が付された金銭消費貸借契約の締結に関するお知らせ.pdf
   ✅ 保存: 5484_1600_東北鋼_2026年3月期連結業績予想の修正に関するお知らせ.pdf
   ✅ 保存: 5531_1600_P-中山不動産_臨時株主総会招集のための基準日設定、臨時株主総会の開催及び付議議案の決定並びに社外取締役の選任及び定款の一部変更に関するお知らせ.pdf
   ✅ 保存: 5531_1600_P-中山不動産_支配株主等に関する事項について.pdf
   ...Page 002 を確認中
   ✅ 保存: 5820_1600_三ッ星_定款一部変更(事業目的の追加)に関するお知らせ.pdf
   ✅ 保存: 5820_1600_三ッ星_子会社株式評価損、貸倒引当金繰入額(個別)の計上及びのれんの一時償却(連結)に関するお知らせ.pdf
   ✅ 保存: 5922_1600_那須鉄_投資単位の引下げに関する考え方および方針について.pdf
   ✅ 保存: 5928_1600_アルメタックス_業績予想の修正に関するお知らせ.pdf
   ✅ 保存: 6629_1600_テクノホライゾン_業績予想の修正及び営業外収益、特別利益の計上に関するお知らせ.pdf
   ✅ 保存: 6629_1600_テクノホライゾン_配当予想の修正(設立50周年記念配当)に関するお知らせ.pdf
   ✅ 保存: 6807_1600_航空電子_中期経営計画の策定に関するお知らせ.pdf
   ✅ 保存: 6861_1600_キーエンス_2026年3月期 決算短信〔日本基準〕(連結).pdf
   ✅ 保存: 6861_1600_キーエンス_2026年3月期の連結業績と前期の連結業績との差異に関するお知らせ.pdf
   ✅ 保存: 6861_1600_キーエンス_定款の一部変更に関するお知らせ.pdf
   ✅ 保存: 6861_1600_キーエンス_取締役の異動に関するお知らせ.pdf
   ✅ 保存: 6882_1600_三社電機製作所_特別損失(固定資産の減損損失)および業績予想修正に関するお知らせ.pdf
   ✅ 保存: 6898_1600_トミタ電機_財務報告に係る内部統制の開示すべき重要な不備に関するお知らせ.pdf
   ✅ 保存: 7462_1600_CAPITA_当座貸越契約に基づく資金の借入に関するお知らせ.pdf
   ✅ 保存: 7782_1600_シンシア_譲渡制限付株式報酬としての自己株式の処分の払込完了に関するお知らせ.pdf
   ✅ 保存: 7962_1600_キングジム_2026年6月期 第3四半期決算短信〔日本基準〕(連結).pdf
   ✅ 保存: 8029_1600_ルックHD_譲渡制限付株式報酬としての新株式の発行に関するお知らせ.pdf
   ✅ 保存: 8091_1600_ニチモウ_通期業績予想の修正に関するお知らせ.pdf
   ✅ 保存: 8289_1600_OlympicG_取締役候補者および監査役候補者の決定に関するお知らせ.pdf
   ✅ 保存: 8421_1600_Y-信中金_2026年3月期末の有価証券含み損に関するお知らせ.pdf
   ✅ 保存: 9788_1600_ナック_株式取得(子会社化)に向けた株式譲渡契約締結のお知らせ.pdf
   ✅ 保存: 9788_1600_ナック_社外監査役候補者の選任に関するお知らせ.pdf
   ✅ 保存: 9788_1600_ナック_代表取締役の異動に関するお知らせ.pdf
   ✅ 保存: 9022_1550_JR東海_子会社における業績予想と実績値との差異に関するお知らせ.pdf
   ✅ 保存: 5990_1540_スーパーツール_2026年3月期決算短信〔日本基準〕(連結).pdf
   ✅ 保存: 5990_1540_スーパーツール_剰余金の配当に関するお知らせ.pdf
   ✅ 保存: 5990_1540_スーパーツール_通期連結業績予想及び個別業績予想と実績との差異に関するお知らせ.pdf
   ✅ 保存: 5990_1540_スーパーツール_役員人事関するお知らせ.pdf
   ✅ 保存: 6291_1540_エアーテック_譲渡制限付株式報酬としての自己株式処分の払込完了に関するお知らせ.pdf
   ✅ 保存: 6345_1540_アイチ_2026年3月期決算短信〔日本基準〕(連結).pdf
   ✅ 保存: 6345_1540_アイチ_定款一部変更に関するお知らせ.pdf
   ✅ 保存: 7102_1540_日車輌_2026年3月期 決算短信〔日本基準〕(連結).pdf
   ✅ 保存: 7102_1540_日車輌_2026年3月期通期業績予想と実績値との差異に関するお知らせ.pdf
   ✅ 保存: 7102_1540_日車輌_剰余金の配当に関するお知らせ.pdf
   ✅ 保存: 7422_1535_東邦レマック_2026年12月期 第1四半期決算短信〔日本基準〕(非連結).pdf
   ✅ 保存: 1436_1531_G-グリーンエナジー_株式分割に伴う転換価額及び行使価額等の調整に関するお知らせ.pdf
   ✅ 保存: 3932_1531_アカツキ_株式会社グルーヴ・ホールディングスの株式取得(子会社化及び孫会社化)に関するお知らせ.pdf
   ✅ 保存: 7177_1531_GMOFHD_当社及び連結子会社における財務上の特約が付されたコミットメントライン契約に基づく資金の借入に関するお知らせ.pdf
   ✅ 保存: 8291_1531_日産東HD_株主からの提訴請求への対応 について.pdf
   ✅ 保存: 145A_1530_G-エルイズビー_譲渡制限付株式報酬としての新株式の発行の払込完了及び一部失権に関するお知らせ.pdf
   ✅ 保存: 149A_1530_G-シンカ_譲渡制限付株式報酬としての新株式の発行の払込完了に関するお知らせ.pdf
   ✅ 保存: 1718_1530_美樹工業_譲渡制限付株式報酬制度としての自己株式の処分の払込完了に関するお知らせ.pdf
   ✅ 保存: 1724_1530_シンクレイヤ_譲渡制限付株式報酬としての自己株式の処分に関するお知らせ.pdf
   ✅ 保存: 175A_1530_G-ウィルスマート_譲渡制限付株式(報酬)としての新株式発行の払込完了に関するお知らせ.pdf
   ✅ 保存: 175A_1530_G-ウィルスマート_新株予約権(ストックオプション)の行使価額の調整に関するお知らせ.pdf
   ✅ 保存: 1976_1530_明星工業_特別損失の計上ならびに業績予想及び配当予想の修正に関するお知らせ.pdf
   ✅ 保存: 205A_1530_G-ロゴスHD_(開示事項の経過)事業譲渡契約締結に関するお知らせ.pdf
   ✅ 保存: 2121_1530_MIXI_通期連結業績予想の修正に関するお知らせ.pdf
   ✅ 保存: 2134_1530_キタハマキャピタル_子会社等の異動(連結子会社化)及び新たな事業の開始に関するお知らせ.pdf
   ✅ 保存: 2154_1530_オープンアップG_2026年3月度 国内技術社員在籍数・稼働率の月次開示に関するお知らせ.pdf
   ✅ 保存: 2217_1530_モロゾフ_譲渡制限付株式報酬としての自己株式の処分に関するお知らせ.pdf
   ✅ 保存: 2459_1530_アウン_親会社以外の支配株主の異動に関するお知らせ.pdf
   ✅ 保存: 2481_1530_タウンニュース_2026年6月期 第3四半期決算短信〔日本基準〕(非連結).pdf
   ✅ 保存: 2492_1530_インフォマート_譲渡制限付株式報酬としての自己株式の処分の払込完了に関するお知らせ.pdf
   ✅ 保存: 2607_1530_不二製油_減損損失の計上、繰延税金資産の取崩し及び 通期業績予想の修正に関するお知らせ.pdf
   ✅ 保存: 2612_1530_かどや製油_監査役候補者に関するお知らせ.pdf
   ✅ 保存: 2801_1530_キッコマン_2026年3月期 決算短信〔IFRS〕(連結).pdf
   ✅ 保存: 2801_1530_キッコマン_剰余金の配当に関するお知らせ.pdf
   ✅ 保存: 2801_1530_キッコマン_役員及び執行役員の異動に関するお知らせ.pdf
   ✅ 保存: 2801_1530_キッコマン_自己株式の取得に係る事項の決定に関するお知らせ.pdf
   ✅ 保存: 2971_1530_R-エスコンジャパン_資産運用会社における取締役の選任及び代表取締役の異動に関するお知らせ.pdf
   ✅ 保存: 2983_1530_G-アールプランナー_役員就任に関するお知らせ.pdf
   ✅ 保存: 2997_1530_G-ストレージ王_支配株主等に関する事項について.pdf
   ✅ 保存: 3064_1530_MRO_執行役への譲渡制限付株式付与としての自己株式処分の払込完了に関するお知らせ.pdf
   ✅ 保存: 3111_1530_オーミケンシ_剰余金の配当(無配)に関するお知らせ.pdf
   ✅ 保存: 3231_1530_野村不HD_2026年3月期 決算短信〔日本基準〕(連結).pdf
   ✅ 保存: 3236_1530_プロパスト_非上場の親会社等の決算情報に関するお知らせ.pdf
   ✅ 保存: 3296_1530_R-日本リート_資金の借入れに関するお知らせ.pdf
   ✅ 保存: 3320_1530_クロスプラス_当社株券等の大規模買付行為への対応方針(買収防衛策)における独立委員会委員の一部変更に関するお知らせ.pdf
   ✅ 保存: 3396_1530_フェリシモ_剰余金の配当に関するお知らせ.pdf
   ✅ 保存: 3468_1530_R-スターアジア_資金の借入れ(借換え)に関するお知らせ.pdf
   ✅ 保存: 3468_1530_R-スターアジア_ホテル運営状況に関するお知らせ(2026年3月度).pdf
   ✅ 保存: 3471_1530_R-三井不ロジパーク_資金の借入れ及び返済に関するお知らせ.pdf
   ✅ 保存: 3541_1530_G-農業総合研究所_当社株式の上場廃止に関するお知らせ.pdf
   ✅ 保存: 3593_1530_ホギメディ_株式併合、単元株式数の定めの廃止及び定款一部変更に関する承認決議に関するお知らせ.pdf
   ✅ 保存: 3627_1530_テクミラ_剰余金の配当に関するお知らせ.pdf
   ✅ 保存: 3627_1530_テクミラ_取締役候補者の選任に関するお知らせ.pdf
   ✅ 保存: 3627_1530_テクミラ_取締役(監査等委員である取締役及び社外取締役を除く。)に対するストックオプション報酬額及び内容に関するお知らせ.pdf
   ✅ 保存: 3627_1530_テクミラ_(訂正)「個別業績の前期実績値との差異に関するお知らせ」の一部訂正について.pdf
   ✅ 保存: 3659_1530_ネクソン_非上場の親会社等の決算情報に関するお知らせ.pdf
   ✅ 保存: 3663_1530_セルシス_譲渡制限付株式報酬としての自己株式の処分の払込完了に関するお知らせ.pdf
   ✅ 保存: 3762_1530_テクマト_(開示事項の経過)メドメイン株式会社の株式取得による連結子会社化に関するお知らせ.pdf
   ✅ 保存: 3810_1530_サイバーステップHD_第三者割当による第42回新株予約権の行使状況に関するお知らせ.pdf
   ✅ 保存: 3941_1530_レンゴー_減損損失(連結)の計上および業績予想の修正に関するお知らせ.pdf
   ✅ 保存: 3941_1530_レンゴー_株主価値向上に向けた資本政策に関するお知らせ.pdf
   ✅ 保存: 3950_1530_ザ・パック_譲渡制限付株式報酬としての自己株式の処分の払込完了に関するお知らせ.pdf
   ✅ 保存: 3981_1530_ビーグリー_譲渡制限付株式報酬としての自己株式の処分の払込完了に関するお知らせ.pdf
   ✅ 保存: 3997_1530_トレードワークス_譲渡制限付株式報酬としての自己株式の処分に関するお知らせ.pdf
   ✅ 保存: 4013_1530_G-勤次郎_譲渡制限付株式報酬としての自己株式の処分の払込完了に関するお知らせ.pdf
   ✅ 保存: 4047_1530_関電化_代表取締役異動のお知らせ.pdf
   ✅ 保存: 4056_1530_G-ニューラル_ソニー株式会社との業務提携契約の終了に関するお知らせ.pdf
   ✅ 保存: 4235_1530_UFHD_譲渡制限付株式報酬としての自己株式の処分に関するお知らせ.pdf
   ✅ 保存: 4255_1530_G-THECOO_取締役に対する譲渡制限付株式報酬としての新株式発行の払込完了に関するお知らせ.pdf
   ✅ 保存: 4307_1530_NRI_2026年3月期 決算短信〔IFRS〕(連結).pdf
   ✅ 保存: 4307_1530_NRI_配当予想の修正に関するお知らせ.pdf
   ✅ 保存: 4307_1530_NRI_NRIグループ中期経営計画(2026-2028)を策定.pdf
   ✅ 保存: 4307_1530_NRI_自己株式の取得に関するお知らせ.pdf
   ✅ 保存: 4331_1530_T&Gニーズ_子会社設立に関するお知らせ.pdf
   ✅ 保存: 4420_1530_イーソル_譲渡制限付株式報酬としての自己株式の処分の払込完了に関するお知らせ.pdf
   ✅ 保存: 4544_1530_HUグループHD_取締役候補者の選任に関するお知らせ.pdf
   ...Page 003 を確認中
   ✅ 保存: 4544_1530_HUグループHD_執行役人事に関するお知らせ.pdf
   ✅ 保存: 4544_1530_HUグループHD_主要子会社の役員候補者の選任に関するお知らせ.pdf
   ✅ 保存: 4569_1530_杏林製薬_後発医薬品事業の承継に向けた基本合意に関するお知らせ.pdf
   ✅ 保存: 4571_1530_G-NANO_戦略子会社NANO MRNAによるLuna RD株式会社の株式取得(子会社化)による子会社の異動に関するお知らせ.pdf
   ✅ 保存: 4574_1530_大幸薬品_連結子会社からの配当金受領に関するお知らせ.pdf
   ✅ 保存: 4577_1530_ダイト_ダイトが他2社と設立予定の共同出資会社による杏林製薬の後発医薬品事業の承継に関する基本合意書の締結について.pdf
   ✅ 保存: 4578_1530_大塚HD_譲渡制限付株式報酬としての自己株式の処分の払込完了に関するお知らせ.pdf
   ✅ 保存: 4579_1530_G-ラクオリア創薬_取締役に対する譲渡制限付株式報酬としての新株式発行の払込完了に関するお知らせ.pdf
   ✅ 保存: 4596_1530_G-窪田製薬HD_譲渡制限付株式報酬としての新株式の発行に関するお知らせ.pdf
   ✅ 保存: 4832_1530_JFE-SI_2026年3月期決算短信〔日本基準〕(連結).pdf
   ✅ 保存: 4832_1530_JFE-SI_通期個別業績の前期決算値との差異に関するお知らせ.pdf
   ✅ 保存: 4832_1530_JFE-SI_2026年3月期 決算説明会資料.pdf
   ✅ 保存: 4889_1530_G-レナサイエンス_局所進行非小細胞肺がんに対する第二相試験開始のお知らせ.pdf
   ✅ 保存: 4892_1530_G-サイフューズ_譲渡制限付株式報酬としての新株式発行の払込完了に関するお知らせ.pdf
   ✅ 保存: 4922_1530_コーセーHD_譲渡制限付株式報酬としての自己株式の処分に関するお知らせ.pdf
   ✅ 保存: 4985_1530_アース製薬_譲渡制限付株式報酬としての自己株式の処分の払込完了に関するお知らせ.pdf
   ✅ 保存: 5019_1530_出光興産_財務上の特約が付された金銭消費貸借契約の締結について.pdf
   ✅ 保存: 5075_1530_アップコン_公益財団法人財務会計基準機構への加入状況及び加入に関する考え方等に関するお知らせ.pdf
   ✅ 保存: 5075_1530_アップコン_支配株主等に関する事項について.pdf
   ✅ 保存: 5187_1530_クリエート_取締役に対する譲渡制限付株式報酬としての自己株式処分の払込完了に関するお知らせ.pdf
   ✅ 保存: 5609_1530_日鋳造_2026年3月期 決算短信〔日本基準〕(非連結).pdf
   ✅ 保存: 5609_1530_日鋳造_特別損失の計上および通期業績予想との差異(上方修正)に関するお知らせ.pdf
   ✅ 保存: 5704_1530_G-JMC_譲渡制限付株式報酬としての自己株式の処分の払込完了及び一部失権に関するお知らせ.pdf
   ✅ 保存: 5727_1530_邦チタニウム_株式交換契約及び定款の一部変更に係る株主総会の承認可決に関するお知らせ.pdf
   ✅ 保存: 5871_1530_SOLIZE HD_譲渡制限付株式報酬としての自己株式の処分に関するお知らせ.pdf
   ✅ 保存: 5921_1530_川岸工_2026年9月期第2四半期(中間期)業績予想の修正に関するお知らせ.pdf
   ✅ 保存: 5959_1530_岡部_譲渡制限付株式報酬としての自己株式の処分の払込完了に関するお知らせ.pdf
   ✅ 保存: 6166_1530_G-中村超硬_監査等委員会設置会社への移行に関するお知らせ.pdf
   ✅ 保存: 6265_1530_コンバム_当社取締役及び監査役に対する譲渡制限付株式報酬としての自己株式処分の払込完了に関するお知らせ.pdf
   ✅ 保存: 6305_1530_日立建機_2026年3月期 決算短信〔IFRS〕(連結).pdf
   ✅ 保存: 6305_1530_日立建機_2026年3月期通期決算における個別業績の決算値と前事業年度の実績値との差異に関するお知らせ.pdf
   ✅ 保存: 6305_1530_日立建機_取締役候補者について.pdf
   ✅ 保存: 6324_1530_ハーモニック_2026年3月期通期業績予想の修正に関するお知らせ.pdf
   ✅ 保存: 6349_1530_小森_2026年3月期通期連結業績予想の修正に関するお知らせ.pdf
   ✅ 保存: 6349_1530_小森_取締役候補選任に関するお知らせ.pdf
   ✅ 保存: 6363_1530_酉島製_自己株式の消却完了に関するお知らせ.pdf
   ✅ 保存: 6663_1530_太洋テクノレックス_2026年12月期 第1四半期決算短信〔日本基準〕(連結).pdf
   ✅ 保存: 6807_1530_航空電子_2026年3月期決算短信〔日本基準〕(連結).pdf
   ✅ 保存: 6807_1530_航空電子_報告セグメントの変更に関するお知らせ.pdf
   ✅ 保存: 6807_1530_航空電子_役員人事の内定に関するお知らせ.pdf
   ✅ 保存: 6849_1530_日本光電_役員の異動に関するお知らせ.pdf
   ✅ 保存: 6853_1530_共和電_譲渡制限付株式としての自己株式処分の払込完了に関するお知らせ.pdf
   ✅ 保存: 6862_1530_ミナトHD_株式会社ピーディックの株式取得(子会社化)に関するお知らせ.pdf
   ✅ 保存: 6871_1530_日マイクロニクス_譲渡制限付株式報酬としての自己株式の処分に関するお知らせ.pdf
   ✅ 保存: 6954_1530_ファナック_2026年3月期 決算短信〔日本基準〕(連結).pdf
   ✅ 保存: 6954_1530_ファナック_2025年度 決算説明会資料.pdf
   ✅ 保存: 6954_1530_ファナック_剰余金の配当(期末配当)に関するお知らせ.pdf
   ✅ 保存: 6954_1530_ファナック_自己株式取得に係る事項の決定に関するお知らせ.pdf
   ✅ 保存: 6954_1530_ファナック_自己株式の消却に関するお知らせ.pdf
   ✅ 保存: 6999_1530_KOA_2026年3月期 決算短信〔日本基準〕(連結).pdf
   ✅ 保存: 6999_1530_KOA_2026年3月期 決算補足資料.pdf
   ✅ 保存: 6999_1530_KOA_剰余金の配当に関するお知らせ.pdf
   ✅ 保存: 6999_1530_KOA_取締役候補者の決定に関するお知らせ.pdf
   ✅ 保存: 6999_1530_KOA_社外取締役に対する譲渡制限付株式報酬制度の導入に関するお知らせ.pdf
   ✅ 保存: 6999_1530_KOA_当社取締役会の実効性評価結果の概要に関するお知らせ.pdf
   ✅ 保存: 7105_1530_三菱ロジスネクスト_当社株式の上場廃止に関するお知らせ.pdf
   ✅ 保存: 7112_1530_G-キューブ_非上場の親会社等の決算情報に関するお知らせ.pdf
   ✅ 保存: 7175_1530_今村証券_2026年3月期 決算短信〔日本基準〕(非連結).pdf
   ✅ 保存: 7175_1530_今村証券_2026年3月期 決算説明資料.pdf
   ✅ 保存: 7375_1530_G-リファインバスG_当社子会社のリースによる固定資産の賃貸借に関するお知らせ.pdf
   ✅ 保存: 7384_1530_プロクレアHD_代表取締役の異動に関するお知らせ.pdf
   ✅ 保存: 7388_1530_FPパートナー_2026年11月期 第1四半期決算に関する質疑応答集.pdf
   ✅ 保存: 7422_1530_東邦レマック_人事異動に関するお知らせ.pdf
   ✅ 保存: 7596_1530_魚力_役員の異動に関するお知らせ.pdf
   ✅ 保存: 7774_1530_G-J・TEC_投資有価証券評価損(特別損失)の計上および通期業績予想の修正に関するお知らせ.pdf
   ✅ 保存: 7823_1530_アートネイチャー_減損損失の計上見通しに関するお知らせ.pdf
   ✅ 保存: 7839_1530_SHOEI_2026年9月期第2四半期(中間期)決算短信〔日本基準〕(連結).pdf
   ✅ 保存: 7839_1530_SHOEI_株式会社SHOEI決算説明資料(2026年9月期第2四半期決算説明資料).pdf
   ✅ 保存: 7844_1530_マーベラス_通期連結業績予想の修正及び営業損失、特別損失の計上に関するお知らせ.pdf
   ✅ 保存: 8023_1530_DAIKOXT_通期連結業績予想の修正に関するお知らせ.pdf
   ✅ 保存: 8023_1530_DAIKOXT_従業員持株会を通じた当社従業員への譲渡制限付株式付与制度に基づく自己株式の処分に関するお知らせ.pdf
   ✅ 保存: 8345_1530_岩手銀_2026年3月期末の有価証券含み損に関するお知らせ.pdf
   ✅ 保存: 8359_1530_八十二長野銀行_代表取締役および役員の異動に関するお知らせ.pdf
   ✅ 保存: 8604_1530_野村_奥田グループCEO決算コメントおよびハイライト (2026年3月期 連結決算).pdf
   ✅ 保存: 8604_1530_野村_2026年3月期 決算短信(米国基準)(連結).pdf
   ✅ 保存: 8604_1530_野村_剰余金の配当に関するお知らせ.pdf
   ✅ 保存: 8604_1530_野村_譲渡制限株式ユニット(RSU)および業績連動型株式ユニット(PSU)の付与に関するお知らせ.pdf
   ✅ 保存: 8892_1530_エスコン_2026年3月期 決算短信〔日本基準〕(連結).pdf
   ✅ 保存: 8892_1530_エスコン_2026年3月期決算説明資料.pdf
   ✅ 保存: 8892_1530_エスコン_持分法による投資損失(営業外費用)の計上に関するお知らせ.pdf
   ✅ 保存: 8892_1530_エスコン_剰余金の配当に関するお知らせ.pdf
   ✅ 保存: 8892_1530_エスコン_定款の一部変更に関するお知らせ.pdf
   ✅ 保存: 8892_1530_エスコン_役員人事に関するお知らせ.pdf
   ✅ 保存: 8954_1530_R-オリックスF_資金の借入に関するお知らせ.pdf
   ✅ 保存: 8956_1530_R-NTT都市開発R_資金の借入に関するお知らせ.pdf
   ✅ 保存: 8957_1530_R-東急RE_コミットメントライン契約の変更に関するお知らせ.pdf
   ✅ 保存: 8963_1530_R-INV_ポートフォリオの運用実績(2026年3月)に関するお知らせ.pdf
   ✅ 保存: 8985_1530_R-JHR_2026年3月度の月次開示に関するお知らせ.pdf
   ✅ 保存: 9041_1530_近鉄GHD_定款の一部変更に関するお知らせ.pdf
   ✅ 保存: 9041_1530_近鉄GHD_役員の異動に関するお知らせ.pdf
   ✅ 保存: 9250_1530_G-GRCS_2026年11月期 第1四半期決算 質疑応答集.pdf
   ✅ 保存: 9435_1530_光通信_無担保社債発行に関するお知らせ.pdf
   ✅ 保存: 9509_1530_北海電力_業績予想(連結)の修正に関するお知らせ.pdf
   ✅ 保存: 9509_1530_北海電力_2025年度 連結業績予想の修正について.pdf
   ✅ 保存: 9551_1530_メタウォーター_2026年3月期決算短信〔日本基準〕(連結).pdf
   ✅ 保存: 9551_1530_メタウォーター_2026年3月期決算説明資料.pdf
   ✅ 保存: 9622_1530_スペース_譲渡制限付株式報酬としての自己株式の処分に関するお知らせ.pdf
   ✅ 保存: 9726_1530_KNTCT_代表取締役および役員の異動に関するお知らせ.pdf
   ✅ 保存: 9930_1530_北沢産業_株主提案に関する書面受領のお知らせ.pdf
   ✅ 保存: 1515_1500_日鉄鉱_財務上の特約が付された借入契約の変更に関するお知らせ.pdf
   ...Page 004 を確認中
   ✅ 保存: 1814_1500_大末建_取締役候補者選任に関するお知らせ.pdf
   ✅ 保存: 1814_1500_大末建_通期業績予想、期末配当予想(増配)の修正及び特別損失の計上に関するお知らせ.pdf
   ✅ 保存: 1814_1500_大末建_中長期経営計画の更新に関するお知らせ.pdf
   ✅ 保存: 1972_1500_三晃金_2026年3月期決算短信(日本基準)(非連結).pdf
   ✅ 保存: 1972_1500_三晃金_2026年3月期 決算補足資料.pdf
   ✅ 保存: 2354_1500_YE DIGITAL_支配株主等に関する事項について.pdf
   ✅ 保存: 2804_1500_ブルドックソース_2027年3月期配当予想(増配)に関するお知らせ.pdf
   ✅ 保存: 2804_1500_ブルドックソース_自己株式取得に係る事項の決定に関するお知らせ.pdf
   ✅ 保存: 2804_1500_ブルドックソース_執行役員及び重要使用人の異動に関するお知らせ.pdf
   ✅ 保存: 4838_1500_SSSK HD_取締役候補者の選任に関するお知らせ.pdf
   ✅ 保存: 5184_1500_ニチリン_譲渡制限付株式報酬としての自己株式処分に関するお知らせ.pdf
   ✅ 保存: 6376_1500_日機装_譲渡制限付株式報酬としての自己株式の処分の割当完了に関するお知らせ.pdf
   ✅ 保存: 7314_1500_小田原機_譲渡制限付株式報酬としての新株式の払込完了に関するお知らせ.pdf
   ✅ 保存: 8059_1500_第一実業_通期業績予想の上方修正及び期末配当予想の修正(増配)に関するお知らせ.pdf
   ✅ 保存: 8395_1500_佐賀銀_通期業績予想の修正および期末配当予想の修正(増配)に関するお知らせ.pdf
   ✅ 保存: 8416_1500_高知銀行_2026年3月期末の有価証券含み損に関するお知らせ.pdf
   ✅ 保存: 8707_1500_岩井コスモ_2026年3月期 決算短信[日本基準](連結).pdf
   ✅ 保存: 3181_1430_買取王国_2026年2月期 決算説明資料.pdf
   ✅ 保存: 6235_1430_オプトラン_譲渡制限付株式報酬としての自己株式の処分の払込完了及び一部失権に関するお知らせ.pdf
   ✅ 保存: 8729_1430_ソニーFG_不正事案の未然防止・早期発見に向けたソニー生命の取り組みについて.pdf
   ✅ 保存: 1870_1400_矢作建_通期連結業績予想の修正及び配当予想の修正(増配)に関するお知らせ.pdf
   ✅ 保存: 1948_1400_弘電社_役員の異動に関するお知らせ.pdf
   ✅ 保存: 3315_1400_日本コークス_財務上の特約が付されたコミットメントライン契約に対する期限の変更ならびに財務上の特約の内容の変更に関するお知らせ.pdf
   ✅ 保存: 3891_1400_高度紙_配当予想の修正(増配)に関するお知らせ.pdf
   ✅ 保存: 3891_1400_高度紙_2026年3月期 決算短信〔日本基準〕(連結).pdf
   ✅ 保存: 4427_1400_G-EduLab_営業外収益(受取保険金)の計上に関するお知らせ.pdf
   ✅ 保存: 4973_1400_高純度化_2026年3月期 決算短信〔日本基準〕(非連結).pdf
   ✅ 保存: 4973_1400_高純度化_2026年3月期 決算説明資料.pdf
   ✅ 保存: 5262_1400_日ヒューム_当社株券等の大規模買付行為に関する対応方針(買収防衛策)の非継続(廃止) および定款一部変更についてのお知らせ.pdf
   ✅ 保存: 5269_1400_日コンクリ_(追加)役員の異動に関するお知らせ.pdf
   ✅ 保存: 5423_1400_東製鉄_2026年3月期決算短信〔日本基準〕(非連結).pdf
   ✅ 保存: 5423_1400_東製鉄_自己株式取得に係る事項の決定に関するお知らせ.pdf
   ✅ 保存: 5423_1400_東製鉄_業績予想値と実績値との差異に関するお知らせ.pdf
   ✅ 保存: 7228_1400_デイトナ_譲渡制限付株式報酬としての自己株式の処分の払込完了に関するお知らせ.pdf
   ✅ 保存: 8617_1400_光世証_2026年3月期 決算短信〔日本基準〕(非連結).pdf
   ✅ 保存: 8617_1400_光世証_剰余金の配当に関するお知らせ.pdf
   ✅ 保存: 8617_1400_光世証_2026年3月期業績と前期実績との差異に関するお知らせ.pdf
   ✅ 保存: 8617_1400_光世証_自己株式取得に係る事項の決定に関するお知らせ.pdf
   ✅ 保存: 9601_1400_松竹_定款の一部変更に関するお知らせ.pdf
   ✅ 保存: 9601_1400_松竹_剰余金の配当に関するお知らせ.pdf
   ✅ 保存: 9672_1400_都競馬_譲渡制限付株式報酬としての自己株式の処分の払込完了に関するお知らせ.pdf
   ✅ 保存: 9824_1400_泉州電業_自己株式取得に係る事項の決定に関するお知らせ.pdf
   ✅ 保存: 9824_1400_泉州電業_従業員持株会向け譲渡制限付株式インセンティブとしての自己株式の処分の払込完了及び一部失権に関するお知らせ.pdf
   ✅ 保存: 9936_1400_王将フード_取締役会評価報告書.pdf
   ✅ 保存: 7063_1345_G-Birdman_販売用不動産(系統用蓄電池用地及び発電設備等への送電系統に係る権利)の取得に関するお知らせ.pdf
   ✅ 保存: 4839_1330_WOWOW_業績予想の修正に関するお知らせ.pdf
   ✅ 保存: 4765_1315_SBIGアセットM_2026 年3 月期 通期連結業績の予想からの上振れについて 想定を上回る運用残高の拡大により、短期間で公表予想を上回って着地.pdf
   ✅ 保存: 4765_1315_SBIGアセットM_剰余金の配当に関するお知らせ (17期連続増配).pdf
   ✅ 保存: 4765_1315_SBIGアセットM_当社グループの「レオス・キャピタルワークス」の 「SBIレオス・キャピタルワークス」への社名変更のお知らせ.pdf
   ✅ 保存: 4765_1315_SBIGアセットM_新株予約権(税制適格ストック・オプション)の発行内容確定に関するお知らせ.pdf
   ✅ 保存: 4765_1315_SBIGアセットM_2026年3月期決算短信〔日本基準〕(連結).pdf
   ✅ 保存: 1407_1300_ウエストHD_完全子会社間の合併に関するお知らせ.pdf
   ✅ 保存: 1803_1300_清水建_業績予想及び配当予想の修正(増配)に関するお知らせ.pdf
   ✅ 保存: 2173_1300_G-博展_譲渡制限付株式としての新株式発行の払込完了に関するお知らせ.pdf
   ✅ 保存: 2737_1300_トーメンデバ_2026年3月期 決算短信〔日本基準〕(連結).pdf
   ✅ 保存: 2737_1300_トーメンデバ_役員の異動および人事異動に関するお知らせ.pdf
   ✅ 保存: 2737_1300_トーメンデバ_2026年3月期 決算説明会資料.pdf
   ✅ 保存: 2737_1300_トーメンデバ_中期経営計画2028.pdf
   ✅ 保存: 3739_1300_コムシード_韓国BAMBOO NETWORK社との資本業務提携に関するお知らせ.pdf
   ✅ 保存: 3912_1300_モバファク_2026年12月期 第1四半期決算短信〔日本基準〕(連結).pdf
   ✅ 保存: 3912_1300_モバファク_2026年12月期 第1四半期決算説明資料.pdf
   ✅ 保存: 4025_1300_多木化学_譲渡制限付株式報酬としての自己株式の処分の払込完了に関するお知らせ.pdf
   ✅ 保存: 4611_1300_大日塗料_(開示事項の経過)本店(本社)移転に関するお知らせ.pdf
   ✅ 保存: 4935_1300_リベルタ_譲渡制限付株式報酬としての自己株式の処分の払込完了に関するお知らせ.pdf
   ✅ 保存: 6928_1300_エノモト_役員人事に関するお知らせ.pdf
   ✅ 保存: 8078_1300_阪和興_当社および完全子会社間における会社分割(簡易吸収分割)に関するお知らせ.pdf
   ✅ 保存: 8541_1300_愛媛銀_業績予想の修正及び配当予想の修正(増配)に関するお知らせ.pdf
   ✅ 保存: 8541_1300_愛媛銀_役員の異動に関するお知らせ.pdf
   ✅ 保存: 8979_1300_R-スターツPR_資産の取得完了に関するお知らせ.pdf
   ✅ 保存: 9444_1225_トーシンHD_(経過開示)株主による臨時株主総会の招集許可申立てに関するお知らせ.pdf
   ✅ 保存: 8393_1220_宮崎銀_新中期経営計画の策定について.pdf
   ✅ 保存: 8393_1220_宮崎銀_株主還元方針に関するお知らせ.pdf
   ✅ 保存: 8393_1220_宮崎銀_株主優待制度導入に関するお知らせ.pdf
   ✅ 保存: 8358_1215_スルガ銀_中期経営計画(2026年度~2028年度)の策定について.pdf
   ✅ 保存: 8358_1215_スルガ銀_業績予想の修正及び前期実績との差異見込み、並びに配当予想の修正(増配)に関するお知らせ.pdf
   ✅ 保存: 8358_1215_スルガ銀_自己株式の取得枠設定に関するお知らせ.pdf
   ✅ 保存: 8358_1215_スルガ銀_自己株式の消却に関するお知らせ.pdf
   ✅ 保存: 1326_1200_E-ワールド_SPDRゴールド・シェアに関する日々の開示事項.pdf
   ✅ 保存: 1435_1200_robot home_中東情勢の緊迫化に伴う当社への影響のお知らせ.pdf
   ✅ 保存: 2764_1200_ひらまつ_取締役候補者決定に関するお知らせ.pdf
   ✅ 保存: 3083_1200_スターシーズ_連結子会社におけるサーバー関連商品の仕入及び販売に関するお知らせ.pdf
   ✅ 保存: 3350_1200_メタプラネット_第20回普通社債の発行に関するお知らせ.pdf
   ✅ 保存: 3350_1200_メタプラネット_資金使途の変更に関するお知らせ.pdf
   ✅ 保存: 3825_1200_REMIX_(開示事項の経過)暗号資産の追加購入に関するお知らせ.pdf
   ✅ 保存: 4917_1200_マンダム_株式併合並びに単元株式数の定めの廃止及び定款の一部変更の承認決議に関するお知らせ.pdf
   ✅ 保存: 8562_1200_福島銀_役員の異動に関するお知らせ.pdf
   ✅ 保存: 8595_1200_ジャフコ グループ_2026年3月期 決算短信〔日本基準〕(非連結).pdf
   ✅ 保存: 8595_1200_ジャフコ グループ_個別業績の前期実績との差異及び配当予想に関するお知らせ.pdf
   ✅ 保存: 8595_1200_ジャフコ グループ_役員の人事に関するお知らせ.pdf
   ✅ 保存: 8595_1200_ジャフコ グループ_商号変更に関するお知らせ.pdf
   ✅ 保存: 3927_1130_フーバーブレイン_フィールドテック株式会社の株式の取得(連結子会社化)及び第三者割当による自己株式の処分に関するお知らせ.pdf
   ✅ 保存: 4956_1130_コニシ_2026年3月期 決算短信〔連結・日本基準〕.pdf
   ✅ 保存: 8194_1130_ライフコーポ_上場維持基準への適合に関するお知らせ.pdf
   ✅ 保存: 8706_1125_極東証券_2026年3月期 決算短信〔日本基準〕(連結).pdf
   ✅ 保存: 2865_1100_GXNDXカバコ_2026年3月期(2025年9月11日~2026年3月10日)決算短信.pdf
   ✅ 保存: 2866_1100_GX優先証券_2026年3月期(2025年9月11日~2026年3月10日)決算短信.pdf
   ✅ 保存: 424A_1100_GXゴールドH_2026年3月期(2025年9月24日~2026年3月10日)決算短信.pdf
   ...Page 005 を確認中
   ✅ 保存: 425A_1100_GXゴールド_2026年3月期(2025年9月24日~2026年3月10日)決算短信.pdf
   ✅ 保存: 6440_1100_JUKI_自己株式の取得状況及び取得終了に関するお知らせ.pdf
   ✅ 保存: 6897_1100_ツインバード_今後の事業展開について.pdf
   ✅ 保存: 7878_1100_光・彩_上場維持基準の適合に向けた計画に基づく進捗状況(改善期間入り)について.pdf
   ✅ 保存: 7878_1100_光・彩_支配株主等に関する事項について.pdf
   ✅ 保存: 8594_1040_中道リース_主要株主及び主要株主である筆頭株主並びにその他の関係会社の異動に関するお知らせ.pdf
   ✅ 保存: 3665_1000_エニグモ_支配株主等に関する事項について.pdf
   ✅ 保存: 7501_1000_ティムコ_当社株式に対する公開買付けに関する当社からの質問に対する対質問回答報告書提出のお知らせ.pdf
   ✅ 保存: 4884_0950_G-クリングル_脊髄損傷急性期を対象とする組換えヒトHGFタンパク質「oremepermin alpha」の欧州における希少疾病用医薬品指定の取得のお知らせ.pdf
   ✅ 保存: 5592_0900_G-くすりの窓口_連結業績予想の修正(上方)及び期末配当予想の修正(増配)に関するお知らせ.pdf
   ✅ 保存: 6723_0900_ルネサス_2026年12月期 第1四半期決算短信〔IFRS〕(連結).pdf
   ✅ 保存: 6723_0900_ルネサス_業績予想に関するお知らせ.pdf
   ✅ 保存: 6723_0900_ルネサス_2026年12月期第1四半期決算説明会資料.pdf
   ✅ 保存: 4568_0830_第一三共_2026年3月期決算発表の日程変更に関するお知らせ.pdf
   ✅ 保存: 559A_0800_梅乃宿酒造_東京証券取引所スタンダード市場への上場に伴う当社決算情報等のお知らせ.pdf
   ✅ 保存: 559A_0800_梅乃宿酒造_主要株主である筆頭株主の異動に関するお知らせ.pdf
   ✅ 保存: 562A_0800_P-寶結_東京証券取引所 TOKYO PRO Market 及び 福岡証券取引所 Fukuoka PRO Market への上場のお知らせ.pdf
   ✅ 保存: 562A_0800_P-寶結_流動性プロバイダー指定のお知らせ.pdf
   ✅ 保存: 562A_0800_P-寶結_東京証券取引所 TOKYO PRO Market 及び 福岡証券取引所 Fukuoka PRO Market への上場に伴う当社決算情報等のお知らせ.pdf
   ...Page 006 を確認中
   📝 一覧CSV保存: TDnet_Sorted_20260424.csv
   📝 一覧CSV保存（ルート）: TDnet_Sorted_20260424.csv
   📊 日別統計: page_access=6, pdf_success=399, excluded=24

============================================================
✅ ①完了（範囲取得）
   期間: 20260424 ～ 20260424 （mode=day）
   一覧ページアクセス合計: 6
   PDFダウンロード成功合計: 399
   除外件数合計: 24
   保存ルート: G:\マイドライブ\TDnet_Downloads
ルート: G:\マイドライブ\TDnet_Downloads
対象指定: 20260424 mode= day from= 20260424 to= 20260424
対象フォルダ数: 1
検索キーワード: ['価格交渉', '増産', '価格改定', '価格転嫁', '値上', '想定以上', '上方修正', '下方修正', '想定以下', '未達', '大幅', '計画を上', '計画を下', '計画以', '需要回復', '需要の回復', '需要が増', '需要が低', '悪化', 'グローバルニッチトップ', 'トップシェア', 'シェア拡大', 'レアアース']
総PDF数（推定）: 399
[1/1] 日付フォルダ 20260424 を処理中... (このフォルダ内PDF数: 399)
  進捗: 50/399 件のPDFを解析済み
  進捗: 100/399 件のPDFを解析済み
  進捗: 150/399 件のPDFを解析済み
  進捗: 200/399 件のPDFを解析済み
  進捗: 250/399 件のPDFを解析済み
  進捗: 300/399 件のPDFを解析済み
  進捗: 350/399 件のPDFを解析済み
  進捗: 399/399 件のPDFを解析済み
  → 日付フォルダ 20260424 のヒットPDF数: 68

✅ ②A 完了（解析専用・キーワード別ページ列）
解析PDF数: 399
ヒットPDF数: 68
出力CSV: Analysis_Hits_free_word_20260424.csv
保存先: G:\マイドライブ\TDnet_Downloads

✅ ②B 完了（配布用CSV作成・キーワード別ページ列）
出力: PDF_Search_Result_Distribution_free_word_20260424_sh.csv
キーワード列: ['価格交渉', '増産', '価格改定', '価格転嫁', '値上', '想定以上', '上方修正', '下方修正', '想定以下', '未達', '大幅', '計画を上', '計画を下', '計画以', '需要回復', '需要の回復', '需要が増', '需要が低', '悪化', 'グローバルニッチトップ', 'トップシェア', 'シェア拡大', 'レアアース']
突合除外件数: 0
空欄アラート件数: 0
