🎯 対象指定: 20260410（mode=day, from=20260410, to=20260410）
📁 保存ルート: G:\マイドライブ\TDnet_Downloads

============================================================
📅 日付: 20260410 を処理します
   ...Page 001 を確認中
   ✅ 保存: 3856_1815_Abalance_新経営体制に関するお知らせ.pdf
   ✅ 保存: 3856_1815_Abalance_指名委員会の設置に関するお知らせ.pdf
   ✅ 保存: 3856_1815_Abalance_(開示事項の変更)代表取締役及び取締役の当社グループ会社における残留状況と今後の方針について.pdf
   ✅ 保存: 5304_1800_SECカーボン_中長期経営目標・中期経営計画の見直しに関するお知らせ.pdf
   ✅ 保存: 6330_1800_洋エンジ_A種優先株式の普通株式への転換のお知らせ.pdf
   ✅ 保存: 509A_1735_I-Gライト・再エネ_太陽光発電所月次発電電力量実績及び出力制御に関するお知らせ(2026年3月).pdf
   ✅ 保存: 4343_1730_イオンファン_(訂正)「役員候補の決定に関するお知らせ」の一部訂正について.pdf
   ✅ 保存: 7609_1730_ダイトロン_当社の従業員に対する譲渡制限付株式としての自己株式の処分に関するお知らせ.pdf
   ✅ 保存: 5129_1720_G-FIXER_第三者割当により発行された第3回新株予約権 (行使価額修正条項付)の大量行使に関するお知らせ.pdf
   ✅ 保存: 5129_1720_G-FIXER_2026年8月期 第2四半期(中間期)決算短信〔日本基準〕(連結).pdf
   ✅ 保存: 5129_1720_G-FIXER_2026年8月期第2四半期決算説明資料.pdf
   ✅ 保存: 5129_1720_G-FIXER_2026年8月期連結業績予想および単体業績予想に関するお知らせ.pdf
   ✅ 保存: 2769_1715_ヴィレッジV_業務資本提携に関する契約の締結並びに第三者割当による第7回新株予約権及び第1回無担保転換社債型新株予約権付社債の発行に関するお知らせ.pdf
   ✅ 保存: 1384_1700_ホクリヨウ_当社農場における火災の発生に関するお知らせ.pdf
   ✅ 保存: 1968_1700_太平電_西川計測株式会社(証券コード_7500)株式の買集め行為に該当する株式取得についてのお知らせ.pdf
   ✅ 保存: 2872_1700_セイヒョー_2026年2月期 決算短信〔日本基準〕(非連結).pdf
   ✅ 保存: 2872_1700_セイヒョー_2026年2月期 通期決算説明資料.pdf
   ✅ 保存: 2872_1700_セイヒョー_通期業績予想と実績との差異に関するお知らせ.pdf
   ✅ 保存: 3279_1700_R-API_資金の借入れに関するお知らせ.pdf
   ✅ 保存: 3454_1700_ファーストブラザーズ_2026年11月期 第1四半期 決算短信〔日本基準〕(連結).pdf
   ✅ 保存: 3454_1700_ファーストブラザーズ_2026年11月期 第1四半期 決算説明資料.pdf
   ✅ 保存: 3551_1700_ダイニック_役員の異動に関するお知らせ.pdf
   ✅ 保存: 4892_1700_G-サイフューズ_歯科領域の新たな治療法開発に関するお知らせ.pdf
   ✅ 保存: 6135_1700_牧野フライス_MMホールディングス株式会社による株式会社牧野フライス製作所株式(証券コード_6135)に対する公開買付けの実施に向けた進捗状況等のお知らせ.pdf
   ✅ 保存: 7545_1700_西松屋チェ_自己株式の取得結果および取得終了に関するお知らせ.pdf
   ✅ 保存: 7545_1700_西松屋チェ_人事異動に関するお知らせ.pdf
   ✅ 保存: 7545_1700_西松屋チェ_従業員に対するストックオプション(新株予約権)の発行に関するお知らせ.pdf
   ✅ 保存: 3647_1630_アスリナ_2026年8月期 第2四半期(中間期)決算短信〔日本基準〕(連結).pdf
   ✅ 保存: 4615_1630_神東塗料_(訂正)「支配株主等に関する事項について」の一部訂正について.pdf
   ✅ 保存: 4634_1630_artience_譲渡制限付株式報酬としての自己株式の処分に関するお知らせ.pdf
   ✅ 保存: 7790_1630_バルコス_連結子会社の異動(株式譲渡)に関するお知らせ.pdf
   ✅ 保存: 9973_1630_KOZOHD_行使価額修正選択権付第16回新株予約権の行使価額修正の決定に関するお知らせ.pdf
   ✅ 保存: 6993_1610_大黒屋_当社連結子会社における事業の譲受及び新たな事業の開始に関するお知らせ.pdf
   ✅ 保存: 4784_1601_GMOインターネット_新株式発行及び株式の売出しに関するお知らせ.pdf
   ✅ 保存: 4784_1601_GMOインターネット_固定資産の取得に関するお知らせ.pdf
   ✅ 保存: 9449_1601_GMO_連結子会社の上場維持基準の充足を目指した同社株式の売出しに関するお知らせ.pdf
   ✅ 保存: 167A_1600_リョーサン菱洋_(開示事項の経過)当社連結子会社における主要取引先からの特約店契約終了の申し入れによる2026年3月期の連結業績への影響に関するお知らせ.pdf
   ✅ 保存: 2317_1600_システナ_募集新株予約権(有償ストック・オプション)の発行内容確定に関するお知らせ.pdf
   ✅ 保存: 247A_1600_G-Aiロボティクス_(開示事項の経過)企業結合に係る暫定的な会計処理に関するお知らせ.pdf
   ✅ 保存: 254A_1600_AIフュージョンCG_フランチャイズビジネスインキュベーション株式会社の株式取得完了に関するお知らせ.pdf
   ✅ 保存: 3046_1600_JINSHD_2026年8月期 第2四半期(中間期)決算短信〔日本基準〕(連結).pdf
   ✅ 保存: 3046_1600_JINSHD_2026年8月期第2四半期(中間期)連結業績予想と実績との差異及び通期連結業績予想の修正に関するお知らせ.pdf
   ✅ 保存: 3046_1600_JINSHD_剰余金の配当(中間配当)に関するお知らせ.pdf
   ✅ 保存: 3175_1600_APHD_月次営業レポート(2026年3月度).pdf
   ✅ 保存: 3359_1600_G-cotta_連結子会社による株式取得(孫会社化)に関するお知らせ.pdf
   ✅ 保存: 3399_1600_山岡家_2027年1月期3月度売上高速報及び概況等について.pdf
   ✅ 保存: 3550_1600_G-スタジオアタオ_2026年2月期 決算短信[日本基準](非連結).pdf
   ✅ 保存: 3550_1600_G-スタジオアタオ_2026年2月期 決算補足説明資料.pdf
   ✅ 保存: 3550_1600_G-スタジオアタオ_事業計画及び成長可能性に関する事項.pdf
   ✅ 保存: 3817_1600_SRAHD_2026年3月 月次売上高速報.pdf
   ✅ 保存: 4240_1600_クラスターT_剰余金の配当(増配)に関するお知らせ.pdf
   ✅ 保存: 4668_1600_明光ネット_2026年8月期第2四半期(中間期)決算短信〔日本基準〕(連結).pdf
   ✅ 保存: 4668_1600_明光ネット_第2四半期連結業績予想と実績値との差異に関するお知らせ.pdf
   ✅ 保存: 4668_1600_明光ネット_2026年8月期第2四半期決算説明資料.pdf
   ✅ 保存: 4668_1600_明光ネット_自己株式の消却に関するお知らせ(会社法第 178 条の規定に基づく自己株式の消却).pdf
   ✅ 保存: 4668_1600_明光ネット_組織変更並びに取締役及び執行役員の担当業務の変更に関するお知らせ.pdf
   ✅ 保存: 4735_1600_京進_2026年2月期 決算短信〔日本基準〕(連結).pdf
   ✅ 保存: 5341_1600_ASAHI EITO_2026年11月期 第1四半期決算短信〔日本基準〕(連結).pdf
   ✅ 保存: 5341_1600_ASAHI EITO_営業外収益の計上に関するお知らせ.pdf
   ✅ 保存: 5341_1600_ASAHI EITO_(開示事項の経過)新たな事業、暗号資産流動性提供事業の実運用開始に関して.pdf
   ✅ 保存: 5982_1600_マルゼン_2026年2月期 決算短信〔日本基準〕(連結).pdf
   ✅ 保存: 5982_1600_マルゼン_2026年2月期(第65期)剰余金の配当に関するお知らせ.pdf
   ✅ 保存: 5982_1600_マルゼン_支配株主等に関する事項について.pdf
   ✅ 保存: 6367_1600_ダイキン工_米国における当社及び当社米国子会社に対する訴訟の提起に関するお知らせ.pdf
   ✅ 保存: 6506_1600_安川電_2026年2月期 決算短信〔IFRS〕(連結).pdf
   ✅ 保存: 6506_1600_安川電_代表取締役の異動に関するお知らせ.pdf
   ✅ 保存: 6555_1600_MSコンサル_2026年2月期決算短信〔IFRS〕(連結).pdf
   ✅ 保存: 6555_1600_MSコンサル_2026年2月期決算説明資料.pdf
   ✅ 保存: 6555_1600_MSコンサル_2026年2月期通期個別業績と前期実績との差異に関するお知らせ.pdf
   ✅ 保存: 6882_1600_三社電機製作所_社外取締役解任に関するお知らせ.pdf
   ✅ 保存: 7456_1600_松田産_役員人事に関するお知らせ.pdf
   ✅ 保存: 7487_1600_小津産業_通期連結業績予想の修正に関するお知らせ.pdf
   ✅ 保存: 7487_1600_小津産業_2026年5月期 第3四半期決算短信〔日本基準〕(連結).pdf
   ✅ 保存: 7487_1600_小津産業_2026年5月期 第3四半期決算説明資料.pdf
   ✅ 保存: 7607_1600_進和_2026年8月期第2四半期(中間期)決算短信〔日本基準〕(連結).pdf
   ✅ 保存: 7607_1600_進和_2026年8月期第2四半期(中間期)の連結業績予想と実績値との差異に関するお知らせ.pdf
   ✅ 保存: 7610_1600_テイツー_通期連結業績予想及び配当予想の修正(特別配当)に関するお知らせ.pdf
   ✅ 保存: 7725_1600_インターアクション_2026年5月期第3四半期決算短信〔日本基準〕(連結).pdf
   ✅ 保存: 7725_1600_インターアクション_2026年5月期第3四半期決算説明会資料.pdf
   ✅ 保存: 7725_1600_インターアクション_2026年5月期通期個別業績予想の修正に関するお知らせ.pdf
   ✅ 保存: 7918_1600_ヴィアHD_2026年3月度 月次速報(連結_前年対比).pdf
   ✅ 保存: 8237_1600_松屋_2026年3月売上報告.pdf
   ✅ 保存: 9237_1600_G-笑美面_連結子会社によるリースによる固定資産の賃貸借に関するお知らせ.pdf
   ✅ 保存: 9270_1600_G-バリュエンスHD_通期連結業績予想及び配当予想の修正に関するお知らせ.pdf
   ✅ 保存: 9270_1600_G-バリュエンスHD_2026年8月期 第2四半期(中間期)決算短信〔日本基準〕(連結).pdf
   ✅ 保存: 9270_1600_G-バリュエンスHD_2026年8月期 第2四半期決算説明資料.pdf
   ...Page 002 を確認中
   ✅ 保存: 9326_1600_G-関通HD_2026年2月期 決算短信〔日本基準〕(連結).pdf
   ✅ 保存: 9326_1600_G-関通HD_2026年2月期通期 決算説明資料.pdf
   ✅ 保存: 9326_1600_G-関通HD_海外現地法人設立のお知らせ.pdf
   ✅ 保存: 9401_1600_TBSHD_(開示事項の経過)CJ ENM Co., Ltd及び株式会社U-NEXT HOLDINGSとの合弁会社設立に関するお知らせ.pdf
   ✅ 保存: 9706_1600_日空ビル_無担保普通社債発行に関するお知らせ.pdf
   ✅ 保存: 7373_1545_G-アイドマHD_2026年8月期 第2四半期決算説明資料.pdf
   ✅ 保存: 2769_1540_ヴィレッジV_2026年5月期 第3四半期決算短信(日本基準)(連結).pdf
   ✅ 保存: 6103_1540_オークマ_自己株式の取得状況に関するお知らせ.pdf
   ✅ 保存: 7427_1540_エコーTD_2026年2月期決算短信〔日本基準〕(連結).pdf
   ✅ 保存: 7427_1540_エコーTD_連結子会社からの配当金受領に関するお知らせ.pdf
   ✅ 保存: 137A_1530_G-Cocolive_2026年5月期 第3四半期決算短信〔日本基準〕(非連結).pdf
   ✅ 保存: 137A_1530_G-Cocolive_2026年5月期 第3四半期決算説明資料.pdf
   ✅ 保存: 137A_1530_G-Cocolive_自己株式取得に係る事項の決定に関するお知らせ.pdf
   ✅ 保存: 1419_1530_タマホーム_2026年3月度 受注速報.pdf
   ✅ 保存: 1419_1530_タマホーム_2026年5月期第3四半期 決算短信〔日本基準〕(連結).pdf
   ✅ 保存: 1419_1530_タマホーム_2026年5月期第3四半期 決算説明資料.pdf
   ✅ 保存: 1419_1530_タマホーム_2026年5月期第3四半期 決算短信補足資料.pdf
   ✅ 保存: 1419_1530_タマホーム_配当予想の修正(減配)に関するお知らせ.pdf
   ✅ 保存: 141A_1530_G-トライアル_2026年3月度 月次売上高速報(小売).pdf
   ✅ 保存: 205A_1530_G-ロゴスHD_2026年3月度 受注速報.pdf
   ✅ 保存: 2157_1530_コシダカHD_2026年8月期第2四半期(中間期)決算短信[日本基準](連結).pdf
   ✅ 保存: 2157_1530_コシダカHD_2026年8月第2四半期 決算補足説明資料.pdf
   ✅ 保存: 215A_1530_G-タイミー_よくある質問と回答(2026年4月).pdf
   ✅ 保存: 2164_1530_地域新聞社_2026年8月期 第2四半期(中間期)決算短信〔日本基準〕(非連結).pdf
   ✅ 保存: 2222_1530_寿スピリッツ_2026年3月期通期の売上状況(概算)について.pdf
   ✅ 保存: 2294_1530_柿安本店_2026年4月期3月度の売上高についてのお知らせ.pdf
   ✅ 保存: 2692_1530_伊藤忠食_親会社である伊藤忠商事株式会社の子会社である合同会社FMDIによる当社株式に対する公開買付けの結果並びにその他の関係会社及び主要株主の異動に関するお知らせ.pdf
   ✅ 保存: 2735_1530_ワッツ_2026年8月期 第2四半期(中間期)決算短信〔日本基準〕(連結).pdf
   ✅ 保存: 2742_1530_ハローズ_剰余金の配当(増配)に関するお知らせ.pdf
   ✅ 保存: 2742_1530_ハローズ_2026年2月期 決算短信〔日本基準〕(非連結).pdf
   ✅ 保存: 274A_1530_ガーデン_2027年2月期3月度 直営店売上速報についてのお知らせ.pdf
   ✅ 保存: 2762_1530_SANKO MF_臨時株主総会招集のための基準日設定に関するお知らせ.pdf
   ✅ 保存: 2791_1530_大黒天_2026年5月期第3四半期決算短信〔日本基準〕(連結).pdf
   ✅ 保存: 2999_1530_ホームポジション_株主優待実施に関するお知らせ.pdf
   ✅ 保存: 2999_1530_ホームポジション_2026年8月期 第2四半期(中間期)決算短信〔日本基準〕(非連結).pdf
   ✅ 保存: 3063_1530_G-jGroup_2026年2月期決算短信〔日本基準〕(連結).pdf
   ✅ 保存: 3063_1530_G-jGroup_代表取締役の異動に関するお知らせ.pdf
   ✅ 保存: 3063_1530_G-jGroup_通期連結業績予想数値と実績値との差異に関するお知らせ.pdf
   ✅ 保存: 3063_1530_G-jGroup_個別業績の前期実績との差異に関するお知らせ.pdf
   ✅ 保存: 3063_1530_G-jGroup_営業外費用及び特別利益並びに特別損失の計上に関するお知らせ.pdf
   ✅ 保存: 3064_1530_MRO_2026年12月期3月度月次業績に関するお知らせ.pdf
   ✅ 保存: 3139_1530_ラクト・ジャパン_譲渡制限付株式報酬としての自己株式の処分の払込完了に関するお知らせ.pdf
   ✅ 保存: 3178_1530_チムニー_2026年3月度 月次売上・出店状況について.pdf
   ✅ 保存: 3192_1530_白鳩_2026年11月期第1四半期決算短信〔日本基準〕(非連結).pdf
   ✅ 保存: 3192_1530_白鳩_非上場の親会社等の決算情報に関するお知らせ.pdf
   ✅ 保存: 3199_1530_綿半ホールディングス_2026年3月期 月次動向(3月度).pdf
   ✅ 保存: 3280_1530_エストラスト_2026年2月期 決算短信〔日本基準〕(連結).pdf
   ✅ 保存: 3280_1530_エストラスト_2026年2月期(第28期) 決算説明資料.pdf
   ✅ 保存: 3501_1530_SUMINOE_2026年5月期通期業績予想及び配当予想の修正に関するお知らせ.pdf
   ✅ 保存: 3501_1530_SUMINOE_2026年5月期第3四半期決算短信〔日本基準〕(連結).pdf
   ✅ 保存: 3541_1530_G-農業総合研究所_株式併合、単元株式数の定めの廃止、定款の一部変更及び取締役の選任に係る承認決議に関するお知らせ.pdf
   ✅ 保存: 3542_1530_G-VEGA_2026年3月の月次業績に関するお知らせ.pdf
   ✅ 保存: 3546_1530_アレンザHD_2026年2月期本決算補足資料.pdf
   ✅ 保存: 3546_1530_アレンザHD_2026年2月期決算短信〔日本基準〕(連結).pdf
   ✅ 保存: 3560_1530_ほぼ日_2026年8月期第2四半期決算短信〔日本基準〕(非連結).pdf
   ✅ 保存: 3608_1530_TSI HD_2026年2月期決算短信〔日本基準〕(連結).pdf
   ✅ 保存: 3608_1530_TSI HD_通期個別業績と前事業年度実績値との差異に関するお知らせ.pdf
   ✅ 保存: 3608_1530_TSI HD_東洋エンタープライズ株式会社及び株式会社レイラニトレーディングの株式取得(子会社化)に向けた基本合意書締結に関するお知らせ.pdf
   ✅ 保存: 3608_1530_TSI HD_自己株式の取得に係る事項の決定及び自己株式の消却に係る事項の決定に関するお知らせ.pdf
   ✅ 保存: 3608_1530_TSI HD_一般財団法人TSIファッション未来財団の設立及び第三者割当による自己株式の処分に関するお知らせ.pdf
   ✅ 保存: 3612_1530_ワールド_(訂正・数値データ訂正)「2026年2月期 決算短信〔IFRS〕(連結)」の一部訂正について.pdf
   ✅ 保存: 3612_1530_ワールド_(訂正)「2026年2月期 決算補足資料(データブック)」の一部訂正について.pdf
   ✅ 保存: 3627_1530_テクミラ_2026年2月期 決算短信〔日本基準〕(連結).pdf
   ✅ 保存: 3627_1530_テクミラ_個別業績の前期実績値との差異に関するお知らせ.pdf
   ✅ 保存: 3627_1530_テクミラ_配当方針の変更に関するお知らせ.pdf
   ✅ 保存: 3627_1530_テクミラ_2026年2月期第4四半期 決算説明資料.pdf
   ✅ 保存: 3810_1530_サイバーステップHD_第三者割当による第42回新株予約権の行使状況に関するお知らせ.pdf
   ✅ 保存: 3815_1530_G-メディア_2026年8月期 第2四半期(中間期)決算短信〔日本基準〕(連結).pdf
   ✅ 保存: 3923_1530_ラクス_現下の中東情勢が当社の事業及び業績に与える影響について.pdf
   ✅ 保存: 3994_1530_マネーフォワード_譲渡制限付株式報酬としての新株式の払込完了に関するお知らせ.pdf
   ✅ 保存: 401A_1530_R-霞ヶ関ホテル_資産運用会社における金融商品取引法に基づく兼業業務の届出に関するお知らせ.pdf
   ✅ 保存: 4076_1530_G-シイエヌエス_通期業績予想の修正(上方修正)及び配当予想の修正(増配)に関するお知らせ.pdf
   ✅ 保存: 4076_1530_G-シイエヌエス_2026年5月期 第3四半期決算短信〔日本基準〕(連結).pdf
   ✅ 保存: 4076_1530_G-シイエヌエス_2026年5月期 第3四半期決算補足説明資料.pdf
   ✅ 保存: 4187_1530_大有機化_2026年11月期 第1四半期決算短信[日本基準](連結).pdf
   ✅ 保存: 4187_1530_大有機化_2026年11月期 第1四半期 決算補足説明資料.pdf
   ✅ 保存: 4361_1530_川口化_2026年11月期 第1四半期決算短信〔日本基準〕(連結).pdf
   ✅ 保存: 4361_1530_川口化_2026年11月期通期連結業績予想(未定)に関するお知らせ.pdf
   ✅ 保存: 4370_1530_G-モビルス_2026年8月期 第2四半期(中間期)決算短信〔日本基準〕(連結).pdf
   ✅ 保存: 4370_1530_G-モビルス_2026年8月期 第2四半期決算説明資料.pdf
   ✅ 保存: 4370_1530_G-モビルス_譲渡制限付株式としての新株式発行に関するお知らせ.pdf
   ✅ 保存: 4375_1530_G-セーフィー_譲渡制限付株式報酬としての新株式の払込完了に関するお知らせ.pdf
   ✅ 保存: 4430_1530_東海ソフト_2026年5月期 第3四半期決算短信〔日本基準〕(連結).pdf
   ✅ 保存: 4430_1530_東海ソフト_通期連結業績予想の修正及び配当予想の修正に関するお知らせ.pdf
   ✅ 保存: 4430_1530_東海ソフト_2026年5月期 第3四半期決算説明資料.pdf
   ✅ 保存: 4443_1530_Sansan_業績予想の修正に関するお知らせ.pdf
   ✅ 保存: 4443_1530_Sansan_2026年5月期 第3四半期 決算説明資料.pdf
   ✅ 保存: 4443_1530_Sansan_2026年5月期 第3四半期 決算短信〔日本基準〕(連結).pdf
   ✅ 保存: 4576_1530_G-DWTI_第三者割当による新株式の発行に係る払込完了に関するお知らせ.pdf
   ✅ 保存: 4577_1530_ダイト_2026年5月期 第3四半期決算短信〔日本基準〕(連結).pdf
   ✅ 保存: 4577_1530_ダイト_2026年5月期 第3四半期決算説明資料.pdf
   ✅ 保存: 4577_1530_ダイト_業績予想の修正に関するお知らせ.pdf
   ✅ 保存: 460A_1530_G-BRANU_2026年10月期第1四半期決算開示後にいただいた質問と回答について.pdf
   ✅ 保存: 4760_1530_アルファ_2026年8月期 第2四半期(中間期)決算短信〔日本基準〕(連結).pdf
   ✅ 保存: 4889_1530_G-レナサイエンス_全身性強皮症に伴う間質性肺疾患(SSc-ILD)に対するPAI-1阻害薬RS5614の第二相治験の結果(速報)についてのお知らせ.pdf
   ✅ 保存: 4919_1530_ミルボン_取締役及び執行役員に対する譲渡制限付株式としての自己株式処分に関するお知らせ.pdf
   ✅ 保存: 4932_1530_アルマード_資金の借入に関するお知らせ.pdf
   ✅ 保存: 4979_1530_OATアグリオ_取締役に対する譲渡制限付株式報酬としての自己株式処分に関するお知らせ.pdf
   ✅ 保存: 4992_1530_北興化_2026年11月期 第1四半期決算短信〔日本基準〕(連結).pdf
   ✅ 保存: 4992_1530_北興化_2026年11月期第1四半期 決算補足説明資料.pdf
   ...Page 003 を確認中
   ✅ 保存: 5271_1530_トーヨーアサノ_2026年2月期 決算短信〔日本基準〕(連結).pdf
   ✅ 保存: 5271_1530_トーヨーアサノ_剰余金の配当に関するお知らせ.pdf
   ✅ 保存: 5271_1530_トーヨーアサノ_第三者割当による自己株式処分に関するお知らせ.pdf
   ✅ 保存: 5900_1530_ダイケン_2026年2月期 決算短信〔日本基準〕(連結).pdf
   ✅ 保存: 6030_1530_G-アドベンチャー_自己株式の取得状況及び取得終了に関するお知らせ(会社法第 165 条第 2 項の規定による定款の定めに基づく自己株式の取得).pdf
   ✅ 保存: 6037_1530_楽待_募集新株予約権(有償ストック・オプション)の発行の確定に関するお知らせ.pdf
   ✅ 保存: 6093_1530_エスクローAJ_2026年2月期 決算説明における想定質問と回答.pdf
   ✅ 保存: 6136_1530_OSG_2026年11月期第1四半期決算短信〔日本基準〕(連結).pdf
   ✅ 保存: 6289_1530_技研製作所_2026年8月期 第2四半期決算説明資料に関するお知らせ.pdf
   ✅ 保存: 6289_1530_技研製作所_2026年8月期 第2四半期(中間期)決算短信〔日本基準〕(連結).pdf
   ✅ 保存: 6445_1530_ジャノメ_自己株式の取得状況および取得終了に関するお知らせ.pdf
   ✅ 保存: 6489_1530_前沢工_令和8年5月期 第3四半期決算短信〔日本基準〕(連結).pdf
   ✅ 保存: 6489_1530_前沢工_定款一部変更に関するお知らせ.pdf
   ✅ 保存: 6668_1530_アドテック プラズマ_2026年8月期第2四半期(中間期)決算短信〔日本基準〕(連結).pdf
   ✅ 保存: 6668_1530_アドテック プラズマ_第2四半期(中間期)業績予想と実績値との差異に関するお知らせ.pdf
   ✅ 保存: 6740_1530_JDI_本社移転及び定款の一部変更に関するお知らせ.pdf
   ✅ 保存: 6844_1530_新電元_執行役員に対する譲渡制限付株式報酬制度の導入に関するお知らせ.pdf
   ✅ 保存: 6844_1530_新電元_役員の異動に関するお知らせ.pdf
   ✅ 保存: 7181_1530_かんぽ生命保険_代表執行役の異動内定に関するお知らせ.pdf
   ✅ 保存: 7219_1530_HKS_2026年8月期第2四半期(中間期)決算短信〔日本基準〕(連結).pdf
   ✅ 保存: 7219_1530_HKS_2026年8月期第2四半期(中間期)連結業績予想数値と実績値との差異 および通期連結業績予想の修正に関するお知らせ.pdf
   ✅ 保存: 7250_1530_太平洋工_当社株式の上場廃止のお知らせ.pdf
   ✅ 保存: 7360_1530_G-オンデック_2026年11月期 第1四半期決算説明資料.pdf
   ✅ 保存: 7360_1530_G-オンデック_2026年11月期 第1四半期決算短信〔日本基準〕(連結).pdf
   ✅ 保存: 7373_1530_G-アイドマHD_2026年8月期 第2四半期(中間期)決算短信〔日本基準〕(連結).pdf
   ✅ 保存: 7453_1530_良品計画_2026年8月期 第2四半期(中間期)決算短信〔日本基準〕(連結).pdf
   ✅ 保存: 7453_1530_良品計画_業績予想及び配当予想の修正に関するお知らせ.pdf
   ✅ 保存: 7501_1530_ティムコ_2026年11月期 第1四半期決算短信〔日本基準〕(非連結).pdf
   ✅ 保存: 7514_1530_ヒマラヤ_2026年8月期第2四半期(中間期)連結業績予想と実績値との差異に関するお知らせ.pdf
   ✅ 保存: 7514_1530_ヒマラヤ_2026年8月期 第2四半期(中間期)決算短信〔日本基準〕(連結).pdf
   ✅ 保存: 7532_1530_パンパシフィックHD_月次販売高状況のお知らせ.pdf
   ✅ 保存: 7603_1530_ジーイエット_会計監査人の異動に関するお知らせ.pdf
   ✅ 保存: 7603_1530_ジーイエット_代表取締役の異動及び取締役候補者の選任並びに取締役の退任に関するお知らせ.pdf
   ✅ 保存: 7603_1530_ジーイエット_定款の一部変更に関するお知らせ.pdf
   ✅ 保存: 7613_1530_シークス_譲渡制限付株式報酬としての自己株式の処分の払込完了に関するお知らせ.pdf
   ✅ 保存: 7614_1530_オーエムツー_(訂正・数値データ訂正)「2026年1月期 決算短信〔日本基準〕(連結)」の一部訂正について.pdf
   ✅ 保存: 7673_1530_ダイコー通産_2026年5月期 第3四半期決算短信〔日本基準〕(非連結).pdf
   ✅ 保存: 7673_1530_ダイコー通産_2026年5月期 第3四半期決算補足説明資料.pdf
   ✅ 保存: 7685_1530_G-BUYSELL_2026年3月月次に関するお知らせ.pdf
   ✅ 保存: 7879_1530_ノダ_2026年11月期 第1四半期決算短信〔日本基準〕(連結).pdf
   ✅ 保存: 8001_1530_伊藤忠_伊藤忠食品株式会社の株式(証券コード_2692)に対する公開買付けの結果に関するお知らせ.pdf
   ✅ 保存: 8001_1530_伊藤忠_サンフロンティア不動産株式会社株式(証券コード_8934)に対する公開買付けの結果及び持分法適用会社の異動に関するお知らせ.pdf
   ✅ 保存: 8008_1530_4°C HD_当社および主要子会社の役員の異動(予定)に関するお知らせ.pdf
   ✅ 保存: 8008_1530_4°C HD_2026年2月期 決算短信〔日本基準〕(連結).pdf
   ✅ 保存: 8107_1530_キムラタン_不動産の売却に関するお知らせ.pdf
   ✅ 保存: 8166_1530_タカキュー_2026年2月期 決算短信〔日本基準〕(非連結).pdf
   ✅ 保存: 8166_1530_タカキュー_2026年2月期 決算補足資料.pdf
   ✅ 保存: 8166_1530_タカキュー_2026年2月期 通期決算説明資料1.pdf
   ✅ 保存: 8166_1530_タカキュー_2026年2月期 通期決算説明資料2.pdf
   ✅ 保存: 8166_1530_タカキュー_種類株式に係る剰余金配当に関するお知らせ.pdf
   ✅ 保存: 8166_1530_タカキュー_取締役候補者の選任ならびに機構改革、人事異動に関するお知らせ.pdf
   ✅ 保存: 8185_1530_チヨダ_2026年2月期 決算短信[日本基準](連結).pdf
   ✅ 保存: 8185_1530_チヨダ_2026 年2月期通期業績予想(連結・個別)と実績値との差異に関するお知らせ.pdf
   ✅ 保存: 8200_1530_リンガーハット_2026年2月期 決算短信[日本基準](連結).pdf
   ✅ 保存: 8200_1530_リンガーハット_2026年2月期 決算説明補足資料.pdf
   ✅ 保存: 8200_1530_リンガーハット_特別利益、繰延税金資産の計上および通期連結業績予想と実績値との差異ならびに剰余金の配当に関するお知らせ.pdf
   ✅ 保存: 8200_1530_リンガーハット_役員人事に関するお知らせ.pdf
   ✅ 保存: 8244_1530_近鉄百貨店_役員の異動に関するお知らせ.pdf
   ✅ 保存: 8244_1530_近鉄百貨店_2026年2月期決算説明資料.pdf
   ✅ 保存: 8244_1530_近鉄百貨店_2026年2月期 決算短信〔日本基準〕(連結).pdf
   ✅ 保存: 8247_1530_大和_2026年2月期 決算短信〔日本基準〕(連結).pdf
   ✅ 保存: 8247_1530_大和_連結および個別決算における特別損失の計上および業績予想値と実績値との差異ならびに剰余金の配当(無配)に関するお知らせ.pdf
   ✅ 保存: 8267_1530_イオン_イオン(株)3月度連結営業概況.pdf
   ✅ 保存: 8604_1530_野村_連結自己資本規制比率、連結レバレッジ比率および外部TLAC比率.pdf
   ✅ 保存: 8908_1530_毎日コムネット_2026年5月期 第3四半期決算短信〔日本基準〕(連結).pdf
   ✅ 保存: 8931_1530_和田興産_2026年2月期決算短信[日本基準](非連結).pdf
   ✅ 保存: 8931_1530_和田興産_剰余金の配当に関するお知らせ.pdf
   ✅ 保存: 8931_1530_和田興産_役員の異動に関するお知らせ.pdf
   ✅ 保存: 8934_1530_サンフロンティア_SI合同会社による当社株式に対する公開買付けの結果並びに主要株主及びその他の関係会社の異動に関するお知らせ.pdf
   ✅ 保存: 8967_1530_R-ニホンロジ_(訂正)「規約の一部変更及び役員選任に関するお知らせ」の一部訂正に関するお知らせ.pdf
   ✅ 保存: 9216_1530_ビーウィズ_2026年5月期 第3四半期決算短信〔日本基準〕(連結).pdf
   ✅ 保存: 9647_1530_協和コンサル_2026年11月期 第1四半期決算短信〔日本基準〕(連結).pdf
   ✅ 保存: 9927_1530_ワットマン_2026年3月期3月度 月次売上状況(単体)のお知らせ.pdf
   ✅ 保存: 9993_1530_ヤマザワ_役員の異動に関するお知らせ.pdf
   ✅ 保存: 9993_1530_ヤマザワ_2026年2月期決算発表の延期に関するお知らせ.pdf
   ✅ 保存: 7883_1505_サンメッセ_第三者割当てによる自己株式の処分に関するお知らせ.pdf
   ✅ 保存: 1447_1500_G-SAAFHD_配当予想の修正(増配・特別配当)に関するお知らせ.pdf
   ✅ 保存: 2687_1500_CVSベイ_投資有価証券売却益及び投資事業組合運用損の計上、特別損失の計上及び繰延税金資産の取り崩し並びに2026年2月期通期業績予想の修正に関するお知らせ.pdf
   ✅ 保存: 2747_1500_北雄ラッキー_2026年2月期決算短信〔日本基準〕(非連結).pdf
   ✅ 保存: 2747_1500_北雄ラッキー_支配株主等に関する事項について.pdf
   ✅ 保存: 3201_1500_ニッケ_2026年11月期 第1四半期決算短信〔日本基準〕(連結).pdf
   ✅ 保存: 3967_1500_G-エルテス_通期連結業績予想の修正及び特別損失の計上に関するお知らせ.pdf
   ✅ 保存: 4673_1500_川崎地質_2026年11月期第1四半期決算短信〔日本基準〕(連結).pdf
   ✅ 保存: 4673_1500_川崎地質_配当予想の修正(増配)に関するお知らせ.pdf
   ✅ 保存: 6897_1500_ツインバード_特別損失の計上、繰延税金資産の取り崩し及び業績予想の修正、並びに役員報酬減額に関するお知らせ.pdf
   ✅ 保存: 7239_1500_タチエス_子会社の異動を伴う株式の取得及び特定子会社の異動に関するお知らせ.pdf
   ✅ 保存: 7611_1500_ハイデ日高_2026年2月期 決算短信〔日本基準〕(非連結).pdf
   ✅ 保存: 7611_1500_ハイデ日高_2026年2月期 ハイデイ日高決算補足説明資料.pdf
   ✅ 保存: 7611_1500_ハイデ日高_剰余金の配当に関するお知らせ.pdf
   ✅ 保存: 7611_1500_ハイデ日高_中期経営計画のローリングに関するお知らせ.pdf
   ✅ 保存: 7741_1500_HOYA_投資単位の引下げに関する考え方および方針等について.pdf
   ✅ 保存: 7811_1500_中本パックス_2026年2月期 決算短信〔日本基準〕(連結).pdf
   ✅ 保存: 7811_1500_中本パックス_剰余金の配当(期末配当)に関するお知らせ.pdf
   ✅ 保存: 7811_1500_中本パックス_取締役ならびに役員の人事異動に関するお知らせ.pdf
   ✅ 保存: 9890_1500_マキヤ_2026年3月期 月次売上速報(3月度)のお知らせ.pdf
   ✅ 保存: 8746_1440_unbanked_(開示事項の追加変更)第三者割当により発行される第3回新株予約権の発行数量変更に関するお知らせ.pdf
   ✅ 保存: 3710_1430_ジョルダン_営業外収益(助成金収入)の計上に関するお知らせ.pdf
   ✅ 保存: 6432_1430_竹内製作所_2026年2月期 決算短信〔日本基準〕(連結).pdf
   ✅ 保存: 6432_1430_竹内製作所_中間配当の実施に関するお知らせ.pdf
   ✅ 保存: 6432_1430_竹内製作所_役員人事に関するお知らせ.pdf
   ...Page 004 を確認中
   ✅ 保存: 2903_1400_シノブフーズ_自己株式の取得状況及び取得終了に関するお知らせ.pdf
   ✅ 保存: 3176_1400_三洋貿易_子会社の異動を伴う株式取得に関するお知らせ.pdf
   ✅ 保存: 4193_1400_ファブリカHD_2026年3月期 月次売上高推移のお知らせ.pdf
   ✅ 保存: 6723_1400_ルネサス_新株式発行又は自己株式の処分に関する発行登録の取り下げ及び新たな発行登録に関するお知らせ.pdf
   ✅ 保存: 8127_1400_ヤマトインター_株主優待制度の変更に関するお知らせ.pdf
   ✅ 保存: 8127_1400_ヤマトインター_2026年8月期第2四半期 決算短信〔日本基準〕(連結).pdf
   ✅ 保存: 8260_1400_井筒屋_2026年2月期 決算短信〔日本基準〕(連結).pdf
   ✅ 保存: 9252_1400_G-ラストワンマイル_(訂正)2026年1月・2月度月次主要KPIに関するお知らせ.pdf
   ✅ 保存: 9313_1400_丸八倉_2026年11月期 第1四半期決算短信[日本基準].pdf
   ✅ 保存: 9974_1400_ベルク_2026年2月期決算短信〔日本基準〕(連結).pdf
   ✅ 保存: 9974_1400_ベルク_中期経営計画の更新に関するお知らせ.pdf
   ✅ 保存: 428A_1300_サイプレスHD_2026年8月期 第2四半期(中間期)決算短信〔IFRS〕(連結).pdf
   ✅ 保存: 7381_1300_CCIグループ_自己株式の取得状況に関するお知らせ.pdf
   ✅ 保存: 9835_1300_ジュンテンド_2026年2月期 決算短信〔日本基準〕(非連結).pdf
   ✅ 保存: 9835_1300_ジュンテンド_2026年2月期 決算補足説明資料.pdf
   ✅ 保存: 9835_1300_ジュンテンド_定款の一部変更に関するお知らせ.pdf
   ✅ 保存: 9835_1300_ジュンテンド_役員の異動に関するお知らせ.pdf
   ✅ 保存: 9956_1300_バローHD_2026年3月期 3月度月次営業情報に関するお知らせ.pdf
   ✅ 保存: 4221_1230_大倉工_合弁会社設立に関するお知らせ(開示事項の経過).pdf
   ✅ 保存: 186A_1200_G-アストロスケール_(開示事項の経過)日本連結子会社におけるJAXA宇宙戦略基金の交付金額の決定に関するお知らせ.pdf
   ✅ 保存: 2750_1200_石光商事_2026年3月度 月次売上高(速報)に関するお知らせ.pdf
   ✅ 保存: 3048_1200_ビックカメラ_2026年8月期第2四半期(中間期)連結業績予想と実績との差異及び通期連結業績予想の修正並びに2026年8月期配当(増配)に関するお知らせ.pdf
   ✅ 保存: 3048_1200_ビックカメラ_2026年8月期 第2四半期(中間期)決算短信〔日本基準〕(連結).pdf
   ✅ 保存: 6334_1200_明治機_「技術開発センター(M-TECH)」の竣工に関するお知らせ.pdf
   ✅ 保存: 6619_1200_WSCOPE_上場維持基準への適合に向けた計画(改善期間入り)について.pdf
   ✅ 保存: 9245_1200_G-リベロ_2026年3月度 月次売上高(速報)および主要KPIに関するお知らせ.pdf
   ✅ 保存: 1326_1140_E-ワールド_SPDRゴールド・シェアに関する日々の開示事項.pdf
   ✅ 保存: 4875_1130_メディシノバ_定時株主総会にかかる基準日設定に関するお知らせ.pdf
   ✅ 保存: 179A_1100_GX超長期米国債H_2026年2月期(2025年8月25日~2026年2月24日)決算短信.pdf
   ✅ 保存: 180A_1100_GX超長期米国債_2026年2月期(2025年8月25日~2026年2月24日)決算短信.pdf
   ✅ 保存: 234A_1100_GXCFキング日株_2026年2月期(2025年8月25日~2026年2月24日)決算短信.pdf
   ✅ 保存: 235A_1100_GX高配当30日株_2026年2月期(2025年8月25日~2026年2月24日)決算短信.pdf
   ✅ 保存: 2674_1100_ハードオフ_2026年3月期3月度店舗売上高および出店状況についてのお知らせ.pdf
   ✅ 保存: 2864_1100_GXロジリート_2026年2月期(2025年8月25日~2026年2月24日)決算短信.pdf
   ✅ 保存: 6255_1100_G-NPC_2026年8月期 第2四半期決算説明会資料.pdf
   ✅ 保存: 9075_1100_福山運_自己株式の取得状況及び取得終了並びに自己株式の消却に関するお知らせ.pdf
   ✅ 保存: 9984_1100_ソフトバンクグループ_国内ハイブリッド社債(利払繰延条項付)の条件決定に関するお知らせ.pdf
   ✅ 保存: 1810_1000_松井建_代表取締役の氏名変更(松井角平襲名)のお知らせ.pdf
   ✅ 保存: 3032_1000_ゴルフ・ドゥ_2026年3月度 ゴルフドゥ!店舗売上高前年対比に関するお知らせ.pdf
   ✅ 保存: 7138_0900_G-TORICO_イーサリアム(ETH)の追加取得に関するお知らせ.pdf
   ✅ 保存: 8129_0900_東邦HD_当社株券等の大規模買付行為等に係る取締役会評価期間の延長に関するお知らせ.pdf
   ✅ 保存: 8410_0900_セブン銀行_2026年3月 月次データ(単体).pdf
   ✅ 保存: 9560_0900_G-プログリット_2026年8月期 第2四半期決算に関する質疑応答(要旨).pdf
   ✅ 保存: 3121_0830_マーチャント_株式会社ウェルディッシュ株式の一部取得のお知らせ.pdf
   ...Page 005 を確認中
   📝 一覧CSV保存: TDnet_Sorted_20260410.csv
   📝 一覧CSV保存（ルート）: TDnet_Sorted_20260410.csv
   📊 日別統計: page_access=5, pdf_success=330, excluded=21

============================================================
✅ ①完了（範囲取得）
   期間: 20260410 ～ 20260410 （mode=day）
   一覧ページアクセス合計: 5
   PDFダウンロード成功合計: 330
   除外件数合計: 21
   保存ルート: G:\マイドライブ\TDnet_Downloads
ルート: G:\マイドライブ\TDnet_Downloads
対象指定: 20260410 mode= day from= 20260410 to= 20260410
対象フォルダ数: 1
検索キーワード: ['価格交渉', '増産', '価格改定', '価格転嫁', '値上', '想定以上', '上方修正', '下方修正', '想定以下', '未達', '大幅', '計画を上', '計画を下', '計画以', '需要回復', '需要の回復', '需要が増', '需要が低', '悪化', 'グローバルニッチトップ', 'トップシェア', 'シェア拡大', 'レアアース']
総PDF数（推定）: 330
[1/1] 日付フォルダ 20260410 を処理中... (このフォルダ内PDF数: 330)
  進捗: 50/330 件のPDFを解析済み
  進捗: 100/330 件のPDFを解析済み
  進捗: 150/330 件のPDFを解析済み
  進捗: 200/330 件のPDFを解析済み
  進捗: 250/330 件のPDFを解析済み
  進捗: 300/330 件のPDFを解析済み
  進捗: 330/330 件のPDFを解析済み
  → 日付フォルダ 20260410 のヒットPDF数: 110

✅ ②A 完了（解析専用・キーワード別ページ列）
解析PDF数: 330
ヒットPDF数: 110
出力CSV: Analysis_Hits_free_word_20260410.csv
保存先: G:\マイドライブ\TDnet_Downloads

✅ ②B 完了（配布用CSV作成・キーワード別ページ列）
出力: PDF_Search_Result_Distribution_free_word_20260410_sh.csv
キーワード列: ['価格交渉', '増産', '価格改定', '価格転嫁', '値上', '想定以上', '上方修正', '下方修正', '想定以下', '未達', '大幅', '計画を上', '計画を下', '計画以', '需要回復', '需要の回復', '需要が増', '需要が低', '悪化', 'グローバルニッチトップ', 'トップシェア', 'シェア拡大', 'レアアース']
突合除外件数: 0
空欄アラート件数: 0
