============================================
 TDnet auto run: 20260710
 Start: 2026-07-10 23:00:01
============================================

$ C:\Users\onok\AppData\Local\Python\pythoncore-3.14-64\python.exe -u ①_tdnetアクセスしてダウンロードする処理（月日付別フォルダ保存）.py --target 20260710 --save-root G:\マイドライブ\TDnet_Downloads
🎯 対象指定: 20260710（mode=day, from=20260710, to=20260710）
📁 保存ルート: G:\マイドライブ\TDnet_Downloads

============================================================
📅 日付: 20260710 を処理します
   ...Page 001 を確認中
   ✅ 保存: 1485_1850_MXS J積極投資_「MAXIS JAPAN 設備・人材積極投資企業200上場投信」の基準価額と市場価格の重要な乖離に関するお知らせ.pdf
   ✅ 保存: 3260_1820_エスポア_当社株式の監理銘柄(審査中)の指定に関するお知らせ.pdf
   ✅ 保存: 8367_1820_南都銀_取引先の破産手続開始決定に関するお知らせ(当行業績予想の変更なし).pdf
   ✅ 保存: 402A_1800_G-アクセルスペース_次世代地球観測衛星「GRUS-3」クリティカル運用完了のお知らせ.pdf
   ✅ 保存: 581A_1800_G-GO_第三者割当増資の結果に関するお知らせ.pdf
   ✅ 保存: 7523_1740_アールビバン_株式会社Orsayによるアールビバン株式会社株式(証券コード_7523)に対する公開買付けの開始に関するお知らせ.pdf
   ✅ 保存: 7523_1740_アールビバン_2027年3月期 中間配当及び期末配当予想の修正(無配)に関するお知らせ.pdf
   ✅ 保存: 7523_1740_アールビバン_MBOの実施及び応募の推奨に関するお知らせ.pdf
   ✅ 保存: 7744_1730_ノーリツ鋼機_AlphaTheta株式会社によるMAVEN SAS株式取得に関するお知らせ.pdf
   ✅ 保存: 1717_1715_明豊ファシリティ_譲渡制限付株式報酬としての自己株式の処分の払込完了に関するお知らせ.pdf
   ✅ 保存: 1717_1715_明豊ファシリティ_株式報酬型ストック・オプションの発行内容の確定に関するお知らせ.pdf
   ✅ 保存: 3771_1715_システムリサーチ_譲渡制限付株式報酬としての自己株式の処分に関するお知らせ.pdf
   ✅ 保存: 3454_1700_ファーストブラザーズ_2026年11月期 第2四半期(中間期) 決算短信〔日本基準〕(連結).pdf
   ✅ 保存: 3454_1700_ファーストブラザーズ_2026年11月期 第2四半期 決算説明資料.pdf
   ✅ 保存: 3454_1700_ファーストブラザーズ_株主還元方針および株価と株主資本コストを意識した事業の方向性について.pdf
   ✅ 保存: 3559_1700_ピーバンドットコム_譲渡制限付株式報酬としての自己株式の処分に関するお知らせ.pdf
   ✅ 保存: 3690_1700_イルグルム_完全子会社の吸収合併(簡易・略式合併)に関する基本合意のお知らせ.pdf
   ✅ 保存: 4819_1700_デジタルガレージ_ストックオプション(新株予約権)の発行内容確定に関するお知らせ.pdf
   ✅ 保存: 5129_1700_G-FIXER_2026年8月期第3四半期決算短信〔日本基準〕(連結).pdf
   ✅ 保存: 5129_1700_G-FIXER_2026年8月期 第3四半期決算説明資料.pdf
   ✅ 保存: 6040_1700_G-日本スキー_株主優待制度の一部変更(オンライン化及び割引率の見直し)に関するお知らせ.pdf
   ✅ 保存: 7199_1700_プレミアグループ_無担保社債発行に関するお知らせ.pdf
   ✅ 保存: 7199_1700_プレミアグループ_個人投資家向け社債「カープレミア債」発行に関するお知らせ.pdf
   ✅ 保存: 7199_1700_プレミアグループ_プレミアグループ、初となる社債発行の条件決定、及び個人投資家向け「カープレミア債」の発行予定に関するお知らせ.pdf
   ✅ 保存: 7487_1700_小津産業_2026年5月期 決算短信〔日本基準〕(連結).pdf
   ✅ 保存: 7487_1700_小津産業_剰余金の配当(増配及び記念配当)に関するお知らせ.pdf
   ✅ 保存: 7487_1700_小津産業_中期経営計画の修正に関するお知らせ.pdf
   ✅ 保存: 7487_1700_小津産業_2026年5月期 決算説明資料.pdf
   ✅ 保存: 7504_1700_高速_譲渡制限付株式報酬としての自己株式の処分に関するお知らせ.pdf
   ✅ 保存: 7504_1700_高速_株式インセンティブ制度、人材投資及び業績推移の概要.pdf
   ✅ 保存: 8117_1700_中央自動車工業_譲渡制限付株式報酬としての自己株式の処分に関するお知らせ.pdf
   ✅ 保存: 278A_1630_G-テラドローン_第18回新株予約権(行使価額修正条項付)の大量行使、行使の完了及び月間行使状況に関するお知らせ.pdf
   ✅ 保存: 4577_1630_ダイト_2026年5月期 決算短信〔日本基準〕(連結).pdf
   ✅ 保存: 4577_1630_ダイト_代表取締役の異動及び新任取締役候補者の選任ならびに執行役員の異動に関するお知らせ.pdf
   ✅ 保存: 4577_1630_ダイト_自己株式の取得及び自己株式立会外買付取引(ToSTNeT-3)による自己株式の買付けに関するお知らせ.pdf
   ✅ 保存: 5451_1630_ヨドコウ_譲渡制限付株式報酬としての自己株式の処分に関するお知らせ.pdf
   ✅ 保存: 7049_1630_G-識学_2027年2月期第1四半期決算短信〔日本基準〕(連結).pdf
   ✅ 保存: 7049_1630_G-識学_2027年2月期 第1四半期決算説明資料.pdf
   ✅ 保存: 7049_1630_G-識学_連結子会社によるネクサスホールディングス株式会社の株式の取得(孫会社化) に関するお知らせ.pdf
   ✅ 保存: 7049_1630_G-識学_2027年2月期通期連結業績予想の開示に関するお知らせ.pdf
   ✅ 保存: 8130_1630_サンゲツ_譲渡制限付株式報酬としての自己株式の処分の払込完了に関するお知らせ.pdf
   ✅ 保存: 8938_1630_G-グロームHD_(開示の経過)系統用蓄電所第2号施設の検収、引渡し完了に関するお知らせ.pdf
   ✅ 保存: 9507_1630_四国電力_当社子会社の四国電力送配電(株)による託送料金における収入の見通しの変更承認申請について.pdf
   ✅ 保存: 9511_1630_沖縄電力_託送供給等に係る収入の見通しの変更に関する承認申請について.pdf
   ✅ 保存: 9861_1630_吉野家HD_当社子会社によるKizuki International LLC の持分の取得(孫会社の異動) および第三者割当の方法による当社自己株式の処分に関するお知らせ.pdf
   ✅ 保存: 9861_1630_吉野家HD_自己株式の取得に係る事項の決定に関するお知らせ (会社法第165条第2項の規定による定款の定めに基づく自己株式の取得).pdf
   ✅ 保存: 9257_1615_G-YCP_当社子会社による立会外終値取引(ToSTNeT-2)を通じた当社JDRの買付けに関するお知らせ.pdf
   ✅ 保存: 2459_1600_アウン_2026年5月期 決算短信〔日本基準〕(連結).pdf
   ✅ 保存: 2459_1600_アウン_2026年5月期 決算補足資料.pdf
   ✅ 保存: 249A_1600_P-ヒューマンA_ストック・オプション(新株予約権)の発行内容確定に関するお知らせ.pdf
   ✅ 保存: 3046_1600_JINSHD_2026年8月期 第3四半期決算短信〔日本基準〕(連結).pdf
   ✅ 保存: 3175_1600_APHD_月次営業レポート(2026年6月度).pdf
   ✅ 保存: 3306_1600_日製麻_第1回新株予約権の譲渡の承認に関するお知らせ.pdf
   ✅ 保存: 3392_1600_デリカフーズHD_譲渡制限付株式報酬としての自己株式の処分に関するお知らせ.pdf
   ✅ 保存: 3399_1600_山岡家_2027年1月期6月度売上高速報及び概況等について.pdf
   ✅ 保存: 3550_1600_G-スタジオアタオ_2027年2月期 第1四半期決算短信〔日本基準〕(非連結).pdf
   ✅ 保存: 3726_1600_フォーシーズHD_資金使途変更に関するお知らせ.pdf
   ✅ 保存: 3726_1600_フォーシーズHD_(開示事項の経過)系統用蓄電所土地及び電力接続権譲渡における進捗のお知らせ.pdf
   ✅ 保存: 374A_1600_P-樋口総合研究所_投資有価証券売却益(営業外収益)の計上及び業績予想の修正に関するお知らせ.pdf
   ✅ 保存: 3817_1600_SRAHD_2026年6月 月次売上高速報.pdf
   ✅ 保存: 4202_1600_ダイセル_台湾における合弁会社(連結子会社)の設立に関するお知らせ.pdf
   ✅ 保存: 4202_1600_ダイセル_譲渡制限付株式報酬としての自己株式の処分に関するお知らせ.pdf
   ✅ 保存: 4202_1600_ダイセル_従業員持株会向け譲渡制限付株式インセンティブとしての自己株式の処分に関するお知らせ.pdf
   ✅ 保存: 4202_1600_ダイセル_業績連動型株式報酬制度(PSU)に基づくユニットの付与に関するお知らせ.pdf
   ✅ 保存: 4318_1600_クイック_取締役に対する譲渡制限付株式報酬としての自己株式の処分に関するお知らせ.pdf
   ✅ 保存: 4645_1600_市進HD_2027年2月期 第1四半期決算短信〔日本基準〕(連結).pdf
   ✅ 保存: 4714_1600_リソー教育G_2027年2月期 第1四半期決算短信〔日本基準〕(連結).pdf
   ✅ 保存: 4714_1600_リソー教育G_2027年2月期(第42期)第1四半期経営成績について.pdf
   ✅ 保存: 4829_1600_日本エンタープライズ_2026年5月期 決算短信〔日本基準〕(連結).pdf
   ✅ 保存: 4829_1600_日本エンタープライズ_2026年5月期通期業績予想と実績値との差異に関するお知らせ.pdf
   ...Page 002 を確認中
   ✅ 保存: 4833_1600_G-Defコンサル_第三者割当による発行される第9回新株予約権の払込完了に関するお知らせ.pdf
   ✅ 保存: 5357_1600_ヨータイ_譲渡制限付株式報酬としての自己株式の処分に関するお知らせ.pdf
   ✅ 保存: 5445_1600_東京鉄_譲渡制限付株式報酬としての自己株式の処分に関するお知らせ.pdf
   ✅ 保存: 5951_1600_ダイニチ工_譲渡制限付株式報酬としての自己株式の処分に関するお知らせ.pdf
   ✅ 保存: 5982_1600_マルゼン_2027年2月期 第1四半期決算短信〔日本基準〕(連結).pdf
   ✅ 保存: 6118_1600_アイダ_自己株式の取得に係る事項の決定及び自己株式の消却に関するお知らせ.pdf
   ✅ 保存: 6165_1600_パンチ_譲渡制限付株式報酬としての自己株式の処分に関するお知らせ.pdf
   ✅ 保存: 6506_1600_安川電_2027年2月期 第1四半期決算短信〔IFRS〕(連結).pdf
   ✅ 保存: 6555_1600_MSコンサル_2027年2月期第1四半期決算短信〔IFRS〕(連結).pdf
   ✅ 保存: 6555_1600_MSコンサル_2027年2月期第1四半期決算説明資料.pdf
   ✅ 保存: 6988_1600_日東電_自己株式取得状況に関するお知らせ.pdf
   ✅ 保存: 7063_1600_G-Birdman_調達資金の資金使途及び支出時期の変更に関するお知らせ.pdf
   ✅ 保存: 7063_1600_G-Birdman_固定資産(系統用蓄電池設備)の取得に関するお知らせ.pdf
   ✅ 保存: 7578_1600_ニチリョク_定時株主総会の決議に関するお知らせ.pdf
   ✅ 保存: 7607_1600_進和_2026年8月期第3四半期決算短信〔日本基準〕(連結).pdf
   ✅ 保存: 7871_1600_フクビ化学工業_譲渡制限付株式報酬としての自己株式の処分の払込完了に関するお知らせ.pdf
   ✅ 保存: 7918_1600_ヴィアHD_2026年6月度 月次速報.pdf
   ✅ 保存: 8219_1600_青山商_執行役員の異動に関するお知らせ.pdf
   ✅ 保存: 8366_1600_滋賀銀_譲渡制限付株式報酬としての自己株式の処分の払込完了に関するお知らせ.pdf
   ✅ 保存: 9270_1600_G-バリュエンスHD_2026年8月期 第3四半期決算短信〔日本基準〕(連結).pdf
   ✅ 保存: 9270_1600_G-バリュエンスHD_2026年8月期 第3四半期決算説明資料.pdf
   ✅ 保存: 9425_1600_ReYuuJapan_蓄電池設備及び土地に係る権利の譲渡に関するお知らせ.pdf
   ✅ 保存: 9425_1600_ReYuuJapan_2026年10月期通期業績予想の修正に関するお知らせ.pdf
   ✅ 保存: 9746_1600_TKC_自己株式の取得及び自己株式立会外買付取引(ToSTNeT-3)による 自己株式の買付並びに自己株式の消却に関するお知らせ.pdf
   ✅ 保存: 9761_1600_東海リース_譲渡制限付株式報酬としての自己株式の処分に関するお知らせ.pdf
   ✅ 保存: 7883_1550_サンメッセ_譲渡制限付株式報酬としての自己株式の処分に関するお知らせ.pdf
   ✅ 保存: 2769_1540_ヴィレッジV_2026年5月期 決算短信〔日本基準〕(連結).pdf
   ✅ 保存: 2769_1540_ヴィレッジV_取締役および監査役選任に関するお知らせ.pdf
   ✅ 保存: 2769_1540_ヴィレッジV_種類株式に係る余剰金の配当に関するお知らせ.pdf
   ✅ 保存: 6103_1540_オークマ_自己株式の取得状況に関するお知らせ.pdf
   ✅ 保存: 7427_1540_エコーTD_2027年2月期 第1四半期決算短信〔日本基準〕(連結).pdf
   ✅ 保存: 7427_1540_エコーTD_譲渡制限付株式報酬としての新株式の発行の払込完了に関するお知らせ.pdf
   ✅ 保存: 2531_1535_宝HLD_投資有価証券売却に伴う特別利益の計上に関するお知らせ.pdf
   ✅ 保存: 3769_1531_GMOPG_無担保社債発行に関するお知らせ.pdf
   ✅ 保存: 137A_1530_G-Cocolive_2026年5月期 決算短信〔日本基準〕(非連結).pdf
   ✅ 保存: 137A_1530_G-Cocolive_2026年5月期 通期決算説明資料.pdf
   ✅ 保存: 141A_1530_G-トライアル_2026年6月度 月次売上高速報(小売).pdf
   ✅ 保存: 1446_1530_キャンディル_資金の借入及び財務上の特約が付された金銭消費貸借契約の締結に関するお知らせ.pdf
   ✅ 保存: 205A_1530_G-ロゴスHD_2026年6月度 受注速報.pdf
   ✅ 保存: 2130_1530_メンバーズ_決算発表予定のお知らせ.pdf
   ✅ 保存: 2157_1530_コシダカHD_2026年8月期 第3四半期決算短信〔日本基準〕(連結).pdf
   ✅ 保存: 2157_1530_コシダカHD_2026年8月期第3四半期 決算補足説明資料.pdf
   ✅ 保存: 2157_1530_コシダカHD_2026年8月期(第57期)配当予想の修正に関するお知らせ.pdf
   ✅ 保存: 2157_1530_コシダカHD_株主優待制度の変更に関するお知らせ.pdf
   ✅ 保存: 215A_1530_G-タイミー_よくある質問と回答(2026年7月).pdf
   ✅ 保存: 2294_1530_柿安本店_2027年4月期6月度の売上高についてのお知らせ.pdf
   ✅ 保存: 2379_1530_ディップ_当社取締役に対する業績連動型株式報酬制度(役員報酬BIP信託)の継続に伴う自己株式処分に関するお知らせ.pdf
   ✅ 保存: 2379_1530_ディップ_2027年2月期第1四半期決算短信〔日本基準〕(連結).pdf
   ✅ 保存: 2432_1530_ディーエヌエー_自己株式取得状況に関するお知らせ(2026年7月度)及び取得終了に関するお知らせ.pdf
   ✅ 保存: 2653_1530_イオン九州_2027年2月期 第1四半期決算短信〔日本基準〕(連結).pdf
   ✅ 保存: 2653_1530_イオン九州_2027年2月期(第55期)第1四半期 決算補足資料.pdf
   ✅ 保存: 2669_1530_カネ美食品_2027年2月期 第1四半期決算短信〔日本基準〕(非連結).pdf
   ✅ 保存: 2683_1530_魚喜_2027年2月期 第1四半期決算短信〔日本基準〕(連結).pdf
   ✅ 保存: 2687_1530_CVSベイ_2027年2月期 第1四半期決算短信〔日本基準〕(連結).pdf
   ✅ 保存: 274A_1530_ガーデン_2027年2月期6月度 直営店売上速報についてのお知らせ.pdf
   ✅ 保存: 2923_1530_サトウ食品_投資単位の引下げに関する考え方及び方針等について.pdf
   ✅ 保存: 2999_1530_ホームポジション_2026年8月期 第3四半期決算短信〔日本基準〕(非連結).pdf
   ✅ 保存: 2999_1530_ホームポジション_業績予想の修正に関するお知らせ.pdf
   ✅ 保存: 3063_1530_G-jGroup_2027年2月期 第1四半期決算短信〔日本基準〕(連結).pdf
   ✅ 保存: 3063_1530_G-jGroup_2027年2月期第1四半期決算説明資料.pdf
   ✅ 保存: 3064_1530_MRO_2026年12月期6月度月次業績に関するお知らせ.pdf
   ✅ 保存: 3088_1530_マツキヨココカラ_譲渡制限付株式報酬としての自己株式の処分に関するお知らせ.pdf
   ✅ 保存: 3116_1530_トヨタ紡織_譲渡制限付株式報酬としての自己株式の処分の払込完了に関するお知らせ.pdf
   ✅ 保存: 3178_1530_チムニー_2026年6月度 月次売上・出店状況について.pdf
   ✅ 保存: 3192_1530_白鳩_2026年11月期第2四半期(中間期)決算短信〔日本基準〕(非連結).pdf
   ✅ 保存: 3199_1530_綿半ホールディングス_2027年3月期 月次動向(6月度).pdf
   ✅ 保存: 3260_1530_エスポア_第三者委員会の再設置に関するお知らせ.pdf
   ✅ 保存: 3260_1530_エスポア_2027年2月期第1四半期決算短信の開示が四半期末後45日を超えることに関するお知らせ.pdf
   ✅ 保存: 3280_1530_エストラスト_2027年2月期第1四半期決算短信〔日本基準〕(連結).pdf
   ✅ 保存: 3280_1530_エストラスト_2027年2月期(第29期)第1四半期 決算説明資料.pdf
   ✅ 保存: 3353_1530_メディ一光G_2027年2月期 第1四半期決算短信〔日本基準〕(連結).pdf
   ✅ 保存: 3384_1530_アークコア_2027年2月期第1四半期決算短信[日本基準](非連結).pdf
   ✅ 保存: 3446_1530_JTECCORP_通期連結業績予想の修正に関するお知らせ.pdf
   ✅ 保存: 3446_1530_JTECCORP_決算期(事業年度の末日)の変更及び定款の一部変更に関するお知らせ.pdf
   ✅ 保存: 3455_1530_R-HCM_2026年7月期(第23期)投資主優待制度の概要決定に関するお知らせ.pdf
   ✅ 保存: 3474_1530_G-G-FAC_会社分割(簡易吸収分割)による権利義務の承継に関するお知らせ.pdf
   ✅ 保存: 3542_1530_G-VEGA_2026年6月の月次業績に関するお知らせ.pdf
   ✅ 保存: 3560_1530_ほぼ日_2026年8月期第3四半期決算短信〔日本基準〕(非連結).pdf
   ✅ 保存: 3627_1530_テクミラ_2027年2月期 第1四半期決算短信〔日本基準〕(連結).pdf
   ✅ 保存: 3627_1530_テクミラ_2027年2月期第1四半期 決算説明資料.pdf
   ✅ 保存: 3672_1530_オルトプラス_第12回新株予約権の行使価額の修正に関するお知らせ.pdf
   ✅ 保存: 3815_1530_G-メディア_2026年8月期 第3四半期決算短信〔日本基準〕(連結).pdf
   ✅ 保存: 3996_1530_サインポスト_2027年2月期 第1四半期決算短信〔日本基準〕(非連結).pdf
   ✅ 保存: 3996_1530_サインポスト_業績予想の修正及び配当予想の修正に関するお知らせ.pdf
   ✅ 保存: 4045_1530_東亜合_自己株式の取得状況および取得終了に関するお知らせ.pdf
   ✅ 保存: 4176_1530_G-ココナラ_2026年8月期 第3四半期決算短信〔日本基準〕(連結).pdf
   ✅ 保存: 4176_1530_G-ココナラ_2026年8月期第3四半期決算説明資料.pdf
   ✅ 保存: 4343_1530_イオンファン_2027年2月期第1四半期決算短信〔日本基準〕(連結).pdf
   ✅ 保存: 4343_1530_イオンファン_2027年2月期第1四半期補足資料.pdf
   ✅ 保存: 4343_1530_イオンファン_営業外収益及び特別利益並びに特別損失の計上に関するお知らせ.pdf
   ✅ 保存: 4370_1530_G-モビルス_2026年8月期 第3四半期決算短信〔日本基準〕(連結).pdf
   ✅ 保存: 4370_1530_G-モビルス_2026年8月期第3四半期 決算説明資料.pdf
   ✅ 保存: 4388_1530_エーアイ_自己株式の取得状況に関するお知らせ.pdf
   ✅ 保存: 4553_1530_東和薬品_譲渡制限付株式報酬としての自己株式の処分の払込完了に関するお知らせ.pdf
   ✅ 保存: 4760_1530_アルファ_2026年8月期 第3四半期決算短信〔日本基準〕(連結).pdf
   ✅ 保存: 4992_1530_北興化_2026年11月期 第2四半期(中間期)決算短信〔日本基準〕(連結).pdf
   ✅ 保存: 4992_1530_北興化_自己株式取得に係る事項の決定に関するお知らせ.pdf
   ✅ 保存: 5271_1530_トーヨーアサノ_2027年2月期 第1四半期決算短信〔日本基準〕(連結).pdf
   ✅ 保存: 5884_1530_G-クラダシ_募集新株予約権(有償ストック・オプション)の発行内容確定に関するお知らせ.pdf
   ✅ 保存: 5900_1530_ダイケン_2027年2月期 第1四半期決算短信〔日本基準〕(連結).pdf
   ...Page 003 を確認中
   ✅ 保存: 5909_1530_コロナ_特定譲渡制限付株式報酬としての自己株式の処分の払込完了に関するお知らせ.pdf
   ✅ 保存: 5967_1530_TONE_2026年5月期 決算短信〔日本基準〕(連結).pdf
   ✅ 保存: 5967_1530_TONE_取締役会の実効性評価の結果の概要に関するお知らせ.pdf
   ✅ 保存: 5976_1530_ネツレン_自己株式の取得状況に関するお知らせ(会社法第165条第2項の規定による定款の定めに基づく自己株式の取得).pdf
   ✅ 保存: 6071_1530_IBJ_特別損失(投資有価証券評価損)の計上に関するお知らせ.pdf
   ✅ 保存: 6098_1530_リクルートHD_ストックオプション(新株予約権)の発行について.pdf
   ✅ 保存: 6136_1530_OSG_2026年11月期 第2四半期(中間期)決算短信〔日本基準〕(連結).pdf
   ✅ 保存: 6136_1530_OSG_業績予想及び配当予想の修正に関するお知らせ.pdf
   ✅ 保存: 6224_1530_G-JRC_譲渡制限付株式報酬としての自己株式の処分の払込完了に関するお知らせ.pdf
   ✅ 保存: 6255_1530_G-NPC_2026年8月期 第3四半期決算短信〔日本基準〕(連結).pdf
   ✅ 保存: 6289_1530_技研製作所_自己株式の消却完了に関するお知らせ.pdf
   ✅ 保存: 6289_1530_技研製作所_2026年8月期 第3四半期決算説明資料に関するお知らせ.pdf
   ✅ 保存: 6289_1530_技研製作所_2026年8月期 第3四半期決算短信〔日本基準〕(連結).pdf
   ✅ 保存: 6328_1530_荏原実業_自己株式の取得状況及び取得終了に関するお知らせ.pdf
   ✅ 保存: 6380_1530_オリチエン工業_募集新株予約権(有償ストック・オプション)の払込手続完了及び一部失権に関するお知らせ.pdf
   ✅ 保存: 6390_1530_加藤製_連結子会社の持分譲渡に関するお知らせ.pdf
   ✅ 保存: 6390_1530_加藤製_譲渡制限付株式報酬としての自己株式処分に関するお知らせ.pdf
   ✅ 保存: 6623_1530_愛知電_譲渡制限付株式報酬としての自己株式の処分に関するお知らせ.pdf
   ✅ 保存: 6664_1530_オプトエレクト_2026年11月期 第2四半期(中間期)決算短信〔日本基準〕(連結).pdf
   ✅ 保存: 6664_1530_オプトエレクト_2026年11月期通期業績予想に関するお知らせ.pdf
   ✅ 保存: 6668_1530_アドテック プラズマ_2026年8月期第3四半期決算短信〔日本基準〕(連結).pdf
   ✅ 保存: 6668_1530_アドテック プラズマ_業績予想及び配当予想の修正に関するお知らせ.pdf
   ✅ 保存: 6701_1530_NEC_セグメント変更のお知らせ.pdf
   ✅ 保存: 6724_1530_エプソン_譲渡制限付株式報酬としての自己株式の処分の払込完了に関するお知らせ.pdf
   ✅ 保存: 6727_1530_ワコム_譲渡制限付株式報酬としての自己株式の処分に関するお知らせ.pdf
   ✅ 保存: 6788_1530_日本トリム_譲渡制限付株式報酬としての自己株式の処分の払込完了に関するお知らせ.pdf
   ✅ 保存: 6814_1530_古野電気_2027年2月期 第1四半期決算短信〔日本基準〕(連結).pdf
   ✅ 保存: 6918_1530_アバール_譲渡制限付株式報酬としての自己株式の処分に関するお知らせ.pdf
   ✅ 保存: 7034_1530_プロレドパートナーズ_ファンドへの出資に関するお知らせ.pdf
   ✅ 保存: 7132_1530_P-フローバル_自己株式取得に係る事項の決定に関するお知らせ.pdf
   ✅ 保存: 7181_1530_かんぽ生命保険_かんぽ生命とSCORによる民営化前契約の出再(再再保険)とSCORが設立する再保険ビークルへの出資に関する覚書の締結.pdf
   ✅ 保存: 7219_1530_HKS_2026年8月期第3四半期決算短信〔日本基準〕(連結).pdf
   ✅ 保存: 7219_1530_HKS_2026年8月期通期連結業績予想の修正に関するお知らせ.pdf
   ✅ 保存: 7270_1530_SUBARU_譲渡制限付株式報酬としての自己株式の処分に関するお知らせ.pdf
   ✅ 保存: 7313_1530_TSテック_譲渡制限付株式報酬としての自己株式の処分の払込完了に関するお知らせ.pdf
   ✅ 保存: 7373_1530_G-アイドマHD_2026年8月期 第3四半期決算短信〔日本基準〕(連結).pdf
   ✅ 保存: 7373_1530_G-アイドマHD_2026年8月期 第3四半期決算説明資料.pdf
   ✅ 保存: 7373_1530_G-アイドマHD_連結業績予想の修正に関するお知らせ.pdf
   ✅ 保存: 7373_1530_G-アイドマHD_自己株式取得に係る事項の決定に関するお知らせ.pdf
   ✅ 保存: 7453_1530_良品計画_2026年8月期 第3四半期決算短信〔日本基準〕(連結).pdf
   ✅ 保存: 7453_1530_良品計画_業績予想の修正に関するお知らせ.pdf
   ✅ 保存: 7463_1530_アドヴァングループ_2027年3月期 第1四半期決算短信〔日本基準〕(連結).pdf
   ✅ 保存: 7501_1530_ティムコ_特別損失の計上及び通期業績予想の取り下げに関するお知らせ.pdf
   ✅ 保存: 7501_1530_ティムコ_2026年11月期 第2四半期(中間期)決算短信〔日本基準〕(非連結).pdf
   ✅ 保存: 7512_1530_イオン北海_2027年2月期 第1四半期決算短信〔日本基準〕(非連結).pdf
   ✅ 保存: 7512_1530_イオン北海_2027年2月期(第49期) 第1四半期 決算補足資料.pdf
   ✅ 保存: 7514_1530_ヒマラヤ_2026年8月期 第3四半期決算短信〔日本基準〕(連結).pdf
   ✅ 保存: 7516_1530_コーナン商_2027年2月期 第1四半期決算短信〔日本基準〕(連結).pdf
   ✅ 保存: 7516_1530_コーナン商_2027年2月期 第1四半期決算説明会資料.pdf
   ✅ 保存: 7532_1530_パンパシフィックHD_月次販売高状況のお知らせ.pdf
   ✅ 保存: 7603_1530_ジーイエット_株主優待制度の変更に関するお知らせ.pdf
   ✅ 保存: 7603_1530_ジーイエット_特別利益、特別損失、営業外収益及び営業外費用の計上並びに暗号資産建てファンドに係る会計処理の変更に関するお知らせ.pdf
   ✅ 保存: 7603_1530_ジーイエット_2027年2月期 第1四半期決算短信〔日本基準〕(連結).pdf
   ✅ 保存: 7744_1530_ノーリツ鋼機_剰余金の配当(中間配当)に関するお知らせ.pdf
   ✅ 保存: 7928_1530_旭化学_2026年8月期 第3四半期決算短信〔日本基準〕(連結).pdf
   ✅ 保存: 7994_1530_オカムラ_譲渡制限付株式報酬としての自己株式の処分に関するお知らせ.pdf
   ✅ 保存: 8008_1530_4°C HD_2027年2月期第2四半期(中間期)および 2027年2月期通期連結業績予想の修正に関するお知らせ.pdf
   ✅ 保存: 8008_1530_4°C HD_2027年2月期 第1四半期決算短信〔日本基準〕(連結).pdf
   ✅ 保存: 8127_1530_ヤマトインター_2026年8月期 第3四半期決算短信〔日本基準〕(連結).pdf
   ✅ 保存: 8132_1530_シナネンHD_事後交付型業績連動型株式報酬制度に基づく自己株式処分に関するお知らせ.pdf
   ✅ 保存: 8185_1530_チヨダ_2027年2月期 第1四半期決算短信[日本基準](連結).pdf
   ✅ 保存: 8200_1530_リンガーハット_2027年2月期 第1四半期決算短信[日本基準](連結).pdf
   ✅ 保存: 8200_1530_リンガーハット_2027年2月期 第1四半期決算説明補足資料.pdf
   ✅ 保存: 8244_1530_近鉄百貨店_業績予想(連結・個別)の修正に関するお知らせ.pdf
   ✅ 保存: 8244_1530_近鉄百貨店_2027年2月期 第1四半期決算短信[日本基準](連結).pdf
   ✅ 保存: 8260_1530_井筒屋_2027年2月期 第1四半期決算短信〔日本基準〕(連結).pdf
   ✅ 保存: 8267_1530_イオン_イオン(株)6月度連結営業概況.pdf
   ✅ 保存: 8267_1530_イオン_2027年2月期 第1四半期決算説明会資料.pdf
   ✅ 保存: 8267_1530_イオン_2027年2月期 第1四半期決算短信〔日本基準〕(連結).pdf
   ✅ 保存: 8267_1530_イオン_2027年2月期 第1四半期決算補足資料(第102期).pdf
   ✅ 保存: 8818_1530_京阪神ビ_従業員持株会を通じた株式付与としての自己株式処分の払込完了に関するお知らせ.pdf
   ✅ 保存: 8908_1530_毎日コムネット_2026年5月期決算短信〔日本基準〕(連結).pdf
   ✅ 保存: 8927_1530_明豊エンター_2026年7月期 連結業績予想の修正に関するお知らせ.pdf
   ✅ 保存: 8927_1530_明豊エンター_2026年7月期の期末配当予想の修正(増配)及び株主優待制度変更に関するお知らせ.pdf
   ✅ 保存: 8931_1530_和田興産_2027年2月期第1四半期決算短信〔日本基準〕(非連結).pdf
   ✅ 保存: 8957_1530_R-東急RE_コミットメントライン契約の変更に関するお知らせ.pdf
   ✅ 保存: 9041_1530_近鉄GHD_連結子会社(株式会社近鉄百貨店)の業績予想の修正に関するお知らせ.pdf
   ✅ 保存: 9233_1530_アジア航測_2026年9月期通期業績予想の修正に関するお知らせ.pdf
   ✅ 保存: 9345_1530_G-ビズメイツ_株式会社ヒップスターゲートの株式取得及び簡易株式交換に関する補足資料及び説明動画のお知らせ.pdf
   ✅ 保存: 9364_1530_上組_取締役に対する譲渡制限付株式報酬としての自己株式の処分に関するお知らせ.pdf
   ✅ 保存: 9629_1530_ピーシーエー_事後交付型株式報酬としての自己株式の処分の払込完了に関するお知らせ.pdf
   ✅ 保存: 9647_1530_協和コンサル_2026年11月期 第2四半期(中間期)決算短信〔日本基準〕(連結).pdf
   ✅ 保存: 9720_1530_ニューグランド_2026年11月期 第2四半期(中間期)決算短信[日本基準](非連結).pdf
   ✅ 保存: 9812_1530_テーオーHD_通期連結業績予想の修正に関するお知らせ.pdf
   ✅ 保存: 9876_1530_コックス_2027年2月期第1四半期決算短信〔日本基準〕(連結).pdf
   ✅ 保存: 9890_1530_マキヤ_2027年3月期 月次売上速報(6月度)のお知らせ.pdf
   ✅ 保存: 9930_1530_北沢産業_特別利益(投資有価証券売却益)の計上に関するお知らせ.pdf
   ✅ 保存: 9956_1530_バローHD_(開示事項の経過)資本業務提携に伴うコーナン商事株式会社による 当社普通株式の取得完了に関するお知らせ.pdf
   ✅ 保存: 2747_1500_北雄ラッキー_2027年2月期第1四半期決算短信〔日本基準〕(非連結).pdf
   ✅ 保存: 3036_1500_アルコニックス_譲渡制限付株式報酬としての新株式の発行に関するお知らせ.pdf
   ✅ 保存: 3189_1500_ANAP_ストック・オプション(新株予約権)の発行内容確定に関するお知らせ.pdf
   ✅ 保存: 3946_1500_トーモク_譲渡制限付株式報酬としての自己株式の処分の払込完了に関するお知らせ.pdf
   ✅ 保存: 5461_1500_中部鋼鈑_譲渡制限付株式報酬としての自己株式の処分の払込完了に関するお知らせ.pdf
   ✅ 保存: 7791_1500_ドリームベッド_譲渡制限付株式報酬としての自己株式の処分に関するお知らせ.pdf
   ✅ 保存: 7791_1500_ドリームベッド_従業員持株会向け譲渡制限付株式インセンティブとしての自己株式の処分に関するお知らせ.pdf
   ✅ 保存: 7811_1500_中本パックス_2027年2月期 第1四半期決算短信〔日本基準〕(連結).pdf
   ✅ 保存: 8198_1500_MV東海_2027年2月期 第1四半期決算短信〔日本基準〕(連結).pdf
   ✅ 保存: 8198_1500_MV東海_2027年2月期第1四半期 決算参考資料.pdf
   ✅ 保存: 8416_1500_高知銀行_債権の取立不能または取立遅延のおそれに関するお知らせ.pdf
   ✅ 保存: 8584_1500_ジャックス_譲渡制限付株式報酬としての自己株式の処分に関するお知らせ.pdf
   ...Page 004 を確認中
   ✅ 保存: 8747_1500_豊トラスティ証券_連結総資産の減少に関するお知らせ.pdf
   ✅ 保存: 5803_1430_フジクラ_特定子会社の異動(株式譲渡)に関するお知らせ.pdf
   ✅ 保存: 6432_1430_竹内製作所_2027年2月期第1四半期決算短信〔日本基準〕(連結).pdf
   ✅ 保存: 7337_1430_ひろぎんHD_譲渡制限付株式報酬としての自己株式の処分の払込完了に関するお知らせ.pdf
   ✅ 保存: 7475_1430_アルビス_譲渡制限付株式報酬としての自己株式の処分の払込完了に関するお知らせ.pdf
   ✅ 保存: 2903_1400_シノブフーズ_自己株式の取得状況に関するお知らせ.pdf
   ✅ 保存: 3763_1400_プロシップ_譲渡制限付株式報酬としての自己株式の処分に関するお知らせ.pdf
   ✅ 保存: 4193_1400_ファブリカHD_2027年3月期 月次売上高推移のお知らせ.pdf
   ✅ 保存: 6272_1400_レオン自機_譲渡制限付株式報酬としての自己株式の処分に関するお知らせ.pdf
   ✅ 保存: 6912_1400_菊水HD_譲渡制限付株式報酬としての自己株式の処分の払込完了に関するお知らせ.pdf
   ✅ 保存: 7601_1400_ポプラ_2027年2月期 第1四半期決算短信[日本基準](連結).pdf
   ✅ 保存: 8387_1400_四国銀_取引先の破産手続開始決定に関するお知らせ(当行業績予想の変更なし).pdf
   ✅ 保存: 9313_1400_丸八倉_2026年11月期第2四半期(中間期)連結業績予想と実績との差異及び通期業績予想の修正並びに期末配当予想の修正に関するお知らせ.pdf
   ✅ 保存: 9313_1400_丸八倉_2026年11月期 第2四半期(中間期)決算短信[日本基準](連結).pdf
   ✅ 保存: 9359_1400_伊勢湾海_譲渡制限付株式報酬としての自己株式の処分に関するお知らせ.pdf
   ✅ 保存: 9974_1400_ベルク_2027年2月期第1四半期決算短信〔日本基準〕(連結).pdf
   ✅ 保存: 8887_1330_シーラHD_販売用不動産の売却に関するお知らせ.pdf
   ✅ 保存: 9305_1320_ヤマタネ_譲渡制限付株式報酬としての自己株式の処分の払込完了に関するお知らせ.pdf
   ✅ 保存: 3435_1300_サンコーテクノ_譲渡制限付株式報酬としての自己株式の処分に関するお知らせ.pdf
   ✅ 保存: 3470_1300_R-マリモリート_資産運用会社における取締役の就任予定及び監査役の変更に関するお知らせ.pdf
   ✅ 保存: 3856_1300_Abalance_(開示事項の経過)当社子会社8社に対する訴訟の和解に関するお知らせ.pdf
   ✅ 保存: 4042_1300_東ソー_譲渡制限付株式報酬としての自己株式の処分に関するお知らせ.pdf
   ✅ 保存: 4754_1300_トスネット_その他の関係会社の異動に関するお知らせ.pdf
   ✅ 保存: 511A_1300_P-ヴァンガードS_2026年5月期 決算短信〔日本基準〕(非連結).pdf
   ✅ 保存: 511A_1300_P-ヴァンガードS_市場変更準備の開始に関するお知らせ.pdf
   ✅ 保存: 565A_1300_P-FFFHD_子会社の設立に関するお知らせ.pdf
   ✅ 保存: 6101_1300_ツガミ_譲渡制限付株式報酬としての自己株式の処分の払込完了に関するお知らせ.pdf
   ✅ 保存: 7180_1300_九州FG_自己株式の取得状況に関するお知らせ.pdf
   ✅ 保存: 7381_1300_CCIグループ_自己株式の取得状況に関するお知らせ.pdf
   ✅ 保存: 7381_1300_CCIグループ_取締役等に対する譲渡制限付株式報酬としての自己株式処分の払込完了に関するお知らせ.pdf
   ✅ 保存: 9835_1300_ジュンテンド_2027年2月期 第1四半期決算短信〔日本基準〕(非連結).pdf
   ✅ 保存: 9835_1300_ジュンテンド_2027年2月期第1四半期決算補足説明資料.pdf
   ✅ 保存: 9982_1300_タキヒヨー_2027年2月期 第1四半期決算短信〔日本基準〕(連結).pdf
   ✅ 保存: 587A_1230_E-インベスコQQQ_インベスコQQQトラスト シリーズ1 に関する日々の開示事項.pdf
   ✅ 保存: 1326_1215_E-ワールド_SPDRゴールド・シェアに関する日々の開示事項.pdf
   ✅ 保存: 1435_1200_robot home_2026年6月度月次KPI(速報)に関するお知らせ.pdf
   ✅ 保存: 3481_1200_R-三菱地所物流_投資法人債(グリーンボンド)の発行及び借入金の期限前弁済に関するお知らせ.pdf
   ✅ 保存: 428A_1200_サイプレスHD_2026年8月期 第3四半期決算短信〔IFRS〕(連結).pdf
   ✅ 保存: 4528_1200_小野薬_勤務継続型譲渡制限付株式報酬および業績連動型譲渡制限付株式報酬としての自己株式の処分の払込完了に関するお知らせ.pdf
   ✅ 保存: 6194_1200_アトラエ_株主優待制度の変更(拡充)に関するお知らせ.pdf
   ✅ 保存: 6194_1200_アトラエ_資本コストや株価を意識した経営の実現に向けた対応について(アップデート).pdf
   ✅ 保存: 7039_1200_G-ブリッジグループ_自己株式の取得状況に関するお知らせ (会社法第165条第2項の規定による定款の定めに基づく自己株式の取得).pdf
   ✅ 保存: 9245_1200_G-リベロ_2026年6月度 月次売上高(速報)および主要KPIに関するお知らせ.pdf
   ✅ 保存: 2735_1130_ワッツ_(開示資料の追加)「2026年8月期 第3四半期決算短信〔日本基準〕(連結)」の一部訂正について.pdf
   ✅ 保存: 2986_1130_G-LAHD_事業計画及び成長可能性に関する事項.pdf
   ✅ 保存: 7636_1130_ハンズマン_2026年6月度 売上高の状況(2025年7月1日~2026年6月30日).pdf
   ✅ 保存: 8892_1130_エスコン_第3回無担保社債発行に関するお知らせ.pdf
   ✅ 保存: 3663_1100_セルシス_2026年12月期第2四半期(中間期)業績予想の修正に関するお知らせ.pdf
   ✅ 保存: 4548_1100_生化学_譲渡制限付株式報酬としての自己株式の処分の払込完了に関するお知らせ.pdf
   ✅ 保存: 6625_1100_JALCO HD_株主優待制度の一部変更に関するお知らせ.pdf
   ✅ 保存: 3241_1030_ウィル_コミットメントライン契約締結に関するお知らせ.pdf
   ✅ 保存: 7279_1030_ハイレックス_(訂正)「資本コストや株価を意識した経営の実現に向けた対応について(アップデート)」の一部訂正について.pdf
   ✅ 保存: 9560_1005_G-プログリット_資金借入に関するお知らせ.pdf
   ✅ 保存: 9560_1005_G-プログリット_自己株式立会外買付取引(ToSTNeT-3)による自己株式の取得結果及び取得終了並びに主要株主の異動に関するお知らせ.pdf
   ✅ 保存: 2674_1000_ハードオフ_2027年3月期 6月度店舗売上高および出店状況についてのお知らせ.pdf
   ✅ 保存: 3032_1000_ゴルフ・ドゥ_2026年6月度 ゴルフドゥ!店舗売上高前年対比に関するお知らせ.pdf
   ✅ 保存: 412A_1000_台湾テック50_「NEXT FUNDS TIP FactSet 台湾イノベイティブ・テクノロジー50指数連動型上場投信」設定・解約の停止に関するお知らせ.pdf
   ✅ 保存: 4410_1000_ハリマ化成G_(開示事項の経過)SunPine AB 社株式の売却完了に関するお知らせ.pdf
   ✅ 保存: 4673_1000_川崎地質_業績予想の修正に関するお知らせ.pdf
   ✅ 保存: 5971_1000_共和工業_自己株式の取得状況に関するお知らせ (会社法第459条第1項の規定による定款の定めに基づく自己株式の取得).pdf
   ✅ 保存: 7299_1000_フジオーゼ_譲渡制限付株式報酬としての自己株式の処分の払込完了に関するお知らせ.pdf
   ✅ 保存: 8386_0950_百十四銀_取引先の破産手続開始決定に関するお知らせ(当行業績予想の変更なし).pdf
   ✅ 保存: 7793_0900_G-イメージマジック_自己株式の取得状況及び取得終了に関するお知らせ.pdf
   ✅ 保存: 8410_0900_セブン銀行_2026年6月 月次データ(単体).pdf
   ✅ 保存: 9560_0900_G-プログリット_2026年8月期 第3四半期決算に関する質疑応答(要旨).pdf
   ✅ 保存: 3359_0830_G-cotta_連結子会社によるヘアカラー専門店「hare no iro(ハレノイロ)」の出店および新規事業の開始に関するお知らせ.pdf
   ✅ 保存: 7279_0830_ハイレックス_特定子会社の異動(清算)に関するお知らせ.pdf
   ✅ 保存: 7279_0830_ハイレックス_資本コストや株価を意識した経営の実現に向けた対応について(アップデート).pdf
   ✅ 保存: 7279_0830_ハイレックス_自己株式取得に係る事項の決定に関するお知らせ.pdf
   ✅ 保存: 7279_0830_ハイレックス_国内生産体制の再編に関するお知らせ.pdf
   ...Page 005 を確認中
   📝 一覧CSV保存: TDnet_Sorted_20260710.csv
   📝 一覧CSV保存（ルート）: TDnet_Sorted_20260710.csv
   📊 日別統計: page_access=5, pdf_success=340, excluded=41

============================================================
✅ ①完了（範囲取得）
   期間: 20260710 ～ 20260710 （mode=day）
   一覧ページアクセス合計: 5
   PDFダウンロード成功合計: 340
   除外件数合計: 41
   保存ルート: G:\マイドライブ\TDnet_Downloads

$ C:\Users\onok\AppData\Local\Python\pythoncore-3.14-64\python.exe -u ②a②bは２つフリーワード検索.py analyze --target 20260710 --save-root G:\マイドライブ\TDnet_Downloads --keywords 価格交渉 増産 価格改定 価格転嫁 値上 想定以上 上方修正 下方修正 想定以下 未達 大幅 計画を上 計画を下 計画以 需要回復 需要の回復 需要が増 需要が低 悪化 グローバルニッチトップ トップシェア シェア拡大 レアアース
ルート: G:\マイドライブ\TDnet_Downloads
対象指定: 20260710 mode= day from= 20260710 to= 20260710
対象フォルダ数: 1
検索キーワード: ['価格交渉', '増産', '価格改定', '価格転嫁', '値上', '想定以上', '上方修正', '下方修正', '想定以下', '未達', '大幅', '計画を上', '計画を下', '計画以', '需要回復', '需要の回復', '需要が増', '需要が低', '悪化', 'グローバルニッチトップ', 'トップシェア', 'シェア拡大', 'レアアース']
総PDF数（推定）: 340
[1/1] 日付フォルダ 20260710 を処理中... (このフォルダ内PDF数: 340)
  進捗: 50/340 件のPDFを解析済み
  進捗: 100/340 件のPDFを解析済み
  進捗: 150/340 件のPDFを解析済み
  進捗: 200/340 件のPDFを解析済み
  進捗: 250/340 件のPDFを解析済み
  進捗: 300/340 件のPDFを解析済み
  進捗: 340/340 件のPDFを解析済み
  → 日付フォルダ 20260710 のヒットPDF数: 71

✅ ②A 完了（解析専用・キーワード別ページ列）
解析PDF数: 340
ヒットPDF数: 71
出力CSV: Analysis_Hits_free_word_20260710.csv
保存先: G:\マイドライブ\TDnet_Downloads

$ C:\Users\onok\AppData\Local\Python\pythoncore-3.14-64\python.exe -u ②a②bは２つフリーワード検索.py distribute --target 20260710 --save-root G:\マイドライブ\TDnet_Downloads --no-stop-on-empty-meta

✅ ②B 完了（配布用CSV作成・キーワード別ページ列）
出力: PDF_Search_Result_Distribution_free_word_20260710_sh.csv
キーワード列: ['価格交渉', '増産', '価格改定', '価格転嫁', '値上', '想定以上', '上方修正', '下方修正', '想定以下', '未達', '大幅', '計画を上', '計画を下', '計画以', '需要回復', '需要の回復', '需要が増', '需要が低', '悪化', 'グローバルニッチトップ', 'トップシェア', 'シェア拡大', 'レアアース']
突合除外件数: 0
空欄アラート件数: 0

============================================
 Done: 2026-07-10 23:06:54
============================================
