🎯 対象指定: 20260423（mode=day, from=20260423, to=20260423）
📁 保存ルート: G:\マイドライブ\TDnet_Downloads

============================================================
📅 日付: 20260423 を処理します
   ...Page 001 を確認中
   ✅ 保存: 7037_1830_テノ._資本コストや株価を意識した経営の実現に向けた対応に関するお知らせ.pdf
   ✅ 保存: 8698_1815_マネックスG_定款の一部変更に関するお知らせ.pdf
   ✅ 保存: 6890_1810_フェローテック_(開示事項の経過)2028年満期ユーロ円建転換社債型新株予約権付社債の130%コールオプション条項による繰上償還の権利行使に関するお知らせ.pdf
   ✅ 保存: 4082_1800_稀元素_業績予想の修正及び営業外収益並びに営業外費用の計上に関するお知らせ.pdf
   ✅ 保存: 7095_1800_MacbeeP_自己株式の取得に係る事項の決定に関するお知らせ.pdf
   ✅ 保存: 7371_1800_G-Zenken_株式会社鹿児島銀行との業務提携に関するお知らせ.pdf
   ✅ 保存: 8698_1800_マネックスG_取締役候補者の決定に関するお知らせ.pdf
   ✅ 保存: 9369_1800_キユソ流通_インドに拠点を置く低温物流会社 Coldrush Logistics Private Limited の株式取得(子会社化)に関するお知らせ.pdf
   ✅ 保存: 2667_1730_イメージワン_取締役の異動に関するお知らせ.pdf
   ✅ 保存: 2667_1730_イメージワン_(開示事項の経過)「資本金及び資本準備金の額の減少並びに剰余金の処分に関するお知らせ」の一部訂正について.pdf
   ✅ 保存: 2667_1730_イメージワン_(開示事項の中止)株式会社FDとの系統用特別高圧蓄電所に関する土地及び権利売買契約締結のお知らせ.pdf
   ✅ 保存: 3465_1730_ケイアイスター不動産_配当予想の修正(増配)に関するお知らせ.pdf
   ✅ 保存: 6332_1730_月島HD_JFEエンジニアリング株式会社の水道用鋼管事業の統合に関する最終契約締結の延期に関するお知らせ.pdf
   ✅ 保存: 7425_1730_初穂商事_譲渡制限付株式報酬としての自己株式の処分に関するお知らせ.pdf
   ✅ 保存: 9882_1730_イエローハット_連結子会社における不正アクセスによる個人情報漏えいの可能性に関するお詫びとお知らせ.pdf
   ✅ 保存: 6332_1715_月島HD_業績予想の修正および配当予想の修正(増配)に関するお知らせ.pdf
   ✅ 保存: 1433_1700_ベステラ_譲渡制限付株式報酬としての自己株式の処分に関するお知らせ.pdf
   ✅ 保存: 2995_1700_P-ジェイレックス_販売用不動産の売却のお知らせ.pdf
   ✅ 保存: 4395_1700_G-アクリート_譲渡制限付株式報酬としての新株式の発行に関するお知らせ.pdf
   ✅ 保存: 7013_1700_IHI_主要株主の異動に関するお知らせ.pdf
   ✅ 保存: 8700_1700_丸八証券_2026年3月期決算速報値に関するお知らせ.pdf
   ✅ 保存: 4883_1645_G-モダリス_第三者割当により発行された第17回新株予約権(行使価額修正条項付)の行使の完了及び月間行使状況に関するお知らせ.pdf
   ✅ 保存: 9625_1645_セレスポ_役員人事に関するお知らせ.pdf
   ✅ 保存: 3647_1630_アスリナ_(開示事項の経過)系統用蓄電所事業用地、設備及び電力接続権の取得契約に関する合意解約並びに解約違約金による特別利益の計上に関するお知らせ.pdf
   ✅ 保存: 5573_1630_P-働楽HD_通期連結業績予想の修正に関するお知らせ.pdf
   ✅ 保存: 6111_1630_旭精機_業績予想の修正に関するお知らせ.pdf
   ✅ 保存: 6592_1630_マブチモーター_食品機械メーカー 株式会社マスダックの株式の取得(子会社化)に関するお知らせ.pdf
   ✅ 保存: 6998_1630_日タングス_固定資産の減損損失の計上ならびに業績予想の修正に関するお知らせ.pdf
   ✅ 保存: 9326_1630_G-関通HD_(訂正)「2026年2月期 決算説明資料」の一部訂正に関するお知らせ.pdf
   ✅ 保存: 9401_1630_TBSHD_執行役員の選任に関するお知らせ.pdf
   ✅ 保存: 504A_1625_G-イノバセル_譲渡制限付株式報酬としての新株式の発行に関するお知らせ.pdf
   ✅ 保存: 9435_1620_光通信_主要株主の異動に関するお知らせ.pdf
   ✅ 保存: 277A_1615_G-グロービング_東京証券取引所プライム市場への上場市場区分変更承認に関するお知らせ.pdf
   ✅ 保存: 172A_1600_P-ネオホーム_資金の借入に関するお知らせ.pdf
   ✅ 保存: 1939_1600_四電工_業績予想および期末配当予想の修正(増配)に関するお知らせ.pdf
   ✅ 保存: 1945_1600_東京エネシス_業績予想及び配当予想の修正(増配)に関するお知らせ.pdf
   ✅ 保存: 2001_1600_ニップン_代表取締役の異動に関するお知らせ.pdf
   ✅ 保存: 2053_1600_中部飼料_業績予想の修正及び配当予想の修正(増配)に関するお知らせ.pdf
   ✅ 保存: 2053_1600_中部飼料_内部統制システムに関する基本方針の一部改定に関するお知らせ.pdf
   ✅ 保存: 3657_1600_ポールHD_当社取締役会の実効性に関する評価の結果の概要について.pdf
   ✅ 保存: 3739_1600_コムシード_親会社等の決算に関するお知らせ.pdf
   ✅ 保存: 3772_1600_ウェルス_イビス大阪梅田の匿名組合出資持分の譲渡に関するお知らせ.pdf
   ✅ 保存: 3967_1600_G-エルテス_会計監査人の異動に関するお知らせ.pdf
   ✅ 保存: 3967_1600_G-エルテス_監査等委員会設置会社への移行及び定款の一部変更並びに役員人事に関するお知らせ.pdf
   ✅ 保存: 4442_1600_G-バルテスHD_業績予想の修正(上方修正)に関するお知らせ.pdf
   ✅ 保存: 4923_1600_COTA_2026年3月期決算短信の開示が期末後50日を超えることに関するお知らせ.pdf
   ✅ 保存: 5246_1600_G-ELEMENTS_資金使途の変更に関するお知らせ.pdf
   ✅ 保存: 6507_1600_シンフォニア_当社株券等の大規模買付行為に関する対応方針(買収防衛策)の非継続(廃止)について.pdf
   ✅ 保存: 7071_1600_アンビス_上場維持基準への適合に関するお知らせ(流通株式比率について).pdf
   ✅ 保存: 7678_1600_あさくま_支配株主等に関する事項について.pdf
   ✅ 保存: 8349_1600_東北銀_2026年3月期末の有価証券含み損に関するお知らせ.pdf
   ✅ 保存: 8399_1600_琉球銀_取締役の異動に関するお知らせ.pdf
   ✅ 保存: 9012_1600_秩父鉄道_役員人事に関するお知らせ.pdf
   ✅ 保存: 9204_1600_G-スカイマーク_代表取締役および役員の異動に関するお知らせ.pdf
   ✅ 保存: 4442_1545_G-バルテスHD_グループ組織再編(連結子会社間の吸収合併、吸収分割、連結子会社の商号変更、代表取締役の異動及び連結子会社の本店所在地変更)に関するお知らせ.pdf
   ✅ 保存: 4488_1535_G-AIinside_業績予想の修正に関するお知らせ.pdf
   ✅ 保存: 153A_1530_G-カウリス_自己株式の取得状況及び取得終了に関するお知らせ.pdf
   ✅ 保存: 1758_1530_太洋基礎_譲渡制限付株式報酬としての自己株式の処分に関するお知らせ.pdf
   ✅ 保存: 2268_1530_サーティワン_2026年12月期第1四半期決算短信〔日本基準〕(連結).pdf
   ✅ 保存: 2268_1530_サーティワン_2026年12月期 第1四半期決算説明資料.pdf
   ✅ 保存: 2436_1530_共同PR_譲渡制限付株式報酬としての自己株式の処分の払込完了に関するお知らせ.pdf
   ✅ 保存: 2742_1530_ハローズ_役員人事等に関するお知らせ.pdf
   ✅ 保存: 3415_1530_トウキョウベース_役員(常勤監査等委員)の異動に関するお知らせ.pdf
   ✅ 保存: 3487_1530_R-CREロジ_自己投資口の取得状況及び取得終了に関するお知らせ.pdf
   ✅ 保存: 3546_1530_アレンザHD_株式併合並びに単元株式数の定めの廃止及び定款の一部変更に関する臨時株主総会開催のお知らせ.pdf
   ✅ 保存: 3546_1530_アレンザHD_自己株式の消却に関するお知らせ.pdf
   ✅ 保存: 3611_1530_マツオカ_取締役の異動に関するお知らせ.pdf
   ✅ 保存: 3624_1530_G-アクセルM_臨時株主総会招集のための基準日設定に関するお知らせ.pdf
   ✅ 保存: 3634_1530_ソケッツ_法人税等調整額の計上及び2026年3月期通期業績予想の修正に関するお知らせ.pdf
   ✅ 保存: 3672_1530_オルトプラス_(変更)「株式会社オカザキホールディングスとの資本業務提携(中略)に関するお知らせ」の一部変更について.pdf
   ✅ 保存: 3672_1530_オルトプラス_中間持株会社の設立及び新たな事業の開始に関するお知らせ.pdf
   ✅ 保存: 3672_1530_オルトプラス_新たな事業(スイーツセレクトショップ運営事業)の開始に関するお知らせ.pdf
   ✅ 保存: 3678_1530_メディアドゥ_剰余金の配当及び2027年2月期の株主還元方針に関するお知らせ.pdf
   ✅ 保存: 3753_1530_フライト_業績予想の修正に関するお知らせ.pdf
   ✅ 保存: 3758_1530_アエリア_譲渡制限付株式報酬としての自己株式処分に関するお知らせ.pdf
   ✅ 保存: 3793_1530_G-ドリコム_(開示事項の経過)連結子会社の異動(株式譲渡)に関するお知らせ.pdf
   ✅ 保存: 3793_1530_G-ドリコム_特別利益及び特別損失の計上並びに通期連結業績予想の修正に関するお知らせ.pdf
   ✅ 保存: 4060_1530_G-rakumo_rakumoとAvePoint Japan、Microsoft 365向けアドオン製品の共同開発第三弾の開始のお知らせ.pdf
   ✅ 保存: 4082_1530_稀元素_譲渡制限付株式報酬としての自己株式の処分に関するお知らせ.pdf
   ✅ 保存: 4100_1530_戸田工_取締役の異動に関するお知らせ.pdf
   ✅ 保存: 4170_1530_G-KaizenPF_取締役及び執行役員に対する譲渡制限付株式としての新株式発行に関するお知らせ.pdf
   ✅ 保存: 4194_1530_ビジョナル_新株予約権(有償ストック・オプション)の発行内容確定に関するお知らせ.pdf
   ✅ 保存: 4307_1530_NRI_通期業績予想の修正、減損損失の計上及び個別決算における関係会社株式評価損の計上に関するお知らせ.pdf
   ✅ 保存: 4478_1530_G-フリー_臨時株主総会招集のための基準日設定及び資本金の額の減少(減資)に関するお知らせ.pdf
   ✅ 保存: 4588_1530_G-オンコリスバイオ_腫瘍溶解ウイルスOBP-301のファストトラック指定に関するお知らせ.pdf
   ✅ 保存: 4592_1530_G-サンバイオ_事業計画及び成長可能性に関する事項.pdf
   ✅ 保存: 485A_1530_G-パワーエックス_株式分割及び株式分割に伴う定款の一部変更に関するお知らせ.pdf
   ✅ 保存: 4880_1530_セルソース_完全子会社の吸収合併(簡易合併・略式合併)に関するお知らせ.pdf
   ✅ 保存: 4977_1530_ニッタゼラチン_役員等の異動に関するお知らせ.pdf
   ✅ 保存: 5031_1530_G-モイ_支配株主に関する事項について.pdf
   ✅ 保存: 6149_1530_小田原エン_譲渡制限付株式報酬としての自己株式の処分に関するお知らせ.pdf
   ✅ 保存: 6196_1530_ストライクG_2026年9月期第2四半期(中間期)業績予想の修正及び通期業績予想の取り下げに関するお知らせ.pdf
   ✅ 保存: 6330_1530_洋エンジ_自己株式の消却に関するお知らせ.pdf
   ✅ 保存: 6330_1530_洋エンジ_役員の異動に関するお知らせ.pdf
   ✅ 保存: 6524_1530_湖北工業_譲渡制限付株式報酬としての自己株式の処分に関するお知らせ.pdf
   ✅ 保存: 6654_1530_不二電機工業_譲渡制限付株式報酬としての自己株式の処分に関するお知らせ.pdf
   ✅ 保存: 6923_1530_スタンレー電_(開示事項の経過)岩崎電気株式会社の株式取得(子会社化)に関するお知らせ.pdf
   ✅ 保存: 7047_1530_G-ポート_系統用蓄電所事業への本格参入に関する説明会 Q&A.pdf
   ✅ 保存: 7182_1530_ゆうちょ銀行_2026年3月期末の有価証券含み損に関するお知らせ.pdf
   ✅ 保存: 7309_1530_シマノ_2026年12月期第1四半期決算短信 [日本基準](連結).pdf
   ...Page 002 を確認中
   ✅ 保存: 7309_1530_シマノ_自己株式の取得状況に関するお知らせ.pdf
   ✅ 保存: 7309_1530_シマノ_譲渡制限付株式報酬としての自己株式の処分に関するお知らせ.pdf
   ✅ 保存: 7527_1530_システムソフト_臨時株主総会招集のための基準日設定に関するお知らせ及び代表取締役の異動(予定)に関するお知らせ.pdf
   ✅ 保存: 7751_1530_キヤノン_2026年12月期 第1四半期決算短信〔米国基準〕(連結).pdf
   ✅ 保存: 7896_1530_セブン工_通期業績予想の修正に関するお知らせ.pdf
   ✅ 保存: 8105_1530_BitcoinJPN_会計監査人の異動に関するお知らせ.pdf
   ✅ 保存: 8966_1530_R-平和RE_金利スワップ契約の締結に関するお知らせ.pdf
   ✅ 保存: 8975_1530_R-いちごオフィス_資金の借入のお知らせ.pdf
   ✅ 保存: 8975_1530_R-いちごオフィス_プロパティマネジメント会社の変更のお知らせ.pdf
   ✅ 保存: 9046_1530_神戸電鉄_特別利益及び特別損失の計上に関するお知らせ.pdf
   ✅ 保存: 9166_1530_G-GENDA_資金借入に関するお知らせ(開示の経過).pdf
   ✅ 保存: 9338_1530_G-INFORICH_株式併合並びに単元株式数の定めの廃止及び定款の一部変更に関する臨時株主総会開催のお知らせ.pdf
   ✅ 保存: 9340_1530_アソインター_Preteeth AI, Inc社との資本業務提携に関するお知らせ.pdf
   ✅ 保存: 9636_1530_きんえい_支配株主等に関する事項について.pdf
   ✅ 保存: 9757_1530_船井総研HD_株式報酬型ストックオプション(新株予約権)割当に関するお知らせ.pdf
   ✅ 保存: 9795_1530_ステップ_2026年9月期 第2四半期(中間期)決算短信〔日本基準〕(非連結).pdf
   ✅ 保存: 9878_1530_セキド_第三者割当により発行された第18回新株予約権(行使価額修正条項及び行使停止条項付)の停止指定の決定に関するお知らせ.pdf
   ✅ 保存: 1980_1500_ダイダン_2026年3月期業績予想及び配当予想の修正(増配)に関するお知らせ.pdf
   ✅ 保存: 2700_1500_木徳神糧_譲渡制限付株式報酬としての自己株式の処分に関するお知らせ.pdf
   ✅ 保存: 2700_1500_木徳神糧_役員等の異動に関するお知らせ.pdf
   ✅ 保存: 3071_1500_ストリーム_役員の異動に関するお知らせ.pdf
   ✅ 保存: 3071_1500_ストリーム_支配株主等に関する事項について.pdf
   ✅ 保存: 3766_1500_システムズD_期末配当予想の修正(増配)に関するお知らせ.pdf
   ✅ 保存: 5355_1500_日坩堝_2025年度 当社取締役会の実効性評価について.pdf
   ✅ 保存: 7931_1500_未来工業_2026年3月期 決算短信〔日本基準〕(連結).pdf
   ✅ 保存: 7931_1500_未来工業_剰余金の配当(増配)に関するお知らせ.pdf
   ✅ 保存: 7931_1500_未来工業_「中期経営計画2027」の公表の延期について.pdf
   ✅ 保存: 8399_1500_琉球銀_業績予想の修正および期末配当予想の修正(増配)に関するお知らせ.pdf
   ✅ 保存: 8399_1500_琉球銀_前期実績との差異見込みに関するお知らせ.pdf
   ✅ 保存: 8399_1500_琉球銀_2026年3月期末の有価証券含み損に関するお知らせ.pdf
   ✅ 保存: 9409_1500_テレビ朝日HD_外国人等の議決権割合に関するお知らせ.pdf
   ✅ 保存: 4299_1430_ハイマックス_通期業績予想の修正に関するお知らせ.pdf
   ✅ 保存: 6498_1430_キッツ_取締役、執行役及び執行理事に対する譲渡制限付株式報酬制度及び事後交付型業績連動型株式報酬制度に基づく譲渡制限付株式としての自己株式処分の払込完了.pdf
   ✅ 保存: 2371_1415_カカクコム_本日の一部報道について.pdf
   ✅ 保存: 2163_1400_アルトナー_取締役会の実効性評価の結果の概要に関するお知らせ.pdf
   ✅ 保存: 4249_1400_森六_業績予想の修正(上方修正)に関するお知らせ.pdf
   ✅ 保存: 4519_1400_中外薬_エフ・ホフマン・ラ・ロシュの 2026 年第 1 四半期の販売実績について.pdf
   ✅ 保存: 7971_1400_東リ_業績予想及び配当予想の修正に関するお知らせ.pdf
   ✅ 保存: 9818_1400_大丸エナ_人事異動に関するお知らせ.pdf
   ✅ 保存: 3928_1345_マイネット_譲渡制限付株式報酬としての自己株式の処分に関するお知らせ.pdf
   ✅ 保存: 6858_1345_小野測器_2026年12月期第1四半期決算短信〔日本基準〕(連結).pdf
   ✅ 保存: 8887_1330_シーラHD_(開示事項の経過)販売用不動産の売却決済完了および建築工事請負契約締結に関するお知らせ.pdf
   ✅ 保存: 1807_1300_佐藤渡辺_代表取締役および役員等の異動ならびに組織変更に関するお知らせ.pdf
   ✅ 保存: 1807_1300_佐藤渡辺_定款一部変更に関するお知らせ.pdf
   ✅ 保存: 1807_1300_佐藤渡辺_公認会計士等の異動に関するお知らせ.pdf
   ✅ 保存: 324A_1300_G-ブッキングR_株主優待制度の仕様変更(拡充)に関するお知らせ.pdf
   ✅ 保存: 5204_1300_石塚硝_2026年3月期 決算短信〔日本基準〕(連結).pdf
   ✅ 保存: 5204_1300_石塚硝_2026年3月期(25年度)及び2027年3月期(26年度)の業績説明.pdf
   ✅ 保存: 5204_1300_石塚硝_剰余金の配当に関するお知らせ.pdf
   ✅ 保存: 7299_1300_フジオーゼ_従業員持株会向け譲渡制限付株式インセンティブとしての自己株式の処分に関するお知らせ.pdf
   ✅ 保存: 7350_1300_おきなわFG_2026年3月期末の有価証券含み損に関するお知らせ.pdf
   ✅ 保存: 7380_1300_十六FG_当社および子会社における代表取締役の異動に関するお知らせ.pdf
   ✅ 保存: 7380_1300_十六FG_当社および子会社役員の異動に関するお知らせ.pdf
   ✅ 保存: 7380_1300_十六FG_チーフオフィサー制度の導入に関するお知らせ.pdf
   ✅ 保存: 7380_1300_十六FG_通期連結業績予想の修正および前年同期実績との差異見込みに関するお知らせ.pdf
   ✅ 保存: 7380_1300_十六FG_剰余金の配当(増配)に関するお知らせ.pdf
   ✅ 保存: 3245_1230_ディア・ライフ_収益不動産の取得に関するお知らせ.pdf
   ✅ 保存: 7443_1230_横浜魚類_業績予想の修正に関するお知らせ.pdf
   ✅ 保存: 1783_1200_fantasista_第9回新株予約権の行使及び資金充当状況に関するお知らせ.pdf
   ✅ 保存: 3825_1200_REMIX_暗号資産の追加購入及び保有する暗号資産の評価損に関するお知らせ.pdf
   ✅ 保存: 3825_1200_REMIX_有償ストック・オプション(新株予約権)の発行に関するお知らせ.pdf
   ✅ 保存: 4012_1200_アクシス_譲渡制限付株式報酬としての自己株式の処分の払込完了に関するお知らせ.pdf
   ✅ 保存: 4902_1200_コニカミノルタ_中期経営計画「Corporate Plan 2026-2028」の策定に関するお知らせ.pdf
   ✅ 保存: 6180_1200_G-GMOメディア_支配株主等に関する事項について.pdf
   ✅ 保存: 7256_1200_河西工_株式会社イクヨによる当社株式の取得に関する開示に関するお知らせ.pdf
   ✅ 保存: 8914_1200_エリアリンク_譲渡制限付株式報酬としての自己株式の処分に関するお知らせ.pdf
   ✅ 保存: 8956_1200_R-NTT都市開発R_自己投資口の取得状況及び取得終了並びに消却に関するお知らせ.pdf
   ✅ 保存: 1326_1150_E-ワールド_SPDRゴールド・シェアに関する日々の開示事項.pdf
   ✅ 保存: 2237_1130_iFSP500ダブル_2026年3月期(2025年9月11日~2026年3月10日)決算短信.pdf
   ✅ 保存: 2238_1130_iFSP500ベア_2026年3月期(2025年9月11日~2026年3月10日)決算短信.pdf
   ✅ 保存: 2247_1130_iFSP500H無_2026年3月期(2025年9月11日~2026年3月10日)決算短信.pdf
   ✅ 保存: 2248_1130_iFSP500H有_2026年3月期(2025年9月11日~2026年3月10日)決算短信.pdf
   ✅ 保存: 2249_1130_iFSP500Wベア_2026年3月期(2025年9月11日~2026年3月10日)決算短信.pdf
   ✅ 保存: 2528_1130_iFJリートコア_2026年3月期(2025年9月11日~2026年3月10日)決算短信.pdf
   ✅ 保存: 2840_1130_iFナス100H無_2026年3月期(2025年9月11日~2026年3月10日)決算短信.pdf
   ✅ 保存: 2841_1130_iFナス100H有_2026年3月期(2025年9月11日~2026年3月10日)決算短信.pdf
   ✅ 保存: 2842_1130_iFナス100ベア_2026年3月期(2025年9月11日~2026年3月10日)決算短信.pdf
   ✅ 保存: 2869_1130_iFナス100ダブル_2026年3月期(2025年9月11日~2026年3月10日)決算短信.pdf
   ✅ 保存: 2870_1130_iFナス100Wベア_2026年3月期(2025年9月11日~2026年3月10日)決算短信.pdf
   ✅ 保存: 7181_1130_かんぽ生命保険_2026年3月期の有価証券含み損に関するお知らせ.pdf
   ✅ 保存: 8244_1130_近鉄百貨店_2026年2月期決算説明資料.pdf
   ✅ 保存: 8303_1130_SBI新生銀行_通期業績予想及び期末配当予想の修正に関するお知らせ.pdf
   ✅ 保存: 3902_1000_MDV_当社株式の上場廃止のお知らせ.pdf
   ✅ 保存: 7426_1000_山大_当社株式の上場廃止の決定及び整理銘柄の指定に関するお知らせ.pdf
   ✅ 保存: 6186_0935_一蔵_(訂正)「株主優待制度の一部拡充に関するお知らせ」の一部訂正について.pdf
   ✅ 保存: 550A_0900_ソフトテックス_第三者割当増資の結果に関するお知らせ.pdf
   ✅ 保存: 6135_0840_牧野フライス_MMホールディングス株式会社による株式会社牧野フライス製作所株式(証券コード_6135)に対する公開買付けの実施に向けた進捗状況等のお知らせ.pdf
   ✅ 保存: 6135_0840_牧野フライス_(開示事項の経過)MMホールディングス株式会社による当社株式に対する公開買付け実施に向けた進捗状況等のお知らせ.pdf
   ✅ 保存: 3070_0830_G-ジェリービーンズ_株式会社パルマ(東証スタンダード_3461)との業務提携に関するお知らせ.pdf
   ✅ 保存: 3070_0830_G-ジェリービーンズ_株式会社パルマとの業務提携に関する補足説明資料.pdf
   ✅ 保存: 3461_0830_パルマ_株式会社JBサステナブルとの業務提携に関するお知らせ.pdf
   ✅ 保存: 9241_0830_G-FLN_2026年8月期第2四半期決算説明会 書き起こし.pdf
   ✅ 保存: 5243_0800_G-note_当社代表取締役CEOによる当社株式の売却に関するお知らせ.pdf
   ...Page 003 を確認中
   ✅ 保存: 556A_0800_G-犬猫生活_東京証券取引所グロース市場への上場に伴う当社決算情報等のお知らせ.pdf
   ✅ 保存: 556A_0800_G-犬猫生活_事業計画及び成長可能性に関する事項.pdf
   ✅ 保存: 556A_0800_G-犬猫生活_主要株主である筆頭株主の異動に関するお知らせ.pdf
   ...Page 004 を確認中
   📝 一覧CSV保存: TDnet_Sorted_20260423.csv
   📝 一覧CSV保存（ルート）: TDnet_Sorted_20260423.csv
   📊 日別統計: page_access=4, pdf_success=196, excluded=7

============================================================
✅ ①完了（範囲取得）
   期間: 20260423 ～ 20260423 （mode=day）
   一覧ページアクセス合計: 4
   PDFダウンロード成功合計: 196
   除外件数合計: 7
   保存ルート: G:\マイドライブ\TDnet_Downloads
ルート: G:\マイドライブ\TDnet_Downloads
対象指定: 20260423 mode= day from= 20260423 to= 20260423
対象フォルダ数: 1
検索キーワード: ['価格交渉', '増産', '価格改定', '価格転嫁', '値上', '想定以上', '上方修正', '下方修正', '想定以下', '未達', '大幅', '計画を上', '計画を下', '計画以', '需要回復', '需要の回復', '需要が増', '需要が低', '悪化', 'グローバルニッチトップ', 'トップシェア', 'シェア拡大', 'レアアース']
総PDF数（推定）: 196
[1/1] 日付フォルダ 20260423 を処理中... (このフォルダ内PDF数: 196)
  進捗: 50/196 件のPDFを解析済み
  進捗: 100/196 件のPDFを解析済み
  進捗: 150/196 件のPDFを解析済み
  進捗: 196/196 件のPDFを解析済み
  → 日付フォルダ 20260423 のヒットPDF数: 27

✅ ②A 完了（解析専用・キーワード別ページ列）
解析PDF数: 196
ヒットPDF数: 27
出力CSV: Analysis_Hits_free_word_20260423.csv
保存先: G:\マイドライブ\TDnet_Downloads

✅ ②B 完了（配布用CSV作成・キーワード別ページ列）
出力: PDF_Search_Result_Distribution_free_word_20260423_sh.csv
キーワード列: ['価格交渉', '増産', '価格改定', '価格転嫁', '値上', '想定以上', '上方修正', '下方修正', '想定以下', '未達', '大幅', '計画を上', '計画を下', '計画以', '需要回復', '需要の回復', '需要が増', '需要が低', '悪化', 'グローバルニッチトップ', 'トップシェア', 'シェア拡大', 'レアアース']
突合除外件数: 0
空欄アラート件数: 0
