============================================
 TDnet auto run: 20260604
 Start: 2026-06-04 23:00:01
============================================

$ C:\Users\onok\AppData\Local\Python\pythoncore-3.14-64\python.exe -u ①_tdnetアクセスしてダウンロードする処理（月日付別フォルダ保存）.py --target 20260604 --save-root G:\マイドライブ\TDnet_Downloads
🎯 対象指定: 20260604（mode=day, from=20260604, to=20260604）
📁 保存ルート: G:\マイドライブ\TDnet_Downloads

============================================================
📅 日付: 20260604 を処理します
   ...Page 001 を確認中
   ✅ 保存: 8131_2000_ミツウロコGHD_Siamgas and Petrochemicals Public Company Limited の持分法適用関連会社化に関するお知らせ.pdf
   ✅ 保存: 1485_1930_MXS J積極投資_「MAXIS JAPAN 設備・人材積極投資企業200上場投信」の基準価額と市場価格の重要な乖離に関するお知らせ.pdf
   ✅ 保存: 3179_1900_シュッピン_主要株主および主要株主である筆頭株主の異動に関するお知らせ.pdf
   ✅ 保存: 7578_1900_ニチリョク_「2026年3月期計算書類等に係る監査意見不表明に関するお知らせ」に関する補足説明.pdf
   ✅ 保存: 4088_1810_エア・ウォーター_剰余金の配当に関するお知らせ.pdf
   ✅ 保存: 4088_1810_エア・ウォーター_第26期定時株主総会および継続会の開催に関するお知らせ.pdf
   ✅ 保存: 6597_1800_G-HPCシステムズ_(開示事項の経過)特別当座貸越契約の締結に関するお知らせ.pdf
   ✅ 保存: 7551_1800_ウェッズ_(訂正・数値データ訂正)「2026年3月期 決算短信〔日本基準〕(連結)」の一部訂正に関するお知らせ.pdf
   ✅ 保存: 9082_1735_大和自交_主要株主及び主要株主である筆頭株主の異動に関するお知らせ.pdf
   ✅ 保存: 2371_1730_カカクコム_(訂正)Kamgras 1株式会社による公開買付届出書の訂正届出書の提出に伴う公開買付開始公告の訂正に関するお知らせ.pdf
   ✅ 保存: 9760_1730_進学会HD_株主優待制度の内容変更に関するお知らせ.pdf
   ✅ 保存: 9760_1730_進学会HD_定時株主総会後の役員体制に関するお知らせ.pdf
   ✅ 保存: 4792_1650_山田コンサル_当社従業員(執行役員)に対するストック・オプション(新株予約権)の発行内容確定に関するお知らせ.pdf
   ✅ 保存: 8084_1645_RYODEN_自己株式の取得及び自己株式立会外買付取引(ToSTNeT-3)による自己株式の買付けに関するお知らせ.pdf
   ✅ 保存: 1447_1630_G-SAAFHD_剰余金の配当に関するお知らせ.pdf
   ✅ 保存: 1447_1630_G-SAAFHD_取締役、監査役および補欠監査役候補者の選任に関するお知らせ.pdf
   ✅ 保存: 1447_1630_G-SAAFHD_株主提案に対する当社取締役会意見に関するお知らせ.pdf
   ✅ 保存: 1447_1630_G-SAAFHD_第8回定時株主総会開催日および配当支払開始予定日の変更に関するお知らせ.pdf
   ✅ 保存: 1945_1600_東京エネシス_支配株主等に関する事項について.pdf
   ✅ 保存: 2884_1600_ヨシムラ・F・HD_株式会社はこだてわいんの株式取得(子会社化)に関するお知らせ.pdf
   ✅ 保存: 3032_1600_ゴルフ・ドゥ_(訂正)「2026年3月期 決算短信[日本基準](連結)」の一部訂正に関するお知らせ.pdf
   ✅ 保存: 3077_1600_ホリイフード_自己株式の取得状況に関するお知らせ.pdf
   ✅ 保存: 3295_1600_R-ヒューリックRE_投資法人債の発行に係る包括決議に関するお知らせ.pdf
   ✅ 保存: 3667_1600_enish_第三者割当により発行された第22回新株予約権(行使価額修正条項付)の大量行使に関するお知らせ.pdf
   ✅ 保存: 4689_1600_LINEヤフー_当社連結子会社によるT&Dフィナンシャル生命保険株式会社の株式の取得(子会社化)に関するお知らせ.pdf
   ✅ 保存: 6837_1600_京写_自己株式の取得状況および取得終了に関するお知らせ.pdf
   ✅ 保存: 6943_1600_NKK_「2026年3月期決算短信〔日本基準〕(連結)」の訂正見込み および定時株主総会の継続会開催方針に関するお知らせ.pdf
   ✅ 保存: 7259_1600_アイシン_自己株式の取得状況に関するお知らせ.pdf
   ✅ 保存: 7677_1600_ヤシマキザイ_(訂正・数値データ訂正)「2026年3月期決算短信〔日本基準〕(連結)」の一部訂正について.pdf
   ✅ 保存: 7984_1600_コクヨ_自己株式の取得状況に関するお知らせ.pdf
   ✅ 保存: 8795_1600_T&DHD_連結子会社(T&Dフィナンシャル生命)の異動(株式譲渡)に関するお知らせ.pdf
   ✅ 保存: 8795_1600_T&DHD_自己株式取得に係る事項の決定に関するお知らせ.pdf
   ✅ 保存: 8960_1600_R-ユナイテド_国内不動産信託受益権及び国内不動産の取得に関するお知らせ(Grand STAY 博多駅北 他3物件).pdf
   ✅ 保存: 9434_1600_ソフトバンク_当社の子会社によるT&Dフィナンシャル生命保険株式会社の株式の取得(子会社化)に関するお知らせ.pdf
   ✅ 保存: 9984_1600_ソフトバンクグループ_当社の子会社によるT&Dフィナンシャル生命保険株式会社の株式の取得(子会社化)に関するお知らせ.pdf
   ✅ 保存: 207A_1530_P-ライジング_東京証券取引所 TOKYO PRO Marketへの上場目的の開示.pdf
   ✅ 保存: 2138_1530_クルーズ_(訂正・数値データ訂正)「2026年3月期 決算短信〔日本基準〕(連結)」の一部訂正について.pdf
   ✅ 保存: 2376_1530_サイネックス_地方創生のプラットフォームへ(令和8年3月決算補足説明会資料).pdf
   ✅ 保存: 2408_1530_KG情報_自己株式の取得結果及び取得終了に関するお知らせ.pdf
   ✅ 保存: 262A_1530_インターメスティック_2026年5月度(2026年12月期)国内月次売上速報.pdf
   ✅ 保存: 2702_1530_マクドナルド_月次IRニュース.pdf
   ✅ 保存: 2735_1530_ワッツ_2026年8月期5月度 月次売上高対前年同月比及び店舗数推移に関するお知らせ.pdf
   ✅ 保存: 2789_1530_カルラ_(第55期) 2026年5月の売上推移速報に関するお知らせ.pdf
   ✅ 保存: 302A_1530_G-ビースタイルHD_2026年3月期 質疑応答集.pdf
   ✅ 保存: 3205_1530_ダイドー_純資産減少割合の確定に関するお知らせ.pdf
   ✅ 保存: 4318_1530_クイック_自己株式の取得状況に関するお知らせ(2026年5月度).pdf
   ✅ 保存: 4570_1530_G-免疫生物研究所_公益財団法人財務会計基準機構への加入状況及び加入に関する考え方等に関するお知らせ.pdf
   ✅ 保存: 4598_1530_G-DELTA-P_DFP-11207の胆道がんに対する医師主導治験の症例登録開始に関するお知らせ.pdf
   ✅ 保存: 5574_1530_G-ABEJA_NEDOが公募した「ポスト5G情報通信システム基盤強化研究開発事業 領域特化生成AI基盤モデルの開発(GENIAC)」に、当社提案が採択.pdf
   ✅ 保存: 5988_1530_パイオラックス_自己株式の取得状況に関するお知らせ.pdf
   ✅ 保存: 6327_1530_北川精機_固定資産(新工場用地)取得に関するお知らせ.pdf
   ✅ 保存: 6328_1530_荏原実業_自己株式の取得状況に関するお知らせ.pdf
   ✅ 保存: 6335_1530_東京機_自己株式の取得状況および取得終了に関するお知らせ.pdf
   ✅ 保存: 6393_1530_油研工_(訂正・数値データ訂正)「2026年3月期決算短信〔日本基準〕(連結)」の一部訂正について.pdf
   ✅ 保存: 6573_1530_G-CRAVIA_子会社による韓国DeepSearch社及びDLGとの業務提携並びに日韓クロスボーダーM&Aプラットフォーム業務開始のお知らせ.pdf
   ✅ 保存: 6654_1530_不二電機工業_2027年1月期第1四半期決算短信[日本基準](非連結).pdf
   ✅ 保存: 6727_1530_ワコム_(経過開示2)株主提案に対する当社取締役会の意見に関するお知らせ.pdf
   ✅ 保存: 6787_1530_メイコー_公益財団法人財務会計基準機構への加入状況及び 加入に関する考え方等に関するお知らせ.pdf
   ✅ 保存: 6841_1530_横河電_自己株式取得状況に関するお知らせ.pdf
   ✅ 保存: 6954_1530_ファナック_自己株式の取得状況に関するお知らせ.pdf
   ✅ 保存: 6961_1530_エンプラス_投資単位の引下げに関する考え方及び方針等について.pdf
   ✅ 保存: 6971_1530_京セラ_自己株式の取得状況に関するお知らせ.pdf
   ✅ 保存: 7067_1530_G-ブランディング_自己株式の取得状況に関するお知らせ.pdf
   ✅ 保存: 7132_1530_P-フローバル_株式分割、定款一部変更及び配当予想の修正に関するお知らせ.pdf
   ✅ 保存: 7409_1530_G-AeroEdge_(開示事項の経過)株式会社オノプラントの株式取得(子会社化)完了に関するお知らせ.pdf
   ✅ 保存: 7752_1530_リコー_自己株式の取得状況に関するお知らせ.pdf
   ✅ 保存: 8425_1530_みずほリース_(訂正・数値データ訂正)「2026年3月期 決算短信〔日本基準〕(連結)」の一部訂正について.pdf
   ✅ 保存: 8725_1530_MS&AD_自己株式の取得状況に関するお知らせ.pdf
   ✅ 保存: 8957_1530_R-東急RE_運用ガイドラインの一部改定に関するお知らせ.pdf
   ✅ 保存: 8975_1530_R-いちごオフィス_ポートフォリオ稼働率速報値(2026年5月末時点)のお知らせ.pdf
   ✅ 保存: 9158_1530_G-シーユーシー_(訂正・数値データ訂正)「2026年3月期 決算短信〔IFRS〕(連結)」の一部訂正に関するお知らせ.pdf
   ✅ 保存: 9166_1530_G-GENDA_自己株式の取得状況および取得終了に関するお知らせ(会社法第165条第2項の規定による定款の定めに基づく自己株式の取得).pdf
   ✅ 保存: 9216_1530_ビーウィズ_当社株式の上場維持基準適合見通しに関するお知らせ.pdf
   ✅ 保存: 9278_1530_ブックオフGHD_2026年5月 月次の売上状況について.pdf
   ✅ 保存: 9433_1530_KDDI_自己株式の取得状況に関するお知らせ.pdf
   ✅ 保存: 3172_1500_ティーライフ_2026年7月期 第3四半期決算短信〔日本基準〕(連結).pdf
   ✅ 保存: 3172_1500_ティーライフ_特別損失(減損損失)の計上及び通期連結業績予想の修正並びに期末配当予想の据え置きに関するお知らせ.pdf
   ✅ 保存: 3202_1500_ダイトウボウ_自己株式の取得結果および取得終了に関するお知らせ.pdf
   ✅ 保存: 501A_1500_P-プレシャスパート_ストック・オプション(新株予約権)の発行に関するお知らせ.pdf
   ✅ 保存: 5302_1500_日カーボン_自己株式の取得状況に関するお知らせ(会社法第165条第2項の規定による定款の定めに基づく自己株式の取得).pdf
   ✅ 保存: 8747_1500_豊トラスティ証券_連結総資産の増加に関するお知らせ.pdf
   ✅ 保存: 1938_1440_日リーテック_定款一部変更に関するお知らせ.pdf
   ✅ 保存: 4838_1430_SSSK HD_自己株式の取得状況に関するお知らせ.pdf
   ✅ 保存: 9824_1400_泉州電業_2026年10月期 第2四半期(中間期)決算短信〔日本基準〕(連結).pdf
   ✅ 保存: 9824_1400_泉州電業_2026年10月期第2四半期(中間期)個別業績と前期実績値との差異、通期連結業績予想の修正、剰余金の配当(中間配当)及び期末配当予想の修正に関するお知らせ.pdf
   ✅ 保存: 3245_1300_ディア・ライフ_収益不動産の取得に関するお知らせ.pdf
   ✅ 保存: 6994_1300_指月電_その他の関係会社の異動に関するお知らせ.pdf
   ✅ 保存: 7769_1300_リズム_(開示事項の経過)連結子会社間の合併完了に関するお知らせ.pdf
   ✅ 保存: 6331_1230_菱化工機_2026年3月期 決算説明会資料.pdf
   ✅ 保存: 1928_1200_積水ハウス_2027年1月期 第1四半期決算短信〔日本基準〕(連結).pdf
   ✅ 保存: 3905_1200_G-データセクション_固定資産(NVIDIA製B200を搭載したGPUサーバー)の取得に関するお知らせ.pdf
   ✅ 保存: 428A_1200_サイプレスHD_2026年8月期5月度売上速報についてのお知らせ.pdf
   ✅ 保存: 4523_1200_エーザイ_無担保社債の発行について.pdf
   ✅ 保存: 6180_1200_G-GMOメディア_自己株式の取得状況に関するお知らせ.pdf
   ✅ 保存: 6696_1200_G-トラースOP_2027年1月期 第1四半期決算短信〔日本基準〕(連結).pdf
   ✅ 保存: 6696_1200_G-トラースOP_2027年1月期 第1四半期決算説明資料.pdf
   ✅ 保存: 8914_1200_エリアリンク_2026年5月度 月次実績.pdf
   ...Page 002 を確認中
   ✅ 保存: 9475_1200_昭文社HD_自己株式の取得状況に関するお知らせ.pdf
   ✅ 保存: 1326_1150_E-ワールド_SPDRゴールド・シェアに関する日々の開示事項.pdf
   ✅ 保存: 3197_1130_すかいらーくHD_2026年5月度 すかいらーくグループIRレポート.pdf
   ✅ 保存: 4680_1130_ラウンドワン_第47期(2027年3月期)5月の売上の状況に関するお知らせ(速報).pdf
   ✅ 保存: 8167_1130_リテールパートナーズ_自己株式の取得状況に関するお知らせ.pdf
   ✅ 保存: 2722_1030_IKホールディングス_2026年5月度連結月次情報のお知らせ.pdf
   ✅ 保存: 3355_1030_クリヤマHD_当社子会社に対する訴訟の和解及び特別損失の計上に関するお知らせ.pdf
   ✅ 保存: 4272_1030_日化薬_自己株式の取得状況に関するお知らせ.pdf
   ✅ 保存: 2926_1010_篠崎屋_2026年9月期 5月度月次店舗売上のお知らせ.pdf
   ✅ 保存: 6858_1000_小野測器_自己株式の取得状況及び取得終了に関するお知らせ.pdf
   ✅ 保存: 7049_1000_G-識学_2027年2月期プラットフォームサービス月次売上高(5月度)のお知らせ.pdf
   ✅ 保存: 9857_1000_英和_2026年3月期 決算説明会資料.pdf
   ✅ 保存: 9982_1000_タキヒヨー_自己株式の取得状況に関するお知らせ.pdf
   ✅ 保存: 2338_0900_クオンタムS_当社グループ保有暗号資産ETHの一部売却方針決定に関するお知らせ.pdf
   ✅ 保存: 6961_0900_エンプラス_本社機能の移転予定及び定款一部変更に関するお知らせ.pdf
   ✅ 保存: 6890_0845_フェローテック_2026年3月期 アナリスト・機関投資家向け決算説明会 質疑応答に関するお知らせ.pdf
   ✅ 保存: 2730_0810_エディオン_当社に関する一部報道について.pdf
   ✅ 保存: 9831_0810_ヤマダHD_当社に関する一部報道について.pdf
   ...Page 003 を確認中
   📝 一覧CSV保存: TDnet_Sorted_20260604.csv
   📝 一覧CSV保存（ルート）: TDnet_Sorted_20260604.csv
   📊 日別統計: page_access=3, pdf_success=115, excluded=26

============================================================
✅ ①完了（範囲取得）
   期間: 20260604 ～ 20260604 （mode=day）
   一覧ページアクセス合計: 3
   PDFダウンロード成功合計: 115
   除外件数合計: 26
   保存ルート: G:\マイドライブ\TDnet_Downloads

$ C:\Users\onok\AppData\Local\Python\pythoncore-3.14-64\python.exe -u ②a②bは２つフリーワード検索.py analyze --target 20260604 --save-root G:\マイドライブ\TDnet_Downloads --keywords 価格交渉 増産 価格改定 価格転嫁 値上 想定以上 上方修正 下方修正 想定以下 未達 大幅 計画を上 計画を下 計画以 需要回復 需要の回復 需要が増 需要が低 悪化 グローバルニッチトップ トップシェア シェア拡大 レアアース
ルート: G:\マイドライブ\TDnet_Downloads
対象指定: 20260604 mode= day from= 20260604 to= 20260604
対象フォルダ数: 1
検索キーワード: ['価格交渉', '増産', '価格改定', '価格転嫁', '値上', '想定以上', '上方修正', '下方修正', '想定以下', '未達', '大幅', '計画を上', '計画を下', '計画以', '需要回復', '需要の回復', '需要が増', '需要が低', '悪化', 'グローバルニッチトップ', 'トップシェア', 'シェア拡大', 'レアアース']
総PDF数（推定）: 115
[1/1] 日付フォルダ 20260604 を処理中... (このフォルダ内PDF数: 115)
  進捗: 50/115 件のPDFを解析済み
  進捗: 100/115 件のPDFを解析済み
  進捗: 115/115 件のPDFを解析済み
  → 日付フォルダ 20260604 のヒットPDF数: 9

✅ ②A 完了（解析専用・キーワード別ページ列）
解析PDF数: 115
ヒットPDF数: 9
出力CSV: Analysis_Hits_free_word_20260604.csv
保存先: G:\マイドライブ\TDnet_Downloads

$ C:\Users\onok\AppData\Local\Python\pythoncore-3.14-64\python.exe -u ②a②bは２つフリーワード検索.py distribute --target 20260604 --save-root G:\マイドライブ\TDnet_Downloads --no-stop-on-empty-meta

✅ ②B 完了（配布用CSV作成・キーワード別ページ列）
出力: PDF_Search_Result_Distribution_free_word_20260604_sh.csv
キーワード列: ['価格交渉', '増産', '価格改定', '価格転嫁', '値上', '想定以上', '上方修正', '下方修正', '想定以下', '未達', '大幅', '計画を上', '計画を下', '計画以', '需要回復', '需要の回復', '需要が増', '需要が低', '悪化', 'グローバルニッチトップ', 'トップシェア', 'シェア拡大', 'レアアース']
突合除外件数: 0
空欄アラート件数: 0

============================================
 Done: 2026-06-04 23:02:18
============================================
